 Process in group number            1
 A PDF is used, so alpha_s(MZ) is going to be modified
 Old value of alpha_s from param_card:   0.11839999999999999     
  ****************************************
 
       NNPDFDriver version 1.0.3
   Grid: NNPDF23_lo_as_0130_qed_mem0.grid
  ****************************************
 New value of alpha_s from PDF nn23lo1:  0.13000000000000000     
 Define smin to   0.0000000000000000     
 Define smin to   0.0000000000000000     
 Define smin to   0.0000000000000000     
 Define smin to   0.0000000000000000     
 Define smin to   0.0000000000000000     
 Define smin to   0.0000000000000000     
 Define smin to   0.0000000000000000     
 Define smin to   0.0000000000000000     
 Define smin to   0.0000000000000000     
 Define smin to   0.0000000000000000     
 Define smin to   0.0000000000000000     
 Define smin to   0.0000000000000000     
 Define smin to   0.0000000000000000     
 Define smin to   0.0000000000000000     
 Define smin to   0.0000000000000000     
 Define smin to   0.0000000000000000     
 Define smin to   0.0000000000000000     
 Define smin to   0.0000000000000000     
 Define smin to   0.0000000000000000     
 Define smin to   0.0000000000000000     
 Define smin to   0.0000000000000000     
 Define smin to   0.0000000000000000     
 Define smin to   0.0000000000000000     
 Define smin to   0.0000000000000000     
 Define smin to   0.0000000000000000     
 Define smin to   0.0000000000000000     
 Define smin to   0.0000000000000000     
 Define smin to   0.0000000000000000     
 Define smin to   0.0000000000000000     
 Define smin to   0.0000000000000000     
 Define smin to   0.0000000000000000     
 Define smin to   0.0000000000000000     
 Define smin to   0.0000000000000000     
 Define smin to   0.0000000000000000     
 Define smin to   0.0000000000000000     
 Define smin to   0.0000000000000000     
 Define smin to   0.0000000000000000     
 Define smin to   0.0000000000000000     
 Define smin to   0.0000000000000000     
 Define smin to   0.0000000000000000     
 Warning: pt or E min of a jet should in general be >0
 Warning: pt or E min of a jet should in general be >0
 Warning: pt or E min of a jet should in general be >0
 Warning: pt or E min of a jet should in general be >0
 *****************************************************
 *               MadGraph/MadEvent                   *
 *        --------------------------------           *
 *          http://madgraph.hep.uiuc.edu             *
 *          http://madgraph.phys.ucl.ac.be           *
 *          http://madgraph.roma2.infn.it            *
 *        --------------------------------           *
 *                                                   *
 *          PARAMETER AND COUPLING VALUES            *
 *                                                   *
 *****************************************************

  External Params
  ---------------------------------
  
 mdl_cabi =   0.22773599999999999     
 mdl_rhoH =    5.0000000000000003E-002
 mdl_Lambda =    5000.0000000000000     
 mdl_fW =    0.0000000000000000     
 mdl_fWW =    9000.0000000000000     
 mdl_fB =    0.0000000000000000     
 mdl_fBB =    0.0000000000000000     
 aEWM1 =    127.90000000000001     
 mdl_Gf =    1.1663700000000000E-005
 aS =   0.11839999999999999     
 mdl_ymb =    4.7000000000000002     
 mdl_ymt =    172.00000000000000     
 mdl_ymtau =    1.7769999999999999     
 mdl_MZ =    91.187600000000003     
 mdl_MTA =    1.7769999999999999     
 mdl_MT =    172.00000000000000     
 mdl_MB =    4.7000000000000002     
 mdl_MH =    125.00000000000000     
 mdl_MHH =    900.00000000000000     
 mdl_WZ =    2.4952000000000001     
 mdl_WW =    2.0850000000000000     
 mdl_WT =    1.5083359999999999     
 mdl_WH =    4.0699999999999998E-003
 mdl_WHH =    32.178199999999997     
  Internal Params
  ---------------------------------
  
 mdl_cos__cabi =   0.97418004031982097     
 mdl_CKM1x1 =  ( 0.97418004031982097     ,  0.0000000000000000     )
 mdl_sin__cabi =   0.22577256042856930     
 mdl_CKM1x2 =  ( 0.22577256042856930     ,  0.0000000000000000     )
 mdl_CKM2x1 =  (-0.22577256042856930     ,  0.0000000000000000     )
 mdl_CKM2x2 =  ( 0.97418004031982097     ,  0.0000000000000000     )
 mdl_MZ__exp__2 =    8315.1783937600012     
 mdl_MZ__exp__4 =    69142191.720053151     
 mdl_sqrt__2 =    1.4142135623730951     
 mdl_Lambda__exp__2 =    25000000.000000000     
 mdl_MH__exp__2 =    15625.000000000000     
 mdl_complexi =  (  0.0000000000000000     ,  1.0000000000000000     )
 mdl_conjg__CKM1x1 =  ( 0.97418004031982097     , -0.0000000000000000     )
 mdl_conjg__CKM1x2 =  ( 0.22577256042856930     , -0.0000000000000000     )
 mdl_conjg__CKM2x1 =  (-0.22577256042856930     , -0.0000000000000000     )
 mdl_conjg__CKM2x2 =  ( 0.97418004031982097     , -0.0000000000000000     )
 mdl_aEW =    7.8186082877247844E-003
 mdl_MW =    79.824359746197842     
 mdl_sqrt__aEW =    8.8422894590285753E-002
 mdl_ee =   0.31345100004952897     
 mdl_MW__exp__2 =    6371.9284088904105     
 mdl_sw2 =   0.23369913342182447     
 mdl_cw =   0.87538612427783857     
 mdl_sqrt__sw2 =   0.48342438232036300     
 mdl_sw =   0.48342438232036300     
 mdl_g1 =   0.35807170271074895     
 mdl_gw =   0.64839716719502682     
 mdl_vev =    246.22056907348590     
 mdl_gHWW =    2.5878944366295706     
 mdl_gHWW1 =    0.0000000000000000     
 mdl_gHWW2 =   -9.3164199718664563E-004
 mdl_cw__exp__2 =   0.76630086657817542     
 mdl_gHZZ =    1.6885629062286611     
 mdl_sw__exp__2 =   0.23369913342182450     
 mdl_gHZZ1 =    0.0000000000000000     
 mdl_cw__exp__4 =   0.58721701811846261     
 mdl_sw__exp__4 =    5.4615284962111724E-002
 mdl_gHZZ2 =   -3.5695903489237421E-004
 mdl_vev__exp__2 =    60624.568634871241     
 mdl_lam =   0.12886689630821144     
 mdl_yb =    2.6995322804122722E-002
 mdl_yt =   0.98791394091683138     
 mdl_ytau =    1.0206529494239589E-002
 mdl_muH =    88.388347648318444     
 mdl_I1a33 =  (  2.6995322804122722E-002,  0.0000000000000000     )
 mdl_I2a33 =  ( 0.98791394091683138     ,  0.0000000000000000     )
 mdl_I3a33 =  ( 0.98791394091683138     ,  0.0000000000000000     )
 mdl_I4a33 =  (  2.6995322804122722E-002,  0.0000000000000000     )
 mdl_ee__exp__2 =    9.8251529432049817E-002
  Internal Params evaluated point by point
  ----------------------------------------
  
 mdl_sqrt__aS =   0.34409301068170506     
 mdl_G__exp__2 =    1.4878582807401259     
  Couplings of SMwithHeavyScalarDim4Dim6_NoDecay_UFO
  ---------------------------------
  
        GC_13 =   0.00000E+00   0.25879E+01
        GC_14 =  -0.00000E+00  -0.00000E+00
        GC_15 =  -0.00000E+00  -0.18633E-02
        GC_16 =   0.00000E+00   0.33771E+01
        GC_17 =  -0.00000E+00  -0.00000E+00
        GC_18 =  -0.00000E+00  -0.14278E-02
        GC_33 =   0.00000E+00   0.44665E+00
        GC_34 =   0.00000E+00   0.10351E+00
        GC_35 =  -0.00000E+00  -0.10351E+00
        GC_36 =   0.00000E+00   0.44665E+00
        GC_37 =  -0.00000E+00  -0.28380E+00
        GC_38 =   0.00000E+00   0.28380E+00
        GC_45 =  -0.00000E+00  -0.28850E-01
        GC_46 =   0.00000E+00   0.86550E-01
        GC_77 =   0.00000E+00   0.44665E+00
        GC_78 =   0.00000E+00   0.10351E+00
        GC_79 =   0.00000E+00  -0.10351E+00
        GC_80 =   0.00000E+00   0.44665E+00

 Collider parameters:
 --------------------

 Running at P P   machine @    13000.000000000000       GeV
 PDF set = nn23lo1
 alpha_s(Mz)= 0.1300 running at 2 loops.
 alpha_s(Mz)= 0.1300 running at 2 loops.
 Renormalization scale set on event-by-event basis
 Factorization   scale set on event-by-event basis


 getting user params
Enter number of events and max and min iterations: 
 Number of events and iterations         1000           5           3
Enter desired fractional accuracy: 
 Desired fractional accuracy:   0.10000000000000001     
Enter 0 for fixed, 2 for adjustable grid: 
Suppress amplitude (0 no, 1 yes)? 
 Using suppressed amplitude.
Exact helicity sum (0 yes, n = number/event)? 
 Explicitly summing over helicities
Enter Configuration Number: 
Running Configuration Number:    1
 Using dconfig=         206
 BW Setting            2           2           1           1           2           0
 Attempting mappinvarients           1           8
 Completed mapping           8
 about to integrate           16        1000           5           3          16           1
 Using non-zero grid deformation.
 16 dimensions   1000 events 16 invarients  5 iterations  1 config(s),  (0.99)
 Using h-tuple random number sequence.
 fail to read data
 Error opening grid
 Using Uniform Grid!          32
 Using uniform alpha   1.0000000000000000     
 Grid defined OK
 Set CM energy to      13000.00
 Mapping Graph           1  to config           1
Setting grid   1    0.59172E-08   1
Setting grid   2    0.59172E-08   1
 Setting BW          -3           3   900.00000000000000     
 Setting BW          -4           4   91.187600000000003     
Setting grid   5    0.59172E-08   1
 Warning: No minimum found for integration
          Setting minimum to    5.9171597633136107E-009
 Transforming s_hat 1/s           15   5.9171597633136107E-009   0.0000000000000000        168999999.99999997     
 Masses: 0.000E+00 0.000E+00 0.000E+00 0.000E+00 0.000E+00 0.000E+00 0.000E+00 0.000E+00
   1   1   2   3   4   5   6   7   8   9  10  11  12  13  14
  15  16
 Got moffset           1
Using random seed offsets     1 :      1
  with seed                  405
 Ranmar initialization seeds       14202       12952
 
 ********************************************
 * You are using the DiscreteSampler module *
 *      part of the MG5_aMC framework       *
 *         Author: Valentin Hirschi         *
 ********************************************
 
  Particle       3       4       5       6       7       8
      Et >     0.0     0.0     0.0     0.0     0.0     0.0
       E >     0.0     0.0     0.0     0.0     0.0     0.0
     Eta <    -1.0    -1.0    -1.0    -1.0    -1.0    -1.0
   xqcut:      0.0     0.0     0.0     0.0     0.0     0.0
d R # 3  >    -0.0     0.0     0.0     0.0     0.0     0.0
d R # 4  >    -0.0    -0.0     0.0     0.0     0.0     0.0
d R # 5  >    -0.0    -0.0    -0.0     0.0     0.0     0.0
d R # 6  >    -0.0    -0.0    -0.0    -0.0     0.0     0.0
d R # 7  >    -0.0    -0.0    -0.0    -0.0    -0.0     0.0
s min # 3>     0.0     0.0     0.0     0.0     0.0     0.0
s min # 4>     0.0     0.0     0.0     0.0     0.0     0.0
s min # 5>     0.0     0.0     0.0     0.0     0.0     0.0
s min # 6>     0.0     0.0     0.0     0.0     0.0     0.0
s min # 7>     0.0     0.0     0.0     0.0     0.0     0.0
xqcutij # 3>     0.0     0.0     0.0     0.0     0.0     0.0
xqcutij # 4>     0.0     0.0     0.0     0.0     0.0     0.0
xqcutij # 5>     0.0     0.0     0.0     0.0     0.0     0.0
xqcutij # 6>     0.0     0.0     0.0     0.0     0.0     0.0
xqcutij # 7>     0.0     0.0     0.0     0.0     0.0     0.0
 Excluding BW           -1           1
 Excluding BW           -2           2
 Requiring BW           -3           3
 Requiring BW           -4           4
 Excluding BW           -5           5
 alpha_s for scale    3.1327437678957635       is   0.31263873968674050     
 Added good helicity            1   27.621934637555412       in event            1 local:           1
 Added good helicity            6   2.5786477182706644       in event            1 local:           1
 Added good helicity            7   3.8755872987838074       in event            1 local:           1
 Added good helicity           10   3.8755872987838069       in event            1 local:           1
 Added good helicity           11   2.5786477182706635       in event            1 local:           1
 Added good helicity           16   1.1595008869044188       in event            1 local:           1
 Added good helicity           49   5.2012613049657919       in event            1 local:           1
 Added good helicity           54  0.48556412764600393       in event            1 local:           1
 Added good helicity           55  0.72978024586930701       in event            1 local:           1
 Added good helicity           58  0.72978024586930690       in event            1 local:           1
 Added good helicity           59  0.48556412764600371       in event            1 local:           1
 Added good helicity           64  0.21833615839238732       in event            1 local:           1
 Added good helicity          193   32.963334089370406       in event            1 local:           1
 Added good helicity          198   3.0772944528143062       in event            1 local:           1
 Added good helicity          199   4.6250300928826462       in event            1 local:           1
 Added good helicity          202   4.6250300928826453       in event            1 local:           1
 Added good helicity          203   3.0772944528143054       in event            1 local:           1
 Added good helicity          208   1.3837197000671160       in event            1 local:           1
 Added good helicity          241   103.82803667131350       in event            1 local:           1
 Added good helicity          246   9.6928739195184939       in event            1 local:           1
 Added good helicity          247   14.567937599631316       in event            1 local:           1
 Added good helicity          250   14.567937599631309       in event            1 local:           1
 Added good helicity          251   9.6928739195184903       in event            1 local:           1
 Added good helicity          256   4.3584456405978633       in event            1 local:           1
 Added good helicity            1   27.621934637555292       in event            1 local:           1
 Added good helicity            6   2.5786477182706489       in event            1 local:           1
 Added good helicity            7   3.8755872987837794       in event            1 local:           1
 Added good helicity           10   3.8755872987837789       in event            1 local:           1
 Added good helicity           11   2.5786477182706475       in event            1 local:           1
 Added good helicity           16   1.1595008869044143       in event            1 local:           1
 Added good helicity           49   5.2012613049658851       in event            1 local:           1
 Added good helicity           54  0.48556412764601214       in event            1 local:           1
 Added good helicity           55  0.72978024586931789       in event            1 local:           1
 Added good helicity           58  0.72978024586931789       in event            1 local:           1
 Added good helicity           59  0.48556412764601159       in event            1 local:           1
 Added good helicity           64  0.21833615839239140       in event            1 local:           1
 Added good helicity          193   32.963334089371067       in event            1 local:           1
 Added good helicity          198   3.0772944528143631       in event            1 local:           1
 Added good helicity          199   4.6250300928827235       in event            1 local:           1
 Added good helicity          202   4.6250300928827253       in event            1 local:           1
 Added good helicity          203   3.0772944528143613       in event            1 local:           1
 Added good helicity          208   1.3837197000671442       in event            1 local:           1
 Added good helicity          241   103.82803667131297       in event            1 local:           1
 Added good helicity          246   9.6928739195184370       in event            1 local:           1
 Added good helicity          247   14.567937599631202       in event            1 local:           1
 Added good helicity          250   14.567937599631204       in event            1 local:           1
 Added good helicity          251   9.6928739195184246       in event            1 local:           1
 Added good helicity          256   4.3584456405978438       in event            1 local:           1
 Warning: Too low fact scales:    1.2110763301674325        1.2110763301674325     
 Warning: Too low fact scales:    1.2110763301674325        1.2110763301674325     
 Warning: Too low fact scales:    1.2110763301674325        1.2110763301674325     
 Warning: Too low fact scales:    1.2110763301674325        1.2110763301674325     
 Warning: Too low fact scales:    1.2110763301674325        1.2110763301674325     
 Warning: Too low fact scales:    1.2110763301674325        1.2110763301674325     
 Warning: Too low fact scales:    1.2110763301674325        1.2110763301674325     
 Warning: Too low fact scales:    1.2110763301674325        1.2110763301674325     
 Warning: Too low fact scales:    1.2110763301674325        1.2110763301674325     
 Warning: Too low fact scales:    1.2110763301674325        1.2110763301674325     
 Warning: Too low fact scales:    1.2110763301674325        1.2110763301674325     
 No more warnings written out this run.
 RESET CUMULATIVE VARIABLE
 RESET CUMULATIVE VARIABLE
 RESET CUMULATIVE VARIABLE
 Iteration  1   Mean: 0.6940E-32 Abs mean: 0.6940E-32   Fluctuation:  0.671E-32   0.671E-29    26.2%
  1    0.6940E-32 0.6940E-32 +- 0.6714E-32     30.59
 Writing out events   5.2881505291462923E-036   30.592845004057637     
 Relative summed weights:
  0.1343E-06  0.1385E-05  0.6636E-05  0.1528E-06  0.7154E-13  0.8637E-13  0.0000E+00  0.0000E+00  0.0000E+00  0.0000E+00  0.0000E+00  0.0000E+00  0.0000E+00  0.0000E+00  0.2375E-07  0.7862E-03  0.0000E+00  0.0000E+00  0.0000E+00  0.0000E+00  0.0000E+00  0.0000E+00  0.0000E+00  0.0000E+00  0.4790E-07  0.3431E-09  0.0000E+00  0.0000E+00  0.0000E+00  0.0000E+00  0.0000E+00  0.0000E+00  0.0000E+00  0.0000E+00  0.3106E-08  0.6594E-14  0.1999E-02  0.2742E-11  0.1211E-06  0.8741E-04  0.5228E-08  0.2993E-01  0.9614E-11  0.5384E-10  0.2600E-08  0.7932E-11  0.0000E+00  0.0000E+00  0.0000E+00  0.0000E+00  0.0000E+00  0.0000E+00  0.0000E+00  0.0000E+00  0.5433E-15  0.6487E-11  0.0000E+00  0.0000E+00  0.0000E+00  0.0000E+00  0.0000E+00  0.0000E+00  0.0000E+00  0.0000E+00  0.7307E-08  0.7154E-05  0.0000E+00  0.0000E+00  0.0000E+00  0.0000E+00  0.0000E+00  0.0000E+00  0.0000E+00  0.0000E+00  0.3706E-14  0.7711E-08  0.1457E-14  0.6090E-05  0.1094E-07  0.1595E-08
  0.3573E-17  0.2311E-07  0.0000E+00  0.0000E+00  0.0000E+00  0.0000E+00  0.0000E+00  0.0000E+00  0.0000E+00  0.0000E+00  0.0000E+00  0.0000E+00  0.0000E+00  0.0000E+00  0.0000E+00  0.0000E+00  0.0000E+00  0.0000E+00  0.0000E+00  0.0000E+00  0.0000E+00  0.0000E+00  0.0000E+00  0.0000E+00  0.0000E+00  0.0000E+00  0.0000E+00  0.0000E+00  0.0000E+00  0.0000E+00  0.0000E+00  0.0000E+00  0.0000E+00  0.0000E+00  0.0000E+00  0.0000E+00  0.1120E-08  0.9669E+00  0.0000E+00  0.0000E+00  0.1236E-11  0.1814E-11  0.0000E+00  0.0000E+00  0.0000E+00  0.0000E+00  0.0000E+00  0.0000E+00  0.0000E+00  0.0000E+00  0.0000E+00  0.0000E+00  0.0000E+00  0.0000E+00  0.0000E+00  0.0000E+00  0.0000E+00  0.0000E+00  0.0000E+00  0.0000E+00  0.0000E+00  0.0000E+00  0.0000E+00  0.0000E+00  0.0000E+00  0.0000E+00  0.0000E+00  0.0000E+00  0.0000E+00  0.0000E+00  0.0000E+00  0.0000E+00  0.0000E+00  0.0000E+00  0.0000E+00  0.0000E+00  0.2989E-03  0.7953E-15  0.0000E+00  0.0000E+00
 Relative number of events:
  0.1190E-01  0.1587E-01  0.1984E-01  0.1786E-01  0.2083E-01  0.1290E-01  0.0000E+00  0.0000E+00  0.0000E+00  0.0000E+00  0.0000E+00  0.0000E+00  0.0000E+00  0.0000E+00  0.2679E-01  0.3373E-01  0.0000E+00  0.0000E+00  0.0000E+00  0.0000E+00  0.0000E+00  0.0000E+00  0.0000E+00  0.0000E+00  0.3075E-01  0.2877E-01  0.0000E+00  0.0000E+00  0.0000E+00  0.0000E+00  0.0000E+00  0.0000E+00  0.0000E+00  0.0000E+00  0.2183E-01  0.1389E-01  0.2282E-01  0.2778E-01  0.3869E-01  0.2480E-01  0.1687E-01  0.1786E-01  0.2083E-01  0.2679E-01  0.3175E-01  0.2579E-01  0.0000E+00  0.0000E+00  0.0000E+00  0.0000E+00  0.0000E+00  0.0000E+00  0.0000E+00  0.0000E+00  0.2877E-01  0.2778E-01  0.0000E+00  0.0000E+00  0.0000E+00  0.0000E+00  0.0000E+00  0.0000E+00  0.0000E+00  0.0000E+00  0.2877E-01  0.4167E-01  0.0000E+00  0.0000E+00  0.0000E+00  0.0000E+00  0.0000E+00  0.0000E+00  0.0000E+00  0.0000E+00  0.2877E-01  0.2579E-01  0.3571E-01  0.3571E-01  0.3968E-01  0.5060E-01
  0.8929E-02  0.7937E-02  0.0000E+00  0.0000E+00  0.0000E+00  0.0000E+00  0.0000E+00  0.0000E+00  0.0000E+00  0.0000E+00  0.0000E+00  0.0000E+00  0.0000E+00  0.0000E+00  0.0000E+00  0.0000E+00  0.0000E+00  0.0000E+00  0.0000E+00  0.0000E+00  0.0000E+00  0.0000E+00  0.0000E+00  0.0000E+00  0.0000E+00  0.0000E+00  0.0000E+00  0.0000E+00  0.0000E+00  0.0000E+00  0.0000E+00  0.0000E+00  0.0000E+00  0.0000E+00  0.0000E+00  0.0000E+00  0.2183E-01  0.1885E-01  0.0000E+00  0.0000E+00  0.1488E-01  0.1587E-01  0.0000E+00  0.0000E+00  0.0000E+00  0.0000E+00  0.0000E+00  0.0000E+00  0.0000E+00  0.0000E+00  0.0000E+00  0.0000E+00  0.0000E+00  0.0000E+00  0.0000E+00  0.0000E+00  0.0000E+00  0.0000E+00  0.0000E+00  0.0000E+00  0.0000E+00  0.0000E+00  0.0000E+00  0.0000E+00  0.0000E+00  0.0000E+00  0.0000E+00  0.0000E+00  0.0000E+00  0.0000E+00  0.0000E+00  0.0000E+00  0.0000E+00  0.0000E+00  0.0000E+00  0.0000E+00  0.2381E-01  0.3571E-01  0.0000E+00  0.0000E+00
 Events:
          12          16          20          18          21          13           0           0           0           0           0           0           0           0          27          34           0           0           0           0           0           0           0           0          31          29           0           0           0           0           0           0           0           0          22          14          23          28          39          25          17          18          21          27          32          26           0           0           0           0           0           0           0           0          29          28           0           0           0           0           0           0           0           0          29          42           0           0           0           0           0           0           0           0          29          26          36          36          40          51
           9           8           0           0           0           0           0           0           0           0           0           0           0           0           0           0           0           0           0           0           0           0           0           0           0           0           0           0           0           0           0           0           0           0           0           0          22          19           0           0          15          16           0           0           0           0           0           0           0           0           0           0           0           0           0           0           0           0           0           0           0           0           0           0           0           0           0           0           0           0           0           0           0           0           0           0          24          36           0           0
 Iteration  2   Mean: 0.1517E-29 Abs mean: 0.1517E-29   Fluctuation:  0.151E-29   0.302E-26    99.5%
  2    0.1517E-29 0.1517E-29 +- 0.1512E-29     44.59
 Relative summed weights:
  0.4481E-09  0.1683E-11  0.4332E-05  0.9450E-12  0.8372E-11  0.1028E-09  0.0000E+00  0.0000E+00  0.0000E+00  0.0000E+00  0.0000E+00  0.0000E+00  0.0000E+00  0.0000E+00  0.2543E-09  0.1625E-08  0.0000E+00  0.0000E+00  0.0000E+00  0.0000E+00  0.0000E+00  0.0000E+00  0.0000E+00  0.0000E+00  0.6497E-03  0.1304E-11  0.0000E+00  0.0000E+00  0.0000E+00  0.0000E+00  0.0000E+00  0.0000E+00  0.0000E+00  0.0000E+00  0.1280E-07  0.5676E-08  0.1064E-10  0.3982E-10  0.8969E-10  0.1101E-05  0.2256E-10  0.9971E+00  0.1863E-09  0.3457E-05  0.1642E-03  0.5835E-07  0.0000E+00  0.0000E+00  0.0000E+00  0.0000E+00  0.0000E+00  0.0000E+00  0.0000E+00  0.0000E+00  0.9794E-12  0.1920E-02  0.0000E+00  0.0000E+00  0.0000E+00  0.0000E+00  0.0000E+00  0.0000E+00  0.0000E+00  0.0000E+00  0.8199E-11  0.1707E-07  0.0000E+00  0.0000E+00  0.0000E+00  0.0000E+00  0.0000E+00  0.0000E+00  0.0000E+00  0.0000E+00  0.1916E-06  0.2485E-07  0.4332E-10  0.1095E-04  0.2210E-05  0.8263E-05
  0.4218E-12  0.8207E-10  0.0000E+00  0.0000E+00  0.0000E+00  0.0000E+00  0.0000E+00  0.0000E+00  0.0000E+00  0.0000E+00  0.0000E+00  0.0000E+00  0.0000E+00  0.0000E+00  0.0000E+00  0.0000E+00  0.0000E+00  0.0000E+00  0.0000E+00  0.0000E+00  0.0000E+00  0.0000E+00  0.0000E+00  0.0000E+00  0.0000E+00  0.0000E+00  0.0000E+00  0.0000E+00  0.0000E+00  0.0000E+00  0.0000E+00  0.0000E+00  0.0000E+00  0.0000E+00  0.0000E+00  0.0000E+00  0.1029E-04  0.7160E-04  0.0000E+00  0.0000E+00  0.3473E-07  0.3686E-11  0.0000E+00  0.0000E+00  0.0000E+00  0.0000E+00  0.0000E+00  0.0000E+00  0.0000E+00  0.0000E+00  0.0000E+00  0.0000E+00  0.0000E+00  0.0000E+00  0.0000E+00  0.0000E+00  0.0000E+00  0.0000E+00  0.0000E+00  0.0000E+00  0.0000E+00  0.0000E+00  0.0000E+00  0.0000E+00  0.0000E+00  0.0000E+00  0.0000E+00  0.0000E+00  0.0000E+00  0.0000E+00  0.0000E+00  0.0000E+00  0.0000E+00  0.0000E+00  0.0000E+00  0.0000E+00  0.3225E-07  0.5558E-04  0.0000E+00  0.0000E+00
 Relative number of events:
  0.1200E-01  0.1750E-01  0.2350E-01  0.2100E-01  0.2550E-01  0.2650E-01  0.0000E+00  0.0000E+00  0.0000E+00  0.0000E+00  0.0000E+00  0.0000E+00  0.0000E+00  0.0000E+00  0.2850E-01  0.2950E-01  0.0000E+00  0.0000E+00  0.0000E+00  0.0000E+00  0.0000E+00  0.0000E+00  0.0000E+00  0.0000E+00  0.3100E-01  0.2200E-01  0.0000E+00  0.0000E+00  0.0000E+00  0.0000E+00  0.0000E+00  0.0000E+00  0.0000E+00  0.0000E+00  0.2200E-01  0.2550E-01  0.2950E-01  0.2250E-01  0.4050E-01  0.3800E-01  0.1450E-01  0.1250E-01  0.2150E-01  0.3350E-01  0.2350E-01  0.2450E-01  0.0000E+00  0.0000E+00  0.0000E+00  0.0000E+00  0.0000E+00  0.0000E+00  0.0000E+00  0.0000E+00  0.2450E-01  0.2650E-01  0.0000E+00  0.0000E+00  0.0000E+00  0.0000E+00  0.0000E+00  0.0000E+00  0.0000E+00  0.0000E+00  0.2100E-01  0.2250E-01  0.0000E+00  0.0000E+00  0.0000E+00  0.0000E+00  0.0000E+00  0.0000E+00  0.0000E+00  0.0000E+00  0.2400E-01  0.2700E-01  0.3300E-01  0.3250E-01  0.3600E-01  0.4350E-01
  0.1400E-01  0.2000E-01  0.0000E+00  0.0000E+00  0.0000E+00  0.0000E+00  0.0000E+00  0.0000E+00  0.0000E+00  0.0000E+00  0.0000E+00  0.0000E+00  0.0000E+00  0.0000E+00  0.0000E+00  0.0000E+00  0.0000E+00  0.0000E+00  0.0000E+00  0.0000E+00  0.0000E+00  0.0000E+00  0.0000E+00  0.0000E+00  0.0000E+00  0.0000E+00  0.0000E+00  0.0000E+00  0.0000E+00  0.0000E+00  0.0000E+00  0.0000E+00  0.0000E+00  0.0000E+00  0.0000E+00  0.0000E+00  0.2650E-01  0.2300E-01  0.0000E+00  0.0000E+00  0.1500E-01  0.1300E-01  0.0000E+00  0.0000E+00  0.0000E+00  0.0000E+00  0.0000E+00  0.0000E+00  0.0000E+00  0.0000E+00  0.0000E+00  0.0000E+00  0.0000E+00  0.0000E+00  0.0000E+00  0.0000E+00  0.0000E+00  0.0000E+00  0.0000E+00  0.0000E+00  0.0000E+00  0.0000E+00  0.0000E+00  0.0000E+00  0.0000E+00  0.0000E+00  0.0000E+00  0.0000E+00  0.0000E+00  0.0000E+00  0.0000E+00  0.0000E+00  0.0000E+00  0.0000E+00  0.0000E+00  0.0000E+00  0.2550E-01  0.2750E-01  0.0000E+00  0.0000E+00
 Events:
          24          35          47          42          51          53           0           0           0           0           0           0           0           0          57          59           0           0           0           0           0           0           0           0          62          44           0           0           0           0           0           0           0           0          44          51          59          45          81          76          29          25          43          67          47          49           0           0           0           0           0           0           0           0          49          53           0           0           0           0           0           0           0           0          42          45           0           0           0           0           0           0           0           0          48          54          66          65          72          87
          28          40           0           0           0           0           0           0           0           0           0           0           0           0           0           0           0           0           0           0           0           0           0           0           0           0           0           0           0           0           0           0           0           0           0           0          53          46           0           0          30          26           0           0           0           0           0           0           0           0           0           0           0           0           0           0           0           0           0           0           0           0           0           0           0           0           0           0           0           0           0           0           0           0           0           0          51          55           0           0
 Iteration  3   Mean: 0.3985E-25 Abs mean: 0.3985E-25   Fluctuation:  0.398E-25   0.159E-21    95.2%
  3    0.3985E-25 0.3985E-25 +- 0.3981E-25     63.17
 Relative summed weights:
  0.2046E-08  0.4509E-08  0.5110E-07  0.5877E-08  0.2802E-05  0.4005E-04  0.0000E+00  0.0000E+00  0.0000E+00  0.0000E+00  0.0000E+00  0.0000E+00  0.0000E+00  0.0000E+00  0.1476E-05  0.2130E-04  0.0000E+00  0.0000E+00  0.0000E+00  0.0000E+00  0.0000E+00  0.0000E+00  0.0000E+00  0.0000E+00  0.2897E-07  0.1020E-07  0.0000E+00  0.0000E+00  0.0000E+00  0.0000E+00  0.0000E+00  0.0000E+00  0.0000E+00  0.0000E+00  0.3863E-04  0.8015E-08  0.3520E-05  0.1030E-03  0.3670E-05  0.6547E-07  0.4554E-04  0.5927E-08  0.4454E-07  0.7289E-03  0.2363E-05  0.7224E-09  0.0000E+00  0.0000E+00  0.0000E+00  0.0000E+00  0.0000E+00  0.0000E+00  0.0000E+00  0.0000E+00  0.5516E-08  0.1776E-03  0.0000E+00  0.0000E+00  0.0000E+00  0.0000E+00  0.0000E+00  0.0000E+00  0.0000E+00  0.0000E+00  0.1920E-07  0.6010E-06  0.0000E+00  0.0000E+00  0.0000E+00  0.0000E+00  0.0000E+00  0.0000E+00  0.0000E+00  0.0000E+00  0.4166E-05  0.3023E-05  0.1130E-06  0.1827E-06  0.9988E+00  0.3444E-07
  0.2591E-09  0.7621E-10  0.0000E+00  0.0000E+00  0.0000E+00  0.0000E+00  0.0000E+00  0.0000E+00  0.0000E+00  0.0000E+00  0.0000E+00  0.0000E+00  0.0000E+00  0.0000E+00  0.0000E+00  0.0000E+00  0.0000E+00  0.0000E+00  0.0000E+00  0.0000E+00  0.0000E+00  0.0000E+00  0.0000E+00  0.0000E+00  0.0000E+00  0.0000E+00  0.0000E+00  0.0000E+00  0.0000E+00  0.0000E+00  0.0000E+00  0.0000E+00  0.0000E+00  0.0000E+00  0.0000E+00  0.0000E+00  0.5918E-07  0.4721E-07  0.0000E+00  0.0000E+00  0.2540E-10  0.4385E-09  0.0000E+00  0.0000E+00  0.0000E+00  0.0000E+00  0.0000E+00  0.0000E+00  0.0000E+00  0.0000E+00  0.0000E+00  0.0000E+00  0.0000E+00  0.0000E+00  0.0000E+00  0.0000E+00  0.0000E+00  0.0000E+00  0.0000E+00  0.0000E+00  0.0000E+00  0.0000E+00  0.0000E+00  0.0000E+00  0.0000E+00  0.0000E+00  0.0000E+00  0.0000E+00  0.0000E+00  0.0000E+00  0.0000E+00  0.0000E+00  0.0000E+00  0.0000E+00  0.0000E+00  0.0000E+00  0.3064E-10  0.7561E-08  0.0000E+00  0.0000E+00
 Relative number of events:
  0.1600E-01  0.1375E-01  0.1925E-01  0.2625E-01  0.2500E-01  0.2700E-01  0.0000E+00  0.0000E+00  0.0000E+00  0.0000E+00  0.0000E+00  0.0000E+00  0.0000E+00  0.0000E+00  0.2950E-01  0.2525E-01  0.0000E+00  0.0000E+00  0.0000E+00  0.0000E+00  0.0000E+00  0.0000E+00  0.0000E+00  0.0000E+00  0.2725E-01  0.2625E-01  0.0000E+00  0.0000E+00  0.0000E+00  0.0000E+00  0.0000E+00  0.0000E+00  0.0000E+00  0.0000E+00  0.2175E-01  0.2750E-01  0.2550E-01  0.2800E-01  0.3475E-01  0.4075E-01  0.1575E-01  0.1450E-01  0.2225E-01  0.2550E-01  0.2450E-01  0.2150E-01  0.0000E+00  0.0000E+00  0.0000E+00  0.0000E+00  0.0000E+00  0.0000E+00  0.0000E+00  0.0000E+00  0.3375E-01  0.2725E-01  0.0000E+00  0.0000E+00  0.0000E+00  0.0000E+00  0.0000E+00  0.0000E+00  0.0000E+00  0.0000E+00  0.2950E-01  0.2900E-01  0.0000E+00  0.0000E+00  0.0000E+00  0.0000E+00  0.0000E+00  0.0000E+00  0.0000E+00  0.0000E+00  0.2900E-01  0.2425E-01  0.2325E-01  0.3025E-01  0.4275E-01  0.4025E-01
  0.1200E-01  0.1075E-01  0.0000E+00  0.0000E+00  0.0000E+00  0.0000E+00  0.0000E+00  0.0000E+00  0.0000E+00  0.0000E+00  0.0000E+00  0.0000E+00  0.0000E+00  0.0000E+00  0.0000E+00  0.0000E+00  0.0000E+00  0.0000E+00  0.0000E+00  0.0000E+00  0.0000E+00  0.0000E+00  0.0000E+00  0.0000E+00  0.0000E+00  0.0000E+00  0.0000E+00  0.0000E+00  0.0000E+00  0.0000E+00  0.0000E+00  0.0000E+00  0.0000E+00  0.0000E+00  0.0000E+00  0.0000E+00  0.2625E-01  0.2450E-01  0.0000E+00  0.0000E+00  0.1175E-01  0.1625E-01  0.0000E+00  0.0000E+00  0.0000E+00  0.0000E+00  0.0000E+00  0.0000E+00  0.0000E+00  0.0000E+00  0.0000E+00  0.0000E+00  0.0000E+00  0.0000E+00  0.0000E+00  0.0000E+00  0.0000E+00  0.0000E+00  0.0000E+00  0.0000E+00  0.0000E+00  0.0000E+00  0.0000E+00  0.0000E+00  0.0000E+00  0.0000E+00  0.0000E+00  0.0000E+00  0.0000E+00  0.0000E+00  0.0000E+00  0.0000E+00  0.0000E+00  0.0000E+00  0.0000E+00  0.0000E+00  0.2600E-01  0.2550E-01  0.0000E+00  0.0000E+00
 Events:
          64          55          77         105         100         108           0           0           0           0           0           0           0           0         118         101           0           0           0           0           0           0           0           0         109         105           0           0           0           0           0           0           0           0          87         110         102         112         139         163          63          58          89         102          98          86           0           0           0           0           0           0           0           0         135         109           0           0           0           0           0           0           0           0         118         116           0           0           0           0           0           0           0           0         116          97          93         121         171         161
          48          43           0           0           0           0           0           0           0           0           0           0           0           0           0           0           0           0           0           0           0           0           0           0           0           0           0           0           0           0           0           0           0           0           0           0         105          98           0           0          47          65           0           0           0           0           0           0           0           0           0           0           0           0           0           0           0           0           0           0           0           0           0           0           0           0           0           0           0           0           0           0           0           0           0           0         104         102           0           0
 Accuracy:    1.017   0.100   0.570   3.183
 Found           50  events.
 Wrote            1  events.
 Actual xsec    1.2984969045661927E-026
 Correct abs xsec    1.2984969045661927E-026
 Event xsec    1.2984969045661927E-026
 Events wgts > 1:            0
 % Cross section > 1:    0.0000000000000000        0.0000000000000000     
 Iteration  4   Mean: 0.1108E-22 Abs mean: 0.1108E-22   Fluctuation:  0.957E-23   0.763E-19    95.2%
  4    0.1108E-22 0.1108E-22 +- 0.9572E-23     77.30
 Relative summed weights:
  0.8615E+00  0.6492E-06  0.7280E-03  0.6794E-04  0.3094E-03  0.6129E-04  0.0000E+00  0.0000E+00  0.0000E+00  0.0000E+00  0.0000E+00  0.0000E+00  0.0000E+00  0.0000E+00  0.1023E-04  0.7647E-04  0.0000E+00  0.0000E+00  0.0000E+00  0.0000E+00  0.0000E+00  0.0000E+00  0.0000E+00  0.0000E+00  0.2546E-05  0.4401E-02  0.0000E+00  0.0000E+00  0.0000E+00  0.0000E+00  0.0000E+00  0.0000E+00  0.0000E+00  0.0000E+00  0.4980E-05  0.1227E-02  0.8110E-03  0.2081E-01  0.2071E-03  0.5271E-01  0.1184E-05  0.7526E-07  0.3994E-01  0.1010E-02  0.4751E-06  0.2325E-04  0.0000E+00  0.0000E+00  0.0000E+00  0.0000E+00  0.0000E+00  0.0000E+00  0.0000E+00  0.0000E+00  0.1917E-04  0.1092E-04  0.0000E+00  0.0000E+00  0.0000E+00  0.0000E+00  0.0000E+00  0.0000E+00  0.0000E+00  0.0000E+00  0.4953E-06  0.9110E-04  0.0000E+00  0.0000E+00  0.0000E+00  0.0000E+00  0.0000E+00  0.0000E+00  0.0000E+00  0.0000E+00  0.1028E-06  0.1418E-06  0.1933E-02  0.2864E-05  0.4465E-05  0.5203E-02
  0.1053E-05  0.2458E-05  0.0000E+00  0.0000E+00  0.0000E+00  0.0000E+00  0.0000E+00  0.0000E+00  0.0000E+00  0.0000E+00  0.0000E+00  0.0000E+00  0.0000E+00  0.0000E+00  0.0000E+00  0.0000E+00  0.0000E+00  0.0000E+00  0.0000E+00  0.0000E+00  0.0000E+00  0.0000E+00  0.0000E+00  0.0000E+00  0.0000E+00  0.0000E+00  0.0000E+00  0.0000E+00  0.0000E+00  0.0000E+00  0.0000E+00  0.0000E+00  0.0000E+00  0.0000E+00  0.0000E+00  0.0000E+00  0.1170E-04  0.8756E-02  0.0000E+00  0.0000E+00  0.1683E-07  0.2444E-08  0.0000E+00  0.0000E+00  0.0000E+00  0.0000E+00  0.0000E+00  0.0000E+00  0.0000E+00  0.0000E+00  0.0000E+00  0.0000E+00  0.0000E+00  0.0000E+00  0.0000E+00  0.0000E+00  0.0000E+00  0.0000E+00  0.0000E+00  0.0000E+00  0.0000E+00  0.0000E+00  0.0000E+00  0.0000E+00  0.0000E+00  0.0000E+00  0.0000E+00  0.0000E+00  0.0000E+00  0.0000E+00  0.0000E+00  0.0000E+00  0.0000E+00  0.0000E+00  0.0000E+00  0.0000E+00  0.1750E-06  0.2721E-04  0.0000E+00  0.0000E+00
 Relative number of events:
  0.1675E-01  0.1562E-01  0.2500E-01  0.2500E-01  0.2450E-01  0.2637E-01  0.0000E+00  0.0000E+00  0.0000E+00  0.0000E+00  0.0000E+00  0.0000E+00  0.0000E+00  0.0000E+00  0.3087E-01  0.2937E-01  0.0000E+00  0.0000E+00  0.0000E+00  0.0000E+00  0.0000E+00  0.0000E+00  0.0000E+00  0.0000E+00  0.2875E-01  0.2800E-01  0.0000E+00  0.0000E+00  0.0000E+00  0.0000E+00  0.0000E+00  0.0000E+00  0.0000E+00  0.0000E+00  0.2650E-01  0.2550E-01  0.2962E-01  0.2637E-01  0.3950E-01  0.4063E-01  0.1487E-01  0.1337E-01  0.2187E-01  0.2425E-01  0.2262E-01  0.2425E-01  0.0000E+00  0.0000E+00  0.0000E+00  0.0000E+00  0.0000E+00  0.0000E+00  0.0000E+00  0.0000E+00  0.2738E-01  0.2700E-01  0.0000E+00  0.0000E+00  0.0000E+00  0.0000E+00  0.0000E+00  0.0000E+00  0.0000E+00  0.0000E+00  0.2513E-01  0.2800E-01  0.0000E+00  0.0000E+00  0.0000E+00  0.0000E+00  0.0000E+00  0.0000E+00  0.0000E+00  0.0000E+00  0.2200E-01  0.2250E-01  0.2500E-01  0.2425E-01  0.3687E-01  0.3862E-01
  0.1600E-01  0.1362E-01  0.0000E+00  0.0000E+00  0.0000E+00  0.0000E+00  0.0000E+00  0.0000E+00  0.0000E+00  0.0000E+00  0.0000E+00  0.0000E+00  0.0000E+00  0.0000E+00  0.0000E+00  0.0000E+00  0.0000E+00  0.0000E+00  0.0000E+00  0.0000E+00  0.0000E+00  0.0000E+00  0.0000E+00  0.0000E+00  0.0000E+00  0.0000E+00  0.0000E+00  0.0000E+00  0.0000E+00  0.0000E+00  0.0000E+00  0.0000E+00  0.0000E+00  0.0000E+00  0.0000E+00  0.0000E+00  0.2513E-01  0.2975E-01  0.0000E+00  0.0000E+00  0.1175E-01  0.1487E-01  0.0000E+00  0.0000E+00  0.0000E+00  0.0000E+00  0.0000E+00  0.0000E+00  0.0000E+00  0.0000E+00  0.0000E+00  0.0000E+00  0.0000E+00  0.0000E+00  0.0000E+00  0.0000E+00  0.0000E+00  0.0000E+00  0.0000E+00  0.0000E+00  0.0000E+00  0.0000E+00  0.0000E+00  0.0000E+00  0.0000E+00  0.0000E+00  0.0000E+00  0.0000E+00  0.0000E+00  0.0000E+00  0.0000E+00  0.0000E+00  0.0000E+00  0.0000E+00  0.0000E+00  0.0000E+00  0.2587E-01  0.2662E-01  0.0000E+00  0.0000E+00
 Events:
         134         125         200         200         196         211           0           0           0           0           0           0           0           0         247         235           0           0           0           0           0           0           0           0         230         224           0           0           0           0           0           0           0           0         212         204         237         211         316         325         119         107         175         194         181         194           0           0           0           0           0           0           0           0         219         216           0           0           0           0           0           0           0           0         201         224           0           0           0           0           0           0           0           0         176         180         200         194         295         309
         128         109           0           0           0           0           0           0           0           0           0           0           0           0           0           0           0           0           0           0           0           0           0           0           0           0           0           0           0           0           0           0           0           0           0           0         201         238           0           0          94         119           0           0           0           0           0           0           0           0           0           0           0           0           0           0           0           0           0           0           0           0           0           0           0           0           0           0           0           0           0           0           0           0           0           0         207         213           0           0
 Accuracy:    0.872   0.100   0.476   3.356
 Found           47  events.
 Wrote            1  events.
 Actual xsec    4.4423758405987558E-024
 Correct abs xsec    4.4423758405987558E-024
 Event xsec    4.4423758405987558E-024
 Events wgts > 1:            1
 % Cross section > 1:    1.0880155643974940E-030   2.4491749537581859E-005
 Iteration  5   Mean: 0.8638E-16 Abs mean: 0.8638E-16   Fluctuation:  0.863E-16   0.138E-11    97.8%
  5    0.8638E-16 0.8638E-16 +- 0.8633E-16    126.42
 Relative summed weights:
  0.1009E-06  0.4084E-09  0.7195E-07  0.2823E-05  0.2028E-06  0.3254E-04  0.0000E+00  0.0000E+00  0.0000E+00  0.0000E+00  0.0000E+00  0.0000E+00  0.0000E+00  0.0000E+00  0.4642E-07  0.6786E-08  0.0000E+00  0.0000E+00  0.0000E+00  0.0000E+00  0.0000E+00  0.0000E+00  0.0000E+00  0.0000E+00  0.5086E-08  0.3782E-07  0.0000E+00  0.0000E+00  0.0000E+00  0.0000E+00  0.0000E+00  0.0000E+00  0.0000E+00  0.0000E+00  0.9443E-04  0.5196E-05  0.1597E-05  0.9994E+00  0.4239E-06  0.1957E-03  0.1604E-07  0.2166E-07  0.2108E-08  0.4796E-07  0.4889E-06  0.1642E-06  0.0000E+00  0.0000E+00  0.0000E+00  0.0000E+00  0.0000E+00  0.0000E+00  0.0000E+00  0.0000E+00  0.6457E-08  0.1063E-05  0.0000E+00  0.0000E+00  0.0000E+00  0.0000E+00  0.0000E+00  0.0000E+00  0.0000E+00  0.0000E+00  0.5255E-07  0.2201E-03  0.0000E+00  0.0000E+00  0.0000E+00  0.0000E+00  0.0000E+00  0.0000E+00  0.0000E+00  0.0000E+00  0.1753E-08  0.1698E-07  0.5372E-08  0.1010E-07  0.8638E-05  0.2386E-04
  0.1596E-06  0.9740E-09  0.0000E+00  0.0000E+00  0.0000E+00  0.0000E+00  0.0000E+00  0.0000E+00  0.0000E+00  0.0000E+00  0.0000E+00  0.0000E+00  0.0000E+00  0.0000E+00  0.0000E+00  0.0000E+00  0.0000E+00  0.0000E+00  0.0000E+00  0.0000E+00  0.0000E+00  0.0000E+00  0.0000E+00  0.0000E+00  0.0000E+00  0.0000E+00  0.0000E+00  0.0000E+00  0.0000E+00  0.0000E+00  0.0000E+00  0.0000E+00  0.0000E+00  0.0000E+00  0.0000E+00  0.0000E+00  0.6501E-07  0.1606E-06  0.0000E+00  0.0000E+00  0.9894E-07  0.1851E-08  0.0000E+00  0.0000E+00  0.0000E+00  0.0000E+00  0.0000E+00  0.0000E+00  0.0000E+00  0.0000E+00  0.0000E+00  0.0000E+00  0.0000E+00  0.0000E+00  0.0000E+00  0.0000E+00  0.0000E+00  0.0000E+00  0.0000E+00  0.0000E+00  0.0000E+00  0.0000E+00  0.0000E+00  0.0000E+00  0.0000E+00  0.0000E+00  0.0000E+00  0.0000E+00  0.0000E+00  0.0000E+00  0.0000E+00  0.0000E+00  0.0000E+00  0.0000E+00  0.0000E+00  0.0000E+00  0.9536E-07  0.9771E-09  0.0000E+00  0.0000E+00
 Relative number of events:
  0.1450E-01  0.1438E-01  0.2575E-01  0.2281E-01  0.2550E-01  0.2675E-01  0.0000E+00  0.0000E+00  0.0000E+00  0.0000E+00  0.0000E+00  0.0000E+00  0.0000E+00  0.0000E+00  0.3250E-01  0.2962E-01  0.0000E+00  0.0000E+00  0.0000E+00  0.0000E+00  0.0000E+00  0.0000E+00  0.0000E+00  0.0000E+00  0.3050E-01  0.3163E-01  0.0000E+00  0.0000E+00  0.0000E+00  0.0000E+00  0.0000E+00  0.0000E+00  0.0000E+00  0.0000E+00  0.2856E-01  0.2600E-01  0.2875E-01  0.3194E-01  0.4181E-01  0.4644E-01  0.1463E-01  0.1231E-01  0.2194E-01  0.2019E-01  0.2475E-01  0.2194E-01  0.0000E+00  0.0000E+00  0.0000E+00  0.0000E+00  0.0000E+00  0.0000E+00  0.0000E+00  0.0000E+00  0.2450E-01  0.2581E-01  0.0000E+00  0.0000E+00  0.0000E+00  0.0000E+00  0.0000E+00  0.0000E+00  0.0000E+00  0.0000E+00  0.2525E-01  0.2375E-01  0.0000E+00  0.0000E+00  0.0000E+00  0.0000E+00  0.0000E+00  0.0000E+00  0.0000E+00  0.0000E+00  0.2269E-01  0.2413E-01  0.2394E-01  0.2388E-01  0.3737E-01  0.3625E-01
  0.1419E-01  0.1425E-01  0.0000E+00  0.0000E+00  0.0000E+00  0.0000E+00  0.0000E+00  0.0000E+00  0.0000E+00  0.0000E+00  0.0000E+00  0.0000E+00  0.0000E+00  0.0000E+00  0.0000E+00  0.0000E+00  0.0000E+00  0.0000E+00  0.0000E+00  0.0000E+00  0.0000E+00  0.0000E+00  0.0000E+00  0.0000E+00  0.0000E+00  0.0000E+00  0.0000E+00  0.0000E+00  0.0000E+00  0.0000E+00  0.0000E+00  0.0000E+00  0.0000E+00  0.0000E+00  0.0000E+00  0.0000E+00  0.2856E-01  0.3062E-01  0.0000E+00  0.0000E+00  0.1287E-01  0.1231E-01  0.0000E+00  0.0000E+00  0.0000E+00  0.0000E+00  0.0000E+00  0.0000E+00  0.0000E+00  0.0000E+00  0.0000E+00  0.0000E+00  0.0000E+00  0.0000E+00  0.0000E+00  0.0000E+00  0.0000E+00  0.0000E+00  0.0000E+00  0.0000E+00  0.0000E+00  0.0000E+00  0.0000E+00  0.0000E+00  0.0000E+00  0.0000E+00  0.0000E+00  0.0000E+00  0.0000E+00  0.0000E+00  0.0000E+00  0.0000E+00  0.0000E+00  0.0000E+00  0.0000E+00  0.0000E+00  0.2450E-01  0.2194E-01  0.0000E+00  0.0000E+00
 Events:
         232         230         412         365         408         428           0           0           0           0           0           0           0           0         520         474           0           0           0           0           0           0           0           0         488         506           0           0           0           0           0           0           0           0         457         416         460         511         669         743         234         197         351         323         396         351           0           0           0           0           0           0           0           0         392         413           0           0           0           0           0           0           0           0         404         380           0           0           0           0           0           0           0           0         363         386         383         382         598         580
         227         228           0           0           0           0           0           0           0           0           0           0           0           0           0           0           0           0           0           0           0           0           0           0           0           0           0           0           0           0           0           0           0           0           0           0         457         490           0           0         206         197           0           0           0           0           0           0           0           0           0           0           0           0           0           0           0           0           0           0           0           0           0           0           0           0           0           0           0           0           0           0           0           0           0           0         392         351           0           0
 Accuracy:    1.050   0.100   0.430   5.972
 Found          292  events.
 Wrote            1  events.
 Actual xsec    2.5875315722680782E-017
 Correct abs xsec    2.5875315722680782E-017
 Event xsec    2.5875315722680782E-017
 Events wgts > 1:            0
 % Cross section > 1:    0.0000000000000000        0.0000000000000000     

 -------------------------------------------------------------------------------
 Accumulated results:   Integral =  0.1597E-16
                        Std dev  =  0.6860E-17
                       Cross sec =  0.1597E-16
             Chi**2 per DoF.     =      5.9722
 -------------------------------------------------------------------------------
-------------------------------------------------
---------------------------
 Results Last   3 iters: Integral =   0.2588E-16
                     Abs integral =   0.2588E-16
                          Std dev =   0.1415E-16
                  Chi**2 per DoF. =************
-------------------------------------------------
---------------------------
 Status  0.10000000000000001                6           5

ls status:
events.lhe
ftn25
ftn26
input_app.txt
input_sg.txt
moffset.dat
results.dat
run1_app.log
run_01_log.txt
run_02_log.txt
run_03_log.txt
run_04_log.txt
run_05_log.txt
run_06_log.txt
run_07_log.txt
run_08_log.txt
run_09_log.txt
run_10_log.txt
run_11_log.txt
run_12_log.txt
run_13_log.txt
run_14_log.txt
run_15_log.txt
run_16_log.txt
run_17_log.txt
run_18_log.txt
run_19_log.txt
run_20_log.txt
run_21_log.txt
run_22_log.txt
run_23_log.txt
run_24_log.txt
run_25_log.txt
run_26_log.txt
run_27_log.txt
run_28_log.txt
