 Process in group number            1
 A PDF is used, so alpha_s(MZ) is going to be modified
 Old value of alpha_s from param_card:   0.11839999999999999     
  ****************************************
 
       NNPDFDriver version 1.0.3
   Grid: NNPDF23_lo_as_0130_qed_mem0.grid
  ****************************************
 New value of alpha_s from PDF nn23lo1:  0.13000000000000000     
 Define smin to   88.360000000000014     
 Define smin to   88.360000000000014     
 Define smin to   88.360000000000014     
 Define smin to   88.360000000000014     
 Warning: pt or E min of a jet should in general be >0
 Warning: pt or E min of a jet should in general be >0
 Warning: pt or E min of a jet should in general be >0
 Warning: pt or E min of a jet should in general be >0
 *****************************************************
 *               MadGraph/MadEvent                   *
 *        --------------------------------           *
 *          http://madgraph.hep.uiuc.edu             *
 *          http://madgraph.phys.ucl.ac.be           *
 *          http://madgraph.roma2.infn.it            *
 *        --------------------------------           *
 *                                                   *
 *          PARAMETER AND COUPLING VALUES            *
 *                                                   *
 *****************************************************

  External Params
  ---------------------------------
  
 mdl_cabi =   0.22773599999999999     
 aEWM1 =    127.90000000000001     
 mdl_Gf =    1.1663700000000000E-005
 aS =   0.11839999999999999     
 mdl_ymb =    4.7000000000000002     
 mdl_ymt =    172.00000000000000     
 mdl_ymtau =    1.7769999999999999     
 mdl_Lambda =    5000.0000000000000     
 mdl_ca =    1.0000000000000000     
 mdl_kSM =    5.0000000000000003E-002
 mdl_kHtt =    0.0000000000000000     
 mdl_kAtt =    0.0000000000000000     
 mdl_kHbb =    0.0000000000000000     
 mdl_kAbb =    0.0000000000000000     
 mdl_kHll =    0.0000000000000000     
 mdl_kAll =    0.0000000000000000     
 mdl_kHaa =    0.0000000000000000     
 mdl_kAaa =    0.0000000000000000     
 mdl_kHza =    0.0000000000000000     
 mdl_kAza =    0.0000000000000000     
 mdl_kHgg =    0.0000000000000000     
 mdl_kAgg =    0.0000000000000000     
 mdl_kHzz =  -0.52481000000000000     
 mdl_kAzz =    0.0000000000000000     
 mdl_kHww =  -0.52481000000000000     
 mdl_kAww =    0.0000000000000000     
 mdl_kHda =    0.0000000000000000     
 mdl_kHdz =  -0.26240500000000000     
 mdl_kHdwR =  -0.26240500000000000     
 mdl_kHdwI =    0.0000000000000000     
 mdl_kHHgg =    1.0000000000000000     
 mdl_kAAgg =    1.0000000000000000     
 mdl_kqa =    1.0000000000000000     
 mdl_kqb =    1.0000000000000000     
 mdl_kla =    1.0000000000000000     
 mdl_klb =    1.0000000000000000     
 mdl_kw1 =    1.0000000000000000     
 mdl_kw2 =    1.0000000000000000     
 mdl_kw3 =    0.0000000000000000     
 mdl_kw4 =    0.0000000000000000     
 mdl_kw5 =    0.0000000000000000     
 mdl_kz1 =    0.0000000000000000     
 mdl_kz3 =    1.0000000000000000     
 mdl_kz5 =    0.0000000000000000     
 mdl_kq =    1.0000000000000000     
 mdl_kq3 =    1.0000000000000000     
 mdl_kl =    1.0000000000000000     
 mdl_kg =    1.0000000000000000     
 mdl_ka =    1.0000000000000000     
 mdl_kz =    1.0000000000000000     
 mdl_kw =    1.0000000000000000     
 mdl_kza =    0.0000000000000000     
 mdl_MZ =    91.187600000000003     
 mdl_MTA =    1.7769999999999999     
 mdl_MT =    172.00000000000000     
 mdl_MB =    4.7000000000000002     
 mdl_MX0 =    600.00000000000000     
 mdl_MX1 =    125.00000000000000     
 mdl_MX2 =    125.00000000000000     
 mdl_WZ =    2.4952000000000001     
 mdl_WW =    2.0850000000000000     
 mdl_WT =    1.5083359999999999     
 mdl_WX0 =   0.15059000000000000     
 mdl_WX1 =    4.0699999999999998E-003
 mdl_WX2 =    4.0699999999999998E-003
  Internal Params
  ---------------------------------
  
 mdl_cos__cabi =   0.97418004031982097     
 mdl_CKM1x1 =  ( 0.97418004031982097     ,  0.0000000000000000     )
 mdl_sin__cabi =   0.22577256042856930     
 mdl_CKM1x2 =  ( 0.22577256042856930     ,  0.0000000000000000     )
 mdl_CKM2x1 =  (-0.22577256042856930     ,  0.0000000000000000     )
 mdl_CKM2x2 =  ( 0.97418004031982097     ,  0.0000000000000000     )
 mdl_ca__exp__2 =    1.0000000000000000     
 mdl_sa =    0.0000000000000000     
 mdl_complexi =  (  0.0000000000000000     ,  1.0000000000000000     )
 mdl_kHdw =  (-0.26240500000000000     ,  0.0000000000000000     )
 mdl_MZ__exp__2 =    8315.1783937600012     
 mdl_MZ__exp__4 =    69142191.720053151     
 mdl_sqrt__2 =    1.4142135623730951     
 mdl_nb__2__exp__0_75 =    1.6817928305074290     
 mdl_MX0__exp__2 =    360000.00000000000     
 mdl_ca__exp__4 =    1.0000000000000000     
 mdl_ca__exp__3 =    1.0000000000000000     
 mdl_conjg__CKM1x1 =  ( 0.97418004031982097     , -0.0000000000000000     )
 mdl_conjg__CKM1x2 =  ( 0.22577256042856930     , -0.0000000000000000     )
 mdl_conjg__CKM2x1 =  (-0.22577256042856930     , -0.0000000000000000     )
 mdl_conjg__CKM2x2 =  ( 0.97418004031982097     , -0.0000000000000000     )
 mdl_conjg__kHdw =  (-0.26240500000000000     , -0.0000000000000000     )
 mdl_aEW =    7.8186082877247844E-003
 mdl_MW =    79.824359746197842     
 mdl_sqrt__aEW =    8.8422894590285753E-002
 mdl_ee =   0.31345100004952897     
 mdl_MW__exp__2 =    6371.9284088904105     
 mdl_sw2 =   0.23369913342182447     
 mdl_cw =   0.87538612427783857     
 mdl_sqrt__sw2 =   0.48342438232036300     
 mdl_sw =   0.48342438232036300     
 mdl_ad =  -0.12747442148678401     
 mdl_al =   -1.2074027013887732E-002
 mdl_an =   0.18517461872323218     
 mdl_au =    6.9774224250335873E-002
 mdl_bd =  -0.18517461872323218     
 mdl_bl =  -0.18517461872323218     
 mdl_bn =   0.18517461872323218     
 mdl_bu =   0.18517461872323218     
 mdl_gwwz =  -0.56759788318358417     
 mdl_g1 =   0.35807170271074895     
 mdl_gw =   0.64839716719502682     
 mdl_vev =    246.22056907348590     
 mdl_ee__exp__2 =    9.8251529432049817E-002
 mdl_gAaa =    1.3477023594718659E-005
 mdl_vev__exp__2 =    60624.568634871241     
 mdl_cw__exp__2 =   0.76630086657817542     
 mdl_gAza =    4.4999802188047602E-006
 mdl_gHaa =    2.6392504539657372E-005
 mdl_gHza =    3.9166441035016922E-005
 mdl_lam =    2.9690932909411916     
 mdl_yb =    2.6995322804122722E-002
 mdl_yt =   0.98791394091683138     
 mdl_ytau =    1.0206529494239589E-002
 mdl_muH =    424.26406871192853     
 mdl_sw__exp__2 =   0.23369913342182450     
  Internal Params evaluated point by point
  ----------------------------------------
  
 mdl_sqrt__aS =   0.34409301068170506     
 mdl_G__exp__2 =    1.4878582807401259     
 mdl_gAAgg =    3.1083017473614446E-007
 mdl_gAgg =    7.6532782508744533E-005
 mdl_gHgg =   -5.1021855005829691E-005
 mdl_gHHgg =    2.0722011649076294E-007
  Couplings of HC_UFO
  ---------------------------------
  
        GC_10 =  -0.00000E+00   0.00000E+00
        GC_13 =  -0.00000E+00  -0.20722E-06
        GC_62 =   0.00000E+00   0.00000E+00
        GC_64 =   0.00000E+00   0.00000E+00
         GC_1 =  -0.00000E+00  -0.10448E+00
         GC_2 =   0.00000E+00   0.20897E+00
         GC_3 =  -0.00000E+00  -0.31345E+00
         GC_9 =  -0.00000E+00  -0.00000E+00
        GC_16 =  -0.00000E+00  -0.00000E+00
        GC_17 =   0.00000E+00  -0.12074E-01
        GC_19 =  -0.00000E+00   0.18517E+00
        GC_21 =   0.00000E+00  -0.12747E+00
        GC_22 =   0.00000E+00   0.69774E-01
        GC_23 =  -0.00000E+00   0.18517E+00
        GC_24 =  -0.00000E+00  -0.18517E+00
        GC_61 =   0.00000E+00   0.00000E+00
        GC_66 =   0.00000E+00   0.00000E+00
        GC_77 =  -0.00000E+00  -0.28380E+00
        GC_78 =   0.00000E+00   0.28380E+00
        GC_89 =  -0.00000E+00  -0.28850E-01
        GC_90 =   0.00000E+00   0.86550E-01
        GC_98 =  -0.00000E+00  -0.21932E+03
       GC_100 =   0.00000E+00   0.33771E+01
       GC_101 =  -0.00000E+00  -0.00000E+00
       GC_102 =   0.00000E+00   0.00000E+00
       GC_105 =  -0.00000E+00  -0.00000E+00
       GC_106 =   0.00000E+00   0.00000E+00
        GC_35 =  -0.00000E+00  -0.20000E-03
        GC_38 =  -0.00000E+00  -0.00000E+00
        GC_40 =   0.00000E+00   0.52481E-04
        GC_42 =   0.00000E+00   0.10496E-03
        GC_43 =   0.00000E+00   0.50000E-04
        GC_45 =   0.00000E+00   0.50000E-04
        GC_49 =   0.00000E+00   0.50000E-04
        GC_56 =  -0.00000E+00  -0.94000E-03
        GC_58 =  -0.00000E+00  -0.35540E-03
        GC_68 =   0.00000E+00   0.00000E+00

 Collider parameters:
 --------------------

 Running at P P   machine @    13000.000000000000       GeV
 PDF set = nn23lo1
 alpha_s(Mz)= 0.1300 running at 2 loops.
 alpha_s(Mz)= 0.1300 running at 2 loops.
 Renormalization scale set on event-by-event basis
 Factorization   scale set on event-by-event basis


 getting user params
Enter number of events and max and min iterations: 
 Number of events and iterations         1000           5           3
Enter desired fractional accuracy: 
 Desired fractional accuracy:   0.10000000000000001     
Enter 0 for fixed, 2 for adjustable grid: 
Suppress amplitude (0 no, 1 yes)? 
 Using suppressed amplitude.
Exact helicity sum (0 yes, n = number/event)? 
 Explicitly summing over helicities
Enter Configuration Number: 
Running Configuration Number:   24
 Using dconfig=         205
 BW Setting            1           2           1           1           2           0
 Attempting mappinvarients           1           8
 Completed mapping           8
 about to integrate           16        1000           5           3          16           1
 Using non-zero grid deformation.
 16 dimensions   1000 events 16 invarients  5 iterations  1 config(s),  (0.99)
 Using h-tuple random number sequence.
 Error opening grid
 Using Uniform Grid!          32
 Using uniform alpha   1.0000000000000000     
 Grid defined OK
 Set CM energy to      13000.00
 Mapping Graph          24  to config          24
 Setting BW          -1           1   91.187600000000003     
Setting grid   2    0.59172E-08   1
 Setting BW          -3           3   600.00000000000000     
 Setting BW          -4           4   91.187600000000003     
Setting grid   5    0.25116E-02   1
 Transforming s_hat 1/s           15   2.5115575576956360E-003   88.360000000000014        168999999.99999997     
  24   1   2   3   4   5   6   7   8   9  10  11  12  13  14
  15  16
 Masses: 0.000E+00 0.000E+00 0.000E+00 0.000E+00 0.000E+00 0.000E+00 0.470E+01 0.470E+01
Using random seed offsets    24 :      2
  with seed                   24
 Ranmar initialization seeds       31082        9399
 
 ********************************************
 * You are using the DiscreteSampler module *
 *      part of the MG5_aMC framework       *
 *         Author: Valentin Hirschi         *
 ********************************************
 
  Particle       3       4       5       6       7       8
      Et >     0.0     0.0     0.0     0.0     0.0     0.0
       E >     0.0     0.0     0.0     0.0     0.0     0.0
     Eta <    -1.0    -1.0    -1.0    -1.0    -1.0    -1.0
   xqcut:      0.0     0.0     0.0     0.0     0.0     0.0
d R # 3  >    -0.0     0.0     0.0     0.0     0.0     0.0
d R # 4  >    -0.0    -0.0     0.0     0.0     0.0     0.0
d R # 5  >    -0.0    -0.0    -0.0     0.0     0.0     0.0
d R # 6  >    -0.0    -0.0    -0.0    -0.0     0.0     0.0
d R # 7  >    -0.0    -0.0    -0.0    -0.0    -0.0     0.0
s min # 3>     0.0     0.0     0.0     0.0    22.1     0.0
s min # 4>     0.0     0.0     0.0     0.0    22.1     0.0
s min # 5>     0.0     0.0     0.0     0.0    22.1     0.0
s min # 6>     0.0     0.0     0.0     0.0    22.1     0.0
s min # 7>     0.0     0.0     0.0     0.0     0.0     0.0
xqcutij # 3>     0.0     0.0     0.0     0.0     0.0     0.0
xqcutij # 4>     0.0     0.0     0.0     0.0     0.0     0.0
xqcutij # 5>     0.0     0.0     0.0     0.0     0.0     0.0
xqcutij # 6>     0.0     0.0     0.0     0.0     0.0     0.0
xqcutij # 7>     0.0     0.0     0.0     0.0     0.0     0.0
 Requiring BW           -1           1
 Excluding BW           -2           2
 Requiring BW           -3           3
 Requiring BW           -4           4
 Excluding BW           -5           5
 alpha_s for scale    388.60478804667753       is   0.10477984239785067     
 Added good helicity            1   65.288785711042621       in event            1 local:           1
 Added good helicity            2  0.31330163039649150       in event            1 local:           1
 Added good helicity            3   6.3843576121493023E-002  in event            1 local:           1
 Added good helicity            4   3.1129972126029818E-003  in event            1 local:           1
 Added good helicity           13   3.6637813860971133E-002  in event            1 local:           1
 Added good helicity           14   3.6049243390951029E-003  in event            1 local:           1
 Added good helicity           15   1.6848706324454040E-003  in event            1 local:           1
 Added good helicity           16   1.6695722879875710       in event            1 local:           1
 Added good helicity           49   4.7326538963214837       in event            1 local:           1
 Added good helicity           50   2.2710610492623150E-002  in event            1 local:           1
 Added good helicity           51   4.6278935347908740E-003  in event            1 local:           1
 Added good helicity           52   2.2565496090964335E-004  in event            1 local:           1
 Added good helicity           61   2.6558020743292715E-003  in event            1 local:           1
 Added good helicity           62   2.6131377745132369E-004  in event            1 local:           1
 Added good helicity           63   1.2213291266790534E-004  in event            1 local:           1
 Added good helicity           64  0.12102396618165812       in event            1 local:           1
 Added good helicity          193   112.74252398503781       in event            1 local:           1
 Added good helicity          194  0.54101812730687138       in event            1 local:           1
 Added good helicity          195  0.11024689514099194       in event            1 local:           1
 Added good helicity          196   5.3756117392130907E-003  in event            1 local:           1
 Added good helicity          205   6.3267214468675420E-002  in event            1 local:           1
 Added good helicity          206   6.2250854314163514E-003  in event            1 local:           1
 Added good helicity          207   2.9094823195345960E-003  in event            1 local:           1
 Added good helicity          208   2.8830647051130014       in event            1 local:           1
 Added good helicity          241   65.288785711042635       in event            1 local:           1
 Added good helicity          242  0.31330163039649161       in event            1 local:           1
 Added good helicity          243   6.3843576121493009E-002  in event            1 local:           1
 Added good helicity          244   3.1129972126030052E-003  in event            1 local:           1
 Added good helicity          253   3.6637813860970543E-002  in event            1 local:           1
 Added good helicity          254   3.6049243390950982E-003  in event            1 local:           1
 Added good helicity          255   1.6848706324453890E-003  in event            1 local:           1
 Added good helicity          256   1.6695722879875698       in event            1 local:           1
 Added good helicity            1   65.288785711042749       in event            1 local:           1
 Added good helicity            2  0.31330163039649306       in event            1 local:           1
 Added good helicity            3   6.3843576121492968E-002  in event            1 local:           1
 Added good helicity            4   3.1129972126030716E-003  in event            1 local:           1
 Added good helicity           13   3.6637813860977586E-002  in event            1 local:           1
 Added good helicity           14   3.6049243390950452E-003  in event            1 local:           1
 Added good helicity           15   1.6848706324453183E-003  in event            1 local:           1
 Added good helicity           16   1.6695722879875736       in event            1 local:           1
 Added good helicity           49   4.7326538963214739       in event            1 local:           1
 Added good helicity           50   2.2710610492623188E-002  in event            1 local:           1
 Added good helicity           51   4.6278935347908593E-003  in event            1 local:           1
 Added good helicity           52   2.2565496090964698E-004  in event            1 local:           1
 Added good helicity           61   2.6558020743297078E-003  in event            1 local:           1
 Added good helicity           62   2.6131377745131925E-004  in event            1 local:           1
 Added good helicity           63   1.2213291266789916E-004  in event            1 local:           1
 Added good helicity           64  0.12102396618165799       in event            1 local:           1
 Added good helicity          193   112.74252398503758       in event            1 local:           1
 Added good helicity          194  0.54101812730687215       in event            1 local:           1
 Added good helicity          195  0.11024689514099162       in event            1 local:           1
 Added good helicity          196   5.3756117392132017E-003  in event            1 local:           1
 Added good helicity          205   6.3267214468685426E-002  in event            1 local:           1
 Added good helicity          206   6.2250854314162439E-003  in event            1 local:           1
 Added good helicity          207   2.9094823195344416E-003  in event            1 local:           1
 Added good helicity          208   2.8830647051129992       in event            1 local:           1
 Added good helicity          241   65.288785711042721       in event            1 local:           1
 Added good helicity          242  0.31330163039649322       in event            1 local:           1
 Added good helicity          243   6.3843576121493051E-002  in event            1 local:           1
 Added good helicity          244   3.1129972126030005E-003  in event            1 local:           1
 Added good helicity          253   3.6637813860976795E-002  in event            1 local:           1
 Added good helicity          254   3.6049243390950470E-003  in event            1 local:           1
 Added good helicity          255   1.6848706324453207E-003  in event            1 local:           1
 Added good helicity          256   1.6695722879875752       in event            1 local:           1
 RESET CUMULATIVE VARIABLE
 RESET CUMULATIVE VARIABLE
 RESET CUMULATIVE VARIABLE
 Iteration  1   Mean: 0.4357E-06 Abs mean: 0.4357E-06   Fluctuation:  0.113E-06   0.721E-04    77.4%
  1    0.4357E-06 0.4357E-06 +- 0.1133E-06      8.22
 Writing out events   1.1258941483437266E-010   8.2248589736056559     
 Relative summed weights:
  0.1760E-01  0.9813E-01  0.8553E-01  0.4347E+00  0.1476E+00  0.2189E-01  0.3969E-01  0.1549E+00
 Relative number of events:
  0.1169E+00  0.1249E+00  0.1199E+00  0.1487E+00  0.9415E-01  0.1021E+00  0.1546E+00  0.1388E+00
 Events:
         118         126         121         150          95         103         156         140
 Iteration  2   Mean: 0.2941E-06 Abs mean: 0.2941E-06   Fluctuation:  0.384E-07   0.436E-04    87.8%
  2    0.2941E-06 0.2941E-06 +- 0.3845E-07      5.85
 Relative summed weights:
  0.1329E+00  0.1172E+00  0.1372E+00  0.1867E+00  0.5415E-01  0.1247E+00  0.9709E-01  0.1500E+00
 Relative number of events:
  0.1225E+00  0.1120E+00  0.1450E+00  0.1595E+00  0.9250E-01  0.1040E+00  0.1350E+00  0.1295E+00
 Events:
         245         224         290         319         185         208         270         259
 Iteration  3   Mean: 0.3698E-06 Abs mean: 0.3698E-06   Fluctuation:  0.253E-07   0.499E-04    92.5%
  3    0.3698E-06 0.3698E-06 +- 0.2527E-07      4.32
 Relative summed weights:
  0.1164E+00  0.1587E+00  0.1666E+00  0.1462E+00  0.8369E-01  0.1038E+00  0.1239E+00  0.1007E+00
 Relative number of events:
  0.1153E+00  0.1245E+00  0.1605E+00  0.1620E+00  0.9625E-01  0.9425E-01  0.1235E+00  0.1237E+00
 Events:
         461         498         642         648         385         377         494         495
 Accuracy:    0.070   0.100   0.059   1.398
 Finished due to accuracy    6.9748900507201769E-002  0.10000000000000001     

 -------------------------------------------------------------------------------
 Accumulated results:   Integral =  0.3578E-06
                        Std dev  =  0.2110E-07
                       Cross sec =  0.3578E-06
             Chi**2 per DoF.     =      1.3982
 -------------------------------------------------------------------------------
 Found          392  events.
 Wrote           43  events.
 Actual xsec    3.5775401270170494E-007
 Correct abs xsec    3.5775401270170494E-007
 Event xsec    3.5775401270170484E-007
 Events wgts > 1:            2
 % Cross section > 1:    2.8627211094091490E-009  0.80019259261141684     
-------------------------------------------------
---------------------------
 Results Last   3 iters: Integral =   0.3578E-06
                     Abs integral =   0.3578E-06
                          Std dev =   0.2110E-07
                  Chi**2 per DoF. =      1.7206
-------------------------------------------------
---------------------------
 Status  0.10000000000000001                4           5

ls status:
events.lhe
ftn26
input_app.txt
results.dat
run1_app.log
