 Process in group number            1
 A PDF is used, so alpha_s(MZ) is going to be modified
 Old value of alpha_s from param_card:   0.11839999999999999     
  ****************************************
 
       NNPDFDriver version 1.0.3
   Grid: NNPDF23_lo_as_0130_qed_mem0.grid
  ****************************************
 New value of alpha_s from PDF nn23lo1:  0.13000000000000000     
 Define smin to   499.70131599999996     
 Define smin to   499.70131599999996     
 Warning: pt or E min of a jet should in general be >0
 Warning: pt or E min of a jet should in general be >0
 Warning: pt or E min of a jet should in general be >0
 Warning: pt or E min of a jet should in general be >0
 *****************************************************
 *               MadGraph/MadEvent                   *
 *        --------------------------------           *
 *          http://madgraph.hep.uiuc.edu             *
 *          http://madgraph.phys.ucl.ac.be           *
 *          http://madgraph.roma2.infn.it            *
 *        --------------------------------           *
 *                                                   *
 *          PARAMETER AND COUPLING VALUES            *
 *                                                   *
 *****************************************************

  External Params
  ---------------------------------
  
 mdl_cabi =   0.22773599999999999     
 aEWM1 =    127.90000000000001     
 mdl_Gf =    1.1663700000000000E-005
 aS =   0.11839999999999999     
 mdl_ymb =    4.7000000000000002     
 mdl_ymt =    172.00000000000000     
 mdl_ymtau =    1.7769999999999999     
 mdl_Lambda =    5000.0000000000000     
 mdl_ca =    1.0000000000000000     
 mdl_kSM =    5.0000000000000003E-002
 mdl_kHtt =    0.0000000000000000     
 mdl_kAtt =    0.0000000000000000     
 mdl_kHbb =    0.0000000000000000     
 mdl_kAbb =    0.0000000000000000     
 mdl_kHll =    0.0000000000000000     
 mdl_kAll =    0.0000000000000000     
 mdl_kHaa =    0.0000000000000000     
 mdl_kAaa =    0.0000000000000000     
 mdl_kHza =    0.0000000000000000     
 mdl_kAza =    0.0000000000000000     
 mdl_kHgg =    0.0000000000000000     
 mdl_kAgg =    0.0000000000000000     
 mdl_kHzz =  -0.52481000000000000     
 mdl_kAzz =    0.0000000000000000     
 mdl_kHww =  -0.52481000000000000     
 mdl_kAww =    0.0000000000000000     
 mdl_kHda =    0.0000000000000000     
 mdl_kHdz =  -0.26240500000000000     
 mdl_kHdwR =  -0.26240500000000000     
 mdl_kHdwI =    0.0000000000000000     
 mdl_kHHgg =    1.0000000000000000     
 mdl_kAAgg =    1.0000000000000000     
 mdl_kqa =    1.0000000000000000     
 mdl_kqb =    1.0000000000000000     
 mdl_kla =    1.0000000000000000     
 mdl_klb =    1.0000000000000000     
 mdl_kw1 =    1.0000000000000000     
 mdl_kw2 =    1.0000000000000000     
 mdl_kw3 =    0.0000000000000000     
 mdl_kw4 =    0.0000000000000000     
 mdl_kw5 =    0.0000000000000000     
 mdl_kz1 =    0.0000000000000000     
 mdl_kz3 =    1.0000000000000000     
 mdl_kz5 =    0.0000000000000000     
 mdl_kq =    1.0000000000000000     
 mdl_kq3 =    1.0000000000000000     
 mdl_kl =    1.0000000000000000     
 mdl_kg =    1.0000000000000000     
 mdl_ka =    1.0000000000000000     
 mdl_kz =    1.0000000000000000     
 mdl_kw =    1.0000000000000000     
 mdl_kza =    0.0000000000000000     
 mdl_MZ =    91.187600000000003     
 mdl_MTA =    1.7769999999999999     
 mdl_MT =    172.00000000000000     
 mdl_MB =    4.7000000000000002     
 mdl_MX0 =    600.00000000000000     
 mdl_MX1 =    125.00000000000000     
 mdl_MX2 =    125.00000000000000     
 mdl_WZ =    2.4952000000000001     
 mdl_WW =    2.0850000000000000     
 mdl_WT =    1.5083359999999999     
 mdl_WX0 =   0.15059000000000000     
 mdl_WX1 =    4.0699999999999998E-003
 mdl_WX2 =    4.0699999999999998E-003
  Internal Params
  ---------------------------------
  
 mdl_cos__cabi =   0.97418004031982097     
 mdl_CKM1x1 =  ( 0.97418004031982097     ,  0.0000000000000000     )
 mdl_sin__cabi =   0.22577256042856930     
 mdl_CKM1x2 =  ( 0.22577256042856930     ,  0.0000000000000000     )
 mdl_CKM2x1 =  (-0.22577256042856930     ,  0.0000000000000000     )
 mdl_CKM2x2 =  ( 0.97418004031982097     ,  0.0000000000000000     )
 mdl_ca__exp__2 =    1.0000000000000000     
 mdl_sa =    0.0000000000000000     
 mdl_complexi =  (  0.0000000000000000     ,  1.0000000000000000     )
 mdl_kHdw =  (-0.26240500000000000     ,  0.0000000000000000     )
 mdl_MZ__exp__2 =    8315.1783937600012     
 mdl_MZ__exp__4 =    69142191.720053151     
 mdl_sqrt__2 =    1.4142135623730951     
 mdl_nb__2__exp__0_75 =    1.6817928305074290     
 mdl_MX0__exp__2 =    360000.00000000000     
 mdl_ca__exp__4 =    1.0000000000000000     
 mdl_ca__exp__3 =    1.0000000000000000     
 mdl_conjg__CKM1x1 =  ( 0.97418004031982097     , -0.0000000000000000     )
 mdl_conjg__CKM1x2 =  ( 0.22577256042856930     , -0.0000000000000000     )
 mdl_conjg__CKM2x1 =  (-0.22577256042856930     , -0.0000000000000000     )
 mdl_conjg__CKM2x2 =  ( 0.97418004031982097     , -0.0000000000000000     )
 mdl_conjg__kHdw =  (-0.26240500000000000     , -0.0000000000000000     )
 mdl_aEW =    7.8186082877247844E-003
 mdl_MW =    79.824359746197842     
 mdl_sqrt__aEW =    8.8422894590285753E-002
 mdl_ee =   0.31345100004952897     
 mdl_MW__exp__2 =    6371.9284088904105     
 mdl_sw2 =   0.23369913342182447     
 mdl_cw =   0.87538612427783857     
 mdl_sqrt__sw2 =   0.48342438232036300     
 mdl_sw =   0.48342438232036300     
 mdl_ad =  -0.12747442148678401     
 mdl_al =   -1.2074027013887732E-002
 mdl_an =   0.18517461872323218     
 mdl_au =    6.9774224250335873E-002
 mdl_bd =  -0.18517461872323218     
 mdl_bl =  -0.18517461872323218     
 mdl_bn =   0.18517461872323218     
 mdl_bu =   0.18517461872323218     
 mdl_gwwz =  -0.56759788318358417     
 mdl_g1 =   0.35807170271074895     
 mdl_gw =   0.64839716719502682     
 mdl_vev =    246.22056907348590     
 mdl_ee__exp__2 =    9.8251529432049817E-002
 mdl_gAaa =    1.3477023594718659E-005
 mdl_vev__exp__2 =    60624.568634871241     
 mdl_cw__exp__2 =   0.76630086657817542     
 mdl_gAza =    4.4999802188047602E-006
 mdl_gHaa =    2.6392504539657372E-005
 mdl_gHza =    3.9166441035016922E-005
 mdl_lam =    2.9690932909411916     
 mdl_yb =    2.6995322804122722E-002
 mdl_yt =   0.98791394091683138     
 mdl_ytau =    1.0206529494239589E-002
 mdl_muH =    424.26406871192853     
 mdl_sw__exp__2 =   0.23369913342182450     
  Internal Params evaluated point by point
  ----------------------------------------
  
 mdl_sqrt__aS =   0.34409301068170506     
 mdl_G__exp__2 =    1.4878582807401259     
 mdl_gAAgg =    3.1083017473614446E-007
 mdl_gAgg =    7.6532782508744533E-005
 mdl_gHgg =   -5.1021855005829691E-005
 mdl_gHHgg =    2.0722011649076294E-007
  Couplings of HC_UFO
  ---------------------------------
  
        GC_10 =  -0.00000E+00   0.00000E+00
        GC_13 =  -0.00000E+00  -0.20722E-06
        GC_62 =   0.00000E+00   0.00000E+00
        GC_64 =   0.00000E+00   0.00000E+00
         GC_1 =  -0.00000E+00  -0.10448E+00
         GC_2 =   0.00000E+00   0.20897E+00
         GC_3 =  -0.00000E+00  -0.31345E+00
         GC_9 =  -0.00000E+00  -0.00000E+00
        GC_16 =  -0.00000E+00  -0.00000E+00
        GC_17 =   0.00000E+00  -0.12074E-01
        GC_19 =  -0.00000E+00   0.18517E+00
        GC_21 =   0.00000E+00  -0.12747E+00
        GC_22 =   0.00000E+00   0.69774E-01
        GC_23 =  -0.00000E+00   0.18517E+00
        GC_24 =  -0.00000E+00  -0.18517E+00
        GC_61 =   0.00000E+00   0.00000E+00
        GC_66 =   0.00000E+00   0.00000E+00
        GC_77 =  -0.00000E+00  -0.28380E+00
        GC_78 =   0.00000E+00   0.28380E+00
        GC_89 =  -0.00000E+00  -0.28850E-01
        GC_90 =   0.00000E+00   0.86550E-01
        GC_98 =  -0.00000E+00  -0.21932E+03
       GC_100 =   0.00000E+00   0.33771E+01
       GC_101 =  -0.00000E+00  -0.00000E+00
       GC_102 =   0.00000E+00   0.00000E+00
       GC_105 =  -0.00000E+00  -0.00000E+00
       GC_106 =   0.00000E+00   0.00000E+00
        GC_35 =  -0.00000E+00  -0.20000E-03
        GC_38 =  -0.00000E+00  -0.00000E+00
        GC_40 =   0.00000E+00   0.52481E-04
        GC_42 =   0.00000E+00   0.10496E-03
        GC_43 =   0.00000E+00   0.50000E-04
        GC_45 =   0.00000E+00   0.50000E-04
        GC_49 =   0.00000E+00   0.50000E-04
        GC_56 =  -0.00000E+00  -0.94000E-03
        GC_58 =  -0.00000E+00  -0.35540E-03
        GC_68 =   0.00000E+00   0.00000E+00

 Collider parameters:
 --------------------

 Running at P P   machine @    13000.000000000000       GeV
 PDF set = nn23lo1
 alpha_s(Mz)= 0.1300 running at 2 loops.
 alpha_s(Mz)= 0.1300 running at 2 loops.
 Renormalization scale set on event-by-event basis
 Factorization   scale set on event-by-event basis


 getting user params
Enter number of events and max and min iterations: 
 Number of events and iterations         1000           5           3
Enter desired fractional accuracy: 
 Desired fractional accuracy:   0.10000000000000001     
Enter 0 for fixed, 2 for adjustable grid: 
Suppress amplitude (0 no, 1 yes)? 
 Using suppressed amplitude.
Exact helicity sum (0 yes, n = number/event)? 
 Explicitly summing over helicities
Enter Configuration Number: 
Running Configuration Number:   36
 Using dconfig=         206
 BW Setting            2           2           1           1           2           0
 Attempting mappinvarients           1           8
 Completed mapping           8
 about to integrate           16        1000           5           3          16           1
 Using non-zero grid deformation.
 16 dimensions   1000 events 16 invarients  5 iterations  1 config(s),  (0.99)
 Using h-tuple random number sequence.
 Error opening grid
 Using Uniform Grid!          32
 Using uniform alpha   1.0000000000000000     
 Grid defined OK
 Set CM energy to      13000.00
 Mapping Graph          36  to config          36
Setting grid   1    0.52284E-06   1
Setting grid   2    0.74739E-07   1
 Setting BW          -3           3   600.00000000000000     
 Setting BW          -4           4   91.187600000000003     
Setting grid   5    0.25116E-02   1
 Transforming s_hat 1/s           15   2.5115575576956360E-003   499.70131599999996        168999999.99999997     
  36   1   2   3   4   5   6   7   8   9  10  11  12  13  14
  15  16
 Masses: 0.000E+00 0.000E+00 0.470E+01 0.470E+01 0.178E+01 0.178E+01 0.470E+01 0.470E+01
Using random seed offsets    36 :     10
  with seed                   24
 Ranmar initialization seeds       31094        9407
 
 ********************************************
 * You are using the DiscreteSampler module *
 *      part of the MG5_aMC framework       *
 *         Author: Valentin Hirschi         *
 ********************************************
 
  Particle       3       4       5       6       7       8
      Et >     0.0     0.0     0.0     0.0     0.0     0.0
       E >     0.0     0.0     0.0     0.0     0.0     0.0
     Eta <    -1.0    -1.0    -1.0    -1.0    -1.0    -1.0
   xqcut:      0.0     0.0     0.0     0.0     0.0     0.0
d R # 3  >    -0.0     0.0     0.0     0.0     0.0     0.0
d R # 4  >    -0.0    -0.0     0.0     0.0     0.0     0.0
d R # 5  >    -0.0    -0.0    -0.0     0.0     0.0     0.0
d R # 6  >    -0.0    -0.0    -0.0    -0.0     0.0     0.0
d R # 7  >    -0.0    -0.0    -0.0    -0.0    -0.0     0.0
s min # 3>     0.0    88.4    42.0    42.0    88.4     0.0
s min # 4>     0.0     0.0    42.0    42.0    88.4     0.0
s min # 5>     0.0     0.0     0.0    12.6    42.0     0.0
s min # 6>     0.0     0.0     0.0     0.0    42.0     0.0
s min # 7>     0.0     0.0     0.0     0.0     0.0     0.0
xqcutij # 3>     0.0     0.0     0.0     0.0     0.0     0.0
xqcutij # 4>     0.0     0.0     0.0     0.0     0.0     0.0
xqcutij # 5>     0.0     0.0     0.0     0.0     0.0     0.0
xqcutij # 6>     0.0     0.0     0.0     0.0     0.0     0.0
xqcutij # 7>     0.0     0.0     0.0     0.0     0.0     0.0
 Excluding BW           -1           1
 Excluding BW           -2           2
 Requiring BW           -3           3
 Requiring BW           -4           4
 Excluding BW           -5           5
 alpha_s for scale    374.80674981785012       is   0.10528700515134720     
 Added good helicity            1   25.722783257951882       in event            1 local:           1
 Added good helicity            2  0.90801088614789249       in event            1 local:           1
 Added good helicity            3  0.80812109045188718       in event            1 local:           1
 Added good helicity            4   1.0474741291029575       in event            1 local:           1
 Added good helicity            5   8.6984529333599351E-003  in event            1 local:           1
 Added good helicity            6   5.8707783349303954E-005  in event            1 local:           1
 Added good helicity            7   3.0844963362093106E-005  in event            1 local:           1
 Added good helicity            8   4.7057438775806787E-004  in event            1 local:           1
 Added good helicity            9   2.3333202423408136E-002  in event            1 local:           1
 Added good helicity           10   4.3830292638835431E-005  in event            1 local:           1
 Added good helicity           11   3.7658526336680163E-005  in event            1 local:           1
 Added good helicity           12   4.4930875466172459E-004  in event            1 local:           1
 Added good helicity           13   24.752844317182198       in event            1 local:           1
 Added good helicity           14  0.70907236247195882       in event            1 local:           1
 Added good helicity           15  0.63244438149539151       in event            1 local:           1
 Added good helicity           16  0.64266809532526681       in event            1 local:           1
 Added good helicity           17  0.18063744061459483       in event            1 local:           1
 Added good helicity           18   6.3764780381314543E-003  in event            1 local:           1
 Added good helicity           19   5.6750050732079105E-003  in event            1 local:           1
 Added good helicity           20   7.3558542982578344E-003  in event            1 local:           1
 Added good helicity           21   6.1084613567348594E-005  in event            1 local:           1
 Added good helicity           22   4.1227357172152237E-007  in event            1 local:           1
 Added good helicity           23   2.1660779013316955E-007  in event            1 local:           1
 Added good helicity           24   3.3045939147008764E-006  in event            1 local:           1
 Added good helicity           25   1.6385668396921000E-004  in event            1 local:           1
 Added good helicity           26   3.0779685869414575E-007  in event            1 local:           1
 Added good helicity           27   2.6445582293946734E-007  in event            1 local:           1
 Added good helicity           28   3.1552566716408742E-006  in event            1 local:           1
 Added good helicity           29  0.17382607475048664       in event            1 local:           1
 Added good helicity           30   4.9794384800051928E-003  in event            1 local:           1
 Added good helicity           31   4.4413208811333073E-003  in event            1 local:           1
 Added good helicity           32   4.5131165916240789E-003  in event            1 local:           1
 Added good helicity           33  0.24301165502925451       in event            1 local:           1
 Added good helicity           34   8.5782796525008982E-003  in event            1 local:           1
 Added good helicity           35   7.6345876604954751E-003  in event            1 local:           1
 Added good helicity           36   9.8958351108815665E-003  in event            1 local:           1
 Added good helicity           37   8.2177166534900896E-005  in event            1 local:           1
 Added good helicity           38   5.5463187835254630E-007  in event            1 local:           1
 Added good helicity           39   2.9140258737832228E-007  in event            1 local:           1
 Added good helicity           40   4.4456721357365086E-006  in event            1 local:           1
 Added good helicity           41   2.2043649325125577E-004  in event            1 local:           1
 Added good helicity           42   4.1407929491017448E-007  in event            1 local:           1
 Added good helicity           43   3.5577257403552364E-007  in event            1 local:           1
 Added good helicity           44   4.2447686548742773E-006  in event            1 local:           1
 Added good helicity           45  0.23384832052886001       in event            1 local:           1
 Added good helicity           46   6.6988415138375754E-003  in event            1 local:           1
 Added good helicity           47   5.9749115917942727E-003  in event            1 local:           1
 Added good helicity           48   6.0714984033157495E-003  in event            1 local:           1
 Added good helicity           49  0.52052898729884434       in event            1 local:           1
 Added good helicity           50   1.8374605200499682E-002  in event            1 local:           1
 Added good helicity           51   1.6353224633952460E-002  in event            1 local:           1
 Added good helicity           52   2.1196798269298763E-002  in event            1 local:           1
 Added good helicity           53   1.7602282191095310E-004  in event            1 local:           1
 Added good helicity           54   1.1880169695060579E-006  in event            1 local:           1
 Added good helicity           55   6.2418197055627176E-007  in event            1 local:           1
 Added good helicity           56   9.5225935332156701E-006  in event            1 local:           1
 Added good helicity           57   4.7217317450050470E-004  in event            1 local:           1
 Added good helicity           58   8.8695447967326952E-007  in event            1 local:           1
 Added good helicity           59   7.6206195809464549E-007  in event            1 local:           1
 Added good helicity           60   9.0922599122811375E-006  in event            1 local:           1
 Added good helicity           61  0.50090119937568167       in event            1 local:           1
 Added good helicity           62   1.4348864003471603E-002  in event            1 local:           1
 Added good helicity           63   1.2798212002228426E-002  in event            1 local:           1
 Added good helicity           64   1.3005100166426328E-002  in event            1 local:           1
 Added good helicity          193   87.160222345993560       in event            1 local:           1
 Added good helicity          194   3.0767444539566728       in event            1 local:           1
 Added good helicity          195   2.7382734294314304       in event            1 local:           1
 Added good helicity          196   3.5493079064866033       in event            1 local:           1
 Added good helicity          197   2.9474224625495642E-002  in event            1 local:           1
 Added good helicity          198   1.9892806306579989E-004  in event            1 local:           1
 Added good helicity          199   1.0451644512702411E-004  in event            1 local:           1
 Added good helicity          200   1.5945151757496389E-003  in event            1 local:           1
 Added good helicity          201   7.9063260412911479E-002  in event            1 local:           1
 Added good helicity          202   1.4851651213559390E-004  in event            1 local:           1
 Added good helicity          203   1.2760382481988248E-004  in event            1 local:           1
 Added good helicity          204   1.5224577591622403E-003  in event            1 local:           1
 Added good helicity          205   83.873638118628179       in event            1 local:           1
 Added good helicity          206   2.4026523161465927       in event            1 local:           1
 Added good helicity          207   2.1430026587644559       in event            1 local:           1
 Added good helicity          208   2.1776451452200494       in event            1 local:           1
 Added good helicity          209  0.91467239974569137       in event            1 local:           1
 Added good helicity          210   3.2287816131691564E-002  in event            1 local:           1
 Added good helicity          211   2.8735850614463668E-002  in event            1 local:           1
 Added good helicity          212   3.7246967629054967E-002  in event            1 local:           1
 Added good helicity          213   3.0930691826172081E-004  in event            1 local:           1
 Added good helicity          214   2.0875808244140077E-006  in event            1 local:           1
 Added good helicity          215   1.0968111955673351E-006  in event            1 local:           1
 Added good helicity          216   1.6733080561042009E-005  in event            1 local:           1
 Added good helicity          217   8.2970167109630349E-004  in event            1 local:           1
 Added good helicity          218   1.5585544747427770E-006  in event            1 local:           1
 Added good helicity          219   1.3390936085662209E-006  in event            1 local:           1
 Added good helicity          220   1.5976899262102253E-005  in event            1 local:           1
 Added good helicity          221  0.88018249367044821       in event            1 local:           1
 Added good helicity          222   2.5213792491723307E-002  in event            1 local:           1
 Added good helicity          223   2.2488990181466443E-002  in event            1 local:           1
 Added good helicity          224   2.2852533611790789E-002  in event            1 local:           1
 Added good helicity          225  0.67227409606098509       in event            1 local:           1
 Added good helicity          226   2.3731187701466972E-002  in event            1 local:           1
 Added good helicity          227   2.1120532336772378E-002  in event            1 local:           1
 Added good helicity          228   2.7376109195814454E-002  in event            1 local:           1
 Added good helicity          229   2.2733716348893982E-004  in event            1 local:           1
 Added good helicity          230   1.5343488139331315E-006  in event            1 local:           1
 Added good helicity          231   8.0614409624102341E-007  in event            1 local:           1
 Added good helicity          232   1.2298629117504588E-005  in event            1 local:           1
 Added good helicity          233   6.0982155041700058E-004  in event            1 local:           1
 Added good helicity          234   1.1455202988095185E-006  in event            1 local:           1
 Added good helicity          235   9.8421898976091743E-007  in event            1 local:           1
 Added good helicity          236   1.1742844227368748E-005  in event            1 local:           1
 Added good helicity          237  0.64692439660967371       in event            1 local:           1
 Added good helicity          238   1.8531858576202091E-002  in event            1 local:           1
 Added good helicity          239   1.6529159018871916E-002  in event            1 local:           1
 Added good helicity          240   1.6796359418783591E-002  in event            1 local:           1
 Added good helicity          241   3.7578697818944904       in event            1 local:           1
 Added good helicity          242  0.13265231201726849       in event            1 local:           1
 Added good helicity          243  0.11805930157196251       in event            1 local:           1
 Added good helicity          244  0.15302665102756338       in event            1 local:           1
 Added good helicity          245   1.2707665846152091E-003  in event            1 local:           1
 Added good helicity          246   8.5766848321966535E-006  in event            1 local:           1
 Added good helicity          247   4.5061747237721553E-006  in event            1 local:           1
 Added good helicity          248   6.8746731415344762E-005  in event            1 local:           1
 Added good helicity          249   3.4087732817422293E-003  in event            1 local:           1
 Added good helicity          250   6.4032158024017286E-006  in event            1 local:           1
 Added good helicity          251   5.5015756550193779E-006  in event            1 local:           1
 Added good helicity          252   6.5640011617404509E-005  in event            1 local:           1
 Added good helicity          253   3.6161703320624281       in event            1 local:           1
 Added good helicity          254  0.10358916363711076       in event            1 local:           1
 Added good helicity          255   9.2394497365123673E-002  in event            1 local:           1
 Added good helicity          256   9.3888090996681731E-002  in event            1 local:           1
 Added good helicity            1   25.722783257951875       in event            1 local:           1
 Added good helicity            2  0.90801088614788916       in event            1 local:           1
 Added good helicity            3  0.80812109045188607       in event            1 local:           1
 Added good helicity            4   1.0474741291029537       in event            1 local:           1
 Added good helicity            5   8.6984529333598327E-003  in event            1 local:           1
 Added good helicity            6   5.8707783349303635E-005  in event            1 local:           1
 Added good helicity            7   3.0844963362093174E-005  in event            1 local:           1
 Added good helicity            8   4.7057438775806646E-004  in event            1 local:           1
 Added good helicity            9   2.3333202423408056E-002  in event            1 local:           1
 Added good helicity           10   4.3830292638835214E-005  in event            1 local:           1
 Added good helicity           11   3.7658526336680577E-005  in event            1 local:           1
 Added good helicity           12   4.4930875466171847E-004  in event            1 local:           1
 Added good helicity           13   24.752844317182209       in event            1 local:           1
 Added good helicity           14  0.70907236247195904       in event            1 local:           1
 Added good helicity           15  0.63244438149539073       in event            1 local:           1
 Added good helicity           16  0.64266809532526692       in event            1 local:           1
 Added good helicity           17  0.18063744061459452       in event            1 local:           1
 Added good helicity           18   6.3764780381314126E-003  in event            1 local:           1
 Added good helicity           19   5.6750050732078863E-003  in event            1 local:           1
 Added good helicity           20   7.3558542982577893E-003  in event            1 local:           1
 Added good helicity           21   6.1084613567347740E-005  in event            1 local:           1
 Added good helicity           22   4.1227357172151903E-007  in event            1 local:           1
 Added good helicity           23   2.1660779013316960E-007  in event            1 local:           1
 Added good helicity           24   3.3045939147008556E-006  in event            1 local:           1
 Added good helicity           25   1.6385668396920911E-004  in event            1 local:           1
 Added good helicity           26   3.0779685869414353E-007  in event            1 local:           1
 Added good helicity           27   2.6445582293946988E-007  in event            1 local:           1
 Added good helicity           28   3.1552566716408242E-006  in event            1 local:           1
 Added good helicity           29  0.17382607475048636       in event            1 local:           1
 Added good helicity           30   4.9794384800051824E-003  in event            1 local:           1
 Added good helicity           31   4.4413208811332899E-003  in event            1 local:           1
 Added good helicity           32   4.5131165916240676E-003  in event            1 local:           1
 Added good helicity           33  0.24301165502925332       in event            1 local:           1
 Added good helicity           34   8.5782796525008115E-003  in event            1 local:           1
 Added good helicity           35   7.6345876604954179E-003  in event            1 local:           1
 Added good helicity           36   9.8958351108814728E-003  in event            1 local:           1
 Added good helicity           37   8.2177166534899446E-005  in event            1 local:           1
 Added good helicity           38   5.5463187835253921E-007  in event            1 local:           1
 Added good helicity           39   2.9140258737832127E-007  in event            1 local:           1
 Added good helicity           40   4.4456721357364688E-006  in event            1 local:           1
 Added good helicity           41   2.2043649325125374E-004  in event            1 local:           1
 Added good helicity           42   4.1407929491016972E-007  in event            1 local:           1
 Added good helicity           43   3.5577257403552550E-007  in event            1 local:           1
 Added good helicity           44   4.2447686548741952E-006  in event            1 local:           1
 Added good helicity           45  0.23384832052885857       in event            1 local:           1
 Added good helicity           46   6.6988415138375347E-003  in event            1 local:           1
 Added good helicity           47   5.9749115917942285E-003  in event            1 local:           1
 Added good helicity           48   6.0714984033157053E-003  in event            1 local:           1
 Added good helicity           49  0.52052898729884423       in event            1 local:           1
 Added good helicity           50   1.8374605200499602E-002  in event            1 local:           1
 Added good helicity           51   1.6353224633952435E-002  in event            1 local:           1
 Added good helicity           52   2.1196798269298680E-002  in event            1 local:           1
 Added good helicity           53   1.7602282191095110E-004  in event            1 local:           1
 Added good helicity           54   1.1880169695060513E-006  in event            1 local:           1
 Added good helicity           55   6.2418197055627366E-007  in event            1 local:           1
 Added good helicity           56   9.5225935332156345E-006  in event            1 local:           1
 Added good helicity           57   4.7217317450050296E-004  in event            1 local:           1
 Added good helicity           58   8.8695447967326560E-007  in event            1 local:           1
 Added good helicity           59   7.6206195809465428E-007  in event            1 local:           1
 Added good helicity           60   9.0922599122810223E-006  in event            1 local:           1
 Added good helicity           61  0.50090119937568189       in event            1 local:           1
 Added good helicity           62   1.4348864003471606E-002  in event            1 local:           1
 Added good helicity           63   1.2798212002228406E-002  in event            1 local:           1
 Added good helicity           64   1.3005100166426333E-002  in event            1 local:           1
 Added good helicity          193   87.160222345993617       in event            1 local:           1
 Added good helicity          194   3.0767444539566600       in event            1 local:           1
 Added good helicity          195   2.7382734294314277       in event            1 local:           1
 Added good helicity          196   3.5493079064865865       in event            1 local:           1
 Added good helicity          197   2.9474224625495295E-002  in event            1 local:           1
 Added good helicity          198   1.9892806306579880E-004  in event            1 local:           1
 Added good helicity          199   1.0451644512702431E-004  in event            1 local:           1
 Added good helicity          200   1.5945151757496337E-003  in event            1 local:           1
 Added good helicity          201   7.9063260412911174E-002  in event            1 local:           1
 Added good helicity          202   1.4851651213559325E-004  in event            1 local:           1
 Added good helicity          203   1.2760382481988387E-004  in event            1 local:           1
 Added good helicity          204   1.5224577591622186E-003  in event            1 local:           1
 Added good helicity          205   83.873638118628207       in event            1 local:           1
 Added good helicity          206   2.4026523161465922       in event            1 local:           1
 Added good helicity          207   2.1430026587644528       in event            1 local:           1
 Added good helicity          208   2.1776451452200485       in event            1 local:           1
 Added good helicity          209  0.91467239974568959       in event            1 local:           1
 Added good helicity          210   3.2287816131691370E-002  in event            1 local:           1
 Added good helicity          211   2.8735850614463567E-002  in event            1 local:           1
 Added good helicity          212   3.7246967629054731E-002  in event            1 local:           1
 Added good helicity          213   3.0930691826171642E-004  in event            1 local:           1
 Added good helicity          214   2.0875808244139908E-006  in event            1 local:           1
 Added good helicity          215   1.0968111955673356E-006  in event            1 local:           1
 Added good helicity          216   1.6733080561041911E-005  in event            1 local:           1
 Added good helicity          217   8.2970167109629883E-004  in event            1 local:           1
 Added good helicity          218   1.5585544747427679E-006  in event            1 local:           1
 Added good helicity          219   1.3390936085662330E-006  in event            1 local:           1
 Added good helicity          220   1.5976899262102006E-005  in event            1 local:           1
 Added good helicity          221  0.88018249367044665       in event            1 local:           1
 Added good helicity          222   2.5213792491723258E-002  in event            1 local:           1
 Added good helicity          223   2.2488990181466360E-002  in event            1 local:           1
 Added good helicity          224   2.2852533611790727E-002  in event            1 local:           1
 Added good helicity          225  0.67227409606098065       in event            1 local:           1
 Added good helicity          226   2.3731187701466722E-002  in event            1 local:           1
 Added good helicity          227   2.1120532336772205E-002  in event            1 local:           1
 Added good helicity          228   2.7376109195814131E-002  in event            1 local:           1
 Added good helicity          229   2.2733716348893575E-004  in event            1 local:           1
 Added good helicity          230   1.5343488139331114E-006  in event            1 local:           1
 Added good helicity          231   8.0614409624101960E-007  in event            1 local:           1
 Added good helicity          232   1.2298629117504461E-005  in event            1 local:           1
 Added good helicity          233   6.0982155041699440E-004  in event            1 local:           1
 Added good helicity          234   1.1455202988095062E-006  in event            1 local:           1
 Added good helicity          235   9.8421898976092167E-007  in event            1 local:           1
 Added good helicity          236   1.1742844227368511E-005  in event            1 local:           1
 Added good helicity          237  0.64692439660967005       in event            1 local:           1
 Added good helicity          238   1.8531858576201966E-002  in event            1 local:           1
 Added good helicity          239   1.6529159018871781E-002  in event            1 local:           1
 Added good helicity          240   1.6796359418783467E-002  in event            1 local:           1
 Added good helicity          241   3.7578697818944891       in event            1 local:           1
 Added good helicity          242  0.13265231201726804       in event            1 local:           1
 Added good helicity          243  0.11805930157196240       in event            1 local:           1
 Added good helicity          244  0.15302665102756269       in event            1 local:           1
 Added good helicity          245   1.2707665846151944E-003  in event            1 local:           1
 Added good helicity          246   8.5766848321966010E-006  in event            1 local:           1
 Added good helicity          247   4.5061747237721680E-006  in event            1 local:           1
 Added good helicity          248   6.8746731415344491E-005  in event            1 local:           1
 Added good helicity          249   3.4087732817422163E-003  in event            1 local:           1
 Added good helicity          250   6.4032158024017040E-006  in event            1 local:           1
 Added good helicity          251   5.5015756550194388E-006  in event            1 local:           1
 Added good helicity          252   6.5640011617403615E-005  in event            1 local:           1
 Added good helicity          253   3.6161703320624312       in event            1 local:           1
 Added good helicity          254  0.10358916363711074       in event            1 local:           1
 Added good helicity          255   9.2394497365123562E-002  in event            1 local:           1
 Added good helicity          256   9.3888090996681745E-002  in event            1 local:           1
 RESET CUMULATIVE VARIABLE
 RESET CUMULATIVE VARIABLE
 RESET CUMULATIVE VARIABLE
 No points passed cuts!
 Loosen cuts or increase max_events      500000
 Deleting file events.lhe

ls status:
events.lhe
grid_information
input_app.txt
results.dat
run1_app.log
