 Process in group number            1
 A PDF is used, so alpha_s(MZ) is going to be modified
 Old value of alpha_s from param_card:   0.11839999999999999     
  ****************************************
 
       NNPDFDriver version 1.0.3
   Grid: NNPDF23_lo_as_0130_qed_mem0.grid
  ****************************************
 New value of alpha_s from PDF nn23lo1:  0.13000000000000000     
 Define smin to   0.0000000000000000     
 Define smin to   0.0000000000000000     
 Define smin to   0.0000000000000000     
 Define smin to   0.0000000000000000     
 Define smin to   0.0000000000000000     
 Define smin to   0.0000000000000000     
 Define smin to   0.0000000000000000     
 Define smin to   0.0000000000000000     
 Define smin to   0.0000000000000000     
 Define smin to   0.0000000000000000     
 Define smin to   0.0000000000000000     
 Define smin to   0.0000000000000000     
 Define smin to   0.0000000000000000     
 Define smin to   0.0000000000000000     
 Define smin to   0.0000000000000000     
 Define smin to   0.0000000000000000     
 Define smin to   0.0000000000000000     
 Define smin to   0.0000000000000000     
 Define smin to   0.0000000000000000     
 Define smin to   0.0000000000000000     
 Define smin to   0.0000000000000000     
 Define smin to   0.0000000000000000     
 Define smin to   0.0000000000000000     
 Define smin to   0.0000000000000000     
 Define smin to   0.0000000000000000     
 Define smin to   0.0000000000000000     
 Define smin to   0.0000000000000000     
 Define smin to   0.0000000000000000     
 Define smin to   0.0000000000000000     
 Define smin to   0.0000000000000000     
 Define smin to   0.0000000000000000     
 Define smin to   0.0000000000000000     
 Define smin to   0.0000000000000000     
 Define smin to   0.0000000000000000     
 Define smin to   0.0000000000000000     
 Define smin to   0.0000000000000000     
 Define smin to   0.0000000000000000     
 Define smin to   0.0000000000000000     
 Define smin to   0.0000000000000000     
 Define smin to   0.0000000000000000     
 Warning: pt or E min of a jet should in general be >0
 Warning: pt or E min of a jet should in general be >0
 Warning: pt or E min of a jet should in general be >0
 Warning: pt or E min of a jet should in general be >0
 *****************************************************
 *               MadGraph/MadEvent                   *
 *        --------------------------------           *
 *          http://madgraph.hep.uiuc.edu             *
 *          http://madgraph.phys.ucl.ac.be           *
 *          http://madgraph.roma2.infn.it            *
 *        --------------------------------           *
 *                                                   *
 *          PARAMETER AND COUPLING VALUES            *
 *                                                   *
 *****************************************************

  External Params
  ---------------------------------
  
 mdl_cabi =   0.22773599999999999     
 mdl_rhoH =    5.0000000000000003E-002
 mdl_Lambda =    5000.0000000000000     
 mdl_fW =   -300.00000000000000     
 mdl_fWW =    4600.0000000000000     
 mdl_fB =    0.0000000000000000     
 mdl_fBB =    0.0000000000000000     
 aEWM1 =    127.90000000000001     
 mdl_Gf =    1.1663700000000000E-005
 aS =   0.11839999999999999     
 mdl_ymb =    4.7000000000000002     
 mdl_ymt =    172.00000000000000     
 mdl_ymtau =    1.7769999999999999     
 mdl_MZ =    91.187600000000003     
 mdl_MTA =    1.7769999999999999     
 mdl_MT =    172.00000000000000     
 mdl_MB =    4.7000000000000002     
 mdl_MH =    125.00000000000000     
 mdl_MHH =    900.00000000000000     
 mdl_WZ =    2.4952000000000001     
 mdl_WW =    2.0850000000000000     
 mdl_WT =    1.5083359999999999     
 mdl_WH =    4.0699999999999998E-003
 mdl_WHH =    9.8597999999999999     
  Internal Params
  ---------------------------------
  
 mdl_cos__cabi =   0.97418004031982097     
 mdl_CKM1x1 =  ( 0.97418004031982097     ,  0.0000000000000000     )
 mdl_sin__cabi =   0.22577256042856930     
 mdl_CKM1x2 =  ( 0.22577256042856930     ,  0.0000000000000000     )
 mdl_CKM2x1 =  (-0.22577256042856930     ,  0.0000000000000000     )
 mdl_CKM2x2 =  ( 0.97418004031982097     ,  0.0000000000000000     )
 mdl_MZ__exp__2 =    8315.1783937600012     
 mdl_MZ__exp__4 =    69142191.720053151     
 mdl_sqrt__2 =    1.4142135623730951     
 mdl_Lambda__exp__2 =    25000000.000000000     
 mdl_MH__exp__2 =    15625.000000000000     
 mdl_complexi =  (  0.0000000000000000     ,  1.0000000000000000     )
 mdl_conjg__CKM1x1 =  ( 0.97418004031982097     , -0.0000000000000000     )
 mdl_conjg__CKM1x2 =  ( 0.22577256042856930     , -0.0000000000000000     )
 mdl_conjg__CKM2x1 =  (-0.22577256042856930     , -0.0000000000000000     )
 mdl_conjg__CKM2x2 =  ( 0.97418004031982097     , -0.0000000000000000     )
 mdl_aEW =    7.8186082877247844E-003
 mdl_MW =    79.824359746197842     
 mdl_sqrt__aEW =    8.8422894590285753E-002
 mdl_ee =   0.31345100004952897     
 mdl_MW__exp__2 =    6371.9284088904105     
 mdl_sw2 =   0.23369913342182447     
 mdl_cw =   0.87538612427783857     
 mdl_sqrt__sw2 =   0.48342438232036300     
 mdl_sw =   0.48342438232036300     
 mdl_g1 =   0.35807170271074895     
 mdl_gw =   0.64839716719502682     
 mdl_vev =    246.22056907348590     
 mdl_gHWW =    2.5878944366295706     
 mdl_gHWW1 =   -1.5527366619777423E-005
 mdl_gHWW2 =   -4.7617257633984105E-004
 mdl_cw__exp__2 =   0.76630086657817542     
 mdl_gHZZ =    1.6885629062286611     
 mdl_sw__exp__2 =   0.23369913342182450     
 mdl_gHZZ1 =   -1.5527366619777423E-005
 mdl_cw__exp__4 =   0.58721701811846261     
 mdl_sw__exp__4 =    5.4615284962111724E-002
 mdl_gHZZ2 =   -1.8244572894499127E-004
 mdl_vev__exp__2 =    60624.568634871241     
 mdl_lam =   0.12886689630821144     
 mdl_yb =    2.6995322804122722E-002
 mdl_yt =   0.98791394091683138     
 mdl_ytau =    1.0206529494239589E-002
 mdl_muH =    88.388347648318444     
 mdl_I1a33 =  (  2.6995322804122722E-002,  0.0000000000000000     )
 mdl_I2a33 =  ( 0.98791394091683138     ,  0.0000000000000000     )
 mdl_I3a33 =  ( 0.98791394091683138     ,  0.0000000000000000     )
 mdl_I4a33 =  (  2.6995322804122722E-002,  0.0000000000000000     )
 mdl_ee__exp__2 =    9.8251529432049817E-002
  Internal Params evaluated point by point
  ----------------------------------------
  
 mdl_sqrt__aS =   0.34409301068170506     
 mdl_G__exp__2 =    1.4878582807401259     
  Couplings of SMwithHeavyScalarDim4Dim6_NoDecay_UFO
  ---------------------------------
  
        GC_13 =   0.00000E+00   0.25879E+01
        GC_14 =   0.00000E+00   0.15527E-04
        GC_15 =  -0.00000E+00  -0.95235E-03
        GC_16 =   0.00000E+00   0.33771E+01
        GC_17 =   0.00000E+00   0.15527E-04
        GC_18 =  -0.00000E+00  -0.72978E-03
        GC_33 =   0.00000E+00   0.44665E+00
        GC_34 =   0.00000E+00   0.10351E+00
        GC_35 =  -0.00000E+00  -0.10351E+00
        GC_36 =   0.00000E+00   0.44665E+00
        GC_37 =  -0.00000E+00  -0.28380E+00
        GC_38 =   0.00000E+00   0.28380E+00
        GC_45 =  -0.00000E+00  -0.28850E-01
        GC_46 =   0.00000E+00   0.86550E-01
        GC_77 =   0.00000E+00   0.44665E+00
        GC_78 =   0.00000E+00   0.10351E+00
        GC_79 =   0.00000E+00  -0.10351E+00
        GC_80 =   0.00000E+00   0.44665E+00

 Collider parameters:
 --------------------

 Running at P P   machine @    13000.000000000000       GeV
 PDF set = nn23lo1
 alpha_s(Mz)= 0.1300 running at 2 loops.
 alpha_s(Mz)= 0.1300 running at 2 loops.
 Renormalization scale set on event-by-event basis
 Factorization   scale set on event-by-event basis


 getting user params
Enter number of events and max and min iterations: 
 Number of events and iterations         1000           5           3
Enter desired fractional accuracy: 
 Desired fractional accuracy:   0.10000000000000001     
Enter 0 for fixed, 2 for adjustable grid: 
Suppress amplitude (0 no, 1 yes)? 
 Using suppressed amplitude.
Exact helicity sum (0 yes, n = number/event)? 
 Explicitly summing over helicities
Enter Configuration Number: 
Running Configuration Number:    3
 Using dconfig=         203
 BW Setting            2           1           1           1           2           0
 Attempting mappinvarients           1           8
 Completed mapping           8
 about to integrate           16        1000           5           3          16           1
 Using non-zero grid deformation.
 16 dimensions   1000 events 16 invarients  5 iterations  1 config(s),  (0.99)
 Using h-tuple random number sequence.
 Error opening grid
 Using Uniform Grid!          32
 Using uniform alpha   1.0000000000000000     
 Grid defined OK
 Set CM energy to      13000.00
 Mapping Graph           3  to config           3
Setting grid   1    0.59172E-08   1
 Setting BW          -2           2   79.824359746197842     
 Setting BW          -3           3   900.00000000000000     
 Setting BW          -4           4   91.187600000000003     
Setting grid   5    0.38427E-02   1
 Transforming s_hat 1/s           15   3.8426895270932556E-003   0.0000000000000000        168999999.99999997     
   3   1   2   3   4   5   6   7   8   9  10  11  12  13  14
  15  16
 Masses: 0.000E+00 0.000E+00 0.000E+00 0.000E+00 0.000E+00 0.000E+00 0.000E+00 0.000E+00
 Got moffset           1
Using random seed offsets     3 :      1
  with seed                  213
 Ranmar initialization seeds       20804       12752
 
 ********************************************
 * You are using the DiscreteSampler module *
 *      part of the MG5_aMC framework       *
 *         Author: Valentin Hirschi         *
 ********************************************
 
  Particle       3       4       5       6       7       8
      Et >     0.0     0.0     0.0     0.0     0.0     0.0
       E >     0.0     0.0     0.0     0.0     0.0     0.0
     Eta <    -1.0    -1.0    -1.0    -1.0    -1.0    -1.0
   xqcut:      0.0     0.0     0.0     0.0     0.0     0.0
d R # 3  >    -0.0     0.0     0.0     0.0     0.0     0.0
d R # 4  >    -0.0    -0.0     0.0     0.0     0.0     0.0
d R # 5  >    -0.0    -0.0    -0.0     0.0     0.0     0.0
d R # 6  >    -0.0    -0.0    -0.0    -0.0     0.0     0.0
d R # 7  >    -0.0    -0.0    -0.0    -0.0    -0.0     0.0
s min # 3>     0.0     0.0     0.0     0.0     0.0     0.0
s min # 4>     0.0     0.0     0.0     0.0     0.0     0.0
s min # 5>     0.0     0.0     0.0     0.0     0.0     0.0
s min # 6>     0.0     0.0     0.0     0.0     0.0     0.0
s min # 7>     0.0     0.0     0.0     0.0     0.0     0.0
xqcutij # 3>     0.0     0.0     0.0     0.0     0.0     0.0
xqcutij # 4>     0.0     0.0     0.0     0.0     0.0     0.0
xqcutij # 5>     0.0     0.0     0.0     0.0     0.0     0.0
xqcutij # 6>     0.0     0.0     0.0     0.0     0.0     0.0
xqcutij # 7>     0.0     0.0     0.0     0.0     0.0     0.0
 Excluding BW           -1           1
 Requiring BW           -2           2
 Requiring BW           -3           3
 Requiring BW           -4           4
 Excluding BW           -5           5
 alpha_s for scale    1174.1188328420872       is    9.1358166445345723E-002
 Added good helicity            1   53.623143485428962       in event            1 local:           1
 Added good helicity            6   4.5655596972334001E-008  in event            1 local:           1
 Added good helicity           11   2.7463894744534242E-007  in event            1 local:           1
 Added good helicity           16   4.0420418045393974E-006  in event            1 local:           1
 Added good helicity           49  0.11078679756535352       in event            1 local:           1
 Added good helicity          193  0.70211858368884683       in event            1 local:           1
 Added good helicity          208   5.2924772449893430E-008  in event            1 local:           1
 Added good helicity          241   201.56393030727156       in event            1 local:           1
 Added good helicity          246   1.7161473513332943E-007  in event            1 local:           1
 Added good helicity          251   1.0323398082318260E-006  in event            1 local:           1
 Added good helicity          256   1.5193623119290732E-005  in event            1 local:           1
 Added good helicity            1   53.623143485428969       in event            1 local:           1
 Added good helicity            6   4.5655596972332439E-008  in event            1 local:           1
 Added good helicity           11   2.7463894744533442E-007  in event            1 local:           1
 Added good helicity           16   4.0420418045392729E-006  in event            1 local:           1
 Added good helicity           49  0.11078679756535331       in event            1 local:           1
 Added good helicity          193  0.70211858368884972       in event            1 local:           1
 Added good helicity          208   5.2924772449891980E-008  in event            1 local:           1
 Added good helicity          241   201.56393030727156       in event            1 local:           1
 Added good helicity          246   1.7161473513332345E-007  in event            1 local:           1
 Added good helicity          251   1.0323398082317957E-006  in event            1 local:           1
 Added good helicity          256   1.5193623119290246E-005  in event            1 local:           1
 Added good helicity           54   3.2710946564186170E-008  in event            6 local:           1
 Added good helicity           59   1.9677105393612092E-007  in event            6 local:           1
 Added good helicity           64   2.8960088630232082E-006  in event            6 local:           1
 Added good helicity          198   2.0730776570393807E-007  in event            6 local:           1
 Added good helicity          203   1.2470494385316240E-006  in event            6 local:           1
 Added good helicity           54   3.2710946564183259E-008  in event            6 local:           1
 Added good helicity           59   1.9677105393610435E-007  in event            6 local:           1
 Added good helicity           64   2.8960088630229605E-006  in event            6 local:           1
 Added good helicity          198   2.0730776570392095E-007  in event            6 local:           1
 Added good helicity          203   1.2470494385315270E-006  in event            6 local:           1
 RESET CUMULATIVE VARIABLE
 RESET CUMULATIVE VARIABLE
 RESET CUMULATIVE VARIABLE
 Iteration  1   Mean: 0.1102E-05 Abs mean: 0.1102E-05   Fluctuation:  0.210E-06   0.108E-03    59.7%
  1    0.1102E-05 0.1102E-05 +- 0.2101E-06      6.03
 Writing out events   3.6901378255767496E-010   6.0289223027148333     
 Relative summed weights:
  0.0000E+00  0.0000E+00  0.0000E+00  0.0000E+00  0.2705E-01  0.1611E-01  0.7459E-07  0.2475E-04  0.6262E-04  0.0000E+00  0.0000E+00  0.3806E-07  0.2242E-03  0.1545E-01  0.0000E+00  0.0000E+00  0.8018E-01  0.1351E-01  0.1470E-05  0.1636E-02  0.0000E+00  0.9227E-09  0.9060E-01  0.1453E-01  0.0000E+00  0.4686E-08  0.5327E-06  0.3256E-03  0.0000E+00  0.0000E+00  0.2200E-03  0.5064E-04  0.1234E-05  0.8966E-02  0.4686E-01  0.2902E-01  0.0000E+00  0.0000E+00  0.0000E+00  0.0000E+00  0.0000E+00  0.0000E+00  0.0000E+00  0.0000E+00  0.8555E-01  0.1005E+00  0.0000E+00  0.1639E-04  0.2301E-08  0.2080E-01  0.3498E-07  0.0000E+00  0.4847E-03  0.1671E-06  0.0000E+00  0.0000E+00  0.1354E+00  0.9216E-01  0.7323E-15  0.7538E-03  0.4260E-05  0.4935E-04  0.1968E-01  0.1142E-01  0.0000E+00  0.0000E+00  0.1443E-01  0.6534E-01  0.0000E+00  0.1211E-06  0.2215E-05  0.1172E-07  0.2149E-01  0.5355E-01  0.1879E-01  0.1469E-01  0.0000E+00  0.0000E+00  0.0000E+00  0.0000E+00
 Relative number of events:
  0.0000E+00  0.0000E+00  0.0000E+00  0.0000E+00  0.7433E-01  0.4757E-01  0.9911E-03  0.4955E-02  0.1982E-02  0.0000E+00  0.0000E+00  0.9911E-03  0.3964E-02  0.1982E-02  0.0000E+00  0.0000E+00  0.5550E-01  0.7037E-01  0.9911E-03  0.2973E-02  0.0000E+00  0.9911E-03  0.6343E-01  0.6442E-01  0.0000E+00  0.9911E-03  0.9911E-03  0.3964E-02  0.0000E+00  0.0000E+00  0.2973E-02  0.3964E-02  0.6938E-02  0.2973E-02  0.7235E-01  0.6046E-01  0.0000E+00  0.0000E+00  0.0000E+00  0.0000E+00  0.0000E+00  0.0000E+00  0.0000E+00  0.0000E+00  0.4955E-01  0.5253E-01  0.0000E+00  0.1982E-02  0.9911E-03  0.3964E-02  0.9911E-03  0.0000E+00  0.3964E-02  0.1982E-02  0.0000E+00  0.0000E+00  0.5847E-01  0.5352E-01  0.9911E-03  0.2973E-02  0.1982E-02  0.3964E-02  0.3568E-01  0.6244E-01  0.0000E+00  0.0000E+00  0.3964E-02  0.4955E-02  0.0000E+00  0.9911E-03  0.1982E-02  0.9911E-03  0.1982E-02  0.2973E-02  0.4955E-01  0.4559E-01  0.0000E+00  0.0000E+00  0.0000E+00  0.0000E+00
 Events:
           0           0           0           0          75          48           1           5           2           0           0           1           4           2           0           0          56          71           1           3           0           1          64          65           0           1           1           4           0           0           3           4           7           3          73          61           0           0           0           0           0           0           0           0          50          53           0           2           1           4           1           0           4           2           0           0          59          54           1           3           2           4          36          63           0           0           4           5           0           1           2           1           2           3          50          46           0           0           0           0
 Iteration  2   Mean: 0.1155E-05 Abs mean: 0.1155E-05   Fluctuation:  0.110E-06   0.918E-04    82.0%
  2    0.1155E-05 0.1155E-05 +- 0.1096E-06      4.24
 Relative summed weights:
  0.0000E+00  0.0000E+00  0.0000E+00  0.0000E+00  0.6402E-01  0.8359E-01  0.2435E-02  0.1567E-03  0.3505E-03  0.3864E-02  0.0000E+00  0.0000E+00  0.5835E-04  0.1161E-02  0.0000E+00  0.0000E+00  0.9663E-01  0.8227E-01  0.2772E-03  0.6644E-02  0.5051E-03  0.2760E-03  0.7494E-01  0.5169E-01  0.0000E+00  0.0000E+00  0.6905E-03  0.3780E-03  0.0000E+00  0.0000E+00  0.1056E-02  0.9560E-04  0.2206E-01  0.8955E-02  0.4871E-01  0.5312E-01  0.0000E+00  0.0000E+00  0.0000E+00  0.0000E+00  0.0000E+00  0.0000E+00  0.0000E+00  0.0000E+00  0.4052E-01  0.5780E-01  0.1395E-02  0.1263E-03  0.4086E-03  0.6746E-03  0.0000E+00  0.0000E+00  0.1143E-04  0.1618E-02  0.0000E+00  0.0000E+00  0.2582E-01  0.5862E-01  0.4578E-02  0.3659E-05  0.3355E-03  0.2877E-05  0.3504E-01  0.7012E-01  0.0000E+00  0.0000E+00  0.6635E-02  0.1164E-01  0.0000E+00  0.0000E+00  0.2234E-04  0.1732E-02  0.1117E-02  0.9182E-02  0.5040E-01  0.1827E-01  0.0000E+00  0.0000E+00  0.0000E+00  0.0000E+00
 Relative number of events:
  0.0000E+00  0.0000E+00  0.0000E+00  0.0000E+00  0.6350E-01  0.6900E-01  0.2500E-02  0.3500E-02  0.2500E-02  0.1000E-02  0.0000E+00  0.0000E+00  0.3000E-02  0.3000E-02  0.0000E+00  0.0000E+00  0.6350E-01  0.6350E-01  0.3000E-02  0.5500E-02  0.2500E-02  0.4000E-02  0.7400E-01  0.5700E-01  0.0000E+00  0.0000E+00  0.1500E-02  0.4500E-02  0.0000E+00  0.0000E+00  0.2000E-02  0.2500E-02  0.2000E-02  0.2500E-02  0.6950E-01  0.6700E-01  0.0000E+00  0.0000E+00  0.0000E+00  0.0000E+00  0.0000E+00  0.0000E+00  0.0000E+00  0.0000E+00  0.4650E-01  0.4700E-01  0.2500E-02  0.2500E-02  0.3500E-02  0.3000E-02  0.0000E+00  0.0000E+00  0.2000E-02  0.1500E-02  0.0000E+00  0.0000E+00  0.4900E-01  0.5000E-01  0.3000E-02  0.1000E-02  0.3500E-02  0.5000E-03  0.4350E-01  0.4100E-01  0.0000E+00  0.0000E+00  0.5000E-02  0.2500E-02  0.0000E+00  0.0000E+00  0.1500E-02  0.3500E-02  0.4500E-02  0.4000E-02  0.5250E-01  0.5400E-01  0.0000E+00  0.0000E+00  0.0000E+00  0.0000E+00
 Events:
           0           0           0           0         127         138           5           7           5           2           0           0           6           6           0           0         127         127           6          11           5           8         148         114           0           0           3           9           0           0           4           5           4           5         139         134           0           0           0           0           0           0           0           0          93          94           5           5           7           6           0           0           4           3           0           0          98         100           6           2           7           1          87          82           0           0          10           5           0           0           3           7           9           8         105         108           0           0           0           0
 Iteration  3   Mean: 0.1372E-05 Abs mean: 0.1372E-05   Fluctuation:  0.707E-07   0.121E-03    89.4%
  3    0.1372E-05 0.1372E-05 +- 0.7071E-07      3.26
 Relative summed weights:
  0.0000E+00  0.0000E+00  0.0000E+00  0.0000E+00  0.4717E-01  0.8801E-01  0.1909E-02  0.1507E-02  0.1385E-02  0.7707E-02  0.3626E-03  0.0000E+00  0.1060E-02  0.3733E-02  0.5838E-04  0.0000E+00  0.7141E-01  0.6247E-01  0.1709E-02  0.5415E-02  0.2818E-02  0.1127E-02  0.6128E-01  0.5142E-01  0.0000E+00  0.2219E-04  0.6274E-02  0.2561E-02  0.3942E-03  0.1372E-06  0.5828E-02  0.4538E-02  0.1012E-01  0.2074E-02  0.6743E-01  0.6376E-01  0.0000E+00  0.0000E+00  0.0000E+00  0.0000E+00  0.0000E+00  0.0000E+00  0.0000E+00  0.0000E+00  0.5903E-01  0.4573E-01  0.9578E-03  0.7200E-02  0.4819E-02  0.9477E-03  0.0000E+00  0.6592E-04  0.3224E-02  0.4626E-02  0.0000E+00  0.2974E-03  0.4781E-01  0.5316E-01  0.1574E-02  0.1098E-02  0.8519E-03  0.4125E-03  0.2917E-01  0.3946E-01  0.0000E+00  0.3115E-04  0.6729E-03  0.2584E-02  0.0000E+00  0.0000E+00  0.1404E-01  0.1492E-02  0.1798E-02  0.2147E-02  0.4675E-01  0.5649E-01  0.0000E+00  0.0000E+00  0.0000E+00  0.0000E+00
 Relative number of events:
  0.0000E+00  0.0000E+00  0.0000E+00  0.0000E+00  0.6550E-01  0.7225E-01  0.4250E-02  0.3250E-02  0.2250E-02  0.2750E-02  0.5000E-03  0.0000E+00  0.2250E-02  0.3750E-02  0.2500E-03  0.0000E+00  0.6075E-01  0.6175E-01  0.5500E-02  0.3250E-02  0.3000E-02  0.2750E-02  0.6800E-01  0.6050E-01  0.0000E+00  0.2500E-03  0.4000E-02  0.3000E-02  0.2500E-03  0.2500E-03  0.3750E-02  0.5250E-02  0.3750E-02  0.5000E-02  0.6275E-01  0.5650E-01  0.0000E+00  0.0000E+00  0.0000E+00  0.0000E+00  0.0000E+00  0.0000E+00  0.0000E+00  0.0000E+00  0.5350E-01  0.4975E-01  0.2500E-02  0.3000E-02  0.3250E-02  0.7500E-03  0.0000E+00  0.2500E-03  0.2750E-02  0.2250E-02  0.0000E+00  0.2500E-03  0.4725E-01  0.5075E-01  0.4000E-02  0.3250E-02  0.2750E-02  0.2500E-02  0.4775E-01  0.4550E-01  0.0000E+00  0.2500E-03  0.1500E-02  0.2500E-02  0.0000E+00  0.0000E+00  0.2750E-02  0.1500E-02  0.3000E-02  0.2750E-02  0.4800E-01  0.4850E-01  0.0000E+00  0.0000E+00  0.0000E+00  0.0000E+00
 Events:
           0           0           0           0         262         289          17          13           9          11           2           0           9          15           1           0         243         247          22          13          12          11         272         242           0           1          16          12           1           1          15          21          15          20         251         226           0           0           0           0           0           0           0           0         214         199          10          12          13           3           0           1          11           9           0           1         189         203          16          13          11          10         191         182           0           1           6          10           0           0          11           6          12          11         192         194           0           0           0           0
 Accuracy:    0.055   0.100   0.044   1.546
 Finished due to accuracy    5.4769416235108552E-002  0.10000000000000001     

 -------------------------------------------------------------------------------
 Accumulated results:   Integral =  0.1311E-05
                        Std dev  =  0.5775E-07
                       Cross sec =  0.1311E-05
             Chi**2 per DoF.     =      1.5459
 -------------------------------------------------------------------------------
 Found          406  events.
 Wrote           66  events.
 Actual xsec    1.3110713246488035E-006
 Correct abs xsec    1.3110713246488035E-006
 Event xsec    1.3110713246488046E-006
 Events wgts > 1:            2
 % Cross section > 1:    7.2718738703579116E-009  0.55465127896880984     
-------------------------------------------------
---------------------------
 Results Last   3 iters: Integral =   0.1311E-05
                     Abs integral =   0.1311E-05
                          Std dev =   0.5775E-07
                  Chi**2 per DoF. =      1.8812
-------------------------------------------------
---------------------------
 Status  0.10000000000000001                4           5

ls status:
events.lhe
ftn26
input_app.txt
input_sg.txt
moffset.dat
results.dat
run1_app.log
run_09_log.txt
run_10_log.txt
run_17_log.txt
