 Process in group number            3
 A PDF is used, so alpha_s(MZ) is going to be modified
 Old value of alpha_s from param_card:   0.11839999999999999     
  ****************************************
 
       NNPDFDriver version 1.0.3
   Grid: NNPDF23_lo_as_0130_qed_mem0.grid
  ****************************************
 New value of alpha_s from PDF nn23lo1:  0.13000000000000000     
 Define smin to   0.0000000000000000     
 Define smin to   0.0000000000000000     
 Define smin to   0.0000000000000000     
 Define smin to   0.0000000000000000     
 Define smin to   0.0000000000000000     
 Define smin to   0.0000000000000000     
 Define smin to   0.0000000000000000     
 Define smin to   0.0000000000000000     
 Define smin to   0.0000000000000000     
 Define smin to   0.0000000000000000     
 Define smin to   0.0000000000000000     
 Define smin to   0.0000000000000000     
 Warning: pt or E min of a jet should in general be >0
 Warning: pt or E min of a jet should in general be >0
 Warning: pt or E min of a jet should in general be >0
 Warning: pt or E min of a jet should in general be >0
 *****************************************************
 *               MadGraph/MadEvent                   *
 *        --------------------------------           *
 *          http://madgraph.hep.uiuc.edu             *
 *          http://madgraph.phys.ucl.ac.be           *
 *          http://madgraph.roma2.infn.it            *
 *        --------------------------------           *
 *                                                   *
 *          PARAMETER AND COUPLING VALUES            *
 *                                                   *
 *****************************************************

  External Params
  ---------------------------------
  
 mdl_cabi =   0.22773599999999999     
 mdl_rhoH =    5.0000000000000003E-002
 mdl_Lambda =    5000.0000000000000     
 mdl_fW =   -300.00000000000000     
 mdl_fWW =    4600.0000000000000     
 mdl_fB =    0.0000000000000000     
 mdl_fBB =    0.0000000000000000     
 aEWM1 =    127.90000000000001     
 mdl_Gf =    1.1663700000000000E-005
 aS =   0.11839999999999999     
 mdl_ymb =    4.7000000000000002     
 mdl_ymt =    172.00000000000000     
 mdl_ymtau =    1.7769999999999999     
 mdl_MZ =    91.187600000000003     
 mdl_MTA =    1.7769999999999999     
 mdl_MT =    172.00000000000000     
 mdl_MB =    4.7000000000000002     
 mdl_MH =    125.00000000000000     
 mdl_MHH =    900.00000000000000     
 mdl_WZ =    2.4952000000000001     
 mdl_WW =    2.0850000000000000     
 mdl_WT =    1.5083359999999999     
 mdl_WH =    4.0699999999999998E-003
 mdl_WHH =    9.8597999999999999     
  Internal Params
  ---------------------------------
  
 mdl_cos__cabi =   0.97418004031982097     
 mdl_CKM1x1 =  ( 0.97418004031982097     ,  0.0000000000000000     )
 mdl_sin__cabi =   0.22577256042856930     
 mdl_CKM1x2 =  ( 0.22577256042856930     ,  0.0000000000000000     )
 mdl_CKM2x1 =  (-0.22577256042856930     ,  0.0000000000000000     )
 mdl_CKM2x2 =  ( 0.97418004031982097     ,  0.0000000000000000     )
 mdl_MZ__exp__2 =    8315.1783937600012     
 mdl_MZ__exp__4 =    69142191.720053151     
 mdl_sqrt__2 =    1.4142135623730951     
 mdl_Lambda__exp__2 =    25000000.000000000     
 mdl_MH__exp__2 =    15625.000000000000     
 mdl_complexi =  (  0.0000000000000000     ,  1.0000000000000000     )
 mdl_conjg__CKM1x1 =  ( 0.97418004031982097     , -0.0000000000000000     )
 mdl_conjg__CKM1x2 =  ( 0.22577256042856930     , -0.0000000000000000     )
 mdl_conjg__CKM2x1 =  (-0.22577256042856930     , -0.0000000000000000     )
 mdl_conjg__CKM2x2 =  ( 0.97418004031982097     , -0.0000000000000000     )
 mdl_aEW =    7.8186082877247844E-003
 mdl_MW =    79.824359746197842     
 mdl_sqrt__aEW =    8.8422894590285753E-002
 mdl_ee =   0.31345100004952897     
 mdl_MW__exp__2 =    6371.9284088904105     
 mdl_sw2 =   0.23369913342182447     
 mdl_cw =   0.87538612427783857     
 mdl_sqrt__sw2 =   0.48342438232036300     
 mdl_sw =   0.48342438232036300     
 mdl_g1 =   0.35807170271074895     
 mdl_gw =   0.64839716719502682     
 mdl_vev =    246.22056907348590     
 mdl_gHWW =    2.5878944366295706     
 mdl_gHWW1 =   -1.5527366619777423E-005
 mdl_gHWW2 =   -4.7617257633984105E-004
 mdl_cw__exp__2 =   0.76630086657817542     
 mdl_gHZZ =    1.6885629062286611     
 mdl_sw__exp__2 =   0.23369913342182450     
 mdl_gHZZ1 =   -1.5527366619777423E-005
 mdl_cw__exp__4 =   0.58721701811846261     
 mdl_sw__exp__4 =    5.4615284962111724E-002
 mdl_gHZZ2 =   -1.8244572894499127E-004
 mdl_vev__exp__2 =    60624.568634871241     
 mdl_lam =   0.12886689630821144     
 mdl_yb =    2.6995322804122722E-002
 mdl_yt =   0.98791394091683138     
 mdl_ytau =    1.0206529494239589E-002
 mdl_muH =    88.388347648318444     
 mdl_I1a33 =  (  2.6995322804122722E-002,  0.0000000000000000     )
 mdl_I2a33 =  ( 0.98791394091683138     ,  0.0000000000000000     )
 mdl_I3a33 =  ( 0.98791394091683138     ,  0.0000000000000000     )
 mdl_I4a33 =  (  2.6995322804122722E-002,  0.0000000000000000     )
 mdl_ee__exp__2 =    9.8251529432049817E-002
  Internal Params evaluated point by point
  ----------------------------------------
  
 mdl_sqrt__aS =   0.34409301068170506     
 mdl_G__exp__2 =    1.4878582807401259     
  Couplings of SMwithHeavyScalarDim4Dim6_NoDecay_UFO
  ---------------------------------
  
        GC_13 =   0.00000E+00   0.25879E+01
        GC_14 =   0.00000E+00   0.15527E-04
        GC_15 =  -0.00000E+00  -0.95235E-03
        GC_16 =   0.00000E+00   0.33771E+01
        GC_17 =   0.00000E+00   0.15527E-04
        GC_18 =  -0.00000E+00  -0.72978E-03
        GC_33 =   0.00000E+00   0.44665E+00
        GC_34 =   0.00000E+00   0.10351E+00
        GC_35 =  -0.00000E+00  -0.10351E+00
        GC_36 =   0.00000E+00   0.44665E+00
        GC_37 =  -0.00000E+00  -0.28380E+00
        GC_38 =   0.00000E+00   0.28380E+00
        GC_45 =  -0.00000E+00  -0.28850E-01
        GC_46 =   0.00000E+00   0.86550E-01
        GC_77 =   0.00000E+00   0.44665E+00
        GC_78 =   0.00000E+00   0.10351E+00
        GC_79 =   0.00000E+00  -0.10351E+00
        GC_80 =   0.00000E+00   0.44665E+00

 Collider parameters:
 --------------------

 Running at P P   machine @    13000.000000000000       GeV
 PDF set = nn23lo1
 alpha_s(Mz)= 0.1300 running at 2 loops.
 alpha_s(Mz)= 0.1300 running at 2 loops.
 Renormalization scale set on event-by-event basis
 Factorization   scale set on event-by-event basis


 getting user params
Enter number of events and max and min iterations: 
 Number of events and iterations         1000           5           3
Enter desired fractional accuracy: 
 Desired fractional accuracy:   0.10000000000000001     
Enter 0 for fixed, 2 for adjustable grid: 
Suppress amplitude (0 no, 1 yes)? 
 Using suppressed amplitude.
Exact helicity sum (0 yes, n = number/event)? 
 Explicitly summing over helicities
Enter Configuration Number: 
Running Configuration Number:    1
 Using dconfig=         202
 BW Setting            1           1           1           1           2           0
 Attempting mappinvarients           1           8
 Completed mapping           8
 about to integrate           16        1000           5           3          16           1
 Using non-zero grid deformation.
 16 dimensions   1000 events 16 invarients  5 iterations  1 config(s),  (0.99)
 Using h-tuple random number sequence.
 Error opening grid
 Using Uniform Grid!          32
 Using uniform alpha   1.0000000000000000     
 Grid defined OK
 Set CM energy to      13000.00
 Mapping Graph           1  to config           1
 Setting BW          -1           1   91.187600000000003     
 Setting BW          -2           2   91.187600000000003     
 Setting BW          -3           3   900.00000000000000     
 Setting BW          -4           4   91.187600000000003     
Setting grid   5    0.38427E-02   1
 Transforming s_hat 1/s           15   3.8426895270932556E-003   0.0000000000000000        168999999.99999997     
   1   1   2   3   4   5   6   7   8   9  10  11  12  13  14
  15  16
 Masses: 0.000E+00 0.000E+00 0.000E+00 0.000E+00 0.000E+00 0.000E+00 0.000E+00 0.000E+00
 Got moffset           1
Using random seed offsets     1 :      3
  with seed                  213
 Ranmar initialization seeds       20802       12754
 
 ********************************************
 * You are using the DiscreteSampler module *
 *      part of the MG5_aMC framework       *
 *         Author: Valentin Hirschi         *
 ********************************************
 
  Particle       3       4       5       6       7       8
      Et >     0.0     0.0     0.0     0.0     0.0     0.0
       E >     0.0     0.0     0.0     0.0     0.0     0.0
     Eta <    -1.0    -1.0    -1.0    -1.0    -1.0    -1.0
   xqcut:      0.0     0.0     0.0     0.0     0.0     0.0
d R # 3  >    -0.0     0.0     0.0     0.0     0.0     0.0
d R # 4  >    -0.0    -0.0     0.0     0.0     0.0     0.0
d R # 5  >    -0.0    -0.0    -0.0     0.0     0.0     0.0
d R # 6  >    -0.0    -0.0    -0.0    -0.0     0.0     0.0
d R # 7  >    -0.0    -0.0    -0.0    -0.0    -0.0     0.0
s min # 3>     0.0     0.0     0.0     0.0     0.0     0.0
s min # 4>     0.0     0.0     0.0     0.0     0.0     0.0
s min # 5>     0.0     0.0     0.0     0.0     0.0     0.0
s min # 6>     0.0     0.0     0.0     0.0     0.0     0.0
s min # 7>     0.0     0.0     0.0     0.0     0.0     0.0
xqcutij # 3>     0.0     0.0     0.0     0.0     0.0     0.0
xqcutij # 4>     0.0     0.0     0.0     0.0     0.0     0.0
xqcutij # 5>     0.0     0.0     0.0     0.0     0.0     0.0
xqcutij # 6>     0.0     0.0     0.0     0.0     0.0     0.0
xqcutij # 7>     0.0     0.0     0.0     0.0     0.0     0.0
 Requiring BW           -1           1
 Requiring BW           -2           2
 Requiring BW           -3           3
 Requiring BW           -4           4
 Excluding BW           -5           5
 alpha_s for scale    880.66841772353632       is    9.4500746032980185E-002
 Added good helicity            1   59.189195567106346       in event            1 local:           1
 Added good helicity            4   3.1521602090612144       in event            1 local:           1
 Added good helicity           13   11.848648911625709       in event            1 local:           1
 Added good helicity           16   9.3394215445733852       in event            1 local:           1
 Added good helicity           49   2.5390093593263274       in event            1 local:           1
 Added good helicity           52  0.13521664209523790       in event            1 local:           1
 Added good helicity           61  0.50826557437972875       in event            1 local:           1
 Added good helicity           64  0.40062850128586502       in event            1 local:           1
 Added good helicity          193   60.484947740332061       in event            1 local:           1
 Added good helicity          196   3.2211663579387739       in event            1 local:           1
 Added good helicity          205   12.108035991141282       in event            1 local:           1
 Added good helicity          208   9.5438773687673777       in event            1 local:           1
 Added good helicity          241   59.189195567106367       in event            1 local:           1
 Added good helicity          244   3.1521602090612162       in event            1 local:           1
 Added good helicity          253   11.848648911625718       in event            1 local:           1
 Added good helicity          256   9.3394215445733906       in event            1 local:           1
 Added good helicity            1   59.189195567106033       in event            1 local:           1
 Added good helicity            4   3.1521602090613459       in event            1 local:           1
 Added good helicity           13   11.848648911625810       in event            1 local:           1
 Added good helicity           16   9.3394215445734812       in event            1 local:           1
 Added good helicity           49   2.5390093593263150       in event            1 local:           1
 Added good helicity           52  0.13521664209524356       in event            1 local:           1
 Added good helicity           61  0.50826557437973297       in event            1 local:           1
 Added good helicity           64  0.40062850128586924       in event            1 local:           1
 Added good helicity          193   60.484947740331705       in event            1 local:           1
 Added good helicity          196   3.2211663579389080       in event            1 local:           1
 Added good helicity          205   12.108035991141380       in event            1 local:           1
 Added good helicity          208   9.5438773687674718       in event            1 local:           1
 Added good helicity          241   59.189195567106047       in event            1 local:           1
 Added good helicity          244   3.1521602090613468       in event            1 local:           1
 Added good helicity          253   11.848648911625819       in event            1 local:           1
 Added good helicity          256   9.3394215445734901       in event            1 local:           1
 RESET CUMULATIVE VARIABLE
 RESET CUMULATIVE VARIABLE
 RESET CUMULATIVE VARIABLE
 Iteration  1   Mean: 0.4070E-05 Abs mean: 0.4070E-05   Fluctuation:  0.518E-06   0.243E-03    61.8%
  1    0.4070E-05 0.4070E-05 +- 0.5185E-06      4.03
 Writing out events   1.3171473300450020E-009   4.0279763793474883     
 Relative summed weights:
  0.1741E-01  0.2281E-01  0.6772E-01  0.6113E-02  0.4673E-01  0.6022E-01  0.5071E-01  0.1383E+00  0.1900E-01  0.4729E-01  0.4529E-01  0.2542E-01  0.5210E-02  0.8377E-02  0.2699E-01  0.2183E-01  0.4529E-01  0.3987E-01  0.4446E-01  0.1157E+00  0.2492E-01  0.5212E-01  0.4721E-02  0.6354E-01
 Relative number of events:
  0.2180E-01  0.2874E-01  0.2874E-01  0.2676E-01  0.6343E-01  0.6145E-01  0.5748E-01  0.5946E-01  0.3865E-01  0.5352E-01  0.3667E-01  0.4361E-01  0.1586E-01  0.2478E-01  0.1883E-01  0.1883E-01  0.5748E-01  0.5748E-01  0.5055E-01  0.6640E-01  0.4856E-01  0.4063E-01  0.4262E-01  0.3766E-01
 Events:
          22          29          29          27          64          62          58          60          39          54          37          44          16          25          19          19          58          58          51          67          49          41          43          38
 Iteration  2   Mean: 0.3712E-05 Abs mean: 0.3712E-05   Fluctuation:  0.180E-06   0.148E-03    88.2%
  2    0.3712E-05 0.3712E-05 +- 0.1797E-06      2.17
 Relative summed weights:
  0.3060E-01  0.2557E-01  0.2109E-01  0.1696E-01  0.4829E-01  0.5813E-01  0.6921E-01  0.8498E-01  0.4015E-01  0.6270E-01  0.9401E-01  0.4981E-01  0.1644E-01  0.3395E-01  0.1474E-01  0.1913E-01  0.6446E-01  0.4434E-01  0.4897E-01  0.4624E-01  0.3422E-01  0.2571E-01  0.2985E-01  0.2044E-01
 Relative number of events:
  0.2500E-01  0.2500E-01  0.2400E-01  0.2650E-01  0.5900E-01  0.6550E-01  0.5800E-01  0.6900E-01  0.4600E-01  0.5000E-01  0.5350E-01  0.5000E-01  0.2600E-01  0.2450E-01  0.1550E-01  0.1900E-01  0.5950E-01  0.5750E-01  0.5300E-01  0.5100E-01  0.4300E-01  0.3650E-01  0.2950E-01  0.3350E-01
 Events:
          50          50          48          53         118         131         116         138          92         100         107         100          52          49          31          38         119         115         106         102          86          73          59          67
 Iteration  3   Mean: 0.3711E-05 Abs mean: 0.3711E-05   Fluctuation:  0.831E-07   0.720E-04    93.4%
  3    0.3711E-05 0.3711E-05 +- 0.8312E-07      1.42
 Relative summed weights:
  0.2507E-01  0.2712E-01  0.2484E-01  0.2899E-01  0.6916E-01  0.6264E-01  0.7456E-01  0.6882E-01  0.4221E-01  0.4041E-01  0.5370E-01  0.4511E-01  0.2133E-01  0.2191E-01  0.2221E-01  0.1902E-01  0.4959E-01  0.5530E-01  0.5305E-01  0.5544E-01  0.3578E-01  0.3045E-01  0.3636E-01  0.3694E-01
 Relative number of events:
  0.2650E-01  0.2325E-01  0.2550E-01  0.2375E-01  0.7200E-01  0.6625E-01  0.5900E-01  0.6300E-01  0.3925E-01  0.4550E-01  0.4625E-01  0.4425E-01  0.2175E-01  0.1950E-01  0.2200E-01  0.1925E-01  0.5850E-01  0.6850E-01  0.5175E-01  0.5350E-01  0.3400E-01  0.3800E-01  0.4100E-01  0.3775E-01
 Events:
         106          93         102          95         288         265         236         252         157         182         185         177          87          78          88          77         234         274         207         214         136         152         164         151
 Accuracy:    0.011   0.100   0.020   0.281
 Finished due to accuracy    1.0634338612117312E-002  0.10000000000000001     

 -------------------------------------------------------------------------------
 Accumulated results:   Integral =  0.3720E-05
                        Std dev  =  0.7468E-07
                       Cross sec =  0.3720E-05
             Chi**2 per DoF.     =      0.2806
 -------------------------------------------------------------------------------
 Found          413  events.
 Wrote          380  events.
 Actual xsec    3.7198082182778970E-006
 Correct abs xsec    3.7198082182778970E-006
 Event xsec    3.7198082182779461E-006
 Events wgts > 1:           14
 % Cross section > 1:    3.2074118651169884E-008  0.86225194335471222     
-------------------------------------------------
---------------------------
 Results Last   3 iters: Integral =   0.3720E-05
                     Abs integral =   0.3720E-05
                          Std dev =   0.7468E-07
                  Chi**2 per DoF. =      0.2355
-------------------------------------------------
---------------------------
 Status  0.10000000000000001                4           5

ls status:
events.lhe
ftn26
input_app.txt
input_sg.txt
moffset.dat
results.dat
run1_app.log
