 Process in group number            1
 A PDF is used, so alpha_s(MZ) is going to be modified
 Old value of alpha_s from param_card:   0.11839999999999999     
  ****************************************
 
       NNPDFDriver version 1.0.3
   Grid: NNPDF23_lo_as_0130_qed_mem0.grid
  ****************************************
 New value of alpha_s from PDF nn23lo1:  0.13000000000000000     
 Define smin to   167.80611600000000     
 Define smin to   167.80611600000000     
 Define smin to   167.80611600000000     
 Define smin to   167.80611600000000     
 Warning: pt or E min of a jet should in general be >0
 Warning: pt or E min of a jet should in general be >0
 Warning: pt or E min of a jet should in general be >0
 Warning: pt or E min of a jet should in general be >0
 *****************************************************
 *               MadGraph/MadEvent                   *
 *        --------------------------------           *
 *          http://madgraph.hep.uiuc.edu             *
 *          http://madgraph.phys.ucl.ac.be           *
 *          http://madgraph.roma2.infn.it            *
 *        --------------------------------           *
 *                                                   *
 *          PARAMETER AND COUPLING VALUES            *
 *                                                   *
 *****************************************************

  External Params
  ---------------------------------
  
 mdl_cabi =   0.22773599999999999     
 aEWM1 =    127.90000000000001     
 mdl_Gf =    1.1663700000000000E-005
 aS =   0.11839999999999999     
 mdl_ymb =    4.7000000000000002     
 mdl_ymt =    172.00000000000000     
 mdl_ymtau =    1.7769999999999999     
 mdl_Lambda =    5000.0000000000000     
 mdl_ca =    1.0000000000000000     
 mdl_kSM =    5.0000000000000003E-002
 mdl_kHtt =    0.0000000000000000     
 mdl_kAtt =    0.0000000000000000     
 mdl_kHbb =    0.0000000000000000     
 mdl_kAbb =    0.0000000000000000     
 mdl_kHll =    0.0000000000000000     
 mdl_kAll =    0.0000000000000000     
 mdl_kHaa =    0.0000000000000000     
 mdl_kAaa =    0.0000000000000000     
 mdl_kHza =    0.0000000000000000     
 mdl_kAza =    0.0000000000000000     
 mdl_kHgg =    0.0000000000000000     
 mdl_kAgg =    0.0000000000000000     
 mdl_kHzz =  -0.52481000000000000     
 mdl_kAzz =    0.0000000000000000     
 mdl_kHww =  -0.52481000000000000     
 mdl_kAww =    0.0000000000000000     
 mdl_kHda =    0.0000000000000000     
 mdl_kHdz =  -0.26240500000000000     
 mdl_kHdwR =  -0.26240500000000000     
 mdl_kHdwI =    0.0000000000000000     
 mdl_kHHgg =    1.0000000000000000     
 mdl_kAAgg =    1.0000000000000000     
 mdl_kqa =    1.0000000000000000     
 mdl_kqb =    1.0000000000000000     
 mdl_kla =    1.0000000000000000     
 mdl_klb =    1.0000000000000000     
 mdl_kw1 =    1.0000000000000000     
 mdl_kw2 =    1.0000000000000000     
 mdl_kw3 =    0.0000000000000000     
 mdl_kw4 =    0.0000000000000000     
 mdl_kw5 =    0.0000000000000000     
 mdl_kz1 =    0.0000000000000000     
 mdl_kz3 =    1.0000000000000000     
 mdl_kz5 =    0.0000000000000000     
 mdl_kq =    1.0000000000000000     
 mdl_kq3 =    1.0000000000000000     
 mdl_kl =    1.0000000000000000     
 mdl_kg =    1.0000000000000000     
 mdl_ka =    1.0000000000000000     
 mdl_kz =    1.0000000000000000     
 mdl_kw =    1.0000000000000000     
 mdl_kza =    0.0000000000000000     
 mdl_MZ =    91.187600000000003     
 mdl_MTA =    1.7769999999999999     
 mdl_MT =    172.00000000000000     
 mdl_MB =    4.7000000000000002     
 mdl_MX0 =    600.00000000000000     
 mdl_MX1 =    125.00000000000000     
 mdl_MX2 =    125.00000000000000     
 mdl_WZ =    2.4952000000000001     
 mdl_WW =    2.0850000000000000     
 mdl_WT =    1.5083359999999999     
 mdl_WX0 =   0.15059000000000000     
 mdl_WX1 =    4.0699999999999998E-003
 mdl_WX2 =    4.0699999999999998E-003
  Internal Params
  ---------------------------------
  
 mdl_cos__cabi =   0.97418004031982097     
 mdl_CKM1x1 =  ( 0.97418004031982097     ,  0.0000000000000000     )
 mdl_sin__cabi =   0.22577256042856930     
 mdl_CKM1x2 =  ( 0.22577256042856930     ,  0.0000000000000000     )
 mdl_CKM2x1 =  (-0.22577256042856930     ,  0.0000000000000000     )
 mdl_CKM2x2 =  ( 0.97418004031982097     ,  0.0000000000000000     )
 mdl_ca__exp__2 =    1.0000000000000000     
 mdl_sa =    0.0000000000000000     
 mdl_complexi =  (  0.0000000000000000     ,  1.0000000000000000     )
 mdl_kHdw =  (-0.26240500000000000     ,  0.0000000000000000     )
 mdl_MZ__exp__2 =    8315.1783937600012     
 mdl_MZ__exp__4 =    69142191.720053151     
 mdl_sqrt__2 =    1.4142135623730951     
 mdl_nb__2__exp__0_75 =    1.6817928305074290     
 mdl_MX0__exp__2 =    360000.00000000000     
 mdl_ca__exp__4 =    1.0000000000000000     
 mdl_ca__exp__3 =    1.0000000000000000     
 mdl_conjg__CKM1x1 =  ( 0.97418004031982097     , -0.0000000000000000     )
 mdl_conjg__CKM1x2 =  ( 0.22577256042856930     , -0.0000000000000000     )
 mdl_conjg__CKM2x1 =  (-0.22577256042856930     , -0.0000000000000000     )
 mdl_conjg__CKM2x2 =  ( 0.97418004031982097     , -0.0000000000000000     )
 mdl_conjg__kHdw =  (-0.26240500000000000     , -0.0000000000000000     )
 mdl_aEW =    7.8186082877247844E-003
 mdl_MW =    79.824359746197842     
 mdl_sqrt__aEW =    8.8422894590285753E-002
 mdl_ee =   0.31345100004952897     
 mdl_MW__exp__2 =    6371.9284088904105     
 mdl_sw2 =   0.23369913342182447     
 mdl_cw =   0.87538612427783857     
 mdl_sqrt__sw2 =   0.48342438232036300     
 mdl_sw =   0.48342438232036300     
 mdl_ad =  -0.12747442148678401     
 mdl_al =   -1.2074027013887732E-002
 mdl_an =   0.18517461872323218     
 mdl_au =    6.9774224250335873E-002
 mdl_bd =  -0.18517461872323218     
 mdl_bl =  -0.18517461872323218     
 mdl_bn =   0.18517461872323218     
 mdl_bu =   0.18517461872323218     
 mdl_gwwz =  -0.56759788318358417     
 mdl_g1 =   0.35807170271074895     
 mdl_gw =   0.64839716719502682     
 mdl_vev =    246.22056907348590     
 mdl_ee__exp__2 =    9.8251529432049817E-002
 mdl_gAaa =    1.3477023594718659E-005
 mdl_vev__exp__2 =    60624.568634871241     
 mdl_cw__exp__2 =   0.76630086657817542     
 mdl_gAza =    4.4999802188047602E-006
 mdl_gHaa =    2.6392504539657372E-005
 mdl_gHza =    3.9166441035016922E-005
 mdl_lam =    2.9690932909411916     
 mdl_yb =    2.6995322804122722E-002
 mdl_yt =   0.98791394091683138     
 mdl_ytau =    1.0206529494239589E-002
 mdl_muH =    424.26406871192853     
 mdl_sw__exp__2 =   0.23369913342182450     
  Internal Params evaluated point by point
  ----------------------------------------
  
 mdl_sqrt__aS =   0.34409301068170506     
 mdl_G__exp__2 =    1.4878582807401259     
 mdl_gAAgg =    3.1083017473614446E-007
 mdl_gAgg =    7.6532782508744533E-005
 mdl_gHgg =   -5.1021855005829691E-005
 mdl_gHHgg =    2.0722011649076294E-007
  Couplings of HC_UFO
  ---------------------------------
  
        GC_10 =  -0.00000E+00   0.00000E+00
        GC_13 =  -0.00000E+00  -0.20722E-06
        GC_62 =   0.00000E+00   0.00000E+00
        GC_64 =   0.00000E+00   0.00000E+00
         GC_1 =  -0.00000E+00  -0.10448E+00
         GC_2 =   0.00000E+00   0.20897E+00
         GC_3 =  -0.00000E+00  -0.31345E+00
         GC_9 =  -0.00000E+00  -0.00000E+00
        GC_16 =  -0.00000E+00  -0.00000E+00
        GC_17 =   0.00000E+00  -0.12074E-01
        GC_19 =  -0.00000E+00   0.18517E+00
        GC_21 =   0.00000E+00  -0.12747E+00
        GC_22 =   0.00000E+00   0.69774E-01
        GC_23 =  -0.00000E+00   0.18517E+00
        GC_24 =  -0.00000E+00  -0.18517E+00
        GC_61 =   0.00000E+00   0.00000E+00
        GC_66 =   0.00000E+00   0.00000E+00
        GC_77 =  -0.00000E+00  -0.28380E+00
        GC_78 =   0.00000E+00   0.28380E+00
        GC_89 =  -0.00000E+00  -0.28850E-01
        GC_90 =   0.00000E+00   0.86550E-01
        GC_98 =  -0.00000E+00  -0.21932E+03
       GC_100 =   0.00000E+00   0.33771E+01
       GC_101 =  -0.00000E+00  -0.00000E+00
       GC_102 =   0.00000E+00   0.00000E+00
       GC_105 =  -0.00000E+00  -0.00000E+00
       GC_106 =   0.00000E+00   0.00000E+00
        GC_35 =  -0.00000E+00  -0.20000E-03
        GC_38 =  -0.00000E+00  -0.00000E+00
        GC_40 =   0.00000E+00   0.52481E-04
        GC_42 =   0.00000E+00   0.10496E-03
        GC_43 =   0.00000E+00   0.50000E-04
        GC_45 =   0.00000E+00   0.50000E-04
        GC_49 =   0.00000E+00   0.50000E-04
        GC_56 =  -0.00000E+00  -0.94000E-03
        GC_58 =  -0.00000E+00  -0.35540E-03
        GC_68 =   0.00000E+00   0.00000E+00

 Collider parameters:
 --------------------

 Running at P P   machine @    13000.000000000000       GeV
 PDF set = nn23lo1
 alpha_s(Mz)= 0.1300 running at 2 loops.
 alpha_s(Mz)= 0.1300 running at 2 loops.
 Renormalization scale set on event-by-event basis
 Factorization   scale set on event-by-event basis


 getting user params
Enter number of events and max and min iterations: 
 Number of events and iterations         1000           5           3
Enter desired fractional accuracy: 
 Desired fractional accuracy:   0.10000000000000001     
Enter 0 for fixed, 2 for adjustable grid: 
Suppress amplitude (0 no, 1 yes)? 
 Using suppressed amplitude.
Exact helicity sum (0 yes, n = number/event)? 
 Explicitly summing over helicities
Enter Configuration Number: 
Running Configuration Number:   40
 Using dconfig=         203
 BW Setting            2           1           1           1           2           0
 Attempting mappinvarients           1           8
 Completed mapping           8
 about to integrate           16        1000           5           3          16           1
 Using non-zero grid deformation.
 16 dimensions   1000 events 16 invarients  5 iterations  1 config(s),  (0.99)
 Using h-tuple random number sequence.
 Error opening grid
 Using Uniform Grid!          32
 Using uniform alpha   1.0000000000000000     
 Grid defined OK
 Set CM energy to      13000.00
 Mapping Graph          40  to config          40
Setting grid   1    0.52284E-06   1
 Setting BW          -2           2   91.187600000000003     
 Setting BW          -3           3   600.00000000000000     
 Setting BW          -4           4   91.187600000000003     
Setting grid   5    0.25116E-02   1
 Transforming s_hat 1/s           15   2.5115575576956360E-003   167.80611600000000        168999999.99999997     
  40   1   2   3   4   5   6   7   8   9  10  11  12  13  14
  15  16
 Masses: 0.000E+00 0.000E+00 0.000E+00 0.000E+00 0.178E+01 0.178E+01 0.470E+01 0.470E+01
Using random seed offsets    40 :      5
  with seed                   24
 Ranmar initialization seeds       31098        9402
 
 ********************************************
 * You are using the DiscreteSampler module *
 *      part of the MG5_aMC framework       *
 *         Author: Valentin Hirschi         *
 ********************************************
 
  Particle       3       4       5       6       7       8
      Et >     0.0     0.0     0.0     0.0     0.0     0.0
       E >     0.0     0.0     0.0     0.0     0.0     0.0
     Eta <    -1.0    -1.0    -1.0    -1.0    -1.0    -1.0
   xqcut:      0.0     0.0     0.0     0.0     0.0     0.0
d R # 3  >    -0.0     0.0     0.0     0.0     0.0     0.0
d R # 4  >    -0.0    -0.0     0.0     0.0     0.0     0.0
d R # 5  >    -0.0    -0.0    -0.0     0.0     0.0     0.0
d R # 6  >    -0.0    -0.0    -0.0    -0.0     0.0     0.0
d R # 7  >    -0.0    -0.0    -0.0    -0.0    -0.0     0.0
s min # 3>     0.0     0.0     3.2     3.2    22.1     0.0
s min # 4>     0.0     0.0     3.2     3.2    22.1     0.0
s min # 5>     0.0     0.0     0.0    12.6    42.0     0.0
s min # 6>     0.0     0.0     0.0     0.0    42.0     0.0
s min # 7>     0.0     0.0     0.0     0.0     0.0     0.0
xqcutij # 3>     0.0     0.0     0.0     0.0     0.0     0.0
xqcutij # 4>     0.0     0.0     0.0     0.0     0.0     0.0
xqcutij # 5>     0.0     0.0     0.0     0.0     0.0     0.0
xqcutij # 6>     0.0     0.0     0.0     0.0     0.0     0.0
xqcutij # 7>     0.0     0.0     0.0     0.0     0.0     0.0
 Excluding BW           -1           1
 Requiring BW           -2           2
 Requiring BW           -3           3
 Requiring BW           -4           4
 Excluding BW           -5           5
 alpha_s for scale    405.02077106446609       is   0.10420548796870814     
 Added good helicity            1  0.12991400993768532       in event            1 local:           1
 Added good helicity            2   5.4368678899272341E-003  in event            1 local:           1
 Added good helicity            3   5.2922390517061496E-003  in event            1 local:           1
 Added good helicity            4   1.5106959201403749       in event            1 local:           1
 Added good helicity            5   1.7401358198759310E-002  in event            1 local:           1
 Added good helicity            6   4.1076281649076716E-006  in event            1 local:           1
 Added good helicity            7   6.6181680620410802E-006  in event            1 local:           1
 Added good helicity            8   1.0354690488745105E-004  in event            1 local:           1
 Added good helicity            9   2.1645404985148843E-003  in event            1 local:           1
 Added good helicity           10   3.5145229143979499E-006  in event            1 local:           1
 Added good helicity           11   5.2892628793835382E-006  in event            1 local:           1
 Added good helicity           12   7.2518115080629777E-004  in event            1 local:           1
 Added good helicity           13   34.191011886290241       in event            1 local:           1
 Added good helicity           14   4.9986476205583410E-003  in event            1 local:           1
 Added good helicity           15   8.3192174576767926E-003  in event            1 local:           1
 Added good helicity           16   3.3897412166718961E-003  in event            1 local:           1
 Added good helicity           49   2.6875402745368076E-002  in event            1 local:           1
 Added good helicity           50   1.1247286900407515E-003  in event            1 local:           1
 Added good helicity           51   1.0948092204034836E-003  in event            1 local:           1
 Added good helicity           52  0.31251872911190642       in event            1 local:           1
 Added good helicity           53   3.5998312278436458E-003  in event            1 local:           1
 Added good helicity           54   8.4974793182862005E-007  in event            1 local:           1
 Added good helicity           55   1.3691050887367846E-006  in event            1 local:           1
 Added good helicity           56   2.1420821151016760E-005  in event            1 local:           1
 Added good helicity           57   4.4778001759895306E-004  in event            1 local:           1
 Added good helicity           58   7.2705183088087018E-007  in event            1 local:           1
 Added good helicity           59   1.0941935375387320E-006  in event            1 local:           1
 Added good helicity           60   1.5001873547446602E-004  in event            1 local:           1
 Added good helicity           61   7.0731187125736215       in event            1 local:           1
 Added good helicity           62   1.0340737542403567E-003  in event            1 local:           1
 Added good helicity           63   1.7210023754066603E-003  in event            1 local:           1
 Added good helicity           64   7.0123815317784961E-004  in event            1 local:           1
 Added good helicity          193  0.64023290208952721       in event            1 local:           1
 Added good helicity          194   2.6793582225004914E-002  in event            1 local:           1
 Added good helicity          195   2.6080832761998300E-002  in event            1 local:           1
 Added good helicity          196   7.4449032370735653       in event            1 local:           1
 Added good helicity          197   8.5756124880102799E-002  in event            1 local:           1
 Added good helicity          198   2.0242918388747667E-005  in event            1 local:           1
 Added good helicity          199   3.2615180971699559E-005  in event            1 local:           1
 Added good helicity          200   5.1029242689283258E-004  in event            1 local:           1
 Added good helicity          201   1.0667133173082832E-002  in event            1 local:           1
 Added good helicity          202   1.7320019650108814E-005  in event            1 local:           1
 Added good helicity          203   2.6066165803106512E-005  in event            1 local:           1
 Added good helicity          204   3.5737857136735177E-003  in event            1 local:           1
 Added good helicity          205   168.49769147944082       in event            1 local:           1
 Added good helicity          206   2.4633976537003468E-002  in event            1 local:           1
 Added good helicity          207   4.0998170548327002E-002  in event            1 local:           1
 Added good helicity          208   1.6705079440803221E-002  in event            1 local:           1
 Added good helicity          241  0.12991400993768534       in event            1 local:           1
 Added good helicity          242   5.4368678899272375E-003  in event            1 local:           1
 Added good helicity          243   5.2922390517061522E-003  in event            1 local:           1
 Added good helicity          244   1.5106959201403751       in event            1 local:           1
 Added good helicity          245   1.7401358198759313E-002  in event            1 local:           1
 Added good helicity          246   4.1076281649076724E-006  in event            1 local:           1
 Added good helicity          247   6.6181680620410802E-006  in event            1 local:           1
 Added good helicity          248   1.0354690488745110E-004  in event            1 local:           1
 Added good helicity          249   2.1645404985148843E-003  in event            1 local:           1
 Added good helicity          250   3.5145229143979499E-006  in event            1 local:           1
 Added good helicity          251   5.2892628793835399E-006  in event            1 local:           1
 Added good helicity          252   7.2518115080629788E-004  in event            1 local:           1
 Added good helicity          253   34.191011886290241       in event            1 local:           1
 Added good helicity          254   4.9986476205583419E-003  in event            1 local:           1
 Added good helicity          255   8.3192174576767943E-003  in event            1 local:           1
 Added good helicity          256   3.3897412166718965E-003  in event            1 local:           1
 Added good helicity            1  0.12991400993768598       in event            1 local:           1
 Added good helicity            2   5.4368678899272254E-003  in event            1 local:           1
 Added good helicity            3   5.2922390517060975E-003  in event            1 local:           1
 Added good helicity            4   1.5106959201403751       in event            1 local:           1
 Added good helicity            5   1.7401358198759282E-002  in event            1 local:           1
 Added good helicity            6   4.1076281649076368E-006  in event            1 local:           1
 Added good helicity            7   6.6181680620410718E-006  in event            1 local:           1
 Added good helicity            8   1.0354690488745049E-004  in event            1 local:           1
 Added good helicity            9   2.1645404985148726E-003  in event            1 local:           1
 Added good helicity           10   3.5145229143979576E-006  in event            1 local:           1
 Added good helicity           11   5.2892628793835552E-006  in event            1 local:           1
 Added good helicity           12   7.2518115080629647E-004  in event            1 local:           1
 Added good helicity           13   34.191011886290198       in event            1 local:           1
 Added good helicity           14   4.9986476205582811E-003  in event            1 local:           1
 Added good helicity           15   8.3192174576768377E-003  in event            1 local:           1
 Added good helicity           16   3.3897412166718761E-003  in event            1 local:           1
 Added good helicity           49   2.6875402745368229E-002  in event            1 local:           1
 Added good helicity           50   1.1247286900407500E-003  in event            1 local:           1
 Added good helicity           51   1.0948092204034728E-003  in event            1 local:           1
 Added good helicity           52  0.31251872911190670       in event            1 local:           1
 Added good helicity           53   3.5998312278436415E-003  in event            1 local:           1
 Added good helicity           54   8.4974793182861295E-007  in event            1 local:           1
 Added good helicity           55   1.3691050887367833E-006  in event            1 local:           1
 Added good helicity           56   2.1420821151016641E-005  in event            1 local:           1
 Added good helicity           57   4.4778001759895094E-004  in event            1 local:           1
 Added good helicity           58   7.2705183088087198E-007  in event            1 local:           1
 Added good helicity           59   1.0941935375387358E-006  in event            1 local:           1
 Added good helicity           60   1.5001873547446570E-004  in event            1 local:           1
 Added good helicity           61   7.0731187125736197       in event            1 local:           1
 Added good helicity           62   1.0340737542403450E-003  in event            1 local:           1
 Added good helicity           63   1.7210023754066714E-003  in event            1 local:           1
 Added good helicity           64   7.0123815317784549E-004  in event            1 local:           1
 Added good helicity          193  0.64023290208953143       in event            1 local:           1
 Added good helicity          194   2.6793582225004907E-002  in event            1 local:           1
 Added good helicity          195   2.6080832761998071E-002  in event            1 local:           1
 Added good helicity          196   7.4449032370735795       in event            1 local:           1
 Added good helicity          197   8.5756124880102771E-002  in event            1 local:           1
 Added good helicity          198   2.0242918388747514E-005  in event            1 local:           1
 Added good helicity          199   3.2615180971699559E-005  in event            1 local:           1
 Added good helicity          200   5.1029242689283074E-004  in event            1 local:           1
 Added good helicity          201   1.0667133173082793E-002  in event            1 local:           1
 Added good helicity          202   1.7320019650108872E-005  in event            1 local:           1
 Added good helicity          203   2.6066165803106634E-005  in event            1 local:           1
 Added good helicity          204   3.5737857136735156E-003  in event            1 local:           1
 Added good helicity          205   168.49769147944090       in event            1 local:           1
 Added good helicity          206   2.4633976537003211E-002  in event            1 local:           1
 Added good helicity          207   4.0998170548327287E-002  in event            1 local:           1
 Added good helicity          208   1.6705079440803145E-002  in event            1 local:           1
 Added good helicity          241  0.12991400993768601       in event            1 local:           1
 Added good helicity          242   5.4368678899272271E-003  in event            1 local:           1
 Added good helicity          243   5.2922390517060984E-003  in event            1 local:           1
 Added good helicity          244   1.5106959201403760       in event            1 local:           1
 Added good helicity          245   1.7401358198759279E-002  in event            1 local:           1
 Added good helicity          246   4.1076281649076368E-006  in event            1 local:           1
 Added good helicity          247   6.6181680620410718E-006  in event            1 local:           1
 Added good helicity          248   1.0354690488745051E-004  in event            1 local:           1
 Added good helicity          249   2.1645404985148726E-003  in event            1 local:           1
 Added good helicity          250   3.5145229143979563E-006  in event            1 local:           1
 Added good helicity          251   5.2892628793835560E-006  in event            1 local:           1
 Added good helicity          252   7.2518115080629614E-004  in event            1 local:           1
 Added good helicity          253   34.191011886290212       in event            1 local:           1
 Added good helicity          254   4.9986476205582829E-003  in event            1 local:           1
 Added good helicity          255   8.3192174576768429E-003  in event            1 local:           1
 Added good helicity          256   3.3897412166718766E-003  in event            1 local:           1
 RESET CUMULATIVE VARIABLE
 RESET CUMULATIVE VARIABLE
 RESET CUMULATIVE VARIABLE
 Iteration  1   Mean: 0.2701E-06 Abs mean: 0.2701E-06   Fluctuation:  0.132E-06   0.127E-03    70.2%
  1    0.2701E-06 0.2701E-06 +- 0.1319E-06     15.44
 Writing out events   7.6936966264592823E-011   15.443453678672874     
 Relative summed weights:
  0.3913E-01  0.6043E+00  0.1122E+00  0.5802E-01  0.4939E-01  0.1453E-01  0.4541E-01  0.7696E-01
 Relative number of events:
  0.1179E+00  0.1219E+00  0.1566E+00  0.1606E+00  0.1100E+00  0.7830E-01  0.1239E+00  0.1308E+00
 Events:
         119         123         158         162         111          79         125         132
 Iteration  2   Mean: 0.1925E-06 Abs mean: 0.1925E-06   Fluctuation:  0.481E-07   0.808E-04    73.7%
  2    0.1925E-06 0.1925E-06 +- 0.4808E-07     11.17
 Relative summed weights:
  0.8711E-01  0.1018E+00  0.4214E+00  0.1228E+00  0.4642E-01  0.6073E-01  0.5333E-01  0.1064E+00
 Relative number of events:
  0.1255E+00  0.1155E+00  0.1625E+00  0.1555E+00  0.9350E-01  0.9900E-01  0.1235E+00  0.1250E+00
 Events:
         251         231         325         311         187         198         247         250
 Iteration  3   Mean: 0.1651E-06 Abs mean: 0.1651E-06   Fluctuation:  0.131E-07   0.363E-04    88.9%
  3    0.1651E-06 0.1651E-06 +- 0.1308E-07      5.01
 Relative summed weights:
  0.8759E-01  0.1345E+00  0.1368E+00  0.1924E+00  0.7558E-01  0.1267E+00  0.1206E+00  0.1259E+00
 Relative number of events:
  0.1247E+00  0.1370E+00  0.1557E+00  0.1643E+00  0.8825E-01  0.8800E-01  0.1165E+00  0.1255E+00
 Events:
         499         548         623         657         353         352         466         502
 Accuracy:    0.072   0.100   0.075   0.932
 Finished due to accuracy    7.2036155105856856E-002  0.10000000000000001     

 -------------------------------------------------------------------------------
 Accumulated results:   Integral =  0.1700E-06
                        Std dev  =  0.1269E-07
                       Cross sec =  0.1700E-06
             Chi**2 per DoF.     =      0.9323
 -------------------------------------------------------------------------------
 Found          299  events.
 Wrote           21  events.
 Actual xsec    1.7003520058866025E-007
 Correct abs xsec    1.7003520058866025E-007
 Event xsec    1.7003520058866025E-007
 Events wgts > 1:            0
 % Cross section > 1:    0.0000000000000000        0.0000000000000000     
-------------------------------------------------
---------------------------
 Results Last   3 iters: Integral =   0.1700E-06
                     Abs integral =   0.1700E-06
                          Std dev =   0.1269E-07
                  Chi**2 per DoF. =      0.4668
-------------------------------------------------
---------------------------
 Status  0.10000000000000001                4           5

ls status:
events.lhe
ftn26
input_app.txt
results.dat
run1_app.log
