 Process in group number            1
 A PDF is used, so alpha_s(MZ) is going to be modified
 Old value of alpha_s from param_card:   0.11839999999999999     
  ****************************************
 
       NNPDFDriver version 1.0.3
   Grid: NNPDF23_lo_as_0130_qed_mem0.grid
  ****************************************
 New value of alpha_s from PDF nn23lo1:  0.13000000000000000     
 Define smin to   499.70131599999996     
 Warning: pt or E min of a jet should in general be >0
 Warning: pt or E min of a jet should in general be >0
 Warning: pt or E min of a jet should in general be >0
 Warning: pt or E min of a jet should in general be >0
 *****************************************************
 *               MadGraph/MadEvent                   *
 *        --------------------------------           *
 *          http://madgraph.hep.uiuc.edu             *
 *          http://madgraph.phys.ucl.ac.be           *
 *          http://madgraph.roma2.infn.it            *
 *        --------------------------------           *
 *                                                   *
 *          PARAMETER AND COUPLING VALUES            *
 *                                                   *
 *****************************************************

  External Params
  ---------------------------------
  
 mdl_cabi =   0.22773599999999999     
 aEWM1 =    127.90000000000001     
 mdl_Gf =    1.1663700000000000E-005
 aS =   0.11839999999999999     
 mdl_ymb =    4.7000000000000002     
 mdl_ymt =    172.00000000000000     
 mdl_ymtau =    1.7769999999999999     
 mdl_Lambda =    5000.0000000000000     
 mdl_ca =    1.0000000000000000     
 mdl_kSM =    5.0000000000000003E-002
 mdl_kHtt =    0.0000000000000000     
 mdl_kAtt =    0.0000000000000000     
 mdl_kHbb =    0.0000000000000000     
 mdl_kAbb =    0.0000000000000000     
 mdl_kHll =    0.0000000000000000     
 mdl_kAll =    0.0000000000000000     
 mdl_kHaa =    0.0000000000000000     
 mdl_kAaa =    0.0000000000000000     
 mdl_kHza =    0.0000000000000000     
 mdl_kAza =    0.0000000000000000     
 mdl_kHgg =    0.0000000000000000     
 mdl_kAgg =    0.0000000000000000     
 mdl_kHzz =  -0.52481000000000000     
 mdl_kAzz =    0.0000000000000000     
 mdl_kHww =  -0.52481000000000000     
 mdl_kAww =    0.0000000000000000     
 mdl_kHda =    0.0000000000000000     
 mdl_kHdz =  -0.26240500000000000     
 mdl_kHdwR =  -0.26240500000000000     
 mdl_kHdwI =    0.0000000000000000     
 mdl_kHHgg =    1.0000000000000000     
 mdl_kAAgg =    1.0000000000000000     
 mdl_kqa =    1.0000000000000000     
 mdl_kqb =    1.0000000000000000     
 mdl_kla =    1.0000000000000000     
 mdl_klb =    1.0000000000000000     
 mdl_kw1 =    1.0000000000000000     
 mdl_kw2 =    1.0000000000000000     
 mdl_kw3 =    0.0000000000000000     
 mdl_kw4 =    0.0000000000000000     
 mdl_kw5 =    0.0000000000000000     
 mdl_kz1 =    0.0000000000000000     
 mdl_kz3 =    1.0000000000000000     
 mdl_kz5 =    0.0000000000000000     
 mdl_kq =    1.0000000000000000     
 mdl_kq3 =    1.0000000000000000     
 mdl_kl =    1.0000000000000000     
 mdl_kg =    1.0000000000000000     
 mdl_ka =    1.0000000000000000     
 mdl_kz =    1.0000000000000000     
 mdl_kw =    1.0000000000000000     
 mdl_kza =    0.0000000000000000     
 mdl_MZ =    91.187600000000003     
 mdl_MTA =    1.7769999999999999     
 mdl_MT =    172.00000000000000     
 mdl_MB =    4.7000000000000002     
 mdl_MX0 =    600.00000000000000     
 mdl_MX1 =    125.00000000000000     
 mdl_MX2 =    125.00000000000000     
 mdl_WZ =    2.4952000000000001     
 mdl_WW =    2.0850000000000000     
 mdl_WT =    1.5083359999999999     
 mdl_WX0 =   0.15059000000000000     
 mdl_WX1 =    4.0699999999999998E-003
 mdl_WX2 =    4.0699999999999998E-003
  Internal Params
  ---------------------------------
  
 mdl_cos__cabi =   0.97418004031982097     
 mdl_CKM1x1 =  ( 0.97418004031982097     ,  0.0000000000000000     )
 mdl_sin__cabi =   0.22577256042856930     
 mdl_CKM1x2 =  ( 0.22577256042856930     ,  0.0000000000000000     )
 mdl_CKM2x1 =  (-0.22577256042856930     ,  0.0000000000000000     )
 mdl_CKM2x2 =  ( 0.97418004031982097     ,  0.0000000000000000     )
 mdl_ca__exp__2 =    1.0000000000000000     
 mdl_sa =    0.0000000000000000     
 mdl_complexi =  (  0.0000000000000000     ,  1.0000000000000000     )
 mdl_kHdw =  (-0.26240500000000000     ,  0.0000000000000000     )
 mdl_MZ__exp__2 =    8315.1783937600012     
 mdl_MZ__exp__4 =    69142191.720053151     
 mdl_sqrt__2 =    1.4142135623730951     
 mdl_nb__2__exp__0_75 =    1.6817928305074290     
 mdl_MX0__exp__2 =    360000.00000000000     
 mdl_ca__exp__4 =    1.0000000000000000     
 mdl_ca__exp__3 =    1.0000000000000000     
 mdl_conjg__CKM1x1 =  ( 0.97418004031982097     , -0.0000000000000000     )
 mdl_conjg__CKM1x2 =  ( 0.22577256042856930     , -0.0000000000000000     )
 mdl_conjg__CKM2x1 =  (-0.22577256042856930     , -0.0000000000000000     )
 mdl_conjg__CKM2x2 =  ( 0.97418004031982097     , -0.0000000000000000     )
 mdl_conjg__kHdw =  (-0.26240500000000000     , -0.0000000000000000     )
 mdl_aEW =    7.8186082877247844E-003
 mdl_MW =    79.824359746197842     
 mdl_sqrt__aEW =    8.8422894590285753E-002
 mdl_ee =   0.31345100004952897     
 mdl_MW__exp__2 =    6371.9284088904105     
 mdl_sw2 =   0.23369913342182447     
 mdl_cw =   0.87538612427783857     
 mdl_sqrt__sw2 =   0.48342438232036300     
 mdl_sw =   0.48342438232036300     
 mdl_ad =  -0.12747442148678401     
 mdl_al =   -1.2074027013887732E-002
 mdl_an =   0.18517461872323218     
 mdl_au =    6.9774224250335873E-002
 mdl_bd =  -0.18517461872323218     
 mdl_bl =  -0.18517461872323218     
 mdl_bn =   0.18517461872323218     
 mdl_bu =   0.18517461872323218     
 mdl_gwwz =  -0.56759788318358417     
 mdl_g1 =   0.35807170271074895     
 mdl_gw =   0.64839716719502682     
 mdl_vev =    246.22056907348590     
 mdl_ee__exp__2 =    9.8251529432049817E-002
 mdl_gAaa =    1.3477023594718659E-005
 mdl_vev__exp__2 =    60624.568634871241     
 mdl_cw__exp__2 =   0.76630086657817542     
 mdl_gAza =    4.4999802188047602E-006
 mdl_gHaa =    2.6392504539657372E-005
 mdl_gHza =    3.9166441035016922E-005
 mdl_lam =    2.9690932909411916     
 mdl_yb =    2.6995322804122722E-002
 mdl_yt =   0.98791394091683138     
 mdl_ytau =    1.0206529494239589E-002
 mdl_muH =    424.26406871192853     
 mdl_sw__exp__2 =   0.23369913342182450     
  Internal Params evaluated point by point
  ----------------------------------------
  
 mdl_sqrt__aS =   0.34409301068170506     
 mdl_G__exp__2 =    1.4878582807401259     
 mdl_gAAgg =    3.1083017473614446E-007
 mdl_gAgg =    7.6532782508744533E-005
 mdl_gHgg =   -5.1021855005829691E-005
 mdl_gHHgg =    2.0722011649076294E-007
  Couplings of HC_UFO
  ---------------------------------
  
        GC_10 =  -0.00000E+00   0.00000E+00
        GC_13 =  -0.00000E+00  -0.20722E-06
        GC_62 =   0.00000E+00   0.00000E+00
        GC_64 =   0.00000E+00   0.00000E+00
         GC_1 =  -0.00000E+00  -0.10448E+00
         GC_2 =   0.00000E+00   0.20897E+00
         GC_3 =  -0.00000E+00  -0.31345E+00
         GC_9 =  -0.00000E+00  -0.00000E+00
        GC_16 =  -0.00000E+00  -0.00000E+00
        GC_17 =   0.00000E+00  -0.12074E-01
        GC_19 =  -0.00000E+00   0.18517E+00
        GC_21 =   0.00000E+00  -0.12747E+00
        GC_22 =   0.00000E+00   0.69774E-01
        GC_23 =  -0.00000E+00   0.18517E+00
        GC_24 =  -0.00000E+00  -0.18517E+00
        GC_61 =   0.00000E+00   0.00000E+00
        GC_66 =   0.00000E+00   0.00000E+00
        GC_77 =  -0.00000E+00  -0.28380E+00
        GC_78 =   0.00000E+00   0.28380E+00
        GC_89 =  -0.00000E+00  -0.28850E-01
        GC_90 =   0.00000E+00   0.86550E-01
        GC_98 =  -0.00000E+00  -0.21932E+03
       GC_100 =   0.00000E+00   0.33771E+01
       GC_101 =  -0.00000E+00  -0.00000E+00
       GC_102 =   0.00000E+00   0.00000E+00
       GC_105 =  -0.00000E+00  -0.00000E+00
       GC_106 =   0.00000E+00   0.00000E+00
        GC_35 =  -0.00000E+00  -0.20000E-03
        GC_38 =  -0.00000E+00  -0.00000E+00
        GC_40 =   0.00000E+00   0.52481E-04
        GC_42 =   0.00000E+00   0.10496E-03
        GC_43 =   0.00000E+00   0.50000E-04
        GC_45 =   0.00000E+00   0.50000E-04
        GC_49 =   0.00000E+00   0.50000E-04
        GC_56 =  -0.00000E+00  -0.94000E-03
        GC_58 =  -0.00000E+00  -0.35540E-03
        GC_68 =   0.00000E+00   0.00000E+00

 Collider parameters:
 --------------------

 Running at P P   machine @    13000.000000000000       GeV
 PDF set = nn23lo1
 alpha_s(Mz)= 0.1300 running at 2 loops.
 alpha_s(Mz)= 0.1300 running at 2 loops.
 Renormalization scale set on event-by-event basis
 Factorization   scale set on event-by-event basis


 getting user params
Enter number of events and max and min iterations: 
 Number of events and iterations         1000           5           3
Enter desired fractional accuracy: 
 Desired fractional accuracy:   0.10000000000000001     
Enter 0 for fixed, 2 for adjustable grid: 
Suppress amplitude (0 no, 1 yes)? 
 Using suppressed amplitude.
Exact helicity sum (0 yes, n = number/event)? 
 Explicitly summing over helicities
Enter Configuration Number: 
Running Configuration Number:   61
 Using dconfig=          17
 BW Setting            2           2           1           0           0           0
 Attempting mappinvarients           1           8
 Completed mapping           8
 about to integrate           16        1000           5           3          16           1
 Using non-zero grid deformation.
 16 dimensions   1000 events 16 invarients  5 iterations  1 config(s),  (0.99)
 Using h-tuple random number sequence.
 Error opening grid
 Using Uniform Grid!          32
 Using uniform alpha   1.0000000000000000     
 Grid defined OK
 Set CM energy to      13000.00
 Mapping Graph          61  to config          61
Setting grid   1    0.52284E-06   1
Setting grid   2    0.74739E-07   1
 Setting BW          -3           3   600.00000000000000     
 Setting BW          -4           4   91.187600000000003     
Setting grid   5    0.17101E-04   1
 Transforming s_hat 1/s           15   2.5115575576956360E-003   499.70131599999996        168999999.99999997     
  61   1   2   3   4   5   6   7   8   9  10  11  12  13  14
  15  16
 Masses: 0.470E+01 0.470E+01 0.470E+01 0.470E+01 0.178E+01 0.178E+01 0.470E+01 0.470E+01
Using random seed offsets    61 :     20
  with seed                   24
 Ranmar initialization seeds       31119        9417
 
 ********************************************
 * You are using the DiscreteSampler module *
 *      part of the MG5_aMC framework       *
 *         Author: Valentin Hirschi         *
 ********************************************
 
  Particle       3       4       5       6       7       8
      Et >     0.0     0.0     0.0     0.0     0.0     0.0
       E >     0.0     0.0     0.0     0.0     0.0     0.0
     Eta <    -1.0    -1.0    -1.0    -1.0    -1.0    -1.0
   xqcut:      0.0     0.0     0.0     0.0     0.0     0.0
d R # 3  >    -0.0     0.0     0.0     0.0     0.0     0.0
d R # 4  >    -0.0    -0.0     0.0     0.0     0.0     0.0
d R # 5  >    -0.0    -0.0    -0.0     0.0     0.0     0.0
d R # 6  >    -0.0    -0.0    -0.0    -0.0     0.0     0.0
d R # 7  >    -0.0    -0.0    -0.0    -0.0    -0.0     0.0
s min # 3>     0.0    88.4    42.0    42.0    88.4     0.0
s min # 4>     0.0     0.0    42.0    42.0    88.4     0.0
s min # 5>     0.0     0.0     0.0    12.6    42.0     0.0
s min # 6>     0.0     0.0     0.0     0.0    42.0     0.0
s min # 7>     0.0     0.0     0.0     0.0     0.0     0.0
xqcutij # 3>     0.0     0.0     0.0     0.0     0.0     0.0
xqcutij # 4>     0.0     0.0     0.0     0.0     0.0     0.0
xqcutij # 5>     0.0     0.0     0.0     0.0     0.0     0.0
xqcutij # 6>     0.0     0.0     0.0     0.0     0.0     0.0
xqcutij # 7>     0.0     0.0     0.0     0.0     0.0     0.0
 Excluding BW           -1           1
 Excluding BW           -2           2
 Requiring BW           -3           3
 No cut BW           -4           4
 alpha_s for scale    315.48702278092713       is   0.10777452319619189     
 Added good helicity            1   3.5744641723209969       in event            1 local:           1
 Added good helicity            2  0.12771573352700422       in event            1 local:           1
 Added good helicity            3  0.13547380842008030       in event            1 local:           1
 Added good helicity            4  0.14725425942893927       in event            1 local:           1
 Added good helicity            5   8.1712896389259874E-004  in event            1 local:           1
 Added good helicity            6   4.3175860803062798E-006  in event            1 local:           1
 Added good helicity            7   2.1408691894468243E-006  in event            1 local:           1
 Added good helicity            8   1.0033057861271046E-005  in event            1 local:           1
 Added good helicity            9   6.3957515433060350E-004  in event            1 local:           1
 Added good helicity           10   2.5828638114677231E-006  in event            1 local:           1
 Added good helicity           11   2.8628686512584861E-006  in event            1 local:           1
 Added good helicity           12   5.0200798998190019E-005  in event            1 local:           1
 Added good helicity           13   3.5794903752243639       in event            1 local:           1
 Added good helicity           14  0.10130613192692497       in event            1 local:           1
 Added good helicity           15  0.10682877179515517       in event            1 local:           1
 Added good helicity           16   8.6257403076632419E-002  in event            1 local:           1
 Added good helicity           17   1.1657270474786546E-002  in event            1 local:           1
 Added good helicity           18   4.1651469362562470E-004  in event            1 local:           1
 Added good helicity           19   4.4181582213952901E-004  in event            1 local:           1
 Added good helicity           20   4.8023498011812740E-004  in event            1 local:           1
 Added good helicity           21   2.6648730790587146E-006  in event            1 local:           1
 Added good helicity           22   1.4080787024261127E-008  in event            1 local:           1
 Added good helicity           24   3.2720448027900069E-008  in event            1 local:           1
 Added good helicity           25   2.0858232740780282E-006  in event            1 local:           1
 Added good helicity           28   1.6371804661069113E-007  in event            1 local:           1
 Added good helicity           29   1.1673662248177202E-002  in event            1 local:           1
 Added good helicity           30   3.3038601695082844E-004  in event            1 local:           1
 Added good helicity           31   3.4839680222525346E-004  in event            1 local:           1
 Added good helicity           32   2.8130814288287439E-004  in event            1 local:           1
 Added good helicity           33   1.3999649992571014E-002  in event            1 local:           1
 Added good helicity           34   5.0020799810158545E-004  in event            1 local:           1
 Added good helicity           35   5.3059306503280466E-004  in event            1 local:           1
 Added good helicity           36   5.7673206179649733E-004  in event            1 local:           1
 Added good helicity           37   3.2003452662558363E-006  in event            1 local:           1
 Added good helicity           38   1.6910141219246345E-008  in event            1 local:           1
 Added good helicity           40   3.9295203879971687E-008  in event            1 local:           1
 Added good helicity           41   2.5049428034297730E-006  in event            1 local:           1
 Added good helicity           42   1.0115974757566786E-008  in event            1 local:           1
 Added good helicity           43   1.1212634162814445E-008  in event            1 local:           1
 Added good helicity           44   1.9661509570138655E-007  in event            1 local:           1
 Added good helicity           45   1.4019335483331752E-002  in event            1 local:           1
 Added good helicity           46   3.9677286460456127E-004  in event            1 local:           1
 Added good helicity           47   4.1840268699554596E-004  in event            1 local:           1
 Added good helicity           48   3.3783341897559500E-004  in event            1 local:           1
 Added good helicity           49  0.11780737460196979       in event            1 local:           1
 Added good helicity           50   4.2092617345808932E-003  in event            1 local:           1
 Added good helicity           51   4.4649527671546813E-003  in event            1 local:           1
 Added good helicity           52   4.8532134792713287E-003  in event            1 local:           1
 Added good helicity           53   2.6930978548571703E-005  in event            1 local:           1
 Added good helicity           54   1.4229922478384126E-007  in event            1 local:           1
 Added good helicity           55   7.0558877195630287E-008  in event            1 local:           1
 Added good helicity           56   3.3067003860847556E-007  in event            1 local:           1
 Added good helicity           57   2.1079150932827345E-005  in event            1 local:           1
 Added good helicity           58   8.5126158751193202E-008  in event            1 local:           1
 Added good helicity           59   9.4354572706780831E-008  in event            1 local:           1
 Added good helicity           60   1.6545205232978534E-006  in event            1 local:           1
 Added good helicity           61  0.11797302845656650       in event            1 local:           1
 Added good helicity           62   3.3388527225445249E-003  in event            1 local:           1
 Added good helicity           63   3.5208681722408404E-003  in event            1 local:           1
 Added good helicity           64   2.8428759407157890E-003  in event            1 local:           1
 Added good helicity           65  0.50821117644123304       in event            1 local:           1
 Added good helicity           66   1.8158403625477725E-002  in event            1 local:           1
 Added good helicity           67   1.9261433388332881E-002  in event            1 local:           1
 Added good helicity           68   2.0936357678407104E-002  in event            1 local:           1
 Added good helicity           69   1.1617799256732096E-004  in event            1 local:           1
 Added good helicity           70   6.1386697291582156E-007  in event            1 local:           1
 Added good helicity           71   3.0438510415089269E-007  in event            1 local:           1
 Added good helicity           72   1.4264829337116172E-006  in event            1 local:           1
 Added good helicity           73   9.0933696894178817E-005  in event            1 local:           1
 Added good helicity           74   3.6722714033000545E-007  in event            1 local:           1
 Added good helicity           75   4.0703774750889978E-007  in event            1 local:           1
 Added good helicity           76   7.1374633755509184E-006  in event            1 local:           1
 Added good helicity           77  0.50892579333691579       in event            1 local:           1
 Added good helicity           78   1.4403531831699068E-002  in event            1 local:           1
 Added good helicity           79   1.5188731282354661E-002  in event            1 local:           1
 Added good helicity           80   1.2263929411796704E-002  in event            1 local:           1
 Added good helicity           81   1.6574882942627445E-003  in event            1 local:           1
 Added good helicity           82   5.9222116409334466E-005  in event            1 local:           1
 Added good helicity           83   6.2819555830006515E-005  in event            1 local:           1
 Added good helicity           84   6.8282181473178276E-005  in event            1 local:           1
 Added good helicity           85   3.7890481685135804E-007  in event            1 local:           1
 Added good helicity           89   2.9657265550822952E-007  in event            1 local:           1
 Added good helicity           92   2.3278240511250726E-008  in event            1 local:           1
 Added good helicity           93   1.6598189575664747E-003  in event            1 local:           1
 Added good helicity           94   4.6975915748760903E-005  in event            1 local:           1
 Added good helicity           95   4.9536778158825735E-005  in event            1 local:           1
 Added good helicity           96   3.9997781205955356E-005  in event            1 local:           1
 Added good helicity           97   1.9536908462903253E-003  in event            1 local:           1
 Added good helicity           98   6.9805444254024884E-005  in event            1 local:           1
 Added good helicity           99   7.4045766487719594E-005  in event            1 local:           1
 Added good helicity          100   8.0484594292848992E-005  in event            1 local:           1
 Added good helicity          101   4.4661725507212788E-007  in event            1 local:           1
 Added good helicity          105   3.4957186987807123E-007  in event            1 local:           1
 Added good helicity          108   2.7438194020431457E-008  in event            1 local:           1
 Added good helicity          109   1.9564380123355050E-003  in event            1 local:           1
 Added good helicity          110   5.5370778129858318E-005  in event            1 local:           1
 Added good helicity          111   5.8389281166332553E-005  in event            1 local:           1
 Added good helicity          112   4.7145611395558337E-005  in event            1 local:           1
 Added good helicity          113   1.6292775728929898E-002  in event            1 local:           1
 Added good helicity          114   5.8214146319449697E-004  in event            1 local:           1
 Added good helicity          115   6.1750356733864269E-004  in event            1 local:           1
 Added good helicity          116   6.7120007596761430E-004  in event            1 local:           1
 Added good helicity          117   3.7245579500857854E-006  in event            1 local:           1
 Added good helicity          118   1.9680001898327190E-008  in event            1 local:           1
 Added good helicity          120   4.5731710748389756E-008  in event            1 local:           1
 Added good helicity          121   2.9152494049305196E-006  in event            1 local:           1
 Added good helicity          122   1.1772959187694892E-008  in event            1 local:           1
 Added good helicity          123   1.3049250077124501E-008  in event            1 local:           1
 Added good helicity          124   2.2882041057345585E-007  in event            1 local:           1
 Added good helicity          125   1.6315685679267861E-002  in event            1 local:           1
 Added good helicity          126   4.6176377993432813E-004  in event            1 local:           1
 Added good helicity          127   4.8693654107192174E-004  in event            1 local:           1
 Added good helicity          128   3.9317012439795535E-004  in event            1 local:           1
 Added good helicity          129  0.38524220077185700       in event            1 local:           1
 Added good helicity          130   1.3764717698985149E-002  in event            1 local:           1
 Added good helicity          131   1.4600853606768192E-002  in event            1 local:           1
 Added good helicity          132   1.5870505966940250E-002  in event            1 local:           1
 Added good helicity          133   8.8067062694884612E-005  in event            1 local:           1
 Added good helicity          134   4.6533306347818016E-007  in event            1 local:           1
 Added good helicity          135   2.3073476704387330E-007  in event            1 local:           1
 Added good helicity          136   1.0813249495903293E-006  in event            1 local:           1
 Added good helicity          137   6.8930986054151233E-005  in event            1 local:           1
 Added good helicity          138   2.7837127218363296E-007  in event            1 local:           1
 Added good helicity          139   3.0854913255863927E-007  in event            1 local:           1
 Added good helicity          140   5.4104518479508839E-006  in event            1 local:           1
 Added good helicity          141  0.38578390587076755       in event            1 local:           1
 Added good helicity          142   1.0918390934625346E-002  in event            1 local:           1
 Added good helicity          143   1.1513600128042981E-002  in event            1 local:           1
 Added good helicity          144   9.2964959759352910E-003  in event            1 local:           1
 Added good helicity          145   1.2532403089318019E-003  in event            1 local:           1
 Added good helicity          146   4.4778321344008373E-005  in event            1 local:           1
 Added good helicity          147   4.7498374394477678E-005  in event            1 local:           1
 Added good helicity          148   5.1628709837765032E-005  in event            1 local:           1
 Added good helicity          149   2.8649299748916919E-007  in event            1 local:           1
 Added good helicity          153   2.2424098420265559E-007  in event            1 local:           1
 Added good helicity          156   1.7600865979379354E-008  in event            1 local:           1
 Added good helicity          157   1.2550025423116050E-003  in event            1 local:           1
 Added good helicity          158   3.5518869948651990E-005  in event            1 local:           1
 Added good helicity          159   3.7455158735143248E-005  in event            1 local:           1
 Added good helicity          160   3.0242645965372985E-005  in event            1 local:           1
 Added good helicity          161   1.4809953445511438E-003  in event            1 local:           1
 Added good helicity          162   5.2916016963910406E-005  in event            1 local:           1
 Added good helicity          163   5.6130393229952099E-005  in event            1 local:           1
 Added good helicity          164   6.1011346642755247E-005  in event            1 local:           1
 Added good helicity          165   3.3855820986927026E-007  in event            1 local:           1
 Added good helicity          169   2.6499295569639361E-007  in event            1 local:           1
 Added good helicity          172   2.0799522956413237E-008  in event            1 local:           1
 Added good helicity          173   1.4830778337696132E-003  in event            1 local:           1
 Added good helicity          174   4.1973818319415105E-005  in event            1 local:           1
 Added good helicity          175   4.4261994543928957E-005  in event            1 local:           1
 Added good helicity          176   3.5738730682706698E-005  in event            1 local:           1
 Added good helicity          177   1.2350722883045123E-002  in event            1 local:           1
 Added good helicity          178   4.4129177313102812E-004  in event            1 local:           1
 Added good helicity          179   4.6809798197549305E-004  in event            1 local:           1
 Added good helicity          180   5.0880256840675931E-004  in event            1 local:           1
 Added good helicity          181   2.8233975516935134E-006  in event            1 local:           1
 Added good helicity          182   1.4918406404652910E-008  in event            1 local:           1
 Added good helicity          184   3.4666879101393979E-008  in event            1 local:           1
 Added good helicity          185   2.2099019917966988E-006  in event            1 local:           1
 Added good helicity          188   1.7345709092154696E-007  in event            1 local:           1
 Added good helicity          189   1.2368089748740469E-002  in event            1 local:           1
 Added good helicity          190   3.5003958676419492E-004  in event            1 local:           1
 Added good helicity          191   3.6912177399761137E-004  in event            1 local:           1
 Added good helicity          192   2.9804223252819938E-004  in event            1 local:           1
 Added good helicity          193   107.60111402587268       in event            1 local:           1
 Added good helicity          194   3.8445916768593236       in event            1 local:           1
 Added good helicity          195   4.0781308762882293       in event            1 local:           1
 Added good helicity          196   4.4327545600548923       in event            1 local:           1
 Added good helicity          197   2.4597808952316152E-002  in event            1 local:           1
 Added good helicity          198   1.2997110888424271E-004  in event            1 local:           1
 Added good helicity          199   6.4445997683218264E-005  in event            1 local:           1
 Added good helicity          200   3.0202238738843241E-004  in event            1 local:           1
 Added good helicity          201   1.9252955349824186E-002  in event            1 local:           1
 Added good helicity          202   7.7751240491684165E-005  in event            1 local:           1
 Added good helicity          203   8.6180149341135221E-005  in event            1 local:           1
 Added good helicity          204   1.5111808754504081E-003  in event            1 local:           1
 Added good helicity          205   107.75241643251329       in event            1 local:           1
 Added good helicity          206   3.0495906875773975       in event            1 local:           1
 Added good helicity          207   3.2158371999321185       in event            1 local:           1
 Added good helicity          208   2.5965829328757084       in event            1 local:           1
 Added good helicity          209  0.40213005969256299       in event            1 local:           1
 Added good helicity          210   1.4368121506039694E-002  in event            1 local:           1
 Added good helicity          211   1.5240911096157852E-002  in event            1 local:           1
 Added good helicity          212   1.6566221195523517E-002  in event            1 local:           1
 Added good helicity          213   9.1927657737100600E-005  in event            1 local:           1
 Added good helicity          214   4.8573186483331359E-007  in event            1 local:           1
 Added good helicity          215   2.4084948496971781E-007  in event            1 local:           1
 Added good helicity          216   1.1287269817652409E-006  in event            1 local:           1
 Added good helicity          217   7.1952713075270223E-005  in event            1 local:           1
 Added good helicity          218   2.9057423116059791E-007  in event            1 local:           1
 Added good helicity          219   3.2207499813182003E-007  in event            1 local:           1
 Added good helicity          220   5.6476297773739852E-006  in event            1 local:           1
 Added good helicity          221  0.40269551151306510       in event            1 local:           1
 Added good helicity          222   1.1397020340686357E-002  in event            1 local:           1
 Added good helicity          223   1.2018321714209402E-002  in event            1 local:           1
 Added good helicity          224   9.7040263871518047E-003  in event            1 local:           1
 Added good helicity          225  0.39857092976953301       in event            1 local:           1
 Added good helicity          226   1.4240953665791757E-002  in event            1 local:           1
 Added good helicity          227   1.5106018462719684E-002  in event            1 local:           1
 Added good helicity          228   1.6419598648545555E-002  in event            1 local:           1
 Added good helicity          229   9.1114034210283608E-005  in event            1 local:           1
 Added good helicity          230   4.8143280095328649E-007  in event            1 local:           1
 Added good helicity          231   2.3871779998810397E-007  in event            1 local:           1
 Added good helicity          232   1.1187369651551827E-006  in event            1 local:           1
 Added good helicity          233   7.1315881662206557E-005  in event            1 local:           1
 Added good helicity          234   2.8800244768891267E-007  in event            1 local:           1
 Added good helicity          235   3.1922441102528243E-007  in event            1 local:           1
 Added good helicity          236   5.5976443369664353E-006  in event            1 local:           1
 Added good helicity          237  0.39913137694925832       in event            1 local:           1
 Added good helicity          238   1.1296148806340157E-002  in event            1 local:           1
 Added good helicity          239   1.1911951231807886E-002  in event            1 local:           1
 Added good helicity          240   9.6181390234595932E-003  in event            1 local:           1
 Added good helicity          241   3.3672892414610849       in event            1 local:           1
 Added good helicity          242  0.12031336579086351       in event            1 local:           1
 Added good helicity          243  0.12762178486083051       in event            1 local:           1
 Added good helicity          244  0.13871944426636104       in event            1 local:           1
 Added good helicity          245   7.6976840062021451E-004  in event            1 local:           1
 Added good helicity          246   4.0673400141697866E-006  in event            1 local:           1
 Added good helicity          247   2.0167850176880805E-006  in event            1 local:           1
 Added good helicity          248   9.4515446697784599E-006  in event            1 local:           1
 Added good helicity          249   6.0250555956330696E-004  in event            1 local:           1
 Added good helicity          250   2.4331617566240935E-006  in event            1 local:           1
 Added good helicity          251   2.6969375952198530E-006  in event            1 local:           1
 Added good helicity          252   4.7291174909047449E-005  in event            1 local:           1
 Added good helicity          253   3.3720241270679878       in event            1 local:           1
 Added good helicity          254   9.5434457218260216E-002  in event            1 local:           1
 Added good helicity          255  0.10063700644417128       in event            1 local:           1
 Added good helicity          256   8.1257948429153612E-002  in event            1 local:           1
 Added good helicity            1   3.5744641723209969       in event            1 local:           1
 Added good helicity            2  0.12771573352700430       in event            1 local:           1
 Added good helicity            3  0.13547380842008036       in event            1 local:           1
 Added good helicity            4  0.14725425942893833       in event            1 local:           1
 Added good helicity            5   8.1712896389259636E-004  in event            1 local:           1
 Added good helicity            6   4.3175860803062815E-006  in event            1 local:           1
 Added good helicity            7   2.1408691894468226E-006  in event            1 local:           1
 Added good helicity            8   1.0033057861271039E-005  in event            1 local:           1
 Added good helicity            9   6.3957515433060068E-004  in event            1 local:           1
 Added good helicity           10   2.5828638114677227E-006  in event            1 local:           1
 Added good helicity           11   2.8628686512584950E-006  in event            1 local:           1
 Added good helicity           12   5.0200798998189958E-005  in event            1 local:           1
 Added good helicity           13   3.5794903752243563       in event            1 local:           1
 Added good helicity           14  0.10130613192692495       in event            1 local:           1
 Added good helicity           15  0.10682877179515522       in event            1 local:           1
 Added good helicity           16   8.6257403076632044E-002  in event            1 local:           1
 Added good helicity           17   1.1657270474786544E-002  in event            1 local:           1
 Added good helicity           18   4.1651469362562497E-004  in event            1 local:           1
 Added good helicity           19   4.4181582213952857E-004  in event            1 local:           1
 Added good helicity           20   4.8023498011812361E-004  in event            1 local:           1
 Added good helicity           21   2.6648730790587048E-006  in event            1 local:           1
 Added good helicity           22   1.4080787024261125E-008  in event            1 local:           1
 Added good helicity           24   3.2720448027900043E-008  in event            1 local:           1
 Added good helicity           25   2.0858232740780193E-006  in event            1 local:           1
 Added good helicity           28   1.6371804661069089E-007  in event            1 local:           1
 Added good helicity           29   1.1673662248177182E-002  in event            1 local:           1
 Added good helicity           30   3.3038601695082806E-004  in event            1 local:           1
 Added good helicity           31   3.4839680222525346E-004  in event            1 local:           1
 Added good helicity           32   2.8130814288287288E-004  in event            1 local:           1
 Added good helicity           33   1.3999649992571023E-002  in event            1 local:           1
 Added good helicity           34   5.0020799810158588E-004  in event            1 local:           1
 Added good helicity           35   5.3059306503280466E-004  in event            1 local:           1
 Added good helicity           36   5.7673206179649353E-004  in event            1 local:           1
 Added good helicity           37   3.2003452662558253E-006  in event            1 local:           1
 Added good helicity           38   1.6910141219246345E-008  in event            1 local:           1
 Added good helicity           40   3.9295203879971654E-008  in event            1 local:           1
 Added good helicity           41   2.5049428034297628E-006  in event            1 local:           1
 Added good helicity           42   1.0115974757566782E-008  in event            1 local:           1
 Added good helicity           43   1.1212634162814479E-008  in event            1 local:           1
 Added good helicity           44   1.9661509570138615E-007  in event            1 local:           1
 Added good helicity           45   1.4019335483331714E-002  in event            1 local:           1
 Added good helicity           46   3.9677286460456111E-004  in event            1 local:           1
 Added good helicity           47   4.1840268699554613E-004  in event            1 local:           1
 Added good helicity           48   3.3783341897559310E-004  in event            1 local:           1
 Added good helicity           49  0.11780737460196990       in event            1 local:           1
 Added good helicity           50   4.2092617345808950E-003  in event            1 local:           1
 Added good helicity           51   4.4649527671546804E-003  in event            1 local:           1
 Added good helicity           52   4.8532134792712957E-003  in event            1 local:           1
 Added good helicity           53   2.6930978548571612E-005  in event            1 local:           1
 Added good helicity           54   1.4229922478384126E-007  in event            1 local:           1
 Added good helicity           55   7.0558877195630194E-008  in event            1 local:           1
 Added good helicity           56   3.3067003860847503E-007  in event            1 local:           1
 Added good helicity           57   2.1079150932827257E-005  in event            1 local:           1
 Added good helicity           58   8.5126158751193189E-008  in event            1 local:           1
 Added good helicity           59   9.4354572706781096E-008  in event            1 local:           1
 Added good helicity           60   1.6545205232978515E-006  in event            1 local:           1
 Added good helicity           61  0.11797302845656628       in event            1 local:           1
 Added good helicity           62   3.3388527225445262E-003  in event            1 local:           1
 Added good helicity           63   3.5208681722408400E-003  in event            1 local:           1
 Added good helicity           64   2.8428759407157769E-003  in event            1 local:           1
 Added good helicity           65  0.50821117644123581       in event            1 local:           1
 Added good helicity           66   1.8158403625477819E-002  in event            1 local:           1
 Added good helicity           67   1.9261433388332954E-002  in event            1 local:           1
 Added good helicity           68   2.0936357678407042E-002  in event            1 local:           1
 Added good helicity           69   1.1617799256732103E-004  in event            1 local:           1
 Added good helicity           70   6.1386697291582410E-007  in event            1 local:           1
 Added good helicity           71   3.0438510415089332E-007  in event            1 local:           1
 Added good helicity           72   1.4264829337116223E-006  in event            1 local:           1
 Added good helicity           73   9.0933696894178817E-005  in event            1 local:           1
 Added good helicity           74   3.6722714033000678E-007  in event            1 local:           1
 Added good helicity           75   4.0703774750890275E-007  in event            1 local:           1
 Added good helicity           76   7.1374633755509387E-006  in event            1 local:           1
 Added good helicity           77  0.50892579333691690       in event            1 local:           1
 Added good helicity           78   1.4403531831699118E-002  in event            1 local:           1
 Added good helicity           79   1.5188731282354718E-002  in event            1 local:           1
 Added good helicity           80   1.2263929411796694E-002  in event            1 local:           1
 Added good helicity           81   1.6574882942627432E-003  in event            1 local:           1
 Added good helicity           82   5.9222116409334412E-005  in event            1 local:           1
 Added good helicity           83   6.2819555830006393E-005  in event            1 local:           1
 Added good helicity           84   6.8282181473177693E-005  in event            1 local:           1
 Added good helicity           85   3.7890481685135603E-007  in event            1 local:           1
 Added good helicity           89   2.9657265550822756E-007  in event            1 local:           1
 Added good helicity           92   2.3278240511250636E-008  in event            1 local:           1
 Added good helicity           93   1.6598189575664668E-003  in event            1 local:           1
 Added good helicity           94   4.6975915748760808E-005  in event            1 local:           1
 Added good helicity           95   4.9536778158825653E-005  in event            1 local:           1
 Added good helicity           96   3.9997781205955099E-005  in event            1 local:           1
 Added good helicity           97   1.9536908462903244E-003  in event            1 local:           1
 Added good helicity           98   6.9805444254024816E-005  in event            1 local:           1
 Added good helicity           99   7.4045766487719378E-005  in event            1 local:           1
 Added good helicity          100   8.0484594292848274E-005  in event            1 local:           1
 Added good helicity          101   4.4661725507212555E-007  in event            1 local:           1
 Added good helicity          105   3.4957186987806869E-007  in event            1 local:           1
 Added good helicity          108   2.7438194020431364E-008  in event            1 local:           1
 Added good helicity          109   1.9564380123354951E-003  in event            1 local:           1
 Added good helicity          110   5.5370778129858182E-005  in event            1 local:           1
 Added good helicity          111   5.8389281166332437E-005  in event            1 local:           1
 Added good helicity          112   4.7145611395558005E-005  in event            1 local:           1
 Added good helicity          113   1.6292775728929926E-002  in event            1 local:           1
 Added good helicity          114   5.8214146319449816E-004  in event            1 local:           1
 Added good helicity          115   6.1750356733864279E-004  in event            1 local:           1
 Added good helicity          116   6.7120007596761008E-004  in event            1 local:           1
 Added good helicity          117   3.7245579500857752E-006  in event            1 local:           1
 Added good helicity          118   1.9680001898327206E-008  in event            1 local:           1
 Added good helicity          120   4.5731710748389782E-008  in event            1 local:           1
 Added good helicity          121   2.9152494049305094E-006  in event            1 local:           1
 Added good helicity          122   1.1772959187694898E-008  in event            1 local:           1
 Added good helicity          123   1.3049250077124550E-008  in event            1 local:           1
 Added good helicity          124   2.2882041057345574E-007  in event            1 local:           1
 Added good helicity          125   1.6315685679267826E-002  in event            1 local:           1
 Added good helicity          126   4.6176377993432851E-004  in event            1 local:           1
 Added good helicity          127   4.8693654107192223E-004  in event            1 local:           1
 Added good helicity          128   3.9317012439795361E-004  in event            1 local:           1
 Added good helicity          129  0.38524220077185956       in event            1 local:           1
 Added good helicity          130   1.3764717698985239E-002  in event            1 local:           1
 Added good helicity          131   1.4600853606768252E-002  in event            1 local:           1
 Added good helicity          132   1.5870505966940219E-002  in event            1 local:           1
 Added good helicity          133   8.8067062694884761E-005  in event            1 local:           1
 Added good helicity          134   4.6533306347818249E-007  in event            1 local:           1
 Added good helicity          135   2.3073476704387407E-007  in event            1 local:           1
 Added good helicity          136   1.0813249495903340E-006  in event            1 local:           1
 Added good helicity          137   6.8930986054151246E-005  in event            1 local:           1
 Added good helicity          138   2.7837127218363434E-007  in event            1 local:           1
 Added good helicity          139   3.0854913255864154E-007  in event            1 local:           1
 Added good helicity          140   5.4104518479509042E-006  in event            1 local:           1
 Added good helicity          141  0.38578390587076844       in event            1 local:           1
 Added good helicity          142   1.0918390934625405E-002  in event            1 local:           1
 Added good helicity          143   1.1513600128043042E-002  in event            1 local:           1
 Added good helicity          144   9.2964959759352962E-003  in event            1 local:           1
 Added good helicity          145   1.2532403089317993E-003  in event            1 local:           1
 Added good helicity          146   4.4778321344008244E-005  in event            1 local:           1
 Added good helicity          147   4.7498374394477434E-005  in event            1 local:           1
 Added good helicity          148   5.1628709837764490E-005  in event            1 local:           1
 Added good helicity          149   2.8649299748916707E-007  in event            1 local:           1
 Added good helicity          153   2.2424098420265369E-007  in event            1 local:           1
 Added good helicity          156   1.7600865979379248E-008  in event            1 local:           1
 Added good helicity          157   1.2550025423115974E-003  in event            1 local:           1
 Added good helicity          158   3.5518869948651834E-005  in event            1 local:           1
 Added good helicity          159   3.7455158735143126E-005  in event            1 local:           1
 Added good helicity          160   3.0242645965372724E-005  in event            1 local:           1
 Added good helicity          161   1.4809953445511490E-003  in event            1 local:           1
 Added good helicity          162   5.2916016963910555E-005  in event            1 local:           1
 Added good helicity          163   5.6130393229952187E-005  in event            1 local:           1
 Added good helicity          164   6.1011346642754976E-005  in event            1 local:           1
 Added good helicity          165   3.3855820986927015E-007  in event            1 local:           1
 Added good helicity          169   2.6499295569639292E-007  in event            1 local:           1
 Added good helicity          172   2.0799522956413251E-008  in event            1 local:           1
 Added good helicity          173   1.4830778337696119E-003  in event            1 local:           1
 Added good helicity          174   4.1973818319415193E-005  in event            1 local:           1
 Added good helicity          175   4.4261994543929072E-005  in event            1 local:           1
 Added good helicity          176   3.5738730682706630E-005  in event            1 local:           1
 Added good helicity          177   1.2350722883045132E-002  in event            1 local:           1
 Added good helicity          178   4.4129177313102791E-004  in event            1 local:           1
 Added good helicity          179   4.6809798197549229E-004  in event            1 local:           1
 Added good helicity          180   5.0880256840675584E-004  in event            1 local:           1
 Added good helicity          181   2.8233975516935002E-006  in event            1 local:           1
 Added good helicity          182   1.4918406404652893E-008  in event            1 local:           1
 Added good helicity          184   3.4666879101393893E-008  in event            1 local:           1
 Added good helicity          185   2.2099019917966865E-006  in event            1 local:           1
 Added good helicity          188   1.7345709092154643E-007  in event            1 local:           1
 Added good helicity          189   1.2368089748740421E-002  in event            1 local:           1
 Added good helicity          190   3.5003958676419438E-004  in event            1 local:           1
 Added good helicity          191   3.6912177399761099E-004  in event            1 local:           1
 Added good helicity          192   2.9804223252819742E-004  in event            1 local:           1
 Added good helicity          193   107.60111402587283       in event            1 local:           1
 Added good helicity          194   3.8445916768593271       in event            1 local:           1
 Added good helicity          195   4.0781308762882276       in event            1 local:           1
 Added good helicity          196   4.4327545600548630       in event            1 local:           1
 Added good helicity          197   2.4597808952316089E-002  in event            1 local:           1
 Added good helicity          198   1.2997110888424276E-004  in event            1 local:           1
 Added good helicity          199   6.4445997683218142E-005  in event            1 local:           1
 Added good helicity          200   3.0202238738843214E-004  in event            1 local:           1
 Added good helicity          201   1.9252955349824106E-002  in event            1 local:           1
 Added good helicity          202   7.7751240491684179E-005  in event            1 local:           1
 Added good helicity          203   8.6180149341135519E-005  in event            1 local:           1
 Added good helicity          204   1.5111808754504064E-003  in event            1 local:           1
 Added good helicity          205   107.75241643251310       in event            1 local:           1
 Added good helicity          206   3.0495906875773966       in event            1 local:           1
 Added good helicity          207   3.2158371999321202       in event            1 local:           1
 Added good helicity          208   2.5965829328756933       in event            1 local:           1
 Added good helicity          209  0.40213005969256288       in event            1 local:           1
 Added good helicity          210   1.4368121506039678E-002  in event            1 local:           1
 Added good helicity          211   1.5240911096157829E-002  in event            1 local:           1
 Added good helicity          212   1.6566221195523374E-002  in event            1 local:           1
 Added good helicity          213   9.1927657737100112E-005  in event            1 local:           1
 Added good helicity          214   4.8573186483331264E-007  in event            1 local:           1
 Added good helicity          215   2.4084948496971722E-007  in event            1 local:           1
 Added good helicity          216   1.1287269817652375E-006  in event            1 local:           1
 Added good helicity          217   7.1952713075269776E-005  in event            1 local:           1
 Added good helicity          218   2.9057423116059727E-007  in event            1 local:           1
 Added good helicity          219   3.2207499813182040E-007  in event            1 local:           1
 Added good helicity          220   5.6476297773739691E-006  in event            1 local:           1
 Added good helicity          221  0.40269551151306343       in event            1 local:           1
 Added good helicity          222   1.1397020340686331E-002  in event            1 local:           1
 Added good helicity          223   1.2018321714209385E-002  in event            1 local:           1
 Added good helicity          224   9.7040263871517353E-003  in event            1 local:           1
 Added good helicity          225  0.39857092976953351       in event            1 local:           1
 Added good helicity          226   1.4240953665791761E-002  in event            1 local:           1
 Added good helicity          227   1.5106018462719684E-002  in event            1 local:           1
 Added good helicity          228   1.6419598648545440E-002  in event            1 local:           1
 Added good helicity          229   9.1114034210283297E-005  in event            1 local:           1
 Added good helicity          230   4.8143280095328617E-007  in event            1 local:           1
 Added good helicity          231   2.3871779998810360E-007  in event            1 local:           1
 Added good helicity          232   1.1187369651551812E-006  in event            1 local:           1
 Added good helicity          233   7.1315881662206205E-005  in event            1 local:           1
 Added good helicity          234   2.8800244768891251E-007  in event            1 local:           1
 Added good helicity          235   3.1922441102528349E-007  in event            1 local:           1
 Added good helicity          236   5.5976443369664242E-006  in event            1 local:           1
 Added good helicity          237  0.39913137694925743       in event            1 local:           1
 Added good helicity          238   1.1296148806340148E-002  in event            1 local:           1
 Added good helicity          239   1.1911951231807891E-002  in event            1 local:           1
 Added good helicity          240   9.6181390234595394E-003  in event            1 local:           1
 Added good helicity          241   3.3672892414610902       in event            1 local:           1
 Added good helicity          242  0.12031336579086363       in event            1 local:           1
 Added good helicity          243  0.12762178486083051       in event            1 local:           1
 Added good helicity          244  0.13871944426636015       in event            1 local:           1
 Added good helicity          245   7.6976840062021245E-004  in event            1 local:           1
 Added good helicity          246   4.0673400141697900E-006  in event            1 local:           1
 Added good helicity          247   2.0167850176880784E-006  in event            1 local:           1
 Added good helicity          248   9.4515446697784480E-006  in event            1 local:           1
 Added good helicity          249   6.0250555956330469E-004  in event            1 local:           1
 Added good helicity          250   2.4331617566240918E-006  in event            1 local:           1
 Added good helicity          251   2.6969375952198627E-006  in event            1 local:           1
 Added good helicity          252   4.7291174909047388E-005  in event            1 local:           1
 Added good helicity          253   3.3720241270679812       in event            1 local:           1
 Added good helicity          254   9.5434457218260174E-002  in event            1 local:           1
 Added good helicity          255  0.10063700644417138       in event            1 local:           1
 Added good helicity          256   8.1257948429153223E-002  in event            1 local:           1
 Added good helicity           23   5.0942898440177905E-008  in event            2 local:           2
 Added good helicity           26   5.5173199328715674E-008  in event            2 local:           2
 Added good helicity           27   1.7162918649948992E-007  in event            2 local:           2
 Added good helicity           39   1.5307262836357153E-008  in event            2 local:           2
 Added good helicity          104   2.9455897968784043E-008  in event            2 local:           2
 Added good helicity          119   1.4724099409592683E-008  in event            2 local:           2
 Added good helicity          168   4.4813339268108451E-008  in event            2 local:           2
 Added good helicity          183   1.8278658987246888E-008  in event            2 local:           2
 Added good helicity          186   1.9796519763186652E-008  in event            2 local:           2
 Added good helicity          187   6.1581721267130523E-008  in event            2 local:           2
 Added good helicity           23   5.0942898440177984E-008  in event            2 local:           2
 Added good helicity           26   5.5173199328715535E-008  in event            2 local:           2
 Added good helicity           27   1.7162918649948974E-007  in event            2 local:           2
 Added good helicity           39   1.5307262836357166E-008  in event            2 local:           2
 Added good helicity          104   2.9455897968784169E-008  in event            2 local:           2
 Added good helicity          119   1.4724099409592612E-008  in event            2 local:           2
 Added good helicity          168   4.4813339268108557E-008  in event            2 local:           2
 Added good helicity          183   1.8278658987246825E-008  in event            2 local:           2
 Added good helicity          186   1.9796519763186523E-008  in event            2 local:           2
 Added good helicity          187   6.1581721267130206E-008  in event            2 local:           2
 Added good helicity          102   1.0091000679283812E-008  in event            4 local:           4
 Added good helicity          102   1.0091000679283681E-008  in event            4 local:           4
 Added good helicity           86   2.5924869404374710E-007  in event            5 local:           5
 Added good helicity           87   1.1008752666519336E-007  in event            5 local:           5
 Added good helicity           88   1.9992347404755956E-007  in event            5 local:           5
 Added good helicity           90   8.5193486198208312E-007  in event            5 local:           5
 Added good helicity           91   2.7810853651063517E-007  in event            5 local:           5
 Added good helicity          103   9.1180950306720522E-008  in event            5 local:           5
 Added good helicity          106   7.0562245031808383E-007  in event            5 local:           5
 Added good helicity          107   2.3034581133403315E-007  in event            5 local:           5
 Added good helicity          150   1.7597498729045355E-007  in event            5 local:           5
 Added good helicity          151   7.4726128041654822E-008  in event            5 local:           5
 Added good helicity          152   1.3570572046409563E-007  in event            5 local:           5
 Added good helicity          154   5.7828343962378100E-007  in event            5 local:           5
 Added good helicity          155   1.8877682820484026E-007  in event            5 local:           5
 Added good helicity          166   1.4460120604782252E-007  in event            5 local:           5
 Added good helicity          167   6.1403546063466530E-008  in event            5 local:           5
 Added good helicity          170   4.7518391161502437E-007  in event            5 local:           5
 Added good helicity          171   1.5512066488885232E-007  in event            5 local:           5
 Added good helicity           86   2.5924869404374663E-007  in event            5 local:           5
 Added good helicity           87   1.1008752666519311E-007  in event            5 local:           5
 Added good helicity           88   1.9992347404756152E-007  in event            5 local:           5
 Added good helicity           90   8.5193486198208831E-007  in event            5 local:           5
 Added good helicity           91   2.7810853651063564E-007  in event            5 local:           5
 Added good helicity          103   9.1180950306719211E-008  in event            5 local:           5
 Added good helicity          106   7.0562245031807981E-007  in event            5 local:           5
 Added good helicity          107   2.3034581133403098E-007  in event            5 local:           5
 Added good helicity          150   1.7597498729045672E-007  in event            5 local:           5
 Added good helicity          151   7.4726128041656278E-008  in event            5 local:           5
 Added good helicity          152   1.3570572046409976E-007  in event            5 local:           5
 Added good helicity          154   5.7828343962379667E-007  in event            5 local:           5
 Added good helicity          155   1.8877682820484460E-007  in event            5 local:           5
 Added good helicity          166   1.4460120604781958E-007  in event            5 local:           5
 Added good helicity          167   6.1403546063465299E-008  in event            5 local:           5
 Added good helicity          170   4.7518391161501903E-007  in event            5 local:           5
 Added good helicity          171   1.5512066488884993E-007  in event            5 local:           5
 RESET CUMULATIVE VARIABLE
 RESET CUMULATIVE VARIABLE
 RESET CUMULATIVE VARIABLE
 No points passed cuts!
 Loosen cuts or increase max_events      500000
 Deleting file events.lhe

ls status:
events.lhe
grid_information
input_app.txt
results.dat
run1_app.log
