 Process in group number            1
 A PDF is used, so alpha_s(MZ) is going to be modified
 Old value of alpha_s from param_card:   0.11839999999999999     
  ****************************************
 
       NNPDFDriver version 1.0.3
   Grid: NNPDF23_lo_as_0130_qed_mem0.grid
  ****************************************
 New value of alpha_s from PDF nn23lo1:  0.13000000000000000     
 Define smin to   353.44000000000005     
 Define smin to   353.44000000000005     
 Warning: pt or E min of a jet should in general be >0
 Warning: pt or E min of a jet should in general be >0
 Warning: pt or E min of a jet should in general be >0
 Warning: pt or E min of a jet should in general be >0
 *****************************************************
 *               MadGraph/MadEvent                   *
 *        --------------------------------           *
 *          http://madgraph.hep.uiuc.edu             *
 *          http://madgraph.phys.ucl.ac.be           *
 *          http://madgraph.roma2.infn.it            *
 *        --------------------------------           *
 *                                                   *
 *          PARAMETER AND COUPLING VALUES            *
 *                                                   *
 *****************************************************

  External Params
  ---------------------------------
  
 mdl_cabi =   0.22773599999999999     
 aEWM1 =    127.90000000000001     
 mdl_Gf =    1.1663700000000000E-005
 aS =   0.11839999999999999     
 mdl_ymb =    4.7000000000000002     
 mdl_ymt =    172.00000000000000     
 mdl_ymtau =    1.7769999999999999     
 mdl_Lambda =    5000.0000000000000     
 mdl_ca =    1.0000000000000000     
 mdl_kSM =    5.0000000000000003E-002
 mdl_kHtt =    0.0000000000000000     
 mdl_kAtt =    0.0000000000000000     
 mdl_kHbb =    0.0000000000000000     
 mdl_kAbb =    0.0000000000000000     
 mdl_kHll =    0.0000000000000000     
 mdl_kAll =    0.0000000000000000     
 mdl_kHaa =    0.0000000000000000     
 mdl_kAaa =    0.0000000000000000     
 mdl_kHza =    0.0000000000000000     
 mdl_kAza =    0.0000000000000000     
 mdl_kHgg =    0.0000000000000000     
 mdl_kAgg =    0.0000000000000000     
 mdl_kHzz =  -0.52481000000000000     
 mdl_kAzz =    0.0000000000000000     
 mdl_kHww =  -0.52481000000000000     
 mdl_kAww =    0.0000000000000000     
 mdl_kHda =    0.0000000000000000     
 mdl_kHdz =  -0.26240500000000000     
 mdl_kHdwR =  -0.26240500000000000     
 mdl_kHdwI =    0.0000000000000000     
 mdl_kHHgg =    1.0000000000000000     
 mdl_kAAgg =    1.0000000000000000     
 mdl_kqa =    1.0000000000000000     
 mdl_kqb =    1.0000000000000000     
 mdl_kla =    1.0000000000000000     
 mdl_klb =    1.0000000000000000     
 mdl_kw1 =    1.0000000000000000     
 mdl_kw2 =    1.0000000000000000     
 mdl_kw3 =    0.0000000000000000     
 mdl_kw4 =    0.0000000000000000     
 mdl_kw5 =    0.0000000000000000     
 mdl_kz1 =    0.0000000000000000     
 mdl_kz3 =    1.0000000000000000     
 mdl_kz5 =    0.0000000000000000     
 mdl_kq =    1.0000000000000000     
 mdl_kq3 =    1.0000000000000000     
 mdl_kl =    1.0000000000000000     
 mdl_kg =    1.0000000000000000     
 mdl_ka =    1.0000000000000000     
 mdl_kz =    1.0000000000000000     
 mdl_kw =    1.0000000000000000     
 mdl_kza =    0.0000000000000000     
 mdl_MZ =    91.187600000000003     
 mdl_MTA =    1.7769999999999999     
 mdl_MT =    172.00000000000000     
 mdl_MB =    4.7000000000000002     
 mdl_MX0 =    600.00000000000000     
 mdl_MX1 =    125.00000000000000     
 mdl_MX2 =    125.00000000000000     
 mdl_WZ =    2.4952000000000001     
 mdl_WW =    2.0850000000000000     
 mdl_WT =    1.5083359999999999     
 mdl_WX0 =   0.15059000000000000     
 mdl_WX1 =    4.0699999999999998E-003
 mdl_WX2 =    4.0699999999999998E-003
  Internal Params
  ---------------------------------
  
 mdl_cos__cabi =   0.97418004031982097     
 mdl_CKM1x1 =  ( 0.97418004031982097     ,  0.0000000000000000     )
 mdl_sin__cabi =   0.22577256042856930     
 mdl_CKM1x2 =  ( 0.22577256042856930     ,  0.0000000000000000     )
 mdl_CKM2x1 =  (-0.22577256042856930     ,  0.0000000000000000     )
 mdl_CKM2x2 =  ( 0.97418004031982097     ,  0.0000000000000000     )
 mdl_ca__exp__2 =    1.0000000000000000     
 mdl_sa =    0.0000000000000000     
 mdl_complexi =  (  0.0000000000000000     ,  1.0000000000000000     )
 mdl_kHdw =  (-0.26240500000000000     ,  0.0000000000000000     )
 mdl_MZ__exp__2 =    8315.1783937600012     
 mdl_MZ__exp__4 =    69142191.720053151     
 mdl_sqrt__2 =    1.4142135623730951     
 mdl_nb__2__exp__0_75 =    1.6817928305074290     
 mdl_MX0__exp__2 =    360000.00000000000     
 mdl_ca__exp__4 =    1.0000000000000000     
 mdl_ca__exp__3 =    1.0000000000000000     
 mdl_conjg__CKM1x1 =  ( 0.97418004031982097     , -0.0000000000000000     )
 mdl_conjg__CKM1x2 =  ( 0.22577256042856930     , -0.0000000000000000     )
 mdl_conjg__CKM2x1 =  (-0.22577256042856930     , -0.0000000000000000     )
 mdl_conjg__CKM2x2 =  ( 0.97418004031982097     , -0.0000000000000000     )
 mdl_conjg__kHdw =  (-0.26240500000000000     , -0.0000000000000000     )
 mdl_aEW =    7.8186082877247844E-003
 mdl_MW =    79.824359746197842     
 mdl_sqrt__aEW =    8.8422894590285753E-002
 mdl_ee =   0.31345100004952897     
 mdl_MW__exp__2 =    6371.9284088904105     
 mdl_sw2 =   0.23369913342182447     
 mdl_cw =   0.87538612427783857     
 mdl_sqrt__sw2 =   0.48342438232036300     
 mdl_sw =   0.48342438232036300     
 mdl_ad =  -0.12747442148678401     
 mdl_al =   -1.2074027013887732E-002
 mdl_an =   0.18517461872323218     
 mdl_au =    6.9774224250335873E-002
 mdl_bd =  -0.18517461872323218     
 mdl_bl =  -0.18517461872323218     
 mdl_bn =   0.18517461872323218     
 mdl_bu =   0.18517461872323218     
 mdl_gwwz =  -0.56759788318358417     
 mdl_g1 =   0.35807170271074895     
 mdl_gw =   0.64839716719502682     
 mdl_vev =    246.22056907348590     
 mdl_ee__exp__2 =    9.8251529432049817E-002
 mdl_gAaa =    1.3477023594718659E-005
 mdl_vev__exp__2 =    60624.568634871241     
 mdl_cw__exp__2 =   0.76630086657817542     
 mdl_gAza =    4.4999802188047602E-006
 mdl_gHaa =    2.6392504539657372E-005
 mdl_gHza =    3.9166441035016922E-005
 mdl_lam =    2.9690932909411916     
 mdl_yb =    2.6995322804122722E-002
 mdl_yt =   0.98791394091683138     
 mdl_ytau =    1.0206529494239589E-002
 mdl_muH =    424.26406871192853     
 mdl_sw__exp__2 =   0.23369913342182450     
  Internal Params evaluated point by point
  ----------------------------------------
  
 mdl_sqrt__aS =   0.34409301068170506     
 mdl_G__exp__2 =    1.4878582807401259     
 mdl_gAAgg =    3.1083017473614446E-007
 mdl_gAgg =    7.6532782508744533E-005
 mdl_gHgg =   -5.1021855005829691E-005
 mdl_gHHgg =    2.0722011649076294E-007
  Couplings of HC_UFO
  ---------------------------------
  
        GC_10 =  -0.00000E+00   0.00000E+00
        GC_13 =  -0.00000E+00  -0.20722E-06
        GC_62 =   0.00000E+00   0.00000E+00
        GC_64 =   0.00000E+00   0.00000E+00
         GC_1 =  -0.00000E+00  -0.10448E+00
         GC_2 =   0.00000E+00   0.20897E+00
         GC_3 =  -0.00000E+00  -0.31345E+00
         GC_9 =  -0.00000E+00  -0.00000E+00
        GC_16 =  -0.00000E+00  -0.00000E+00
        GC_17 =   0.00000E+00  -0.12074E-01
        GC_19 =  -0.00000E+00   0.18517E+00
        GC_21 =   0.00000E+00  -0.12747E+00
        GC_22 =   0.00000E+00   0.69774E-01
        GC_23 =  -0.00000E+00   0.18517E+00
        GC_24 =  -0.00000E+00  -0.18517E+00
        GC_61 =   0.00000E+00   0.00000E+00
        GC_66 =   0.00000E+00   0.00000E+00
        GC_77 =  -0.00000E+00  -0.28380E+00
        GC_78 =   0.00000E+00   0.28380E+00
        GC_89 =  -0.00000E+00  -0.28850E-01
        GC_90 =   0.00000E+00   0.86550E-01
        GC_98 =  -0.00000E+00  -0.21932E+03
       GC_100 =   0.00000E+00   0.33771E+01
       GC_101 =  -0.00000E+00  -0.00000E+00
       GC_102 =   0.00000E+00   0.00000E+00
       GC_105 =  -0.00000E+00  -0.00000E+00
       GC_106 =   0.00000E+00   0.00000E+00
        GC_35 =  -0.00000E+00  -0.20000E-03
        GC_38 =  -0.00000E+00  -0.00000E+00
        GC_40 =   0.00000E+00   0.52481E-04
        GC_42 =   0.00000E+00   0.10496E-03
        GC_43 =   0.00000E+00   0.50000E-04
        GC_45 =   0.00000E+00   0.50000E-04
        GC_49 =   0.00000E+00   0.50000E-04
        GC_56 =  -0.00000E+00  -0.94000E-03
        GC_58 =  -0.00000E+00  -0.35540E-03
        GC_68 =   0.00000E+00   0.00000E+00

 Collider parameters:
 --------------------

 Running at P P   machine @    13000.000000000000       GeV
 PDF set = nn23lo1
 alpha_s(Mz)= 0.1300 running at 2 loops.
 alpha_s(Mz)= 0.1300 running at 2 loops.
 Renormalization scale set on event-by-event basis
 Factorization   scale set on event-by-event basis


 getting user params
Enter number of events and max and min iterations: 
 Number of events and iterations         1000           5           3
Enter desired fractional accuracy: 
 Desired fractional accuracy:   0.10000000000000001     
Enter 0 for fixed, 2 for adjustable grid: 
Suppress amplitude (0 no, 1 yes)? 
 Using suppressed amplitude.
Exact helicity sum (0 yes, n = number/event)? 
 Explicitly summing over helicities
Enter Configuration Number: 
Running Configuration Number:   24
 Using dconfig=         202
 BW Setting            1           1           1           1           2           0
 Attempting mappinvarients           1           8
 Completed mapping           8
 about to integrate           16        1000           5           3          16           1
 Using non-zero grid deformation.
 16 dimensions   1000 events 16 invarients  5 iterations  1 config(s),  (0.99)
 Using h-tuple random number sequence.
 Error opening grid
 Using Uniform Grid!          32
 Using uniform alpha   1.0000000000000000     
 Grid defined OK
 Set CM energy to      13000.00
 Mapping Graph          24  to config          24
 Setting BW          -1           1   91.187600000000003     
 Setting BW          -2           2   91.187600000000003     
 Setting BW          -3           3   600.00000000000000     
 Setting BW          -4           4   91.187600000000003     
Setting grid   5    0.25116E-02   1
 Transforming s_hat 1/s           15   2.5115575576956360E-003   353.44000000000005        168999999.99999997     
  24   1   2   3   4   5   6   7   8   9  10  11  12  13  14
  15  16
 Masses: 0.000E+00 0.000E+00 0.470E+01 0.470E+01 0.000E+00 0.000E+00 0.470E+01 0.470E+01
Using random seed offsets    24 :      7
  with seed                   24
 Ranmar initialization seeds       31082        9404
 
 ********************************************
 * You are using the DiscreteSampler module *
 *      part of the MG5_aMC framework       *
 *         Author: Valentin Hirschi         *
 ********************************************
 
  Particle       3       4       5       6       7       8
      Et >     0.0     0.0     0.0     0.0     0.0     0.0
       E >     0.0     0.0     0.0     0.0     0.0     0.0
     Eta <    -1.0    -1.0    -1.0    -1.0    -1.0    -1.0
   xqcut:      0.0     0.0     0.0     0.0     0.0     0.0
d R # 3  >    -0.0     0.0     0.0     0.0     0.0     0.0
d R # 4  >    -0.0    -0.0     0.0     0.0     0.0     0.0
d R # 5  >    -0.0    -0.0    -0.0     0.0     0.0     0.0
d R # 6  >    -0.0    -0.0    -0.0    -0.0     0.0     0.0
d R # 7  >    -0.0    -0.0    -0.0    -0.0    -0.0     0.0
s min # 3>     0.0    88.4    22.1    22.1    88.4     0.0
s min # 4>     0.0     0.0    22.1    22.1    88.4     0.0
s min # 5>     0.0     0.0     0.0     0.0    22.1     0.0
s min # 6>     0.0     0.0     0.0     0.0    22.1     0.0
s min # 7>     0.0     0.0     0.0     0.0     0.0     0.0
xqcutij # 3>     0.0     0.0     0.0     0.0     0.0     0.0
xqcutij # 4>     0.0     0.0     0.0     0.0     0.0     0.0
xqcutij # 5>     0.0     0.0     0.0     0.0     0.0     0.0
xqcutij # 6>     0.0     0.0     0.0     0.0     0.0     0.0
xqcutij # 7>     0.0     0.0     0.0     0.0     0.0     0.0
 Requiring BW           -1           1
 Requiring BW           -2           2
 Requiring BW           -3           3
 Requiring BW           -4           4
 Excluding BW           -5           5
 alpha_s for scale    331.45423394747024       is   0.10704952028298308     
 Added good helicity            1   3.5214792859668513       in event            1 local:           1
 Added good helicity            2   6.2405549922260301E-002  in event            1 local:           1
 Added good helicity            3   2.8569202387083149E-002  in event            1 local:           1
 Added good helicity            4  0.37763218536203347       in event            1 local:           1
 Added good helicity           13   9.0152029216406291       in event            1 local:           1
 Added good helicity           14   2.6639627638803780E-002  in event            1 local:           1
 Added good helicity           15   3.3599552619188358E-002  in event            1 local:           1
 Added good helicity           16   9.4482451050022009E-002  in event            1 local:           1
 Added good helicity           17   8.9193576273485578E-003  in event            1 local:           1
 Added good helicity           18   1.5806352174386554E-004  in event            1 local:           1
 Added good helicity           19   7.2361332419006988E-005  in event            1 local:           1
 Added good helicity           20   9.5648340919216252E-004  in event            1 local:           1
 Added good helicity           29   2.2834102492570289E-002  in event            1 local:           1
 Added good helicity           30   6.7474020624446878E-005  in event            1 local:           1
 Added good helicity           31   8.5102424746245648E-005  in event            1 local:           1
 Added good helicity           32   2.3930930781897907E-004  in event            1 local:           1
 Added good helicity           33   2.3545668589275284E-002  in event            1 local:           1
 Added good helicity           34   4.1726225749971551E-004  in event            1 local:           1
 Added good helicity           35   1.9102227122187978E-004  in event            1 local:           1
 Added good helicity           36   2.5249622568025267E-003  in event            1 local:           1
 Added good helicity           45   6.0278355492224996E-002  in event            1 local:           1
 Added good helicity           46   1.7812055468409638E-004  in event            1 local:           1
 Added good helicity           47   2.2465670432081372E-004  in event            1 local:           1
 Added good helicity           48   6.3173805644449346E-004  in event            1 local:           1
 Added good helicity           49  0.42642510592493221       in event            1 local:           1
 Added good helicity           50   7.5568507081526463E-003  in event            1 local:           1
 Added good helicity           51   3.4595191863404360E-003  in event            1 local:           1
 Added good helicity           52   4.5728465672191521E-002  in event            1 local:           1
 Added good helicity           61   1.0916744210636116       in event            1 local:           1
 Added good helicity           62   3.2258619503873400E-003  in event            1 local:           1
 Added good helicity           63   4.0686574081988209E-003  in event            1 local:           1
 Added good helicity           64   1.1441126278268293E-002  in event            1 local:           1
 Added good helicity          193   63.607022563690741       in event            1 local:           1
 Added good helicity          194   1.1272056143629705       in event            1 local:           1
 Added good helicity          195  0.51603367599049088       in event            1 local:           1
 Added good helicity          196   6.8210138366620541       in event            1 local:           1
 Added good helicity          205   162.83787837065353       in event            1 local:           1
 Added good helicity          206  0.48118056609396737       in event            1 local:           1
 Added good helicity          207  0.60689480983042332       in event            1 local:           1
 Added good helicity          208   1.7065974006323104       in event            1 local:           1
 Added good helicity          209  0.11553975928822947       in event            1 local:           1
 Added good helicity          210   2.0475265167683322E-003  in event            1 local:           1
 Added good helicity          211   9.3735572434412674E-004  in event            1 local:           1
 Added good helicity          212   1.2390114566366947E-002  in event            1 local:           1
 Added good helicity          221  0.29578886908457752       in event            1 local:           1
 Added good helicity          222   8.7404636374863100E-004  in event            1 local:           1
 Added good helicity          223   1.1024015496224515E-003  in event            1 local:           1
 Added good helicity          224   3.0999698606161900E-003  in event            1 local:           1
 Added good helicity          225  0.25551601200813723       in event            1 local:           1
 Added good helicity          226   4.5281019561450239E-003  in event            1 local:           1
 Added good helicity          227   2.0729608404317489E-003  in event            1 local:           1
 Added good helicity          228   2.7400720598909356E-002  in event            1 local:           1
 Added good helicity          237  0.65413665988646275       in event            1 local:           1
 Added good helicity          238   1.9329522802460607E-003  in event            1 local:           1
 Added good helicity          239   2.4379594463965256E-003  in event            1 local:           1
 Added good helicity          240   6.8555789020997571E-003  in event            1 local:           1
 Added good helicity          241  0.54443666789451883       in event            1 local:           1
 Added good helicity          242   9.6481810338044025E-003  in event            1 local:           1
 Added good helicity          243   4.4169282534221024E-003  in event            1 local:           1
 Added good helicity          244   5.8383648459196406E-002  in event            1 local:           1
 Added good helicity          253   1.3937912565921466       in event            1 local:           1
 Added good helicity          254   4.1186072465108844E-003  in event            1 local:           1
 Added good helicity          255   5.1946432124802371E-003  in event            1 local:           1
 Added good helicity          256   1.4607415420323195E-002  in event            1 local:           1
 Added good helicity            1   3.5214792859668544       in event            1 local:           1
 Added good helicity            2   6.2405549922260314E-002  in event            1 local:           1
 Added good helicity            3   2.8569202387083110E-002  in event            1 local:           1
 Added good helicity            4  0.37763218536203291       in event            1 local:           1
 Added good helicity           13   9.0152029216406504       in event            1 local:           1
 Added good helicity           14   2.6639627638803821E-002  in event            1 local:           1
 Added good helicity           15   3.3599552619188414E-002  in event            1 local:           1
 Added good helicity           16   9.4482451050021329E-002  in event            1 local:           1
 Added good helicity           17   8.9193576273485422E-003  in event            1 local:           1
 Added good helicity           18   1.5806352174386530E-004  in event            1 local:           1
 Added good helicity           19   7.2361332419006744E-005  in event            1 local:           1
 Added good helicity           20   9.5648340919215948E-004  in event            1 local:           1
 Added good helicity           29   2.2834102492570296E-002  in event            1 local:           1
 Added good helicity           30   6.7474020624446878E-005  in event            1 local:           1
 Added good helicity           31   8.5102424746245675E-005  in event            1 local:           1
 Added good helicity           32   2.3930930781897720E-004  in event            1 local:           1
 Added good helicity           33   2.3545668589275284E-002  in event            1 local:           1
 Added good helicity           34   4.1726225749971556E-004  in event            1 local:           1
 Added good helicity           35   1.9102227122187959E-004  in event            1 local:           1
 Added good helicity           36   2.5249622568025215E-003  in event            1 local:           1
 Added good helicity           45   6.0278355492225044E-002  in event            1 local:           1
 Added good helicity           46   1.7812055468409665E-004  in event            1 local:           1
 Added good helicity           47   2.2465670432081399E-004  in event            1 local:           1
 Added good helicity           48   6.3173805644448858E-004  in event            1 local:           1
 Added good helicity           49  0.42642510592493155       in event            1 local:           1
 Added good helicity           50   7.5568507081526445E-003  in event            1 local:           1
 Added good helicity           51   3.4595191863404330E-003  in event            1 local:           1
 Added good helicity           52   4.5728465672191423E-002  in event            1 local:           1
 Added good helicity           61   1.0916744210636127       in event            1 local:           1
 Added good helicity           62   3.2258619503873422E-003  in event            1 local:           1
 Added good helicity           63   4.0686574081988253E-003  in event            1 local:           1
 Added good helicity           64   1.1441126278268206E-002  in event            1 local:           1
 Added good helicity          193   63.607022563690627       in event            1 local:           1
 Added good helicity          194   1.1272056143629696       in event            1 local:           1
 Added good helicity          195  0.51603367599048977       in event            1 local:           1
 Added good helicity          196   6.8210138366620328       in event            1 local:           1
 Added good helicity          205   162.83787837065367       in event            1 local:           1
 Added good helicity          206  0.48118056609396770       in event            1 local:           1
 Added good helicity          207  0.60689480983042376       in event            1 local:           1
 Added good helicity          208   1.7065974006322955       in event            1 local:           1
 Added good helicity          209  0.11553975928822931       in event            1 local:           1
 Added good helicity          210   2.0475265167683304E-003  in event            1 local:           1
 Added good helicity          211   9.3735572434412359E-004  in event            1 local:           1
 Added good helicity          212   1.2390114566366912E-002  in event            1 local:           1
 Added good helicity          221  0.29578886908457763       in event            1 local:           1
 Added good helicity          222   8.7404636374863057E-004  in event            1 local:           1
 Added good helicity          223   1.1024015496224520E-003  in event            1 local:           1
 Added good helicity          224   3.0999698606161588E-003  in event            1 local:           1
 Added good helicity          225  0.25551601200813734       in event            1 local:           1
 Added good helicity          226   4.5281019561450274E-003  in event            1 local:           1
 Added good helicity          227   2.0729608404317463E-003  in event            1 local:           1
 Added good helicity          228   2.7400720598909301E-002  in event            1 local:           1
 Added good helicity          237  0.65413665988646386       in event            1 local:           1
 Added good helicity          238   1.9329522802460628E-003  in event            1 local:           1
 Added good helicity          239   2.4379594463965308E-003  in event            1 local:           1
 Added good helicity          240   6.8555789020997146E-003  in event            1 local:           1
 Added good helicity          241  0.54443666789451883       in event            1 local:           1
 Added good helicity          242   9.6481810338044025E-003  in event            1 local:           1
 Added good helicity          243   4.4169282534220963E-003  in event            1 local:           1
 Added good helicity          244   5.8383648459196337E-002  in event            1 local:           1
 Added good helicity          253   1.3937912565921489       in event            1 local:           1
 Added good helicity          254   4.1186072465108905E-003  in event            1 local:           1
 Added good helicity          255   5.1946432124802440E-003  in event            1 local:           1
 Added good helicity          256   1.4607415420323096E-002  in event            1 local:           1
 RESET CUMULATIVE VARIABLE
 RESET CUMULATIVE VARIABLE
 RESET CUMULATIVE VARIABLE
 Iteration  1   Mean: 0.1868E-05 Abs mean: 0.1868E-05   Fluctuation:  0.323E-06   0.201E-03    81.6%
  1    0.1868E-05 0.1868E-05 +- 0.3234E-06      5.48
 Writing out events   4.5792798779034212E-010   5.4758868060341870     
 Relative summed weights:
  0.2917E+00  0.2495E+00  0.2774E+00  0.1814E+00
 Relative number of events:
  0.2628E+00  0.2667E+00  0.2244E+00  0.2461E+00
 Events:
         267         271         228         250
 Iteration  2   Mean: 0.1834E-05 Abs mean: 0.1834E-05   Fluctuation:  0.136E-06   0.164E-03    93.4%
  2    0.1834E-05 0.1834E-05 +- 0.1355E-06      3.31
 Relative summed weights:
  0.2738E+00  0.3109E+00  0.1894E+00  0.2259E+00
 Relative number of events:
  0.2735E+00  0.2850E+00  0.2170E+00  0.2245E+00
 Events:
         547         570         434         449
 Iteration  3   Mean: 0.1764E-05 Abs mean: 0.1764E-05   Fluctuation:  0.545E-07   0.480E-04    93.5%
  3    0.1764E-05 0.1764E-05 +- 0.5453E-07      1.96
 Relative summed weights:
  0.2806E+00  0.2985E+00  0.2121E+00  0.2088E+00
 Relative number of events:
  0.2720E+00  0.2868E+00  0.2155E+00  0.2258E+00
 Events:
        1088        1147         862         903
 Accuracy:    0.011   0.100   0.028   0.166
 Finished due to accuracy    1.1482311105901182E-002  0.10000000000000001     

 -------------------------------------------------------------------------------
 Accumulated results:   Integral =  0.1776E-05
                        Std dev  =  0.5000E-07
                       Cross sec =  0.1776E-05
             Chi**2 per DoF.     =      0.1665
 -------------------------------------------------------------------------------
 Found          383  events.
 Wrote          217  events.
 Actual xsec    1.7764984933383388E-006
 Correct abs xsec    1.7764984933383388E-006
 Event xsec    1.7764984933383238E-006
 Events wgts > 1:            9
 % Cross section > 1:    1.7374189645775727E-008  0.97800193531979063     
-------------------------------------------------
---------------------------
 Results Last   3 iters: Integral =   0.1776E-05
                     Abs integral =   0.1776E-05
                          Std dev =   0.5000E-07
                  Chi**2 per DoF. =      0.1569
-------------------------------------------------
---------------------------
 Status  0.10000000000000001                4           5

ls status:
events.lhe
ftn26
input_app.txt
results.dat
run1_app.log
