 Process in group number            1
 A PDF is used, so alpha_s(MZ) is going to be modified
 Old value of alpha_s from param_card:   0.11839999999999999     
  ****************************************
 
       NNPDFDriver version 1.0.3
   Grid: NNPDF23_lo_as_0130_qed_mem0.grid
  ****************************************
 New value of alpha_s from PDF nn23lo1:  0.13000000000000000     
 Define smin to   167.80611600000000     
 Define smin to   167.80611600000000     
 Define smin to   167.80611600000000     
 Define smin to   167.80611600000000     
 Warning: pt or E min of a jet should in general be >0
 Warning: pt or E min of a jet should in general be >0
 Warning: pt or E min of a jet should in general be >0
 Warning: pt or E min of a jet should in general be >0
 *****************************************************
 *               MadGraph/MadEvent                   *
 *        --------------------------------           *
 *          http://madgraph.hep.uiuc.edu             *
 *          http://madgraph.phys.ucl.ac.be           *
 *          http://madgraph.roma2.infn.it            *
 *        --------------------------------           *
 *                                                   *
 *          PARAMETER AND COUPLING VALUES            *
 *                                                   *
 *****************************************************

  External Params
  ---------------------------------
  
 mdl_cabi =   0.22773599999999999     
 aEWM1 =    127.90000000000001     
 mdl_Gf =    1.1663700000000000E-005
 aS =   0.11839999999999999     
 mdl_ymb =    4.7000000000000002     
 mdl_ymt =    172.00000000000000     
 mdl_ymtau =    1.7769999999999999     
 mdl_Lambda =    5000.0000000000000     
 mdl_ca =    1.0000000000000000     
 mdl_kSM =    5.0000000000000003E-002
 mdl_kHtt =    0.0000000000000000     
 mdl_kAtt =    0.0000000000000000     
 mdl_kHbb =    0.0000000000000000     
 mdl_kAbb =    0.0000000000000000     
 mdl_kHll =    0.0000000000000000     
 mdl_kAll =    0.0000000000000000     
 mdl_kHaa =    0.0000000000000000     
 mdl_kAaa =    0.0000000000000000     
 mdl_kHza =    0.0000000000000000     
 mdl_kAza =    0.0000000000000000     
 mdl_kHgg =    0.0000000000000000     
 mdl_kAgg =    0.0000000000000000     
 mdl_kHzz =  -0.52481000000000000     
 mdl_kAzz =    0.0000000000000000     
 mdl_kHww =  -0.52481000000000000     
 mdl_kAww =    0.0000000000000000     
 mdl_kHda =    0.0000000000000000     
 mdl_kHdz =  -0.26240500000000000     
 mdl_kHdwR =  -0.26240500000000000     
 mdl_kHdwI =    0.0000000000000000     
 mdl_kHHgg =    1.0000000000000000     
 mdl_kAAgg =    1.0000000000000000     
 mdl_kqa =    1.0000000000000000     
 mdl_kqb =    1.0000000000000000     
 mdl_kla =    1.0000000000000000     
 mdl_klb =    1.0000000000000000     
 mdl_kw1 =    1.0000000000000000     
 mdl_kw2 =    1.0000000000000000     
 mdl_kw3 =    0.0000000000000000     
 mdl_kw4 =    0.0000000000000000     
 mdl_kw5 =    0.0000000000000000     
 mdl_kz1 =    0.0000000000000000     
 mdl_kz3 =    1.0000000000000000     
 mdl_kz5 =    0.0000000000000000     
 mdl_kq =    1.0000000000000000     
 mdl_kq3 =    1.0000000000000000     
 mdl_kl =    1.0000000000000000     
 mdl_kg =    1.0000000000000000     
 mdl_ka =    1.0000000000000000     
 mdl_kz =    1.0000000000000000     
 mdl_kw =    1.0000000000000000     
 mdl_kza =    0.0000000000000000     
 mdl_MZ =    91.187600000000003     
 mdl_MTA =    1.7769999999999999     
 mdl_MT =    172.00000000000000     
 mdl_MB =    4.7000000000000002     
 mdl_MX0 =    600.00000000000000     
 mdl_MX1 =    125.00000000000000     
 mdl_MX2 =    125.00000000000000     
 mdl_WZ =    2.4952000000000001     
 mdl_WW =    2.0850000000000000     
 mdl_WT =    1.5083359999999999     
 mdl_WX0 =   0.15059000000000000     
 mdl_WX1 =    4.0699999999999998E-003
 mdl_WX2 =    4.0699999999999998E-003
  Internal Params
  ---------------------------------
  
 mdl_cos__cabi =   0.97418004031982097     
 mdl_CKM1x1 =  ( 0.97418004031982097     ,  0.0000000000000000     )
 mdl_sin__cabi =   0.22577256042856930     
 mdl_CKM1x2 =  ( 0.22577256042856930     ,  0.0000000000000000     )
 mdl_CKM2x1 =  (-0.22577256042856930     ,  0.0000000000000000     )
 mdl_CKM2x2 =  ( 0.97418004031982097     ,  0.0000000000000000     )
 mdl_ca__exp__2 =    1.0000000000000000     
 mdl_sa =    0.0000000000000000     
 mdl_complexi =  (  0.0000000000000000     ,  1.0000000000000000     )
 mdl_kHdw =  (-0.26240500000000000     ,  0.0000000000000000     )
 mdl_MZ__exp__2 =    8315.1783937600012     
 mdl_MZ__exp__4 =    69142191.720053151     
 mdl_sqrt__2 =    1.4142135623730951     
 mdl_nb__2__exp__0_75 =    1.6817928305074290     
 mdl_MX0__exp__2 =    360000.00000000000     
 mdl_ca__exp__4 =    1.0000000000000000     
 mdl_ca__exp__3 =    1.0000000000000000     
 mdl_conjg__CKM1x1 =  ( 0.97418004031982097     , -0.0000000000000000     )
 mdl_conjg__CKM1x2 =  ( 0.22577256042856930     , -0.0000000000000000     )
 mdl_conjg__CKM2x1 =  (-0.22577256042856930     , -0.0000000000000000     )
 mdl_conjg__CKM2x2 =  ( 0.97418004031982097     , -0.0000000000000000     )
 mdl_conjg__kHdw =  (-0.26240500000000000     , -0.0000000000000000     )
 mdl_aEW =    7.8186082877247844E-003
 mdl_MW =    79.824359746197842     
 mdl_sqrt__aEW =    8.8422894590285753E-002
 mdl_ee =   0.31345100004952897     
 mdl_MW__exp__2 =    6371.9284088904105     
 mdl_sw2 =   0.23369913342182447     
 mdl_cw =   0.87538612427783857     
 mdl_sqrt__sw2 =   0.48342438232036300     
 mdl_sw =   0.48342438232036300     
 mdl_ad =  -0.12747442148678401     
 mdl_al =   -1.2074027013887732E-002
 mdl_an =   0.18517461872323218     
 mdl_au =    6.9774224250335873E-002
 mdl_bd =  -0.18517461872323218     
 mdl_bl =  -0.18517461872323218     
 mdl_bn =   0.18517461872323218     
 mdl_bu =   0.18517461872323218     
 mdl_gwwz =  -0.56759788318358417     
 mdl_g1 =   0.35807170271074895     
 mdl_gw =   0.64839716719502682     
 mdl_vev =    246.22056907348590     
 mdl_ee__exp__2 =    9.8251529432049817E-002
 mdl_gAaa =    1.3477023594718659E-005
 mdl_vev__exp__2 =    60624.568634871241     
 mdl_cw__exp__2 =   0.76630086657817542     
 mdl_gAza =    4.4999802188047602E-006
 mdl_gHaa =    2.6392504539657372E-005
 mdl_gHza =    3.9166441035016922E-005
 mdl_lam =    2.9690932909411916     
 mdl_yb =    2.6995322804122722E-002
 mdl_yt =   0.98791394091683138     
 mdl_ytau =    1.0206529494239589E-002
 mdl_muH =    424.26406871192853     
 mdl_sw__exp__2 =   0.23369913342182450     
  Internal Params evaluated point by point
  ----------------------------------------
  
 mdl_sqrt__aS =   0.34409301068170506     
 mdl_G__exp__2 =    1.4878582807401259     
 mdl_gAAgg =    3.1083017473614446E-007
 mdl_gAgg =    7.6532782508744533E-005
 mdl_gHgg =   -5.1021855005829691E-005
 mdl_gHHgg =    2.0722011649076294E-007
  Couplings of HC_UFO
  ---------------------------------
  
        GC_10 =  -0.00000E+00   0.00000E+00
        GC_13 =  -0.00000E+00  -0.20722E-06
        GC_62 =   0.00000E+00   0.00000E+00
        GC_64 =   0.00000E+00   0.00000E+00
         GC_1 =  -0.00000E+00  -0.10448E+00
         GC_2 =   0.00000E+00   0.20897E+00
         GC_3 =  -0.00000E+00  -0.31345E+00
         GC_9 =  -0.00000E+00  -0.00000E+00
        GC_16 =  -0.00000E+00  -0.00000E+00
        GC_17 =   0.00000E+00  -0.12074E-01
        GC_19 =  -0.00000E+00   0.18517E+00
        GC_21 =   0.00000E+00  -0.12747E+00
        GC_22 =   0.00000E+00   0.69774E-01
        GC_23 =  -0.00000E+00   0.18517E+00
        GC_24 =  -0.00000E+00  -0.18517E+00
        GC_61 =   0.00000E+00   0.00000E+00
        GC_66 =   0.00000E+00   0.00000E+00
        GC_77 =  -0.00000E+00  -0.28380E+00
        GC_78 =   0.00000E+00   0.28380E+00
        GC_89 =  -0.00000E+00  -0.28850E-01
        GC_90 =   0.00000E+00   0.86550E-01
        GC_98 =  -0.00000E+00  -0.21932E+03
       GC_100 =   0.00000E+00   0.33771E+01
       GC_101 =  -0.00000E+00  -0.00000E+00
       GC_102 =   0.00000E+00   0.00000E+00
       GC_105 =  -0.00000E+00  -0.00000E+00
       GC_106 =   0.00000E+00   0.00000E+00
        GC_35 =  -0.00000E+00  -0.20000E-03
        GC_38 =  -0.00000E+00  -0.00000E+00
        GC_40 =   0.00000E+00   0.52481E-04
        GC_42 =   0.00000E+00   0.10496E-03
        GC_43 =   0.00000E+00   0.50000E-04
        GC_45 =   0.00000E+00   0.50000E-04
        GC_49 =   0.00000E+00   0.50000E-04
        GC_56 =  -0.00000E+00  -0.94000E-03
        GC_58 =  -0.00000E+00  -0.35540E-03
        GC_68 =   0.00000E+00   0.00000E+00

 Collider parameters:
 --------------------

 Running at P P   machine @    13000.000000000000       GeV
 PDF set = nn23lo1
 alpha_s(Mz)= 0.1300 running at 2 loops.
 alpha_s(Mz)= 0.1300 running at 2 loops.
 Renormalization scale set on event-by-event basis
 Factorization   scale set on event-by-event basis


 getting user params
Enter number of events and max and min iterations: 
 Number of events and iterations         1000           5           3
Enter desired fractional accuracy: 
 Desired fractional accuracy:   0.10000000000000001     
Enter 0 for fixed, 2 for adjustable grid: 
Suppress amplitude (0 no, 1 yes)? 
 Using suppressed amplitude.
Exact helicity sum (0 yes, n = number/event)? 
 Explicitly summing over helicities
Enter Configuration Number: 
Running Configuration Number:   36
 Using dconfig=         206
 BW Setting            2           2           1           1           2           0
 Attempting mappinvarients           1           8
 Completed mapping           8
 about to integrate           16        1000           5           3          16           1
 Using non-zero grid deformation.
 16 dimensions   1000 events 16 invarients  5 iterations  1 config(s),  (0.99)
 Using h-tuple random number sequence.
 Error opening grid
 Using Uniform Grid!          32
 Using uniform alpha   1.0000000000000000     
 Grid defined OK
 Set CM energy to      13000.00
 Mapping Graph          36  to config          36
Setting grid   1    0.52284E-06   1
Setting grid   2    0.74739E-07   1
 Setting BW          -3           3   600.00000000000000     
 Setting BW          -4           4   91.187600000000003     
Setting grid   5    0.25116E-02   1
 Transforming s_hat 1/s           15   2.5115575576956360E-003   167.80611600000000        168999999.99999997     
  36   1   2   3   4   5   6   7   8   9  10  11  12  13  14
  15  16
 Masses: 0.000E+00 0.000E+00 0.000E+00 0.000E+00 0.178E+01 0.178E+01 0.470E+01 0.470E+01
Using random seed offsets    36 :      5
  with seed                   24
 Ranmar initialization seeds       31094        9402
 
 ********************************************
 * You are using the DiscreteSampler module *
 *      part of the MG5_aMC framework       *
 *         Author: Valentin Hirschi         *
 ********************************************
 
  Particle       3       4       5       6       7       8
      Et >     0.0     0.0     0.0     0.0     0.0     0.0
       E >     0.0     0.0     0.0     0.0     0.0     0.0
     Eta <    -1.0    -1.0    -1.0    -1.0    -1.0    -1.0
   xqcut:      0.0     0.0     0.0     0.0     0.0     0.0
d R # 3  >    -0.0     0.0     0.0     0.0     0.0     0.0
d R # 4  >    -0.0    -0.0     0.0     0.0     0.0     0.0
d R # 5  >    -0.0    -0.0    -0.0     0.0     0.0     0.0
d R # 6  >    -0.0    -0.0    -0.0    -0.0     0.0     0.0
d R # 7  >    -0.0    -0.0    -0.0    -0.0    -0.0     0.0
s min # 3>     0.0     0.0     3.2     3.2    22.1     0.0
s min # 4>     0.0     0.0     3.2     3.2    22.1     0.0
s min # 5>     0.0     0.0     0.0    12.6    42.0     0.0
s min # 6>     0.0     0.0     0.0     0.0    42.0     0.0
s min # 7>     0.0     0.0     0.0     0.0     0.0     0.0
xqcutij # 3>     0.0     0.0     0.0     0.0     0.0     0.0
xqcutij # 4>     0.0     0.0     0.0     0.0     0.0     0.0
xqcutij # 5>     0.0     0.0     0.0     0.0     0.0     0.0
xqcutij # 6>     0.0     0.0     0.0     0.0     0.0     0.0
xqcutij # 7>     0.0     0.0     0.0     0.0     0.0     0.0
 Excluding BW           -1           1
 Excluding BW           -2           2
 Requiring BW           -3           3
 Requiring BW           -4           4
 Excluding BW           -5           5
 alpha_s for scale    386.18679963131962       is   0.10486704739504832     
 Added good helicity            1   5.5798976589874814       in event            1 local:           1
 Added good helicity            2   2.3232822761006340E-003  in event            1 local:           1
 Added good helicity            3  0.22705687886556644       in event            1 local:           1
 Added good helicity            4  0.32427116592006267       in event            1 local:           1
 Added good helicity            5  0.68568462859258872       in event            1 local:           1
 Added good helicity            6   4.5407157892020023E-005  in event            1 local:           1
 Added good helicity            7   1.5797385890483760E-005  in event            1 local:           1
 Added good helicity            8   2.2304207228369843E-002  in event            1 local:           1
 Added good helicity            9  0.69971341449448632       in event            1 local:           1
 Added good helicity           10   5.6282405860890896E-005  in event            1 local:           1
 Added good helicity           11   1.9222437052573402E-005  in event            1 local:           1
 Added good helicity           12   2.2612822559644696E-002  in event            1 local:           1
 Added good helicity           13   7.8783319841115276       in event            1 local:           1
 Added good helicity           14  0.63072156420162628       in event            1 local:           1
 Added good helicity           15   1.5465665184029624E-003  in event            1 local:           1
 Added good helicity           16  0.13144821910004578       in event            1 local:           1
 Added good helicity           49   3.1013873957741596       in event            1 local:           1
 Added good helicity           50   1.2913137136697031E-003  in event            1 local:           1
 Added good helicity           51  0.12620147989690350       in event            1 local:           1
 Added good helicity           52  0.18023457924494693       in event            1 local:           1
 Added good helicity           53  0.38111338138395595       in event            1 local:           1
 Added good helicity           54   2.5237951620387229E-005  in event            1 local:           1
 Added good helicity           55   8.7804143518677335E-006  in event            1 local:           1
 Added good helicity           56   1.2396999263845521E-002  in event            1 local:           1
 Added good helicity           57  0.38891078241766147       in event            1 local:           1
 Added good helicity           58   3.1282570901575800E-005  in event            1 local:           1
 Added good helicity           59   1.0684107063306101E-005  in event            1 local:           1
 Added good helicity           60   1.2568532104957182E-002  in event            1 local:           1
 Added good helicity           61   4.3788902608084088       in event            1 local:           1
 Added good helicity           62  0.35056411945247706       in event            1 local:           1
 Added good helicity           63   8.5960392108188493E-004  in event            1 local:           1
 Added good helicity           64   7.3060811295922137E-002  in event            1 local:           1
 Added good helicity          193   73.882065013615005       in event            1 local:           1
 Added good helicity          194   3.0762014405653713E-002  in event            1 local:           1
 Added good helicity          195   3.0064047965313954       in event            1 local:           1
 Added good helicity          196   4.2935954791138791       in event            1 local:           1
 Added good helicity          197   9.0789830574969166       in event            1 local:           1
 Added good helicity          198   6.0122511137067228E-004  in event            1 local:           1
 Added good helicity          199   2.0916933656049734E-004  in event            1 local:           1
 Added good helicity          200  0.29532457210381574       in event            1 local:           1
 Added good helicity          201   9.2647347926379062       in event            1 local:           1
 Added good helicity          202   7.4522161929607049E-004  in event            1 local:           1
 Added good helicity          203   2.5451960427103141E-004  in event            1 local:           1
 Added good helicity          204  0.29941087249190990       in event            1 local:           1
 Added good helicity          205   104.31507375613599       in event            1 local:           1
 Added good helicity          206   8.3512305170645753       in event            1 local:           1
 Added good helicity          207   2.0477710353071554E-002  in event            1 local:           1
 Added good helicity          208   1.7404738335713041       in event            1 local:           1
 Added good helicity          241   5.5798976589874822       in event            1 local:           1
 Added good helicity          242   2.3232822761006335E-003  in event            1 local:           1
 Added good helicity          243  0.22705687886556644       in event            1 local:           1
 Added good helicity          244  0.32427116592006233       in event            1 local:           1
 Added good helicity          245  0.68568462859258839       in event            1 local:           1
 Added good helicity          246   4.5407157892019989E-005  in event            1 local:           1
 Added good helicity          247   1.5797385890483743E-005  in event            1 local:           1
 Added good helicity          248   2.2304207228369843E-002  in event            1 local:           1
 Added good helicity          249  0.69971341449448587       in event            1 local:           1
 Added good helicity          250   5.6282405860890856E-005  in event            1 local:           1
 Added good helicity          251   1.9222437052573396E-005  in event            1 local:           1
 Added good helicity          252   2.2612822559644676E-002  in event            1 local:           1
 Added good helicity          253   7.8783319841115249       in event            1 local:           1
 Added good helicity          254  0.63072156420162573       in event            1 local:           1
 Added good helicity          255   1.5465665184029608E-003  in event            1 local:           1
 Added good helicity          256  0.13144821910004575       in event            1 local:           1
 Added good helicity            1   5.5798976589874956       in event            1 local:           1
 Added good helicity            2   2.3232822761006383E-003  in event            1 local:           1
 Added good helicity            3  0.22705687886556597       in event            1 local:           1
 Added good helicity            4  0.32427116592006255       in event            1 local:           1
 Added good helicity            5  0.68568462859259049       in event            1 local:           1
 Added good helicity            6   4.5407157892019589E-005  in event            1 local:           1
 Added good helicity            7   1.5797385890483774E-005  in event            1 local:           1
 Added good helicity            8   2.2304207228369746E-002  in event            1 local:           1
 Added good helicity            9  0.69971341449448810       in event            1 local:           1
 Added good helicity           10   5.6282405860890530E-005  in event            1 local:           1
 Added good helicity           11   1.9222437052573389E-005  in event            1 local:           1
 Added good helicity           12   2.2612822559644630E-002  in event            1 local:           1
 Added good helicity           13   7.8783319841115258       in event            1 local:           1
 Added good helicity           14  0.63072156420162484       in event            1 local:           1
 Added good helicity           15   1.5465665184029541E-003  in event            1 local:           1
 Added good helicity           16  0.13144821910004617       in event            1 local:           1
 Added good helicity           49   3.1013873957741649       in event            1 local:           1
 Added good helicity           50   1.2913137136697059E-003  in event            1 local:           1
 Added good helicity           51  0.12620147989690322       in event            1 local:           1
 Added good helicity           52  0.18023457924494685       in event            1 local:           1
 Added good helicity           53  0.38111338138395701       in event            1 local:           1
 Added good helicity           54   2.5237951620386999E-005  in event            1 local:           1
 Added good helicity           55   8.7804143518677386E-006  in event            1 local:           1
 Added good helicity           56   1.2396999263845450E-002  in event            1 local:           1
 Added good helicity           57  0.38891078241766247       in event            1 local:           1
 Added good helicity           58   3.1282570901575583E-005  in event            1 local:           1
 Added good helicity           59   1.0684107063306088E-005  in event            1 local:           1
 Added good helicity           60   1.2568532104957147E-002  in event            1 local:           1
 Added good helicity           61   4.3788902608084008       in event            1 local:           1
 Added good helicity           62  0.35056411945247629       in event            1 local:           1
 Added good helicity           63   8.5960392108188005E-004  in event            1 local:           1
 Added good helicity           64   7.3060811295922262E-002  in event            1 local:           1
 Added good helicity          193   73.882065013615062       in event            1 local:           1
 Added good helicity          194   3.0762014405653782E-002  in event            1 local:           1
 Added good helicity          195   3.0064047965313896       in event            1 local:           1
 Added good helicity          196   4.2935954791138782       in event            1 local:           1
 Added good helicity          197   9.0789830574969361       in event            1 local:           1
 Added good helicity          198   6.0122511137066653E-004  in event            1 local:           1
 Added good helicity          199   2.0916933656049745E-004  in event            1 local:           1
 Added good helicity          200  0.29532457210381424       in event            1 local:           1
 Added good helicity          201   9.2647347926379275       in event            1 local:           1
 Added good helicity          202   7.4522161929606507E-004  in event            1 local:           1
 Added good helicity          203   2.5451960427103114E-004  in event            1 local:           1
 Added good helicity          204  0.29941087249190906       in event            1 local:           1
 Added good helicity          205   104.31507375613585       in event            1 local:           1
 Added good helicity          206   8.3512305170645504       in event            1 local:           1
 Added good helicity          207   2.0477710353071443E-002  in event            1 local:           1
 Added good helicity          208   1.7404738335713081       in event            1 local:           1
 Added good helicity          241   5.5798976589874929       in event            1 local:           1
 Added good helicity          242   2.3232822761006383E-003  in event            1 local:           1
 Added good helicity          243  0.22705687886556589       in event            1 local:           1
 Added good helicity          244  0.32427116592006244       in event            1 local:           1
 Added good helicity          245  0.68568462859259005       in event            1 local:           1
 Added good helicity          246   4.5407157892019596E-005  in event            1 local:           1
 Added good helicity          247   1.5797385890483767E-005  in event            1 local:           1
 Added good helicity          248   2.2304207228369729E-002  in event            1 local:           1
 Added good helicity          249  0.69971341449448776       in event            1 local:           1
 Added good helicity          250   5.6282405860890490E-005  in event            1 local:           1
 Added good helicity          251   1.9222437052573382E-005  in event            1 local:           1
 Added good helicity          252   2.2612822559644627E-002  in event            1 local:           1
 Added good helicity          253   7.8783319841115178       in event            1 local:           1
 Added good helicity          254  0.63072156420162451       in event            1 local:           1
 Added good helicity          255   1.5465665184029526E-003  in event            1 local:           1
 Added good helicity          256  0.13144821910004620       in event            1 local:           1
 RESET CUMULATIVE VARIABLE
 RESET CUMULATIVE VARIABLE
 RESET CUMULATIVE VARIABLE
 No points passed cuts!
 Loosen cuts or increase max_events      500000
 Deleting file events.lhe

ls status:
events.lhe
grid_information
input_app.txt
results.dat
run1_app.log
