 A PDF is used, so alpha_s(MZ) is going to be modified
 Old value of alpha_s from param_card:   0.11799999999999999     
  ****************************************
 
       NNPDFDriver version 1.0.3
   Grid: NNPDF23nlo_as_0119_qed_mem0.grid
  ****************************************
 New value of alpha_s from PDF nn23nlo:  0.11899999999999999     
 *****************************************************
 *               MadGraph/MadEvent                   *
 *        --------------------------------           *
 *          http://madgraph.hep.uiuc.edu             *
 *          http://madgraph.phys.ucl.ac.be           *
 *          http://madgraph.roma2.infn.it            *
 *        --------------------------------           *
 *                                                   *
 *          PARAMETER AND COUPLING VALUES            *
 *                                                   *
 *****************************************************

  External Params
  ---------------------------------
  
 MU_R =    91.188000000000002     
 aEWM1 =    132.50700000000001     
 mdl_Gf =    1.1663900000000000E-005
 aS =   0.11799999999999999     
 mdl_ymb =    4.7000000000000002     
 mdl_ymt =    173.00000000000000     
 mdl_ymtau =    1.7769999999999999     
 mdl_MT =    173.00000000000000     
 mdl_MB =    4.7000000000000002     
 mdl_MZ =    91.188000000000002     
 mdl_MTA =    1.7769999999999999     
 mdl_WT =    1.4915000000000000     
 mdl_WZ =    2.4414039999999999     
 mdl_WW =    2.0476000000000001     
 mdl_MX0 =    300.00000000000000     
 mdl_WX0 =    1.0604700000000000     
 mdl_Lambda =    5000.0000000000000     
 mdl_cosa =    1.0000000000000000     
 mdl_kSM =    5.0000000000000003E-002
 mdl_kHtt =    0.0000000000000000     
 mdl_kAtt =    0.0000000000000000     
 mdl_kHbb =    0.0000000000000000     
 mdl_kAbb =    0.0000000000000000     
 mdl_kHll =    0.0000000000000000     
 mdl_kAll =    0.0000000000000000     
 mdl_kHaa =    0.0000000000000000     
 mdl_kAaa =    0.0000000000000000     
 mdl_kHza =    0.0000000000000000     
 mdl_kAza =    0.0000000000000000     
 mdl_kHzz =    8.1561199999999996     
 mdl_kAzz =    0.0000000000000000     
 mdl_kHww =    10.496200000000000     
 mdl_kAww =    0.0000000000000000     
 mdl_kHda =    0.0000000000000000     
 mdl_kHdz =    0.0000000000000000     
 mdl_kHdwR =    0.0000000000000000     
 mdl_kHdwI =    0.0000000000000000     
  Internal Params
  ---------------------------------
  
 mdl_CKM11 =    1.0000000000000000     
 mdl_conjg__CKM3x3 =    1.0000000000000000     
 mdl_conjg__CKM11 =    1.0000000000000000     
 mdl_lhv =    1.0000000000000000     
 mdl_CKM3x3 =    1.0000000000000000     
 mdl_conjg__CKM33 =    1.0000000000000000     
 mdl_Ncol =    3.0000000000000000     
 mdl_CA =    3.0000000000000000     
 mdl_TF =   0.50000000000000000     
 mdl_CF =    1.3333333333333333     
 mdl_complexi =  (  0.0000000000000000     ,  1.0000000000000000     )
 mdl_MZ__exp__2 =    8315.2513440000002     
 mdl_MZ__exp__4 =    69143404.913893804     
 mdl_sqrt__2 =    1.4142135623730951     
 mdl_MX0__exp__2 =    90000.000000000000     
 mdl_cosa__exp__2 =    1.0000000000000000     
 mdl_sina =    0.0000000000000000     
 mdl_kHdw =  (  0.0000000000000000     ,  0.0000000000000000     )
 mdl_nb__2__exp__0_75 =    1.6817928305074290     
 mdl_Ncol__exp__2 =    9.0000000000000000     
 mdl_MB__exp__2 =    22.090000000000003     
 mdl_MT__exp__2 =    29929.000000000000     
 mdl_conjg__kHdw =  (  0.0000000000000000     , -0.0000000000000000     )
 mdl_aEW =    7.5467711139788835E-003
 mdl_MW =    80.419002445756163     
 mdl_sqrt__aEW =    8.6872153846781555E-002
 mdl_ee =   0.30795376724436879     
 mdl_MW__exp__2 =    6467.2159543705357     
 mdl_sw2 =   0.22224648578577766     
 mdl_cw =   0.88190334743339216     
 mdl_sqrt__sw2 =   0.47143025548407230     
 mdl_sw =   0.47143025548407230     
 mdl_g1 =   0.34919219678733299     
 mdl_gw =   0.65323293034757990     
 mdl_vev =    246.21845810181637     
 mdl_vev__exp__2 =    60623.529110035903     
 mdl_lam =   0.74228605065735920     
 mdl_yb =    2.6995554250465490E-002
 mdl_yt =   0.99366614581500623     
 mdl_ytau =    1.0206617000654717E-002
 mdl_muH =    212.13203435596427     
 mdl_AxialZUp =  -0.18517701861793787     
 mdl_AxialZDown =   0.18517701861793787     
 mdl_VectorZUp =    7.5430507588273299E-002
 mdl_VectorZDown =  -0.13030376310310560     
 mdl_VectorAUp =   0.20530251149624587     
 mdl_VectorADown =  -0.10265125574812294     
 mdl_VectorWmDxU =   0.23095271737156670     
 mdl_AxialWmDxU =  -0.23095271737156670     
 mdl_VectorWpUxD =   0.23095271737156670     
 mdl_AxialWpUxD =  -0.23095271737156670     
 mdl_I1x33 =  (  2.6995554250465490E-002,  0.0000000000000000     )
 mdl_I2x33 =  ( 0.99366614581500623     ,  0.0000000000000000     )
 mdl_I3x33 =  ( 0.99366614581500623     ,  0.0000000000000000     )
 mdl_I4x33 =  (  2.6995554250465490E-002,  0.0000000000000000     )
 mdl_Vector_tbGp =  (-0.96667059156454072     ,  0.0000000000000000     )
 mdl_Axial_tbGp =  ( -1.0206617000654716     , -0.0000000000000000     )
 mdl_Vector_tbGm =  ( 0.96667059156454072     ,  0.0000000000000000     )
 mdl_Axial_tbGm =  ( -1.0206617000654716     , -0.0000000000000000     )
 mdl_ee__exp__2 =    9.4835522759998875E-002
 mdl_gAaa =    1.3008566310666950E-005
 mdl_cw__exp__2 =   0.77775351421422245     
 mdl_gAza =    4.7794971072590281E-006
 mdl_gHaa =    2.5475109025056106E-005
 mdl_gHza =    3.9182129211851395E-005
 mdl_gw__exp__2 =   0.42671326129048615     
 mdl_sw__exp__2 =   0.22224648578577769     
  Internal Params evaluated point by point
  ----------------------------------------
  
 mdl_sqrt__aS =   0.34351128074635334     
 mdl_G__exp__2 =    1.4828317324943823     
 mdl_G__exp__4 =    2.1987899468922913     
 mdl_R2MixedFactor_FIN_ =   -2.5040377713124864E-002
 mdl_GWcft_UV_b_1EPS_ =   -3.1300472141406080E-003
 mdl_GWcft_UV_t_1EPS_ =   -3.1300472141406080E-003
 mdl_bWcft_UV_1EPS_ =   -1.8780283284843650E-002
 mdl_tWcft_UV_1EPS_ =   -1.8780283284843650E-002
 mdl_G__exp__3 =    1.8056676068262196     
 mdl_MU_R__exp__2 =    8315.2513440000002     
 mdl_GWcft_UV_b_FIN_ =   -1.8563438626678915E-002
 mdl_GWcft_UV_t_FIN_ =    4.0087659331150384E-003
 mdl_bWcft_UV_FIN_ =  -0.13642100947319838     
 mdl_tWcft_UV_FIN_ =   -9.8778211443463623E-004
 mdl_gAgg =    7.6274879753643885E-005
 mdl_gHgg =   -5.0849919835762592E-005
  Couplings of HC_NLO_X0_UFO
  ---------------------------------
  
    R2_UUZ_V2 =  -0.00000E+00  -0.72127E-02
    R2_UUZ_V5 =   0.00000E+00   0.68702E-03
      R2_dxuW =  -0.00000E+00  -0.11566E-01
         GC_5 =   0.00000E+00   0.12177E+01
     GC_3005a =  -0.00000E+00  -0.00000E+00
    GC_3005h2 =  -0.00000E+00  -0.00000E+00
    GC_3005h3 =  -0.00000E+00  -0.20992E-02
    GC_3005h4 =  -0.00000E+00  -0.00000E+00
     GC_3007a =  -0.00000E+00  -0.00000E+00
    GC_3007h2 =  -0.00000E+00  -0.16312E-02
    GC_3007h3 =  -0.00000E+00  -0.00000E+00
        GC_22 =   0.00000E+00   0.28804E+00
        GC_23 =  -0.00000E+00  -0.27437E-01
        GC_24 =   0.00000E+00   0.82310E-01
        GC_47 =   0.00000E+00   0.46191E+00
    GC_3005h1 =   0.00000E+00   0.26266E+01
    GC_3007h1 =   0.00000E+00   0.33772E+01

 Collider parameters:
 --------------------

 Running at P P   machine @    13000.000000000000       GeV
 PDF set = nn23nlo
 alpha_s(Mz)= 0.1190 running at 2 loops.
 alpha_s(Mz)= 0.1190 running at 2 loops.
 Renormalization scale set on event-by-event basis
 Factorization   scale set on event-by-event basis


 ===============================================================
 INFO: MadFKS read these parameters from FKS_params.dat
 ===============================================================
  > IRPoleCheckThreshold      =    1.0000000000000001E-005
  > PrecisionVirtualAtRunTime =    1.0000000000000000E-003
  > NHelForMCoverHels         =            4
  > VirtualFraction           =    1.0000000000000000     
  > MinVirtualFraction        =    5.0000000000000001E-003
 ===============================================================
  Insert the number of points to test
 Insert the relative tolerance

  +----------------------------------------------------------------+
  |                                                                |
  |  Ninja - version 1.2.0                                         |
  |                                                                |
  |  Author: Tiziano Peraro                                        |
  |                                                                |
  |  Based on:                                                     |
  |                                                                |
  |      P. Mastrolia, E. Mirabella and T. Peraro,                 |
  |      "Integrand reduction of one-loop scattering amplitudes    |
  |      through Laurent series expansion,"                        |
  |      JHEP 1206 (2012) 095  [arXiv:1203.0291 [hep-ph]].         |
  |                                                                |
  |      T. Peraro,                                                |
  |      "Ninja: Automated Integrand Reduction via Laurent         |
  |      Expansion for One-Loop Amplitudes,"                       |
  |      Comput.Phys.Commun. 185 (2014) [arXiv:1403.1229 [hep-ph]] |
  |                                                                |
  +----------------------------------------------------------------+


  A negative number will mean use the default one:    1.0000000000000001E-005
Using random seed offsets:     1 ,      5 ,      0
  with seed                   35
 Ranmar initialization seeds       14387        9414
  ========================================================================================== 
 {                                                                                          }
 {       [32m                                                                            [0m       }
 {       [32m                               ,,                                           [0m       }
 {       [32m`7MMM.     ,MMF'             `7MM  `7MMF'                                   [0m       }
 {       [32m  MMMb    dPMM                 MM    MM                                     [0m       }
 {       [32m  M YM   ,M MM   ,6"Yb.   ,M""bMM    MM         ,pW"Wq.   ,pW"Wq.`7MMpdMAo. [0m       }
 {       [32m  M  Mb  M' MM  8)   MM ,AP    MM    MM        6W'   `Wb 6W'   `Wb MM   `Wb [0m       }
 {       [32m  M  YM.P'  MM   ,pm9MM 8MI    MM    MM      , 8M     M8 8M     M8 MM    M8 [0m       }
 {       [32m  M  `YM'   MM  8M   MM `Mb    MM    MM     ,M YA.   ,A9 YA.   ,A9 MM   ,AP [0m       }
 {       [32m.JML. `'  .JMML.`Moo9^Yo.`Wbmd"MML..JMMmmmmMMM  `Ybmd9'   `Ybmd9'  MMbmmd'  [0m       }
 {       [32m                                                                   MM       [0m       }
 {       [32m                                                                 .JMML.     [0m       }
 {       [32m[0mv2.6.6 (2018-06-28), Ref: arXiv:1103.0621v2, arXiv:1405.0301[32m                [0m       }
 {       [32m                                                                            [0m       }
 {                                                                                          }
  ========================================================================================== 
 ===============================================================
 INFO: MadLoop read these parameters from ./MadLoop5_resources/MadLoopParams.dat                                                                                                                                                                                                                                                                                                                                                                                                                                                                                          
 ===============================================================
  > MLReductionLib            = 6|7|1
  > CTModeRun                 =           -1
  > MLStabThres               =    1.0000000000000000E-003
  > NRotations_DP             =            0
  > NRotations_QP             =            0
  > CTStabThres               =    1.0000000000000000E-002
  > CTLoopLibrary             =            2
  > CTModeInit                =            1
  > CheckCycle                =            3
  > MaxAttempts               =           10
  > UseLoopFilter             =  F
  > HelicityFilterLevel       =            2
  > ImprovePSPoint            =            2
  > DoubleCheckHelicityFilter =  T
  > LoopInitStartOver         =  F
  > HelInitStartOver          =  F
  > ZeroThres                 =    1.0000000000000001E-009
  > OSThres                   =    1.0000000000000000E-008
  > WriteOutFilters           =  T
  > UseQPIntegrandForNinja    =  T
  > UseQPIntegrandForCutTools =  T
  > IREGIMODE                 =            2
  > IREGIRECY                 =  T
  > COLLIERMode               =            1
  > COLLIERRequiredAccuracy   =    1.0000000000000000E-008
  > COLLIERCanOutput          =  F
  > COLLIERComputeUVpoles     =  T
  > COLLIERComputeIRpoles     =  T
  > COLLIERGlobalCache        =           -1
  > COLLIERUseCacheForPoles   =  F
  > COLLIERUseInternalStabilityTest =  T
 ===============================================================
  
------------------------------------------------------------------------
|              You are using CutTools - Version 1.9.3                  |
|              Authors: G. Ossola, C. Papadopoulos, R. Pittau          |
|              Published in JHEP 0803:042,2008                         |
|              http://www.ugr.es/~pittau/CutTools                      |
|                                                                      |
|              Compiler with  34  significant digits detetected        |
 ---------------------------------------------------------------------- 
   
########################################################################
#                                                                      #
#                      You are using OneLOop-3.6                       #
#                                                                      #
# for the evaluation of 1-loop scalar 1-, 2-, 3- and 4-point functions #
#                                                                      #
# author: Andreas van Hameren <hamerenREMOVETHIS@ifj.edu.pl>           #
#   date: 18-02-2015                                                   #
#                                                                      #
# Please cite                                                          #
#    A. van Hameren,                                                   #
#      Comput.Phys.Commun. 182 (2011) 2427-2438, arXiv:1007.4716       #
#    A. van Hameren, C.G. Papadopoulos and R. Pittau,                  #
#      JHEP 0909:106,2009, arXiv:0903.4665                             #
# in publications with results obtained with the help of this program. #
#                                                                      #
########################################################################
########################################################################
#                                                                      #
#                      You are using OneLOop-3.6                       #
#                                                                      #
# for the evaluation of 1-loop scalar 1-, 2-, 3- and 4-point functions #
#                                                                      #
# author: Andreas van Hameren <hamerenREMOVETHIS@ifj.edu.pl>           #
#   date: 18-02-2015                                                   #
#                                                                      #
# Please cite                                                          #
#    A. van Hameren,                                                   #
#      Comput.Phys.Commun. 182 (2011) 2427-2438, arXiv:1007.4716       #
#    A. van Hameren, C.G. Papadopoulos and R. Pittau,                  #
#      JHEP 0909:106,2009, arXiv:0903.4665                             #
# in publications with results obtained with the help of this program. #
#                                                                      #
########################################################################
 PASSED   1.0000000000000001E-005
 MU_R    =    325.00000000000000     
 ALPHA_S =   0.11799999999999999     
 BORN                    5.2164301143838326E-014
 SINGLE POLE (MadFKS)   -2.9704775014630557E-016
 DOUBLE POLE (MadFKS)   -2.6124276075658062E-015
 SINGLE POLE (MadLoop)  -2.9704775014630873E-016
 DOUBLE POLE (MadLoop)  -2.6124276075658235E-015
 FINITE PART (MadLoop)   5.3641961327236107E-015
   325.00000000000000        0.0000000000000000        0.0000000000000000        325.00000000000000        0.0000000000000000     
   325.00000000000000        0.0000000000000000        0.0000000000000000       -325.00000000000000        0.0000000000000000     
   232.83912115459731       -91.895480428837331       -98.560620816231179       -172.01123535033102        80.419002445756163     
   158.07791511699290        112.78466695526525       -82.672585449124568        73.712209047635369        0.0000000000000000     
   100.97033148426969        26.780652396256972        97.327329537412112        2.2793469218489646        0.0000000000000000     
   158.11263224414012       -47.669838922684811        83.905876727943763        96.019679380846696        80.419002445756163     

 PASSED   1.0000000000000001E-005
 MU_R    =    325.00000000000000     
 ALPHA_S =   0.11799999999999999     
 BORN                    1.1962745081637658E-013
 SINGLE POLE (MadFKS)   -6.8121424693791787E-016
 DOUBLE POLE (MadFKS)   -5.9910331066006746E-015
 SINGLE POLE (MadLoop)  -6.8121424693791738E-016
 DOUBLE POLE (MadLoop)  -5.9910331066006730E-015
 FINITE PART (MadLoop)   1.2301614225930942E-014
   325.00000000000000        0.0000000000000000        0.0000000000000000        325.00000000000000        0.0000000000000000     
   325.00000000000000        0.0000000000000000        0.0000000000000000       -325.00000000000000        0.0000000000000000     
   132.50874457416569        47.814643166856683        18.794535444196580       -91.934089273315450        80.419002445756163     
   151.22013736116398        23.443550475098991       -144.14335276230400       -39.250780108078942        0.0000000000000000     
   206.52899413037485        44.747512359296536        183.32038496973448        83.937607832885732        0.0000000000000000     
   159.74212393429548       -116.00570600125207       -57.971567651626927        47.247261548508710        80.419002445756163     

 PASSED   1.0000000000000001E-005
 MU_R    =    325.00000000000000     
 ALPHA_S =   0.11799999999999999     
 BORN                    4.0300642273930353E-014
 SINGLE POLE (MadFKS)   -2.2949056834697289E-016
 DOUBLE POLE (MadFKS)   -2.0182866092414871E-015
 SINGLE POLE (MadLoop)  -2.2949056834697136E-016
 DOUBLE POLE (MadLoop)  -2.0182866092414926E-015
 FINITE PART (MadLoop)   4.1442240132000665E-015
   325.00000000000000        0.0000000000000000        0.0000000000000000        325.00000000000000        0.0000000000000000     
   325.00000000000000        0.0000000000000000        0.0000000000000000       -325.00000000000000        0.0000000000000000     
   97.572464519562160        4.9347956261015327       -49.399704091303512       -24.258749058245797        80.419002445756163     
   157.12993278186556       -131.29532909423628        67.379575831996917       -53.956881811034535        0.0000000000000000     
   183.71123851568592        11.762383301601027       -174.90962848300390        54.937121875568096        0.0000000000000000     
   211.58636418288643        114.59815016653370        156.92975674231047        23.278508993712226        80.419002445756163     

 PASSED   1.0000000000000001E-005
 MU_R    =    325.00000000000000     
 ALPHA_S =   0.11799999999999999     
 BORN                    2.5727630985897352E-012
 SINGLE POLE (MadFKS)   -1.4650507594997123E-014
 DOUBLE POLE (MadFKS)   -1.2884591951015295E-013
 SINGLE POLE (MadLoop)  -1.4650507595011707E-014
 DOUBLE POLE (MadLoop)  -1.2884591951028275E-013
 FINITE PART (MadLoop)   2.6456418587547880E-013
   325.00000000000000        0.0000000000000000        0.0000000000000000        325.00000000000000        0.0000000000000000     
   325.00000000000000        0.0000000000000000        0.0000000000000000       -325.00000000000000        0.0000000000000000     
   128.55302153240461        52.080964144476020       -24.524509541389968        82.126639991396402        80.419002445756163     
   214.78547295045732       -185.10289021383696       -3.8216630966407745        108.88119358370220        0.0000000000000000     
   37.949299609636711       -36.885903554058963        8.9207007696486524        2.3614424057957519E-002   0.0000000000000000     
   268.71220590750130        169.90782962341993        19.425471868382086       -191.03144799915654        80.419002445756163     

 PASSED   1.0000000000000001E-005
 MU_R    =    325.00000000000000     
 ALPHA_S =   0.11799999999999999     
 BORN                    4.7360382065078320E-013
 SINGLE POLE (MadFKS)   -2.6969200449381817E-015
 DOUBLE POLE (MadFKS)   -2.3718437110949313E-014
 SINGLE POLE (MadLoop)  -2.6969200449382949E-015
 DOUBLE POLE (MadLoop)  -2.3718437110950272E-014
 FINITE PART (MadLoop)   4.8701961446256806E-014
   325.00000000000000        0.0000000000000000        0.0000000000000000        325.00000000000000        0.0000000000000000     
   325.00000000000000        0.0000000000000000        0.0000000000000000       -325.00000000000000        0.0000000000000000     
   158.28140398230835       -124.81437425465852       -22.392712252234389        50.057220354778373        80.419002445756163     
   72.499954693844856       -57.543736627968656        29.210570522134688        33.040949975325042        0.0000000000000000     
   200.21053290456908        42.925036520849453        125.99416697219229       -149.55657329117506        0.0000000000000000     
   219.00810841927773        139.43307436177756       -132.81202524209252        66.458402961071627        80.419002445756163     

 PASSED   1.0000000000000001E-005
 MU_R    =    325.00000000000000     
 ALPHA_S =   0.11799999999999999     
 BORN                    1.3386011703589678E-013
 SINGLE POLE (MadFKS)   -7.6226165649553619E-016
 DOUBLE POLE (MadFKS)   -6.7038157826039116E-015
 SINGLE POLE (MadLoop)  -7.6226165649551489E-016
 DOUBLE POLE (MadLoop)  -6.7038157826037499E-015
 FINITE PART (MadLoop)   1.3765197776730546E-014
   325.00000000000000        0.0000000000000000        0.0000000000000000        325.00000000000000        0.0000000000000000     
   325.00000000000000        0.0000000000000000        0.0000000000000000       -325.00000000000000        0.0000000000000000     
   207.67849593891958       -61.656359349319494        176.27984239625357       -42.273540632656704        80.419002445756163     
   70.402882711659018       -10.338089607700212       -62.403144618083040        30.911767001408766        0.0000000000000000     
   199.32277047452774       -5.2975041212965150       -141.67383557258356        140.10720036414497        0.0000000000000000     
   172.59585087489361        77.291953078316226        27.797137794413064       -128.74542673289704        80.419002445756163     

 PASSED   1.0000000000000001E-005
 MU_R    =    325.00000000000000     
 ALPHA_S =   0.11799999999999999     
 BORN                    1.7248635396475766E-012
 SINGLE POLE (MadFKS)   -9.8221738339578691E-015
 DOUBLE POLE (MadFKS)   -8.6382469072745696E-014
 SINGLE POLE (MadLoop)  -9.8221738339572364E-015
 DOUBLE POLE (MadLoop)  -8.6382469072740407E-014
 FINITE PART (MadLoop)   1.7737238160902258E-013
   325.00000000000000        0.0000000000000000        0.0000000000000000        325.00000000000000        0.0000000000000000     
   325.00000000000000        0.0000000000000000        0.0000000000000000       -325.00000000000000        0.0000000000000000     
   156.67503434627307        27.934703174214572        35.751271921824177       -126.57546898027128        80.419002445756163     
   64.830031352146079       -64.489893281485678       -6.0354987202051218       -2.7494335527945957        0.0000000000000000     
   199.48648303327400       -52.347596111920758        163.44296075276611        101.69063218732435        0.0000000000000000     
   229.00845126830680        88.902786219191853       -193.15873395438518        27.634270345741630        80.419002445756163     

 PASSED   1.0000000000000001E-005
 MU_R    =    325.00000000000000     
 ALPHA_S =   0.11799999999999999     
 BORN                    1.5888640497697577E-013
 SINGLE POLE (MadFKS)   -9.0477295952081726E-016
 DOUBLE POLE (MadFKS)   -7.9571511882079906E-015
 SINGLE POLE (MadLoop)  -9.0477295952083126E-016
 DOUBLE POLE (MadLoop)  -7.9571511882081578E-015
 FINITE PART (MadLoop)   1.6338718633836011E-014
   325.00000000000000        0.0000000000000000        0.0000000000000000        325.00000000000000        0.0000000000000000     
   325.00000000000000        0.0000000000000000        0.0000000000000000       -325.00000000000000        0.0000000000000000     
   157.20817373770802        110.30215582067260        71.217588915186553       -31.759776227083574        80.419002445756163     
   241.06153734274841       -153.40671949177576        37.085616174236804        182.21333725553168        0.0000000000000000     
   31.584767784841787       -27.597171880958999       -7.5348207906476974        13.387312495344569        0.0000000000000000     
   220.14552113470177        70.701735552062146       -100.76838429877566       -163.84087352379268        80.419002445756163     

 PASSED   1.0000000000000001E-005
 MU_R    =    325.00000000000000     
 ALPHA_S =   0.11799999999999999     
 BORN                    1.0843126622912869E-012
 SINGLE POLE (MadFKS)   -6.1745797360658026E-015
 DOUBLE POLE (MadFKS)   -5.4303197245795658E-014
 SINGLE POLE (MadLoop)  -6.1745797360657403E-015
 DOUBLE POLE (MadLoop)  -5.4303197245795557E-014
 FINITE PART (MadLoop)   1.1150280291664874E-013
   325.00000000000000        0.0000000000000000        0.0000000000000000        325.00000000000000        0.0000000000000000     
   325.00000000000000        0.0000000000000000        0.0000000000000000       -325.00000000000000        0.0000000000000000     
   279.59034903055857       -236.48050170280800       -89.613838198948400       -88.033400674402770        80.419002445756163     
   18.637037953778730        6.5978403454843626       -14.475349206914546       -9.7093744290745132        0.0000000000000000     
   103.91180330592385      -0.56494979460443540        63.958266138179667        81.894345901389073        0.0000000000000000     
   247.86080970973885        230.44761115192810        40.130921267683348        15.848429202088228        80.419002445756163     

 PASSED   1.0000000000000001E-005
 MU_R    =    325.00000000000000     
 ALPHA_S =   0.11799999999999999     
 BORN                    2.5839878561357439E-015
 SINGLE POLE (MadFKS)   -1.4714426576021730E-017
 DOUBLE POLE (MadFKS)   -1.2940806384753357E-016
 SINGLE POLE (MadLoop)  -1.4714426576021554E-017
 DOUBLE POLE (MadLoop)  -1.2940806384753345E-016
 FINITE PART (MadLoop)   2.6571845804408544E-016
   325.00000000000000        0.0000000000000000        0.0000000000000000        325.00000000000000        0.0000000000000000     
   325.00000000000000        0.0000000000000000        0.0000000000000000       -325.00000000000000        0.0000000000000000     
   89.961019407863134        36.817907657750048        2.8891366998580259        16.182200819613961        80.419002445756163     
   167.68980953218383       -20.055800178040709       -155.44650408817881       -59.615614287889336        0.0000000000000000     
   207.18827558590687        25.198659051295611        169.02369068154746       -117.14521377617939        0.0000000000000000     
   185.16089547404624       -41.960766531005042       -16.466323293226711        160.57862724445476        80.419002445756163     

 PASSED   1.0000000000000001E-005
 MU_R    =    325.00000000000000     
 ALPHA_S =   0.11799999999999999     
 BORN                    5.5847553037226484E-013
 SINGLE POLE (MadFKS)   -3.1802189652921618E-015
 DOUBLE POLE (MadFKS)   -2.7968876448118499E-014
 SINGLE POLE (MadLoop)  -3.1802189652921385E-015
 DOUBLE POLE (MadLoop)  -2.7968876448118360E-014
 FINITE PART (MadLoop)   5.7429548839982873E-014
   325.00000000000000        0.0000000000000000        0.0000000000000000        325.00000000000000        0.0000000000000000     
   325.00000000000000        0.0000000000000000        0.0000000000000000       -325.00000000000000        0.0000000000000000     
   200.72062924482506        83.289466777802588       -89.035815475094211        137.68457915330345        80.419002445756163     
   50.089207741638965       -30.875217502881650       -34.034996099525465       -19.931600960286708        0.0000000000000000     
   225.53155700689376        76.831665021761324        196.92548099840192       -78.624000085760528        0.0000000000000000     
   173.65860600664217       -129.24591429668232       -73.854669423782212       -39.128978107256174        80.419002445756163     

 PASSED   1.0000000000000001E-005
 MU_R    =    325.00000000000000     
 ALPHA_S =   0.11799999999999999     
 BORN                    1.2650946176406671E-015
 SINGLE POLE (MadFKS)   -7.2040361253215392E-018
 DOUBLE POLE (MadFKS)   -6.3356894137127166E-017
 SINGLE POLE (MadLoop)  -7.2040361253218797E-018
 DOUBLE POLE (MadLoop)  -6.3356894137127770E-017
 FINITE PART (MadLoop)   1.3009310019825859E-016
   325.00000000000000        0.0000000000000000        0.0000000000000000        325.00000000000000        0.0000000000000000     
   325.00000000000000        0.0000000000000000        0.0000000000000000       -325.00000000000000        0.0000000000000000     
   248.11170516608820        226.80961713479743        39.979686672074799        45.290446176017014        80.419002445756163     
   165.12145696077013       -80.335682060236252       -142.59597517705225       -21.855470712606618        0.0000000000000000     
   29.324219157907208       -7.5663660773719377       -27.656539154973252       -6.1462000922194626        0.0000000000000000     
   207.44261871523449       -138.90756899718917        130.27282765995088       -17.288775371190891        80.419002445756163     

 PASSED   1.0000000000000001E-005
 MU_R    =    325.00000000000000     
 ALPHA_S =   0.11799999999999999     
 BORN                    1.1131044985589759E-009
 SINGLE POLE (MadFKS)   -6.3385338195742819E-012
 DOUBLE POLE (MadFKS)   -5.5745114156190419E-011
 SINGLE POLE (MadLoop)  -6.3385338195750590E-012
 DOUBLE POLE (MadLoop)  -5.5745114156197418E-011
 FINITE PART (MadLoop)   1.1446354528979083E-010
   325.00000000000000        0.0000000000000000        0.0000000000000000        325.00000000000000        0.0000000000000000     
   325.00000000000000        0.0000000000000000        0.0000000000000000       -325.00000000000000        0.0000000000000000     
   219.55476696544463        152.59232497664004        128.20925017833818       -44.889311309174097        80.419002445756163     
   188.89889879243739       -166.52369490683290       -59.870166123292925        66.092482234675131        0.0000000000000000     
   77.381176308808563       -47.765324410328759        44.570010209451404        41.470886424579398        0.0000000000000000     
   164.16515793330947        61.696694340521631       -112.90909426449663       -62.674057350080346        80.419002445756163     

 PASSED   1.0000000000000001E-005
 MU_R    =    325.00000000000000     
 ALPHA_S =   0.11799999999999999     
 BORN                    1.7116813110339561E-011
 SINGLE POLE (MadFKS)   -9.7471081038372821E-014
 DOUBLE POLE (MadFKS)   -8.5722293105574052E-013
 SINGLE POLE (MadLoop)  -9.7471081038374803E-014
 DOUBLE POLE (MadLoop)  -8.5722293105575769E-013
 FINITE PART (MadLoop)   1.7601681739751080E-012
   325.00000000000000        0.0000000000000000        0.0000000000000000        325.00000000000000        0.0000000000000000     
   325.00000000000000        0.0000000000000000        0.0000000000000000       -325.00000000000000        0.0000000000000000     
   218.33797059947926       -165.97645219897544       -74.212238111787414       -90.269676420208484        80.419002445756163     
   203.96264196164157        200.24051208580732       -26.114020554030507       -28.680212099810518        0.0000000000000000     
   117.38209780711976       -72.266525704696278        68.825755689188540        61.799041270757925        0.0000000000000000     
   110.31728963175942        38.002465817864355        31.500502976629384        57.150847249261098        80.419002445756163     

 PASSED   1.0000000000000001E-005
 MU_R    =    325.00000000000000     
 ALPHA_S =   0.11799999999999999     
 BORN                    6.8777415906225004E-011
 SINGLE POLE (MadFKS)   -3.9165053892865341E-013
 DOUBLE POLE (MadFKS)   -3.4444249448491124E-012
 SINGLE POLE (MadLoop)  -3.9165053892865255E-013
 DOUBLE POLE (MadLoop)  -3.4444249448491132E-012
 FINITE PART (MadLoop)   7.0725676436378795E-012
   325.00000000000000        0.0000000000000000        0.0000000000000000        325.00000000000000        0.0000000000000000     
   325.00000000000000        0.0000000000000000        0.0000000000000000       -325.00000000000000        0.0000000000000000     
   225.72392592239257        68.711170627051018        192.13547127153316       -53.355510397459120        80.419002445756163     
   195.46106062974124        93.560113634122359       -168.61271498213358       -31.957529717224539        0.0000000000000000     
   97.050442325746559       -58.482194649194810       -19.946785094262079        74.838138866757490        0.0000000000000000     
   131.76457112211961       -103.78908961197858       -3.5759711951374991        10.474901247926182        80.419002445756163     

 PASSED   1.0000000000000001E-005
 MU_R    =    325.00000000000000     
 ALPHA_S =   0.11799999999999999     
 BORN                    7.3355152292540261E-014
 SINGLE POLE (MadFKS)   -4.1771829531569432E-016
 DOUBLE POLE (MadFKS)   -3.6736814412180114E-015
 SINGLE POLE (MadLoop)  -4.1771829531569545E-016
 DOUBLE POLE (MadLoop)  -3.6736814412180406E-015
 FINITE PART (MadLoop)   7.5433086539006736E-015
   325.00000000000000        0.0000000000000000        0.0000000000000000        325.00000000000000        0.0000000000000000     
   325.00000000000000        0.0000000000000000        0.0000000000000000       -325.00000000000000        0.0000000000000000     
   293.76618888913794       -250.78602762975618        59.712905576574876        115.63777511422616        80.419002445756163     
   153.24656452698565        142.56465799956962       -35.699654429320809       -43.420761191121272        0.0000000000000000     
   32.150936751521769       -29.025090502483852       -3.6682205557650156       -13.333079662149991        0.0000000000000000     
   170.83630983235469        137.24646013267036       -20.345030591489081       -58.883934260954845        80.419002445756163     

 PASSED   1.0000000000000001E-005
 MU_R    =    325.00000000000000     
 ALPHA_S =   0.11799999999999999     
 BORN                    7.5011176497459528E-016
 SINGLE POLE (MadFKS)   -4.2714846601620296E-018
 DOUBLE POLE (MadFKS)   -3.7566163844045224E-017
 SINGLE POLE (MadLoop)  -4.2714846601619841E-018
 DOUBLE POLE (MadLoop)  -3.7566163844045211E-017
 FINITE PART (MadLoop)   7.7136021005861179E-017
   325.00000000000000        0.0000000000000000        0.0000000000000000        325.00000000000000        0.0000000000000000     
   325.00000000000000        0.0000000000000000        0.0000000000000000       -325.00000000000000        0.0000000000000000     
   108.75249762596020        4.1596494487984925        51.625213505289743        51.743834729466130        80.419002445756163     
   215.90845793229906        161.46657187905703       -101.16243303344393        101.54393391573247        0.0000000000000000     
   198.16702246592604       -107.51448969949341       -29.308523334110166       -163.86523047200188        0.0000000000000000     
   127.17202197581473       -58.111731628362094        78.845742862264359        10.577461826803292        80.419002445756163     

 PASSED   1.0000000000000001E-005
 MU_R    =    325.00000000000000     
 ALPHA_S =   0.11799999999999999     
 BORN                    1.6262504612113059E-014
 SINGLE POLE (MadFKS)   -9.2606251801433679E-017
 DOUBLE POLE (MadFKS)   -8.1443851609749233E-016
 SINGLE POLE (MadLoop)  -9.2606251801432631E-017
 DOUBLE POLE (MadLoop)  -8.1443851609748829E-016
 FINITE PART (MadLoop)   1.6723173211532610E-015
   325.00000000000000        0.0000000000000000        0.0000000000000000        325.00000000000000        0.0000000000000000     
   325.00000000000000        0.0000000000000000        0.0000000000000000       -325.00000000000000        0.0000000000000000     
   223.83203308294230        191.85300190016250       -34.549628110245102       -75.048730429054530        80.419002445756163     
   87.962410175741681        80.205019359841145       -25.940921066132329        25.131834148219674        0.0000000000000000     
   28.473900009987172        8.0556433286765596       -15.237388535672817       -22.664765230481517        0.0000000000000000     
   309.73165673132883       -280.11366458868031        75.727937712050220        72.581661511316426        80.419002445756163     

 PASSED   1.0000000000000001E-005
 MU_R    =    325.00000000000000     
 ALPHA_S =   0.11799999999999999     
 BORN                    7.5936408477127908E-015
 SINGLE POLE (MadFKS)   -4.3241716648563153E-017
 DOUBLE POLE (MadFKS)   -3.8029527008908394E-016
 SINGLE POLE (MadLoop)  -4.3241716648562371E-017
 DOUBLE POLE (MadLoop)  -3.8029527008908350E-016
 FINITE PART (MadLoop)   7.8087462067732856E-016
   325.00000000000000        0.0000000000000000        0.0000000000000000        325.00000000000000        0.0000000000000000     
   325.00000000000000        0.0000000000000000        0.0000000000000000       -325.00000000000000        0.0000000000000000     
   162.58087971506086        132.94088449245652       -45.036953923116336        16.239473705849168        80.419002445756163     
   161.39716571639948        88.522104411178731       -125.76370803906026       -48.952751425933890        0.0000000000000000     
   229.92238210471649       -185.12898038254809        134.82982377822182        20.309629124112654        0.0000000000000000     
   96.099572463823108       -36.334008521087128        35.970838183954783        12.403648595972104        80.419002445756163     

 PASSED   1.0000000000000001E-005
 MU_R    =    325.00000000000000     
 ALPHA_S =   0.11799999999999999     
 BORN                    3.6220673443347313E-015
 SINGLE POLE (MadFKS)   -2.0625733153143531E-017
 DOUBLE POLE (MadFKS)   -1.8139586880903355E-016
 SINGLE POLE (MadLoop)  -2.0625733153143703E-017
 DOUBLE POLE (MadLoop)  -1.8139586880903377E-016
 FINITE PART (MadLoop)   3.7246697865978791E-016
   325.00000000000000        0.0000000000000000        0.0000000000000000        325.00000000000000        0.0000000000000000     
   325.00000000000000        0.0000000000000000        0.0000000000000000       -325.00000000000000        0.0000000000000000     
   186.00513872721561        56.712244325352358        11.375686571854066        157.43255945693278        80.419002445756163     
   249.85750929661899       -155.60257430535495       -63.194899752903090       -184.99464442701316        0.0000000000000000     
   131.01047202261094        118.88144154468647        50.867847275095272        21.057273077067663        0.0000000000000000     
   83.126879953554479       -19.991111564683688       0.95136590595369741        6.5048118930127696        80.419002445756163     

 NUMBER OF POINTS PASSING THE CHECK          20
 NUMBER OF POINTS FAILING THE CHECK           0
 TOLERANCE    1.0000000000000001E-005
