 Process in group number            1
 A PDF is used, so alpha_s(MZ) is going to be modified
 Old value of alpha_s from param_card:   0.11839999999999999     
  ****************************************
 
       NNPDFDriver version 1.0.3
   Grid: NNPDF23_lo_as_0130_qed_mem0.grid
  ****************************************
 New value of alpha_s from PDF nn23lo1:  0.13000000000000000     
 Define smin to   12.630915999999999     
 Define smin to   12.630915999999999     
 Define smin to   12.630915999999999     
 Define smin to   12.630915999999999     
 Define smin to   12.630915999999999     
 Define smin to   12.630915999999999     
 Warning: pt or E min of a jet should in general be >0
 Warning: pt or E min of a jet should in general be >0
 Warning: pt or E min of a jet should in general be >0
 Warning: pt or E min of a jet should in general be >0
 *****************************************************
 *               MadGraph/MadEvent                   *
 *        --------------------------------           *
 *          http://madgraph.hep.uiuc.edu             *
 *          http://madgraph.phys.ucl.ac.be           *
 *          http://madgraph.roma2.infn.it            *
 *        --------------------------------           *
 *                                                   *
 *          PARAMETER AND COUPLING VALUES            *
 *                                                   *
 *****************************************************

  External Params
  ---------------------------------
  
 mdl_cabi =   0.22773599999999999     
 aEWM1 =    127.90000000000001     
 mdl_Gf =    1.1663700000000000E-005
 aS =   0.11839999999999999     
 mdl_ymb =    4.7000000000000002     
 mdl_ymt =    172.00000000000000     
 mdl_ymtau =    1.7769999999999999     
 mdl_Lambda =    5000.0000000000000     
 mdl_ca =    1.0000000000000000     
 mdl_kSM =    5.0000000000000003E-002
 mdl_kHtt =    0.0000000000000000     
 mdl_kAtt =    0.0000000000000000     
 mdl_kHbb =    0.0000000000000000     
 mdl_kAbb =    0.0000000000000000     
 mdl_kHll =    0.0000000000000000     
 mdl_kAll =    0.0000000000000000     
 mdl_kHaa =    0.0000000000000000     
 mdl_kAaa =    0.0000000000000000     
 mdl_kHza =    0.0000000000000000     
 mdl_kAza =    0.0000000000000000     
 mdl_kHgg =    0.0000000000000000     
 mdl_kAgg =    0.0000000000000000     
 mdl_kHzz =  -0.52481000000000000     
 mdl_kAzz =    0.0000000000000000     
 mdl_kHww =  -0.52481000000000000     
 mdl_kAww =    0.0000000000000000     
 mdl_kHda =    0.0000000000000000     
 mdl_kHdz =  -0.26240500000000000     
 mdl_kHdwR =  -0.26240500000000000     
 mdl_kHdwI =    0.0000000000000000     
 mdl_kHHgg =    1.0000000000000000     
 mdl_kAAgg =    1.0000000000000000     
 mdl_kqa =    1.0000000000000000     
 mdl_kqb =    1.0000000000000000     
 mdl_kla =    1.0000000000000000     
 mdl_klb =    1.0000000000000000     
 mdl_kw1 =    1.0000000000000000     
 mdl_kw2 =    1.0000000000000000     
 mdl_kw3 =    0.0000000000000000     
 mdl_kw4 =    0.0000000000000000     
 mdl_kw5 =    0.0000000000000000     
 mdl_kz1 =    0.0000000000000000     
 mdl_kz3 =    1.0000000000000000     
 mdl_kz5 =    0.0000000000000000     
 mdl_kq =    1.0000000000000000     
 mdl_kq3 =    1.0000000000000000     
 mdl_kl =    1.0000000000000000     
 mdl_kg =    1.0000000000000000     
 mdl_ka =    1.0000000000000000     
 mdl_kz =    1.0000000000000000     
 mdl_kw =    1.0000000000000000     
 mdl_kza =    0.0000000000000000     
 mdl_MZ =    91.187600000000003     
 mdl_MTA =    1.7769999999999999     
 mdl_MT =    172.00000000000000     
 mdl_MB =    4.7000000000000002     
 mdl_MX0 =    600.00000000000000     
 mdl_MX1 =    125.00000000000000     
 mdl_MX2 =    125.00000000000000     
 mdl_WZ =    2.4952000000000001     
 mdl_WW =    2.0850000000000000     
 mdl_WT =    1.5083359999999999     
 mdl_WX0 =   0.15059000000000000     
 mdl_WX1 =    4.0699999999999998E-003
 mdl_WX2 =    4.0699999999999998E-003
  Internal Params
  ---------------------------------
  
 mdl_cos__cabi =   0.97418004031982097     
 mdl_CKM1x1 =  ( 0.97418004031982097     ,  0.0000000000000000     )
 mdl_sin__cabi =   0.22577256042856930     
 mdl_CKM1x2 =  ( 0.22577256042856930     ,  0.0000000000000000     )
 mdl_CKM2x1 =  (-0.22577256042856930     ,  0.0000000000000000     )
 mdl_CKM2x2 =  ( 0.97418004031982097     ,  0.0000000000000000     )
 mdl_ca__exp__2 =    1.0000000000000000     
 mdl_sa =    0.0000000000000000     
 mdl_complexi =  (  0.0000000000000000     ,  1.0000000000000000     )
 mdl_kHdw =  (-0.26240500000000000     ,  0.0000000000000000     )
 mdl_MZ__exp__2 =    8315.1783937600012     
 mdl_MZ__exp__4 =    69142191.720053151     
 mdl_sqrt__2 =    1.4142135623730951     
 mdl_nb__2__exp__0_75 =    1.6817928305074290     
 mdl_MX0__exp__2 =    360000.00000000000     
 mdl_ca__exp__4 =    1.0000000000000000     
 mdl_ca__exp__3 =    1.0000000000000000     
 mdl_conjg__CKM1x1 =  ( 0.97418004031982097     , -0.0000000000000000     )
 mdl_conjg__CKM1x2 =  ( 0.22577256042856930     , -0.0000000000000000     )
 mdl_conjg__CKM2x1 =  (-0.22577256042856930     , -0.0000000000000000     )
 mdl_conjg__CKM2x2 =  ( 0.97418004031982097     , -0.0000000000000000     )
 mdl_conjg__kHdw =  (-0.26240500000000000     , -0.0000000000000000     )
 mdl_aEW =    7.8186082877247844E-003
 mdl_MW =    79.824359746197842     
 mdl_sqrt__aEW =    8.8422894590285753E-002
 mdl_ee =   0.31345100004952897     
 mdl_MW__exp__2 =    6371.9284088904105     
 mdl_sw2 =   0.23369913342182447     
 mdl_cw =   0.87538612427783857     
 mdl_sqrt__sw2 =   0.48342438232036300     
 mdl_sw =   0.48342438232036300     
 mdl_ad =  -0.12747442148678401     
 mdl_al =   -1.2074027013887732E-002
 mdl_an =   0.18517461872323218     
 mdl_au =    6.9774224250335873E-002
 mdl_bd =  -0.18517461872323218     
 mdl_bl =  -0.18517461872323218     
 mdl_bn =   0.18517461872323218     
 mdl_bu =   0.18517461872323218     
 mdl_gwwz =  -0.56759788318358417     
 mdl_g1 =   0.35807170271074895     
 mdl_gw =   0.64839716719502682     
 mdl_vev =    246.22056907348590     
 mdl_ee__exp__2 =    9.8251529432049817E-002
 mdl_gAaa =    1.3477023594718659E-005
 mdl_vev__exp__2 =    60624.568634871241     
 mdl_cw__exp__2 =   0.76630086657817542     
 mdl_gAza =    4.4999802188047602E-006
 mdl_gHaa =    2.6392504539657372E-005
 mdl_gHza =    3.9166441035016922E-005
 mdl_lam =    2.9690932909411916     
 mdl_yb =    2.6995322804122722E-002
 mdl_yt =   0.98791394091683138     
 mdl_ytau =    1.0206529494239589E-002
 mdl_muH =    424.26406871192853     
 mdl_sw__exp__2 =   0.23369913342182450     
  Internal Params evaluated point by point
  ----------------------------------------
  
 mdl_sqrt__aS =   0.34409301068170506     
 mdl_G__exp__2 =    1.4878582807401259     
 mdl_gAAgg =    3.1083017473614446E-007
 mdl_gAgg =    7.6532782508744533E-005
 mdl_gHgg =   -5.1021855005829691E-005
 mdl_gHHgg =    2.0722011649076294E-007
  Couplings of HC_UFO
  ---------------------------------
  
        GC_10 =  -0.00000E+00   0.00000E+00
        GC_13 =  -0.00000E+00  -0.20722E-06
        GC_62 =   0.00000E+00   0.00000E+00
        GC_64 =   0.00000E+00   0.00000E+00
         GC_1 =  -0.00000E+00  -0.10448E+00
         GC_2 =   0.00000E+00   0.20897E+00
         GC_3 =  -0.00000E+00  -0.31345E+00
         GC_9 =  -0.00000E+00  -0.00000E+00
        GC_16 =  -0.00000E+00  -0.00000E+00
        GC_17 =   0.00000E+00  -0.12074E-01
        GC_19 =  -0.00000E+00   0.18517E+00
        GC_21 =   0.00000E+00  -0.12747E+00
        GC_22 =   0.00000E+00   0.69774E-01
        GC_23 =  -0.00000E+00   0.18517E+00
        GC_24 =  -0.00000E+00  -0.18517E+00
        GC_61 =   0.00000E+00   0.00000E+00
        GC_66 =   0.00000E+00   0.00000E+00
        GC_77 =  -0.00000E+00  -0.28380E+00
        GC_78 =   0.00000E+00   0.28380E+00
        GC_89 =  -0.00000E+00  -0.28850E-01
        GC_90 =   0.00000E+00   0.86550E-01
        GC_98 =  -0.00000E+00  -0.21932E+03
       GC_100 =   0.00000E+00   0.33771E+01
       GC_101 =  -0.00000E+00  -0.00000E+00
       GC_102 =   0.00000E+00   0.00000E+00
       GC_105 =  -0.00000E+00  -0.00000E+00
       GC_106 =   0.00000E+00   0.00000E+00
        GC_35 =  -0.00000E+00  -0.20000E-03
        GC_38 =  -0.00000E+00  -0.00000E+00
        GC_40 =   0.00000E+00   0.52481E-04
        GC_42 =   0.00000E+00   0.10496E-03
        GC_43 =   0.00000E+00   0.50000E-04
        GC_45 =   0.00000E+00   0.50000E-04
        GC_49 =   0.00000E+00   0.50000E-04
        GC_56 =  -0.00000E+00  -0.94000E-03
        GC_58 =  -0.00000E+00  -0.35540E-03
        GC_68 =   0.00000E+00   0.00000E+00

 Collider parameters:
 --------------------

 Running at P P   machine @    13000.000000000000       GeV
 PDF set = nn23lo1
 alpha_s(Mz)= 0.1300 running at 2 loops.
 alpha_s(Mz)= 0.1300 running at 2 loops.
 Renormalization scale set on event-by-event basis
 Factorization   scale set on event-by-event basis


 getting user params
Enter number of events and max and min iterations: 
 Number of events and iterations         1000           5           3
Enter desired fractional accuracy: 
 Desired fractional accuracy:   0.10000000000000001     
Enter 0 for fixed, 2 for adjustable grid: 
Suppress amplitude (0 no, 1 yes)? 
 Using suppressed amplitude.
Exact helicity sum (0 yes, n = number/event)? 
 Explicitly summing over helicities
Enter Configuration Number: 
Running Configuration Number:   33
 Not subdividing B.W.
 Attempting mappinvarients           1           8
 Completed mapping           8
 about to integrate           16        1000           5           3          16           1
 Using non-zero grid deformation.
 16 dimensions   1000 events 16 invarients  5 iterations  1 config(s),  (0.99)
 Using h-tuple random number sequence.
 Error opening grid
 Using Uniform Grid!          32
 Using uniform alpha   1.0000000000000000     
 Grid defined OK
 Set CM energy to      13000.00
 Mapping Graph          33  to config          33
Setting grid   1    0.59172E-08   1
Setting grid   2    0.18685E-07   1
 Setting BW          -3           2   600.00000000000000     
 Setting BW          -4           3   91.187600000000003     
Setting grid   5    0.17101E-04   1
 Transforming s_hat 1/s           15   2.5115575576956360E-003   12.630915999999999        168999999.99999997     
  33   1   2   3   4   5   6   7   8   9  10  11  12  13  14
  15  16
 Masses: 0.470E+01 0.470E+01 0.000E+00 0.000E+00 0.178E+01 0.178E+01 0.000E+00 0.000E+00
Using random seed offsets    33 :     14
  with seed                   24
 Ranmar initialization seeds       31091        9411
 
 ********************************************
 * You are using the DiscreteSampler module *
 *      part of the MG5_aMC framework       *
 *         Author: Valentin Hirschi         *
 ********************************************
 
  Particle       3       4       5       6       7       8
      Et >     0.0     0.0     0.0     0.0     0.0     0.0
       E >     0.0     0.0     0.0     0.0     0.0     0.0
     Eta <    -1.0    -1.0    -1.0    -1.0    -1.0    -1.0
   xqcut:      0.0     0.0     0.0     0.0     0.0     0.0
d R # 3  >    -0.0     0.0     0.0     0.0     0.0     0.0
d R # 4  >    -0.0    -0.0     0.0     0.0     0.0     0.0
d R # 5  >    -0.0    -0.0    -0.0     0.0     0.0     0.0
d R # 6  >    -0.0    -0.0    -0.0    -0.0     0.0     0.0
d R # 7  >    -0.0    -0.0    -0.0    -0.0    -0.0     0.0
s min # 3>     0.0     0.0     3.2     3.2     0.0     0.0
s min # 4>     0.0     0.0     3.2     3.2     0.0     0.0
s min # 5>     0.0     0.0     0.0    12.6     3.2     0.0
s min # 6>     0.0     0.0     0.0     0.0     3.2     0.0
s min # 7>     0.0     0.0     0.0     0.0     0.0     0.0
xqcutij # 3>     0.0     0.0     0.0     0.0     0.0     0.0
xqcutij # 4>     0.0     0.0     0.0     0.0     0.0     0.0
xqcutij # 5>     0.0     0.0     0.0     0.0     0.0     0.0
xqcutij # 6>     0.0     0.0     0.0     0.0     0.0     0.0
xqcutij # 7>     0.0     0.0     0.0     0.0     0.0     0.0
 No cut BW           -3           1
 No cut BW           -4           2
 alpha_s for scale    362.89795952892877       is   0.10574422367288284     
 Added good helicity            1  0.67730139885686125       in event            1 local:           1
 Added good helicity            4   1.9315763885575072       in event            1 local:           1
 Added good helicity            5   8.0016652547300213E-002  in event            1 local:           1
 Added good helicity            8   1.2368177047167048E-003  in event            1 local:           1
 Added good helicity            9   7.8407426845811395E-003  in event            1 local:           1
 Added good helicity           12   2.1151334063099523E-002  in event            1 local:           1
 Added good helicity           13   7.2577065236113354       in event            1 local:           1
 Added good helicity           16  0.10675636391676055       in event            1 local:           1
 Added good helicity           49   8.3932396789873465E-002  in event            1 local:           1
 Added good helicity           52  0.23936438954354164       in event            1 local:           1
 Added good helicity           53   9.9158062315131499E-003  in event            1 local:           1
 Added good helicity           56   1.5326865487688386E-004  in event            1 local:           1
 Added good helicity           57   9.7163881137744498E-004  in event            1 local:           1
 Added good helicity           60   2.6211110241548723E-003  in event            1 local:           1
 Added good helicity           61  0.89938793091572644       in event            1 local:           1
 Added good helicity           64   1.3229438934023693E-002  in event            1 local:           1
 Added good helicity           65  0.16195361264717931       in event            1 local:           1
 Added good helicity           68  0.46187085211821871       in event            1 local:           1
 Added good helicity           69   1.9133263232353218E-002  in event            1 local:           1
 Added good helicity           72   2.9574292302206621E-004  in event            1 local:           1
 Added good helicity           73   1.8748471592529834E-003  in event            1 local:           1
 Added good helicity           76   5.0576227505330328E-003  in event            1 local:           1
 Added good helicity           77   1.7354338748092040       in event            1 local:           1
 Added good helicity           80   2.5527156504589268E-002  in event            1 local:           1
 Added good helicity          113   3.3181738480202699E-002  in event            1 local:           1
 Added good helicity          116   9.4630046073763949E-002  in event            1 local:           1
 Added good helicity          117   3.9201035807204625E-003  in event            1 local:           1
 Added good helicity          120   6.0593056052830435E-005  in event            1 local:           1
 Added good helicity          121   3.8412658484013735E-004  in event            1 local:           1
 Added good helicity          124   1.0362270572210879E-003  in event            1 local:           1
 Added good helicity          125  0.35556300376610828       in event            1 local:           1
 Added good helicity          128   5.2301113722222304E-003  in event            1 local:           1
 Added good helicity          129  0.11171094363192741       in event            1 local:           1
 Added good helicity          132  0.31858522871368133       in event            1 local:           1
 Added good helicity          133   1.3197574635773136E-002  in event            1 local:           1
 Added good helicity          136   2.0399496166370278E-004  in event            1 local:           1
 Added good helicity          137   1.2932156430623294E-003  in event            1 local:           1
 Added good helicity          140   3.4886026977811288E-003  in event            1 local:           1
 Added good helicity          141   1.1970523694836819       in event            1 local:           1
 Added good helicity          144   1.7607898303448118E-002  in event            1 local:           1
 Added good helicity          177   2.2887808776742541E-002  in event            1 local:           1
 Added good helicity          180   6.5273083879040170E-002  in event            1 local:           1
 Added good helicity          181   2.7039746936130269E-003  in event            1 local:           1
 Added good helicity          184   4.1795347189631437E-005  in event            1 local:           1
 Added good helicity          185   2.6495946935178562E-004  in event            1 local:           1
 Added good helicity          188   7.1475961843027718E-004  in event            1 local:           1
 Added good helicity          189  0.24525713271889876       in event            1 local:           1
 Added good helicity          192   3.6075803876252396E-003  in event            1 local:           1
 Added good helicity          193   12.029365697460175       in event            1 local:           1
 Added good helicity          196   34.306202216257681       in event            1 local:           1
 Added good helicity          197   1.4211539751765749       in event            1 local:           1
 Added good helicity          200   2.1966782434292381E-002  in event            1 local:           1
 Added good helicity          201  0.13925729557284633       in event            1 local:           1
 Added good helicity          204  0.37566308420978561       in event            1 local:           1
 Added good helicity          205   128.90214909450390       in event            1 local:           1
 Added good helicity          208   1.8960707068571345       in event            1 local:           1
 Added good helicity          241   4.0748541362746078       in event            1 local:           1
 Added good helicity          244   11.620959368647828       in event            1 local:           1
 Added good helicity          245  0.48140486370399754       in event            1 local:           1
 Added good helicity          248   7.4410768210263697E-003  in event            1 local:           1
 Added good helicity          249   4.7172326550122046E-002  in event            1 local:           1
 Added good helicity          252  0.12725295007542417       in event            1 local:           1
 Added good helicity          253   43.664601162081674       in event            1 local:           1
 Added good helicity          256  0.64227921544834066       in event            1 local:           1
 Added good helicity            1  0.67730139885685392       in event            1 local:           1
 Added good helicity            4   1.9315763885575070       in event            1 local:           1
 Added good helicity            5   8.0016652547300199E-002  in event            1 local:           1
 Added good helicity            8   1.2368177047167056E-003  in event            1 local:           1
 Added good helicity            9   7.8407426845811395E-003  in event            1 local:           1
 Added good helicity           12   2.1151334063099537E-002  in event            1 local:           1
 Added good helicity           13   7.2577065236113301       in event            1 local:           1
 Added good helicity           16  0.10675636391675991       in event            1 local:           1
 Added good helicity           49   8.3932396789872604E-002  in event            1 local:           1
 Added good helicity           52  0.23936438954354175       in event            1 local:           1
 Added good helicity           53   9.9158062315131707E-003  in event            1 local:           1
 Added good helicity           56   1.5326865487688430E-004  in event            1 local:           1
 Added good helicity           57   9.7163881137744671E-004  in event            1 local:           1
 Added good helicity           60   2.6211110241548779E-003  in event            1 local:           1
 Added good helicity           61  0.89938793091572777       in event            1 local:           1
 Added good helicity           64   1.3229438934023638E-002  in event            1 local:           1
 Added good helicity           65  0.16195361264717792       in event            1 local:           1
 Added good helicity           68  0.46187085211821954       in event            1 local:           1
 Added good helicity           69   1.9133263232353273E-002  in event            1 local:           1
 Added good helicity           72   2.9574292302206746E-004  in event            1 local:           1
 Added good helicity           73   1.8748471592529888E-003  in event            1 local:           1
 Added good helicity           76   5.0576227505330492E-003  in event            1 local:           1
 Added good helicity           77   1.7354338748092089       in event            1 local:           1
 Added good helicity           80   2.5527156504589199E-002  in event            1 local:           1
 Added good helicity          113   3.3181738480202436E-002  in event            1 local:           1
 Added good helicity          116   9.4630046073764226E-002  in event            1 local:           1
 Added good helicity          117   3.9201035807204755E-003  in event            1 local:           1
 Added good helicity          120   6.0593056052830679E-005  in event            1 local:           1
 Added good helicity          121   3.8412658484013860E-004  in event            1 local:           1
 Added good helicity          124   1.0362270572210918E-003  in event            1 local:           1
 Added good helicity          125  0.35556300376610905       in event            1 local:           1
 Added good helicity          128   5.2301113722222140E-003  in event            1 local:           1
 Added good helicity          129  0.11171094363192564       in event            1 local:           1
 Added good helicity          132  0.31858522871367978       in event            1 local:           1
 Added good helicity          133   1.3197574635773065E-002  in event            1 local:           1
 Added good helicity          136   2.0399496166370192E-004  in event            1 local:           1
 Added good helicity          137   1.2932156430623223E-003  in event            1 local:           1
 Added good helicity          140   3.4886026977811084E-003  in event            1 local:           1
 Added good helicity          141   1.1970523694836750       in event            1 local:           1
 Added good helicity          144   1.7607898303447916E-002  in event            1 local:           1
 Added good helicity          177   2.2887808776742648E-002  in event            1 local:           1
 Added good helicity          180   6.5273083879041155E-002  in event            1 local:           1
 Added good helicity          181   2.7039746936130689E-003  in event            1 local:           1
 Added good helicity          184   4.1795347189632121E-005  in event            1 local:           1
 Added good helicity          185   2.6495946935178985E-004  in event            1 local:           1
 Added good helicity          188   7.1475961843028813E-004  in event            1 local:           1
 Added good helicity          189  0.24525713271890276       in event            1 local:           1
 Added good helicity          192   3.6075803876252726E-003  in event            1 local:           1
 Added good helicity          193   12.029365697460070       in event            1 local:           1
 Added good helicity          196   34.306202216257745       in event            1 local:           1
 Added good helicity          197   1.4211539751765769       in event            1 local:           1
 Added good helicity          200   2.1966782434292450E-002  in event            1 local:           1
 Added good helicity          201  0.13925729557284658       in event            1 local:           1
 Added good helicity          204  0.37566308420978617       in event            1 local:           1
 Added good helicity          205   128.90214909450404       in event            1 local:           1
 Added good helicity          208   1.8960707068571254       in event            1 local:           1
 Added good helicity          241   4.0748541362745607       in event            1 local:           1
 Added good helicity          244   11.620959368647812       in event            1 local:           1
 Added good helicity          245  0.48140486370399743       in event            1 local:           1
 Added good helicity          248   7.4410768210263767E-003  in event            1 local:           1
 Added good helicity          249   4.7172326550122032E-002  in event            1 local:           1
 Added good helicity          252  0.12725295007542411       in event            1 local:           1
 Added good helicity          253   43.664601162081652       in event            1 local:           1
 Added good helicity          256  0.64227921544833655       in event            1 local:           1
 RESET CUMULATIVE VARIABLE
 RESET CUMULATIVE VARIABLE
 RESET CUMULATIVE VARIABLE
 No points passed cuts!
 Loosen cuts or increase max_events      500000
 Deleting file events.lhe

ls status:
events.lhe
grid_information
input_app.txt
results.dat
run1_app.log
