 Process in group number            1
 A PDF is used, so alpha_s(MZ) is going to be modified
 Old value of alpha_s from param_card:   0.11839999999999999     
  ****************************************
 
       NNPDFDriver version 1.0.3
   Grid: NNPDF23_lo_as_0130_qed_mem0.grid
  ****************************************
 New value of alpha_s from PDF nn23lo1:  0.13000000000000000     
 Define smin to   88.360000000000014     
 Define smin to   88.360000000000014     
 Define smin to   88.360000000000014     
 Define smin to   88.360000000000014     
 Warning: pt or E min of a jet should in general be >0
 Warning: pt or E min of a jet should in general be >0
 Warning: pt or E min of a jet should in general be >0
 Warning: pt or E min of a jet should in general be >0
 *****************************************************
 *               MadGraph/MadEvent                   *
 *        --------------------------------           *
 *          http://madgraph.hep.uiuc.edu             *
 *          http://madgraph.phys.ucl.ac.be           *
 *          http://madgraph.roma2.infn.it            *
 *        --------------------------------           *
 *                                                   *
 *          PARAMETER AND COUPLING VALUES            *
 *                                                   *
 *****************************************************

  External Params
  ---------------------------------
  
 mdl_cabi =   0.22773599999999999     
 aEWM1 =    127.90000000000001     
 mdl_Gf =    1.1663700000000000E-005
 aS =   0.11839999999999999     
 mdl_ymb =    4.7000000000000002     
 mdl_ymt =    172.00000000000000     
 mdl_ymtau =    1.7769999999999999     
 mdl_Lambda =    5000.0000000000000     
 mdl_ca =    1.0000000000000000     
 mdl_kSM =    5.0000000000000003E-002
 mdl_kHtt =    0.0000000000000000     
 mdl_kAtt =    0.0000000000000000     
 mdl_kHbb =    0.0000000000000000     
 mdl_kAbb =    0.0000000000000000     
 mdl_kHll =    0.0000000000000000     
 mdl_kAll =    0.0000000000000000     
 mdl_kHaa =    0.0000000000000000     
 mdl_kAaa =    0.0000000000000000     
 mdl_kHza =    0.0000000000000000     
 mdl_kAza =    0.0000000000000000     
 mdl_kHgg =    0.0000000000000000     
 mdl_kAgg =    0.0000000000000000     
 mdl_kHzz =  -0.52481000000000000     
 mdl_kAzz =    0.0000000000000000     
 mdl_kHww =  -0.52481000000000000     
 mdl_kAww =    0.0000000000000000     
 mdl_kHda =    0.0000000000000000     
 mdl_kHdz =  -0.26240500000000000     
 mdl_kHdwR =  -0.26240500000000000     
 mdl_kHdwI =    0.0000000000000000     
 mdl_kHHgg =    1.0000000000000000     
 mdl_kAAgg =    1.0000000000000000     
 mdl_kqa =    1.0000000000000000     
 mdl_kqb =    1.0000000000000000     
 mdl_kla =    1.0000000000000000     
 mdl_klb =    1.0000000000000000     
 mdl_kw1 =    1.0000000000000000     
 mdl_kw2 =    1.0000000000000000     
 mdl_kw3 =    0.0000000000000000     
 mdl_kw4 =    0.0000000000000000     
 mdl_kw5 =    0.0000000000000000     
 mdl_kz1 =    0.0000000000000000     
 mdl_kz3 =    1.0000000000000000     
 mdl_kz5 =    0.0000000000000000     
 mdl_kq =    1.0000000000000000     
 mdl_kq3 =    1.0000000000000000     
 mdl_kl =    1.0000000000000000     
 mdl_kg =    1.0000000000000000     
 mdl_ka =    1.0000000000000000     
 mdl_kz =    1.0000000000000000     
 mdl_kw =    1.0000000000000000     
 mdl_kza =    0.0000000000000000     
 mdl_MZ =    91.187600000000003     
 mdl_MTA =    1.7769999999999999     
 mdl_MT =    172.00000000000000     
 mdl_MB =    4.7000000000000002     
 mdl_MX0 =    600.00000000000000     
 mdl_MX1 =    125.00000000000000     
 mdl_MX2 =    125.00000000000000     
 mdl_WZ =    2.4952000000000001     
 mdl_WW =    2.0850000000000000     
 mdl_WT =    1.5083359999999999     
 mdl_WX0 =   0.15059000000000000     
 mdl_WX1 =    4.0699999999999998E-003
 mdl_WX2 =    4.0699999999999998E-003
  Internal Params
  ---------------------------------
  
 mdl_cos__cabi =   0.97418004031982097     
 mdl_CKM1x1 =  ( 0.97418004031982097     ,  0.0000000000000000     )
 mdl_sin__cabi =   0.22577256042856930     
 mdl_CKM1x2 =  ( 0.22577256042856930     ,  0.0000000000000000     )
 mdl_CKM2x1 =  (-0.22577256042856930     ,  0.0000000000000000     )
 mdl_CKM2x2 =  ( 0.97418004031982097     ,  0.0000000000000000     )
 mdl_ca__exp__2 =    1.0000000000000000     
 mdl_sa =    0.0000000000000000     
 mdl_complexi =  (  0.0000000000000000     ,  1.0000000000000000     )
 mdl_kHdw =  (-0.26240500000000000     ,  0.0000000000000000     )
 mdl_MZ__exp__2 =    8315.1783937600012     
 mdl_MZ__exp__4 =    69142191.720053151     
 mdl_sqrt__2 =    1.4142135623730951     
 mdl_nb__2__exp__0_75 =    1.6817928305074290     
 mdl_MX0__exp__2 =    360000.00000000000     
 mdl_ca__exp__4 =    1.0000000000000000     
 mdl_ca__exp__3 =    1.0000000000000000     
 mdl_conjg__CKM1x1 =  ( 0.97418004031982097     , -0.0000000000000000     )
 mdl_conjg__CKM1x2 =  ( 0.22577256042856930     , -0.0000000000000000     )
 mdl_conjg__CKM2x1 =  (-0.22577256042856930     , -0.0000000000000000     )
 mdl_conjg__CKM2x2 =  ( 0.97418004031982097     , -0.0000000000000000     )
 mdl_conjg__kHdw =  (-0.26240500000000000     , -0.0000000000000000     )
 mdl_aEW =    7.8186082877247844E-003
 mdl_MW =    79.824359746197842     
 mdl_sqrt__aEW =    8.8422894590285753E-002
 mdl_ee =   0.31345100004952897     
 mdl_MW__exp__2 =    6371.9284088904105     
 mdl_sw2 =   0.23369913342182447     
 mdl_cw =   0.87538612427783857     
 mdl_sqrt__sw2 =   0.48342438232036300     
 mdl_sw =   0.48342438232036300     
 mdl_ad =  -0.12747442148678401     
 mdl_al =   -1.2074027013887732E-002
 mdl_an =   0.18517461872323218     
 mdl_au =    6.9774224250335873E-002
 mdl_bd =  -0.18517461872323218     
 mdl_bl =  -0.18517461872323218     
 mdl_bn =   0.18517461872323218     
 mdl_bu =   0.18517461872323218     
 mdl_gwwz =  -0.56759788318358417     
 mdl_g1 =   0.35807170271074895     
 mdl_gw =   0.64839716719502682     
 mdl_vev =    246.22056907348590     
 mdl_ee__exp__2 =    9.8251529432049817E-002
 mdl_gAaa =    1.3477023594718659E-005
 mdl_vev__exp__2 =    60624.568634871241     
 mdl_cw__exp__2 =   0.76630086657817542     
 mdl_gAza =    4.4999802188047602E-006
 mdl_gHaa =    2.6392504539657372E-005
 mdl_gHza =    3.9166441035016922E-005
 mdl_lam =    2.9690932909411916     
 mdl_yb =    2.6995322804122722E-002
 mdl_yt =   0.98791394091683138     
 mdl_ytau =    1.0206529494239589E-002
 mdl_muH =    424.26406871192853     
 mdl_sw__exp__2 =   0.23369913342182450     
  Internal Params evaluated point by point
  ----------------------------------------
  
 mdl_sqrt__aS =   0.34409301068170506     
 mdl_G__exp__2 =    1.4878582807401259     
 mdl_gAAgg =    3.1083017473614446E-007
 mdl_gAgg =    7.6532782508744533E-005
 mdl_gHgg =   -5.1021855005829691E-005
 mdl_gHHgg =    2.0722011649076294E-007
  Couplings of HC_UFO
  ---------------------------------
  
        GC_10 =  -0.00000E+00   0.00000E+00
        GC_13 =  -0.00000E+00  -0.20722E-06
        GC_62 =   0.00000E+00   0.00000E+00
        GC_64 =   0.00000E+00   0.00000E+00
         GC_1 =  -0.00000E+00  -0.10448E+00
         GC_2 =   0.00000E+00   0.20897E+00
         GC_3 =  -0.00000E+00  -0.31345E+00
         GC_9 =  -0.00000E+00  -0.00000E+00
        GC_16 =  -0.00000E+00  -0.00000E+00
        GC_17 =   0.00000E+00  -0.12074E-01
        GC_19 =  -0.00000E+00   0.18517E+00
        GC_21 =   0.00000E+00  -0.12747E+00
        GC_22 =   0.00000E+00   0.69774E-01
        GC_23 =  -0.00000E+00   0.18517E+00
        GC_24 =  -0.00000E+00  -0.18517E+00
        GC_61 =   0.00000E+00   0.00000E+00
        GC_66 =   0.00000E+00   0.00000E+00
        GC_77 =  -0.00000E+00  -0.28380E+00
        GC_78 =   0.00000E+00   0.28380E+00
        GC_89 =  -0.00000E+00  -0.28850E-01
        GC_90 =   0.00000E+00   0.86550E-01
        GC_98 =  -0.00000E+00  -0.21932E+03
       GC_100 =   0.00000E+00   0.33771E+01
       GC_101 =  -0.00000E+00  -0.00000E+00
       GC_102 =   0.00000E+00   0.00000E+00
       GC_105 =  -0.00000E+00  -0.00000E+00
       GC_106 =   0.00000E+00   0.00000E+00
        GC_35 =  -0.00000E+00  -0.20000E-03
        GC_38 =  -0.00000E+00  -0.00000E+00
        GC_40 =   0.00000E+00   0.52481E-04
        GC_42 =   0.00000E+00   0.10496E-03
        GC_43 =   0.00000E+00   0.50000E-04
        GC_45 =   0.00000E+00   0.50000E-04
        GC_49 =   0.00000E+00   0.50000E-04
        GC_56 =  -0.00000E+00  -0.94000E-03
        GC_58 =  -0.00000E+00  -0.35540E-03
        GC_68 =   0.00000E+00   0.00000E+00

 Collider parameters:
 --------------------

 Running at P P   machine @    13000.000000000000       GeV
 PDF set = nn23lo1
 alpha_s(Mz)= 0.1300 running at 2 loops.
 alpha_s(Mz)= 0.1300 running at 2 loops.
 Renormalization scale set on event-by-event basis
 Factorization   scale set on event-by-event basis


 getting user params
Enter number of events and max and min iterations: 
 Number of events and iterations         1000           5           3
Enter desired fractional accuracy: 
 Desired fractional accuracy:   0.10000000000000001     
Enter 0 for fixed, 2 for adjustable grid: 
Suppress amplitude (0 no, 1 yes)? 
 Using suppressed amplitude.
Exact helicity sum (0 yes, n = number/event)? 
 Explicitly summing over helicities
Enter Configuration Number: 
Running Configuration Number:    8
 Using dconfig=         206
 BW Setting            2           2           1           1           2           0
 Attempting mappinvarients           1           8
 Completed mapping           8
 about to integrate           16        1000           5           3          16           1
 Using non-zero grid deformation.
 16 dimensions   1000 events 16 invarients  5 iterations  1 config(s),  (0.99)
 Using h-tuple random number sequence.
 Error opening grid
 Using Uniform Grid!          32
 Using uniform alpha   1.0000000000000000     
 Grid defined OK
 Set CM energy to      13000.00
 Mapping Graph           8  to config           8
Setting grid   1    0.59172E-08   1
Setting grid   2    0.59172E-08   1
 Setting BW          -3           3   600.00000000000000     
 Setting BW          -4           4   91.187600000000003     
Setting grid   5    0.25116E-02   1
 Transforming s_hat 1/s           15   2.5115575576956360E-003   88.360000000000014        168999999.99999997     
   8   1   2   3   4   5   6   7   8   9  10  11  12  13  14
  15  16
 Masses: 0.000E+00 0.000E+00 0.470E+01 0.470E+01 0.000E+00 0.000E+00 0.000E+00 0.000E+00
Using random seed offsets     8 :      6
  with seed                   24
 Ranmar initialization seeds       31066        9403
 
 ********************************************
 * You are using the DiscreteSampler module *
 *      part of the MG5_aMC framework       *
 *         Author: Valentin Hirschi         *
 ********************************************
 
  Particle       3       4       5       6       7       8
      Et >     0.0     0.0     0.0     0.0     0.0     0.0
       E >     0.0     0.0     0.0     0.0     0.0     0.0
     Eta <    -1.0    -1.0    -1.0    -1.0    -1.0    -1.0
   xqcut:      0.0     0.0     0.0     0.0     0.0     0.0
d R # 3  >    -0.0     0.0     0.0     0.0     0.0     0.0
d R # 4  >    -0.0    -0.0     0.0     0.0     0.0     0.0
d R # 5  >    -0.0    -0.0    -0.0     0.0     0.0     0.0
d R # 6  >    -0.0    -0.0    -0.0    -0.0     0.0     0.0
d R # 7  >    -0.0    -0.0    -0.0    -0.0    -0.0     0.0
s min # 3>     0.0    88.4    22.1    22.1    22.1     0.0
s min # 4>     0.0     0.0    22.1    22.1    22.1     0.0
s min # 5>     0.0     0.0     0.0     0.0     0.0     0.0
s min # 6>     0.0     0.0     0.0     0.0     0.0     0.0
s min # 7>     0.0     0.0     0.0     0.0     0.0     0.0
xqcutij # 3>     0.0     0.0     0.0     0.0     0.0     0.0
xqcutij # 4>     0.0     0.0     0.0     0.0     0.0     0.0
xqcutij # 5>     0.0     0.0     0.0     0.0     0.0     0.0
xqcutij # 6>     0.0     0.0     0.0     0.0     0.0     0.0
xqcutij # 7>     0.0     0.0     0.0     0.0     0.0     0.0
 Excluding BW           -1           1
 Excluding BW           -2           2
 Requiring BW           -3           3
 Requiring BW           -4           4
 Excluding BW           -5           5
 alpha_s for scale    239.10704485726654       is   0.11203890938818917     
 Added good helicity            1   100.88845567459076       in event            1 local:           1
 Added good helicity            4   20.703564850196798       in event            1 local:           1
 Added good helicity           13   77.822589861989002       in event            1 local:           1
 Added good helicity           16   15.919118472521799       in event            1 local:           1
 Added good helicity           17   4.4044544938500144E-002  in event            1 local:           1
 Added good helicity           20   9.0384879650933763E-003  in event            1 local:           1
 Added good helicity           29   3.3974754926000029E-002  in event            1 local:           1
 Added good helicity           32   6.9497577721459990E-003  in event            1 local:           1
 Added good helicity           33   2.0524922880309195E-002  in event            1 local:           1
 Added good helicity           36   4.2119692392594762E-003  in event            1 local:           1
 Added good helicity           45   1.5832363024915884E-002  in event            1 local:           1
 Added good helicity           48   3.2386131474238240E-003  in event            1 local:           1
 Added good helicity           49   1.8642726571111223E-002  in event            1 local:           1
 Added good helicity           52   3.8257191664665042E-003  in event            1 local:           1
 Added good helicity           61   1.4380488373539354E-002  in event            1 local:           1
 Added good helicity           64   2.9416227154232667E-003  in event            1 local:           1
 Added good helicity          193   2.8750573655495000       in event            1 local:           1
 Added good helicity          196  0.58999749988919126       in event            1 local:           1
 Added good helicity          205   2.2177404609157900       in event            1 local:           1
 Added good helicity          208  0.45365327986684484       in event            1 local:           1
 Added good helicity          209   5.6537104546166263E-002  in event            1 local:           1
 Added good helicity          212   1.1602116442235428E-002  in event            1 local:           1
 Added good helicity          221   4.3611173049096619E-002  in event            1 local:           1
 Added good helicity          224   8.9209499674247263E-003  in event            1 local:           1
 Added good helicity          225   9.8665432197523606E-002  in event            1 local:           1
 Added good helicity          228   2.0247372807081183E-002  in event            1 local:           1
 Added good helicity          237   7.6107810473677373E-002  in event            1 local:           1
 Added good helicity          240   1.5568349161385013E-002  in event            1 local:           1
 Added good helicity          241   15.939545352851539       in event            1 local:           1
 Added good helicity          244   3.2709927879144662       in event            1 local:           1
 Added good helicity          253   12.295328462381768       in event            1 local:           1
 Added good helicity          256   2.5150896519678247       in event            1 local:           1
 Added good helicity            1   100.88845567459076       in event            1 local:           1
 Added good helicity            4   20.703564850196720       in event            1 local:           1
 Added good helicity           13   77.822589861989144       in event            1 local:           1
 Added good helicity           16   15.919118472521754       in event            1 local:           1
 Added good helicity           17   4.4044544938500095E-002  in event            1 local:           1
 Added good helicity           20   9.0384879650933347E-003  in event            1 local:           1
 Added good helicity           29   3.3974754926000078E-002  in event            1 local:           1
 Added good helicity           32   6.9497577721459756E-003  in event            1 local:           1
 Added good helicity           33   2.0524922880309143E-002  in event            1 local:           1
 Added good helicity           36   4.2119692392594546E-003  in event            1 local:           1
 Added good helicity           45   1.5832363024915891E-002  in event            1 local:           1
 Added good helicity           48   3.2386131474238097E-003  in event            1 local:           1
 Added good helicity           49   1.8642726571111223E-002  in event            1 local:           1
 Added good helicity           52   3.8257191664664899E-003  in event            1 local:           1
 Added good helicity           61   1.4380488373539377E-002  in event            1 local:           1
 Added good helicity           64   2.9416227154232580E-003  in event            1 local:           1
 Added good helicity          193   2.8750573655494986       in event            1 local:           1
 Added good helicity          196  0.58999749988918926       in event            1 local:           1
 Added good helicity          205   2.2177404609157940       in event            1 local:           1
 Added good helicity          208  0.45365327986684367       in event            1 local:           1
 Added good helicity          209   5.6537104546166242E-002  in event            1 local:           1
 Added good helicity          212   1.1602116442235383E-002  in event            1 local:           1
 Added good helicity          221   4.3611173049096674E-002  in event            1 local:           1
 Added good helicity          224   8.9209499674247003E-003  in event            1 local:           1
 Added good helicity          225   9.8665432197523384E-002  in event            1 local:           1
 Added good helicity          228   2.0247372807081086E-002  in event            1 local:           1
 Added good helicity          237   7.6107810473677429E-002  in event            1 local:           1
 Added good helicity          240   1.5568349161384946E-002  in event            1 local:           1
 Added good helicity          241   15.939545352851530       in event            1 local:           1
 Added good helicity          244   3.2709927879144525       in event            1 local:           1
 Added good helicity          253   12.295328462381786       in event            1 local:           1
 Added good helicity          256   2.5150896519678168       in event            1 local:           1
 RESET CUMULATIVE VARIABLE
 RESET CUMULATIVE VARIABLE
 RESET CUMULATIVE VARIABLE
 Iteration  1   Mean: 0.9427E-08 Abs mean: 0.9427E-08   Fluctuation:  0.373E-08   0.319E-05    71.6%
  1    0.9427E-08 0.9427E-08 +- 0.3733E-08     12.52
 Writing out events   2.6339530834710297E-012   12.523526654266238     
 Relative summed weights:
  0.4395E-01  0.5110E+00  0.2962E-01  0.1233E-01  0.1220E+00  0.1076E+00  0.9412E-02  0.1641E+00
 Relative number of events:
  0.9217E-01  0.1189E+00  0.1487E+00  0.1556E+00  0.9415E-01  0.8920E-01  0.1348E+00  0.1665E+00
 Events:
          93         120         150         157          95          90         136         168
 Iteration  2   Mean: 0.1387E-07 Abs mean: 0.1387E-07   Fluctuation:  0.497E-08   0.840E-05    79.7%
  2    0.1387E-07 0.1387E-07 +- 0.4970E-08     16.02
 Relative summed weights:
  0.4805E-01  0.2963E-01  0.3824E+00  0.2246E+00  0.6832E-01  0.7162E-01  0.2639E-01  0.1490E+00
 Relative number of events:
  0.1245E+00  0.1110E+00  0.1550E+00  0.1635E+00  0.9450E-01  0.1000E+00  0.1270E+00  0.1245E+00
 Events:
         249         222         310         327         189         200         254         249
 Iteration  3   Mean: 0.2287E-07 Abs mean: 0.2287E-07   Fluctuation:  0.498E-08   0.151E-04    86.0%
  3    0.2287E-07 0.2287E-07 +- 0.4985E-08     13.78
 Relative summed weights:
  0.1363E+00  0.7839E-01  0.9079E-01  0.2111E+00  0.6850E-01  0.1950E+00  0.1036E+00  0.1162E+00
 Relative number of events:
  0.1258E+00  0.1205E+00  0.1635E+00  0.1598E+00  0.8775E-01  0.9425E-01  0.1182E+00  0.1303E+00
 Events:
         503         482         654         639         351         377         473         521
 Accuracy:    0.214   0.100   0.168   1.608
 Found          230  events.
 Wrote            5  events.
 Actual xsec    1.8448847224472293E-008
 Correct abs xsec    1.8448847224472293E-008
 Event xsec    1.8448847224472293E-008
 Events wgts > 1:            0
 % Cross section > 1:    0.0000000000000000        0.0000000000000000     
 Iteration  4   Mean: 0.2356E-07 Abs mean: 0.2356E-07   Fluctuation:  0.464E-08   0.362E-04    85.8%
  4    0.2356E-07 0.2356E-07 +- 0.4637E-08     17.60
 Relative summed weights:
  0.8931E-01  0.9371E-01  0.3024E+00  0.1131E+00  0.1071E+00  0.6963E-01  0.1164E+00  0.1083E+00
 Relative number of events:
  0.1258E+00  0.1253E+00  0.1522E+00  0.1650E+00  0.9438E-01  0.9287E-01  0.1215E+00  0.1230E+00
 Events:
        1006        1002        1218        1320         755         743         972         984
 Accuracy:    0.138   0.100   0.128   1.164
 Found          544  events.
 Wrote            5  events.
 Actual xsec    2.1915853488099181E-008
 Correct abs xsec    2.1915853488099181E-008
 Event xsec    2.1915853488099181E-008
 Events wgts > 1:            0
 % Cross section > 1:    0.0000000000000000        0.0000000000000000     
 Iteration  5   Mean: 0.2311E-07 Abs mean: 0.2311E-07   Fluctuation:  0.705E-09   0.410E-05    89.0%
  5    0.2311E-07 0.2311E-07 +- 0.7045E-09      3.86
 Relative summed weights:
  0.1580E+00  0.1311E+00  0.1585E+00  0.1507E+00  0.8830E-01  0.7811E-01  0.1097E+00  0.1256E+00
 Relative number of events:
  0.1279E+00  0.1192E+00  0.1613E+00  0.1589E+00  0.9106E-01  0.9344E-01  0.1229E+00  0.1253E+00
 Events:
        2047        1908        2581        2542        1457        1495        1966        2004
 Accuracy:    0.028   0.100   0.030   0.874
 Finished due to accuracy    2.7716532750655019E-002  0.10000000000000001     

 -------------------------------------------------------------------------------
 Accumulated results:   Integral =  0.2298E-07
                        Std dev  =  0.6814E-09
                       Cross sec =  0.2298E-07
             Chi**2 per DoF.     =      0.8735
 -------------------------------------------------------------------------------
 Found         1426  events.
 Wrote          147  events.
 Actual xsec    2.3116197114675512E-008
 Correct abs xsec    2.3116197114675512E-008
 Event xsec    2.3116197114675516E-008
 Events wgts > 1:            2
 % Cross section > 1:    1.5377256461995924E-010  0.66521566612847149     
-------------------------------------------------
---------------------------
 Results Last   3 iters: Integral =   0.2312E-07
                     Abs integral =   0.2312E-07
                          Std dev =   0.6898E-09
                  Chi**2 per DoF. =      0.0058
-------------------------------------------------
---------------------------
 Status  0.10000000000000001                6           5

ls status:
events.lhe
ftn26
input_app.txt
results.dat
run1_app.log
