 Process in group number            3
 A PDF is used, so alpha_s(MZ) is going to be modified
 Old value of alpha_s from param_card:   0.11839999999999999     
  ****************************************
 
       NNPDFDriver version 1.0.3
   Grid: NNPDF23_lo_as_0130_qed_mem0.grid
  ****************************************
 New value of alpha_s from PDF nn23lo1:  0.13000000000000000     
 Define smin to   0.0000000000000000     
 Define smin to   0.0000000000000000     
 Define smin to   0.0000000000000000     
 Define smin to   0.0000000000000000     
 Define smin to   0.0000000000000000     
 Define smin to   0.0000000000000000     
 Define smin to   0.0000000000000000     
 Define smin to   0.0000000000000000     
 Define smin to   0.0000000000000000     
 Define smin to   0.0000000000000000     
 Define smin to   0.0000000000000000     
 Define smin to   0.0000000000000000     
 Warning: pt or E min of a jet should in general be >0
 Warning: pt or E min of a jet should in general be >0
 Warning: pt or E min of a jet should in general be >0
 Warning: pt or E min of a jet should in general be >0
 *****************************************************
 *               MadGraph/MadEvent                   *
 *        --------------------------------           *
 *          http://madgraph.hep.uiuc.edu             *
 *          http://madgraph.phys.ucl.ac.be           *
 *          http://madgraph.roma2.infn.it            *
 *        --------------------------------           *
 *                                                   *
 *          PARAMETER AND COUPLING VALUES            *
 *                                                   *
 *****************************************************

  External Params
  ---------------------------------
  
 mdl_cabi =   0.22773599999999999     
 mdl_rhoH =    5.0000000000000003E-002
 mdl_Lambda =    5000.0000000000000     
 mdl_fW =   -300.00000000000000     
 mdl_fWW =    4600.0000000000000     
 mdl_fB =    0.0000000000000000     
 mdl_fBB =    0.0000000000000000     
 aEWM1 =    127.90000000000001     
 mdl_Gf =    1.1663700000000000E-005
 aS =   0.11839999999999999     
 mdl_ymb =    4.7000000000000002     
 mdl_ymt =    172.00000000000000     
 mdl_ymtau =    1.7769999999999999     
 mdl_MZ =    91.187600000000003     
 mdl_MTA =    1.7769999999999999     
 mdl_MT =    172.00000000000000     
 mdl_MB =    4.7000000000000002     
 mdl_MH =    125.00000000000000     
 mdl_MHH =    900.00000000000000     
 mdl_WZ =    2.4952000000000001     
 mdl_WW =    2.0850000000000000     
 mdl_WT =    1.5083359999999999     
 mdl_WH =    4.0699999999999998E-003
 mdl_WHH =    9.8597999999999999     
  Internal Params
  ---------------------------------
  
 mdl_cos__cabi =   0.97418004031982097     
 mdl_CKM1x1 =  ( 0.97418004031982097     ,  0.0000000000000000     )
 mdl_sin__cabi =   0.22577256042856930     
 mdl_CKM1x2 =  ( 0.22577256042856930     ,  0.0000000000000000     )
 mdl_CKM2x1 =  (-0.22577256042856930     ,  0.0000000000000000     )
 mdl_CKM2x2 =  ( 0.97418004031982097     ,  0.0000000000000000     )
 mdl_MZ__exp__2 =    8315.1783937600012     
 mdl_MZ__exp__4 =    69142191.720053151     
 mdl_sqrt__2 =    1.4142135623730951     
 mdl_Lambda__exp__2 =    25000000.000000000     
 mdl_MH__exp__2 =    15625.000000000000     
 mdl_complexi =  (  0.0000000000000000     ,  1.0000000000000000     )
 mdl_conjg__CKM1x1 =  ( 0.97418004031982097     , -0.0000000000000000     )
 mdl_conjg__CKM1x2 =  ( 0.22577256042856930     , -0.0000000000000000     )
 mdl_conjg__CKM2x1 =  (-0.22577256042856930     , -0.0000000000000000     )
 mdl_conjg__CKM2x2 =  ( 0.97418004031982097     , -0.0000000000000000     )
 mdl_aEW =    7.8186082877247844E-003
 mdl_MW =    79.824359746197842     
 mdl_sqrt__aEW =    8.8422894590285753E-002
 mdl_ee =   0.31345100004952897     
 mdl_MW__exp__2 =    6371.9284088904105     
 mdl_sw2 =   0.23369913342182447     
 mdl_cw =   0.87538612427783857     
 mdl_sqrt__sw2 =   0.48342438232036300     
 mdl_sw =   0.48342438232036300     
 mdl_g1 =   0.35807170271074895     
 mdl_gw =   0.64839716719502682     
 mdl_vev =    246.22056907348590     
 mdl_gHWW =    2.5878944366295706     
 mdl_gHWW1 =   -1.5527366619777423E-005
 mdl_gHWW2 =   -4.7617257633984105E-004
 mdl_cw__exp__2 =   0.76630086657817542     
 mdl_gHZZ =    1.6885629062286611     
 mdl_sw__exp__2 =   0.23369913342182450     
 mdl_gHZZ1 =   -1.5527366619777423E-005
 mdl_cw__exp__4 =   0.58721701811846261     
 mdl_sw__exp__4 =    5.4615284962111724E-002
 mdl_gHZZ2 =   -1.8244572894499127E-004
 mdl_vev__exp__2 =    60624.568634871241     
 mdl_lam =   0.12886689630821144     
 mdl_yb =    2.6995322804122722E-002
 mdl_yt =   0.98791394091683138     
 mdl_ytau =    1.0206529494239589E-002
 mdl_muH =    88.388347648318444     
 mdl_I1a33 =  (  2.6995322804122722E-002,  0.0000000000000000     )
 mdl_I2a33 =  ( 0.98791394091683138     ,  0.0000000000000000     )
 mdl_I3a33 =  ( 0.98791394091683138     ,  0.0000000000000000     )
 mdl_I4a33 =  (  2.6995322804122722E-002,  0.0000000000000000     )
 mdl_ee__exp__2 =    9.8251529432049817E-002
  Internal Params evaluated point by point
  ----------------------------------------
  
 mdl_sqrt__aS =   0.34409301068170506     
 mdl_G__exp__2 =    1.4878582807401259     
  Couplings of SMwithHeavyScalarDim4Dim6_NoDecay_UFO
  ---------------------------------
  
        GC_13 =   0.00000E+00   0.25879E+01
        GC_14 =   0.00000E+00   0.15527E-04
        GC_15 =  -0.00000E+00  -0.95235E-03
        GC_16 =   0.00000E+00   0.33771E+01
        GC_17 =   0.00000E+00   0.15527E-04
        GC_18 =  -0.00000E+00  -0.72978E-03
        GC_33 =   0.00000E+00   0.44665E+00
        GC_34 =   0.00000E+00   0.10351E+00
        GC_35 =  -0.00000E+00  -0.10351E+00
        GC_36 =   0.00000E+00   0.44665E+00
        GC_37 =  -0.00000E+00  -0.28380E+00
        GC_38 =   0.00000E+00   0.28380E+00
        GC_45 =  -0.00000E+00  -0.28850E-01
        GC_46 =   0.00000E+00   0.86550E-01
        GC_77 =   0.00000E+00   0.44665E+00
        GC_78 =   0.00000E+00   0.10351E+00
        GC_79 =   0.00000E+00  -0.10351E+00
        GC_80 =   0.00000E+00   0.44665E+00

 Collider parameters:
 --------------------

 Running at P P   machine @    13000.000000000000       GeV
 PDF set = nn23lo1
 alpha_s(Mz)= 0.1300 running at 2 loops.
 alpha_s(Mz)= 0.1300 running at 2 loops.
 Renormalization scale set on event-by-event basis
 Factorization   scale set on event-by-event basis


 getting user params
Enter number of events and max and min iterations: 
 Number of events and iterations         1000           5           3
Enter desired fractional accuracy: 
 Desired fractional accuracy:   0.10000000000000001     
Enter 0 for fixed, 2 for adjustable grid: 
Suppress amplitude (0 no, 1 yes)? 
 Using suppressed amplitude.
Exact helicity sum (0 yes, n = number/event)? 
 Explicitly summing over helicities
Enter Configuration Number: 
Running Configuration Number:    1
 Using dconfig=         203
 BW Setting            2           1           1           1           2           0
 Attempting mappinvarients           1           8
 Completed mapping           8
 about to integrate           16        1000           5           3          16           1
 Using non-zero grid deformation.
 16 dimensions   1000 events 16 invarients  5 iterations  1 config(s),  (0.99)
 Using h-tuple random number sequence.
 Error opening grid
 Using Uniform Grid!          32
 Using uniform alpha   1.0000000000000000     
 Grid defined OK
 Set CM energy to      13000.00
 Mapping Graph           1  to config           1
Setting grid   1    0.59172E-08   1
 Setting BW          -2           2   91.187600000000003     
 Setting BW          -3           3   900.00000000000000     
 Setting BW          -4           4   91.187600000000003     
Setting grid   5    0.38427E-02   1
 Transforming s_hat 1/s           15   3.8426895270932556E-003   0.0000000000000000        168999999.99999997     
   1   1   2   3   4   5   6   7   8   9  10  11  12  13  14
  15  16
 Masses: 0.000E+00 0.000E+00 0.000E+00 0.000E+00 0.000E+00 0.000E+00 0.000E+00 0.000E+00
 Got moffset           1
Using random seed offsets     1 :      3
  with seed                  213
 Ranmar initialization seeds       20802       12754
 
 ********************************************
 * You are using the DiscreteSampler module *
 *      part of the MG5_aMC framework       *
 *         Author: Valentin Hirschi         *
 ********************************************
 
  Particle       3       4       5       6       7       8
      Et >     0.0     0.0     0.0     0.0     0.0     0.0
       E >     0.0     0.0     0.0     0.0     0.0     0.0
     Eta <    -1.0    -1.0    -1.0    -1.0    -1.0    -1.0
   xqcut:      0.0     0.0     0.0     0.0     0.0     0.0
d R # 3  >    -0.0     0.0     0.0     0.0     0.0     0.0
d R # 4  >    -0.0    -0.0     0.0     0.0     0.0     0.0
d R # 5  >    -0.0    -0.0    -0.0     0.0     0.0     0.0
d R # 6  >    -0.0    -0.0    -0.0    -0.0     0.0     0.0
d R # 7  >    -0.0    -0.0    -0.0    -0.0    -0.0     0.0
s min # 3>     0.0     0.0     0.0     0.0     0.0     0.0
s min # 4>     0.0     0.0     0.0     0.0     0.0     0.0
s min # 5>     0.0     0.0     0.0     0.0     0.0     0.0
s min # 6>     0.0     0.0     0.0     0.0     0.0     0.0
s min # 7>     0.0     0.0     0.0     0.0     0.0     0.0
xqcutij # 3>     0.0     0.0     0.0     0.0     0.0     0.0
xqcutij # 4>     0.0     0.0     0.0     0.0     0.0     0.0
xqcutij # 5>     0.0     0.0     0.0     0.0     0.0     0.0
xqcutij # 6>     0.0     0.0     0.0     0.0     0.0     0.0
xqcutij # 7>     0.0     0.0     0.0     0.0     0.0     0.0
 Excluding BW           -1           1
 Requiring BW           -2           2
 Requiring BW           -3           3
 Requiring BW           -4           4
 Excluding BW           -5           5
 alpha_s for scale    880.66841772353632       is    9.4500746032980185E-002
 Added good helicity            1   44.775134729278960       in event            1 local:           1
 Added good helicity            4   6.7309335091666158       in event            1 local:           1
 Added good helicity           13   25.300892945845121       in event            1 local:           1
 Added good helicity           16   7.0650370214563170       in event            1 local:           1
 Added good helicity           49   1.8981162319120035       in event            1 local:           1
 Added good helicity           52  0.28533904424669743       in event            1 local:           1
 Added good helicity           61   1.0725603813978712       in event            1 local:           1
 Added good helicity           64  0.29950242541015398       in event            1 local:           1
 Added good helicity          193   45.217423350788764       in event            1 local:           1
 Added good helicity          196   6.7974216464160762       in event            1 local:           1
 Added good helicity          205   25.550815076323214       in event            1 local:           1
 Added good helicity          208   7.1348254320111621       in event            1 local:           1
 Added good helicity          241   44.775134729279010       in event            1 local:           1
 Added good helicity          244   6.7309335091666176       in event            1 local:           1
 Added good helicity          253   25.300892945845128       in event            1 local:           1
 Added good helicity          256   7.0650370214563196       in event            1 local:           1
 Added good helicity            1   44.775134729278733       in event            1 local:           1
 Added good helicity            4   6.7309335091664844       in event            1 local:           1
 Added good helicity           13   25.300892945845664       in event            1 local:           1
 Added good helicity           16   7.0650370214561411       in event            1 local:           1
 Added good helicity           49   1.8981162319119915       in event            1 local:           1
 Added good helicity           52  0.28533904424669160       in event            1 local:           1
 Added good helicity           61   1.0725603813978926       in event            1 local:           1
 Added good helicity           64  0.29950242541014621       in event            1 local:           1
 Added good helicity          193   45.217423350788557       in event            1 local:           1
 Added good helicity          196   6.7974216464159429       in event            1 local:           1
 Added good helicity          205   25.550815076323762       in event            1 local:           1
 Added good helicity          208   7.1348254320109881       in event            1 local:           1
 Added good helicity          241   44.775134729278726       in event            1 local:           1
 Added good helicity          244   6.7309335091664808       in event            1 local:           1
 Added good helicity          253   25.300892945845664       in event            1 local:           1
 Added good helicity          256   7.0650370214561384       in event            1 local:           1
 RESET CUMULATIVE VARIABLE
 RESET CUMULATIVE VARIABLE
 RESET CUMULATIVE VARIABLE
 Iteration  1   Mean: 0.2204E-06 Abs mean: 0.2204E-06   Fluctuation:  0.873E-07   0.817E-04    57.3%
  1    0.2204E-06 0.2204E-06 +- 0.8733E-07     12.53
 Writing out events   7.6914825371140078E-011   12.530775964057254     
 Relative summed weights:
  0.7341E-02  0.3217E-01  0.1287E-01  0.1355E-01  0.2212E-01  0.1463E-01  0.2852E-02  0.3929E+00  0.2174E-01  0.9129E-02  0.1299E-01  0.2236E-01  0.6966E-02  0.3348E-02  0.2388E-01  0.2679E-01  0.3859E-01  0.2777E-01  0.3828E-01  0.4048E-01  0.4256E-01  0.4103E-01  0.1009E-01  0.1355E+00
 Relative number of events:
  0.3171E-01  0.2874E-01  0.3469E-01  0.2180E-01  0.7235E-01  0.5946E-01  0.5253E-01  0.5550E-01  0.4063E-01  0.4262E-01  0.3766E-01  0.4163E-01  0.1586E-01  0.2279E-01  0.2478E-01  0.2379E-01  0.5451E-01  0.6442E-01  0.5055E-01  0.6640E-01  0.4163E-01  0.3964E-01  0.3865E-01  0.3766E-01
 Events:
          32          29          35          22          73          60          53          56          41          43          38          42          16          23          25          24          55          65          51          67          42          40          39          38
 Iteration  2   Mean: 0.2765E-06 Abs mean: 0.2765E-06   Fluctuation:  0.339E-07   0.327E-04    83.6%
  2    0.2765E-06 0.2765E-06 +- 0.3388E-07      5.48
 Relative summed weights:
  0.3669E-02  0.6097E-01  0.3138E-01  0.5108E-02  0.6505E-01  0.2983E-01  0.6674E-01  0.4231E-01  0.4232E-01  0.4673E-01  0.3861E-01  0.7518E-01  0.1531E-01  0.1395E-01  0.5940E-02  0.1858E-01  0.7574E-01  0.1913E-01  0.1251E+00  0.5610E-01  0.4327E-01  0.2705E-01  0.6418E-01  0.2778E-01
 Relative number of events:
  0.2050E-01  0.2400E-01  0.2450E-01  0.2250E-01  0.6850E-01  0.6000E-01  0.6300E-01  0.5750E-01  0.3800E-01  0.4050E-01  0.4700E-01  0.3600E-01  0.2450E-01  0.2050E-01  0.2000E-01  0.2300E-01  0.7050E-01  0.6700E-01  0.5400E-01  0.4850E-01  0.4700E-01  0.3950E-01  0.4650E-01  0.3700E-01
 Events:
          41          48          49          45         137         120         126         115          76          81          94          72          49          41          40          46         141         134         108          97          94          79          93          74
 Iteration  3   Mean: 0.3014E-06 Abs mean: 0.3014E-06   Fluctuation:  0.185E-07   0.349E-04    89.3%
  3    0.3014E-06 0.3014E-06 +- 0.1848E-07      3.88
 Relative summed weights:
  0.4934E-01  0.2877E-01  0.1367E-01  0.2819E-01  0.6913E-01  0.8541E-01  0.7576E-01  0.8437E-01  0.4058E-01  0.4325E-01  0.3423E-01  0.2622E-01  0.1363E-01  0.2690E-01  0.1944E-01  0.2351E-01  0.2630E-01  0.6273E-01  0.4945E-01  0.7795E-01  0.3168E-01  0.3027E-01  0.2877E-01  0.3044E-01
 Relative number of events:
  0.2250E-01  0.2825E-01  0.2200E-01  0.2400E-01  0.6925E-01  0.5900E-01  0.6525E-01  0.6625E-01  0.4125E-01  0.4775E-01  0.3725E-01  0.4325E-01  0.1900E-01  0.2600E-01  0.2175E-01  0.2225E-01  0.6450E-01  0.5975E-01  0.5625E-01  0.5725E-01  0.3525E-01  0.4050E-01  0.3550E-01  0.3600E-01
 Events:
          90         113          88          96         277         236         261         265         165         191         149         173          76         104          87          89         258         239         225         229         141         162         142         144
 Accuracy:    0.034   0.100   0.054   0.397
 Finished due to accuracy    3.4207909645128029E-002  0.10000000000000001     

 -------------------------------------------------------------------------------
 Accumulated results:   Integral =  0.2950E-06
                        Std dev  =  0.1602E-07
                       Cross sec =  0.2950E-06
             Chi**2 per DoF.     =      0.3965
 -------------------------------------------------------------------------------
 Found          379  events.
 Wrote           39  events.
 Actual xsec    2.9496968279131201E-007
 Correct abs xsec    2.9496968279131201E-007
 Event xsec    2.9496968279131222E-007
 Events wgts > 1:            1
 % Cross section > 1:    4.1408043524252342E-010  0.14038067618477279     
-------------------------------------------------
---------------------------
 Results Last   3 iters: Integral =   0.2950E-06
                     Abs integral =   0.2950E-06
                          Std dev =   0.1602E-07
                  Chi**2 per DoF. =      0.5730
-------------------------------------------------
---------------------------
 Status  0.10000000000000001                4           5

ls status:
events.lhe
ftn26
input_app.txt
input_sg.txt
moffset.dat
results.dat
run1_app.log
run_01_log.txt
run_03_log.txt
run_05_log.txt
run_06_log.txt
run_07_log.txt
run_08_log.txt
run_09_log.txt
run_10_log.txt
run_12_log.txt
run_13_log.txt
run_14_log.txt
run_16_log.txt
run_17_log.txt
run_18_log.txt
run_19_log.txt
