 A PDF is used, so alpha_s(MZ) is going to be modified
 Old value of alpha_s from param_card:   0.11799999999999999     
  ****************************************
 
       NNPDFDriver version 1.0.3
   Grid: NNPDF23nlo_as_0119_qed_mem0.grid
  ****************************************
 New value of alpha_s from PDF nn23nlo:  0.11899999999999999     
 *****************************************************
 *               MadGraph/MadEvent                   *
 *        --------------------------------           *
 *          http://madgraph.hep.uiuc.edu             *
 *          http://madgraph.phys.ucl.ac.be           *
 *          http://madgraph.roma2.infn.it            *
 *        --------------------------------           *
 *                                                   *
 *          PARAMETER AND COUPLING VALUES            *
 *                                                   *
 *****************************************************

  External Params
  ---------------------------------
  
 MU_R =    91.188000000000002     
 aEWM1 =    132.50700000000001     
 mdl_Gf =    1.1663900000000000E-005
 aS =   0.11799999999999999     
 mdl_ymb =    4.7000000000000002     
 mdl_ymt =    173.00000000000000     
 mdl_ymtau =    1.7769999999999999     
 mdl_MT =    173.00000000000000     
 mdl_MB =    4.7000000000000002     
 mdl_MZ =    91.188000000000002     
 mdl_MTA =    1.7769999999999999     
 mdl_WT =    1.4915000000000000     
 mdl_WZ =    2.4414039999999999     
 mdl_WW =    2.0476000000000001     
 mdl_MX0 =    300.00000000000000     
 mdl_WX0 =    1.0604700000000000     
 mdl_Lambda =    5000.0000000000000     
 mdl_cosa =    1.0000000000000000     
 mdl_kSM =    5.0000000000000003E-002
 mdl_kHtt =    0.0000000000000000     
 mdl_kAtt =    0.0000000000000000     
 mdl_kHbb =    0.0000000000000000     
 mdl_kAbb =    0.0000000000000000     
 mdl_kHll =    0.0000000000000000     
 mdl_kAll =    0.0000000000000000     
 mdl_kHaa =    0.0000000000000000     
 mdl_kAaa =    0.0000000000000000     
 mdl_kHza =    0.0000000000000000     
 mdl_kAza =    0.0000000000000000     
 mdl_kHzz =    8.1561199999999996     
 mdl_kAzz =    0.0000000000000000     
 mdl_kHww =    10.496200000000000     
 mdl_kAww =    0.0000000000000000     
 mdl_kHda =    0.0000000000000000     
 mdl_kHdz =    0.0000000000000000     
 mdl_kHdwR =    0.0000000000000000     
 mdl_kHdwI =    0.0000000000000000     
  Internal Params
  ---------------------------------
  
 mdl_CKM11 =    1.0000000000000000     
 mdl_conjg__CKM3x3 =    1.0000000000000000     
 mdl_conjg__CKM11 =    1.0000000000000000     
 mdl_lhv =    1.0000000000000000     
 mdl_CKM3x3 =    1.0000000000000000     
 mdl_conjg__CKM33 =    1.0000000000000000     
 mdl_Ncol =    3.0000000000000000     
 mdl_CA =    3.0000000000000000     
 mdl_TF =   0.50000000000000000     
 mdl_CF =    1.3333333333333333     
 mdl_complexi =  (  0.0000000000000000     ,  1.0000000000000000     )
 mdl_MZ__exp__2 =    8315.2513440000002     
 mdl_MZ__exp__4 =    69143404.913893804     
 mdl_sqrt__2 =    1.4142135623730951     
 mdl_MX0__exp__2 =    90000.000000000000     
 mdl_cosa__exp__2 =    1.0000000000000000     
 mdl_sina =    0.0000000000000000     
 mdl_kHdw =  (  0.0000000000000000     ,  0.0000000000000000     )
 mdl_nb__2__exp__0_75 =    1.6817928305074290     
 mdl_Ncol__exp__2 =    9.0000000000000000     
 mdl_MB__exp__2 =    22.090000000000003     
 mdl_MT__exp__2 =    29929.000000000000     
 mdl_conjg__kHdw =  (  0.0000000000000000     , -0.0000000000000000     )
 mdl_aEW =    7.5467711139788835E-003
 mdl_MW =    80.419002445756163     
 mdl_sqrt__aEW =    8.6872153846781555E-002
 mdl_ee =   0.30795376724436879     
 mdl_MW__exp__2 =    6467.2159543705357     
 mdl_sw2 =   0.22224648578577766     
 mdl_cw =   0.88190334743339216     
 mdl_sqrt__sw2 =   0.47143025548407230     
 mdl_sw =   0.47143025548407230     
 mdl_g1 =   0.34919219678733299     
 mdl_gw =   0.65323293034757990     
 mdl_vev =    246.21845810181637     
 mdl_vev__exp__2 =    60623.529110035903     
 mdl_lam =   0.74228605065735920     
 mdl_yb =    2.6995554250465490E-002
 mdl_yt =   0.99366614581500623     
 mdl_ytau =    1.0206617000654717E-002
 mdl_muH =    212.13203435596427     
 mdl_AxialZUp =  -0.18517701861793787     
 mdl_AxialZDown =   0.18517701861793787     
 mdl_VectorZUp =    7.5430507588273299E-002
 mdl_VectorZDown =  -0.13030376310310560     
 mdl_VectorAUp =   0.20530251149624587     
 mdl_VectorADown =  -0.10265125574812294     
 mdl_VectorWmDxU =   0.23095271737156670     
 mdl_AxialWmDxU =  -0.23095271737156670     
 mdl_VectorWpUxD =   0.23095271737156670     
 mdl_AxialWpUxD =  -0.23095271737156670     
 mdl_I1x33 =  (  2.6995554250465490E-002,  0.0000000000000000     )
 mdl_I2x33 =  ( 0.99366614581500623     ,  0.0000000000000000     )
 mdl_I3x33 =  ( 0.99366614581500623     ,  0.0000000000000000     )
 mdl_I4x33 =  (  2.6995554250465490E-002,  0.0000000000000000     )
 mdl_Vector_tbGp =  (-0.96667059156454072     ,  0.0000000000000000     )
 mdl_Axial_tbGp =  ( -1.0206617000654716     , -0.0000000000000000     )
 mdl_Vector_tbGm =  ( 0.96667059156454072     ,  0.0000000000000000     )
 mdl_Axial_tbGm =  ( -1.0206617000654716     , -0.0000000000000000     )
 mdl_ee__exp__2 =    9.4835522759998875E-002
 mdl_gAaa =    1.3008566310666950E-005
 mdl_cw__exp__2 =   0.77775351421422245     
 mdl_gAza =    4.7794971072590281E-006
 mdl_gHaa =    2.5475109025056106E-005
 mdl_gHza =    3.9182129211851395E-005
 mdl_gw__exp__2 =   0.42671326129048615     
 mdl_sw__exp__2 =   0.22224648578577769     
  Internal Params evaluated point by point
  ----------------------------------------
  
 mdl_sqrt__aS =   0.34351128074635334     
 mdl_G__exp__2 =    1.4828317324943823     
 mdl_G__exp__4 =    2.1987899468922913     
 mdl_R2MixedFactor_FIN_ =   -2.5040377713124864E-002
 mdl_GWcft_UV_b_1EPS_ =   -3.1300472141406080E-003
 mdl_GWcft_UV_t_1EPS_ =   -3.1300472141406080E-003
 mdl_bWcft_UV_1EPS_ =   -1.8780283284843650E-002
 mdl_tWcft_UV_1EPS_ =   -1.8780283284843650E-002
 mdl_G__exp__3 =    1.8056676068262196     
 mdl_MU_R__exp__2 =    8315.2513440000002     
 mdl_GWcft_UV_b_FIN_ =   -1.8563438626678915E-002
 mdl_GWcft_UV_t_FIN_ =    4.0087659331150384E-003
 mdl_bWcft_UV_FIN_ =  -0.13642100947319838     
 mdl_tWcft_UV_FIN_ =   -9.8778211443463623E-004
 mdl_gAgg =    7.6274879753643885E-005
 mdl_gHgg =   -5.0849919835762592E-005
  Couplings of HC_NLO_X0_UFO
  ---------------------------------
  
    R2_UUZ_V2 =  -0.00000E+00  -0.72127E-02
    R2_UUZ_V5 =   0.00000E+00   0.68702E-03
      R2_dxuW =  -0.00000E+00  -0.11566E-01
         GC_5 =   0.00000E+00   0.12177E+01
     GC_3005a =  -0.00000E+00  -0.00000E+00
    GC_3005h2 =  -0.00000E+00  -0.00000E+00
    GC_3005h3 =  -0.00000E+00  -0.20992E-02
    GC_3005h4 =  -0.00000E+00  -0.00000E+00
     GC_3007a =  -0.00000E+00  -0.00000E+00
    GC_3007h2 =  -0.00000E+00  -0.16312E-02
    GC_3007h3 =  -0.00000E+00  -0.00000E+00
        GC_22 =   0.00000E+00   0.28804E+00
        GC_23 =  -0.00000E+00  -0.27437E-01
        GC_24 =   0.00000E+00   0.82310E-01
        GC_47 =   0.00000E+00   0.46191E+00
    GC_3005h1 =   0.00000E+00   0.26266E+01
    GC_3007h1 =   0.00000E+00   0.33772E+01

 Collider parameters:
 --------------------

 Running at P P   machine @    13000.000000000000       GeV
 PDF set = nn23nlo
 alpha_s(Mz)= 0.1190 running at 2 loops.
 alpha_s(Mz)= 0.1190 running at 2 loops.
 Renormalization scale set on event-by-event basis
 Factorization   scale set on event-by-event basis


 ===============================================================
 INFO: MadFKS read these parameters from FKS_params.dat
 ===============================================================
  > IRPoleCheckThreshold      =    1.0000000000000001E-005
  > PrecisionVirtualAtRunTime =    1.0000000000000000E-003
  > NHelForMCoverHels         =            4
  > VirtualFraction           =    1.0000000000000000     
  > MinVirtualFraction        =    5.0000000000000001E-003
 ===============================================================
  Insert the number of points to test
 Insert the relative tolerance

  +----------------------------------------------------------------+
  |                                                                |
  |  Ninja - version 1.2.0                                         |
  |                                                                |
  |  Author: Tiziano Peraro                                        |
  |                                                                |
  |  Based on:                                                     |
  |                                                                |
  |      P. Mastrolia, E. Mirabella and T. Peraro,                 |
  |      "Integrand reduction of one-loop scattering amplitudes    |
  |      through Laurent series expansion,"                        |
  |      JHEP 1206 (2012) 095  [arXiv:1203.0291 [hep-ph]].         |
  |                                                                |
  |      T. Peraro,                                                |
  |      "Ninja: Automated Integrand Reduction via Laurent         |
  |      Expansion for One-Loop Amplitudes,"                       |
  |      Comput.Phys.Commun. 185 (2014) [arXiv:1403.1229 [hep-ph]] |
  |                                                                |
  +----------------------------------------------------------------+


  A negative number will mean use the default one:    1.0000000000000001E-005
Using random seed offsets:     1 ,     10 ,      0
  with seed                   35
 Ranmar initialization seeds       14387        9419
  ========================================================================================== 
 {                                                                                          }
 {       [32m                                                                            [0m       }
 {       [32m                               ,,                                           [0m       }
 {       [32m`7MMM.     ,MMF'             `7MM  `7MMF'                                   [0m       }
 {       [32m  MMMb    dPMM                 MM    MM                                     [0m       }
 {       [32m  M YM   ,M MM   ,6"Yb.   ,M""bMM    MM         ,pW"Wq.   ,pW"Wq.`7MMpdMAo. [0m       }
 {       [32m  M  Mb  M' MM  8)   MM ,AP    MM    MM        6W'   `Wb 6W'   `Wb MM   `Wb [0m       }
 {       [32m  M  YM.P'  MM   ,pm9MM 8MI    MM    MM      , 8M     M8 8M     M8 MM    M8 [0m       }
 {       [32m  M  `YM'   MM  8M   MM `Mb    MM    MM     ,M YA.   ,A9 YA.   ,A9 MM   ,AP [0m       }
 {       [32m.JML. `'  .JMML.`Moo9^Yo.`Wbmd"MML..JMMmmmmMMM  `Ybmd9'   `Ybmd9'  MMbmmd'  [0m       }
 {       [32m                                                                   MM       [0m       }
 {       [32m                                                                 .JMML.     [0m       }
 {       [32m[0mv2.6.6 (2018-06-28), Ref: arXiv:1103.0621v2, arXiv:1405.0301[32m                [0m       }
 {       [32m                                                                            [0m       }
 {                                                                                          }
  ========================================================================================== 
 ===============================================================
 INFO: MadLoop read these parameters from ./MadLoop5_resources/MadLoopParams.dat                                                                                                                                                                                                                                                                                                                                                                                                                                                                                          
 ===============================================================
  > MLReductionLib            = 6|7|1
  > CTModeRun                 =           -1
  > MLStabThres               =    1.0000000000000000E-003
  > NRotations_DP             =            0
  > NRotations_QP             =            0
  > CTStabThres               =    1.0000000000000000E-002
  > CTLoopLibrary             =            2
  > CTModeInit                =            1
  > CheckCycle                =            3
  > MaxAttempts               =           10
  > UseLoopFilter             =  F
  > HelicityFilterLevel       =            2
  > ImprovePSPoint            =            2
  > DoubleCheckHelicityFilter =  T
  > LoopInitStartOver         =  F
  > HelInitStartOver          =  F
  > ZeroThres                 =    1.0000000000000001E-009
  > OSThres                   =    1.0000000000000000E-008
  > WriteOutFilters           =  T
  > UseQPIntegrandForNinja    =  T
  > UseQPIntegrandForCutTools =  T
  > IREGIMODE                 =            2
  > IREGIRECY                 =  T
  > COLLIERMode               =            1
  > COLLIERRequiredAccuracy   =    1.0000000000000000E-008
  > COLLIERCanOutput          =  F
  > COLLIERComputeUVpoles     =  T
  > COLLIERComputeIRpoles     =  T
  > COLLIERGlobalCache        =           -1
  > COLLIERUseCacheForPoles   =  F
  > COLLIERUseInternalStabilityTest =  T
 ===============================================================
  
------------------------------------------------------------------------
|              You are using CutTools - Version 1.9.3                  |
|              Authors: G. Ossola, C. Papadopoulos, R. Pittau          |
|              Published in JHEP 0803:042,2008                         |
|              http://www.ugr.es/~pittau/CutTools                      |
|                                                                      |
|              Compiler with  34  significant digits detetected        |
 ---------------------------------------------------------------------- 
   
########################################################################
#                                                                      #
#                      You are using OneLOop-3.6                       #
#                                                                      #
# for the evaluation of 1-loop scalar 1-, 2-, 3- and 4-point functions #
#                                                                      #
# author: Andreas van Hameren <hamerenREMOVETHIS@ifj.edu.pl>           #
#   date: 18-02-2015                                                   #
#                                                                      #
# Please cite                                                          #
#    A. van Hameren,                                                   #
#      Comput.Phys.Commun. 182 (2011) 2427-2438, arXiv:1007.4716       #
#    A. van Hameren, C.G. Papadopoulos and R. Pittau,                  #
#      JHEP 0909:106,2009, arXiv:0903.4665                             #
# in publications with results obtained with the help of this program. #
#                                                                      #
########################################################################
########################################################################
#                                                                      #
#                      You are using OneLOop-3.6                       #
#                                                                      #
# for the evaluation of 1-loop scalar 1-, 2-, 3- and 4-point functions #
#                                                                      #
# author: Andreas van Hameren <hamerenREMOVETHIS@ifj.edu.pl>           #
#   date: 18-02-2015                                                   #
#                                                                      #
# Please cite                                                          #
#    A. van Hameren,                                                   #
#      Comput.Phys.Commun. 182 (2011) 2427-2438, arXiv:1007.4716       #
#    A. van Hameren, C.G. Papadopoulos and R. Pittau,                  #
#      JHEP 0909:106,2009, arXiv:0903.4665                             #
# in publications with results obtained with the help of this program. #
#                                                                      #
########################################################################
 PASSED   1.0000000000000001E-005
 MU_R    =    325.00000000000000     
 ALPHA_S =   0.11799999999999999     
 BORN                    3.9775091018908891E-016
 SINGLE POLE (MadFKS)   -2.2649783549198433E-018
 DOUBLE POLE (MadFKS)   -1.9919666053747986E-017
 SINGLE POLE (MadLoop)  -2.2649783549198221E-018
 DOUBLE POLE (MadLoop)  -1.9919666053747998E-017
 FINITE PART (MadLoop)   4.0901801566177403E-017
   325.00000000000000        0.0000000000000000        0.0000000000000000        325.00000000000000        0.0000000000000000     
   325.00000000000000        0.0000000000000000        0.0000000000000000       -325.00000000000000        0.0000000000000000     
   104.28002036771980       -37.480851924163709       -10.342191431715872       -53.808284761272382        80.419002445756163     
   222.99366198253685        28.311988173076912        219.39770953764102       -28.093587519331564        0.0000000000000000     
   167.30930665771822       -11.205248445942431       -163.50927272446006       -33.638731169133465        0.0000000000000000     
   155.41701099202515        20.374112197029270       -45.546245381465027        115.54060344973756        91.188000000000002     

 PASSED   1.0000000000000001E-005
 MU_R    =    325.00000000000000     
 ALPHA_S =   0.11799999999999999     
 BORN                    3.6862844828836432E-012
 SINGLE POLE (MadFKS)   -2.0991415355502497E-014
 DOUBLE POLE (MadFKS)   -1.8461191161887521E-013
 SINGLE POLE (MadLoop)  -2.0991415355502488E-014
 DOUBLE POLE (MadLoop)  -1.8461191161887557E-013
 FINITE PART (MadLoop)   3.7907060065232210E-013
   325.00000000000000        0.0000000000000000        0.0000000000000000        325.00000000000000        0.0000000000000000     
   325.00000000000000        0.0000000000000000        0.0000000000000000       -325.00000000000000        0.0000000000000000     
   241.27399216136169       -61.723315633010763       -116.48454302228181       -185.38475364297958        80.419002445756163     
   125.20697776893567        96.229095575651371        60.994039351552331        51.927599697118659        0.0000000000000000     
   103.32522146954256        6.2823752484610802        102.75184616081522       -8.8708096311276066        0.0000000000000000     
   180.19380860016011       -40.788155191101694       -47.261342490085731        142.32796357698851        91.188000000000002     

 PASSED   1.0000000000000001E-005
 MU_R    =    325.00000000000000     
 ALPHA_S =   0.11799999999999999     
 BORN                    8.2337574122828242E-016
 SINGLE POLE (MadFKS)   -4.6886837567802512E-018
 DOUBLE POLE (MadFKS)   -4.1235279120360703E-017
 SINGLE POLE (MadLoop)  -4.6886837567802080E-018
 DOUBLE POLE (MadLoop)  -4.1235279120360604E-017
 FINITE PART (MadLoop)   8.4669953781157133E-017
   325.00000000000000        0.0000000000000000        0.0000000000000000        325.00000000000000        0.0000000000000000     
   325.00000000000000        0.0000000000000000        0.0000000000000000       -325.00000000000000        0.0000000000000000     
   115.50850869213014       -31.407822783038604       -74.304657980462849       -19.166796715806360        80.419002445756163     
   161.22497058392435        137.84526207472865       -3.2243989782933231        83.557035099179032        0.0000000000000000     
   220.58610842490637       -66.232844955059946        190.45683392106943       -89.429502357811174        0.0000000000000000     
   152.68041229903915       -40.204594336630088       -112.92777696231336        25.039263974438455        91.188000000000002     

 PASSED   1.0000000000000001E-005
 MU_R    =    325.00000000000000     
 ALPHA_S =   0.11799999999999999     
 BORN                    9.7079711560244917E-016
 SINGLE POLE (MadFKS)   -5.5281695089342402E-018
 DOUBLE POLE (MadFKS)   -4.8618252914994943E-017
 SINGLE POLE (MadLoop)  -5.5281695089342440E-018
 DOUBLE POLE (MadLoop)  -4.8618252914995048E-017
 FINITE PART (MadLoop)   9.9829692318019138E-017
   325.00000000000000        0.0000000000000000        0.0000000000000000        325.00000000000000        0.0000000000000000     
   325.00000000000000        0.0000000000000000        0.0000000000000000       -325.00000000000000        0.0000000000000000     
   131.86092637610918       -46.313320207899679       -86.478244502393636       -36.009409180100718        80.419002445756163     
   182.85149275986606        124.43318277814657       -33.251451583775726       -129.78980081571714        0.0000000000000000     
   149.70984674486408       -117.08883529670049       -18.396505016221845        91.459343231957220        0.0000000000000000     
   185.57773411916060        38.968972726453600        138.12620110239121        74.339866763860641        91.188000000000002     

 PASSED   1.0000000000000001E-005
 MU_R    =    325.00000000000000     
 ALPHA_S =   0.11799999999999999     
 BORN                    1.8846899957595534E-015
 SINGLE POLE (MadFKS)   -1.0732299881098912E-017
 DOUBLE POLE (MadFKS)   -9.4386698731933847E-017
 SINGLE POLE (MadLoop)  -1.0732299881098926E-017
 DOUBLE POLE (MadLoop)  -9.4386698731933810E-017
 FINITE PART (MadLoop)   1.9380776824286834E-016
   325.00000000000000        0.0000000000000000        0.0000000000000000        325.00000000000000        0.0000000000000000     
   325.00000000000000        0.0000000000000000        0.0000000000000000       -325.00000000000000        0.0000000000000000     
   112.43081439790372        34.968262366568716       -26.457896416118661       -65.197181044137849        80.419002445756163     
   258.94471757825687       -187.24310596806225       -111.09428720724212        140.18004629415358        0.0000000000000000     
   101.89160609161894        89.610731153958611        41.969901027798812        24.296988737276891        0.0000000000000000     
   176.73286193222049        62.664112447534919        95.582282595561949       -99.279853987292654        91.188000000000002     

 PASSED   1.0000000000000001E-005
 MU_R    =    325.00000000000000     
 ALPHA_S =   0.11799999999999999     
 BORN                    2.8476190053476034E-015
 SINGLE POLE (MadFKS)   -1.6215664741293756E-017
 DOUBLE POLE (MadFKS)   -1.4261091095395384E-016
 SINGLE POLE (MadLoop)  -1.6215664741293435E-017
 DOUBLE POLE (MadLoop)  -1.4261091095395379E-016
 FINITE PART (MadLoop)   2.9282836194499845E-016
   325.00000000000000        0.0000000000000000        0.0000000000000000        325.00000000000000        0.0000000000000000     
   325.00000000000000        0.0000000000000000        0.0000000000000000       -325.00000000000000        0.0000000000000000     
   143.44383918146718        78.715813146064903        69.616754897550749       -55.373705339594352        80.419002445756163     
   109.73837137767434        93.083892533926999       -37.504965471323473       -44.399061570618109        0.0000000000000000     
   191.82483123652176       -173.87265302250225        47.467254379867704       -65.665258481738348        0.0000000000000000     
   204.99295820433682        2.0729473425103442       -79.579043806095001        165.43802539195084        91.188000000000002     

 PASSED   1.0000000000000001E-005
 MU_R    =    325.00000000000000     
 ALPHA_S =   0.11799999999999999     
 BORN                    3.5476914058236659E-013
 SINGLE POLE (MadFKS)   -2.0202202027157498E-015
 DOUBLE POLE (MadFKS)   -1.7767106562286311E-014
 SINGLE POLE (MadLoop)  -2.0202202027157324E-015
 DOUBLE POLE (MadLoop)  -1.7767106562286292E-014
 FINITE PART (MadLoop)   3.6481869979894975E-014
   325.00000000000000        0.0000000000000000        0.0000000000000000        325.00000000000000        0.0000000000000000     
   325.00000000000000        0.0000000000000000        0.0000000000000000       -325.00000000000000        0.0000000000000000     
   87.807427357500771       -7.1809633971751312        33.244283581854582       -9.2833032154456951        80.419002445756163     
   80.490756843365190       -16.567187755977145       -34.463496732319243       -70.827661404689650        0.0000000000000000     
   211.89216527925990        46.541526428644474       -186.28744962169046       -89.605592112719847        0.0000000000000000     
   269.80965051987408       -22.793375275492199        187.50666277215512        169.71655673285514        91.188000000000002     

 PASSED   1.0000000000000001E-005
 MU_R    =    325.00000000000000     
 ALPHA_S =   0.11799999999999999     
 BORN                    4.3018428327979792E-012
 SINGLE POLE (MadFKS)   -2.4496690398325828E-014
 DOUBLE POLE (MadFKS)   -2.1543953879152093E-013
 SINGLE POLE (MadLoop)  -2.4496690398325172E-014
 DOUBLE POLE (MadLoop)  -2.1543953879151502E-013
 FINITE PART (MadLoop)   4.4237013017099877E-013
   325.00000000000000        0.0000000000000000        0.0000000000000000        325.00000000000000        0.0000000000000000     
   325.00000000000000        0.0000000000000000        0.0000000000000000       -325.00000000000000        0.0000000000000000     
   267.05105620591394        28.344599586606488        191.04133605805185        165.97843913518741        80.419002445756163     
   159.42964113628474        67.124557497603419       -77.224898311787641       -122.26372861290270        0.0000000000000000     
   53.798145463647970       -43.618261379720309        18.367615747982207       -25.579648576020393        0.0000000000000000     
   169.72115719415334       -51.850895704489581       -132.18405349424640       -18.135061946264305        91.188000000000002     

 PASSED   1.0000000000000001E-005
 MU_R    =    325.00000000000000     
 ALPHA_S =   0.11799999999999999     
 BORN                    6.7818206661645505E-015
 SINGLE POLE (MadFKS)   -3.8618835613747176E-017
 DOUBLE POLE (MadFKS)   -3.3963870212687290E-016
 SINGLE POLE (MadLoop)  -3.8618835613746930E-017
 DOUBLE POLE (MadLoop)  -3.3963870212687276E-016
 FINITE PART (MadLoop)   6.9739295634293742E-016
   325.00000000000000        0.0000000000000000        0.0000000000000000        325.00000000000000        0.0000000000000000     
   325.00000000000000        0.0000000000000000        0.0000000000000000       -325.00000000000000        0.0000000000000000     
   183.05534197562508       -6.0752686964553408       -145.63302825807628       -76.132479679114212        80.419002445756163     
   127.06355087168944       -13.617390446804498        120.59096280773875       -37.650130499697717        0.0000000000000000     
   177.41274302996717        129.79553150666487       -52.010004358266194        109.19414286935294        0.0000000000000000     
   162.46836412271830       -110.10287236340504        77.052069808603775        4.5884673094590367        91.188000000000002     

 PASSED   1.0000000000000001E-005
 MU_R    =    325.00000000000000     
 ALPHA_S =   0.11799999999999999     
 BORN                    5.4009414589814014E-016
 SINGLE POLE (MadFKS)   -3.0755468277788571E-018
 DOUBLE POLE (MadFKS)   -2.7048322827873996E-017
 SINGLE POLE (MadLoop)  -3.0755468277788605E-018
 DOUBLE POLE (MadLoop)  -2.7048322827873941E-017
 FINITE PART (MadLoop)   5.5539341373418454E-017
   325.00000000000000        0.0000000000000000        0.0000000000000000        325.00000000000000        0.0000000000000000     
   325.00000000000000        0.0000000000000000        0.0000000000000000       -325.00000000000000        0.0000000000000000     
   112.61098680919322        46.394017934921344        25.122495328980108        58.570246064613080        80.419002445756163     
   172.53522459314740       -6.6033065625213583       -102.99939624887800       -138.26035021008667        0.0000000000000000     
   219.39792989469979       -21.167560363716856        181.68590896120145        121.15121342879753        0.0000000000000000     
   145.45585870295963       -18.623151008683124       -103.80900804130356       -41.461109283323893        91.188000000000002     

 PASSED   1.0000000000000001E-005
 MU_R    =    325.00000000000000     
 ALPHA_S =   0.11799999999999999     
 BORN                    3.3311389054453377E-015
 SINGLE POLE (MadFKS)   -1.8969051546552562E-017
 DOUBLE POLE (MadFKS)   -1.6682595281447319E-016
 SINGLE POLE (MadLoop)  -1.8969051546552839E-017
 DOUBLE POLE (MadLoop)  -1.6682595281447608E-016
 FINITE PART (MadLoop)   3.4255002065269554E-016
   325.00000000000000        0.0000000000000000        0.0000000000000000        325.00000000000000        0.0000000000000000     
   325.00000000000000        0.0000000000000000        0.0000000000000000       -325.00000000000000        0.0000000000000000     
   172.85112015151626       -126.77415186880853       -12.913310952805745        84.686802994585804        80.419002445756163     
   204.35793457857224        101.20110193782205        86.160769678604765       -155.23151793428099        0.0000000000000000     
   126.01163490912640       -52.402470621979759       -114.55342530718418       -3.2289248326455295        0.0000000000000000     
   146.77931036078508        77.975520552966302        41.305966581385221        73.773639772340672        91.188000000000002     

 PASSED   1.0000000000000001E-005
 MU_R    =    325.00000000000000     
 ALPHA_S =   0.11799999999999999     
 BORN                    1.7926514063351440E-014
 SINGLE POLE (MadFKS)   -1.0208189420196320E-016
 DOUBLE POLE (MadFKS)   -8.9777336645192983E-016
 SINGLE POLE (MadLoop)  -1.0208189420196212E-016
 DOUBLE POLE (MadLoop)  -8.9777336645193082E-016
 FINITE PART (MadLoop)   1.8434319123089293E-015
   325.00000000000000        0.0000000000000000        0.0000000000000000        325.00000000000000        0.0000000000000000     
   325.00000000000000        0.0000000000000000        0.0000000000000000       -325.00000000000000        0.0000000000000000     
   178.97494750630023       -150.54776984010101        47.451834491052118        25.465825730145760        80.419002445756163     
   96.162747339259553        65.917735233279743        30.504594138760815       -63.020598965568240        0.0000000000000000     
   161.31909934711982       -65.529129069580563       -128.05027748495814       -73.026786137508310        0.0000000000000000     
   213.54320580732045        150.15916367640185        50.093848855145232        110.58155937293080        91.188000000000002     

 PASSED   1.0000000000000001E-005
 MU_R    =    325.00000000000000     
 ALPHA_S =   0.11799999999999999     
 BORN                    2.2519940574050329E-014
 SINGLE POLE (MadFKS)   -1.2823899744203378E-016
 DOUBLE POLE (MadFKS)   -1.1278156361026925E-015
 SINGLE POLE (MadLoop)  -1.2823899744203359E-016
 DOUBLE POLE (MadLoop)  -1.1278156361026951E-015
 FINITE PART (MadLoop)   2.3157863804862850E-015
   325.00000000000000        0.0000000000000000        0.0000000000000000        325.00000000000000        0.0000000000000000     
   325.00000000000000        0.0000000000000000        0.0000000000000000       -325.00000000000000        0.0000000000000000     
   219.48237296607036       -56.996810267422447       -169.60359538600699       -98.444299682235354        80.419002445756163     
   146.99786787141622       -88.742756434041240        22.059436069464699        115.09334307216893        0.0000000000000000     
   95.534895625691789        50.094221591329173        27.940755168357786       -76.398949246652094        0.0000000000000000     
   187.98486353682154        95.645345110134514        119.60340414818452        59.749905856718549        91.188000000000002     

 PASSED   1.0000000000000001E-005
 MU_R    =    325.00000000000000     
 ALPHA_S =   0.11799999999999999     
 BORN                    4.0271043265320116E-015
 SINGLE POLE (MadFKS)   -2.2932201784938230E-017
 DOUBLE POLE (MadFKS)   -2.0168042685304181E-016
 SINGLE POLE (MadLoop)  -2.2932201784938174E-017
 DOUBLE POLE (MadLoop)  -2.0168042685304189E-016
 FINITE PART (MadLoop)   4.1411802671124359E-016
   325.00000000000000        0.0000000000000000        0.0000000000000000        325.00000000000000        0.0000000000000000     
   325.00000000000000        0.0000000000000000        0.0000000000000000       -325.00000000000000        0.0000000000000000     
   121.78626491093345        78.672559662217409       -23.681294811014379        40.180878522677880        80.419002445756163     
   206.25542050329153       -147.06820155195751        10.301685611892303       -144.24325929767443        0.0000000000000000     
   124.91353490449480       -76.420530899897983       -75.552481154371151        63.679794681928549        0.0000000000000000     
   197.04477968128023        144.81617278963813        88.932090353493223        40.382586093067999        91.188000000000002     

 PASSED   1.0000000000000001E-005
 MU_R    =    325.00000000000000     
 ALPHA_S =   0.11799999999999999     
 BORN                    3.9069175941811111E-013
 SINGLE POLE (MadFKS)   -2.2247802729273238E-015
 DOUBLE POLE (MadFKS)   -1.9566138450469623E-014
 SINGLE POLE (MadLoop)  -2.2247802729273214E-015
 DOUBLE POLE (MadLoop)  -1.9566138450469541E-014
 FINITE PART (MadLoop)   4.0175890005288499E-014
   325.00000000000000        0.0000000000000000        0.0000000000000000        325.00000000000000        0.0000000000000000     
   325.00000000000000        0.0000000000000000        0.0000000000000000       -325.00000000000000        0.0000000000000000     
   243.09037260538108        76.919459199504345       -197.14559479005803       -88.559158478287912        80.419002445756163     
   22.769669698284662       -1.1071792042125168        19.028967498517993        12.455135820981134        0.0000000000000000     
   206.41939319245012       -37.983464026639410        79.884287010366450        186.50663000365881        0.0000000000000000     
   177.72056450388411       -37.828815968652371        98.232340281173620       -110.40260734635201        91.188000000000002     

 PASSED   1.0000000000000001E-005
 MU_R    =    325.00000000000000     
 ALPHA_S =   0.11799999999999999     
 BORN                    4.7100036096715044E-014
 SINGLE POLE (MadFKS)   -2.6820947367358065E-016
 DOUBLE POLE (MadFKS)   -2.3588053883271201E-015
 SINGLE POLE (MadLoop)  -2.6820947367357660E-016
 DOUBLE POLE (MadLoop)  -2.3588053883271224E-015
 FINITE PART (MadLoop)   4.8434240647539805E-015
   325.00000000000000        0.0000000000000000        0.0000000000000000        325.00000000000000        0.0000000000000000     
   325.00000000000000        0.0000000000000000        0.0000000000000000       -325.00000000000000        0.0000000000000000     
   234.26882826521285       -156.86839214576833        134.27103545833202       -76.014896730404303        80.419002445756163     
   210.36980194418715        46.039938157125938       -154.74749398078580        134.86656654334752        0.0000000000000000     
   110.59582493882884        104.06666663711400        12.949441867865943       -35.126590273617715        0.0000000000000000     
   94.765544851771168        6.7617873515283549        7.5270166545878237       -23.725079539325499        91.188000000000002     

 PASSED   1.0000000000000001E-005
 MU_R    =    325.00000000000000     
 ALPHA_S =   0.11799999999999999     
 BORN                    9.4374106455249052E-014
 SINGLE POLE (MadFKS)   -5.3740997923655796E-016
 DOUBLE POLE (MadFKS)   -4.7263265439561834E-015
 SINGLE POLE (MadLoop)  -5.3740997923655244E-016
 DOUBLE POLE (MadLoop)  -4.7263265439561842E-015
 FINITE PART (MadLoop)   9.7047445432188601E-015
   325.00000000000000        0.0000000000000000        0.0000000000000000        325.00000000000000        0.0000000000000000     
   325.00000000000000        0.0000000000000000        0.0000000000000000       -325.00000000000000        0.0000000000000000     
   214.78840809252148       -45.112583762460105        64.165303877327588       -183.06969399972854        80.419002445756163     
   56.504295135047904       -47.225694518747602        17.462010272300525        25.642685958779783        0.0000000000000000     
   177.53856706666750        174.70337112822330        12.575023668679863        28.992131557579629        0.0000000000000000     
   201.16872970576313       -82.365092847015575       -94.202337818307953        128.43487648336907        91.188000000000002     

 PASSED   1.0000000000000001E-005
 MU_R    =    325.00000000000000     
 ALPHA_S =   0.11799999999999999     
 BORN                    2.6205616331141135E-016
 SINGLE POLE (MadFKS)   -1.4922694643024557E-018
 DOUBLE POLE (MadFKS)   -1.3123970622740150E-017
 SINGLE POLE (MadLoop)  -1.4922694643024451E-018
 DOUBLE POLE (MadLoop)  -1.3123970622740156E-017
 FINITE PART (MadLoop)   2.6947943842194013E-017
   325.00000000000000        0.0000000000000000        0.0000000000000000        325.00000000000000        0.0000000000000000     
   325.00000000000000        0.0000000000000000        0.0000000000000000       -325.00000000000000        0.0000000000000000     
   114.69626578111310        49.089773506607166        34.811707730528894        55.374692520279034        80.419002445756163     
   207.26860485178730        110.70006284981267       -18.559181238985325       -174.24502126027119        0.0000000000000000     
   222.13688041290865       -199.34995181974594        13.094521216678011        97.123240592300206        0.0000000000000000     
   105.89824895419098        39.560115463326092       -29.347047708221584        21.747088147691922        91.188000000000002     

 PASSED   1.0000000000000001E-005
 MU_R    =    325.00000000000000     
 ALPHA_S =   0.11799999999999999     
 BORN                    7.0464837667672040E-015
 SINGLE POLE (MadFKS)   -4.0125950189364563E-017
 DOUBLE POLE (MadFKS)   -3.5289323013850732E-016
 SINGLE POLE (MadLoop)  -4.0125950189363558E-017
 DOUBLE POLE (MadLoop)  -3.5289323013850520E-016
 FINITE PART (MadLoop)   7.2460897859563682E-016
   325.00000000000000        0.0000000000000000        0.0000000000000000        325.00000000000000        0.0000000000000000     
   325.00000000000000        0.0000000000000000        0.0000000000000000       -325.00000000000000        0.0000000000000000     
   124.66951504295973        12.247086502086372       -78.034653405476121       -53.252922612508854        80.419002445756163     
   216.61108613844036        213.65903566407445        33.570704038094696       -11.966074860171602        0.0000000000000000     
   27.129610070407466        25.549364096397902       -5.8307915415300240       -7.0176639162380789        0.0000000000000000     
   281.58978874819240       -251.45548626255868        50.294740908911308        72.236661388918563        91.188000000000002     

 PASSED   1.0000000000000001E-005
 MU_R    =    325.00000000000000     
 ALPHA_S =   0.11799999999999999     
 BORN                    5.8445261004743825E-014
 SINGLE POLE (MadFKS)   -3.3281445178957284E-016
 DOUBLE POLE (MadFKS)   -2.9269828222019060E-015
 SINGLE POLE (MadLoop)  -3.3281445178956623E-016
 DOUBLE POLE (MadLoop)  -2.9269828222018934E-015
 FINITE PART (MadLoop)   6.0100842181933177E-015
   325.00000000000000        0.0000000000000000        0.0000000000000000        325.00000000000000        0.0000000000000000     
   325.00000000000000        0.0000000000000000        0.0000000000000000       -325.00000000000000        0.0000000000000000     
   163.48215253163374       -140.90430395184498        17.189924148938040        10.472911610706243        80.419002445756163     
   83.882277931695370       -54.483934288171234       -27.949437467427597        57.328582755435143        0.0000000000000000     
   155.78848887770801        73.343548072511837       -106.17748932475997        87.276102018968473        0.0000000000000000     
   246.84708065896291        122.04469016750436        116.93700264324960       -155.07759638510987        91.188000000000002     

 NUMBER OF POINTS PASSING THE CHECK          20
 NUMBER OF POINTS FAILING THE CHECK           0
 TOLERANCE    1.0000000000000001E-005
