 Process in group number            1
 A PDF is used, so alpha_s(MZ) is going to be modified
 Old value of alpha_s from param_card:   0.11839999999999999     
  ****************************************
 
       NNPDFDriver version 1.0.3
   Grid: NNPDF23_lo_as_0130_qed_mem0.grid
  ****************************************
 New value of alpha_s from PDF nn23lo1:  0.13000000000000000     
 Define smin to   167.80611600000000     
 Define smin to   167.80611600000000     
 Warning: pt or E min of a jet should in general be >0
 Warning: pt or E min of a jet should in general be >0
 Warning: pt or E min of a jet should in general be >0
 Warning: pt or E min of a jet should in general be >0
 *****************************************************
 *               MadGraph/MadEvent                   *
 *        --------------------------------           *
 *          http://madgraph.hep.uiuc.edu             *
 *          http://madgraph.phys.ucl.ac.be           *
 *          http://madgraph.roma2.infn.it            *
 *        --------------------------------           *
 *                                                   *
 *          PARAMETER AND COUPLING VALUES            *
 *                                                   *
 *****************************************************

  External Params
  ---------------------------------
  
 mdl_cabi =   0.22773599999999999     
 aEWM1 =    127.90000000000001     
 mdl_Gf =    1.1663700000000000E-005
 aS =   0.11839999999999999     
 mdl_ymb =    4.7000000000000002     
 mdl_ymt =    172.00000000000000     
 mdl_ymtau =    1.7769999999999999     
 mdl_Lambda =    5000.0000000000000     
 mdl_ca =    1.0000000000000000     
 mdl_kSM =    5.0000000000000003E-002
 mdl_kHtt =    0.0000000000000000     
 mdl_kAtt =    0.0000000000000000     
 mdl_kHbb =    0.0000000000000000     
 mdl_kAbb =    0.0000000000000000     
 mdl_kHll =    0.0000000000000000     
 mdl_kAll =    0.0000000000000000     
 mdl_kHaa =    0.0000000000000000     
 mdl_kAaa =    0.0000000000000000     
 mdl_kHza =    0.0000000000000000     
 mdl_kAza =    0.0000000000000000     
 mdl_kHgg =    0.0000000000000000     
 mdl_kAgg =    0.0000000000000000     
 mdl_kHzz =  -0.52481000000000000     
 mdl_kAzz =    0.0000000000000000     
 mdl_kHww =  -0.52481000000000000     
 mdl_kAww =    0.0000000000000000     
 mdl_kHda =    0.0000000000000000     
 mdl_kHdz =  -0.26240500000000000     
 mdl_kHdwR =  -0.26240500000000000     
 mdl_kHdwI =    0.0000000000000000     
 mdl_kHHgg =    1.0000000000000000     
 mdl_kAAgg =    1.0000000000000000     
 mdl_kqa =    1.0000000000000000     
 mdl_kqb =    1.0000000000000000     
 mdl_kla =    1.0000000000000000     
 mdl_klb =    1.0000000000000000     
 mdl_kw1 =    1.0000000000000000     
 mdl_kw2 =    1.0000000000000000     
 mdl_kw3 =    0.0000000000000000     
 mdl_kw4 =    0.0000000000000000     
 mdl_kw5 =    0.0000000000000000     
 mdl_kz1 =    0.0000000000000000     
 mdl_kz3 =    1.0000000000000000     
 mdl_kz5 =    0.0000000000000000     
 mdl_kq =    1.0000000000000000     
 mdl_kq3 =    1.0000000000000000     
 mdl_kl =    1.0000000000000000     
 mdl_kg =    1.0000000000000000     
 mdl_ka =    1.0000000000000000     
 mdl_kz =    1.0000000000000000     
 mdl_kw =    1.0000000000000000     
 mdl_kza =    0.0000000000000000     
 mdl_MZ =    91.187600000000003     
 mdl_MTA =    1.7769999999999999     
 mdl_MT =    172.00000000000000     
 mdl_MB =    4.7000000000000002     
 mdl_MX0 =    600.00000000000000     
 mdl_MX1 =    125.00000000000000     
 mdl_MX2 =    125.00000000000000     
 mdl_WZ =    2.4952000000000001     
 mdl_WW =    2.0850000000000000     
 mdl_WT =    1.5083359999999999     
 mdl_WX0 =   0.15059000000000000     
 mdl_WX1 =    4.0699999999999998E-003
 mdl_WX2 =    4.0699999999999998E-003
  Internal Params
  ---------------------------------
  
 mdl_cos__cabi =   0.97418004031982097     
 mdl_CKM1x1 =  ( 0.97418004031982097     ,  0.0000000000000000     )
 mdl_sin__cabi =   0.22577256042856930     
 mdl_CKM1x2 =  ( 0.22577256042856930     ,  0.0000000000000000     )
 mdl_CKM2x1 =  (-0.22577256042856930     ,  0.0000000000000000     )
 mdl_CKM2x2 =  ( 0.97418004031982097     ,  0.0000000000000000     )
 mdl_ca__exp__2 =    1.0000000000000000     
 mdl_sa =    0.0000000000000000     
 mdl_complexi =  (  0.0000000000000000     ,  1.0000000000000000     )
 mdl_kHdw =  (-0.26240500000000000     ,  0.0000000000000000     )
 mdl_MZ__exp__2 =    8315.1783937600012     
 mdl_MZ__exp__4 =    69142191.720053151     
 mdl_sqrt__2 =    1.4142135623730951     
 mdl_nb__2__exp__0_75 =    1.6817928305074290     
 mdl_MX0__exp__2 =    360000.00000000000     
 mdl_ca__exp__4 =    1.0000000000000000     
 mdl_ca__exp__3 =    1.0000000000000000     
 mdl_conjg__CKM1x1 =  ( 0.97418004031982097     , -0.0000000000000000     )
 mdl_conjg__CKM1x2 =  ( 0.22577256042856930     , -0.0000000000000000     )
 mdl_conjg__CKM2x1 =  (-0.22577256042856930     , -0.0000000000000000     )
 mdl_conjg__CKM2x2 =  ( 0.97418004031982097     , -0.0000000000000000     )
 mdl_conjg__kHdw =  (-0.26240500000000000     , -0.0000000000000000     )
 mdl_aEW =    7.8186082877247844E-003
 mdl_MW =    79.824359746197842     
 mdl_sqrt__aEW =    8.8422894590285753E-002
 mdl_ee =   0.31345100004952897     
 mdl_MW__exp__2 =    6371.9284088904105     
 mdl_sw2 =   0.23369913342182447     
 mdl_cw =   0.87538612427783857     
 mdl_sqrt__sw2 =   0.48342438232036300     
 mdl_sw =   0.48342438232036300     
 mdl_ad =  -0.12747442148678401     
 mdl_al =   -1.2074027013887732E-002
 mdl_an =   0.18517461872323218     
 mdl_au =    6.9774224250335873E-002
 mdl_bd =  -0.18517461872323218     
 mdl_bl =  -0.18517461872323218     
 mdl_bn =   0.18517461872323218     
 mdl_bu =   0.18517461872323218     
 mdl_gwwz =  -0.56759788318358417     
 mdl_g1 =   0.35807170271074895     
 mdl_gw =   0.64839716719502682     
 mdl_vev =    246.22056907348590     
 mdl_ee__exp__2 =    9.8251529432049817E-002
 mdl_gAaa =    1.3477023594718659E-005
 mdl_vev__exp__2 =    60624.568634871241     
 mdl_cw__exp__2 =   0.76630086657817542     
 mdl_gAza =    4.4999802188047602E-006
 mdl_gHaa =    2.6392504539657372E-005
 mdl_gHza =    3.9166441035016922E-005
 mdl_lam =    2.9690932909411916     
 mdl_yb =    2.6995322804122722E-002
 mdl_yt =   0.98791394091683138     
 mdl_ytau =    1.0206529494239589E-002
 mdl_muH =    424.26406871192853     
 mdl_sw__exp__2 =   0.23369913342182450     
  Internal Params evaluated point by point
  ----------------------------------------
  
 mdl_sqrt__aS =   0.34409301068170506     
 mdl_G__exp__2 =    1.4878582807401259     
 mdl_gAAgg =    3.1083017473614446E-007
 mdl_gAgg =    7.6532782508744533E-005
 mdl_gHgg =   -5.1021855005829691E-005
 mdl_gHHgg =    2.0722011649076294E-007
  Couplings of HC_UFO
  ---------------------------------
  
        GC_10 =  -0.00000E+00   0.00000E+00
        GC_13 =  -0.00000E+00  -0.20722E-06
        GC_62 =   0.00000E+00   0.00000E+00
        GC_64 =   0.00000E+00   0.00000E+00
         GC_1 =  -0.00000E+00  -0.10448E+00
         GC_2 =   0.00000E+00   0.20897E+00
         GC_3 =  -0.00000E+00  -0.31345E+00
         GC_9 =  -0.00000E+00  -0.00000E+00
        GC_16 =  -0.00000E+00  -0.00000E+00
        GC_17 =   0.00000E+00  -0.12074E-01
        GC_19 =  -0.00000E+00   0.18517E+00
        GC_21 =   0.00000E+00  -0.12747E+00
        GC_22 =   0.00000E+00   0.69774E-01
        GC_23 =  -0.00000E+00   0.18517E+00
        GC_24 =  -0.00000E+00  -0.18517E+00
        GC_61 =   0.00000E+00   0.00000E+00
        GC_66 =   0.00000E+00   0.00000E+00
        GC_77 =  -0.00000E+00  -0.28380E+00
        GC_78 =   0.00000E+00   0.28380E+00
        GC_89 =  -0.00000E+00  -0.28850E-01
        GC_90 =   0.00000E+00   0.86550E-01
        GC_98 =  -0.00000E+00  -0.21932E+03
       GC_100 =   0.00000E+00   0.33771E+01
       GC_101 =  -0.00000E+00  -0.00000E+00
       GC_102 =   0.00000E+00   0.00000E+00
       GC_105 =  -0.00000E+00  -0.00000E+00
       GC_106 =   0.00000E+00   0.00000E+00
        GC_35 =  -0.00000E+00  -0.20000E-03
        GC_38 =  -0.00000E+00  -0.00000E+00
        GC_40 =   0.00000E+00   0.52481E-04
        GC_42 =   0.00000E+00   0.10496E-03
        GC_43 =   0.00000E+00   0.50000E-04
        GC_45 =   0.00000E+00   0.50000E-04
        GC_49 =   0.00000E+00   0.50000E-04
        GC_56 =  -0.00000E+00  -0.94000E-03
        GC_58 =  -0.00000E+00  -0.35540E-03
        GC_68 =   0.00000E+00   0.00000E+00

 Collider parameters:
 --------------------

 Running at P P   machine @    13000.000000000000       GeV
 PDF set = nn23lo1
 alpha_s(Mz)= 0.1300 running at 2 loops.
 alpha_s(Mz)= 0.1300 running at 2 loops.
 Renormalization scale set on event-by-event basis
 Factorization   scale set on event-by-event basis


 getting user params
Enter number of events and max and min iterations: 
 Number of events and iterations         1000           5           3
Enter desired fractional accuracy: 
 Desired fractional accuracy:   0.10000000000000001     
Enter 0 for fixed, 2 for adjustable grid: 
Suppress amplitude (0 no, 1 yes)? 
 Using suppressed amplitude.
Exact helicity sum (0 yes, n = number/event)? 
 Explicitly summing over helicities
Enter Configuration Number: 
Running Configuration Number:   37
 Using dconfig=          22
 BW Setting            1           1           2           0           0           0
 Attempting mappinvarients           1           8
 Completed mapping           8
 about to integrate           16        1000           5           3          16           1
 Using non-zero grid deformation.
 16 dimensions   1000 events 16 invarients  5 iterations  1 config(s),  (0.99)
 Using h-tuple random number sequence.
 Error opening grid
 Using Uniform Grid!          32
 Using uniform alpha   1.0000000000000000     
 Grid defined OK
 Set CM energy to      13000.00
 Mapping Graph          37  to config          37
Setting grid   1    0.52284E-06   1
Setting grid   2    0.74739E-07   1
 Setting BW          -3           1   600.00000000000000     
 Setting BW          -4           2   91.187600000000003     
Setting grid   5    0.25116E-02   1
 Transforming s_hat 1/s           15   2.5115575576956360E-003   167.80611600000000        168999999.99999997     
  37   1   2   3   4   5   6   7   8   9  10  11  12  13  14
  15  16
 Masses: 0.470E+01 0.470E+01 0.000E+00 0.000E+00 0.178E+01 0.178E+01 0.470E+01 0.470E+01
Using random seed offsets    37 :     15
  with seed                   24
 Ranmar initialization seeds       31095        9412
 
 ********************************************
 * You are using the DiscreteSampler module *
 *      part of the MG5_aMC framework       *
 *         Author: Valentin Hirschi         *
 ********************************************
 
  Particle       3       4       5       6       7       8
      Et >     0.0     0.0     0.0     0.0     0.0     0.0
       E >     0.0     0.0     0.0     0.0     0.0     0.0
     Eta <    -1.0    -1.0    -1.0    -1.0    -1.0    -1.0
   xqcut:      0.0     0.0     0.0     0.0     0.0     0.0
d R # 3  >    -0.0     0.0     0.0     0.0     0.0     0.0
d R # 4  >    -0.0    -0.0     0.0     0.0     0.0     0.0
d R # 5  >    -0.0    -0.0    -0.0     0.0     0.0     0.0
d R # 6  >    -0.0    -0.0    -0.0    -0.0     0.0     0.0
d R # 7  >    -0.0    -0.0    -0.0    -0.0    -0.0     0.0
s min # 3>     0.0     0.0     3.2     3.2    22.1     0.0
s min # 4>     0.0     0.0     3.2     3.2    22.1     0.0
s min # 5>     0.0     0.0     0.0    12.6    42.0     0.0
s min # 6>     0.0     0.0     0.0     0.0    42.0     0.0
s min # 7>     0.0     0.0     0.0     0.0     0.0     0.0
xqcutij # 3>     0.0     0.0     0.0     0.0     0.0     0.0
xqcutij # 4>     0.0     0.0     0.0     0.0     0.0     0.0
xqcutij # 5>     0.0     0.0     0.0     0.0     0.0     0.0
xqcutij # 6>     0.0     0.0     0.0     0.0     0.0     0.0
xqcutij # 7>     0.0     0.0     0.0     0.0     0.0     0.0
 Requiring BW           -3           1
 Requiring BW           -4           2
 Excluding BW           -5           3
 alpha_s for scale    294.20999860763834       is   0.10881713007237273     
 Added good helicity            1   3.7178814110998988       in event            1 local:           1
 Added good helicity            2  0.43488187628101521       in event            1 local:           1
 Added good helicity            3  0.39615379593923600       in event            1 local:           1
 Added good helicity            4   9.8411023397356176E-002  in event            1 local:           1
 Added good helicity            5   7.1897921628374048E-007  in event            1 local:           1
 Added good helicity            6   9.7574842502262488E-008  in event            1 local:           1
 Added good helicity            7   1.3624227981874323E-007  in event            1 local:           1
 Added good helicity            8   1.9444251321146337E-006  in event            1 local:           1
 Added good helicity            9   9.9230898464812509E-004  in event            1 local:           1
 Added good helicity           10   1.3149622668900193E-007  in event            1 local:           1
 Added good helicity           11   2.4978940229196118E-006  in event            1 local:           1
 Added good helicity           12   1.1768910683281337E-006  in event            1 local:           1
 Added good helicity           13   2.5490938938968584       in event            1 local:           1
 Added good helicity           14  0.33438310795043119       in event            1 local:           1
 Added good helicity           15  0.30191107949811868       in event            1 local:           1
 Added good helicity           16   8.5751250572876928E-002  in event            1 local:           1
 Added good helicity           49  0.64532947235233418       in event            1 local:           1
 Added good helicity           50   7.5484411879881697E-002  in event            1 local:           1
 Added good helicity           51   6.8762204017747255E-002  in event            1 local:           1
 Added good helicity           52   1.7081645910777196E-002  in event            1 local:           1
 Added good helicity           53   1.2479647061669415E-007  in event            1 local:           1
 Added good helicity           54   1.6936506215301435E-008  in event            1 local:           1
 Added good helicity           55   2.3648187993575088E-008  in event            1 local:           1
 Added good helicity           56   3.3750265427775850E-007  in event            1 local:           1
 Added good helicity           57   1.7223955330086994E-004  in event            1 local:           1
 Added good helicity           58   2.2824394111169891E-008  in event            1 local:           1
 Added good helicity           59   4.3357074999492194E-007  in event            1 local:           1
 Added good helicity           60   2.0427829942958925E-007  in event            1 local:           1
 Added good helicity           61  0.44245774289997075       in event            1 local:           1
 Added good helicity           62   5.8040386649488823E-002  in event            1 local:           1
 Added good helicity           63   5.2404069976025758E-002  in event            1 local:           1
 Added good helicity           64   1.4884231950092305E-002  in event            1 local:           1
 Added good helicity           65  0.47687099644327108       in event            1 local:           1
 Added good helicity           66   5.5779765610085616E-002  in event            1 local:           1
 Added good helicity           67   5.0812340288831061E-002  in event            1 local:           1
 Added good helicity           68   1.2622608846099722E-002  in event            1 local:           1
 Added good helicity           69   9.2219276889145608E-008  in event            1 local:           1
 Added good helicity           70   1.2515356792427507E-008  in event            1 local:           1
 Added good helicity           71   1.7475003785999261E-008  in event            1 local:           1
 Added good helicity           72   2.4940008777378624E-007  in event            1 local:           1
 Added good helicity           73   1.2727769446222562E-004  in event            1 local:           1
 Added good helicity           74   1.6866255191061459E-008  in event            1 local:           1
 Added good helicity           75   3.2039031911105721E-007  in event            1 local:           1
 Added good helicity           76   1.5095296336867010E-007  in event            1 local:           1
 Added good helicity           77  0.32695742838404090       in event            1 local:           1
 Added good helicity           78   4.2889373879987709E-002  in event            1 local:           1
 Added good helicity           79   3.8724375900666061E-002  in event            1 local:           1
 Added good helicity           80   1.0998813513755075E-002  in event            1 local:           1
 Added good helicity          113   9.7703338839659953E-002  in event            1 local:           1
 Added good helicity          114   1.1428393381955927E-002  in event            1 local:           1
 Added good helicity          115   1.0410646354053008E-002  in event            1 local:           1
 Added good helicity          116   2.5861732802566874E-003  in event            1 local:           1
 Added good helicity          117   1.8894273974828465E-008  in event            1 local:           1
 Added good helicity          120   5.1098140721799864E-008  in event            1 local:           1
 Added good helicity          121   2.6077190270582701E-005  in event            1 local:           1
 Added good helicity          123   6.5642918404617774E-008  in event            1 local:           1
 Added good helicity          124   3.0927879109574778E-008  in event            1 local:           1
 Added good helicity          125   6.6988415420122974E-002  in event            1 local:           1
 Added good helicity          126   8.7873556162390686E-003  in event            1 local:           1
 Added good helicity          127   7.9340132828296887E-003  in event            1 local:           1
 Added good helicity          128   2.2534832514111208E-003  in event            1 local:           1
 Added good helicity          129  0.29299646084621411       in event            1 local:           1
 Added good helicity          130   3.4271897499496273E-002  in event            1 local:           1
 Added good helicity          131   3.1219839291929036E-002  in event            1 local:           1
 Added good helicity          132   7.7555140617432917E-003  in event            1 local:           1
 Added good helicity          133   5.6660862060901202E-008  in event            1 local:           1
 Added good helicity          135   1.0736895933617679E-008  in event            1 local:           1
 Added good helicity          136   1.5323503336849991E-007  in event            1 local:           1
 Added good helicity          137   7.8201262606110501E-005  in event            1 local:           1
 Added good helicity          138   1.0362871962371407E-008  in event            1 local:           1
 Added good helicity          139   1.9685246175397462E-007  in event            1 local:           1
 Added good helicity          140   9.2747691411612149E-008  in event            1 local:           1
 Added good helicity          141  0.20088738899703582       in event            1 local:           1
 Added good helicity          142   2.6351853747602263E-002  in event            1 local:           1
 Added good helicity          143   2.3792818544214639E-002  in event            1 local:           1
 Added good helicity          144   6.7578306440809303E-003  in event            1 local:           1
 Added good helicity          177   6.0030349311219304E-002  in event            1 local:           1
 Added good helicity          178   7.0217707494184189E-003  in event            1 local:           1
 Added good helicity          179   6.3964522053333419E-003  in event            1 local:           1
 Added good helicity          180   1.5889823954525074E-003  in event            1 local:           1
 Added good helicity          181   1.1608916134915399E-008  in event            1 local:           1
 Added good helicity          184   3.1395439225648454E-008  in event            1 local:           1
 Added good helicity          185   1.6022204149719072E-005  in event            1 local:           1
 Added good helicity          187   4.0331961716312435E-008  in event            1 local:           1
 Added good helicity          188   1.9002537768435965E-008  in event            1 local:           1
 Added good helicity          189   4.1158654609280289E-002  in event            1 local:           1
 Added good helicity          190   5.3990788178736072E-003  in event            1 local:           1
 Added good helicity          191   4.8747729040226661E-003  in event            1 local:           1
 Added good helicity          192   1.3845728135370504E-003  in event            1 local:           1
 Added good helicity          193   92.516813736259195       in event            1 local:           1
 Added good helicity          194   10.821723744346853       in event            1 local:           1
 Added good helicity          195   9.8580032274293199       in event            1 local:           1
 Added good helicity          196   2.4488877708862478       in event            1 local:           1
 Added good helicity          197   1.7891282393938900E-005  in event            1 local:           1
 Added good helicity          198   2.4280800087316370E-006  in event            1 local:           1
 Added good helicity          199   3.3902914674368247E-006  in event            1 local:           1
 Added good helicity          200   4.8385625543320192E-005  in event            1 local:           1
 Added good helicity          201   2.4692897742089947E-002  in event            1 local:           1
 Added good helicity          202   3.2721893375314043E-006  in event            1 local:           1
 Added good helicity          203   6.2158302134494530E-005  in event            1 local:           1
 Added good helicity          204   2.9286090576022205E-005  in event            1 local:           1
 Added good helicity          205   63.432374220920131       in event            1 local:           1
 Added good helicity          206   8.3208839374059842       in event            1 local:           1
 Added good helicity          207   7.5128407870806697       in event            1 local:           1
 Added good helicity          208   2.1338583993605922       in event            1 local:           1
 Added good helicity          241   22.374415173550883       in event            1 local:           1
 Added good helicity          242   2.6171430918463989       in event            1 local:           1
 Added good helicity          243   2.3840753705751978       in event            1 local:           1
 Added good helicity          244  0.59224296088967265       in event            1 local:           1
 Added good helicity          245   4.3268565366983006E-006  in event            1 local:           1
 Added good helicity          246   5.8721077819251660E-007  in event            1 local:           1
 Added good helicity          247   8.1991354639626243E-007  in event            1 local:           1
 Added good helicity          248   1.1701657575718310E-005  in event            1 local:           1
 Added good helicity          249   5.9717701421771697E-003  in event            1 local:           1
 Added good helicity          250   7.9135153717145812E-007  in event            1 local:           1
 Added good helicity          251   1.5032463854676980E-005  in event            1 local:           1
 Added good helicity          252   7.0825952915554136E-006  in event            1 local:           1
 Added good helicity          253   15.340587499142124       in event            1 local:           1
 Added good helicity          254   2.0123359669215151       in event            1 local:           1
 Added good helicity          255   1.8169175106065090       in event            1 local:           1
 Added good helicity          256  0.51605575052517139       in event            1 local:           1
 Added good helicity            1   3.7178814110999094       in event            1 local:           1
 Added good helicity            2  0.43488187628101327       in event            1 local:           1
 Added good helicity            3  0.39615379593923539       in event            1 local:           1
 Added good helicity            4   9.8411023397355468E-002  in event            1 local:           1
 Added good helicity            5   7.1897921628371116E-007  in event            1 local:           1
 Added good helicity            6   9.7574842502263176E-008  in event            1 local:           1
 Added good helicity            7   1.3624227981874384E-007  in event            1 local:           1
 Added good helicity            8   1.9444251321146248E-006  in event            1 local:           1
 Added good helicity            9   9.9230898464811815E-004  in event            1 local:           1
 Added good helicity           10   1.3149622668900392E-007  in event            1 local:           1
 Added good helicity           11   2.4978940229196025E-006  in event            1 local:           1
 Added good helicity           12   1.1768910683281267E-006  in event            1 local:           1
 Added good helicity           13   2.5490938938968521       in event            1 local:           1
 Added good helicity           14  0.33438310795043030       in event            1 local:           1
 Added good helicity           15  0.30191107949811691       in event            1 local:           1
 Added good helicity           16   8.5751250572877094E-002  in event            1 local:           1
 Added good helicity           49  0.64532947235233784       in event            1 local:           1
 Added good helicity           50   7.5484411879881516E-002  in event            1 local:           1
 Added good helicity           51   6.8762204017747311E-002  in event            1 local:           1
 Added good helicity           52   1.7081645910777078E-002  in event            1 local:           1
 Added good helicity           53   1.2479647061668899E-007  in event            1 local:           1
 Added good helicity           54   1.6936506215301613E-008  in event            1 local:           1
 Added good helicity           55   2.3648187993575240E-008  in event            1 local:           1
 Added good helicity           56   3.3750265427775755E-007  in event            1 local:           1
 Added good helicity           57   1.7223955330086905E-004  in event            1 local:           1
 Added good helicity           58   2.2824394111170295E-008  in event            1 local:           1
 Added good helicity           59   4.3357074999492120E-007  in event            1 local:           1
 Added good helicity           60   2.0427829942958851E-007  in event            1 local:           1
 Added good helicity           61  0.44245774289996925       in event            1 local:           1
 Added good helicity           62   5.8040386649488768E-002  in event            1 local:           1
 Added good helicity           63   5.2404069976025557E-002  in event            1 local:           1
 Added good helicity           64   1.4884231950092381E-002  in event            1 local:           1
 Added good helicity           65  0.47687099644327369       in event            1 local:           1
 Added good helicity           66   5.5779765610085574E-002  in event            1 local:           1
 Added good helicity           67   5.0812340288831144E-002  in event            1 local:           1
 Added good helicity           68   1.2622608846099653E-002  in event            1 local:           1
 Added good helicity           69   9.2219276889142193E-008  in event            1 local:           1
 Added good helicity           70   1.2515356792427639E-008  in event            1 local:           1
 Added good helicity           71   1.7475003785999383E-008  in event            1 local:           1
 Added good helicity           72   2.4940008777378598E-007  in event            1 local:           1
 Added good helicity           73   1.2727769446222521E-004  in event            1 local:           1
 Added good helicity           74   1.6866255191061757E-008  in event            1 local:           1
 Added good helicity           75   3.2039031911105742E-007  in event            1 local:           1
 Added good helicity           76   1.5095296336866957E-007  in event            1 local:           1
 Added good helicity           77  0.32695742838404040       in event            1 local:           1
 Added good helicity           78   4.2889373879987668E-002  in event            1 local:           1
 Added good helicity           79   3.8724375900665971E-002  in event            1 local:           1
 Added good helicity           80   1.0998813513755135E-002  in event            1 local:           1
 Added good helicity          113   9.7703338839660731E-002  in event            1 local:           1
 Added good helicity          114   1.1428393381955938E-002  in event            1 local:           1
 Added good helicity          115   1.0410646354053046E-002  in event            1 local:           1
 Added good helicity          116   2.5861732802566809E-003  in event            1 local:           1
 Added good helicity          117   1.8894273974827804E-008  in event            1 local:           1
 Added good helicity          120   5.1098140721799864E-008  in event            1 local:           1
 Added good helicity          121   2.6077190270582667E-005  in event            1 local:           1
 Added good helicity          123   6.5642918404617893E-008  in event            1 local:           1
 Added good helicity          124   3.0927879109574732E-008  in event            1 local:           1
 Added good helicity          125   6.6988415420123043E-002  in event            1 local:           1
 Added good helicity          126   8.7873556162390912E-003  in event            1 local:           1
 Added good helicity          127   7.9340132828296800E-003  in event            1 local:           1
 Added good helicity          128   2.2534832514111368E-003  in event            1 local:           1
 Added good helicity          129  0.29299646084621567       in event            1 local:           1
 Added good helicity          130   3.4271897499496252E-002  in event            1 local:           1
 Added good helicity          131   3.1219839291929074E-002  in event            1 local:           1
 Added good helicity          132   7.7555140617432588E-003  in event            1 local:           1
 Added good helicity          133   5.6660862060899256E-008  in event            1 local:           1
 Added good helicity          135   1.0736895933617769E-008  in event            1 local:           1
 Added good helicity          136   1.5323503336849980E-007  in event            1 local:           1
 Added good helicity          137   7.8201262606110298E-005  in event            1 local:           1
 Added good helicity          138   1.0362871962371596E-008  in event            1 local:           1
 Added good helicity          139   1.9685246175397484E-007  in event            1 local:           1
 Added good helicity          140   9.2747691411611844E-008  in event            1 local:           1
 Added good helicity          141  0.20088738899703554       in event            1 local:           1
 Added good helicity          142   2.6351853747602266E-002  in event            1 local:           1
 Added good helicity          143   2.3792818544214594E-002  in event            1 local:           1
 Added good helicity          144   6.7578306440809754E-003  in event            1 local:           1
 Added good helicity          177   6.0030349311219658E-002  in event            1 local:           1
 Added good helicity          178   7.0217707494184137E-003  in event            1 local:           1
 Added good helicity          179   6.3964522053333531E-003  in event            1 local:           1
 Added good helicity          180   1.5889823954524989E-003  in event            1 local:           1
 Added good helicity          181   1.1608916134914954E-008  in event            1 local:           1
 Added good helicity          184   3.1395439225648421E-008  in event            1 local:           1
 Added good helicity          185   1.6022204149719018E-005  in event            1 local:           1
 Added good helicity          187   4.0331961716312494E-008  in event            1 local:           1
 Added good helicity          188   1.9002537768435913E-008  in event            1 local:           1
 Added good helicity          189   4.1158654609280337E-002  in event            1 local:           1
 Added good helicity          190   5.3990788178736107E-003  in event            1 local:           1
 Added good helicity          191   4.8747729040226539E-003  in event            1 local:           1
 Added good helicity          192   1.3845728135370588E-003  in event            1 local:           1
 Added good helicity          193   92.516813736259465       in event            1 local:           1
 Added good helicity          194   10.821723744346823       in event            1 local:           1
 Added good helicity          195   9.8580032274293146       in event            1 local:           1
 Added good helicity          196   2.4488877708862296       in event            1 local:           1
 Added good helicity          197   1.7891282393938276E-005  in event            1 local:           1
 Added good helicity          198   2.4280800087316594E-006  in event            1 local:           1
 Added good helicity          199   3.3902914674368420E-006  in event            1 local:           1
 Added good helicity          200   4.8385625543320016E-005  in event            1 local:           1
 Added good helicity          201   2.4692897742089829E-002  in event            1 local:           1
 Added good helicity          202   3.2721893375314581E-006  in event            1 local:           1
 Added good helicity          203   6.2158302134494490E-005  in event            1 local:           1
 Added good helicity          204   2.9286090576022093E-005  in event            1 local:           1
 Added good helicity          205   63.432374220919932       in event            1 local:           1
 Added good helicity          206   8.3208839374059753       in event            1 local:           1
 Added good helicity          207   7.5128407870806324       in event            1 local:           1
 Added good helicity          208   2.1338583993605975       in event            1 local:           1
 Added good helicity          241   22.374415173550961       in event            1 local:           1
 Added good helicity          242   2.6171430918463869       in event            1 local:           1
 Added good helicity          243   2.3840753705751960       in event            1 local:           1
 Added good helicity          244  0.59224296088966732       in event            1 local:           1
 Added good helicity          245   4.3268565366981228E-006  in event            1 local:           1
 Added good helicity          246   5.8721077819252116E-007  in event            1 local:           1
 Added good helicity          247   8.1991354639626625E-007  in event            1 local:           1
 Added good helicity          248   1.1701657575718251E-005  in event            1 local:           1
 Added good helicity          249   5.9717701421771324E-003  in event            1 local:           1
 Added good helicity          250   7.9135153717147051E-007  in event            1 local:           1
 Added good helicity          251   1.5032463854676931E-005  in event            1 local:           1
 Added good helicity          252   7.0825952915553704E-006  in event            1 local:           1
 Added good helicity          253   15.340587499142073       in event            1 local:           1
 Added good helicity          254   2.0123359669215088       in event            1 local:           1
 Added good helicity          255   1.8169175106064976       in event            1 local:           1
 Added good helicity          256  0.51605575052517205       in event            1 local:           1
 Added good helicity          118   2.4649021211382927E-007  in event            3 local:           2
 Added good helicity          134   1.1661023578058681E-006  in event            3 local:           2
 Added good helicity          182   2.3891596393194942E-007  in event            3 local:           2
 Added good helicity          118   2.4649021211382991E-007  in event            3 local:           2
 Added good helicity          134   1.1661023578058724E-006  in event            3 local:           2
 Added good helicity          182   2.3891596393194990E-007  in event            3 local:           2
 Added good helicity          119   7.2822869611978582E-008  in event            5 local:           3
 Added good helicity          122   5.7486380665742578E-007  in event            5 local:           3
 Added good helicity          183   9.6914220135492205E-008  in event            5 local:           3
 Added good helicity          186   7.6504095215111765E-007  in event            5 local:           3
 Added good helicity          119   7.2822869611980779E-008  in event            5 local:           3
 Added good helicity          122   5.7486380665744272E-007  in event            5 local:           3
 Added good helicity          183   9.6914220135493158E-008  in event            5 local:           3
 Added good helicity          186   7.6504095215112432E-007  in event            5 local:           3
 RESET CUMULATIVE VARIABLE
 RESET CUMULATIVE VARIABLE
 RESET CUMULATIVE VARIABLE
 No points passed cuts!
 Loosen cuts or increase max_events      500000
 Deleting file events.lhe

ls status:
events.lhe
grid_information
input_app.txt
results.dat
run1_app.log
