 Process in group number            1
 A PDF is used, so alpha_s(MZ) is going to be modified
 Old value of alpha_s from param_card:   0.11839999999999999     
  ****************************************
 
       NNPDFDriver version 1.0.3
   Grid: NNPDF23_lo_as_0130_qed_mem0.grid
  ****************************************
 New value of alpha_s from PDF nn23lo1:  0.13000000000000000     
 Define smin to   167.80611599999997     
 Define smin to   167.80611599999997     
 Define smin to   167.80611599999997     
 Define smin to   167.80611599999997     
 Warning: pt or E min of a jet should in general be >0
 Warning: pt or E min of a jet should in general be >0
 Warning: pt or E min of a jet should in general be >0
 Warning: pt or E min of a jet should in general be >0
 *****************************************************
 *               MadGraph/MadEvent                   *
 *        --------------------------------           *
 *          http://madgraph.hep.uiuc.edu             *
 *          http://madgraph.phys.ucl.ac.be           *
 *          http://madgraph.roma2.infn.it            *
 *        --------------------------------           *
 *                                                   *
 *          PARAMETER AND COUPLING VALUES            *
 *                                                   *
 *****************************************************

  External Params
  ---------------------------------
  
 mdl_cabi =   0.22773599999999999     
 aEWM1 =    127.90000000000001     
 mdl_Gf =    1.1663700000000000E-005
 aS =   0.11839999999999999     
 mdl_ymb =    4.7000000000000002     
 mdl_ymt =    172.00000000000000     
 mdl_ymtau =    1.7769999999999999     
 mdl_Lambda =    5000.0000000000000     
 mdl_ca =    1.0000000000000000     
 mdl_kSM =    5.0000000000000003E-002
 mdl_kHtt =    0.0000000000000000     
 mdl_kAtt =    0.0000000000000000     
 mdl_kHbb =    0.0000000000000000     
 mdl_kAbb =    0.0000000000000000     
 mdl_kHll =    0.0000000000000000     
 mdl_kAll =    0.0000000000000000     
 mdl_kHaa =    0.0000000000000000     
 mdl_kAaa =    0.0000000000000000     
 mdl_kHza =    0.0000000000000000     
 mdl_kAza =    0.0000000000000000     
 mdl_kHgg =    0.0000000000000000     
 mdl_kAgg =    0.0000000000000000     
 mdl_kHzz =  -0.52481000000000000     
 mdl_kAzz =    0.0000000000000000     
 mdl_kHww =  -0.52481000000000000     
 mdl_kAww =    0.0000000000000000     
 mdl_kHda =    0.0000000000000000     
 mdl_kHdz =  -0.26240500000000000     
 mdl_kHdwR =  -0.26240500000000000     
 mdl_kHdwI =    0.0000000000000000     
 mdl_kHHgg =    1.0000000000000000     
 mdl_kAAgg =    1.0000000000000000     
 mdl_kqa =    1.0000000000000000     
 mdl_kqb =    1.0000000000000000     
 mdl_kla =    1.0000000000000000     
 mdl_klb =    1.0000000000000000     
 mdl_kw1 =    1.0000000000000000     
 mdl_kw2 =    1.0000000000000000     
 mdl_kw3 =    0.0000000000000000     
 mdl_kw4 =    0.0000000000000000     
 mdl_kw5 =    0.0000000000000000     
 mdl_kz1 =    0.0000000000000000     
 mdl_kz3 =    1.0000000000000000     
 mdl_kz5 =    0.0000000000000000     
 mdl_kq =    1.0000000000000000     
 mdl_kq3 =    1.0000000000000000     
 mdl_kl =    1.0000000000000000     
 mdl_kg =    1.0000000000000000     
 mdl_ka =    1.0000000000000000     
 mdl_kz =    1.0000000000000000     
 mdl_kw =    1.0000000000000000     
 mdl_kza =    0.0000000000000000     
 mdl_MZ =    91.187600000000003     
 mdl_MTA =    1.7769999999999999     
 mdl_MT =    172.00000000000000     
 mdl_MB =    4.7000000000000002     
 mdl_MX0 =    600.00000000000000     
 mdl_MX1 =    125.00000000000000     
 mdl_MX2 =    125.00000000000000     
 mdl_WZ =    2.4952000000000001     
 mdl_WW =    2.0850000000000000     
 mdl_WT =    1.5083359999999999     
 mdl_WX0 =   0.15059000000000000     
 mdl_WX1 =    4.0699999999999998E-003
 mdl_WX2 =    4.0699999999999998E-003
  Internal Params
  ---------------------------------
  
 mdl_cos__cabi =   0.97418004031982097     
 mdl_CKM1x1 =  ( 0.97418004031982097     ,  0.0000000000000000     )
 mdl_sin__cabi =   0.22577256042856930     
 mdl_CKM1x2 =  ( 0.22577256042856930     ,  0.0000000000000000     )
 mdl_CKM2x1 =  (-0.22577256042856930     ,  0.0000000000000000     )
 mdl_CKM2x2 =  ( 0.97418004031982097     ,  0.0000000000000000     )
 mdl_ca__exp__2 =    1.0000000000000000     
 mdl_sa =    0.0000000000000000     
 mdl_complexi =  (  0.0000000000000000     ,  1.0000000000000000     )
 mdl_kHdw =  (-0.26240500000000000     ,  0.0000000000000000     )
 mdl_MZ__exp__2 =    8315.1783937600012     
 mdl_MZ__exp__4 =    69142191.720053151     
 mdl_sqrt__2 =    1.4142135623730951     
 mdl_nb__2__exp__0_75 =    1.6817928305074290     
 mdl_MX0__exp__2 =    360000.00000000000     
 mdl_ca__exp__4 =    1.0000000000000000     
 mdl_ca__exp__3 =    1.0000000000000000     
 mdl_conjg__CKM1x1 =  ( 0.97418004031982097     , -0.0000000000000000     )
 mdl_conjg__CKM1x2 =  ( 0.22577256042856930     , -0.0000000000000000     )
 mdl_conjg__CKM2x1 =  (-0.22577256042856930     , -0.0000000000000000     )
 mdl_conjg__CKM2x2 =  ( 0.97418004031982097     , -0.0000000000000000     )
 mdl_conjg__kHdw =  (-0.26240500000000000     , -0.0000000000000000     )
 mdl_aEW =    7.8186082877247844E-003
 mdl_MW =    79.824359746197842     
 mdl_sqrt__aEW =    8.8422894590285753E-002
 mdl_ee =   0.31345100004952897     
 mdl_MW__exp__2 =    6371.9284088904105     
 mdl_sw2 =   0.23369913342182447     
 mdl_cw =   0.87538612427783857     
 mdl_sqrt__sw2 =   0.48342438232036300     
 mdl_sw =   0.48342438232036300     
 mdl_ad =  -0.12747442148678401     
 mdl_al =   -1.2074027013887732E-002
 mdl_an =   0.18517461872323218     
 mdl_au =    6.9774224250335873E-002
 mdl_bd =  -0.18517461872323218     
 mdl_bl =  -0.18517461872323218     
 mdl_bn =   0.18517461872323218     
 mdl_bu =   0.18517461872323218     
 mdl_gwwz =  -0.56759788318358417     
 mdl_g1 =   0.35807170271074895     
 mdl_gw =   0.64839716719502682     
 mdl_vev =    246.22056907348590     
 mdl_ee__exp__2 =    9.8251529432049817E-002
 mdl_gAaa =    1.3477023594718659E-005
 mdl_vev__exp__2 =    60624.568634871241     
 mdl_cw__exp__2 =   0.76630086657817542     
 mdl_gAza =    4.4999802188047602E-006
 mdl_gHaa =    2.6392504539657372E-005
 mdl_gHza =    3.9166441035016922E-005
 mdl_lam =    2.9690932909411916     
 mdl_yb =    2.6995322804122722E-002
 mdl_yt =   0.98791394091683138     
 mdl_ytau =    1.0206529494239589E-002
 mdl_muH =    424.26406871192853     
 mdl_sw__exp__2 =   0.23369913342182450     
  Internal Params evaluated point by point
  ----------------------------------------
  
 mdl_sqrt__aS =   0.34409301068170506     
 mdl_G__exp__2 =    1.4878582807401259     
 mdl_gAAgg =    3.1083017473614446E-007
 mdl_gAgg =    7.6532782508744533E-005
 mdl_gHgg =   -5.1021855005829691E-005
 mdl_gHHgg =    2.0722011649076294E-007
  Couplings of HC_UFO
  ---------------------------------
  
        GC_10 =  -0.00000E+00   0.00000E+00
        GC_13 =  -0.00000E+00  -0.20722E-06
        GC_62 =   0.00000E+00   0.00000E+00
        GC_64 =   0.00000E+00   0.00000E+00
         GC_1 =  -0.00000E+00  -0.10448E+00
         GC_2 =   0.00000E+00   0.20897E+00
         GC_3 =  -0.00000E+00  -0.31345E+00
         GC_9 =  -0.00000E+00  -0.00000E+00
        GC_16 =  -0.00000E+00  -0.00000E+00
        GC_17 =   0.00000E+00  -0.12074E-01
        GC_19 =  -0.00000E+00   0.18517E+00
        GC_21 =   0.00000E+00  -0.12747E+00
        GC_22 =   0.00000E+00   0.69774E-01
        GC_23 =  -0.00000E+00   0.18517E+00
        GC_24 =  -0.00000E+00  -0.18517E+00
        GC_61 =   0.00000E+00   0.00000E+00
        GC_66 =   0.00000E+00   0.00000E+00
        GC_77 =  -0.00000E+00  -0.28380E+00
        GC_78 =   0.00000E+00   0.28380E+00
        GC_89 =  -0.00000E+00  -0.28850E-01
        GC_90 =   0.00000E+00   0.86550E-01
        GC_98 =  -0.00000E+00  -0.21932E+03
       GC_100 =   0.00000E+00   0.33771E+01
       GC_101 =  -0.00000E+00  -0.00000E+00
       GC_102 =   0.00000E+00   0.00000E+00
       GC_105 =  -0.00000E+00  -0.00000E+00
       GC_106 =   0.00000E+00   0.00000E+00
        GC_35 =  -0.00000E+00  -0.20000E-03
        GC_38 =  -0.00000E+00  -0.00000E+00
        GC_40 =   0.00000E+00   0.52481E-04
        GC_42 =   0.00000E+00   0.10496E-03
        GC_43 =   0.00000E+00   0.50000E-04
        GC_45 =   0.00000E+00   0.50000E-04
        GC_49 =   0.00000E+00   0.50000E-04
        GC_56 =  -0.00000E+00  -0.94000E-03
        GC_58 =  -0.00000E+00  -0.35540E-03
        GC_68 =   0.00000E+00   0.00000E+00

 Collider parameters:
 --------------------

 Running at P P   machine @    13000.000000000000       GeV
 PDF set = nn23lo1
 alpha_s(Mz)= 0.1300 running at 2 loops.
 alpha_s(Mz)= 0.1300 running at 2 loops.
 Renormalization scale set on event-by-event basis
 Factorization   scale set on event-by-event basis


 getting user params
Enter number of events and max and min iterations: 
 Number of events and iterations         1000           5           3
Enter desired fractional accuracy: 
 Desired fractional accuracy:   0.10000000000000001     
Enter 0 for fixed, 2 for adjustable grid: 
Suppress amplitude (0 no, 1 yes)? 
 Using suppressed amplitude.
Exact helicity sum (0 yes, n = number/event)? 
 Explicitly summing over helicities
Enter Configuration Number: 
Running Configuration Number:    9
 Not subdividing B.W.
 Attempting mappinvarients           1           8
 Completed mapping           8
 about to integrate           16        1000           5           3          16           1
 Using non-zero grid deformation.
 16 dimensions   1000 events 16 invarients  5 iterations  1 config(s),  (0.99)
 Using h-tuple random number sequence.
 Error opening grid
 Using Uniform Grid!          32
 Using uniform alpha   1.0000000000000000     
 Grid defined OK
 Set CM energy to      13000.00
 Mapping Graph           9  to config           9
Setting grid   1    0.59172E-08   1
Setting grid   2    0.18685E-07   1
 Setting BW          -3           2   600.00000000000000     
 Setting BW          -4           3   91.187600000000003     
Setting grid   5    0.25116E-02   1
 Transforming s_hat 1/s           15   2.5115575576956360E-003   167.80611599999997        168999999.99999997     
   9   1   2   3   4   5   6   7   8   9  10  11  12  13  14
  15  16
 Masses: 0.000E+00 0.000E+00 0.470E+01 0.470E+01 0.178E+01 0.178E+01 0.000E+00 0.000E+00
Using random seed offsets     9 :      9
  with seed                   24
 Ranmar initialization seeds       31067        9406
 
 ********************************************
 * You are using the DiscreteSampler module *
 *      part of the MG5_aMC framework       *
 *         Author: Valentin Hirschi         *
 ********************************************
 
  Particle       3       4       5       6       7       8
      Et >     0.0     0.0     0.0     0.0     0.0     0.0
       E >     0.0     0.0     0.0     0.0     0.0     0.0
     Eta <    -1.0    -1.0    -1.0    -1.0    -1.0    -1.0
   xqcut:      0.0     0.0     0.0     0.0     0.0     0.0
d R # 3  >    -0.0     0.0     0.0     0.0     0.0     0.0
d R # 4  >    -0.0    -0.0     0.0     0.0     0.0     0.0
d R # 5  >    -0.0    -0.0    -0.0     0.0     0.0     0.0
d R # 6  >    -0.0    -0.0    -0.0    -0.0     0.0     0.0
d R # 7  >    -0.0    -0.0    -0.0    -0.0    -0.0     0.0
s min # 3>     0.0    88.4    42.0    42.0    22.1     0.0
s min # 4>     0.0     0.0    42.0    42.0    22.1     0.0
s min # 5>     0.0     0.0     0.0    12.6     3.2     0.0
s min # 6>     0.0     0.0     0.0     0.0     3.2     0.0
s min # 7>     0.0     0.0     0.0     0.0     0.0     0.0
xqcutij # 3>     0.0     0.0     0.0     0.0     0.0     0.0
xqcutij # 4>     0.0     0.0     0.0     0.0     0.0     0.0
xqcutij # 5>     0.0     0.0     0.0     0.0     0.0     0.0
xqcutij # 6>     0.0     0.0     0.0     0.0     0.0     0.0
xqcutij # 7>     0.0     0.0     0.0     0.0     0.0     0.0
 No cut BW           -3           1
 No cut BW           -4           2
 alpha_s for scale    216.98578938905720       is   0.11361503926675003     
 Added good helicity            1  0.16667062718332568       in event            1 local:           1
 Added good helicity            4   28.066431241540137       in event            1 local:           1
 Added good helicity            5   14.618726066405486       in event            1 local:           1
 Added good helicity            8   2.9028539924831995       in event            1 local:           1
 Added good helicity            9   14.129567413416101       in event            1 local:           1
 Added good helicity           12   3.0036169653418732       in event            1 local:           1
 Added good helicity           13   105.42852153044998       in event            1 local:           1
 Added good helicity           16   2.6799429084485935E-002  in event            1 local:           1
 Added good helicity           17   8.9667860788723036E-005  in event            1 local:           1
 Added good helicity           20   1.5099582283533130E-002  in event            1 local:           1
 Added good helicity           21   7.8647924711359764E-003  in event            1 local:           1
 Added good helicity           24   1.5617191348399418E-003  in event            1 local:           1
 Added good helicity           25   7.6016278647437086E-003  in event            1 local:           1
 Added good helicity           28   1.6159290479820535E-003  in event            1 local:           1
 Added good helicity           29   5.6719952108628596E-002  in event            1 local:           1
 Added good helicity           32   1.4417942243187089E-005  in event            1 local:           1
 Added good helicity           33   2.0522100430515901E-003  in event            1 local:           1
 Added good helicity           36  0.34558106032175567       in event            1 local:           1
 Added good helicity           37  0.17999990134493754       in event            1 local:           1
 Added good helicity           40   3.5742747342840907E-002  in event            1 local:           1
 Added good helicity           41  0.17397690666809965       in event            1 local:           1
 Added good helicity           44   3.6983438569381147E-002  in event            1 local:           1
 Added good helicity           45   1.2981379764707353       in event            1 local:           1
 Added good helicity           48   3.2998050373169401E-004  in event            1 local:           1
 Added good helicity           49   2.8306450333580047E-004  in event            1 local:           1
 Added good helicity           52   4.7666529814257508E-002  in event            1 local:           1
 Added good helicity           53   2.4827664618059297E-002  in event            1 local:           1
 Added good helicity           56   4.9300523885039494E-003  in event            1 local:           1
 Added good helicity           57   2.3996903652550063E-002  in event            1 local:           1
 Added good helicity           60   5.1011828471150327E-003  in event            1 local:           1
 Added good helicity           61  0.17905417762434822       in event            1 local:           1
 Added good helicity           64   4.5514720930035584E-005  in event            1 local:           1
 Added good helicity          193   3.9871274030896402E-002  in event            1 local:           1
 Added good helicity          196   6.7141066786164689       in event            1 local:           1
 Added good helicity          197   3.4971202954384504       in event            1 local:           1
 Added good helicity          200  0.69442642031144253       in event            1 local:           1
 Added good helicity          201   3.3801028039492547       in event            1 local:           1
 Added good helicity          204  0.71853113612676756       in event            1 local:           1
 Added good helicity          205   25.220817510869701       in event            1 local:           1
 Added good helicity          208   6.4110119398771799E-003  in event            1 local:           1
 Added good helicity          209   8.8068331274965099E-003  in event            1 local:           1
 Added good helicity          212   1.4830230173474053       in event            1 local:           1
 Added good helicity          213  0.77244973022035579       in event            1 local:           1
 Added good helicity          216  0.15338605930346144       in event            1 local:           1
 Added good helicity          217  0.74660271264712652       in event            1 local:           1
 Added good helicity          220  0.15871034890621619       in event            1 local:           1
 Added good helicity          221   5.5708159961267674       in event            1 local:           1
 Added good helicity          224   1.4160749488249253E-003  in event            1 local:           1
 Added good helicity          225   1.2843073836266868E-002  in event            1 local:           1
 Added good helicity          228   2.1627040999799512       in event            1 local:           1
 Added good helicity          229   1.1264695011706807       in event            1 local:           1
 Added good helicity          232  0.22368409354071064       in event            1 local:           1
 Added good helicity          233   1.0887765926830839       in event            1 local:           1
 Added good helicity          236  0.23144854683554519       in event            1 local:           1
 Added good helicity          237   8.1239646681997115       in event            1 local:           1
 Added good helicity          240   2.0650732064700981E-003  in event            1 local:           1
 Added good helicity          241   2.2839782179280295E-002  in event            1 local:           1
 Added good helicity          244   3.8460956614835213       in event            1 local:           1
 Added good helicity          245   2.0032835103453248       in event            1 local:           1
 Added good helicity          248  0.39779386450406068       in event            1 local:           1
 Added good helicity          249   1.9362514407227702       in event            1 local:           1
 Added good helicity          252  0.41160196249182135       in event            1 local:           1
 Added good helicity          253   14.447443487390624       in event            1 local:           1
 Added good helicity          256   3.6724714676058244E-003  in event            1 local:           1
 Added good helicity            1  0.16667062718342557       in event            1 local:           1
 Added good helicity            4   28.066431241540233       in event            1 local:           1
 Added good helicity            5   14.618726066405218       in event            1 local:           1
 Added good helicity            8   2.9028539924831387       in event            1 local:           1
 Added good helicity            9   14.129567413415790       in event            1 local:           1
 Added good helicity           12   3.0036169653418137       in event            1 local:           1
 Added good helicity           13   105.42852153045020       in event            1 local:           1
 Added good helicity           16   2.6799429084502908E-002  in event            1 local:           1
 Added good helicity           17   8.9667860788775308E-005  in event            1 local:           1
 Added good helicity           20   1.5099582283532923E-002  in event            1 local:           1
 Added good helicity           21   7.8647924711356919E-003  in event            1 local:           1
 Added good helicity           24   1.5617191348398804E-003  in event            1 local:           1
 Added good helicity           25   7.6016278647434172E-003  in event            1 local:           1
 Added good helicity           28   1.6159290479819920E-003  in event            1 local:           1
 Added good helicity           29   5.6719952108627743E-002  in event            1 local:           1
 Added good helicity           32   1.4417942243195942E-005  in event            1 local:           1
 Added good helicity           33   2.0522100430528270E-003  in event            1 local:           1
 Added good helicity           36  0.34558106032175723       in event            1 local:           1
 Added good helicity           37  0.17999990134493438       in event            1 local:           1
 Added good helicity           40   3.5742747342840192E-002  in event            1 local:           1
 Added good helicity           41  0.17397690666809601       in event            1 local:           1
 Added good helicity           44   3.6983438569380411E-002  in event            1 local:           1
 Added good helicity           45   1.2981379764707397       in event            1 local:           1
 Added good helicity           48   3.2998050373190282E-004  in event            1 local:           1
 Added good helicity           49   2.8306450333597216E-004  in event            1 local:           1
 Added good helicity           52   4.7666529814258056E-002  in event            1 local:           1
 Added good helicity           53   2.4827664618059044E-002  in event            1 local:           1
 Added good helicity           56   4.9300523885038861E-003  in event            1 local:           1
 Added good helicity           57   2.3996903652549730E-002  in event            1 local:           1
 Added good helicity           60   5.1011828471149729E-003  in event            1 local:           1
 Added good helicity           61  0.17905417762434991       in event            1 local:           1
 Added good helicity           64   4.5514720930064729E-005  in event            1 local:           1
 Added good helicity          193   3.9871274030920618E-002  in event            1 local:           1
 Added good helicity          196   6.7141066786165444       in event            1 local:           1
 Added good helicity          197   3.4971202954384104       in event            1 local:           1
 Added good helicity          200  0.69442642031143165       in event            1 local:           1
 Added good helicity          201   3.3801028039492000       in event            1 local:           1
 Added good helicity          204  0.71853113612675745       in event            1 local:           1
 Added good helicity          205   25.220817510869910       in event            1 local:           1
 Added good helicity          208   6.4110119398812487E-003  in event            1 local:           1
 Added good helicity          209   8.8068331275018858E-003  in event            1 local:           1
 Added good helicity          212   1.4830230173474204       in event            1 local:           1
 Added good helicity          213  0.77244973022034569       in event            1 local:           1
 Added good helicity          216  0.15338605930345908       in event            1 local:           1
 Added good helicity          217  0.74660271264711409       in event            1 local:           1
 Added good helicity          220  0.15871034890621380       in event            1 local:           1
 Added good helicity          221   5.5708159961268091       in event            1 local:           1
 Added good helicity          224   1.4160749488258296E-003  in event            1 local:           1
 Added good helicity          225   1.2843073836274612E-002  in event            1 local:           1
 Added good helicity          228   2.1627040999799614       in event            1 local:           1
 Added good helicity          229   1.1264695011706607       in event            1 local:           1
 Added good helicity          232  0.22368409354070609       in event            1 local:           1
 Added good helicity          233   1.0887765926830613       in event            1 local:           1
 Added good helicity          236  0.23144854683554072       in event            1 local:           1
 Added good helicity          237   8.1239646681997417       in event            1 local:           1
 Added good helicity          240   2.0650732064714005E-003  in event            1 local:           1
 Added good helicity          241   2.2839782179294131E-002  in event            1 local:           1
 Added good helicity          244   3.8460956614835378       in event            1 local:           1
 Added good helicity          245   2.0032835103452875       in event            1 local:           1
 Added good helicity          248  0.39779386450405246       in event            1 local:           1
 Added good helicity          249   1.9362514407227276       in event            1 local:           1
 Added good helicity          252  0.41160196249181297       in event            1 local:           1
 Added good helicity          253   14.447443487390652       in event            1 local:           1
 Added good helicity          256   3.6724714676081389E-003  in event            1 local:           1
 RESET CUMULATIVE VARIABLE
 RESET CUMULATIVE VARIABLE
 RESET CUMULATIVE VARIABLE
 No points passed cuts!
 Loosen cuts or increase max_events      500000
 Deleting file events.lhe

ls status:
events.lhe
grid_information
input_app.txt
results.dat
run1_app.log
