 Process in group number            4
 A PDF is used, so alpha_s(MZ) is going to be modified
 Old value of alpha_s from param_card:   0.11839999999999999     
  ****************************************
 
       NNPDFDriver version 1.0.3
   Grid: NNPDF23_lo_as_0130_qed_mem0.grid
  ****************************************
 New value of alpha_s from PDF nn23lo1:  0.13000000000000000     
 Define smin to   0.0000000000000000     
 Define smin to   0.0000000000000000     
 Define smin to   0.0000000000000000     
 Define smin to   0.0000000000000000     
 Define smin to   0.0000000000000000     
 Define smin to   0.0000000000000000     
 Define smin to   0.0000000000000000     
 Define smin to   0.0000000000000000     
 Define smin to   0.0000000000000000     
 Define smin to   0.0000000000000000     
 Define smin to   0.0000000000000000     
 Define smin to   0.0000000000000000     
 Define smin to   0.0000000000000000     
 Define smin to   0.0000000000000000     
 Define smin to   0.0000000000000000     
 Define smin to   0.0000000000000000     
 Define smin to   0.0000000000000000     
 Define smin to   0.0000000000000000     
 Define smin to   0.0000000000000000     
 Define smin to   0.0000000000000000     
 Define smin to   0.0000000000000000     
 Define smin to   0.0000000000000000     
 Define smin to   0.0000000000000000     
 Define smin to   0.0000000000000000     
 Define smin to   0.0000000000000000     
 Define smin to   0.0000000000000000     
 Define smin to   0.0000000000000000     
 Define smin to   0.0000000000000000     
 Define smin to   0.0000000000000000     
 Define smin to   0.0000000000000000     
 Define smin to   0.0000000000000000     
 Define smin to   0.0000000000000000     
 Define smin to   0.0000000000000000     
 Define smin to   0.0000000000000000     
 Define smin to   0.0000000000000000     
 Define smin to   0.0000000000000000     
 Define smin to   0.0000000000000000     
 Define smin to   0.0000000000000000     
 Define smin to   0.0000000000000000     
 Define smin to   0.0000000000000000     
 Define smin to   0.0000000000000000     
 Define smin to   0.0000000000000000     
 Define smin to   0.0000000000000000     
 Define smin to   0.0000000000000000     
 Define smin to   0.0000000000000000     
 Define smin to   0.0000000000000000     
 Define smin to   0.0000000000000000     
 Define smin to   0.0000000000000000     
 Define smin to   0.0000000000000000     
 Define smin to   0.0000000000000000     
 Define smin to   0.0000000000000000     
 Define smin to   0.0000000000000000     
 Define smin to   0.0000000000000000     
 Define smin to   0.0000000000000000     
 Define smin to   0.0000000000000000     
 Define smin to   0.0000000000000000     
 Define smin to   0.0000000000000000     
 Define smin to   0.0000000000000000     
 Define smin to   0.0000000000000000     
 Define smin to   0.0000000000000000     
 Define smin to   0.0000000000000000     
 Define smin to   0.0000000000000000     
 Define smin to   0.0000000000000000     
 Define smin to   0.0000000000000000     
 Warning: pt or E min of a jet should in general be >0
 Warning: pt or E min of a jet should in general be >0
 Warning: pt or E min of a jet should in general be >0
 Warning: pt or E min of a jet should in general be >0
 *****************************************************
 *               MadGraph/MadEvent                   *
 *        --------------------------------           *
 *          http://madgraph.hep.uiuc.edu             *
 *          http://madgraph.phys.ucl.ac.be           *
 *          http://madgraph.roma2.infn.it            *
 *        --------------------------------           *
 *                                                   *
 *          PARAMETER AND COUPLING VALUES            *
 *                                                   *
 *****************************************************

  External Params
  ---------------------------------
  
 mdl_cabi =   0.22773599999999999     
 mdl_rhoH =    5.0000000000000003E-002
 mdl_Lambda =    5000.0000000000000     
 mdl_fW =   -300.00000000000000     
 mdl_fWW =    4600.0000000000000     
 mdl_fB =    0.0000000000000000     
 mdl_fBB =    0.0000000000000000     
 aEWM1 =    127.90000000000001     
 mdl_Gf =    1.1663700000000000E-005
 aS =   0.11839999999999999     
 mdl_ymb =    4.7000000000000002     
 mdl_ymt =    172.00000000000000     
 mdl_ymtau =    1.7769999999999999     
 mdl_MZ =    91.187600000000003     
 mdl_MTA =    1.7769999999999999     
 mdl_MT =    172.00000000000000     
 mdl_MB =    4.7000000000000002     
 mdl_MH =    125.00000000000000     
 mdl_MHH =    900.00000000000000     
 mdl_WZ =    2.4952000000000001     
 mdl_WW =    2.0850000000000000     
 mdl_WT =    1.5083359999999999     
 mdl_WH =    4.0699999999999998E-003
 mdl_WHH =    9.8597999999999999     
  Internal Params
  ---------------------------------
  
 mdl_cos__cabi =   0.97418004031982097     
 mdl_CKM1x1 =  ( 0.97418004031982097     ,  0.0000000000000000     )
 mdl_sin__cabi =   0.22577256042856930     
 mdl_CKM1x2 =  ( 0.22577256042856930     ,  0.0000000000000000     )
 mdl_CKM2x1 =  (-0.22577256042856930     ,  0.0000000000000000     )
 mdl_CKM2x2 =  ( 0.97418004031982097     ,  0.0000000000000000     )
 mdl_MZ__exp__2 =    8315.1783937600012     
 mdl_MZ__exp__4 =    69142191.720053151     
 mdl_sqrt__2 =    1.4142135623730951     
 mdl_Lambda__exp__2 =    25000000.000000000     
 mdl_MH__exp__2 =    15625.000000000000     
 mdl_complexi =  (  0.0000000000000000     ,  1.0000000000000000     )
 mdl_conjg__CKM1x1 =  ( 0.97418004031982097     , -0.0000000000000000     )
 mdl_conjg__CKM1x2 =  ( 0.22577256042856930     , -0.0000000000000000     )
 mdl_conjg__CKM2x1 =  (-0.22577256042856930     , -0.0000000000000000     )
 mdl_conjg__CKM2x2 =  ( 0.97418004031982097     , -0.0000000000000000     )
 mdl_aEW =    7.8186082877247844E-003
 mdl_MW =    79.824359746197842     
 mdl_sqrt__aEW =    8.8422894590285753E-002
 mdl_ee =   0.31345100004952897     
 mdl_MW__exp__2 =    6371.9284088904105     
 mdl_sw2 =   0.23369913342182447     
 mdl_cw =   0.87538612427783857     
 mdl_sqrt__sw2 =   0.48342438232036300     
 mdl_sw =   0.48342438232036300     
 mdl_g1 =   0.35807170271074895     
 mdl_gw =   0.64839716719502682     
 mdl_vev =    246.22056907348590     
 mdl_gHWW =    2.5878944366295706     
 mdl_gHWW1 =   -1.5527366619777423E-005
 mdl_gHWW2 =   -4.7617257633984105E-004
 mdl_cw__exp__2 =   0.76630086657817542     
 mdl_gHZZ =    1.6885629062286611     
 mdl_sw__exp__2 =   0.23369913342182450     
 mdl_gHZZ1 =   -1.5527366619777423E-005
 mdl_cw__exp__4 =   0.58721701811846261     
 mdl_sw__exp__4 =    5.4615284962111724E-002
 mdl_gHZZ2 =   -1.8244572894499127E-004
 mdl_vev__exp__2 =    60624.568634871241     
 mdl_lam =   0.12886689630821144     
 mdl_yb =    2.6995322804122722E-002
 mdl_yt =   0.98791394091683138     
 mdl_ytau =    1.0206529494239589E-002
 mdl_muH =    88.388347648318444     
 mdl_I1a33 =  (  2.6995322804122722E-002,  0.0000000000000000     )
 mdl_I2a33 =  ( 0.98791394091683138     ,  0.0000000000000000     )
 mdl_I3a33 =  ( 0.98791394091683138     ,  0.0000000000000000     )
 mdl_I4a33 =  (  2.6995322804122722E-002,  0.0000000000000000     )
 mdl_ee__exp__2 =    9.8251529432049817E-002
  Internal Params evaluated point by point
  ----------------------------------------
  
 mdl_sqrt__aS =   0.34409301068170506     
 mdl_G__exp__2 =    1.4878582807401259     
  Couplings of SMwithHeavyScalarDim4Dim6_NoDecay_UFO
  ---------------------------------
  
        GC_13 =   0.00000E+00   0.25879E+01
        GC_14 =   0.00000E+00   0.15527E-04
        GC_15 =  -0.00000E+00  -0.95235E-03
        GC_16 =   0.00000E+00   0.33771E+01
        GC_17 =   0.00000E+00   0.15527E-04
        GC_18 =  -0.00000E+00  -0.72978E-03
        GC_33 =   0.00000E+00   0.44665E+00
        GC_34 =   0.00000E+00   0.10351E+00
        GC_35 =  -0.00000E+00  -0.10351E+00
        GC_36 =   0.00000E+00   0.44665E+00
        GC_37 =  -0.00000E+00  -0.28380E+00
        GC_38 =   0.00000E+00   0.28380E+00
        GC_45 =  -0.00000E+00  -0.28850E-01
        GC_46 =   0.00000E+00   0.86550E-01
        GC_77 =   0.00000E+00   0.44665E+00
        GC_78 =   0.00000E+00   0.10351E+00
        GC_79 =   0.00000E+00  -0.10351E+00
        GC_80 =   0.00000E+00   0.44665E+00

 Collider parameters:
 --------------------

 Running at P P   machine @    13000.000000000000       GeV
 PDF set = nn23lo1
 alpha_s(Mz)= 0.1300 running at 2 loops.
 alpha_s(Mz)= 0.1300 running at 2 loops.
 Renormalization scale set on event-by-event basis
 Factorization   scale set on event-by-event basis


 getting user params
Enter number of events and max and min iterations: 
 Number of events and iterations         1000           5           3
Enter desired fractional accuracy: 
 Desired fractional accuracy:   0.10000000000000001     
Enter 0 for fixed, 2 for adjustable grid: 
Suppress amplitude (0 no, 1 yes)? 
 Using suppressed amplitude.
Exact helicity sum (0 yes, n = number/event)? 
 Explicitly summing over helicities
Enter Configuration Number: 
Running Configuration Number:    1
 Using dconfig=         202
 BW Setting            1           1           1           1           2           0
 Attempting mappinvarients           1           8
 Completed mapping           8
 about to integrate           16        1000           5           3          16           1
 Using non-zero grid deformation.
 16 dimensions   1000 events 16 invarients  5 iterations  1 config(s),  (0.99)
 Using h-tuple random number sequence.
 Error opening grid
 Using Uniform Grid!          32
 Using uniform alpha   1.0000000000000000     
 Grid defined OK
 Set CM energy to      13000.00
 Mapping Graph           1  to config           1
 Setting BW          -1           1   91.187600000000003     
 Setting BW          -2           2   91.187600000000003     
 Setting BW          -3           3   900.00000000000000     
 Setting BW          -4           4   79.824359746197842     
Setting grid   5    0.37932E-02   1
 Transforming s_hat 1/s           15   3.7931609536518062E-003   0.0000000000000000        168999999.99999997     
   1   1   2   3   4   5   6   7   8   9  10  11  12  13  14
  15  16
 Masses: 0.000E+00 0.000E+00 0.000E+00 0.000E+00 0.000E+00 0.000E+00 0.000E+00 0.000E+00
 Got moffset           1
Using random seed offsets     1 :      4
  with seed                  213
 Ranmar initialization seeds       20802       12755
 
 ********************************************
 * You are using the DiscreteSampler module *
 *      part of the MG5_aMC framework       *
 *         Author: Valentin Hirschi         *
 ********************************************
 
  Particle       3       4       5       6       7       8
      Et >     0.0     0.0     0.0     0.0     0.0     0.0
       E >     0.0     0.0     0.0     0.0     0.0     0.0
     Eta <    -1.0    -1.0    -1.0    -1.0    -1.0    -1.0
   xqcut:      0.0     0.0     0.0     0.0     0.0     0.0
d R # 3  >    -0.0     0.0     0.0     0.0     0.0     0.0
d R # 4  >    -0.0    -0.0     0.0     0.0     0.0     0.0
d R # 5  >    -0.0    -0.0    -0.0     0.0     0.0     0.0
d R # 6  >    -0.0    -0.0    -0.0    -0.0     0.0     0.0
d R # 7  >    -0.0    -0.0    -0.0    -0.0    -0.0     0.0
s min # 3>     0.0     0.0     0.0     0.0     0.0     0.0
s min # 4>     0.0     0.0     0.0     0.0     0.0     0.0
s min # 5>     0.0     0.0     0.0     0.0     0.0     0.0
s min # 6>     0.0     0.0     0.0     0.0     0.0     0.0
s min # 7>     0.0     0.0     0.0     0.0     0.0     0.0
xqcutij # 3>     0.0     0.0     0.0     0.0     0.0     0.0
xqcutij # 4>     0.0     0.0     0.0     0.0     0.0     0.0
xqcutij # 5>     0.0     0.0     0.0     0.0     0.0     0.0
xqcutij # 6>     0.0     0.0     0.0     0.0     0.0     0.0
xqcutij # 7>     0.0     0.0     0.0     0.0     0.0     0.0
 Requiring BW           -1           1
 Requiring BW           -2           2
 Requiring BW           -3           3
 Requiring BW           -4           4
 Excluding BW           -5           5
 alpha_s for scale    954.48564450368349       is    9.3599226926222176E-002
 Added good helicity          193   211.41432891976467       in event            1 local:           1
 Added good helicity          196   2.3591076421168702       in event            1 local:           1
 Added good helicity          205   8.8676451519895885       in event            1 local:           1
 Added good helicity          208   33.358918286128883       in event            1 local:           1
 Added good helicity          193   211.41432891976379       in event            1 local:           1
 Added good helicity          196   2.3591076421169395       in event            1 local:           1
 Added good helicity          205   8.8676451519898851       in event            1 local:           1
 Added good helicity          208   33.358918286129388       in event            1 local:           1
 RESET CUMULATIVE VARIABLE
 RESET CUMULATIVE VARIABLE
 RESET CUMULATIVE VARIABLE
 Iteration  1   Mean: 0.5252E-05 Abs mean: 0.5252E-05   Fluctuation:  0.644E-06   0.285E-03    61.8%
  1    0.5252E-05 0.5252E-05 +- 0.6435E-06      3.87
 Writing out events   1.7007361718204162E-009   3.8743930527177732     
 Relative summed weights:
  0.4271E-01  0.6851E-01  0.4956E-01  0.7060E-01  0.8910E-01  0.6500E-01  0.7230E-01  0.7198E-01  0.0000E+00  0.1513E-01  0.2722E-05  0.1788E-03  0.5013E-02  0.5792E-03  0.2243E-02  0.6680E-05  0.1983E-01  0.0000E+00  0.4822E-03  0.8406E-05  0.5973E-01  0.6411E-04  0.8065E-04  0.6163E-04  0.5244E-01  0.3197E-01  0.4967E-01  0.2119E-01  0.6905E-01  0.3588E-01  0.3179E-01  0.2446E-01  0.6065E-02  0.1020E-01  0.0000E+00  0.0000E+00  0.1697E-04  0.3210E-03  0.0000E+00  0.1235E-03  0.7143E-04  0.0000E+00  0.0000E+00  0.0000E+00  0.0000E+00  0.0000E+00  0.0000E+00  0.0000E+00  0.0000E+00  0.0000E+00  0.0000E+00  0.0000E+00  0.0000E+00  0.0000E+00  0.0000E+00  0.0000E+00  0.0000E+00  0.4821E-17  0.4623E-02  0.0000E+00  0.7717E-05  0.1486E-04  0.2370E-03  0.5443E-04  0.0000E+00  0.0000E+00  0.2190E-03  0.1481E-03  0.0000E+00  0.8963E-05  0.0000E+00  0.0000E+00  0.0000E+00  0.0000E+00  0.0000E+00  0.0000E+00  0.0000E+00  0.0000E+00  0.0000E+00  0.0000E+00  0.0000E+00  0.0000E+00  0.0000E+00  0.0000E+00  0.0000E+00  0.0000E+00  0.0000E+00  0.0000E+00  0.0000E+00  0.4550E-05  0.0000E+00  0.0000E+00  0.3367E-04  0.0000E+00  0.1660E-04  0.0000E+00  0.2769E-04  0.6436E-05  0.1798E-03  0.2364E-03  0.6388E-02  0.1165E-03  0.1066E-02  0.9233E-03  0.0000E+00  0.5947E-04  0.0000E+00  0.0000E+00  0.2165E-02  0.0000E+00  0.0000E+00  0.0000E+00  0.0000E+00  0.0000E+00  0.0000E+00  0.0000E+00  0.4513E-07  0.0000E+00  0.0000E+00  0.0000E+00  0.3374E-03  0.1165E-04  0.2013E-04  0.1800E-03  0.4376E-02  0.9195E-02  0.2783E-02  0.1302E-03
 Relative number of events:
  0.3568E-01  0.4955E-01  0.5055E-01  0.4658E-01  0.5847E-01  0.6145E-01  0.6541E-01  0.6046E-01  0.0000E+00  0.4955E-02  0.1982E-02  0.1982E-02  0.2973E-02  0.1982E-02  0.5946E-02  0.1982E-02  0.1982E-02  0.0000E+00  0.4955E-02  0.1982E-02  0.2973E-02  0.4955E-02  0.9911E-03  0.2973E-02  0.4361E-01  0.4063E-01  0.6343E-01  0.4559E-01  0.6145E-01  0.6046E-01  0.6640E-01  0.5253E-01  0.1982E-02  0.3964E-02  0.0000E+00  0.0000E+00  0.9911E-03  0.1982E-02  0.0000E+00  0.9911E-03  0.9911E-03  0.0000E+00  0.0000E+00  0.0000E+00  0.0000E+00  0.0000E+00  0.0000E+00  0.0000E+00  0.0000E+00  0.0000E+00  0.0000E+00  0.0000E+00  0.0000E+00  0.0000E+00  0.0000E+00  0.0000E+00  0.0000E+00  0.9911E-03  0.1982E-02  0.0000E+00  0.9911E-03  0.1982E-02  0.2973E-02  0.9911E-03  0.0000E+00  0.0000E+00  0.9911E-03  0.9911E-03  0.0000E+00  0.9911E-03  0.0000E+00  0.0000E+00  0.0000E+00  0.0000E+00  0.0000E+00  0.0000E+00  0.0000E+00  0.0000E+00  0.0000E+00  0.0000E+00  0.0000E+00  0.0000E+00  0.0000E+00  0.0000E+00  0.0000E+00  0.0000E+00  0.0000E+00  0.0000E+00  0.0000E+00  0.9911E-03  0.0000E+00  0.0000E+00  0.9911E-03  0.0000E+00  0.9911E-03  0.0000E+00  0.2973E-02  0.9911E-03  0.2973E-02  0.2973E-02  0.3964E-02  0.3964E-02  0.4955E-02  0.5946E-02  0.0000E+00  0.9911E-03  0.0000E+00  0.0000E+00  0.1982E-02  0.0000E+00  0.0000E+00  0.0000E+00  0.0000E+00  0.0000E+00  0.0000E+00  0.0000E+00  0.9911E-03  0.0000E+00  0.0000E+00  0.0000E+00  0.2973E-02  0.4955E-02  0.1982E-02  0.3964E-02  0.3964E-02  0.5946E-02  0.6938E-02  0.4955E-02
 Events:
          36          50          51          47          59          62          66          61           0           5           2           2           3           2           6           2           2           0           5           2           3           5           1           3          44          41          64          46          62          61          67          53           2           4           0           0           1           2           0           1           1           0           0           0           0           0           0           0           0           0           0           0           0           0           0           0           0           1           2           0           1           2           3           1           0           0           1           1           0           1           0           0           0           0           0           0           0           0           0           0           0           0           0           0           0           0           0           0           0           1           0           0           1           0           1           0           3           1           3           3           4           4           5           6           0           1           0           0           2           0           0           0           0           0           0           0           1           0           0           0           3           5           2           4           4           6           7           5
 Iteration  2   Mean: 0.5186E-05 Abs mean: 0.5186E-05   Fluctuation:  0.277E-06   0.167E-03    88.3%
  2    0.5186E-05 0.5186E-05 +- 0.2768E-06      2.39
 Relative summed weights:
  0.2985E-01  0.5471E-01  0.3908E-01  0.5279E-01  0.7459E-01  0.5925E-01  0.5415E-01  0.4950E-01  0.3170E-03  0.1301E-02  0.4668E-02  0.2140E-02  0.9146E-03  0.7092E-03  0.1245E-02  0.2601E-02  0.1840E-02  0.2802E-02  0.1232E-02  0.2629E-03  0.5289E-02  0.2158E-02  0.2624E-02  0.1470E-01  0.5347E-01  0.3689E-01  0.8474E-01  0.4963E-01  0.5111E-01  0.6923E-01  0.5723E-01  0.4637E-01  0.2078E-03  0.6408E-02  0.3248E-02  0.5437E-04  0.1513E-02  0.1223E-03  0.1945E-03  0.8357E-02  0.0000E+00  0.0000E+00  0.0000E+00  0.0000E+00  0.0000E+00  0.0000E+00  0.0000E+00  0.0000E+00  0.0000E+00  0.0000E+00  0.0000E+00  0.1497E-03  0.0000E+00  0.3033E-04  0.0000E+00  0.0000E+00  0.3161E-02  0.1047E-02  0.1596E-02  0.2999E-04  0.5017E-03  0.0000E+00  0.1831E-02  0.1216E-02  0.0000E+00  0.1266E-04  0.4604E-02  0.0000E+00  0.0000E+00  0.0000E+00  0.0000E+00  0.1596E-03  0.0000E+00  0.0000E+00  0.0000E+00  0.0000E+00  0.0000E+00  0.6033E-05  0.0000E+00  0.1217E-02  0.0000E+00  0.0000E+00  0.0000E+00  0.0000E+00  0.0000E+00  0.0000E+00  0.8351E-03  0.0000E+00  0.1569E-03  0.0000E+00  0.4290E-05  0.3693E-05  0.0000E+00  0.0000E+00  0.0000E+00  0.1532E-07  0.3323E-02  0.4132E-02  0.2830E-02  0.5118E-02  0.2534E-02  0.2701E-02  0.6948E-03  0.1071E-02  0.0000E+00  0.0000E+00  0.0000E+00  0.0000E+00  0.3503E-02  0.0000E+00  0.0000E+00  0.0000E+00  0.0000E+00  0.1442E-02  0.0000E+00  0.1592E-04  0.1621E-04  0.5409E-03  0.0000E+00  0.1947E-04  0.2297E-02  0.2653E-02  0.4371E-03  0.1258E-02  0.6797E-02  0.8852E-02  0.5176E-02  0.5431E-03
 Relative number of events:
  0.4100E-01  0.4950E-01  0.5000E-01  0.4950E-01  0.6850E-01  0.5150E-01  0.5400E-01  0.7000E-01  0.1500E-02  0.2000E-02  0.3500E-02  0.2000E-02  0.2500E-02  0.2500E-02  0.3000E-02  0.2000E-02  0.2000E-02  0.3500E-02  0.2000E-02  0.2000E-02  0.3500E-02  0.2000E-02  0.5000E-02  0.4000E-02  0.4500E-01  0.4600E-01  0.4950E-01  0.4950E-01  0.5800E-01  0.6100E-01  0.6700E-01  0.5550E-01  0.5000E-03  0.3500E-02  0.2000E-02  0.1000E-02  0.1500E-02  0.1500E-02  0.1500E-02  0.2000E-02  0.0000E+00  0.0000E+00  0.0000E+00  0.0000E+00  0.0000E+00  0.0000E+00  0.0000E+00  0.0000E+00  0.0000E+00  0.0000E+00  0.0000E+00  0.5000E-03  0.0000E+00  0.5000E-03  0.0000E+00  0.0000E+00  0.3500E-02  0.1000E-02  0.2000E-02  0.1500E-02  0.1500E-02  0.0000E+00  0.2500E-02  0.5000E-03  0.0000E+00  0.5000E-03  0.1000E-02  0.0000E+00  0.0000E+00  0.0000E+00  0.0000E+00  0.2000E-02  0.0000E+00  0.0000E+00  0.0000E+00  0.0000E+00  0.0000E+00  0.5000E-03  0.0000E+00  0.5000E-03  0.0000E+00  0.0000E+00  0.0000E+00  0.0000E+00  0.0000E+00  0.0000E+00  0.5000E-03  0.0000E+00  0.5000E-03  0.0000E+00  0.5000E-03  0.5000E-03  0.0000E+00  0.0000E+00  0.0000E+00  0.5000E-03  0.3000E-02  0.3000E-02  0.3000E-02  0.4000E-02  0.3500E-02  0.2500E-02  0.2500E-02  0.3500E-02  0.0000E+00  0.0000E+00  0.0000E+00  0.0000E+00  0.5000E-03  0.0000E+00  0.0000E+00  0.0000E+00  0.0000E+00  0.1000E-02  0.0000E+00  0.5000E-03  0.1000E-02  0.5000E-03  0.0000E+00  0.5000E-03  0.4000E-02  0.4500E-02  0.4000E-02  0.2000E-02  0.2500E-02  0.6500E-02  0.3000E-02  0.2000E-02
 Events:
          82          99         100          99         137         103         108         140           3           4           7           4           5           5           6           4           4           7           4           4           7           4          10           8          90          92          99          99         116         122         134         111           1           7           4           2           3           3           3           4           0           0           0           0           0           0           0           0           0           0           0           1           0           1           0           0           7           2           4           3           3           0           5           1           0           1           2           0           0           0           0           4           0           0           0           0           0           1           0           1           0           0           0           0           0           0           1           0           1           0           1           1           0           0           0           1           6           6           6           8           7           5           5           7           0           0           0           0           1           0           0           0           0           2           0           1           2           1           0           1           8           9           8           4           5          13           6           4
 Iteration  3   Mean: 0.5336E-05 Abs mean: 0.5336E-05   Fluctuation:  0.155E-06   0.160E-03    93.2%
  3    0.5336E-05 0.5336E-05 +- 0.1546E-06      1.83
 Relative summed weights:
  0.6833E-01  0.5152E-01  0.4880E-01  0.4722E-01  0.5034E-01  0.6379E-01  0.6996E-01  0.5825E-01  0.8015E-03  0.4316E-02  0.4724E-02  0.2780E-02  0.3870E-02  0.1080E-02  0.1462E-02  0.3085E-02  0.4580E-02  0.2355E-02  0.2894E-02  0.6001E-02  0.3473E-02  0.5035E-03  0.2461E-02  0.3339E-02  0.5344E-01  0.3988E-01  0.4374E-01  0.4321E-01  0.5107E-01  0.5001E-01  0.4716E-01  0.6135E-01  0.3994E-03  0.1691E-02  0.1194E-02  0.2202E-02  0.2089E-02  0.4993E-02  0.2951E-02  0.6435E-03  0.0000E+00  0.0000E+00  0.0000E+00  0.0000E+00  0.0000E+00  0.0000E+00  0.4429E-04  0.0000E+00  0.0000E+00  0.3996E-03  0.0000E+00  0.0000E+00  0.7440E-04  0.2203E-05  0.0000E+00  0.7580E-03  0.2995E-02  0.1103E-02  0.3051E-02  0.1105E-02  0.3424E-03  0.7737E-03  0.2225E-02  0.4133E-02  0.1735E-05  0.4653E-07  0.0000E+00  0.1400E-03  0.2433E-03  0.0000E+00  0.3361E-04  0.5490E-03  0.0000E+00  0.0000E+00  0.0000E+00  0.0000E+00  0.0000E+00  0.0000E+00  0.2117E-03  0.0000E+00  0.7522E-05  0.0000E+00  0.0000E+00  0.0000E+00  0.0000E+00  0.0000E+00  0.0000E+00  0.2749E-03  0.0000E+00  0.0000E+00  0.5874E-03  0.2825E-02  0.1529E-03  0.1994E-02  0.1007E-03  0.1100E-02  0.2807E-02  0.1422E-02  0.2268E-02  0.7137E-03  0.5352E-02  0.4292E-02  0.9339E-02  0.1043E-01  0.0000E+00  0.1956E-03  0.8059E-03  0.1189E-02  0.3917E-04  0.7649E-04  0.0000E+00  0.5551E-03  0.4009E-03  0.7034E-04  0.5719E-04  0.0000E+00  0.0000E+00  0.8197E-03  0.4079E-04  0.2210E-03  0.5043E-03  0.3548E-02  0.2909E-02  0.4876E-02  0.3889E-02  0.1603E-02  0.2899E-02  0.1486E-02
 Relative number of events:
  0.5200E-01  0.5075E-01  0.4550E-01  0.4775E-01  0.5000E-01  0.5825E-01  0.6325E-01  0.5775E-01  0.1750E-02  0.3000E-02  0.4000E-02  0.2500E-02  0.4250E-02  0.2750E-02  0.2500E-02  0.2750E-02  0.4000E-02  0.2250E-02  0.3250E-02  0.3000E-02  0.4250E-02  0.2250E-02  0.4250E-02  0.3750E-02  0.5400E-01  0.4700E-01  0.4575E-01  0.4875E-01  0.6000E-01  0.5850E-01  0.5800E-01  0.5725E-01  0.7500E-03  0.1250E-02  0.1500E-02  0.2000E-02  0.1500E-02  0.3750E-02  0.2250E-02  0.1000E-02  0.0000E+00  0.0000E+00  0.0000E+00  0.0000E+00  0.0000E+00  0.0000E+00  0.2500E-03  0.0000E+00  0.0000E+00  0.2500E-03  0.0000E+00  0.0000E+00  0.2500E-03  0.2500E-03  0.0000E+00  0.5000E-03  0.5000E-03  0.2500E-02  0.2500E-02  0.1500E-02  0.5000E-03  0.2500E-02  0.1750E-02  0.1250E-02  0.2500E-03  0.2500E-03  0.0000E+00  0.2500E-03  0.2500E-03  0.0000E+00  0.2500E-03  0.1000E-02  0.0000E+00  0.0000E+00  0.0000E+00  0.0000E+00  0.0000E+00  0.0000E+00  0.2500E-03  0.0000E+00  0.2500E-03  0.0000E+00  0.0000E+00  0.0000E+00  0.0000E+00  0.0000E+00  0.0000E+00  0.2500E-03  0.0000E+00  0.0000E+00  0.7500E-03  0.5000E-03  0.2500E-03  0.1250E-02  0.7500E-03  0.2500E-03  0.4000E-02  0.3750E-02  0.3250E-02  0.2000E-02  0.4250E-02  0.4000E-02  0.4000E-02  0.5000E-02  0.0000E+00  0.2500E-03  0.2500E-03  0.7500E-03  0.5000E-03  0.2500E-03  0.0000E+00  0.2500E-03  0.5000E-03  0.5000E-03  0.5000E-03  0.0000E+00  0.0000E+00  0.2500E-03  0.2500E-03  0.2500E-03  0.3000E-02  0.2500E-02  0.2500E-02  0.3250E-02  0.4250E-02  0.3000E-02  0.2750E-02  0.3750E-02
 Events:
         208         203         182         191         200         233         253         231           7          12          16          10          17          11          10          11          16           9          13          12          17           9          17          15         216         188         183         195         240         234         232         229           3           5           6           8           6          15           9           4           0           0           0           0           0           0           1           0           0           1           0           0           1           1           0           2           2          10          10           6           2          10           7           5           1           1           0           1           1           0           1           4           0           0           0           0           0           0           1           0           1           0           0           0           0           0           0           1           0           0           3           2           1           5           3           1          16          15          13           8          17          16          16          20           0           1           1           3           2           1           0           1           2           2           2           0           0           1           1           1          12          10          10          13          17          12          11          15
 Accuracy:    0.008   0.100   0.025   0.111
 Finished due to accuracy    8.3003452803910235E-003  0.10000000000000001     

 -------------------------------------------------------------------------------
 Accumulated results:   Integral =  0.5300E-05
                        Std dev  =  0.1321E-06
                       Cross sec =  0.5300E-05
             Chi**2 per DoF.     =      0.1108
 -------------------------------------------------------------------------------
 Found          420  events.
 Wrote          239  events.
 Actual xsec    5.2998616113701700E-006
 Correct abs xsec    5.2998616113701700E-006
 Event xsec    5.2998616113701979E-006
 Events wgts > 1:            6
 % Cross section > 1:    4.2717416956239798E-008  0.80601004495277506     
-------------------------------------------------
---------------------------
 Results Last   3 iters: Integral =   0.5300E-05
                     Abs integral =   0.5300E-05
                          Std dev =   0.1321E-06
                  Chi**2 per DoF. =      0.1141
-------------------------------------------------
---------------------------
 Status  0.10000000000000001                4           5

ls status:
events.lhe
ftn26
input_app.txt
input_sg.txt
moffset.dat
results.dat
run1_app.log
