 Process in group number            1
 A PDF is used, so alpha_s(MZ) is going to be modified
 Old value of alpha_s from param_card:   0.11839999999999999     
  ****************************************
 
       NNPDFDriver version 1.0.3
   Grid: NNPDF23_lo_as_0130_qed_mem0.grid
  ****************************************
 New value of alpha_s from PDF nn23lo1:  0.13000000000000000     
 Define smin to   88.360000000000014     
 Define smin to   88.360000000000014     
 Define smin to   88.360000000000014     
 Define smin to   88.360000000000014     
 Warning: pt or E min of a jet should in general be >0
 Warning: pt or E min of a jet should in general be >0
 Warning: pt or E min of a jet should in general be >0
 Warning: pt or E min of a jet should in general be >0
 *****************************************************
 *               MadGraph/MadEvent                   *
 *        --------------------------------           *
 *          http://madgraph.hep.uiuc.edu             *
 *          http://madgraph.phys.ucl.ac.be           *
 *          http://madgraph.roma2.infn.it            *
 *        --------------------------------           *
 *                                                   *
 *          PARAMETER AND COUPLING VALUES            *
 *                                                   *
 *****************************************************

  External Params
  ---------------------------------
  
 mdl_cabi =   0.22773599999999999     
 aEWM1 =    127.90000000000001     
 mdl_Gf =    1.1663700000000000E-005
 aS =   0.11839999999999999     
 mdl_ymb =    4.7000000000000002     
 mdl_ymt =    172.00000000000000     
 mdl_ymtau =    1.7769999999999999     
 mdl_Lambda =    5000.0000000000000     
 mdl_ca =    1.0000000000000000     
 mdl_kSM =    5.0000000000000003E-002
 mdl_kHtt =    0.0000000000000000     
 mdl_kAtt =    0.0000000000000000     
 mdl_kHbb =    0.0000000000000000     
 mdl_kAbb =    0.0000000000000000     
 mdl_kHll =    0.0000000000000000     
 mdl_kAll =    0.0000000000000000     
 mdl_kHaa =    0.0000000000000000     
 mdl_kAaa =    0.0000000000000000     
 mdl_kHza =    0.0000000000000000     
 mdl_kAza =    0.0000000000000000     
 mdl_kHgg =    0.0000000000000000     
 mdl_kAgg =    0.0000000000000000     
 mdl_kHzz =  -0.52481000000000000     
 mdl_kAzz =    0.0000000000000000     
 mdl_kHww =  -0.52481000000000000     
 mdl_kAww =    0.0000000000000000     
 mdl_kHda =    0.0000000000000000     
 mdl_kHdz =  -0.26240500000000000     
 mdl_kHdwR =  -0.26240500000000000     
 mdl_kHdwI =    0.0000000000000000     
 mdl_kHHgg =    1.0000000000000000     
 mdl_kAAgg =    1.0000000000000000     
 mdl_kqa =    1.0000000000000000     
 mdl_kqb =    1.0000000000000000     
 mdl_kla =    1.0000000000000000     
 mdl_klb =    1.0000000000000000     
 mdl_kw1 =    1.0000000000000000     
 mdl_kw2 =    1.0000000000000000     
 mdl_kw3 =    0.0000000000000000     
 mdl_kw4 =    0.0000000000000000     
 mdl_kw5 =    0.0000000000000000     
 mdl_kz1 =    0.0000000000000000     
 mdl_kz3 =    1.0000000000000000     
 mdl_kz5 =    0.0000000000000000     
 mdl_kq =    1.0000000000000000     
 mdl_kq3 =    1.0000000000000000     
 mdl_kl =    1.0000000000000000     
 mdl_kg =    1.0000000000000000     
 mdl_ka =    1.0000000000000000     
 mdl_kz =    1.0000000000000000     
 mdl_kw =    1.0000000000000000     
 mdl_kza =    0.0000000000000000     
 mdl_MZ =    91.187600000000003     
 mdl_MTA =    1.7769999999999999     
 mdl_MT =    172.00000000000000     
 mdl_MB =    4.7000000000000002     
 mdl_MX0 =    600.00000000000000     
 mdl_MX1 =    125.00000000000000     
 mdl_MX2 =    125.00000000000000     
 mdl_WZ =    2.4952000000000001     
 mdl_WW =    2.0850000000000000     
 mdl_WT =    1.5083359999999999     
 mdl_WX0 =   0.15059000000000000     
 mdl_WX1 =    4.0699999999999998E-003
 mdl_WX2 =    4.0699999999999998E-003
  Internal Params
  ---------------------------------
  
 mdl_cos__cabi =   0.97418004031982097     
 mdl_CKM1x1 =  ( 0.97418004031982097     ,  0.0000000000000000     )
 mdl_sin__cabi =   0.22577256042856930     
 mdl_CKM1x2 =  ( 0.22577256042856930     ,  0.0000000000000000     )
 mdl_CKM2x1 =  (-0.22577256042856930     ,  0.0000000000000000     )
 mdl_CKM2x2 =  ( 0.97418004031982097     ,  0.0000000000000000     )
 mdl_ca__exp__2 =    1.0000000000000000     
 mdl_sa =    0.0000000000000000     
 mdl_complexi =  (  0.0000000000000000     ,  1.0000000000000000     )
 mdl_kHdw =  (-0.26240500000000000     ,  0.0000000000000000     )
 mdl_MZ__exp__2 =    8315.1783937600012     
 mdl_MZ__exp__4 =    69142191.720053151     
 mdl_sqrt__2 =    1.4142135623730951     
 mdl_nb__2__exp__0_75 =    1.6817928305074290     
 mdl_MX0__exp__2 =    360000.00000000000     
 mdl_ca__exp__4 =    1.0000000000000000     
 mdl_ca__exp__3 =    1.0000000000000000     
 mdl_conjg__CKM1x1 =  ( 0.97418004031982097     , -0.0000000000000000     )
 mdl_conjg__CKM1x2 =  ( 0.22577256042856930     , -0.0000000000000000     )
 mdl_conjg__CKM2x1 =  (-0.22577256042856930     , -0.0000000000000000     )
 mdl_conjg__CKM2x2 =  ( 0.97418004031982097     , -0.0000000000000000     )
 mdl_conjg__kHdw =  (-0.26240500000000000     , -0.0000000000000000     )
 mdl_aEW =    7.8186082877247844E-003
 mdl_MW =    79.824359746197842     
 mdl_sqrt__aEW =    8.8422894590285753E-002
 mdl_ee =   0.31345100004952897     
 mdl_MW__exp__2 =    6371.9284088904105     
 mdl_sw2 =   0.23369913342182447     
 mdl_cw =   0.87538612427783857     
 mdl_sqrt__sw2 =   0.48342438232036300     
 mdl_sw =   0.48342438232036300     
 mdl_ad =  -0.12747442148678401     
 mdl_al =   -1.2074027013887732E-002
 mdl_an =   0.18517461872323218     
 mdl_au =    6.9774224250335873E-002
 mdl_bd =  -0.18517461872323218     
 mdl_bl =  -0.18517461872323218     
 mdl_bn =   0.18517461872323218     
 mdl_bu =   0.18517461872323218     
 mdl_gwwz =  -0.56759788318358417     
 mdl_g1 =   0.35807170271074895     
 mdl_gw =   0.64839716719502682     
 mdl_vev =    246.22056907348590     
 mdl_ee__exp__2 =    9.8251529432049817E-002
 mdl_gAaa =    1.3477023594718659E-005
 mdl_vev__exp__2 =    60624.568634871241     
 mdl_cw__exp__2 =   0.76630086657817542     
 mdl_gAza =    4.4999802188047602E-006
 mdl_gHaa =    2.6392504539657372E-005
 mdl_gHza =    3.9166441035016922E-005
 mdl_lam =    2.9690932909411916     
 mdl_yb =    2.6995322804122722E-002
 mdl_yt =   0.98791394091683138     
 mdl_ytau =    1.0206529494239589E-002
 mdl_muH =    424.26406871192853     
 mdl_sw__exp__2 =   0.23369913342182450     
  Internal Params evaluated point by point
  ----------------------------------------
  
 mdl_sqrt__aS =   0.34409301068170506     
 mdl_G__exp__2 =    1.4878582807401259     
 mdl_gAAgg =    3.1083017473614446E-007
 mdl_gAgg =    7.6532782508744533E-005
 mdl_gHgg =   -5.1021855005829691E-005
 mdl_gHHgg =    2.0722011649076294E-007
  Couplings of HC_UFO
  ---------------------------------
  
        GC_10 =  -0.00000E+00   0.00000E+00
        GC_13 =  -0.00000E+00  -0.20722E-06
        GC_62 =   0.00000E+00   0.00000E+00
        GC_64 =   0.00000E+00   0.00000E+00
         GC_1 =  -0.00000E+00  -0.10448E+00
         GC_2 =   0.00000E+00   0.20897E+00
         GC_3 =  -0.00000E+00  -0.31345E+00
         GC_9 =  -0.00000E+00  -0.00000E+00
        GC_16 =  -0.00000E+00  -0.00000E+00
        GC_17 =   0.00000E+00  -0.12074E-01
        GC_19 =  -0.00000E+00   0.18517E+00
        GC_21 =   0.00000E+00  -0.12747E+00
        GC_22 =   0.00000E+00   0.69774E-01
        GC_23 =  -0.00000E+00   0.18517E+00
        GC_24 =  -0.00000E+00  -0.18517E+00
        GC_61 =   0.00000E+00   0.00000E+00
        GC_66 =   0.00000E+00   0.00000E+00
        GC_77 =  -0.00000E+00  -0.28380E+00
        GC_78 =   0.00000E+00   0.28380E+00
        GC_89 =  -0.00000E+00  -0.28850E-01
        GC_90 =   0.00000E+00   0.86550E-01
        GC_98 =  -0.00000E+00  -0.21932E+03
       GC_100 =   0.00000E+00   0.33771E+01
       GC_101 =  -0.00000E+00  -0.00000E+00
       GC_102 =   0.00000E+00   0.00000E+00
       GC_105 =  -0.00000E+00  -0.00000E+00
       GC_106 =   0.00000E+00   0.00000E+00
        GC_35 =  -0.00000E+00  -0.20000E-03
        GC_38 =  -0.00000E+00  -0.00000E+00
        GC_40 =   0.00000E+00   0.52481E-04
        GC_42 =   0.00000E+00   0.10496E-03
        GC_43 =   0.00000E+00   0.50000E-04
        GC_45 =   0.00000E+00   0.50000E-04
        GC_49 =   0.00000E+00   0.50000E-04
        GC_56 =  -0.00000E+00  -0.94000E-03
        GC_58 =  -0.00000E+00  -0.35540E-03
        GC_68 =   0.00000E+00   0.00000E+00

 Collider parameters:
 --------------------

 Running at P P   machine @    13000.000000000000       GeV
 PDF set = nn23lo1
 alpha_s(Mz)= 0.1300 running at 2 loops.
 alpha_s(Mz)= 0.1300 running at 2 loops.
 Renormalization scale set on event-by-event basis
 Factorization   scale set on event-by-event basis


 getting user params
Enter number of events and max and min iterations: 
 Number of events and iterations         1000           5           3
Enter desired fractional accuracy: 
 Desired fractional accuracy:   0.10000000000000001     
Enter 0 for fixed, 2 for adjustable grid: 
Suppress amplitude (0 no, 1 yes)? 
 Using suppressed amplitude.
Exact helicity sum (0 yes, n = number/event)? 
 Explicitly summing over helicities
Enter Configuration Number: 
Running Configuration Number:    8
 Using dconfig=         202
 BW Setting            1           1           1           1           2           0
 Attempting mappinvarients           1           8
 Completed mapping           8
 about to integrate           16        1000           5           3          16           1
 Using non-zero grid deformation.
 16 dimensions   1000 events 16 invarients  5 iterations  1 config(s),  (0.99)
 Using h-tuple random number sequence.
 Error opening grid
 Using Uniform Grid!          32
 Using uniform alpha   1.0000000000000000     
 Grid defined OK
 Set CM energy to      13000.00
 Mapping Graph           8  to config           8
 Setting BW          -1           1   91.187600000000003     
 Setting BW          -2           2   91.187600000000003     
 Setting BW          -3           3   600.00000000000000     
 Setting BW          -4           4   91.187600000000003     
Setting grid   5    0.25116E-02   1
 Transforming s_hat 1/s           15   2.5115575576956360E-003   88.360000000000014        168999999.99999997     
   8   1   2   3   4   5   6   7   8   9  10  11  12  13  14
  15  16
 Masses: 0.000E+00 0.000E+00 0.470E+01 0.470E+01 0.000E+00 0.000E+00 0.000E+00 0.000E+00
Using random seed offsets     8 :      6
  with seed                   24
 Ranmar initialization seeds       31066        9403
 
 ********************************************
 * You are using the DiscreteSampler module *
 *      part of the MG5_aMC framework       *
 *         Author: Valentin Hirschi         *
 ********************************************
 
  Particle       3       4       5       6       7       8
      Et >     0.0     0.0     0.0     0.0     0.0     0.0
       E >     0.0     0.0     0.0     0.0     0.0     0.0
     Eta <    -1.0    -1.0    -1.0    -1.0    -1.0    -1.0
   xqcut:      0.0     0.0     0.0     0.0     0.0     0.0
d R # 3  >    -0.0     0.0     0.0     0.0     0.0     0.0
d R # 4  >    -0.0    -0.0     0.0     0.0     0.0     0.0
d R # 5  >    -0.0    -0.0    -0.0     0.0     0.0     0.0
d R # 6  >    -0.0    -0.0    -0.0    -0.0     0.0     0.0
d R # 7  >    -0.0    -0.0    -0.0    -0.0    -0.0     0.0
s min # 3>     0.0    88.4    22.1    22.1    22.1     0.0
s min # 4>     0.0     0.0    22.1    22.1    22.1     0.0
s min # 5>     0.0     0.0     0.0     0.0     0.0     0.0
s min # 6>     0.0     0.0     0.0     0.0     0.0     0.0
s min # 7>     0.0     0.0     0.0     0.0     0.0     0.0
xqcutij # 3>     0.0     0.0     0.0     0.0     0.0     0.0
xqcutij # 4>     0.0     0.0     0.0     0.0     0.0     0.0
xqcutij # 5>     0.0     0.0     0.0     0.0     0.0     0.0
xqcutij # 6>     0.0     0.0     0.0     0.0     0.0     0.0
xqcutij # 7>     0.0     0.0     0.0     0.0     0.0     0.0
 Requiring BW           -1           1
 Requiring BW           -2           2
 Requiring BW           -3           3
 Requiring BW           -4           4
 Excluding BW           -5           5
 alpha_s for scale    229.38535116092072       is   0.11270731087826220     
 Added good helicity            1   11.233047220422586       in event            1 local:           1
 Added good helicity            4   42.515772299283419       in event            1 local:           1
 Added good helicity           13   159.81245424414934       in event            1 local:           1
 Added good helicity           16   1.7724546214297372       in event            1 local:           1
 Added good helicity           17   4.9039754894138910E-003  in event            1 local:           1
 Added good helicity           20   1.8560974700624878E-002  in event            1 local:           1
 Added good helicity           29   6.9768811893849161E-002  in event            1 local:           1
 Added good helicity           32   7.7379484382358301E-004  in event            1 local:           1
 Added good helicity           33   2.2852709682136319E-003  in event            1 local:           1
 Added good helicity           36   8.6494838150496522E-003  in event            1 local:           1
 Added good helicity           45   3.2512527978973839E-002  in event            1 local:           1
 Added good helicity           48   3.6059129899011251E-004  in event            1 local:           1
 Added good helicity           49   2.0757047830326628E-003  in event            1 local:           1
 Added good helicity           52   7.8563002704648294E-003  in event            1 local:           1
 Added good helicity           61   2.9531031887738292E-002  in event            1 local:           1
 Added good helicity           64   3.2752399800484790E-004  in event            1 local:           1
 Added good helicity          193  0.32011253005353335       in event            1 local:           1
 Added good helicity          196   1.2115885539197060       in event            1 local:           1
 Added good helicity          205   4.5542378713720684       in event            1 local:           1
 Added good helicity          208   5.0510331002561797E-002  in event            1 local:           1
 Added good helicity          209   6.2949125633493608E-003  in event            1 local:           1
 Added good helicity          212   2.3825509137064927E-002  in event            1 local:           1
 Added good helicity          221   8.9557660202139316E-002  in event            1 local:           1
 Added good helicity          224   9.9326982656313843E-004  in event            1 local:           1
 Added good helicity          225   1.0985535491415373E-002  in event            1 local:           1
 Added good helicity          228   4.1578969301362977E-002  in event            1 local:           1
 Added good helicity          237  0.15629110726761886       in event            1 local:           1
 Added good helicity          240   1.7333999197687890E-003  in event            1 local:           1
 Added good helicity          241   1.7747289650872122       in event            1 local:           1
 Added good helicity          244   6.7171419377112063       in event            1 local:           1
 Added good helicity          253   25.249051834582858       in event            1 local:           1
 Added good helicity          256  0.28003323534820063       in event            1 local:           1
 Added good helicity            1   11.233047220422554       in event            1 local:           1
 Added good helicity            4   42.515772299283483       in event            1 local:           1
 Added good helicity           13   159.81245424414928       in event            1 local:           1
 Added good helicity           16   1.7724546214297512       in event            1 local:           1
 Added good helicity           17   4.9039754894138841E-003  in event            1 local:           1
 Added good helicity           20   1.8560974700624920E-002  in event            1 local:           1
 Added good helicity           29   6.9768811893849120E-002  in event            1 local:           1
 Added good helicity           32   7.7379484382359049E-004  in event            1 local:           1
 Added good helicity           33   2.2852709682136237E-003  in event            1 local:           1
 Added good helicity           36   8.6494838150496644E-003  in event            1 local:           1
 Added good helicity           45   3.2512527978973804E-002  in event            1 local:           1
 Added good helicity           48   3.6059129899011593E-004  in event            1 local:           1
 Added good helicity           49   2.0757047830326524E-003  in event            1 local:           1
 Added good helicity           52   7.8563002704648138E-003  in event            1 local:           1
 Added good helicity           61   2.9531031887738174E-002  in event            1 local:           1
 Added good helicity           64   3.2752399800484969E-004  in event            1 local:           1
 Added good helicity          193  0.32011253005353318       in event            1 local:           1
 Added good helicity          196   1.2115885539197067       in event            1 local:           1
 Added good helicity          205   4.5542378713720595       in event            1 local:           1
 Added good helicity          208   5.0510331002562213E-002  in event            1 local:           1
 Added good helicity          209   6.2949125633493400E-003  in event            1 local:           1
 Added good helicity          212   2.3825509137064937E-002  in event            1 local:           1
 Added good helicity          221   8.9557660202139136E-002  in event            1 local:           1
 Added good helicity          224   9.9326982656314710E-004  in event            1 local:           1
 Added good helicity          225   1.0985535491415330E-002  in event            1 local:           1
 Added good helicity          228   4.1578969301362997E-002  in event            1 local:           1
 Added good helicity          237  0.15629110726761863       in event            1 local:           1
 Added good helicity          240   1.7333999197688022E-003  in event            1 local:           1
 Added good helicity          241   1.7747289650872140       in event            1 local:           1
 Added good helicity          244   6.7171419377112205       in event            1 local:           1
 Added good helicity          253   25.249051834582854       in event            1 local:           1
 Added good helicity          256  0.28003323534820251       in event            1 local:           1
 RESET CUMULATIVE VARIABLE
 RESET CUMULATIVE VARIABLE
 RESET CUMULATIVE VARIABLE
 Iteration  1   Mean: 0.9039E-05 Abs mean: 0.9039E-05   Fluctuation:  0.199E-05   0.122E-02    81.5%
  1    0.9039E-05 0.9039E-05 +- 0.1985E-05      6.95
 Writing out events   2.2180912020063581E-009   6.9459527688691853     
 Relative summed weights:
  0.9859E-01  0.4518E-01  0.1648E+00  0.1449E+00  0.9211E-01  0.1098E+00  0.2840E+00  0.6060E-01
 Relative number of events:
  0.1130E+00  0.1189E+00  0.1576E+00  0.1546E+00  0.9812E-01  0.8424E-01  0.1278E+00  0.1457E+00
 Events:
         114         120         159         156          99          85         129         147
 Iteration  2   Mean: 0.5857E-05 Abs mean: 0.5857E-05   Fluctuation:  0.396E-06   0.356E-03    93.6%
  2    0.5857E-05 0.5857E-05 +- 0.3962E-06      3.03
 Relative summed weights:
  0.9946E-01  0.1347E+00  0.1602E+00  0.1558E+00  0.9907E-01  0.9740E-01  0.1072E+00  0.1462E+00
 Relative number of events:
  0.1275E+00  0.1205E+00  0.1535E+00  0.1490E+00  0.8850E-01  0.9950E-01  0.1375E+00  0.1240E+00
 Events:
         255         241         307         298         177         199         275         248
 Iteration  3   Mean: 0.6904E-05 Abs mean: 0.6904E-05   Fluctuation:  0.254E-06   0.363E-03    95.5%
  3    0.6904E-05 0.6904E-05 +- 0.2538E-06      2.32
 Relative summed weights:
  0.1255E+00  0.1304E+00  0.1503E+00  0.1673E+00  0.8585E-01  0.1291E+00  0.1056E+00  0.1060E+00
 Relative number of events:
  0.1215E+00  0.1222E+00  0.1680E+00  0.1578E+00  0.8850E-01  0.1077E+00  0.1182E+00  0.1160E+00
 Events:
         486         489         672         631         354         431         473         464
 Accuracy:    0.058   0.100   0.032   3.319
 Finished due to accuracy    5.8215546504166819E-002  0.10000000000000001     

 -------------------------------------------------------------------------------
 Accumulated results:   Integral =  0.6716E-05
                        Std dev  =  0.2146E-06
                       Cross sec =  0.6716E-05
             Chi**2 per DoF.     =      3.3189
 -------------------------------------------------------------------------------
 Found          448  events.
 Wrote          132  events.
 Actual xsec    6.7158914663660949E-006
 Correct abs xsec    6.7158914663660949E-006
 Event xsec    6.7158914663660941E-006
 Events wgts > 1:            3
 % Cross section > 1:    6.1960764910691721E-008  0.92259925910056595     
-------------------------------------------------
---------------------------
 Results Last   3 iters: Integral =   0.6716E-05
                     Abs integral =   0.6716E-05
                          Std dev =   0.2146E-06
                  Chi**2 per DoF. =      3.3106
-------------------------------------------------
---------------------------
 Status  0.10000000000000001                4           5

ls status:
events.lhe
ftn26
input_app.txt
results.dat
run1_app.log
