 Process in group number            1
 A PDF is used, so alpha_s(MZ) is going to be modified
 Old value of alpha_s from param_card:   0.11839999999999999     
  ****************************************
 
       NNPDFDriver version 1.0.3
   Grid: NNPDF23_lo_as_0130_qed_mem0.grid
  ****************************************
 New value of alpha_s from PDF nn23lo1:  0.13000000000000000     
 Define smin to   353.44000000000005     
 Warning: pt or E min of a jet should in general be >0
 Warning: pt or E min of a jet should in general be >0
 Warning: pt or E min of a jet should in general be >0
 Warning: pt or E min of a jet should in general be >0
 *****************************************************
 *               MadGraph/MadEvent                   *
 *        --------------------------------           *
 *          http://madgraph.hep.uiuc.edu             *
 *          http://madgraph.phys.ucl.ac.be           *
 *          http://madgraph.roma2.infn.it            *
 *        --------------------------------           *
 *                                                   *
 *          PARAMETER AND COUPLING VALUES            *
 *                                                   *
 *****************************************************

  External Params
  ---------------------------------
  
 mdl_cabi =   0.22773599999999999     
 aEWM1 =    127.90000000000001     
 mdl_Gf =    1.1663700000000000E-005
 aS =   0.11839999999999999     
 mdl_ymb =    4.7000000000000002     
 mdl_ymt =    172.00000000000000     
 mdl_ymtau =    1.7769999999999999     
 mdl_Lambda =    5000.0000000000000     
 mdl_ca =    1.0000000000000000     
 mdl_kSM =    5.0000000000000003E-002
 mdl_kHtt =    0.0000000000000000     
 mdl_kAtt =    0.0000000000000000     
 mdl_kHbb =    0.0000000000000000     
 mdl_kAbb =    0.0000000000000000     
 mdl_kHll =    0.0000000000000000     
 mdl_kAll =    0.0000000000000000     
 mdl_kHaa =    0.0000000000000000     
 mdl_kAaa =    0.0000000000000000     
 mdl_kHza =    0.0000000000000000     
 mdl_kAza =    0.0000000000000000     
 mdl_kHgg =    0.0000000000000000     
 mdl_kAgg =    0.0000000000000000     
 mdl_kHzz =  -0.52481000000000000     
 mdl_kAzz =    0.0000000000000000     
 mdl_kHww =  -0.52481000000000000     
 mdl_kAww =    0.0000000000000000     
 mdl_kHda =    0.0000000000000000     
 mdl_kHdz =  -0.26240500000000000     
 mdl_kHdwR =  -0.26240500000000000     
 mdl_kHdwI =    0.0000000000000000     
 mdl_kHHgg =    1.0000000000000000     
 mdl_kAAgg =    1.0000000000000000     
 mdl_kqa =    1.0000000000000000     
 mdl_kqb =    1.0000000000000000     
 mdl_kla =    1.0000000000000000     
 mdl_klb =    1.0000000000000000     
 mdl_kw1 =    1.0000000000000000     
 mdl_kw2 =    1.0000000000000000     
 mdl_kw3 =    0.0000000000000000     
 mdl_kw4 =    0.0000000000000000     
 mdl_kw5 =    0.0000000000000000     
 mdl_kz1 =    0.0000000000000000     
 mdl_kz3 =    1.0000000000000000     
 mdl_kz5 =    0.0000000000000000     
 mdl_kq =    1.0000000000000000     
 mdl_kq3 =    1.0000000000000000     
 mdl_kl =    1.0000000000000000     
 mdl_kg =    1.0000000000000000     
 mdl_ka =    1.0000000000000000     
 mdl_kz =    1.0000000000000000     
 mdl_kw =    1.0000000000000000     
 mdl_kza =    0.0000000000000000     
 mdl_MZ =    91.187600000000003     
 mdl_MTA =    1.7769999999999999     
 mdl_MT =    172.00000000000000     
 mdl_MB =    4.7000000000000002     
 mdl_MX0 =    600.00000000000000     
 mdl_MX1 =    125.00000000000000     
 mdl_MX2 =    125.00000000000000     
 mdl_WZ =    2.4952000000000001     
 mdl_WW =    2.0850000000000000     
 mdl_WT =    1.5083359999999999     
 mdl_WX0 =   0.15059000000000000     
 mdl_WX1 =    4.0699999999999998E-003
 mdl_WX2 =    4.0699999999999998E-003
  Internal Params
  ---------------------------------
  
 mdl_cos__cabi =   0.97418004031982097     
 mdl_CKM1x1 =  ( 0.97418004031982097     ,  0.0000000000000000     )
 mdl_sin__cabi =   0.22577256042856930     
 mdl_CKM1x2 =  ( 0.22577256042856930     ,  0.0000000000000000     )
 mdl_CKM2x1 =  (-0.22577256042856930     ,  0.0000000000000000     )
 mdl_CKM2x2 =  ( 0.97418004031982097     ,  0.0000000000000000     )
 mdl_ca__exp__2 =    1.0000000000000000     
 mdl_sa =    0.0000000000000000     
 mdl_complexi =  (  0.0000000000000000     ,  1.0000000000000000     )
 mdl_kHdw =  (-0.26240500000000000     ,  0.0000000000000000     )
 mdl_MZ__exp__2 =    8315.1783937600012     
 mdl_MZ__exp__4 =    69142191.720053151     
 mdl_sqrt__2 =    1.4142135623730951     
 mdl_nb__2__exp__0_75 =    1.6817928305074290     
 mdl_MX0__exp__2 =    360000.00000000000     
 mdl_ca__exp__4 =    1.0000000000000000     
 mdl_ca__exp__3 =    1.0000000000000000     
 mdl_conjg__CKM1x1 =  ( 0.97418004031982097     , -0.0000000000000000     )
 mdl_conjg__CKM1x2 =  ( 0.22577256042856930     , -0.0000000000000000     )
 mdl_conjg__CKM2x1 =  (-0.22577256042856930     , -0.0000000000000000     )
 mdl_conjg__CKM2x2 =  ( 0.97418004031982097     , -0.0000000000000000     )
 mdl_conjg__kHdw =  (-0.26240500000000000     , -0.0000000000000000     )
 mdl_aEW =    7.8186082877247844E-003
 mdl_MW =    79.824359746197842     
 mdl_sqrt__aEW =    8.8422894590285753E-002
 mdl_ee =   0.31345100004952897     
 mdl_MW__exp__2 =    6371.9284088904105     
 mdl_sw2 =   0.23369913342182447     
 mdl_cw =   0.87538612427783857     
 mdl_sqrt__sw2 =   0.48342438232036300     
 mdl_sw =   0.48342438232036300     
 mdl_ad =  -0.12747442148678401     
 mdl_al =   -1.2074027013887732E-002
 mdl_an =   0.18517461872323218     
 mdl_au =    6.9774224250335873E-002
 mdl_bd =  -0.18517461872323218     
 mdl_bl =  -0.18517461872323218     
 mdl_bn =   0.18517461872323218     
 mdl_bu =   0.18517461872323218     
 mdl_gwwz =  -0.56759788318358417     
 mdl_g1 =   0.35807170271074895     
 mdl_gw =   0.64839716719502682     
 mdl_vev =    246.22056907348590     
 mdl_ee__exp__2 =    9.8251529432049817E-002
 mdl_gAaa =    1.3477023594718659E-005
 mdl_vev__exp__2 =    60624.568634871241     
 mdl_cw__exp__2 =   0.76630086657817542     
 mdl_gAza =    4.4999802188047602E-006
 mdl_gHaa =    2.6392504539657372E-005
 mdl_gHza =    3.9166441035016922E-005
 mdl_lam =    2.9690932909411916     
 mdl_yb =    2.6995322804122722E-002
 mdl_yt =   0.98791394091683138     
 mdl_ytau =    1.0206529494239589E-002
 mdl_muH =    424.26406871192853     
 mdl_sw__exp__2 =   0.23369913342182450     
  Internal Params evaluated point by point
  ----------------------------------------
  
 mdl_sqrt__aS =   0.34409301068170506     
 mdl_G__exp__2 =    1.4878582807401259     
 mdl_gAAgg =    3.1083017473614446E-007
 mdl_gAgg =    7.6532782508744533E-005
 mdl_gHgg =   -5.1021855005829691E-005
 mdl_gHHgg =    2.0722011649076294E-007
  Couplings of HC_UFO
  ---------------------------------
  
        GC_10 =  -0.00000E+00   0.00000E+00
        GC_13 =  -0.00000E+00  -0.20722E-06
        GC_62 =   0.00000E+00   0.00000E+00
        GC_64 =   0.00000E+00   0.00000E+00
         GC_1 =  -0.00000E+00  -0.10448E+00
         GC_2 =   0.00000E+00   0.20897E+00
         GC_3 =  -0.00000E+00  -0.31345E+00
         GC_9 =  -0.00000E+00  -0.00000E+00
        GC_16 =  -0.00000E+00  -0.00000E+00
        GC_17 =   0.00000E+00  -0.12074E-01
        GC_19 =  -0.00000E+00   0.18517E+00
        GC_21 =   0.00000E+00  -0.12747E+00
        GC_22 =   0.00000E+00   0.69774E-01
        GC_23 =  -0.00000E+00   0.18517E+00
        GC_24 =  -0.00000E+00  -0.18517E+00
        GC_61 =   0.00000E+00   0.00000E+00
        GC_66 =   0.00000E+00   0.00000E+00
        GC_77 =  -0.00000E+00  -0.28380E+00
        GC_78 =   0.00000E+00   0.28380E+00
        GC_89 =  -0.00000E+00  -0.28850E-01
        GC_90 =   0.00000E+00   0.86550E-01
        GC_98 =  -0.00000E+00  -0.21932E+03
       GC_100 =   0.00000E+00   0.33771E+01
       GC_101 =  -0.00000E+00  -0.00000E+00
       GC_102 =   0.00000E+00   0.00000E+00
       GC_105 =  -0.00000E+00  -0.00000E+00
       GC_106 =   0.00000E+00   0.00000E+00
        GC_35 =  -0.00000E+00  -0.20000E-03
        GC_38 =  -0.00000E+00  -0.00000E+00
        GC_40 =   0.00000E+00   0.52481E-04
        GC_42 =   0.00000E+00   0.10496E-03
        GC_43 =   0.00000E+00   0.50000E-04
        GC_45 =   0.00000E+00   0.50000E-04
        GC_49 =   0.00000E+00   0.50000E-04
        GC_56 =  -0.00000E+00  -0.94000E-03
        GC_58 =  -0.00000E+00  -0.35540E-03
        GC_68 =   0.00000E+00   0.00000E+00

 Collider parameters:
 --------------------

 Running at P P   machine @    13000.000000000000       GeV
 PDF set = nn23lo1
 alpha_s(Mz)= 0.1300 running at 2 loops.
 alpha_s(Mz)= 0.1300 running at 2 loops.
 Renormalization scale set on event-by-event basis
 Factorization   scale set on event-by-event basis


 getting user params
Enter number of events and max and min iterations: 
 Number of events and iterations         1000           5           3
Enter desired fractional accuracy: 
 Desired fractional accuracy:   0.10000000000000001     
Enter 0 for fixed, 2 for adjustable grid: 
Suppress amplitude (0 no, 1 yes)? 
 Using suppressed amplitude.
Exact helicity sum (0 yes, n = number/event)? 
 Explicitly summing over helicities
Enter Configuration Number: 
Running Configuration Number:   33
 Not subdividing B.W.
 Attempting mappinvarients           1           8
 Completed mapping           8
 about to integrate           16        1000           5           3          16           1
 Using non-zero grid deformation.
 16 dimensions   1000 events 16 invarients  5 iterations  1 config(s),  (0.99)
 Using h-tuple random number sequence.
 Error opening grid
 Using Uniform Grid!          32
 Using uniform alpha   1.0000000000000000     
 Grid defined OK
 Set CM energy to      13000.00
 Mapping Graph          33  to config          33
Setting grid   1    0.52284E-06   1
Setting grid   2    0.59172E-08   1
 Setting BW          -3           1   600.00000000000000     
 Setting BW          -4           2   91.187600000000003     
Setting grid   5    0.17101E-04   1
 Transforming s_hat 1/s           15   2.5115575576956360E-003   353.44000000000005        168999999.99999997     
  33   1   2   3   4   5   6   7   8   9  10  11  12  13  14
  15  16
 Masses: 0.470E+01 0.470E+01 0.470E+01 0.470E+01 0.000E+00 0.000E+00 0.470E+01 0.470E+01
Using random seed offsets    33 :     17
  with seed                   24
 Ranmar initialization seeds       31091        9414
 
 ********************************************
 * You are using the DiscreteSampler module *
 *      part of the MG5_aMC framework       *
 *         Author: Valentin Hirschi         *
 ********************************************
 
  Particle       3       4       5       6       7       8
      Et >     0.0     0.0     0.0     0.0     0.0     0.0
       E >     0.0     0.0     0.0     0.0     0.0     0.0
     Eta <    -1.0    -1.0    -1.0    -1.0    -1.0    -1.0
   xqcut:      0.0     0.0     0.0     0.0     0.0     0.0
d R # 3  >    -0.0     0.0     0.0     0.0     0.0     0.0
d R # 4  >    -0.0    -0.0     0.0     0.0     0.0     0.0
d R # 5  >    -0.0    -0.0    -0.0     0.0     0.0     0.0
d R # 6  >    -0.0    -0.0    -0.0    -0.0     0.0     0.0
d R # 7  >    -0.0    -0.0    -0.0    -0.0    -0.0     0.0
s min # 3>     0.0    88.4    22.1    22.1    88.4     0.0
s min # 4>     0.0     0.0    22.1    22.1    88.4     0.0
s min # 5>     0.0     0.0     0.0     0.0    22.1     0.0
s min # 6>     0.0     0.0     0.0     0.0    22.1     0.0
s min # 7>     0.0     0.0     0.0     0.0     0.0     0.0
xqcutij # 3>     0.0     0.0     0.0     0.0     0.0     0.0
xqcutij # 4>     0.0     0.0     0.0     0.0     0.0     0.0
xqcutij # 5>     0.0     0.0     0.0     0.0     0.0     0.0
xqcutij # 6>     0.0     0.0     0.0     0.0     0.0     0.0
xqcutij # 7>     0.0     0.0     0.0     0.0     0.0     0.0
 No cut BW           -3           1
 No cut BW           -4           2
 alpha_s for scale    367.52967114241653       is   0.10556415587283371     
 Added good helicity            1   1.2115056818980030       in event            1 local:           1
 Added good helicity            2   1.2298796899260138E-002  in event            1 local:           1
 Added good helicity            3   1.3453390918837417E-002  in event            1 local:           1
 Added good helicity            4   9.4303442461943082E-002  in event            1 local:           1
 Added good helicity           13   2.2470170538698735       in event            1 local:           1
 Added good helicity           14   1.4747019493509497E-002  in event            1 local:           1
 Added good helicity           15   1.2498468686973177E-002  in event            1 local:           1
 Added good helicity           16   2.9312277855038135E-002  in event            1 local:           1
 Added good helicity           17   2.7890931399950171E-002  in event            1 local:           1
 Added good helicity           18   2.8313932468049610E-004  in event            1 local:           1
 Added good helicity           19   3.0972005234524130E-004  in event            1 local:           1
 Added good helicity           20   2.1710264209116948E-003  in event            1 local:           1
 Added good helicity           29   5.1730172990867615E-002  in event            1 local:           1
 Added good helicity           30   3.3950159309432710E-004  in event            1 local:           1
 Added good helicity           31   2.8773611049571796E-004  in event            1 local:           1
 Added good helicity           32   6.7481873427975916E-004  in event            1 local:           1
 Added good helicity           33   1.2113514439001343E-002  in event            1 local:           1
 Added good helicity           34   1.2297231127148407E-004  in event            1 local:           1
 Added good helicity           35   1.3451678154208381E-004  in event            1 local:           1
 Added good helicity           36   9.4291436596535599E-004  in event            1 local:           1
 Added good helicity           45   2.2467309838854376E-002  in event            1 local:           1
 Added good helicity           46   1.4745142035735122E-004  in event            1 local:           1
 Added good helicity           47   1.2496877494446798E-004  in event            1 local:           1
 Added good helicity           48   2.9308546079680528E-004  in event            1 local:           1
 Added good helicity           49   7.7650984170753959E-002  in event            1 local:           1
 Added good helicity           50   7.8828659049093102E-004  in event            1 local:           1
 Added good helicity           51   8.6228984386188003E-004  in event            1 local:           1
 Added good helicity           52   6.0443423644433742E-003  in event            1 local:           1
 Added good helicity           61  0.14402168168795557       in event            1 local:           1
 Added good helicity           62   9.4520446281548239E-004  in event            1 local:           1
 Added good helicity           63   8.0108447584856376E-004  in event            1 local:           1
 Added good helicity           64   1.8787590167669856E-003  in event            1 local:           1
 Added good helicity           65   1.3679009139634928       in event            1 local:           1
 Added good helicity           66   1.3886468524681417E-002  in event            1 local:           1
 Added good helicity           67   1.5190110957593660E-002  in event            1 local:           1
 Added good helicity           68  0.10647722669488556       in event            1 local:           1
 Added good helicity           77   2.5370881272836878       in event            1 local:           1
 Added good helicity           78   1.6650736141662927E-002  in event            1 local:           1
 Added good helicity           79   1.4111916267095199E-002  in event            1 local:           1
 Added good helicity           80   3.3096247312222007E-002  in event            1 local:           1
 Added good helicity           81   1.5246058892506921E-002  in event            1 local:           1
 Added good helicity           82   1.5477284558776668E-004  in event            1 local:           1
 Added good helicity           83   1.6930270597755338E-004  in event            1 local:           1
 Added good helicity           84   1.1867512129934586E-003  in event            1 local:           1
 Added good helicity           93   2.8277336910295769E-002  in event            1 local:           1
 Added good helicity           94   1.8558223130638358E-004  in event            1 local:           1
 Added good helicity           95   1.5728559305575697E-004  in event            1 local:           1
 Added good helicity           96   3.6887710980546755E-004  in event            1 local:           1
 Added good helicity           97   1.0875284702482441E-002  in event            1 local:           1
 Added good helicity           98   1.1040222078687942E-004  in event            1 local:           1
 Added good helicity           99   1.2076662837183994E-004  in event            1 local:           1
 Added good helicity          100   8.4653072661705154E-004  in event            1 local:           1
 Added good helicity          109   2.0170726854441226E-002  in event            1 local:           1
 Added good helicity          110   1.3237910304615179E-004  in event            1 local:           1
 Added good helicity          111   1.1219460820270316E-004  in event            1 local:           1
 Added good helicity          112   2.6312659669279953E-004  in event            1 local:           1
 Added good helicity          113   3.9080473830420882E-002  in event            1 local:           1
 Added good helicity          114   3.9673178388581639E-004  in event            1 local:           1
 Added good helicity          115   4.3397641429989710E-004  in event            1 local:           1
 Added good helicity          116   3.0420189276197259E-003  in event            1 local:           1
 Added good helicity          125   7.2483763371787524E-002  in event            1 local:           1
 Added good helicity          126   4.7570598966561382E-004  in event            1 local:           1
 Added good helicity          127   4.0317275085030276E-004  in event            1 local:           1
 Added good helicity          128   9.4554877021227595E-004  in event            1 local:           1
 Added good helicity          129  0.93502280576042129       in event            1 local:           1
 Added good helicity          130   9.4920360309065002E-003  in event            1 local:           1
 Added good helicity          131   1.0383135227410497E-002  in event            1 local:           1
 Added good helicity          132   7.2782051855912064E-002  in event            1 local:           1
 Added good helicity          141   1.7342157133009708       in event            1 local:           1
 Added good helicity          142   1.1381539310507133E-002  in event            1 local:           1
 Added good helicity          143   9.6461398687738894E-003  in event            1 local:           1
 Added good helicity          144   2.2622797971783890E-002  in event            1 local:           1
 Added good helicity          145   1.0447704093018075E-002  in event            1 local:           1
 Added good helicity          146   1.0606156671283044E-004  in event            1 local:           1
 Added good helicity          147   1.1601847970494565E-004  in event            1 local:           1
 Added good helicity          148   8.1324790838107372E-004  in event            1 local:           1
 Added good helicity          157   1.9377679875193631E-002  in event            1 local:           1
 Added good helicity          158   1.2717438987226118E-004  in event            1 local:           1
 Added good helicity          159   1.0778348332033777E-004  in event            1 local:           1
 Added good helicity          160   2.5278131988781512E-004  in event            1 local:           1
 Added good helicity          161   7.3697065591450022E-003  in event            1 local:           1
 Added good helicity          162   7.4814774319564907E-005  in event            1 local:           1
 Added good helicity          163   8.1838281717316099E-005  in event            1 local:           1
 Added good helicity          164   5.7365698638155225E-004  in event            1 local:           1
 Added good helicity          173   1.3668822662450921E-002  in event            1 local:           1
 Added good helicity          174   8.9707549797777983E-005  in event            1 local:           1
 Added good helicity          175   7.6029397169108271E-005  in event            1 local:           1
 Added good helicity          176   1.7830942900187106E-004  in event            1 local:           1
 Added good helicity          177   2.6705105045771796E-002  in event            1 local:           1
 Added good helicity          178   2.7110121565158816E-004  in event            1 local:           1
 Added good helicity          179   2.9655182231298272E-004  in event            1 local:           1
 Added good helicity          180   2.0787218539319342E-003  in event            1 local:           1
 Added good helicity          189   4.9530784180249199E-002  in event            1 local:           1
 Added good helicity          190   3.2506715450912057E-004  in event            1 local:           1
 Added good helicity          191   2.7550256196405418E-004  in event            1 local:           1
 Added good helicity          192   6.4612776559437287E-004  in event            1 local:           1
 Added good helicity          193   79.271772368340962       in event            1 local:           1
 Added good helicity          194  0.80474028539033171       in event            1 local:           1
 Added good helicity          195  0.88028818885074933       in event            1 local:           1
 Added good helicity          196   6.1705043039356271       in event            1 local:           1
 Added good helicity          205   147.02780768068163       in event            1 local:           1
 Added good helicity          206  0.96493346244115352       in event            1 local:           1
 Added good helicity          207  0.81780529758174814       in event            1 local:           1
 Added good helicity          208   1.9179738505904691       in event            1 local:           1
 Added good helicity          209  0.72696678215571597       in event            1 local:           1
 Added good helicity          210   7.3799214810406216E-003  in event            1 local:           1
 Added good helicity          211   8.0727382887945502E-003  in event            1 local:           1
 Added good helicity          212   5.6586998424442536E-002  in event            1 local:           1
 Added good helicity          221   1.3483277722161964       in event            1 local:           1
 Added good helicity          222   8.8489831024059305E-003  in event            1 local:           1
 Added good helicity          223   7.4997349983603407E-003  in event            1 local:           1
 Added good helicity          224   1.7588900017825353E-002  in event            1 local:           1
 Added good helicity          225  0.58990186631436448       in event            1 local:           1
 Added good helicity          226   5.9884847035374337E-003  in event            1 local:           1
 Added good helicity          227   6.5506753537017794E-003  in event            1 local:           1
 Added good helicity          228   4.5917883456408778E-002  in event            1 local:           1
 Added good helicity          237   1.0941092340907723       in event            1 local:           1
 Added good helicity          238   7.1805641952638888E-003  in event            1 local:           1
 Added good helicity          239   6.0857081519968027E-003  in event            1 local:           1
 Added good helicity          240   1.4272625932321450E-002  in event            1 local:           1
 Added good helicity          241  0.98835035208344568       in event            1 local:           1
 Added good helicity          242   1.0033399287523868E-002  in event            1 local:           1
 Added good helicity          243   1.0975320916793395E-002  in event            1 local:           1
 Added good helicity          244   7.6933061026939073E-002  in event            1 local:           1
 Added good helicity          253   1.8331239626136298       in event            1 local:           1
 Added good helicity          254   1.2030667397083366E-002  in event            1 local:           1
 Added good helicity          255   1.0196292193959232E-002  in event            1 local:           1
 Added good helicity          256   2.3913053460061107E-002  in event            1 local:           1
 Added good helicity            1   1.2115056818980059       in event            1 local:           1
 Added good helicity            2   1.2298796899260202E-002  in event            1 local:           1
 Added good helicity            3   1.3453390918837441E-002  in event            1 local:           1
 Added good helicity            4   9.4303442461943110E-002  in event            1 local:           1
 Added good helicity           13   2.2470170538698691       in event            1 local:           1
 Added good helicity           14   1.4747019493509513E-002  in event            1 local:           1
 Added good helicity           15   1.2498468686973149E-002  in event            1 local:           1
 Added good helicity           16   2.9312277855038149E-002  in event            1 local:           1
 Added good helicity           17   2.7890931399950230E-002  in event            1 local:           1
 Added good helicity           18   2.8313932468049751E-004  in event            1 local:           1
 Added good helicity           19   3.0972005234524243E-004  in event            1 local:           1
 Added good helicity           20   2.1710264209116956E-003  in event            1 local:           1
 Added good helicity           29   5.1730172990867601E-002  in event            1 local:           1
 Added good helicity           30   3.3950159309432802E-004  in event            1 local:           1
 Added good helicity           31   2.8773611049571769E-004  in event            1 local:           1
 Added good helicity           32   6.7481873427975938E-004  in event            1 local:           1
 Added good helicity           33   1.2113514439001371E-002  in event            1 local:           1
 Added good helicity           34   1.2297231127148469E-004  in event            1 local:           1
 Added good helicity           35   1.3451678154208428E-004  in event            1 local:           1
 Added good helicity           36   9.4291436596535729E-004  in event            1 local:           1
 Added good helicity           45   2.2467309838854387E-002  in event            1 local:           1
 Added good helicity           46   1.4745142035735133E-004  in event            1 local:           1
 Added good helicity           47   1.2496877494446801E-004  in event            1 local:           1
 Added good helicity           48   2.9308546079680566E-004  in event            1 local:           1
 Added good helicity           49   7.7650984170754167E-002  in event            1 local:           1
 Added good helicity           50   7.8828659049093536E-004  in event            1 local:           1
 Added good helicity           51   8.6228984386188263E-004  in event            1 local:           1
 Added good helicity           52   6.0443423644433751E-003  in event            1 local:           1
 Added good helicity           61  0.14402168168795546       in event            1 local:           1
 Added good helicity           62   9.4520446281548412E-004  in event            1 local:           1
 Added good helicity           63   8.0108447584856257E-004  in event            1 local:           1
 Added good helicity           64   1.8787590167669873E-003  in event            1 local:           1
 Added good helicity           65   1.3679009139634937       in event            1 local:           1
 Added good helicity           66   1.3886468524681462E-002  in event            1 local:           1
 Added good helicity           67   1.5190110957593697E-002  in event            1 local:           1
 Added good helicity           68  0.10647722669488538       in event            1 local:           1
 Added good helicity           77   2.5370881272836825       in event            1 local:           1
 Added good helicity           78   1.6650736141662941E-002  in event            1 local:           1
 Added good helicity           79   1.4111916267095157E-002  in event            1 local:           1
 Added good helicity           80   3.3096247312221959E-002  in event            1 local:           1
 Added good helicity           81   1.5246058892507082E-002  in event            1 local:           1
 Added good helicity           82   1.5477284558776879E-004  in event            1 local:           1
 Added good helicity           83   1.6930270597755547E-004  in event            1 local:           1
 Added good helicity           84   1.1867512129934690E-003  in event            1 local:           1
 Added good helicity           93   2.8277336910295995E-002  in event            1 local:           1
 Added good helicity           94   1.8558223130638569E-004  in event            1 local:           1
 Added good helicity           95   1.5728559305575802E-004  in event            1 local:           1
 Added good helicity           96   3.6887710980547085E-004  in event            1 local:           1
 Added good helicity           97   1.0875284702482443E-002  in event            1 local:           1
 Added good helicity           98   1.1040222078687980E-004  in event            1 local:           1
 Added good helicity           99   1.2076662837184016E-004  in event            1 local:           1
 Added good helicity          100   8.4653072661704969E-004  in event            1 local:           1
 Added good helicity          109   2.0170726854441167E-002  in event            1 local:           1
 Added good helicity          110   1.3237910304615179E-004  in event            1 local:           1
 Added good helicity          111   1.1219460820270276E-004  in event            1 local:           1
 Added good helicity          112   2.6312659669279915E-004  in event            1 local:           1
 Added good helicity          113   3.9080473830420570E-002  in event            1 local:           1
 Added good helicity          114   3.9673178388581449E-004  in event            1 local:           1
 Added good helicity          115   4.3397641429989445E-004  in event            1 local:           1
 Added good helicity          116   3.0420189276196947E-003  in event            1 local:           1
 Added good helicity          125   7.2483763371786733E-002  in event            1 local:           1
 Added good helicity          126   4.7570598966561030E-004  in event            1 local:           1
 Added good helicity          127   4.0317275085029815E-004  in event            1 local:           1
 Added good helicity          128   9.4554877021226760E-004  in event            1 local:           1
 Added good helicity          129  0.93502280576042762       in event            1 local:           1
 Added good helicity          130   9.4920360309065886E-003  in event            1 local:           1
 Added good helicity          131   1.0383135227410580E-002  in event            1 local:           1
 Added good helicity          132   7.2782051855912314E-002  in event            1 local:           1
 Added good helicity          141   1.7342157133009763       in event            1 local:           1
 Added good helicity          142   1.1381539310507210E-002  in event            1 local:           1
 Added good helicity          143   9.6461398687739206E-003  in event            1 local:           1
 Added good helicity          144   2.2622797971784028E-002  in event            1 local:           1
 Added good helicity          145   1.0447704093018127E-002  in event            1 local:           1
 Added good helicity          146   1.0606156671283134E-004  in event            1 local:           1
 Added good helicity          147   1.1601847970494638E-004  in event            1 local:           1
 Added good helicity          148   8.1324790838107567E-004  in event            1 local:           1
 Added good helicity          157   1.9377679875193676E-002  in event            1 local:           1
 Added good helicity          158   1.2717438987226197E-004  in event            1 local:           1
 Added good helicity          159   1.0778348332033790E-004  in event            1 local:           1
 Added good helicity          160   2.5278131988781631E-004  in event            1 local:           1
 Added good helicity          161   7.3697065591450369E-003  in event            1 local:           1
 Added good helicity          162   7.4814774319565449E-005  in event            1 local:           1
 Added good helicity          163   8.1838281717316546E-005  in event            1 local:           1
 Added good helicity          164   5.7365698638155312E-004  in event            1 local:           1
 Added good helicity          173   1.3668822662450933E-002  in event            1 local:           1
 Added good helicity          174   8.9707549797778390E-005  in event            1 local:           1
 Added good helicity          175   7.6029397169108271E-005  in event            1 local:           1
 Added good helicity          176   1.7830942900187138E-004  in event            1 local:           1
 Added good helicity          177   2.6705105045771827E-002  in event            1 local:           1
 Added good helicity          178   2.7110121565158908E-004  in event            1 local:           1
 Added good helicity          179   2.9655182231298332E-004  in event            1 local:           1
 Added good helicity          180   2.0787218539319303E-003  in event            1 local:           1
 Added good helicity          189   4.9530784180249095E-002  in event            1 local:           1
 Added good helicity          190   3.2506715450912073E-004  in event            1 local:           1
 Added good helicity          191   2.7550256196405326E-004  in event            1 local:           1
 Added good helicity          192   6.4612776559437200E-004  in event            1 local:           1
 Added good helicity          193   79.271772368341132       in event            1 local:           1
 Added good helicity          194  0.80474028539033560       in event            1 local:           1
 Added good helicity          195  0.88028818885075233       in event            1 local:           1
 Added good helicity          196   6.1705043039356253       in event            1 local:           1
 Added good helicity          205   147.02780768068143       in event            1 local:           1
 Added good helicity          206  0.96493346244115552       in event            1 local:           1
 Added good helicity          207  0.81780529758174658       in event            1 local:           1
 Added good helicity          208   1.9179738505904682       in event            1 local:           1
 Added good helicity          209  0.72696678215571731       in event            1 local:           1
 Added good helicity          210   7.3799214810406563E-003  in event            1 local:           1
 Added good helicity          211   8.0727382887945745E-003  in event            1 local:           1
 Added good helicity          212   5.6586998424442501E-002  in event            1 local:           1
 Added good helicity          221   1.3483277722161942       in event            1 local:           1
 Added good helicity          222   8.8489831024059582E-003  in event            1 local:           1
 Added good helicity          223   7.4997349983603268E-003  in event            1 local:           1
 Added good helicity          224   1.7588900017825360E-002  in event            1 local:           1
 Added good helicity          225  0.58990186631436692       in event            1 local:           1
 Added good helicity          226   5.9884847035374771E-003  in event            1 local:           1
 Added good helicity          227   6.5506753537018115E-003  in event            1 local:           1
 Added good helicity          228   4.5917883456408862E-002  in event            1 local:           1
 Added good helicity          237   1.0941092340907728       in event            1 local:           1
 Added good helicity          238   7.1805641952639183E-003  in event            1 local:           1
 Added good helicity          239   6.0857081519968053E-003  in event            1 local:           1
 Added good helicity          240   1.4272625932321474E-002  in event            1 local:           1
 Added good helicity          241  0.98835035208344790       in event            1 local:           1
 Added good helicity          242   1.0033399287523925E-002  in event            1 local:           1
 Added good helicity          243   1.0975320916793421E-002  in event            1 local:           1
 Added good helicity          244   7.6933061026938976E-002  in event            1 local:           1
 Added good helicity          253   1.8331239626136266       in event            1 local:           1
 Added good helicity          254   1.2030667397083378E-002  in event            1 local:           1
 Added good helicity          255   1.0196292193959211E-002  in event            1 local:           1
 Added good helicity          256   2.3913053460061083E-002  in event            1 local:           1
 RESET CUMULATIVE VARIABLE
 RESET CUMULATIVE VARIABLE
 RESET CUMULATIVE VARIABLE
 No points passed cuts!
 Loosen cuts or increase max_events      500000
 Deleting file events.lhe

ls status:
events.lhe
grid_information
input_app.txt
results.dat
run1_app.log
