 Process in group number            2
 A PDF is used, so alpha_s(MZ) is going to be modified
 Old value of alpha_s from param_card:   0.11839999999999999     
  ****************************************
 
       NNPDFDriver version 1.0.3
   Grid: NNPDF23_lo_as_0130_qed_mem0.grid
  ****************************************
 New value of alpha_s from PDF nn23lo1:  0.13000000000000000     
 Define smin to   28.419560999999995     
 Define smin to   28.419560999999995     
 Define smin to   28.419560999999995     
 Define smin to   28.419560999999995     
 Define smin to   28.419560999999995     
 Define smin to   28.419560999999995     
 Define smin to   28.419560999999995     
 Define smin to   28.419560999999995     
 Warning: pt or E min of a jet should in general be >0
 Warning: pt or E min of a jet should in general be >0
 *****************************************************
 *               MadGraph/MadEvent                   *
 *        --------------------------------           *
 *          http://madgraph.hep.uiuc.edu             *
 *          http://madgraph.phys.ucl.ac.be           *
 *          http://madgraph.roma2.infn.it            *
 *        --------------------------------           *
 *                                                   *
 *          PARAMETER AND COUPLING VALUES            *
 *                                                   *
 *****************************************************

  External Params
  ---------------------------------
  
 mdl_cabi =   0.22773599999999999     
 aEWM1 =    127.90000000000001     
 mdl_Gf =    1.1663700000000000E-005
 aS =   0.11839999999999999     
 mdl_ymb =    4.7000000000000002     
 mdl_ymt =    172.00000000000000     
 mdl_ymtau =    1.7769999999999999     
 mdl_Lambda =    5000.0000000000000     
 mdl_ca =    1.0000000000000000     
 mdl_kSM =    5.0000000000000003E-002
 mdl_kHtt =    0.0000000000000000     
 mdl_kAtt =    0.0000000000000000     
 mdl_kHbb =    0.0000000000000000     
 mdl_kAbb =    0.0000000000000000     
 mdl_kHll =    0.0000000000000000     
 mdl_kAll =    0.0000000000000000     
 mdl_kHaa =    0.0000000000000000     
 mdl_kAaa =    0.0000000000000000     
 mdl_kHza =    0.0000000000000000     
 mdl_kAza =    0.0000000000000000     
 mdl_kHgg =    0.0000000000000000     
 mdl_kAgg =    0.0000000000000000     
 mdl_kHzz =  -0.52481000000000000     
 mdl_kAzz =    0.0000000000000000     
 mdl_kHww =  -0.52481000000000000     
 mdl_kAww =    0.0000000000000000     
 mdl_kHda =    0.0000000000000000     
 mdl_kHdz =  -0.26240500000000000     
 mdl_kHdwR =  -0.26240500000000000     
 mdl_kHdwI =    0.0000000000000000     
 mdl_kHHgg =    1.0000000000000000     
 mdl_kAAgg =    1.0000000000000000     
 mdl_kqa =    1.0000000000000000     
 mdl_kqb =    1.0000000000000000     
 mdl_kla =    1.0000000000000000     
 mdl_klb =    1.0000000000000000     
 mdl_kw1 =    1.0000000000000000     
 mdl_kw2 =    1.0000000000000000     
 mdl_kw3 =    0.0000000000000000     
 mdl_kw4 =    0.0000000000000000     
 mdl_kw5 =    0.0000000000000000     
 mdl_kz1 =    0.0000000000000000     
 mdl_kz3 =    1.0000000000000000     
 mdl_kz5 =    0.0000000000000000     
 mdl_kq =    1.0000000000000000     
 mdl_kq3 =    1.0000000000000000     
 mdl_kl =    1.0000000000000000     
 mdl_kg =    1.0000000000000000     
 mdl_ka =    1.0000000000000000     
 mdl_kz =    1.0000000000000000     
 mdl_kw =    1.0000000000000000     
 mdl_kza =    0.0000000000000000     
 mdl_MZ =    91.187600000000003     
 mdl_MTA =    1.7769999999999999     
 mdl_MT =    172.00000000000000     
 mdl_MB =    4.7000000000000002     
 mdl_MX0 =    600.00000000000000     
 mdl_MX1 =    125.00000000000000     
 mdl_MX2 =    125.00000000000000     
 mdl_WZ =    2.4952000000000001     
 mdl_WW =    2.0850000000000000     
 mdl_WT =    1.5083359999999999     
 mdl_WX0 =   0.15059000000000000     
 mdl_WX1 =    4.0699999999999998E-003
 mdl_WX2 =    4.0699999999999998E-003
  Internal Params
  ---------------------------------
  
 mdl_cos__cabi =   0.97418004031982097     
 mdl_CKM1x1 =  ( 0.97418004031982097     ,  0.0000000000000000     )
 mdl_sin__cabi =   0.22577256042856930     
 mdl_CKM1x2 =  ( 0.22577256042856930     ,  0.0000000000000000     )
 mdl_CKM2x1 =  (-0.22577256042856930     ,  0.0000000000000000     )
 mdl_CKM2x2 =  ( 0.97418004031982097     ,  0.0000000000000000     )
 mdl_ca__exp__2 =    1.0000000000000000     
 mdl_sa =    0.0000000000000000     
 mdl_complexi =  (  0.0000000000000000     ,  1.0000000000000000     )
 mdl_kHdw =  (-0.26240500000000000     ,  0.0000000000000000     )
 mdl_MZ__exp__2 =    8315.1783937600012     
 mdl_MZ__exp__4 =    69142191.720053151     
 mdl_sqrt__2 =    1.4142135623730951     
 mdl_nb__2__exp__0_75 =    1.6817928305074290     
 mdl_MX0__exp__2 =    360000.00000000000     
 mdl_ca__exp__4 =    1.0000000000000000     
 mdl_ca__exp__3 =    1.0000000000000000     
 mdl_conjg__CKM1x1 =  ( 0.97418004031982097     , -0.0000000000000000     )
 mdl_conjg__CKM1x2 =  ( 0.22577256042856930     , -0.0000000000000000     )
 mdl_conjg__CKM2x1 =  (-0.22577256042856930     , -0.0000000000000000     )
 mdl_conjg__CKM2x2 =  ( 0.97418004031982097     , -0.0000000000000000     )
 mdl_conjg__kHdw =  (-0.26240500000000000     , -0.0000000000000000     )
 mdl_aEW =    7.8186082877247844E-003
 mdl_MW =    79.824359746197842     
 mdl_sqrt__aEW =    8.8422894590285753E-002
 mdl_ee =   0.31345100004952897     
 mdl_MW__exp__2 =    6371.9284088904105     
 mdl_sw2 =   0.23369913342182447     
 mdl_cw =   0.87538612427783857     
 mdl_sqrt__sw2 =   0.48342438232036300     
 mdl_sw =   0.48342438232036300     
 mdl_ad =  -0.12747442148678401     
 mdl_al =   -1.2074027013887732E-002
 mdl_an =   0.18517461872323218     
 mdl_au =    6.9774224250335873E-002
 mdl_bd =  -0.18517461872323218     
 mdl_bl =  -0.18517461872323218     
 mdl_bn =   0.18517461872323218     
 mdl_bu =   0.18517461872323218     
 mdl_gwwz =  -0.56759788318358417     
 mdl_g1 =   0.35807170271074895     
 mdl_gw =   0.64839716719502682     
 mdl_vev =    246.22056907348590     
 mdl_ee__exp__2 =    9.8251529432049817E-002
 mdl_gAaa =    1.3477023594718659E-005
 mdl_vev__exp__2 =    60624.568634871241     
 mdl_cw__exp__2 =   0.76630086657817542     
 mdl_gAza =    4.4999802188047602E-006
 mdl_gHaa =    2.6392504539657372E-005
 mdl_gHza =    3.9166441035016922E-005
 mdl_lam =    2.9690932909411916     
 mdl_yb =    2.6995322804122722E-002
 mdl_yt =   0.98791394091683138     
 mdl_ytau =    1.0206529494239589E-002
 mdl_muH =    424.26406871192853     
 mdl_sw__exp__2 =   0.23369913342182450     
  Internal Params evaluated point by point
  ----------------------------------------
  
 mdl_sqrt__aS =   0.34409301068170506     
 mdl_G__exp__2 =    1.4878582807401259     
 mdl_gAAgg =    3.1083017473614446E-007
 mdl_gAgg =    7.6532782508744533E-005
 mdl_gHgg =   -5.1021855005829691E-005
 mdl_gHHgg =    2.0722011649076294E-007
  Couplings of HC_UFO
  ---------------------------------
  
        GC_10 =  -0.00000E+00   0.00000E+00
        GC_13 =  -0.00000E+00  -0.20722E-06
        GC_62 =   0.00000E+00   0.00000E+00
        GC_64 =   0.00000E+00   0.00000E+00
         GC_1 =  -0.00000E+00  -0.10448E+00
         GC_2 =   0.00000E+00   0.20897E+00
         GC_3 =  -0.00000E+00  -0.31345E+00
         GC_9 =  -0.00000E+00  -0.00000E+00
        GC_16 =  -0.00000E+00  -0.00000E+00
        GC_17 =   0.00000E+00  -0.12074E-01
        GC_19 =  -0.00000E+00   0.18517E+00
        GC_21 =   0.00000E+00  -0.12747E+00
        GC_22 =   0.00000E+00   0.69774E-01
        GC_23 =  -0.00000E+00   0.18517E+00
        GC_24 =  -0.00000E+00  -0.18517E+00
        GC_61 =   0.00000E+00   0.00000E+00
        GC_66 =   0.00000E+00   0.00000E+00
        GC_72 =   0.00000E+00   0.45849E+00
        GC_73 =   0.00000E+00   0.44665E+00
        GC_74 =   0.00000E+00   0.10351E+00
        GC_75 =  -0.00000E+00  -0.10351E+00
        GC_76 =   0.00000E+00   0.44665E+00
        GC_77 =  -0.00000E+00  -0.28380E+00
        GC_78 =   0.00000E+00   0.28380E+00
        GC_89 =  -0.00000E+00  -0.28850E-01
        GC_90 =   0.00000E+00   0.86550E-01
        GC_98 =  -0.00000E+00  -0.21932E+03
        GC_99 =   0.00000E+00   0.25879E+01
       GC_100 =   0.00000E+00   0.33771E+01
       GC_101 =  -0.00000E+00  -0.00000E+00
       GC_102 =   0.00000E+00   0.00000E+00
       GC_105 =  -0.00000E+00  -0.00000E+00
       GC_106 =   0.00000E+00   0.00000E+00
       GC_107 =   0.00000E+00   0.44665E+00
       GC_108 =   0.00000E+00   0.10351E+00
       GC_109 =   0.00000E+00  -0.10351E+00
       GC_110 =   0.00000E+00   0.44665E+00
        GC_35 =  -0.00000E+00  -0.20000E-03
        GC_38 =  -0.00000E+00  -0.00000E+00
        GC_39 =   0.00000E+00   0.52481E-04
        GC_40 =   0.00000E+00   0.52481E-04
        GC_41 =   0.00000E+00   0.10496E-03
        GC_42 =   0.00000E+00   0.10496E-03
        GC_43 =   0.00000E+00   0.50000E-04
        GC_45 =   0.00000E+00   0.50000E-04
        GC_49 =   0.00000E+00   0.50000E-04
        GC_56 =  -0.00000E+00  -0.94000E-03
        GC_58 =  -0.00000E+00  -0.35540E-03
        GC_67 =   0.00000E+00   0.00000E+00
        GC_68 =   0.00000E+00   0.00000E+00
       GC_111 =  -0.00000E+00   0.52481E-04

 Collider parameters:
 --------------------

 Running at P P   machine @    13000.000000000000       GeV
 PDF set = nn23lo1
 alpha_s(Mz)= 0.1300 running at 2 loops.
 alpha_s(Mz)= 0.1300 running at 2 loops.
 Renormalization scale set on event-by-event basis
 Factorization   scale set on event-by-event basis


 getting user params
Enter number of events and max and min iterations: 
 Number of events and iterations         1000           5           3
Enter desired fractional accuracy: 
 Desired fractional accuracy:   0.10000000000000001     
Enter 0 for fixed, 2 for adjustable grid: 
Suppress amplitude (0 no, 1 yes)? 
 Using suppressed amplitude.
Exact helicity sum (0 yes, n = number/event)? 
 Explicitly summing over helicities
Enter Configuration Number: 
Running Configuration Number:    4
 Using dconfig=         206
 BW Setting            2           2           1           1           2           0
 Attempting mappinvarients           1           8
 Completed mapping           8
 about to integrate           16        1000           5           3          16           1
 Using non-zero grid deformation.
 16 dimensions   1000 events 16 invarients  5 iterations  1 config(s),  (0.99)
 Using h-tuple random number sequence.
 Error opening grid
 Using Uniform Grid!          32
 Using uniform alpha   1.0000000000000000     
 Grid defined OK
 Set CM energy to      13000.00
 Mapping Graph           4  to config           4
Setting grid   1    0.59172E-08   1
Setting grid   2    0.74739E-07   1
 Setting BW          -3           3   600.00000000000000     
 Setting BW          -4           4   79.824359746197842     
Setting grid   5    0.24715E-02   1
 Transforming s_hat 1/s           15   2.4715468815858007E-003   28.419560999999995        168999999.99999997     
   4   1   2   3   4   5   6   7   8   9  10  11  12  13  14
  15  16
 Masses: 0.000E+00 0.000E+00 0.178E+01 0.000E+00 0.178E+01 0.178E+01 0.000E+00 0.000E+00
Using random seed offsets     4 :     14
  with seed                   24
 Ranmar initialization seeds       31062        9411
 
 ********************************************
 * You are using the DiscreteSampler module *
 *      part of the MG5_aMC framework       *
 *         Author: Valentin Hirschi         *
 ********************************************
 
  Particle       3       4       5       6       7       8
      Et >     0.0     0.0     0.0     0.0     0.0     0.0
       E >     0.0     0.0     0.0     0.0     0.0     0.0
     Eta <    -1.0    -1.0    -1.0    -1.0    -1.0    -1.0
   xqcut:      0.0     0.0     0.0     0.0     0.0     0.0
d R # 3  >    -0.0     0.0     0.0     0.0     0.0     0.0
d R # 4  >    -0.0    -0.0     0.0     0.0     0.0     0.0
d R # 5  >    -0.0    -0.0    -0.0     0.0     0.0     0.0
d R # 6  >    -0.0    -0.0    -0.0    -0.0     0.0     0.0
d R # 7  >    -0.0    -0.0    -0.0    -0.0    -0.0     0.0
s min # 3>     0.0     3.2    12.6    12.6     3.2     0.0
s min # 4>     0.0     0.0     3.2     3.2     0.0     0.0
s min # 5>     0.0     0.0     0.0    12.6     3.2     0.0
s min # 6>     0.0     0.0     0.0     0.0     3.2     0.0
s min # 7>     0.0     0.0     0.0     0.0     0.0     0.0
xqcutij # 3>     0.0     0.0     0.0     0.0     0.0     0.0
xqcutij # 4>     0.0     0.0     0.0     0.0     0.0     0.0
xqcutij # 5>     0.0     0.0     0.0     0.0     0.0     0.0
xqcutij # 6>     0.0     0.0     0.0     0.0     0.0     0.0
xqcutij # 7>     0.0     0.0     0.0     0.0     0.0     0.0
 Excluding BW           -1           1
 Excluding BW           -2           2
 Requiring BW           -3           3
 Requiring BW           -4           4
 Excluding BW           -5           5
 alpha_s for scale    395.46747238864407       is   0.10453605063977549     
 Added good helicity          193   146.83269305041847       in event            1 local:           1
 Added good helicity          196   17.836772889124511       in event            1 local:           1
 Added good helicity          197   2.0886488888659195E-003  in event            1 local:           1
 Added good helicity          200   7.2341999160281958E-002  in event            1 local:           1
 Added good helicity          201  0.65072772393798151       in event            1 local:           1
 Added good helicity          204   1.0865268538389318E-003  in event            1 local:           1
 Added good helicity          205   67.020729735555165       in event            1 local:           1
 Added good helicity          208   23.158854841720501       in event            1 local:           1
 Added good helicity          225  0.24400057043122303       in event            1 local:           1
 Added good helicity          228   2.9640420462111464E-002  in event            1 local:           1
 Added good helicity          229   3.4708313913361996E-006  in event            1 local:           1
 Added good helicity          232   1.2021497865725850E-004  in event            1 local:           1
 Added good helicity          233   1.0813527460247479E-003  in event            1 local:           1
 Added good helicity          236   1.8055459354307995E-006  in event            1 local:           1
 Added good helicity          237  0.11137231052880762       in event            1 local:           1
 Added good helicity          240   3.8484438816179495E-002  in event            1 local:           1
 Added good helicity          193   146.83269305041850       in event            1 local:           1
 Added good helicity          196   17.836772889124497       in event            1 local:           1
 Added good helicity          197   2.0886488888659247E-003  in event            1 local:           1
 Added good helicity          200   7.2341999160282278E-002  in event            1 local:           1
 Added good helicity          201  0.65072772393798461       in event            1 local:           1
 Added good helicity          204   1.0865268538389355E-003  in event            1 local:           1
 Added good helicity          205   67.020729735555136       in event            1 local:           1
 Added good helicity          208   23.158854841720537       in event            1 local:           1
 Added good helicity          225  0.24400057043122678       in event            1 local:           1
 Added good helicity          228   2.9640420462111877E-002  in event            1 local:           1
 Added good helicity          229   3.4708313913362580E-006  in event            1 local:           1
 Added good helicity          232   1.2021497865726086E-004  in event            1 local:           1
 Added good helicity          233   1.0813527460247683E-003  in event            1 local:           1
 Added good helicity          236   1.8055459354308359E-006  in event            1 local:           1
 Added good helicity          237  0.11137231052880915       in event            1 local:           1
 Added good helicity          240   3.8484438816180119E-002  in event            1 local:           1
 RESET CUMULATIVE VARIABLE
 RESET CUMULATIVE VARIABLE
 RESET CUMULATIVE VARIABLE
 Iteration  1   Mean: 0.1011E-07 Abs mean: 0.1011E-07   Fluctuation:  0.534E-08   0.403E-05    68.4%
  1    0.1011E-07 0.1011E-07 +- 0.5339E-08     16.70
 Writing out events   2.9547979076799223E-012   16.695458922957307     
 Relative summed weights:
  0.4892E-01  0.4664E+00  0.3681E+00  0.1138E+00  0.6043E-03  0.1114E-05  0.1199E-04  0.7081E-05  0.2476E-06  0.1542E-08  0.2606E-08  0.2879E-04  0.1476E-04  0.2382E-04  0.1536E-02  0.4598E-03
 Relative number of events:
  0.1913E+00  0.2180E+00  0.2418E+00  0.2319E+00  0.5946E-02  0.4955E-02  0.9911E-02  0.9911E-02  0.1982E-02  0.2973E-02  0.2973E-02  0.2973E-02  0.1586E-01  0.8920E-02  0.2676E-01  0.2379E-01
 Events:
         193         220         244         234           6           5          10          10           2           3           3           3          16           9          27          24
 Iteration  2   Mean: 0.2414E-07 Abs mean: 0.2414E-07   Fluctuation:  0.207E-07   0.413E-04    73.7%
  2    0.2414E-07 0.2414E-07 +- 0.2067E-07     38.29
 Relative summed weights:
  0.8982E+00  0.2719E-01  0.4268E-01  0.2799E-01  0.1059E-03  0.8993E-03  0.1333E-04  0.5171E-04  0.5981E-05  0.4032E-06  0.1283E-05  0.9402E-04  0.1865E-03  0.2999E-03  0.8694E-03  0.1435E-02
 Relative number of events:
  0.1880E+00  0.2055E+00  0.2615E+00  0.2535E+00  0.8500E-02  0.6000E-02  0.5500E-02  0.5000E-02  0.1000E-02  0.5000E-03  0.2000E-02  0.3000E-02  0.1050E-01  0.1250E-01  0.1950E-01  0.1750E-01
 Events:
         376         411         523         507          17          12          11          10           2           1           4           6          21          25          39          35
 Iteration  3   Mean: 0.5438E-08 Abs mean: 0.5438E-08   Fluctuation:  0.111E-08   0.283E-05    86.1%
  3    0.5438E-08 0.5438E-08 +- 0.1110E-08     12.91
 Relative summed weights:
  0.2351E+00  0.2390E+00  0.2961E+00  0.1325E+00  0.2135E-01  0.2029E-02  0.2635E-03  0.2614E-01  0.8912E-04  0.4517E-04  0.5839E-03  0.1251E-03  0.3081E-01  0.9306E-02  0.3993E-02  0.2520E-02
 Relative number of events:
  0.2127E+00  0.1842E+00  0.2735E+00  0.2517E+00  0.5750E-02  0.6250E-02  0.6750E-02  0.5750E-02  0.1500E-02  0.7500E-03  0.2000E-02  0.1500E-02  0.1125E-01  0.1325E-01  0.1125E-01  0.1175E-01
 Events:
         851         737        1094        1007          23          25          27          23           6           3           8           6          45          53          45          47
 Accuracy:    0.423   0.100   0.186   5.187
 Found           61  events.
 Wrote            7  events.
 Actual xsec    6.8985751247419437E-009
 Correct abs xsec    6.8985751247419437E-009
 Event xsec    6.8985751247419445E-009
 Events wgts > 1:            0
 % Cross section > 1:    0.0000000000000000        0.0000000000000000     
 Iteration  4   Mean: 0.8201E-08 Abs mean: 0.8201E-08   Fluctuation:  0.826E-09   0.354E-05    86.2%
  4    0.8201E-08 0.8201E-08 +- 0.8256E-09      9.00
 Relative summed weights:
  0.1155E+00  0.1631E+00  0.2487E+00  0.3626E+00  0.2079E-01  0.2199E-01  0.6652E-02  0.2115E-01  0.8656E-03  0.2701E-03  0.9146E-04  0.1974E-03  0.6393E-02  0.1032E-01  0.1133E-01  0.1009E-01
 Relative number of events:
  0.2095E+00  0.1940E+00  0.2510E+00  0.2644E+00  0.5000E-02  0.5625E-02  0.7000E-02  0.9375E-02  0.1250E-02  0.1250E-02  0.1875E-02  0.1500E-02  0.9750E-02  0.1050E-01  0.1537E-01  0.1263E-01
 Events:
        1676        1552        2008        2115          40          45          56          75          10          10          15          12          78          84         123         101
 Accuracy:    0.149   0.100   0.089   2.836
 Found          602  events.
 Wrote           11  events.
 Actual xsec    7.8417107881759979E-009
 Correct abs xsec    7.8417107881759979E-009
 Event xsec    7.8417107881759962E-009
 Events wgts > 1:            1
 % Cross section > 1:    9.6367526349601403E-012  0.12289094682617945     
 Iteration  5   Mean: 0.7665E-08 Abs mean: 0.7665E-08   Fluctuation:  0.254E-09   0.157E-05    86.4%
  5    0.7665E-08 0.7665E-08 +- 0.2542E-09      4.20
 Relative summed weights:
  0.1810E+00  0.1995E+00  0.2747E+00  0.2600E+00  0.8109E-02  0.2675E-02  0.8567E-02  0.7749E-02  0.2243E-03  0.3316E-03  0.1519E-02  0.4309E-03  0.9271E-02  0.1572E-01  0.1246E-01  0.1776E-01
 Relative number of events:
  0.1994E+00  0.1999E+00  0.2601E+00  0.2558E+00  0.5313E-02  0.5125E-02  0.8500E-02  0.7437E-02  0.1250E-02  0.9375E-03  0.1000E-02  0.1000E-02  0.1056E-01  0.1206E-01  0.1650E-01  0.1512E-01
 Events:
        3191        3198        4161        4093          85          82         136         119          20          15          16          16         169         193         264         242
 Accuracy:    0.047   0.100   0.031   2.272
 Finished due to accuracy    4.6817235950214406E-002  0.10000000000000001     

 -------------------------------------------------------------------------------
 Accumulated results:   Integral =  0.7695E-08
                        Std dev  =  0.2390E-09
                       Cross sec =  0.7695E-08
             Chi**2 per DoF.     =      2.2724
 -------------------------------------------------------------------------------
 Found         1311  events.
 Wrote          117  events.
 Actual xsec    7.6645866913820172E-009
 Correct abs xsec    7.6645866913820172E-009
 Event xsec    7.6645866913820453E-009
 Events wgts > 1:            4
 % Cross section > 1:    7.7101642282187433E-011   1.0059465094038200     
-------------------------------------------------
---------------------------
 Results Last   3 iters: Integral =   0.7665E-08
                     Abs integral =   0.7665E-08
                          Std dev =   0.2386E-09
                  Chi**2 per DoF. =      2.2223
-------------------------------------------------
---------------------------
 Status  0.10000000000000001                6           5

ls status:
events.lhe
ftn26
input_app.txt
results.dat
run1_app.log
