 Process in group number            1
 A PDF is used, so alpha_s(MZ) is going to be modified
 Old value of alpha_s from param_card:   0.11839999999999999     
  ****************************************
 
       NNPDFDriver version 1.0.3
   Grid: NNPDF23_lo_as_0130_qed_mem0.grid
  ****************************************
 New value of alpha_s from PDF nn23lo1:  0.13000000000000000     
 Define smin to   12.630915999999999     
 Define smin to   12.630915999999999     
 Define smin to   12.630915999999999     
 Define smin to   12.630915999999999     
 Define smin to   12.630915999999999     
 Define smin to   12.630915999999999     
 Define smin to   12.630915999999999     
 Define smin to   12.630915999999999     
 Define smin to   12.630915999999999     
 Define smin to   12.630915999999999     
 Define smin to   12.630915999999999     
 Define smin to   12.630915999999999     
 Warning: pt or E min of a jet should in general be >0
 Warning: pt or E min of a jet should in general be >0
 Warning: pt or E min of a jet should in general be >0
 Warning: pt or E min of a jet should in general be >0
 *****************************************************
 *               MadGraph/MadEvent                   *
 *        --------------------------------           *
 *          http://madgraph.hep.uiuc.edu             *
 *          http://madgraph.phys.ucl.ac.be           *
 *          http://madgraph.roma2.infn.it            *
 *        --------------------------------           *
 *                                                   *
 *          PARAMETER AND COUPLING VALUES            *
 *                                                   *
 *****************************************************

  External Params
  ---------------------------------
  
 mdl_cabi =   0.22773599999999999     
 aEWM1 =    127.90000000000001     
 mdl_Gf =    1.1663700000000000E-005
 aS =   0.11839999999999999     
 mdl_ymb =    4.7000000000000002     
 mdl_ymt =    172.00000000000000     
 mdl_ymtau =    1.7769999999999999     
 mdl_Lambda =    5000.0000000000000     
 mdl_ca =    1.0000000000000000     
 mdl_kSM =    5.0000000000000003E-002
 mdl_kHtt =    0.0000000000000000     
 mdl_kAtt =    0.0000000000000000     
 mdl_kHbb =    0.0000000000000000     
 mdl_kAbb =    0.0000000000000000     
 mdl_kHll =    0.0000000000000000     
 mdl_kAll =    0.0000000000000000     
 mdl_kHaa =    0.0000000000000000     
 mdl_kAaa =    0.0000000000000000     
 mdl_kHza =    0.0000000000000000     
 mdl_kAza =    0.0000000000000000     
 mdl_kHgg =    0.0000000000000000     
 mdl_kAgg =    0.0000000000000000     
 mdl_kHzz =  -0.52481000000000000     
 mdl_kAzz =    0.0000000000000000     
 mdl_kHww =  -0.52481000000000000     
 mdl_kAww =    0.0000000000000000     
 mdl_kHda =    0.0000000000000000     
 mdl_kHdz =  -0.26240500000000000     
 mdl_kHdwR =  -0.26240500000000000     
 mdl_kHdwI =    0.0000000000000000     
 mdl_kHHgg =    1.0000000000000000     
 mdl_kAAgg =    1.0000000000000000     
 mdl_kqa =    1.0000000000000000     
 mdl_kqb =    1.0000000000000000     
 mdl_kla =    1.0000000000000000     
 mdl_klb =    1.0000000000000000     
 mdl_kw1 =    1.0000000000000000     
 mdl_kw2 =    1.0000000000000000     
 mdl_kw3 =    0.0000000000000000     
 mdl_kw4 =    0.0000000000000000     
 mdl_kw5 =    0.0000000000000000     
 mdl_kz1 =    0.0000000000000000     
 mdl_kz3 =    1.0000000000000000     
 mdl_kz5 =    0.0000000000000000     
 mdl_kq =    1.0000000000000000     
 mdl_kq3 =    1.0000000000000000     
 mdl_kl =    1.0000000000000000     
 mdl_kg =    1.0000000000000000     
 mdl_ka =    1.0000000000000000     
 mdl_kz =    1.0000000000000000     
 mdl_kw =    1.0000000000000000     
 mdl_kza =    0.0000000000000000     
 mdl_MZ =    91.187600000000003     
 mdl_MTA =    1.7769999999999999     
 mdl_MT =    172.00000000000000     
 mdl_MB =    4.7000000000000002     
 mdl_MX0 =    600.00000000000000     
 mdl_MX1 =    125.00000000000000     
 mdl_MX2 =    125.00000000000000     
 mdl_WZ =    2.4952000000000001     
 mdl_WW =    2.0850000000000000     
 mdl_WT =    1.5083359999999999     
 mdl_WX0 =   0.15059000000000000     
 mdl_WX1 =    4.0699999999999998E-003
 mdl_WX2 =    4.0699999999999998E-003
  Internal Params
  ---------------------------------
  
 mdl_cos__cabi =   0.97418004031982097     
 mdl_CKM1x1 =  ( 0.97418004031982097     ,  0.0000000000000000     )
 mdl_sin__cabi =   0.22577256042856930     
 mdl_CKM1x2 =  ( 0.22577256042856930     ,  0.0000000000000000     )
 mdl_CKM2x1 =  (-0.22577256042856930     ,  0.0000000000000000     )
 mdl_CKM2x2 =  ( 0.97418004031982097     ,  0.0000000000000000     )
 mdl_ca__exp__2 =    1.0000000000000000     
 mdl_sa =    0.0000000000000000     
 mdl_complexi =  (  0.0000000000000000     ,  1.0000000000000000     )
 mdl_kHdw =  (-0.26240500000000000     ,  0.0000000000000000     )
 mdl_MZ__exp__2 =    8315.1783937600012     
 mdl_MZ__exp__4 =    69142191.720053151     
 mdl_sqrt__2 =    1.4142135623730951     
 mdl_nb__2__exp__0_75 =    1.6817928305074290     
 mdl_MX0__exp__2 =    360000.00000000000     
 mdl_ca__exp__4 =    1.0000000000000000     
 mdl_ca__exp__3 =    1.0000000000000000     
 mdl_conjg__CKM1x1 =  ( 0.97418004031982097     , -0.0000000000000000     )
 mdl_conjg__CKM1x2 =  ( 0.22577256042856930     , -0.0000000000000000     )
 mdl_conjg__CKM2x1 =  (-0.22577256042856930     , -0.0000000000000000     )
 mdl_conjg__CKM2x2 =  ( 0.97418004031982097     , -0.0000000000000000     )
 mdl_conjg__kHdw =  (-0.26240500000000000     , -0.0000000000000000     )
 mdl_aEW =    7.8186082877247844E-003
 mdl_MW =    79.824359746197842     
 mdl_sqrt__aEW =    8.8422894590285753E-002
 mdl_ee =   0.31345100004952897     
 mdl_MW__exp__2 =    6371.9284088904105     
 mdl_sw2 =   0.23369913342182447     
 mdl_cw =   0.87538612427783857     
 mdl_sqrt__sw2 =   0.48342438232036300     
 mdl_sw =   0.48342438232036300     
 mdl_ad =  -0.12747442148678401     
 mdl_al =   -1.2074027013887732E-002
 mdl_an =   0.18517461872323218     
 mdl_au =    6.9774224250335873E-002
 mdl_bd =  -0.18517461872323218     
 mdl_bl =  -0.18517461872323218     
 mdl_bn =   0.18517461872323218     
 mdl_bu =   0.18517461872323218     
 mdl_gwwz =  -0.56759788318358417     
 mdl_g1 =   0.35807170271074895     
 mdl_gw =   0.64839716719502682     
 mdl_vev =    246.22056907348590     
 mdl_ee__exp__2 =    9.8251529432049817E-002
 mdl_gAaa =    1.3477023594718659E-005
 mdl_vev__exp__2 =    60624.568634871241     
 mdl_cw__exp__2 =   0.76630086657817542     
 mdl_gAza =    4.4999802188047602E-006
 mdl_gHaa =    2.6392504539657372E-005
 mdl_gHza =    3.9166441035016922E-005
 mdl_lam =    2.9690932909411916     
 mdl_yb =    2.6995322804122722E-002
 mdl_yt =   0.98791394091683138     
 mdl_ytau =    1.0206529494239589E-002
 mdl_muH =    424.26406871192853     
 mdl_sw__exp__2 =   0.23369913342182450     
  Internal Params evaluated point by point
  ----------------------------------------
  
 mdl_sqrt__aS =   0.34409301068170506     
 mdl_G__exp__2 =    1.4878582807401259     
 mdl_gAAgg =    3.1083017473614446E-007
 mdl_gAgg =    7.6532782508744533E-005
 mdl_gHgg =   -5.1021855005829691E-005
 mdl_gHHgg =    2.0722011649076294E-007
  Couplings of HC_UFO
  ---------------------------------
  
        GC_10 =  -0.00000E+00   0.00000E+00
        GC_13 =  -0.00000E+00  -0.20722E-06
        GC_62 =   0.00000E+00   0.00000E+00
        GC_64 =   0.00000E+00   0.00000E+00
         GC_1 =  -0.00000E+00  -0.10448E+00
         GC_2 =   0.00000E+00   0.20897E+00
         GC_3 =  -0.00000E+00  -0.31345E+00
         GC_9 =  -0.00000E+00  -0.00000E+00
        GC_16 =  -0.00000E+00  -0.00000E+00
        GC_17 =   0.00000E+00  -0.12074E-01
        GC_19 =  -0.00000E+00   0.18517E+00
        GC_21 =   0.00000E+00  -0.12747E+00
        GC_22 =   0.00000E+00   0.69774E-01
        GC_23 =  -0.00000E+00   0.18517E+00
        GC_24 =  -0.00000E+00  -0.18517E+00
        GC_61 =   0.00000E+00   0.00000E+00
        GC_66 =   0.00000E+00   0.00000E+00
        GC_77 =  -0.00000E+00  -0.28380E+00
        GC_78 =   0.00000E+00   0.28380E+00
        GC_89 =  -0.00000E+00  -0.28850E-01
        GC_90 =   0.00000E+00   0.86550E-01
        GC_98 =  -0.00000E+00  -0.21932E+03
       GC_100 =   0.00000E+00   0.33771E+01
       GC_101 =  -0.00000E+00  -0.00000E+00
       GC_102 =   0.00000E+00   0.00000E+00
       GC_105 =  -0.00000E+00  -0.00000E+00
       GC_106 =   0.00000E+00   0.00000E+00
        GC_35 =  -0.00000E+00  -0.20000E-03
        GC_38 =  -0.00000E+00  -0.00000E+00
        GC_40 =   0.00000E+00   0.52481E-04
        GC_42 =   0.00000E+00   0.10496E-03
        GC_43 =   0.00000E+00   0.50000E-04
        GC_45 =   0.00000E+00   0.50000E-04
        GC_49 =   0.00000E+00   0.50000E-04
        GC_56 =  -0.00000E+00  -0.94000E-03
        GC_58 =  -0.00000E+00  -0.35540E-03
        GC_68 =   0.00000E+00   0.00000E+00

 Collider parameters:
 --------------------

 Running at P P   machine @    13000.000000000000       GeV
 PDF set = nn23lo1
 alpha_s(Mz)= 0.1300 running at 2 loops.
 alpha_s(Mz)= 0.1300 running at 2 loops.
 Renormalization scale set on event-by-event basis
 Factorization   scale set on event-by-event basis


 getting user params
Enter number of events and max and min iterations: 
 Number of events and iterations         1000           5           3
Enter desired fractional accuracy: 
 Desired fractional accuracy:   0.10000000000000001     
Enter 0 for fixed, 2 for adjustable grid: 
Suppress amplitude (0 no, 1 yes)? 
 Using suppressed amplitude.
Exact helicity sum (0 yes, n = number/event)? 
 Explicitly summing over helicities
Enter Configuration Number: 
Running Configuration Number:   16
 Using dconfig=         202
 BW Setting            1           1           1           1           2           0
 Attempting mappinvarients           1           8
 Completed mapping           8
 about to integrate           16        1000           5           3          16           1
 Using non-zero grid deformation.
 16 dimensions   1000 events 16 invarients  5 iterations  1 config(s),  (0.99)
 Using h-tuple random number sequence.
 Error opening grid
 Using Uniform Grid!          32
 Using uniform alpha   1.0000000000000000     
 Grid defined OK
 Set CM energy to      13000.00
 Mapping Graph          16  to config          16
 Setting BW          -1           1   91.187600000000003     
 Setting BW          -2           2   91.187600000000003     
 Setting BW          -3           3   600.00000000000000     
 Setting BW          -4           4   91.187600000000003     
Setting grid   5    0.25116E-02   1
 Transforming s_hat 1/s           15   2.5115575576956360E-003   12.630915999999999        168999999.99999997     
  16   1   2   3   4   5   6   7   8   9  10  11  12  13  14
  15  16
 Masses: 0.000E+00 0.000E+00 0.000E+00 0.000E+00 0.178E+01 0.178E+01 0.000E+00 0.000E+00
Using random seed offsets    16 :      4
  with seed                   24
 Ranmar initialization seeds       31074        9401
 
 ********************************************
 * You are using the DiscreteSampler module *
 *      part of the MG5_aMC framework       *
 *         Author: Valentin Hirschi         *
 ********************************************
 
  Particle       3       4       5       6       7       8
      Et >     0.0     0.0     0.0     0.0     0.0     0.0
       E >     0.0     0.0     0.0     0.0     0.0     0.0
     Eta <    -1.0    -1.0    -1.0    -1.0    -1.0    -1.0
   xqcut:      0.0     0.0     0.0     0.0     0.0     0.0
d R # 3  >    -0.0     0.0     0.0     0.0     0.0     0.0
d R # 4  >    -0.0    -0.0     0.0     0.0     0.0     0.0
d R # 5  >    -0.0    -0.0    -0.0     0.0     0.0     0.0
d R # 6  >    -0.0    -0.0    -0.0    -0.0     0.0     0.0
d R # 7  >    -0.0    -0.0    -0.0    -0.0    -0.0     0.0
s min # 3>     0.0     0.0     3.2     3.2     0.0     0.0
s min # 4>     0.0     0.0     3.2     3.2     0.0     0.0
s min # 5>     0.0     0.0     0.0    12.6     3.2     0.0
s min # 6>     0.0     0.0     0.0     0.0     3.2     0.0
s min # 7>     0.0     0.0     0.0     0.0     0.0     0.0
xqcutij # 3>     0.0     0.0     0.0     0.0     0.0     0.0
xqcutij # 4>     0.0     0.0     0.0     0.0     0.0     0.0
xqcutij # 5>     0.0     0.0     0.0     0.0     0.0     0.0
xqcutij # 6>     0.0     0.0     0.0     0.0     0.0     0.0
xqcutij # 7>     0.0     0.0     0.0     0.0     0.0     0.0
 Requiring BW           -1           1
 Requiring BW           -2           2
 Requiring BW           -3           3
 Requiring BW           -4           4
 Excluding BW           -5           5
 alpha_s for scale    189.25705175366585       is   0.11591331140415743     
 Added good helicity            1   3.0147012000865958       in event            1 local:           1
 Added good helicity            4  0.58629992605149939       in event            1 local:           1
 Added good helicity            5   3.3749586758694571E-003  in event            1 local:           1
 Added good helicity            8   7.2254534465066142E-004  in event            1 local:           1
 Added good helicity            9   3.5371556873487146E-003  in event            1 local:           1
 Added good helicity           12   7.2437123358035007E-004  in event            1 local:           1
 Added good helicity           13   2.2031767910360105       in event            1 local:           1
 Added good helicity           16  0.47551054941051052       in event            1 local:           1
 Added good helicity           49   4.7016502495942358       in event            1 local:           1
 Added good helicity           52  0.91437824537235546       in event            1 local:           1
 Added good helicity           53   5.2634985186313194E-003  in event            1 local:           1
 Added good helicity           56   1.1268630867703748E-003  in event            1 local:           1
 Added good helicity           57   5.5164567950545312E-003  in event            1 local:           1
 Added good helicity           60   1.1297106960597323E-003  in event            1 local:           1
 Added good helicity           61   3.4360177085467525       in event            1 local:           1
 Added good helicity           64  0.74159399056078967       in event            1 local:           1
 Added good helicity          193   112.00394697067223       in event            1 local:           1
 Added good helicity          196   21.782558690889498       in event            1 local:           1
 Added good helicity          197  0.12538844398557142       in event            1 local:           1
 Added good helicity          200   2.6844428384423046E-002  in event            1 local:           1
 Added good helicity          201  0.13141448247721449       in event            1 local:           1
 Added good helicity          204   2.6912264880739611E-002  in event            1 local:           1
 Added good helicity          205   81.853716203491501       in event            1 local:           1
 Added good helicity          208   17.666446796996080       in event            1 local:           1
 Added good helicity          241   3.0147012000865958       in event            1 local:           1
 Added good helicity          244  0.58629992605149994       in event            1 local:           1
 Added good helicity          245   3.3749586758694602E-003  in event            1 local:           1
 Added good helicity          248   7.2254534465066142E-004  in event            1 local:           1
 Added good helicity          249   3.5371556873487128E-003  in event            1 local:           1
 Added good helicity          252   7.2437123358034985E-004  in event            1 local:           1
 Added good helicity          253   2.2031767910360114       in event            1 local:           1
 Added good helicity          256  0.47551054941051096       in event            1 local:           1
 Added good helicity            1   3.0147012000865989       in event            1 local:           1
 Added good helicity            4  0.58629992605150061       in event            1 local:           1
 Added good helicity            5   3.3749586758694454E-003  in event            1 local:           1
 Added good helicity            8   7.2254534465065860E-004  in event            1 local:           1
 Added good helicity            9   3.5371556873486924E-003  in event            1 local:           1
 Added good helicity           12   7.2437123358034844E-004  in event            1 local:           1
 Added good helicity           13   2.2031767910360176       in event            1 local:           1
 Added good helicity           16  0.47551054941051174       in event            1 local:           1
 Added good helicity           49   4.7016502495942349       in event            1 local:           1
 Added good helicity           52  0.91437824537235557       in event            1 local:           1
 Added good helicity           53   5.2634985186312960E-003  in event            1 local:           1
 Added good helicity           56   1.1268630867703696E-003  in event            1 local:           1
 Added good helicity           57   5.5164567950544939E-003  in event            1 local:           1
 Added good helicity           60   1.1297106960597274E-003  in event            1 local:           1
 Added good helicity           61   3.4360177085467591       in event            1 local:           1
 Added good helicity           64  0.74159399056079056       in event            1 local:           1
 Added good helicity          193   112.00394697067219       in event            1 local:           1
 Added good helicity          196   21.782558690889473       in event            1 local:           1
 Added good helicity          197  0.12538844398557078       in event            1 local:           1
 Added good helicity          200   2.6844428384422903E-002  in event            1 local:           1
 Added good helicity          201  0.13141448247721343       in event            1 local:           1
 Added good helicity          204   2.6912264880739487E-002  in event            1 local:           1
 Added good helicity          205   81.853716203491516       in event            1 local:           1
 Added good helicity          208   17.666446796996087       in event            1 local:           1
 Added good helicity          241   3.0147012000866016       in event            1 local:           1
 Added good helicity          244  0.58629992605150150       in event            1 local:           1
 Added good helicity          245   3.3749586758694489E-003  in event            1 local:           1
 Added good helicity          248   7.2254534465065903E-004  in event            1 local:           1
 Added good helicity          249   3.5371556873486950E-003  in event            1 local:           1
 Added good helicity          252   7.2437123358034931E-004  in event            1 local:           1
 Added good helicity          253   2.2031767910360207       in event            1 local:           1
 Added good helicity          256  0.47551054941051207       in event            1 local:           1
 RESET CUMULATIVE VARIABLE
 RESET CUMULATIVE VARIABLE
 RESET CUMULATIVE VARIABLE
 Iteration  1   Mean: 0.9974E-05 Abs mean: 0.9974E-05   Fluctuation:  0.178E-05   0.911E-03    82.0%
  1    0.9974E-05 0.9974E-05 +- 0.1777E-05      5.63
 Writing out events   2.4337078159731231E-009   5.6328256859850718     
 Relative summed weights:
  0.1087E-01  0.4816E-02  0.2257E-01  0.3726E-01  0.4984E-01  0.1239E+00  0.9512E-01  0.5583E-01  0.2388E-01  0.3068E-01  0.2117E-01  0.1528E+00  0.4578E-02  0.9857E-02  0.1428E-01  0.7759E-02  0.1089E+00  0.4712E-01  0.2078E-01  0.6397E-01  0.2509E-01  0.3331E-01  0.2196E-01  0.1366E-01
 Relative number of events:
  0.2279E-01  0.2577E-01  0.2577E-01  0.2973E-01  0.7037E-01  0.7631E-01  0.6938E-01  0.5748E-01  0.4063E-01  0.3469E-01  0.3667E-01  0.4559E-01  0.2081E-01  0.3072E-01  0.1883E-01  0.2279E-01  0.5055E-01  0.4856E-01  0.5847E-01  0.6244E-01  0.3469E-01  0.3469E-01  0.4559E-01  0.3667E-01
 Events:
          23          26          26          30          71          77          70          58          41          35          37          46          21          31          19          23          51          49          59          63          35          35          46          37
 Iteration  2   Mean: 0.1147E-04 Abs mean: 0.1147E-04   Fluctuation:  0.717E-06   0.535E-03    92.0%
  2    0.1147E-04 0.1147E-04 +- 0.7174E-06      2.80
 Relative summed weights:
  0.2125E-01  0.3393E-01  0.1934E-01  0.3032E-01  0.1027E+00  0.7163E-01  0.9861E-01  0.9141E-01  0.2458E-01  0.5540E-01  0.4967E-01  0.4021E-01  0.2668E-01  0.1745E-01  0.1037E-01  0.8744E-02  0.3383E-01  0.7358E-01  0.2933E-01  0.5260E-01  0.1856E-01  0.2647E-01  0.2739E-01  0.3597E-01
 Relative number of events:
  0.2500E-01  0.2950E-01  0.2400E-01  0.2800E-01  0.6650E-01  0.6750E-01  0.7550E-01  0.7100E-01  0.4150E-01  0.5150E-01  0.4850E-01  0.4150E-01  0.2250E-01  0.2100E-01  0.2100E-01  0.2150E-01  0.5150E-01  0.5700E-01  0.5050E-01  0.5200E-01  0.3300E-01  0.2700E-01  0.3550E-01  0.3750E-01
 Events:
          50          59          48          56         133         135         151         142          83         103          97          83          45          42          42          43         103         114         101         104          66          54          71          75
 Iteration  3   Mean: 0.1224E-04 Abs mean: 0.1224E-04   Fluctuation:  0.383E-06   0.351E-03    94.3%
  3    0.1224E-04 0.1224E-04 +- 0.3831E-06      1.98
 Relative summed weights:
  0.2783E-01  0.4250E-01  0.2860E-01  0.2084E-01  0.7466E-01  0.7862E-01  0.6950E-01  0.6414E-01  0.3883E-01  0.4170E-01  0.4620E-01  0.5114E-01  0.2192E-01  0.2018E-01  0.2564E-01  0.1360E-01  0.5215E-01  0.4026E-01  0.5209E-01  0.5075E-01  0.3135E-01  0.4065E-01  0.3570E-01  0.3115E-01
 Relative number of events:
  0.2675E-01  0.2900E-01  0.2800E-01  0.2275E-01  0.7275E-01  0.7325E-01  0.7325E-01  0.7900E-01  0.4175E-01  0.4000E-01  0.3600E-01  0.4750E-01  0.2025E-01  0.2100E-01  0.2225E-01  0.2025E-01  0.5000E-01  0.5175E-01  0.5600E-01  0.4700E-01  0.3575E-01  0.3800E-01  0.3525E-01  0.3250E-01
 Events:
         107         116         112          91         291         293         293         316         167         160         144         190          81          84          89          81         200         207         224         188         143         152         141         130
 Accuracy:    0.026   0.100   0.028   0.885
 Finished due to accuracy    2.6019941044125014E-002  0.10000000000000001     

 -------------------------------------------------------------------------------
 Accumulated results:   Integral =  0.1203E-04
                        Std dev  =  0.3328E-06
                       Cross sec =  0.1203E-04
             Chi**2 per DoF.     =      0.8851
 -------------------------------------------------------------------------------
 Found          415  events.
 Wrote          220  events.
 Actual xsec    1.2032710221864776E-005
 Correct abs xsec    1.2032710221864776E-005
 Event xsec    1.2032710221864744E-005
 Events wgts > 1:            7
 % Cross section > 1:    1.0396150779296395E-007  0.86399078741258628     
-------------------------------------------------
---------------------------
 Results Last   3 iters: Integral =   0.1203E-04
                     Abs integral =   0.1203E-04
                          Std dev =   0.3328E-06
                  Chi**2 per DoF. =      1.1180
-------------------------------------------------
---------------------------
 Status  0.10000000000000001                4           5

ls status:
events.lhe
ftn26
input_app.txt
results.dat
run1_app.log
