 Process in group number            1
 A PDF is used, so alpha_s(MZ) is going to be modified
 Old value of alpha_s from param_card:   0.11839999999999999     
  ****************************************
 
       NNPDFDriver version 1.0.3
   Grid: NNPDF23_lo_as_0130_qed_mem0.grid
  ****************************************
 New value of alpha_s from PDF nn23lo1:  0.13000000000000000     
 Define smin to   88.360000000000014     
 Define smin to   88.360000000000014     
 Define smin to   88.360000000000014     
 Define smin to   88.360000000000014     
 Warning: pt or E min of a jet should in general be >0
 Warning: pt or E min of a jet should in general be >0
 Warning: pt or E min of a jet should in general be >0
 Warning: pt or E min of a jet should in general be >0
 *****************************************************
 *               MadGraph/MadEvent                   *
 *        --------------------------------           *
 *          http://madgraph.hep.uiuc.edu             *
 *          http://madgraph.phys.ucl.ac.be           *
 *          http://madgraph.roma2.infn.it            *
 *        --------------------------------           *
 *                                                   *
 *          PARAMETER AND COUPLING VALUES            *
 *                                                   *
 *****************************************************

  External Params
  ---------------------------------
  
 mdl_cabi =   0.22773599999999999     
 aEWM1 =    127.90000000000001     
 mdl_Gf =    1.1663700000000000E-005
 aS =   0.11839999999999999     
 mdl_ymb =    4.7000000000000002     
 mdl_ymt =    172.00000000000000     
 mdl_ymtau =    1.7769999999999999     
 mdl_Lambda =    5000.0000000000000     
 mdl_ca =    1.0000000000000000     
 mdl_kSM =    5.0000000000000003E-002
 mdl_kHtt =    0.0000000000000000     
 mdl_kAtt =    0.0000000000000000     
 mdl_kHbb =    0.0000000000000000     
 mdl_kAbb =    0.0000000000000000     
 mdl_kHll =    0.0000000000000000     
 mdl_kAll =    0.0000000000000000     
 mdl_kHaa =    0.0000000000000000     
 mdl_kAaa =    0.0000000000000000     
 mdl_kHza =    0.0000000000000000     
 mdl_kAza =    0.0000000000000000     
 mdl_kHgg =    0.0000000000000000     
 mdl_kAgg =    0.0000000000000000     
 mdl_kHzz =  -0.52481000000000000     
 mdl_kAzz =    0.0000000000000000     
 mdl_kHww =  -0.52481000000000000     
 mdl_kAww =    0.0000000000000000     
 mdl_kHda =    0.0000000000000000     
 mdl_kHdz =  -0.26240500000000000     
 mdl_kHdwR =  -0.26240500000000000     
 mdl_kHdwI =    0.0000000000000000     
 mdl_kHHgg =    1.0000000000000000     
 mdl_kAAgg =    1.0000000000000000     
 mdl_kqa =    1.0000000000000000     
 mdl_kqb =    1.0000000000000000     
 mdl_kla =    1.0000000000000000     
 mdl_klb =    1.0000000000000000     
 mdl_kw1 =    1.0000000000000000     
 mdl_kw2 =    1.0000000000000000     
 mdl_kw3 =    0.0000000000000000     
 mdl_kw4 =    0.0000000000000000     
 mdl_kw5 =    0.0000000000000000     
 mdl_kz1 =    0.0000000000000000     
 mdl_kz3 =    1.0000000000000000     
 mdl_kz5 =    0.0000000000000000     
 mdl_kq =    1.0000000000000000     
 mdl_kq3 =    1.0000000000000000     
 mdl_kl =    1.0000000000000000     
 mdl_kg =    1.0000000000000000     
 mdl_ka =    1.0000000000000000     
 mdl_kz =    1.0000000000000000     
 mdl_kw =    1.0000000000000000     
 mdl_kza =    0.0000000000000000     
 mdl_MZ =    91.187600000000003     
 mdl_MTA =    1.7769999999999999     
 mdl_MT =    172.00000000000000     
 mdl_MB =    4.7000000000000002     
 mdl_MX0 =    600.00000000000000     
 mdl_MX1 =    125.00000000000000     
 mdl_MX2 =    125.00000000000000     
 mdl_WZ =    2.4952000000000001     
 mdl_WW =    2.0850000000000000     
 mdl_WT =    1.5083359999999999     
 mdl_WX0 =   0.15059000000000000     
 mdl_WX1 =    4.0699999999999998E-003
 mdl_WX2 =    4.0699999999999998E-003
  Internal Params
  ---------------------------------
  
 mdl_cos__cabi =   0.97418004031982097     
 mdl_CKM1x1 =  ( 0.97418004031982097     ,  0.0000000000000000     )
 mdl_sin__cabi =   0.22577256042856930     
 mdl_CKM1x2 =  ( 0.22577256042856930     ,  0.0000000000000000     )
 mdl_CKM2x1 =  (-0.22577256042856930     ,  0.0000000000000000     )
 mdl_CKM2x2 =  ( 0.97418004031982097     ,  0.0000000000000000     )
 mdl_ca__exp__2 =    1.0000000000000000     
 mdl_sa =    0.0000000000000000     
 mdl_complexi =  (  0.0000000000000000     ,  1.0000000000000000     )
 mdl_kHdw =  (-0.26240500000000000     ,  0.0000000000000000     )
 mdl_MZ__exp__2 =    8315.1783937600012     
 mdl_MZ__exp__4 =    69142191.720053151     
 mdl_sqrt__2 =    1.4142135623730951     
 mdl_nb__2__exp__0_75 =    1.6817928305074290     
 mdl_MX0__exp__2 =    360000.00000000000     
 mdl_ca__exp__4 =    1.0000000000000000     
 mdl_ca__exp__3 =    1.0000000000000000     
 mdl_conjg__CKM1x1 =  ( 0.97418004031982097     , -0.0000000000000000     )
 mdl_conjg__CKM1x2 =  ( 0.22577256042856930     , -0.0000000000000000     )
 mdl_conjg__CKM2x1 =  (-0.22577256042856930     , -0.0000000000000000     )
 mdl_conjg__CKM2x2 =  ( 0.97418004031982097     , -0.0000000000000000     )
 mdl_conjg__kHdw =  (-0.26240500000000000     , -0.0000000000000000     )
 mdl_aEW =    7.8186082877247844E-003
 mdl_MW =    79.824359746197842     
 mdl_sqrt__aEW =    8.8422894590285753E-002
 mdl_ee =   0.31345100004952897     
 mdl_MW__exp__2 =    6371.9284088904105     
 mdl_sw2 =   0.23369913342182447     
 mdl_cw =   0.87538612427783857     
 mdl_sqrt__sw2 =   0.48342438232036300     
 mdl_sw =   0.48342438232036300     
 mdl_ad =  -0.12747442148678401     
 mdl_al =   -1.2074027013887732E-002
 mdl_an =   0.18517461872323218     
 mdl_au =    6.9774224250335873E-002
 mdl_bd =  -0.18517461872323218     
 mdl_bl =  -0.18517461872323218     
 mdl_bn =   0.18517461872323218     
 mdl_bu =   0.18517461872323218     
 mdl_gwwz =  -0.56759788318358417     
 mdl_g1 =   0.35807170271074895     
 mdl_gw =   0.64839716719502682     
 mdl_vev =    246.22056907348590     
 mdl_ee__exp__2 =    9.8251529432049817E-002
 mdl_gAaa =    1.3477023594718659E-005
 mdl_vev__exp__2 =    60624.568634871241     
 mdl_cw__exp__2 =   0.76630086657817542     
 mdl_gAza =    4.4999802188047602E-006
 mdl_gHaa =    2.6392504539657372E-005
 mdl_gHza =    3.9166441035016922E-005
 mdl_lam =    2.9690932909411916     
 mdl_yb =    2.6995322804122722E-002
 mdl_yt =   0.98791394091683138     
 mdl_ytau =    1.0206529494239589E-002
 mdl_muH =    424.26406871192853     
 mdl_sw__exp__2 =   0.23369913342182450     
  Internal Params evaluated point by point
  ----------------------------------------
  
 mdl_sqrt__aS =   0.34409301068170506     
 mdl_G__exp__2 =    1.4878582807401259     
 mdl_gAAgg =    3.1083017473614446E-007
 mdl_gAgg =    7.6532782508744533E-005
 mdl_gHgg =   -5.1021855005829691E-005
 mdl_gHHgg =    2.0722011649076294E-007
  Couplings of HC_UFO
  ---------------------------------
  
        GC_10 =  -0.00000E+00   0.00000E+00
        GC_13 =  -0.00000E+00  -0.20722E-06
        GC_62 =   0.00000E+00   0.00000E+00
        GC_64 =   0.00000E+00   0.00000E+00
         GC_1 =  -0.00000E+00  -0.10448E+00
         GC_2 =   0.00000E+00   0.20897E+00
         GC_3 =  -0.00000E+00  -0.31345E+00
         GC_9 =  -0.00000E+00  -0.00000E+00
        GC_16 =  -0.00000E+00  -0.00000E+00
        GC_17 =   0.00000E+00  -0.12074E-01
        GC_19 =  -0.00000E+00   0.18517E+00
        GC_21 =   0.00000E+00  -0.12747E+00
        GC_22 =   0.00000E+00   0.69774E-01
        GC_23 =  -0.00000E+00   0.18517E+00
        GC_24 =  -0.00000E+00  -0.18517E+00
        GC_61 =   0.00000E+00   0.00000E+00
        GC_66 =   0.00000E+00   0.00000E+00
        GC_77 =  -0.00000E+00  -0.28380E+00
        GC_78 =   0.00000E+00   0.28380E+00
        GC_89 =  -0.00000E+00  -0.28850E-01
        GC_90 =   0.00000E+00   0.86550E-01
        GC_98 =  -0.00000E+00  -0.21932E+03
       GC_100 =   0.00000E+00   0.33771E+01
       GC_101 =  -0.00000E+00  -0.00000E+00
       GC_102 =   0.00000E+00   0.00000E+00
       GC_105 =  -0.00000E+00  -0.00000E+00
       GC_106 =   0.00000E+00   0.00000E+00
        GC_35 =  -0.00000E+00  -0.20000E-03
        GC_38 =  -0.00000E+00  -0.00000E+00
        GC_40 =   0.00000E+00   0.52481E-04
        GC_42 =   0.00000E+00   0.10496E-03
        GC_43 =   0.00000E+00   0.50000E-04
        GC_45 =   0.00000E+00   0.50000E-04
        GC_49 =   0.00000E+00   0.50000E-04
        GC_56 =  -0.00000E+00  -0.94000E-03
        GC_58 =  -0.00000E+00  -0.35540E-03
        GC_68 =   0.00000E+00   0.00000E+00

 Collider parameters:
 --------------------

 Running at P P   machine @    13000.000000000000       GeV
 PDF set = nn23lo1
 alpha_s(Mz)= 0.1300 running at 2 loops.
 alpha_s(Mz)= 0.1300 running at 2 loops.
 Renormalization scale set on event-by-event basis
 Factorization   scale set on event-by-event basis


 getting user params
Enter number of events and max and min iterations: 
 Number of events and iterations         1000           5           3
Enter desired fractional accuracy: 
 Desired fractional accuracy:   0.10000000000000001     
Enter 0 for fixed, 2 for adjustable grid: 
Suppress amplitude (0 no, 1 yes)? 
 Using suppressed amplitude.
Exact helicity sum (0 yes, n = number/event)? 
 Explicitly summing over helicities
Enter Configuration Number: 
Running Configuration Number:    8
 Using dconfig=         203
 BW Setting            2           1           1           1           2           0
 Attempting mappinvarients           1           8
 Completed mapping           8
 about to integrate           16        1000           5           3          16           1
 Using non-zero grid deformation.
 16 dimensions   1000 events 16 invarients  5 iterations  1 config(s),  (0.99)
 Using h-tuple random number sequence.
 Error opening grid
 Using Uniform Grid!          32
 Using uniform alpha   1.0000000000000000     
 Grid defined OK
 Set CM energy to      13000.00
 Mapping Graph           8  to config           8
Setting grid   1    0.59172E-08   1
 Setting BW          -2           2   91.187600000000003     
 Setting BW          -3           3   600.00000000000000     
 Setting BW          -4           4   91.187600000000003     
Setting grid   5    0.25116E-02   1
 Transforming s_hat 1/s           15   2.5115575576956360E-003   88.360000000000014        168999999.99999997     
   8   1   2   3   4   5   6   7   8   9  10  11  12  13  14
  15  16
 Masses: 0.000E+00 0.000E+00 0.470E+01 0.470E+01 0.000E+00 0.000E+00 0.000E+00 0.000E+00
Using random seed offsets     8 :      6
  with seed                   24
 Ranmar initialization seeds       31066        9403
 
 ********************************************
 * You are using the DiscreteSampler module *
 *      part of the MG5_aMC framework       *
 *         Author: Valentin Hirschi         *
 ********************************************
 
  Particle       3       4       5       6       7       8
      Et >     0.0     0.0     0.0     0.0     0.0     0.0
       E >     0.0     0.0     0.0     0.0     0.0     0.0
     Eta <    -1.0    -1.0    -1.0    -1.0    -1.0    -1.0
   xqcut:      0.0     0.0     0.0     0.0     0.0     0.0
d R # 3  >    -0.0     0.0     0.0     0.0     0.0     0.0
d R # 4  >    -0.0    -0.0     0.0     0.0     0.0     0.0
d R # 5  >    -0.0    -0.0    -0.0     0.0     0.0     0.0
d R # 6  >    -0.0    -0.0    -0.0    -0.0     0.0     0.0
d R # 7  >    -0.0    -0.0    -0.0    -0.0    -0.0     0.0
s min # 3>     0.0    88.4    22.1    22.1    22.1     0.0
s min # 4>     0.0     0.0    22.1    22.1    22.1     0.0
s min # 5>     0.0     0.0     0.0     0.0     0.0     0.0
s min # 6>     0.0     0.0     0.0     0.0     0.0     0.0
s min # 7>     0.0     0.0     0.0     0.0     0.0     0.0
xqcutij # 3>     0.0     0.0     0.0     0.0     0.0     0.0
xqcutij # 4>     0.0     0.0     0.0     0.0     0.0     0.0
xqcutij # 5>     0.0     0.0     0.0     0.0     0.0     0.0
xqcutij # 6>     0.0     0.0     0.0     0.0     0.0     0.0
xqcutij # 7>     0.0     0.0     0.0     0.0     0.0     0.0
 Excluding BW           -1           1
 Requiring BW           -2           2
 Requiring BW           -3           3
 Requiring BW           -4           4
 Excluding BW           -5           5
 alpha_s for scale    234.67726000208040       is   0.11233903168436192     
 Added good helicity            1   94.911626238889582       in event            1 local:           1
 Added good helicity            4   22.157663873116661       in event            1 local:           1
 Added good helicity           13   83.288399866121551       in event            1 local:           1
 Added good helicity           16   14.976038758982826       in event            1 local:           1
 Added good helicity           17   4.1435261262658014E-002  in event            1 local:           1
 Added good helicity           20   9.6732995517524560E-003  in event            1 local:           1
 Added good helicity           29   3.6360946970977248E-002  in event            1 local:           1
 Added good helicity           32   6.5380407358765109E-003  in event            1 local:           1
 Added good helicity           33   1.9308986971893111E-002  in event            1 local:           1
 Added good helicity           36   4.5077938289323069E-003  in event            1 local:           1
 Added good helicity           45   1.6944337502730594E-002  in event            1 local:           1
 Added good helicity           48   3.0467514755244895E-003  in event            1 local:           1
 Added good helicity           49   1.7538295464099327E-002  in event            1 local:           1
 Added good helicity           52   4.0944157338828656E-003  in event            1 local:           1
 Added good helicity           61   1.5390491380976475E-002  in event            1 local:           1
 Added good helicity           64   2.7673553077233338E-003  in event            1 local:           1
 Added good helicity          193   2.7047334228749600       in event            1 local:           1
 Added good helicity          196  0.63143554088520448       in event            1 local:           1
 Added good helicity          205   2.3735018330490774       in event            1 local:           1
 Added good helicity          208  0.42677798473012007       in event            1 local:           1
 Added good helicity          209   5.3187736803179633E-002  in event            1 local:           1
 Added good helicity          212   1.2416982417837438E-002  in event            1 local:           1
 Added good helicity          221   4.6674171188335577E-002  in event            1 local:           1
 Added good helicity          224   8.3924555866541004E-003  in event            1 local:           1
 Added good helicity          225   9.2820304451840668E-002  in event            1 local:           1
 Added good helicity          228   2.1669432799177182E-002  in event            1 local:           1
 Added good helicity          237   8.1453189026829326E-002  in event            1 local:           1
 Added good helicity          240   1.4646050564896691E-002  in event            1 local:           1
 Added good helicity          241   14.995255487395053       in event            1 local:           1
 Added good helicity          244   3.5007284560157053       in event            1 local:           1
 Added good helicity          253   13.158881420757595       in event            1 local:           1
 Added good helicity          256   2.3660908181558682       in event            1 local:           1
 Added good helicity            1   94.911626238889895       in event            1 local:           1
 Added good helicity            4   22.157663873116476       in event            1 local:           1
 Added good helicity           13   83.288399866121352       in event            1 local:           1
 Added good helicity           16   14.976038758982934       in event            1 local:           1
 Added good helicity           17   4.1435261262658188E-002  in event            1 local:           1
 Added good helicity           20   9.6732995517523832E-003  in event            1 local:           1
 Added good helicity           29   3.6360946970977158E-002  in event            1 local:           1
 Added good helicity           32   6.5380407358765552E-003  in event            1 local:           1
 Added good helicity           33   1.9308986971893195E-002  in event            1 local:           1
 Added good helicity           36   4.5077938289322765E-003  in event            1 local:           1
 Added good helicity           45   1.6944337502730562E-002  in event            1 local:           1
 Added good helicity           48   3.0467514755245107E-003  in event            1 local:           1
 Added good helicity           49   1.7538295464099487E-002  in event            1 local:           1
 Added good helicity           52   4.0944157338828535E-003  in event            1 local:           1
 Added good helicity           61   1.5390491380976512E-002  in event            1 local:           1
 Added good helicity           64   2.7673553077233633E-003  in event            1 local:           1
 Added good helicity          193   2.7047334228749675       in event            1 local:           1
 Added good helicity          196  0.63143554088519971       in event            1 local:           1
 Added good helicity          205   2.3735018330490698       in event            1 local:           1
 Added good helicity          208  0.42677798473012263       in event            1 local:           1
 Added good helicity          209   5.3187736803179834E-002  in event            1 local:           1
 Added good helicity          212   1.2416982417837345E-002  in event            1 local:           1
 Added good helicity          221   4.6674171188335493E-002  in event            1 local:           1
 Added good helicity          224   8.3924555866541663E-003  in event            1 local:           1
 Added good helicity          225   9.2820304451841154E-002  in event            1 local:           1
 Added good helicity          228   2.1669432799177050E-002  in event            1 local:           1
 Added good helicity          237   8.1453189026829242E-002  in event            1 local:           1
 Added good helicity          240   1.4646050564896818E-002  in event            1 local:           1
 Added good helicity          241   14.995255487395106       in event            1 local:           1
 Added good helicity          244   3.5007284560156791       in event            1 local:           1
 Added good helicity          253   13.158881420757558       in event            1 local:           1
 Added good helicity          256   2.3660908181558842       in event            1 local:           1
 RESET CUMULATIVE VARIABLE
 RESET CUMULATIVE VARIABLE
 RESET CUMULATIVE VARIABLE
 Iteration  1   Mean: 0.3512E-06 Abs mean: 0.3512E-06   Fluctuation:  0.110E-06   0.717E-04    74.2%
  1    0.3512E-06 0.3512E-06 +- 0.1104E-06      9.94
 Writing out events   9.4688699179504801E-011   9.9408227685314845     
 Relative summed weights:
  0.6149E-01  0.8318E-01  0.2224E+00  0.2199E+00  0.1609E-01  0.2358E+00  0.1291E+00  0.3205E-01
 Relative number of events:
  0.1219E+00  0.1130E+00  0.1487E+00  0.1388E+00  0.1080E+00  0.9514E-01  0.1457E+00  0.1288E+00
 Events:
         123         114         150         140         109          96         147         130
 Iteration  2   Mean: 0.4596E-06 Abs mean: 0.4596E-06   Fluctuation:  0.778E-07   0.778E-04    85.6%
  2    0.4596E-06 0.4596E-06 +- 0.7776E-07      7.57
 Relative summed weights:
  0.1422E+00  0.8781E-01  0.1860E+00  0.1774E+00  0.1357E+00  0.4674E-01  0.1462E+00  0.7790E-01
 Relative number of events:
  0.1310E+00  0.1245E+00  0.1645E+00  0.1485E+00  0.9700E-01  0.9000E-01  0.1205E+00  0.1240E+00
 Events:
         262         249         329         297         194         180         241         248
 Iteration  3   Mean: 0.3845E-06 Abs mean: 0.3845E-06   Fluctuation:  0.282E-07   0.725E-04    91.6%
  3    0.3845E-06 0.3845E-06 +- 0.2816E-07      4.63
 Relative summed weights:
  0.1241E+00  0.1115E+00  0.1753E+00  0.1433E+00  0.6912E-01  0.1441E+00  0.1052E+00  0.1274E+00
 Relative number of events:
  0.1180E+00  0.1207E+00  0.1673E+00  0.1585E+00  0.9675E-01  0.9350E-01  0.1225E+00  0.1227E+00
 Events:
         472         483         669         634         387         374         490         491
 Accuracy:    0.051   0.100   0.066   0.598
 Finished due to accuracy    5.0816426696720318E-002  0.10000000000000001     

 -------------------------------------------------------------------------------
 Accumulated results:   Integral =  0.3944E-06
                        Std dev  =  0.2592E-07
                       Cross sec =  0.3944E-06
             Chi**2 per DoF.     =      0.5978
 -------------------------------------------------------------------------------
 Found          267  events.
 Wrote           21  events.
 Actual xsec    3.9435679112746554E-007
 Correct abs xsec    3.9435679112746554E-007
 Event xsec    3.9435679112746549E-007
 Events wgts > 1:            0
 % Cross section > 1:    0.0000000000000000        0.0000000000000000     
-------------------------------------------------
---------------------------
 Results Last   3 iters: Integral =   0.3944E-06
                     Abs integral =   0.3944E-06
                          Std dev =   0.2592E-07
                  Chi**2 per DoF. =      0.4903
-------------------------------------------------
---------------------------
 Status  0.10000000000000001                4           5

ls status:
events.lhe
ftn26
input_app.txt
results.dat
run1_app.log
