 A PDF is used, so alpha_s(MZ) is going to be modified
 Old value of alpha_s from param_card:   0.11799999999999999     
  ****************************************
 
       NNPDFDriver version 1.0.3
   Grid: NNPDF23nlo_as_0119_qed_mem0.grid
  ****************************************
 New value of alpha_s from PDF nn23nlo:  0.11899999999999999     
 *****************************************************
 *               MadGraph/MadEvent                   *
 *        --------------------------------           *
 *          http://madgraph.hep.uiuc.edu             *
 *          http://madgraph.phys.ucl.ac.be           *
 *          http://madgraph.roma2.infn.it            *
 *        --------------------------------           *
 *                                                   *
 *          PARAMETER AND COUPLING VALUES            *
 *                                                   *
 *****************************************************

  External Params
  ---------------------------------
  
 MU_R =    91.188000000000002     
 aEWM1 =    132.50700000000001     
 mdl_Gf =    1.1663900000000000E-005
 aS =   0.11799999999999999     
 mdl_ymb =    4.7000000000000002     
 mdl_ymt =    173.00000000000000     
 mdl_ymtau =    1.7769999999999999     
 mdl_MT =    173.00000000000000     
 mdl_MB =    4.7000000000000002     
 mdl_MZ =    91.188000000000002     
 mdl_MTA =    1.7769999999999999     
 mdl_WT =    1.4915000000000000     
 mdl_WZ =    2.4414039999999999     
 mdl_WW =    2.0476000000000001     
 mdl_MX0 =    300.00000000000000     
 mdl_WX0 =    1.0604700000000000     
 mdl_Lambda =    5000.0000000000000     
 mdl_cosa =    1.0000000000000000     
 mdl_kSM =    5.0000000000000003E-002
 mdl_kHtt =    0.0000000000000000     
 mdl_kAtt =    0.0000000000000000     
 mdl_kHbb =    0.0000000000000000     
 mdl_kAbb =    0.0000000000000000     
 mdl_kHll =    0.0000000000000000     
 mdl_kAll =    0.0000000000000000     
 mdl_kHaa =    0.0000000000000000     
 mdl_kAaa =    0.0000000000000000     
 mdl_kHza =    0.0000000000000000     
 mdl_kAza =    0.0000000000000000     
 mdl_kHzz =    8.1561199999999996     
 mdl_kAzz =    0.0000000000000000     
 mdl_kHww =    10.496200000000000     
 mdl_kAww =    0.0000000000000000     
 mdl_kHda =    0.0000000000000000     
 mdl_kHdz =    0.0000000000000000     
 mdl_kHdwR =    0.0000000000000000     
 mdl_kHdwI =    0.0000000000000000     
  Internal Params
  ---------------------------------
  
 mdl_CKM11 =    1.0000000000000000     
 mdl_conjg__CKM3x3 =    1.0000000000000000     
 mdl_conjg__CKM11 =    1.0000000000000000     
 mdl_lhv =    1.0000000000000000     
 mdl_CKM3x3 =    1.0000000000000000     
 mdl_conjg__CKM33 =    1.0000000000000000     
 mdl_Ncol =    3.0000000000000000     
 mdl_CA =    3.0000000000000000     
 mdl_TF =   0.50000000000000000     
 mdl_CF =    1.3333333333333333     
 mdl_complexi =  (  0.0000000000000000     ,  1.0000000000000000     )
 mdl_MZ__exp__2 =    8315.2513440000002     
 mdl_MZ__exp__4 =    69143404.913893804     
 mdl_sqrt__2 =    1.4142135623730951     
 mdl_MX0__exp__2 =    90000.000000000000     
 mdl_cosa__exp__2 =    1.0000000000000000     
 mdl_sina =    0.0000000000000000     
 mdl_kHdw =  (  0.0000000000000000     ,  0.0000000000000000     )
 mdl_nb__2__exp__0_75 =    1.6817928305074290     
 mdl_Ncol__exp__2 =    9.0000000000000000     
 mdl_MB__exp__2 =    22.090000000000003     
 mdl_MT__exp__2 =    29929.000000000000     
 mdl_conjg__kHdw =  (  0.0000000000000000     , -0.0000000000000000     )
 mdl_aEW =    7.5467711139788835E-003
 mdl_MW =    80.419002445756163     
 mdl_sqrt__aEW =    8.6872153846781555E-002
 mdl_ee =   0.30795376724436879     
 mdl_MW__exp__2 =    6467.2159543705357     
 mdl_sw2 =   0.22224648578577766     
 mdl_cw =   0.88190334743339216     
 mdl_sqrt__sw2 =   0.47143025548407230     
 mdl_sw =   0.47143025548407230     
 mdl_g1 =   0.34919219678733299     
 mdl_gw =   0.65323293034757990     
 mdl_vev =    246.21845810181637     
 mdl_vev__exp__2 =    60623.529110035903     
 mdl_lam =   0.74228605065735920     
 mdl_yb =    2.6995554250465490E-002
 mdl_yt =   0.99366614581500623     
 mdl_ytau =    1.0206617000654717E-002
 mdl_muH =    212.13203435596427     
 mdl_AxialZUp =  -0.18517701861793787     
 mdl_AxialZDown =   0.18517701861793787     
 mdl_VectorZUp =    7.5430507588273299E-002
 mdl_VectorZDown =  -0.13030376310310560     
 mdl_VectorAUp =   0.20530251149624587     
 mdl_VectorADown =  -0.10265125574812294     
 mdl_VectorWmDxU =   0.23095271737156670     
 mdl_AxialWmDxU =  -0.23095271737156670     
 mdl_VectorWpUxD =   0.23095271737156670     
 mdl_AxialWpUxD =  -0.23095271737156670     
 mdl_I1x33 =  (  2.6995554250465490E-002,  0.0000000000000000     )
 mdl_I2x33 =  ( 0.99366614581500623     ,  0.0000000000000000     )
 mdl_I3x33 =  ( 0.99366614581500623     ,  0.0000000000000000     )
 mdl_I4x33 =  (  2.6995554250465490E-002,  0.0000000000000000     )
 mdl_Vector_tbGp =  (-0.96667059156454072     ,  0.0000000000000000     )
 mdl_Axial_tbGp =  ( -1.0206617000654716     , -0.0000000000000000     )
 mdl_Vector_tbGm =  ( 0.96667059156454072     ,  0.0000000000000000     )
 mdl_Axial_tbGm =  ( -1.0206617000654716     , -0.0000000000000000     )
 mdl_ee__exp__2 =    9.4835522759998875E-002
 mdl_gAaa =    1.3008566310666950E-005
 mdl_cw__exp__2 =   0.77775351421422245     
 mdl_gAza =    4.7794971072590281E-006
 mdl_gHaa =    2.5475109025056106E-005
 mdl_gHza =    3.9182129211851395E-005
 mdl_gw__exp__2 =   0.42671326129048615     
 mdl_sw__exp__2 =   0.22224648578577769     
  Internal Params evaluated point by point
  ----------------------------------------
  
 mdl_sqrt__aS =   0.34351128074635334     
 mdl_G__exp__2 =    1.4828317324943823     
 mdl_G__exp__4 =    2.1987899468922913     
 mdl_R2MixedFactor_FIN_ =   -2.5040377713124864E-002
 mdl_GWcft_UV_b_1EPS_ =   -3.1300472141406080E-003
 mdl_GWcft_UV_t_1EPS_ =   -3.1300472141406080E-003
 mdl_bWcft_UV_1EPS_ =   -1.8780283284843650E-002
 mdl_tWcft_UV_1EPS_ =   -1.8780283284843650E-002
 mdl_G__exp__3 =    1.8056676068262196     
 mdl_MU_R__exp__2 =    8315.2513440000002     
 mdl_GWcft_UV_b_FIN_ =   -1.8563438626678915E-002
 mdl_GWcft_UV_t_FIN_ =    4.0087659331150384E-003
 mdl_bWcft_UV_FIN_ =  -0.13642100947319838     
 mdl_tWcft_UV_FIN_ =   -9.8778211443463623E-004
 mdl_gAgg =    7.6274879753643885E-005
 mdl_gHgg =   -5.0849919835762592E-005
  Couplings of HC_NLO_X0_UFO
  ---------------------------------
  
    R2_UUZ_V2 =  -0.00000E+00  -0.72127E-02
    R2_UUZ_V5 =   0.00000E+00   0.68702E-03
      R2_dxuW =  -0.00000E+00  -0.11566E-01
         GC_5 =   0.00000E+00   0.12177E+01
     GC_3005a =  -0.00000E+00  -0.00000E+00
    GC_3005h2 =  -0.00000E+00  -0.00000E+00
    GC_3005h3 =  -0.00000E+00  -0.20992E-02
    GC_3005h4 =  -0.00000E+00  -0.00000E+00
     GC_3007a =  -0.00000E+00  -0.00000E+00
    GC_3007h2 =  -0.00000E+00  -0.16312E-02
    GC_3007h3 =  -0.00000E+00  -0.00000E+00
        GC_22 =   0.00000E+00   0.28804E+00
        GC_23 =  -0.00000E+00  -0.27437E-01
        GC_24 =   0.00000E+00   0.82310E-01
        GC_47 =   0.00000E+00   0.46191E+00
    GC_3005h1 =   0.00000E+00   0.26266E+01
    GC_3007h1 =   0.00000E+00   0.33772E+01

 Collider parameters:
 --------------------

 Running at P P   machine @    13000.000000000000       GeV
 PDF set = nn23nlo
 alpha_s(Mz)= 0.1190 running at 2 loops.
 alpha_s(Mz)= 0.1190 running at 2 loops.
 Renormalization scale set on event-by-event basis
 Factorization   scale set on event-by-event basis


 ===============================================================
 INFO: MadFKS read these parameters from FKS_params.dat
 ===============================================================
  > IRPoleCheckThreshold      =    1.0000000000000001E-005
  > PrecisionVirtualAtRunTime =    1.0000000000000000E-003
  > NHelForMCoverHels         =            4
  > VirtualFraction           =    1.0000000000000000     
  > MinVirtualFraction        =    5.0000000000000001E-003
 ===============================================================
  Insert the number of points to test
 Insert the relative tolerance

  +----------------------------------------------------------------+
  |                                                                |
  |  Ninja - version 1.2.0                                         |
  |                                                                |
  |  Author: Tiziano Peraro                                        |
  |                                                                |
  |  Based on:                                                     |
  |                                                                |
  |      P. Mastrolia, E. Mirabella and T. Peraro,                 |
  |      "Integrand reduction of one-loop scattering amplitudes    |
  |      through Laurent series expansion,"                        |
  |      JHEP 1206 (2012) 095  [arXiv:1203.0291 [hep-ph]].         |
  |                                                                |
  |      T. Peraro,                                                |
  |      "Ninja: Automated Integrand Reduction via Laurent         |
  |      Expansion for One-Loop Amplitudes,"                       |
  |      Comput.Phys.Commun. 185 (2014) [arXiv:1403.1229 [hep-ph]] |
  |                                                                |
  +----------------------------------------------------------------+


  A negative number will mean use the default one:    1.0000000000000001E-005
Using random seed offsets:     1 ,     11 ,      0
  with seed                   35
 Ranmar initialization seeds       14387        9420
  ========================================================================================== 
 {                                                                                          }
 {       [32m                                                                            [0m       }
 {       [32m                               ,,                                           [0m       }
 {       [32m`7MMM.     ,MMF'             `7MM  `7MMF'                                   [0m       }
 {       [32m  MMMb    dPMM                 MM    MM                                     [0m       }
 {       [32m  M YM   ,M MM   ,6"Yb.   ,M""bMM    MM         ,pW"Wq.   ,pW"Wq.`7MMpdMAo. [0m       }
 {       [32m  M  Mb  M' MM  8)   MM ,AP    MM    MM        6W'   `Wb 6W'   `Wb MM   `Wb [0m       }
 {       [32m  M  YM.P'  MM   ,pm9MM 8MI    MM    MM      , 8M     M8 8M     M8 MM    M8 [0m       }
 {       [32m  M  `YM'   MM  8M   MM `Mb    MM    MM     ,M YA.   ,A9 YA.   ,A9 MM   ,AP [0m       }
 {       [32m.JML. `'  .JMML.`Moo9^Yo.`Wbmd"MML..JMMmmmmMMM  `Ybmd9'   `Ybmd9'  MMbmmd'  [0m       }
 {       [32m                                                                   MM       [0m       }
 {       [32m                                                                 .JMML.     [0m       }
 {       [32m[0mv2.6.6 (2018-06-28), Ref: arXiv:1103.0621v2, arXiv:1405.0301[32m                [0m       }
 {       [32m                                                                            [0m       }
 {                                                                                          }
  ========================================================================================== 
 ===============================================================
 INFO: MadLoop read these parameters from ./MadLoop5_resources/MadLoopParams.dat                                                                                                                                                                                                                                                                                                                                                                                                                                                                                          
 ===============================================================
  > MLReductionLib            = 6|7|1
  > CTModeRun                 =           -1
  > MLStabThres               =    1.0000000000000000E-003
  > NRotations_DP             =            0
  > NRotations_QP             =            0
  > CTStabThres               =    1.0000000000000000E-002
  > CTLoopLibrary             =            2
  > CTModeInit                =            1
  > CheckCycle                =            3
  > MaxAttempts               =           10
  > UseLoopFilter             =  F
  > HelicityFilterLevel       =            2
  > ImprovePSPoint            =            2
  > DoubleCheckHelicityFilter =  T
  > LoopInitStartOver         =  F
  > HelInitStartOver          =  F
  > ZeroThres                 =    1.0000000000000001E-009
  > OSThres                   =    1.0000000000000000E-008
  > WriteOutFilters           =  T
  > UseQPIntegrandForNinja    =  T
  > UseQPIntegrandForCutTools =  T
  > IREGIMODE                 =            2
  > IREGIRECY                 =  T
  > COLLIERMode               =            1
  > COLLIERRequiredAccuracy   =    1.0000000000000000E-008
  > COLLIERCanOutput          =  F
  > COLLIERComputeUVpoles     =  T
  > COLLIERComputeIRpoles     =  T
  > COLLIERGlobalCache        =           -1
  > COLLIERUseCacheForPoles   =  F
  > COLLIERUseInternalStabilityTest =  T
 ===============================================================
  
------------------------------------------------------------------------
|              You are using CutTools - Version 1.9.3                  |
|              Authors: G. Ossola, C. Papadopoulos, R. Pittau          |
|              Published in JHEP 0803:042,2008                         |
|              http://www.ugr.es/~pittau/CutTools                      |
|                                                                      |
|              Compiler with  34  significant digits detetected        |
 ---------------------------------------------------------------------- 
   
########################################################################
#                                                                      #
#                      You are using OneLOop-3.6                       #
#                                                                      #
# for the evaluation of 1-loop scalar 1-, 2-, 3- and 4-point functions #
#                                                                      #
# author: Andreas van Hameren <hamerenREMOVETHIS@ifj.edu.pl>           #
#   date: 18-02-2015                                                   #
#                                                                      #
# Please cite                                                          #
#    A. van Hameren,                                                   #
#      Comput.Phys.Commun. 182 (2011) 2427-2438, arXiv:1007.4716       #
#    A. van Hameren, C.G. Papadopoulos and R. Pittau,                  #
#      JHEP 0909:106,2009, arXiv:0903.4665                             #
# in publications with results obtained with the help of this program. #
#                                                                      #
########################################################################
########################################################################
#                                                                      #
#                      You are using OneLOop-3.6                       #
#                                                                      #
# for the evaluation of 1-loop scalar 1-, 2-, 3- and 4-point functions #
#                                                                      #
# author: Andreas van Hameren <hamerenREMOVETHIS@ifj.edu.pl>           #
#   date: 18-02-2015                                                   #
#                                                                      #
# Please cite                                                          #
#    A. van Hameren,                                                   #
#      Comput.Phys.Commun. 182 (2011) 2427-2438, arXiv:1007.4716       #
#    A. van Hameren, C.G. Papadopoulos and R. Pittau,                  #
#      JHEP 0909:106,2009, arXiv:0903.4665                             #
# in publications with results obtained with the help of this program. #
#                                                                      #
########################################################################
 PASSED   1.0000000000000001E-005
 MU_R    =    325.00000000000000     
 ALPHA_S =   0.11799999999999999     
 BORN                    1.2049087437327065E-015
 SINGLE POLE (MadFKS)   -6.8613098155095041E-018
 DOUBLE POLE (MadFKS)   -6.0342740105827488E-017
 SINGLE POLE (MadLoop)  -6.8613098155094487E-018
 DOUBLE POLE (MadLoop)  -6.0342740105827500E-017
 FINITE PART (MadLoop)   1.2390402404881575E-016
   325.00000000000000        0.0000000000000000        0.0000000000000000        325.00000000000000        0.0000000000000000     
   325.00000000000000        0.0000000000000000        0.0000000000000000       -325.00000000000000        0.0000000000000000     
   120.17778760152194       -59.357513419585040       -61.867197400986264       -24.992402141794244        80.419002445756163     
   228.25270656534033        153.31309825970766       -140.17380808374926       -94.581686830553068        0.0000000000000000     
   119.56353801460703       -64.057964731422871        50.807833823072023        87.238642809509969        0.0000000000000000     
   182.00596781853071       -29.897620108699737        151.23317166166348        32.335446162837343        91.188000000000002     

 PASSED   1.0000000000000001E-005
 MU_R    =    325.00000000000000     
 ALPHA_S =   0.11799999999999999     
 BORN                    2.1207891460338730E-014
 SINGLE POLE (MadFKS)   -1.2076758061551829E-016
 DOUBLE POLE (MadFKS)   -1.0621072253316743E-015
 SINGLE POLE (MadLoop)  -1.2076758061551827E-016
 DOUBLE POLE (MadLoop)  -1.0621072253316852E-015
 FINITE PART (MadLoop)   2.1808648224976630E-015
   325.00000000000000        0.0000000000000000        0.0000000000000000        325.00000000000000        0.0000000000000000     
   325.00000000000000        0.0000000000000000        0.0000000000000000       -325.00000000000000        0.0000000000000000     
   182.38771108467151       -74.119293342926369       -136.23753027523983        52.380596590564025        80.419002445756163     
   59.168331779956205        27.585971650065385       -52.303910600635163       -2.0509972270890837        0.0000000000000000     
   199.70418312161681       -84.057729003676599        99.295762801037597       -151.51373020547271        0.0000000000000000     
   208.73977401375544        130.59105069653759        89.245678074837357        101.18413084199780        91.188000000000002     

 PASSED   1.0000000000000001E-005
 MU_R    =    325.00000000000000     
 ALPHA_S =   0.11799999999999999     
 BORN                    2.6537130373845212E-013
 SINGLE POLE (MadFKS)   -1.5111474130850210E-015
 DOUBLE POLE (MadFKS)   -1.3289995359670452E-014
 SINGLE POLE (MadLoop)  -1.5111474130850218E-015
 DOUBLE POLE (MadLoop)  -1.3289995359670473E-014
 FINITE PART (MadLoop)   2.7288848696054388E-014
   325.00000000000000        0.0000000000000000        0.0000000000000000        325.00000000000000        0.0000000000000000     
   325.00000000000000        0.0000000000000000        0.0000000000000000       -325.00000000000000        0.0000000000000000     
   244.85133794789368        188.67705189398504        133.55338208227747       -7.0303601246882668        80.419002445756163     
   141.97412494760758       -139.74106921136894       -24.298933894010514        6.2167147205562854        0.0000000000000000     
   97.431580564959916        13.203712336572476       -27.971330196713488       -92.391447433979152        0.0000000000000000     
   165.74295653953888       -62.139695019188579       -81.283117991553425        93.205092838111156        91.188000000000002     

 PASSED   1.0000000000000001E-005
 MU_R    =    325.00000000000000     
 ALPHA_S =   0.11799999999999999     
 BORN                    1.4627251292183268E-013
 SINGLE POLE (MadFKS)   -8.3294360163797641E-016
 DOUBLE POLE (MadFKS)   -7.3254379452212571E-015
 SINGLE POLE (MadLoop)  -8.3294360163797552E-016
 DOUBLE POLE (MadLoop)  -7.3254379452212839E-015
 FINITE PART (MadLoop)   1.5041598007332633E-014
   325.00000000000000        0.0000000000000000        0.0000000000000000        325.00000000000000        0.0000000000000000     
   325.00000000000000        0.0000000000000000        0.0000000000000000       -325.00000000000000        0.0000000000000000     
   283.19874981949795        3.5998555181501715       -265.91448143444063        54.871172291623843        80.419002445756163     
   30.315311547657132       -6.6903112332693482       -24.035006032149003       -17.221391780807515        0.0000000000000000     
   169.52467620086034       -3.1989469769156842        167.03328271287396        28.779594253681676        0.0000000000000000     
   166.96126243198461        6.2894026920348223        122.91620475371565       -66.429374764497950        91.188000000000002     

 PASSED   1.0000000000000001E-005
 MU_R    =    325.00000000000000     
 ALPHA_S =   0.11799999999999999     
 BORN                    4.4767759475805633E-012
 SINGLE POLE (MadFKS)   -2.5492840773828274E-014
 DOUBLE POLE (MadFKS)   -2.2420032132889959E-013
 SINGLE POLE (MadLoop)  -2.5492840773828571E-014
 DOUBLE POLE (MadLoop)  -2.2420032132890313E-013
 FINITE PART (MadLoop)   4.6035897536257075E-013
   325.00000000000000        0.0000000000000000        0.0000000000000000        325.00000000000000        0.0000000000000000     
   325.00000000000000        0.0000000000000000        0.0000000000000000       -325.00000000000000        0.0000000000000000     
   216.04491606188284       -45.223257147434850       -194.40978611613656        19.180247054469518        80.419002445756163     
   43.272841732149573        8.2840411419224260        39.979606724147494        14.336824617644707        0.0000000000000000     
   244.58334376646147       -28.142299961390290        222.14360582101460       -98.393299536624497        0.0000000000000000     
   146.09889843950609        65.081515966902728       -67.713426429025503        64.876227864510255        91.188000000000002     

 PASSED   1.0000000000000001E-005
 MU_R    =    325.00000000000000     
 ALPHA_S =   0.11799999999999999     
 BORN                    2.3736342885371261E-011
 SINGLE POLE (MadFKS)   -1.3516575696775484E-013
 DOUBLE POLE (MadFKS)   -1.1887339827558811E-012
 SINGLE POLE (MadLoop)  -1.3516575696775356E-013
 DOUBLE POLE (MadLoop)  -1.1887339827558825E-012
 FINITE PART (MadLoop)   2.4408723191674433E-012
   325.00000000000000        0.0000000000000000        0.0000000000000000        325.00000000000000        0.0000000000000000     
   325.00000000000000        0.0000000000000000        0.0000000000000000       -325.00000000000000        0.0000000000000000     
   263.63096555087554        250.84460051452777        3.4867821774441792       -9.9447868589731794        80.419002445756163     
   76.917756805592134       -31.388733551870263        11.224519132560230       -69.318820591933743        0.0000000000000000     
   99.283700040364678       -52.700933817491972        69.281390490506141        47.748859674042990        0.0000000000000000     
   210.16757760316767       -166.75493314516552       -83.992691800510570        31.514747776863921        91.188000000000002     

 PASSED   1.0000000000000001E-005
 MU_R    =    325.00000000000000     
 ALPHA_S =   0.11799999999999999     
 BORN                    5.2361147995062369E-012
 SINGLE POLE (MadFKS)   -2.9816868751146420E-014
 DOUBLE POLE (MadFKS)   -2.6222858465783849E-013
 SINGLE POLE (MadLoop)  -2.9816868751145972E-014
 DOUBLE POLE (MadLoop)  -2.6222858465783526E-013
 FINITE PART (MadLoop)   5.3844384266854947E-013
   325.00000000000000        0.0000000000000000        0.0000000000000000        325.00000000000000        0.0000000000000000     
   325.00000000000000        0.0000000000000000        0.0000000000000000       -325.00000000000000        0.0000000000000000     
   290.06093939675458       -49.082784314471027       -271.95162389480282        36.073912378283026        80.419002445756163     
   76.039609159247277        64.076835163801022        39.649553710862698        10.202658820698401        0.0000000000000000     
   35.887295465097928       -34.829629401388374        7.9511135052881077        3.4021589597204636        0.0000000000000000     
   248.01215597890021        19.835578552058362        224.35095667865187       -49.678730158701910        91.188000000000002     

 PASSED   1.0000000000000001E-005
 MU_R    =    325.00000000000000     
 ALPHA_S =   0.11799999999999999     
 BORN                    4.5484748179489161E-015
 SINGLE POLE (MadFKS)   -2.5901127430870399E-017
 DOUBLE POLE (MadFKS)   -2.2779105492015545E-016
 SINGLE POLE (MadLoop)  -2.5901127430870174E-017
 DOUBLE POLE (MadLoop)  -2.2779105492015594E-016
 FINITE PART (MadLoop)   4.6773196406781032E-016
   325.00000000000000        0.0000000000000000        0.0000000000000000        325.00000000000000        0.0000000000000000     
   325.00000000000000        0.0000000000000000        0.0000000000000000       -325.00000000000000        0.0000000000000000     
   120.61104324537772        14.566429459203771       -62.794060986485782       -62.646091945175549        80.419002445756163     
   189.12003208394580        88.040107543433564       -153.16321944486086        67.500771910095267        0.0000000000000000     
   102.88788923170468        66.877581432326693        77.201879921133326       -12.376453004030044        0.0000000000000000     
   237.38103543897182       -169.48411843496382        138.75540051021324        7.5217730391103972        91.188000000000002     

 PASSED   1.0000000000000001E-005
 MU_R    =    325.00000000000000     
 ALPHA_S =   0.11799999999999999     
 BORN                    1.2784788437629352E-016
 SINGLE POLE (MadFKS)   -7.2802521230419834E-019
 DOUBLE POLE (MadFKS)   -6.4027186292126099E-018
 SINGLE POLE (MadLoop)  -7.2802521230418987E-019
 DOUBLE POLE (MadLoop)  -6.4027186292126160E-018
 FINITE PART (MadLoop)   1.3146943635977632E-017
   325.00000000000000        0.0000000000000000        0.0000000000000000        325.00000000000000        0.0000000000000000     
   325.00000000000000        0.0000000000000000        0.0000000000000000       -325.00000000000000        0.0000000000000000     
   85.007981871651353        26.667336713610137        6.4652726511146881       -2.4888611190981469        80.419002445756163     
   216.15274120689509        110.41761777023007        25.941896362742980        184.00265006327228        0.0000000000000000     
   228.14748391804392       -189.19038370413799       -36.456280551628268       -122.18515761071841        0.0000000000000000     
   120.69179300340964        52.105429220297808        4.0491115377705986       -59.328631333455760        91.188000000000002     

 PASSED   1.0000000000000001E-005
 MU_R    =    325.00000000000000     
 ALPHA_S =   0.11799999999999999     
 BORN                    1.4386157833833222E-014
 SINGLE POLE (MadFKS)   -8.1921462074347730E-017
 DOUBLE POLE (MadFKS)   -7.2046965199962820E-016
 SINGLE POLE (MadLoop)  -8.1921462074347410E-017
 DOUBLE POLE (MadLoop)  -7.2046965199962830E-016
 FINITE PART (MadLoop)   1.4793675085229158E-015
   325.00000000000000        0.0000000000000000        0.0000000000000000        325.00000000000000        0.0000000000000000     
   325.00000000000000        0.0000000000000000        0.0000000000000000       -325.00000000000000        0.0000000000000000     
   171.67255830706756        87.990234325700015        116.11372385657766       -42.184986864876649        80.419002445756163     
   222.89198525657014        37.937274727748509       -202.28561165886066       -85.569454793442858        0.0000000000000000     
   84.389751400235411       -76.674732449930744       -11.722921534561852        33.244377807677203        0.0000000000000000     
   171.04570503612689       -49.252776603517781        97.894809336844872        94.510063850642297        91.188000000000002     

 PASSED   1.0000000000000001E-005
 MU_R    =    325.00000000000000     
 ALPHA_S =   0.11799999999999999     
 BORN                    1.1669994060778279E-014
 SINGLE POLE (MadFKS)   -6.6454364459254674E-017
 DOUBLE POLE (MadFKS)   -5.8444211838362400E-016
 SINGLE POLE (MadLoop)  -6.6454364459257978E-017
 DOUBLE POLE (MadLoop)  -5.8444211838365842E-016
 FINITE PART (MadLoop)   1.2000570435540481E-015
   325.00000000000000        0.0000000000000000        0.0000000000000000        325.00000000000000        0.0000000000000000     
   325.00000000000000        0.0000000000000000        0.0000000000000000       -325.00000000000000        0.0000000000000000     
   112.28590502996829        65.035303652986869       -29.102177642414151        32.624853245059811        80.419002445756163     
   245.94532752267074       -245.60792204684128        12.231252890118359       -4.0310309853134223        0.0000000000000000     
   64.452610064021115       -5.5516734691714467        5.0720703492672987        64.012436042760783        0.0000000000000000     
   227.31615738333983        186.12429186302583        11.798854403028516       -92.606258302507158        91.188000000000002     

 PASSED   1.0000000000000001E-005
 MU_R    =    325.00000000000000     
 ALPHA_S =   0.11799999999999999     
 BORN                    1.8061600961659232E-011
 SINGLE POLE (MadFKS)   -1.0285114172060490E-013
 DOUBLE POLE (MadFKS)   -9.0453862036737297E-013
 SINGLE POLE (MadLoop)  -1.0285114172060906E-013
 DOUBLE POLE (MadLoop)  -9.0453862036741629E-013
 FINITE PART (MadLoop)   1.8573232633210085E-012
   325.00000000000000        0.0000000000000000        0.0000000000000000        325.00000000000000        0.0000000000000000     
   325.00000000000000        0.0000000000000000        0.0000000000000000       -325.00000000000000        0.0000000000000000     
   248.38411416800469        106.34871132013885       -82.329615546138086        192.71543327202610        80.419002445756163     
   106.49365553746367       -84.012304453201097        64.723075497608235       -9.6827097615033502        0.0000000000000000     
   155.87545600844675       -43.498285438798639        95.373089132118750       -115.36477286903032        0.0000000000000000     
   139.24677428608493        21.161878571860893       -77.766549083588899       -67.667950641492396        91.188000000000002     

 PASSED   1.0000000000000001E-005
 MU_R    =    325.00000000000000     
 ALPHA_S =   0.11799999999999999     
 BORN                    3.5292345824197415E-013
 SINGLE POLE (MadFKS)   -2.0097100305352315E-015
 DOUBLE POLE (MadFKS)   -1.7674673396402567E-014
 SINGLE POLE (MadLoop)  -2.0097100305352043E-015
 DOUBLE POLE (MadLoop)  -1.7674673396402567E-014
 FINITE PART (MadLoop)   3.6292073474325637E-014
   325.00000000000000        0.0000000000000000        0.0000000000000000        325.00000000000000        0.0000000000000000     
   325.00000000000000        0.0000000000000000        0.0000000000000000       -325.00000000000000        0.0000000000000000     
   220.49713933401583       -111.07583801760904       -43.805254820034399       -167.01805399103284        80.419002445756163     
   134.06488027317536       -30.352614693815735       -70.031023854894940        110.21690705941955        0.0000000000000000     
   98.746322756876538       -24.917573040330932        63.860430212503275        71.075989369540281        0.0000000000000000     
   196.69165763593230        166.34602575175572        49.975848462426072       -14.274842437926990        91.188000000000002     

 PASSED   1.0000000000000001E-005
 MU_R    =    325.00000000000000     
 ALPHA_S =   0.11799999999999999     
 BORN                    5.8332567796344405E-015
 SINGLE POLE (MadFKS)   -3.3217272433846610E-017
 DOUBLE POLE (MadFKS)   -2.9213390611938550E-016
 SINGLE POLE (MadLoop)  -3.3217272433846604E-017
 DOUBLE POLE (MadLoop)  -2.9213390611938550E-016
 FINITE PART (MadLoop)   5.9984956708645008E-016
   325.00000000000000        0.0000000000000000        0.0000000000000000        325.00000000000000        0.0000000000000000     
   325.00000000000000        0.0000000000000000        0.0000000000000000       -325.00000000000000        0.0000000000000000     
   170.41205680651464        43.901521154139687       -143.35479186010562       -9.7526017941194763        80.419002445756163     
   104.06280048925656       -39.664628346029573        74.934327309336695       -60.337635804987947        0.0000000000000000     
   181.16681825628191        57.302764959483000       -64.737183275128345        159.20711751270852        0.0000000000000000     
   194.35832444794687       -61.539657767593148        133.15764782589736       -89.116879913601096        91.188000000000002     

 PASSED   1.0000000000000001E-005
 MU_R    =    325.00000000000000     
 ALPHA_S =   0.11799999999999999     
 BORN                    3.4259981691424818E-015
 SINGLE POLE (MadFKS)   -1.9509224236378939E-017
 DOUBLE POLE (MadFKS)   -1.7157657639960399E-016
 SINGLE POLE (MadLoop)  -1.9509224236378822E-017
 DOUBLE POLE (MadLoop)  -1.7157657639960357E-016
 FINITE PART (MadLoop)   3.5230465522689935E-016
   325.00000000000000        0.0000000000000000        0.0000000000000000        325.00000000000000        0.0000000000000000     
   325.00000000000000        0.0000000000000000        0.0000000000000000       -325.00000000000000        0.0000000000000000     
   122.48479634771931       -48.266780707745284       -68.644340950396042       -38.646884965905677        80.419002445756163     
   148.66783895040726        63.077928729994291        103.38683747428064       -86.223332586862270        0.0000000000000000     
   187.44259477232455       -14.115090740000829        133.43566517687881        130.88320674245153        0.0000000000000000     
   191.40476992954893      -0.69605728224816554       -168.17816170076341       -6.0129891896835659        91.188000000000002     

 PASSED   1.0000000000000001E-005
 MU_R    =    325.00000000000000     
 ALPHA_S =   0.11799999999999999     
 BORN                    1.7683799807156327E-015
 SINGLE POLE (MadFKS)   -1.0069976653706109E-017
 DOUBLE POLE (MadFKS)   -8.8561805314895806E-017
 SINGLE POLE (MadLoop)  -1.0069976653706128E-017
 DOUBLE POLE (MadLoop)  -8.8561805314896004E-017
 FINITE PART (MadLoop)   1.8184729490737361E-016
   325.00000000000000        0.0000000000000000        0.0000000000000000        325.00000000000000        0.0000000000000000     
   325.00000000000000        0.0000000000000000        0.0000000000000000       -325.00000000000000        0.0000000000000000     
   113.66047099187482       -6.1424071214554301       -53.813319387175852       -59.311754341044228        80.419002445756163     
   109.10587144641492        15.199825535192939       -103.14517754880964        32.157873626933842        0.0000000000000000     
   254.28120634779202        50.560871304135574        194.15528636613294        156.22501390859250        0.0000000000000000     
   172.95245121391812       -59.618289717873111       -37.196789430147426       -129.07113319448209        91.188000000000002     

 PASSED   1.0000000000000001E-005
 MU_R    =    325.00000000000000     
 ALPHA_S =   0.11799999999999999     
 BORN                    1.5183224308046490E-011
 SINGLE POLE (MadFKS)   -8.6460328649579696E-014
 DOUBLE POLE (MadFKS)   -7.6038734315316610E-013
 SINGLE POLE (MadLoop)  -8.6460328649578345E-014
 DOUBLE POLE (MadLoop)  -7.6038734315315560E-013
 FINITE PART (MadLoop)   1.5613320092397499E-012
   325.00000000000000        0.0000000000000000        0.0000000000000000        325.00000000000000        0.0000000000000000     
   325.00000000000000        0.0000000000000000        0.0000000000000000       -325.00000000000000        0.0000000000000000     
   272.66900477094384        25.200192034278800       -255.95420557757720        41.636104248515565        80.419002445756163     
   137.33462424897203       -58.078574656054315        122.59459328938949       -21.406631676577284        0.0000000000000000     
   56.446184730758226       -43.676550377448592       -5.5172627654767092       -35.328324746041403        0.0000000000000000     
   183.55018624932586        76.554932999224064        138.87687505366443        15.098852174103122        91.188000000000002     

 PASSED   1.0000000000000001E-005
 MU_R    =    325.00000000000000     
 ALPHA_S =   0.11799999999999999     
 BORN                    2.9313181744166334E-015
 SINGLE POLE (MadFKS)   -1.6692286670772180E-017
 DOUBLE POLE (MadFKS)   -1.4680262856948026E-016
 SINGLE POLE (MadLoop)  -1.6692286670771851E-017
 DOUBLE POLE (MadLoop)  -1.4680262856947999E-016
 FINITE PART (MadLoop)   3.0143537381302305E-016
   325.00000000000000        0.0000000000000000        0.0000000000000000        325.00000000000000        0.0000000000000000     
   325.00000000000000        0.0000000000000000        0.0000000000000000       -325.00000000000000        0.0000000000000000     
   195.05882558769011       -94.074653037887771        143.83652889723825       -45.185640372504857        80.419002445756163     
   96.406996770634393       -7.1427493925285930        73.811225818315378       -61.605138589620061        0.0000000000000000     
   266.06186202466159        113.03966412915196       -220.30264991133473        97.353434452218977        0.0000000000000000     
   92.472315617013876       -11.822261698735730        2.6548951957810418        9.4373445099059321        91.188000000000002     

 PASSED   1.0000000000000001E-005
 MU_R    =    325.00000000000000     
 ALPHA_S =   0.11799999999999999     
 BORN                    1.3786672546866883E-013
 SINGLE POLE (MadFKS)   -7.8507714514534491E-016
 DOUBLE POLE (MadFKS)   -6.9044697596143188E-015
 SINGLE POLE (MadLoop)  -7.8507714514533673E-016
 DOUBLE POLE (MadLoop)  -6.9044697596143093E-015
 FINITE PART (MadLoop)   1.4177208155268293E-014
   325.00000000000000        0.0000000000000000        0.0000000000000000        325.00000000000000        0.0000000000000000     
   325.00000000000000        0.0000000000000000        0.0000000000000000       -325.00000000000000        0.0000000000000000     
   236.13433184636844        44.753001566362641       -39.785439901480373       -213.79077235654290        80.419002445756163     
   120.10978056882988       -57.983567281266659       -71.065486458203949        77.549738543015863        0.0000000000000000     
   191.83377899783108        44.416396443068130        91.087637732683390        162.88162801212522        0.0000000000000000     
   101.92210858697065       -31.185830728164131        19.763288627000954       -26.640594198598187        91.188000000000002     

 PASSED   1.0000000000000001E-005
 MU_R    =    325.00000000000000     
 ALPHA_S =   0.11799999999999999     
 BORN                    1.4449055165666332E-014
 SINGLE POLE (MadFKS)   -8.2279628684492160E-017
 DOUBLE POLE (MadFKS)   -7.2361959789212578E-016
 SINGLE POLE (MadLoop)  -8.2279628684493948E-017
 DOUBLE POLE (MadLoop)  -7.2361959789214669E-016
 FINITE PART (MadLoop)   1.4858354112223046E-015
   325.00000000000000        0.0000000000000000        0.0000000000000000        325.00000000000000        0.0000000000000000     
   325.00000000000000        0.0000000000000000        0.0000000000000000       -325.00000000000000        0.0000000000000000     
   155.59309479897817       -23.849677255187409        118.62157757302974       -55.696583590579053        80.419002445756163     
   121.47241065743135       -41.268858540731500       -112.70605348359700        18.702229113805473        0.0000000000000000     
   187.95084308536019        7.6913011040860360       -23.797157812377112        186.27951734926944        0.0000000000000000     
   184.98365145823024        57.427234691832766        17.881633722944350       -149.28516287249582        91.188000000000002     

 NUMBER OF POINTS PASSING THE CHECK          20
 NUMBER OF POINTS FAILING THE CHECK           0
 TOLERANCE    1.0000000000000001E-005
