 Process in group number            1
 A PDF is used, so alpha_s(MZ) is going to be modified
 Old value of alpha_s from param_card:   0.11839999999999999     
  ****************************************
 
       NNPDFDriver version 1.0.3
   Grid: NNPDF23_lo_as_0130_qed_mem0.grid
  ****************************************
 New value of alpha_s from PDF nn23lo1:  0.13000000000000000     
 Define smin to   0.0000000000000000     
 Define smin to   0.0000000000000000     
 Define smin to   0.0000000000000000     
 Define smin to   0.0000000000000000     
 Define smin to   0.0000000000000000     
 Define smin to   0.0000000000000000     
 Define smin to   0.0000000000000000     
 Define smin to   0.0000000000000000     
 Define smin to   0.0000000000000000     
 Define smin to   0.0000000000000000     
 Define smin to   0.0000000000000000     
 Define smin to   0.0000000000000000     
 Warning: pt or E min of a jet should in general be >0
 Warning: pt or E min of a jet should in general be >0
 Warning: pt or E min of a jet should in general be >0
 Warning: pt or E min of a jet should in general be >0
 *****************************************************
 *               MadGraph/MadEvent                   *
 *        --------------------------------           *
 *          http://madgraph.hep.uiuc.edu             *
 *          http://madgraph.phys.ucl.ac.be           *
 *          http://madgraph.roma2.infn.it            *
 *        --------------------------------           *
 *                                                   *
 *          PARAMETER AND COUPLING VALUES            *
 *                                                   *
 *****************************************************

  External Params
  ---------------------------------
  
 mdl_cabi =   0.22773599999999999     
 aEWM1 =    127.90000000000001     
 mdl_Gf =    1.1663700000000000E-005
 aS =   0.11839999999999999     
 mdl_ymb =    4.7000000000000002     
 mdl_ymt =    172.00000000000000     
 mdl_ymtau =    1.7769999999999999     
 mdl_Lambda =    5000.0000000000000     
 mdl_ca =    1.0000000000000000     
 mdl_kSM =    5.0000000000000003E-002
 mdl_kHtt =    0.0000000000000000     
 mdl_kAtt =    0.0000000000000000     
 mdl_kHbb =    0.0000000000000000     
 mdl_kAbb =    0.0000000000000000     
 mdl_kHll =    0.0000000000000000     
 mdl_kAll =    0.0000000000000000     
 mdl_kHaa =    0.0000000000000000     
 mdl_kAaa =    0.0000000000000000     
 mdl_kHza =    0.0000000000000000     
 mdl_kAza =    0.0000000000000000     
 mdl_kHgg =    0.0000000000000000     
 mdl_kAgg =    0.0000000000000000     
 mdl_kHzz =  -0.52481000000000000     
 mdl_kAzz =    0.0000000000000000     
 mdl_kHww =  -0.52481000000000000     
 mdl_kAww =    0.0000000000000000     
 mdl_kHda =    0.0000000000000000     
 mdl_kHdz =  -0.26240500000000000     
 mdl_kHdwR =  -0.26240500000000000     
 mdl_kHdwI =    0.0000000000000000     
 mdl_kHHgg =    1.0000000000000000     
 mdl_kAAgg =    1.0000000000000000     
 mdl_kqa =    1.0000000000000000     
 mdl_kqb =    1.0000000000000000     
 mdl_kla =    1.0000000000000000     
 mdl_klb =    1.0000000000000000     
 mdl_kw1 =    1.0000000000000000     
 mdl_kw2 =    1.0000000000000000     
 mdl_kw3 =    0.0000000000000000     
 mdl_kw4 =    0.0000000000000000     
 mdl_kw5 =    0.0000000000000000     
 mdl_kz1 =    0.0000000000000000     
 mdl_kz3 =    1.0000000000000000     
 mdl_kz5 =    0.0000000000000000     
 mdl_kq =    1.0000000000000000     
 mdl_kq3 =    1.0000000000000000     
 mdl_kl =    1.0000000000000000     
 mdl_kg =    1.0000000000000000     
 mdl_ka =    1.0000000000000000     
 mdl_kz =    1.0000000000000000     
 mdl_kw =    1.0000000000000000     
 mdl_kza =    0.0000000000000000     
 mdl_MZ =    91.187600000000003     
 mdl_MTA =    1.7769999999999999     
 mdl_MT =    172.00000000000000     
 mdl_MB =    4.7000000000000002     
 mdl_MX0 =    600.00000000000000     
 mdl_MX1 =    125.00000000000000     
 mdl_MX2 =    125.00000000000000     
 mdl_WZ =    2.4952000000000001     
 mdl_WW =    2.0850000000000000     
 mdl_WT =    1.5083359999999999     
 mdl_WX0 =   0.15059000000000000     
 mdl_WX1 =    4.0699999999999998E-003
 mdl_WX2 =    4.0699999999999998E-003
  Internal Params
  ---------------------------------
  
 mdl_cos__cabi =   0.97418004031982097     
 mdl_CKM1x1 =  ( 0.97418004031982097     ,  0.0000000000000000     )
 mdl_sin__cabi =   0.22577256042856930     
 mdl_CKM1x2 =  ( 0.22577256042856930     ,  0.0000000000000000     )
 mdl_CKM2x1 =  (-0.22577256042856930     ,  0.0000000000000000     )
 mdl_CKM2x2 =  ( 0.97418004031982097     ,  0.0000000000000000     )
 mdl_ca__exp__2 =    1.0000000000000000     
 mdl_sa =    0.0000000000000000     
 mdl_complexi =  (  0.0000000000000000     ,  1.0000000000000000     )
 mdl_kHdw =  (-0.26240500000000000     ,  0.0000000000000000     )
 mdl_MZ__exp__2 =    8315.1783937600012     
 mdl_MZ__exp__4 =    69142191.720053151     
 mdl_sqrt__2 =    1.4142135623730951     
 mdl_nb__2__exp__0_75 =    1.6817928305074290     
 mdl_MX0__exp__2 =    360000.00000000000     
 mdl_ca__exp__4 =    1.0000000000000000     
 mdl_ca__exp__3 =    1.0000000000000000     
 mdl_conjg__CKM1x1 =  ( 0.97418004031982097     , -0.0000000000000000     )
 mdl_conjg__CKM1x2 =  ( 0.22577256042856930     , -0.0000000000000000     )
 mdl_conjg__CKM2x1 =  (-0.22577256042856930     , -0.0000000000000000     )
 mdl_conjg__CKM2x2 =  ( 0.97418004031982097     , -0.0000000000000000     )
 mdl_conjg__kHdw =  (-0.26240500000000000     , -0.0000000000000000     )
 mdl_aEW =    7.8186082877247844E-003
 mdl_MW =    79.824359746197842     
 mdl_sqrt__aEW =    8.8422894590285753E-002
 mdl_ee =   0.31345100004952897     
 mdl_MW__exp__2 =    6371.9284088904105     
 mdl_sw2 =   0.23369913342182447     
 mdl_cw =   0.87538612427783857     
 mdl_sqrt__sw2 =   0.48342438232036300     
 mdl_sw =   0.48342438232036300     
 mdl_ad =  -0.12747442148678401     
 mdl_al =   -1.2074027013887732E-002
 mdl_an =   0.18517461872323218     
 mdl_au =    6.9774224250335873E-002
 mdl_bd =  -0.18517461872323218     
 mdl_bl =  -0.18517461872323218     
 mdl_bn =   0.18517461872323218     
 mdl_bu =   0.18517461872323218     
 mdl_gwwz =  -0.56759788318358417     
 mdl_g1 =   0.35807170271074895     
 mdl_gw =   0.64839716719502682     
 mdl_vev =    246.22056907348590     
 mdl_ee__exp__2 =    9.8251529432049817E-002
 mdl_gAaa =    1.3477023594718659E-005
 mdl_vev__exp__2 =    60624.568634871241     
 mdl_cw__exp__2 =   0.76630086657817542     
 mdl_gAza =    4.4999802188047602E-006
 mdl_gHaa =    2.6392504539657372E-005
 mdl_gHza =    3.9166441035016922E-005
 mdl_lam =    2.9690932909411916     
 mdl_yb =    2.6995322804122722E-002
 mdl_yt =   0.98791394091683138     
 mdl_ytau =    1.0206529494239589E-002
 mdl_muH =    424.26406871192853     
 mdl_sw__exp__2 =   0.23369913342182450     
  Internal Params evaluated point by point
  ----------------------------------------
  
 mdl_sqrt__aS =   0.34409301068170506     
 mdl_G__exp__2 =    1.4878582807401259     
 mdl_gAAgg =    3.1083017473614446E-007
 mdl_gAgg =    7.6532782508744533E-005
 mdl_gHgg =   -5.1021855005829691E-005
 mdl_gHHgg =    2.0722011649076294E-007
  Couplings of HC_UFO
  ---------------------------------
  
        GC_10 =  -0.00000E+00   0.00000E+00
        GC_13 =  -0.00000E+00  -0.20722E-06
        GC_62 =   0.00000E+00   0.00000E+00
        GC_64 =   0.00000E+00   0.00000E+00
         GC_1 =  -0.00000E+00  -0.10448E+00
         GC_2 =   0.00000E+00   0.20897E+00
         GC_3 =  -0.00000E+00  -0.31345E+00
         GC_9 =  -0.00000E+00  -0.00000E+00
        GC_16 =  -0.00000E+00  -0.00000E+00
        GC_17 =   0.00000E+00  -0.12074E-01
        GC_19 =  -0.00000E+00   0.18517E+00
        GC_21 =   0.00000E+00  -0.12747E+00
        GC_22 =   0.00000E+00   0.69774E-01
        GC_23 =  -0.00000E+00   0.18517E+00
        GC_24 =  -0.00000E+00  -0.18517E+00
        GC_61 =   0.00000E+00   0.00000E+00
        GC_66 =   0.00000E+00   0.00000E+00
        GC_77 =  -0.00000E+00  -0.28380E+00
        GC_78 =   0.00000E+00   0.28380E+00
        GC_89 =  -0.00000E+00  -0.28850E-01
        GC_90 =   0.00000E+00   0.86550E-01
        GC_98 =  -0.00000E+00  -0.21932E+03
       GC_100 =   0.00000E+00   0.33771E+01
       GC_101 =  -0.00000E+00  -0.00000E+00
       GC_102 =   0.00000E+00   0.00000E+00
       GC_105 =  -0.00000E+00  -0.00000E+00
       GC_106 =   0.00000E+00   0.00000E+00
        GC_35 =  -0.00000E+00  -0.20000E-03
        GC_38 =  -0.00000E+00  -0.00000E+00
        GC_40 =   0.00000E+00   0.52481E-04
        GC_42 =   0.00000E+00   0.10496E-03
        GC_43 =   0.00000E+00   0.50000E-04
        GC_45 =   0.00000E+00   0.50000E-04
        GC_49 =   0.00000E+00   0.50000E-04
        GC_56 =  -0.00000E+00  -0.94000E-03
        GC_58 =  -0.00000E+00  -0.35540E-03
        GC_68 =   0.00000E+00   0.00000E+00

 Collider parameters:
 --------------------

 Running at P P   machine @    13000.000000000000       GeV
 PDF set = nn23lo1
 alpha_s(Mz)= 0.1300 running at 2 loops.
 alpha_s(Mz)= 0.1300 running at 2 loops.
 Renormalization scale set on event-by-event basis
 Factorization   scale set on event-by-event basis


 getting user params
Enter number of events and max and min iterations: 
 Number of events and iterations         1000           5           3
Enter desired fractional accuracy: 
 Desired fractional accuracy:   0.10000000000000001     
Enter 0 for fixed, 2 for adjustable grid: 
Suppress amplitude (0 no, 1 yes)? 
 Using suppressed amplitude.
Exact helicity sum (0 yes, n = number/event)? 
 Explicitly summing over helicities
Enter Configuration Number: 
Running Configuration Number:    8
 Using dconfig=         203
 BW Setting            2           1           1           1           2           0
 Attempting mappinvarients           1           8
 Completed mapping           8
 about to integrate           16        1000           5           3          16           1
 Using non-zero grid deformation.
 16 dimensions   1000 events 16 invarients  5 iterations  1 config(s),  (0.99)
 Using h-tuple random number sequence.
 Error opening grid
 Using Uniform Grid!          32
 Using uniform alpha   1.0000000000000000     
 Grid defined OK
 Set CM energy to      13000.00
 Mapping Graph           8  to config           8
Setting grid   1    0.59172E-08   1
 Setting BW          -2           2   91.187600000000003     
 Setting BW          -3           3   600.00000000000000     
 Setting BW          -4           4   91.187600000000003     
Setting grid   5    0.25116E-02   1
 Transforming s_hat 1/s           15   2.5115575576956360E-003   0.0000000000000000        168999999.99999997     
   8   1   2   3   4   5   6   7   8   9  10  11  12  13  14
  15  16
 Masses: 0.000E+00 0.000E+00 0.000E+00 0.000E+00 0.000E+00 0.000E+00 0.000E+00 0.000E+00
Using random seed offsets     8 :      1
  with seed                   24
 Ranmar initialization seeds       31066        9398
 
 ********************************************
 * You are using the DiscreteSampler module *
 *      part of the MG5_aMC framework       *
 *         Author: Valentin Hirschi         *
 ********************************************
 
  Particle       3       4       5       6       7       8
      Et >     0.0     0.0     0.0     0.0     0.0     0.0
       E >     0.0     0.0     0.0     0.0     0.0     0.0
     Eta <    -1.0    -1.0    -1.0    -1.0    -1.0    -1.0
   xqcut:      0.0     0.0     0.0     0.0     0.0     0.0
d R # 3  >    -0.0     0.0     0.0     0.0     0.0     0.0
d R # 4  >    -0.0    -0.0     0.0     0.0     0.0     0.0
d R # 5  >    -0.0    -0.0    -0.0     0.0     0.0     0.0
d R # 6  >    -0.0    -0.0    -0.0    -0.0     0.0     0.0
d R # 7  >    -0.0    -0.0    -0.0    -0.0    -0.0     0.0
s min # 3>     0.0     0.0     0.0     0.0     0.0     0.0
s min # 4>     0.0     0.0     0.0     0.0     0.0     0.0
s min # 5>     0.0     0.0     0.0     0.0     0.0     0.0
s min # 6>     0.0     0.0     0.0     0.0     0.0     0.0
s min # 7>     0.0     0.0     0.0     0.0     0.0     0.0
xqcutij # 3>     0.0     0.0     0.0     0.0     0.0     0.0
xqcutij # 4>     0.0     0.0     0.0     0.0     0.0     0.0
xqcutij # 5>     0.0     0.0     0.0     0.0     0.0     0.0
xqcutij # 6>     0.0     0.0     0.0     0.0     0.0     0.0
xqcutij # 7>     0.0     0.0     0.0     0.0     0.0     0.0
 Excluding BW           -1           1
 Requiring BW           -2           2
 Requiring BW           -3           3
 Requiring BW           -4           4
 Excluding BW           -5           5
 alpha_s for scale    360.55842231688007       is   0.10583629532747797     
 Added good helicity            1   19.402972385896117       in event            1 local:           1
 Added good helicity            4   4.0676832167768353       in event            1 local:           1
 Added good helicity           13   15.290006574143753       in event            1 local:           1
 Added good helicity           16   3.0615813679060926       in event            1 local:           1
 Added good helicity           49   3.2214007241507949       in event            1 local:           1
 Added good helicity           52  0.67534176720603212       in event            1 local:           1
 Added good helicity           61   2.5385408622248202       in event            1 local:           1
 Added good helicity           64  0.50830255485949694       in event            1 local:           1
 Added good helicity          193   76.741054039527896       in event            1 local:           1
 Added good helicity          196   16.088168933397920       in event            1 local:           1
 Added good helicity          205   60.473787079345506       in event            1 local:           1
 Added good helicity          208   12.108916949841968       in event            1 local:           1
 Added good helicity          241   19.402972385896117       in event            1 local:           1
 Added good helicity          244   4.0676832167768326       in event            1 local:           1
 Added good helicity          253   15.290006574143746       in event            1 local:           1
 Added good helicity          256   3.0615813679060926       in event            1 local:           1
 Added good helicity            1   19.402972385896120       in event            1 local:           1
 Added good helicity            4   4.0676832167768220       in event            1 local:           1
 Added good helicity           13   15.290006574143742       in event            1 local:           1
 Added good helicity           16   3.0615813679061161       in event            1 local:           1
 Added good helicity           49   3.2214007241507963       in event            1 local:           1
 Added good helicity           52  0.67534176720602990       in event            1 local:           1
 Added good helicity           61   2.5385408622248180       in event            1 local:           1
 Added good helicity           64  0.50830255485950104       in event            1 local:           1
 Added good helicity          193   76.741054039527867       in event            1 local:           1
 Added good helicity          196   16.088168933397871       in event            1 local:           1
 Added good helicity          205   60.473787079345456       in event            1 local:           1
 Added good helicity          208   12.108916949842058       in event            1 local:           1
 Added good helicity          241   19.402972385896124       in event            1 local:           1
 Added good helicity          244   4.0676832167768184       in event            1 local:           1
 Added good helicity          253   15.290006574143742       in event            1 local:           1
 Added good helicity          256   3.0615813679061161       in event            1 local:           1
 RESET CUMULATIVE VARIABLE
 RESET CUMULATIVE VARIABLE
 RESET CUMULATIVE VARIABLE
 Iteration  1   Mean: 0.1517E-05 Abs mean: 0.1517E-05   Fluctuation:  0.743E-06   0.657E-03    74.8%
  1    0.1517E-05 0.1517E-05 +- 0.7426E-06     15.48
 Writing out events   4.0570524366375192E-010   15.476830041901033     
 Relative summed weights:
  0.1675E-01  0.8201E-03  0.2862E-02  0.4385E-03  0.2771E-01  0.8059E-02  0.2489E-01  0.1427E-01  0.3169E-02  0.1983E-01  0.4384E+00  0.5010E-02  0.9431E-04  0.1967E-03  0.5808E-03  0.1073E-01  0.5076E-02  0.2067E+00  0.6573E-01  0.9016E-01  0.9077E-02  0.4543E-02  0.2224E-02  0.4266E-01
 Relative number of events:
  0.2973E-01  0.3469E-01  0.1685E-01  0.2081E-01  0.7532E-01  0.5253E-01  0.6244E-01  0.6541E-01  0.4757E-01  0.3766E-01  0.4163E-01  0.3568E-01  0.2478E-01  0.1883E-01  0.1685E-01  0.2478E-01  0.5154E-01  0.5550E-01  0.5352E-01  0.6739E-01  0.4658E-01  0.4361E-01  0.3171E-01  0.4460E-01
 Events:
          30          35          17          21          76          53          63          66          48          38          42          36          25          19          17          25          52          56          54          68          47          44          32          45
 Iteration  2   Mean: 0.1136E-05 Abs mean: 0.1136E-05   Fluctuation:  0.182E-06   0.185E-03    83.9%
  2    0.1136E-05 0.1136E-05 +- 0.1824E-06      7.18
 Relative summed weights:
  0.4175E-01  0.8614E-02  0.5587E-02  0.7706E-02  0.6842E-01  0.3889E-01  0.6085E-01  0.3527E-01  0.1352E+00  0.1150E+00  0.3454E-01  0.3594E-01  0.5363E-02  0.4002E-02  0.5364E-02  0.1343E-01  0.3144E-01  0.1285E+00  0.3013E-01  0.3964E-01  0.8492E-02  0.3902E-01  0.9556E-01  0.1126E-01
 Relative number of events:
  0.2450E-01  0.2100E-01  0.2750E-01  0.2650E-01  0.7500E-01  0.7700E-01  0.6150E-01  0.5900E-01  0.5600E-01  0.4400E-01  0.3650E-01  0.4500E-01  0.2000E-01  0.2050E-01  0.1800E-01  0.2150E-01  0.5950E-01  0.5350E-01  0.5400E-01  0.6400E-01  0.3500E-01  0.3250E-01  0.3650E-01  0.3150E-01
 Events:
          49          42          55          53         150         154         123         118         112          88          73          90          40          41          36          43         119         107         108         128          70          65          73          63
 Iteration  3   Mean: 0.1639E-05 Abs mean: 0.1639E-05   Fluctuation:  0.194E-06   0.559E-03    90.9%
  3    0.1639E-05 0.1639E-05 +- 0.1941E-06      7.49
 Relative summed weights:
  0.4700E-01  0.1438E-01  0.4859E-01  0.1398E-01  0.6797E-01  0.5628E-01  0.6889E-01  0.3680E-01  0.4441E-01  0.6238E-01  0.2185E-01  0.1159E+00  0.5789E-02  0.1334E-01  0.3845E-01  0.1307E-01  0.4475E-01  0.4943E-01  0.6847E-01  0.4102E-01  0.4866E-01  0.2020E-01  0.3354E-01  0.2489E-01
 Relative number of events:
  0.2625E-01  0.2125E-01  0.3050E-01  0.2500E-01  0.6975E-01  0.6625E-01  0.6550E-01  0.7075E-01  0.4450E-01  0.4375E-01  0.4875E-01  0.4275E-01  0.2000E-01  0.2200E-01  0.2075E-01  0.2250E-01  0.5750E-01  0.6100E-01  0.4825E-01  0.5800E-01  0.3450E-01  0.3400E-01  0.3325E-01  0.3325E-01
 Events:
         105          85         122         100         279         265         262         283         178         175         195         171          80          88          83          90         230         244         193         232         138         136         133         133
 Accuracy:    0.114   0.100   0.094   1.485
 Found          342  events.
 Wrote           17  events.
 Actual xsec    1.4637540596590680E-006
 Correct abs xsec    1.4637540596590680E-006
 Event xsec    1.4637540596590676E-006
 Events wgts > 1:            1
 % Cross section > 1:    7.9384941741580671E-015   5.4233797828079618E-007
 Iteration  4   Mean: 0.1383E-05 Abs mean: 0.1383E-05   Fluctuation:  0.460E-07   0.126E-03    90.7%
  4    0.1383E-05 0.1383E-05 +- 0.4598E-07      2.97
 Relative summed weights:
  0.2015E-01  0.2233E-01  0.2311E-01  0.2420E-01  0.7105E-01  0.7396E-01  0.7585E-01  0.7073E-01  0.3432E-01  0.5014E-01  0.3350E-01  0.3971E-01  0.2007E-01  0.2686E-01  0.1571E-01  0.1708E-01  0.5440E-01  0.5681E-01  0.6415E-01  0.5944E-01  0.4227E-01  0.3175E-01  0.3781E-01  0.3461E-01
 Relative number of events:
  0.2575E-01  0.2562E-01  0.2937E-01  0.2825E-01  0.6663E-01  0.7212E-01  0.6938E-01  0.7087E-01  0.4113E-01  0.4275E-01  0.4575E-01  0.4200E-01  0.1900E-01  0.2088E-01  0.2212E-01  0.2250E-01  0.5613E-01  0.5862E-01  0.5212E-01  0.5488E-01  0.3562E-01  0.3375E-01  0.3438E-01  0.3037E-01
 Events:
         206         205         235         226         533         577         555         567         329         342         366         336         152         167         177         180         449         469         417         439         285         270         275         243
 Accuracy:    0.034   0.100   0.031   1.207
 Finished due to accuracy    3.4402771299594417E-002  0.10000000000000001     

 -------------------------------------------------------------------------------
 Accumulated results:   Integral =  0.1392E-05
                        Std dev  =  0.4361E-07
                       Cross sec =  0.1392E-05
             Chi**2 per DoF.     =      1.2067
 -------------------------------------------------------------------------------
 Found          650  events.
 Wrote          154  events.
 Actual xsec    1.3918786985848991E-006
 Correct abs xsec    1.3918786985848991E-006
 Event xsec    1.3918786985848989E-006
 Events wgts > 1:            5
 % Cross section > 1:    1.3504329727110408E-008  0.97022317683574355     
-------------------------------------------------
---------------------------
 Results Last   3 iters: Integral =   0.1392E-05
                     Abs integral =   0.1392E-05
                          Std dev =   0.4368E-07
                  Chi**2 per DoF. =      1.8097
-------------------------------------------------
---------------------------
 Status  0.10000000000000001                5           5

ls status:
events.lhe
ftn26
input_app.txt
results.dat
run1_app.log
