 Process in group number            1
 A PDF is used, so alpha_s(MZ) is going to be modified
 Old value of alpha_s from param_card:   0.11839999999999999     
  ****************************************
 
       NNPDFDriver version 1.0.3
   Grid: NNPDF23_lo_as_0130_qed_mem0.grid
  ****************************************
 New value of alpha_s from PDF nn23lo1:  0.13000000000000000     
 Define smin to   167.80611599999997     
 Define smin to   167.80611599999997     
 Warning: pt or E min of a jet should in general be >0
 Warning: pt or E min of a jet should in general be >0
 Warning: pt or E min of a jet should in general be >0
 Warning: pt or E min of a jet should in general be >0
 *****************************************************
 *               MadGraph/MadEvent                   *
 *        --------------------------------           *
 *          http://madgraph.hep.uiuc.edu             *
 *          http://madgraph.phys.ucl.ac.be           *
 *          http://madgraph.roma2.infn.it            *
 *        --------------------------------           *
 *                                                   *
 *          PARAMETER AND COUPLING VALUES            *
 *                                                   *
 *****************************************************

  External Params
  ---------------------------------
  
 mdl_cabi =   0.22773599999999999     
 aEWM1 =    127.90000000000001     
 mdl_Gf =    1.1663700000000000E-005
 aS =   0.11839999999999999     
 mdl_ymb =    4.7000000000000002     
 mdl_ymt =    172.00000000000000     
 mdl_ymtau =    1.7769999999999999     
 mdl_Lambda =    5000.0000000000000     
 mdl_ca =    1.0000000000000000     
 mdl_kSM =    5.0000000000000003E-002
 mdl_kHtt =    0.0000000000000000     
 mdl_kAtt =    0.0000000000000000     
 mdl_kHbb =    0.0000000000000000     
 mdl_kAbb =    0.0000000000000000     
 mdl_kHll =    0.0000000000000000     
 mdl_kAll =    0.0000000000000000     
 mdl_kHaa =    0.0000000000000000     
 mdl_kAaa =    0.0000000000000000     
 mdl_kHza =    0.0000000000000000     
 mdl_kAza =    0.0000000000000000     
 mdl_kHgg =    0.0000000000000000     
 mdl_kAgg =    0.0000000000000000     
 mdl_kHzz =  -0.52481000000000000     
 mdl_kAzz =    0.0000000000000000     
 mdl_kHww =  -0.52481000000000000     
 mdl_kAww =    0.0000000000000000     
 mdl_kHda =    0.0000000000000000     
 mdl_kHdz =  -0.26240500000000000     
 mdl_kHdwR =  -0.26240500000000000     
 mdl_kHdwI =    0.0000000000000000     
 mdl_kHHgg =    1.0000000000000000     
 mdl_kAAgg =    1.0000000000000000     
 mdl_kqa =    1.0000000000000000     
 mdl_kqb =    1.0000000000000000     
 mdl_kla =    1.0000000000000000     
 mdl_klb =    1.0000000000000000     
 mdl_kw1 =    1.0000000000000000     
 mdl_kw2 =    1.0000000000000000     
 mdl_kw3 =    0.0000000000000000     
 mdl_kw4 =    0.0000000000000000     
 mdl_kw5 =    0.0000000000000000     
 mdl_kz1 =    0.0000000000000000     
 mdl_kz3 =    1.0000000000000000     
 mdl_kz5 =    0.0000000000000000     
 mdl_kq =    1.0000000000000000     
 mdl_kq3 =    1.0000000000000000     
 mdl_kl =    1.0000000000000000     
 mdl_kg =    1.0000000000000000     
 mdl_ka =    1.0000000000000000     
 mdl_kz =    1.0000000000000000     
 mdl_kw =    1.0000000000000000     
 mdl_kza =    0.0000000000000000     
 mdl_MZ =    91.187600000000003     
 mdl_MTA =    1.7769999999999999     
 mdl_MT =    172.00000000000000     
 mdl_MB =    4.7000000000000002     
 mdl_MX0 =    600.00000000000000     
 mdl_MX1 =    125.00000000000000     
 mdl_MX2 =    125.00000000000000     
 mdl_WZ =    2.4952000000000001     
 mdl_WW =    2.0850000000000000     
 mdl_WT =    1.5083359999999999     
 mdl_WX0 =   0.15059000000000000     
 mdl_WX1 =    4.0699999999999998E-003
 mdl_WX2 =    4.0699999999999998E-003
  Internal Params
  ---------------------------------
  
 mdl_cos__cabi =   0.97418004031982097     
 mdl_CKM1x1 =  ( 0.97418004031982097     ,  0.0000000000000000     )
 mdl_sin__cabi =   0.22577256042856930     
 mdl_CKM1x2 =  ( 0.22577256042856930     ,  0.0000000000000000     )
 mdl_CKM2x1 =  (-0.22577256042856930     ,  0.0000000000000000     )
 mdl_CKM2x2 =  ( 0.97418004031982097     ,  0.0000000000000000     )
 mdl_ca__exp__2 =    1.0000000000000000     
 mdl_sa =    0.0000000000000000     
 mdl_complexi =  (  0.0000000000000000     ,  1.0000000000000000     )
 mdl_kHdw =  (-0.26240500000000000     ,  0.0000000000000000     )
 mdl_MZ__exp__2 =    8315.1783937600012     
 mdl_MZ__exp__4 =    69142191.720053151     
 mdl_sqrt__2 =    1.4142135623730951     
 mdl_nb__2__exp__0_75 =    1.6817928305074290     
 mdl_MX0__exp__2 =    360000.00000000000     
 mdl_ca__exp__4 =    1.0000000000000000     
 mdl_ca__exp__3 =    1.0000000000000000     
 mdl_conjg__CKM1x1 =  ( 0.97418004031982097     , -0.0000000000000000     )
 mdl_conjg__CKM1x2 =  ( 0.22577256042856930     , -0.0000000000000000     )
 mdl_conjg__CKM2x1 =  (-0.22577256042856930     , -0.0000000000000000     )
 mdl_conjg__CKM2x2 =  ( 0.97418004031982097     , -0.0000000000000000     )
 mdl_conjg__kHdw =  (-0.26240500000000000     , -0.0000000000000000     )
 mdl_aEW =    7.8186082877247844E-003
 mdl_MW =    79.824359746197842     
 mdl_sqrt__aEW =    8.8422894590285753E-002
 mdl_ee =   0.31345100004952897     
 mdl_MW__exp__2 =    6371.9284088904105     
 mdl_sw2 =   0.23369913342182447     
 mdl_cw =   0.87538612427783857     
 mdl_sqrt__sw2 =   0.48342438232036300     
 mdl_sw =   0.48342438232036300     
 mdl_ad =  -0.12747442148678401     
 mdl_al =   -1.2074027013887732E-002
 mdl_an =   0.18517461872323218     
 mdl_au =    6.9774224250335873E-002
 mdl_bd =  -0.18517461872323218     
 mdl_bl =  -0.18517461872323218     
 mdl_bn =   0.18517461872323218     
 mdl_bu =   0.18517461872323218     
 mdl_gwwz =  -0.56759788318358417     
 mdl_g1 =   0.35807170271074895     
 mdl_gw =   0.64839716719502682     
 mdl_vev =    246.22056907348590     
 mdl_ee__exp__2 =    9.8251529432049817E-002
 mdl_gAaa =    1.3477023594718659E-005
 mdl_vev__exp__2 =    60624.568634871241     
 mdl_cw__exp__2 =   0.76630086657817542     
 mdl_gAza =    4.4999802188047602E-006
 mdl_gHaa =    2.6392504539657372E-005
 mdl_gHza =    3.9166441035016922E-005
 mdl_lam =    2.9690932909411916     
 mdl_yb =    2.6995322804122722E-002
 mdl_yt =   0.98791394091683138     
 mdl_ytau =    1.0206529494239589E-002
 mdl_muH =    424.26406871192853     
 mdl_sw__exp__2 =   0.23369913342182450     
  Internal Params evaluated point by point
  ----------------------------------------
  
 mdl_sqrt__aS =   0.34409301068170506     
 mdl_G__exp__2 =    1.4878582807401259     
 mdl_gAAgg =    3.1083017473614446E-007
 mdl_gAgg =    7.6532782508744533E-005
 mdl_gHgg =   -5.1021855005829691E-005
 mdl_gHHgg =    2.0722011649076294E-007
  Couplings of HC_UFO
  ---------------------------------
  
        GC_10 =  -0.00000E+00   0.00000E+00
        GC_13 =  -0.00000E+00  -0.20722E-06
        GC_62 =   0.00000E+00   0.00000E+00
        GC_64 =   0.00000E+00   0.00000E+00
         GC_1 =  -0.00000E+00  -0.10448E+00
         GC_2 =   0.00000E+00   0.20897E+00
         GC_3 =  -0.00000E+00  -0.31345E+00
         GC_9 =  -0.00000E+00  -0.00000E+00
        GC_16 =  -0.00000E+00  -0.00000E+00
        GC_17 =   0.00000E+00  -0.12074E-01
        GC_19 =  -0.00000E+00   0.18517E+00
        GC_21 =   0.00000E+00  -0.12747E+00
        GC_22 =   0.00000E+00   0.69774E-01
        GC_23 =  -0.00000E+00   0.18517E+00
        GC_24 =  -0.00000E+00  -0.18517E+00
        GC_61 =   0.00000E+00   0.00000E+00
        GC_66 =   0.00000E+00   0.00000E+00
        GC_77 =  -0.00000E+00  -0.28380E+00
        GC_78 =   0.00000E+00   0.28380E+00
        GC_89 =  -0.00000E+00  -0.28850E-01
        GC_90 =   0.00000E+00   0.86550E-01
        GC_98 =  -0.00000E+00  -0.21932E+03
       GC_100 =   0.00000E+00   0.33771E+01
       GC_101 =  -0.00000E+00  -0.00000E+00
       GC_102 =   0.00000E+00   0.00000E+00
       GC_105 =  -0.00000E+00  -0.00000E+00
       GC_106 =   0.00000E+00   0.00000E+00
        GC_35 =  -0.00000E+00  -0.20000E-03
        GC_38 =  -0.00000E+00  -0.00000E+00
        GC_40 =   0.00000E+00   0.52481E-04
        GC_42 =   0.00000E+00   0.10496E-03
        GC_43 =   0.00000E+00   0.50000E-04
        GC_45 =   0.00000E+00   0.50000E-04
        GC_49 =   0.00000E+00   0.50000E-04
        GC_56 =  -0.00000E+00  -0.94000E-03
        GC_58 =  -0.00000E+00  -0.35540E-03
        GC_68 =   0.00000E+00   0.00000E+00

 Collider parameters:
 --------------------

 Running at P P   machine @    13000.000000000000       GeV
 PDF set = nn23lo1
 alpha_s(Mz)= 0.1300 running at 2 loops.
 alpha_s(Mz)= 0.1300 running at 2 loops.
 Renormalization scale set on event-by-event basis
 Factorization   scale set on event-by-event basis


 getting user params
Enter number of events and max and min iterations: 
 Number of events and iterations         1000           5           3
Enter desired fractional accuracy: 
 Desired fractional accuracy:   0.10000000000000001     
Enter 0 for fixed, 2 for adjustable grid: 
Suppress amplitude (0 no, 1 yes)? 
 Using suppressed amplitude.
Exact helicity sum (0 yes, n = number/event)? 
 Explicitly summing over helicities
Enter Configuration Number: 
Running Configuration Number:    2
 Not subdividing B.W.
 Attempting mappinvarients           1           8
 Completed mapping           8
 about to integrate           16        1000           5           3          16           1
 Using non-zero grid deformation.
 16 dimensions   1000 events 16 invarients  5 iterations  1 config(s),  (0.99)
 Using h-tuple random number sequence.
 Error opening grid
 Using Uniform Grid!          32
 Using uniform alpha   1.0000000000000000     
 Grid defined OK
 Set CM energy to      13000.00
 Mapping Graph           2  to config           2
 Setting BW          -1           1   91.187600000000003     
Setting grid   2    0.74739E-07   1
 Setting BW          -3           2   600.00000000000000     
 Setting BW          -4           3   91.187600000000003     
Setting grid   5    0.25116E-02   1
 Transforming s_hat 1/s           15   2.5115575576956360E-003   167.80611599999997        168999999.99999997     
   2   1   2   3   4   5   6   7   8   9  10  11  12  13  14
  15  16
 Masses: 0.470E+01 0.470E+01 0.470E+01 0.470E+01 0.178E+01 0.178E+01 0.000E+00 0.000E+00
Using random seed offsets     2 :     19
  with seed                   24
 Ranmar initialization seeds       31060        9416
 
 ********************************************
 * You are using the DiscreteSampler module *
 *      part of the MG5_aMC framework       *
 *         Author: Valentin Hirschi         *
 ********************************************
 
  Particle       3       4       5       6       7       8
      Et >     0.0     0.0     0.0     0.0     0.0     0.0
       E >     0.0     0.0     0.0     0.0     0.0     0.0
     Eta <    -1.0    -1.0    -1.0    -1.0    -1.0    -1.0
   xqcut:      0.0     0.0     0.0     0.0     0.0     0.0
d R # 3  >    -0.0     0.0     0.0     0.0     0.0     0.0
d R # 4  >    -0.0    -0.0     0.0     0.0     0.0     0.0
d R # 5  >    -0.0    -0.0    -0.0     0.0     0.0     0.0
d R # 6  >    -0.0    -0.0    -0.0    -0.0     0.0     0.0
d R # 7  >    -0.0    -0.0    -0.0    -0.0    -0.0     0.0
s min # 3>     0.0    88.4    42.0    42.0    22.1     0.0
s min # 4>     0.0     0.0    42.0    42.0    22.1     0.0
s min # 5>     0.0     0.0     0.0    12.6     3.2     0.0
s min # 6>     0.0     0.0     0.0     0.0     3.2     0.0
s min # 7>     0.0     0.0     0.0     0.0     0.0     0.0
xqcutij # 3>     0.0     0.0     0.0     0.0     0.0     0.0
xqcutij # 4>     0.0     0.0     0.0     0.0     0.0     0.0
xqcutij # 5>     0.0     0.0     0.0     0.0     0.0     0.0
xqcutij # 6>     0.0     0.0     0.0     0.0     0.0     0.0
xqcutij # 7>     0.0     0.0     0.0     0.0     0.0     0.0
 No cut BW           -1           1
 No cut BW           -3           2
 No cut BW           -4           3
 alpha_s for scale    214.73596404323447       is   0.11378695409089316     
 Added good helicity            1   1.1017420797933075       in event            1 local:           1
 Added good helicity            4  0.22534025015799919       in event            1 local:           1
 Added good helicity            5   2.5040623838261133E-006  in event            1 local:           1
 Added good helicity            8   1.5648409325353888E-005  in event            1 local:           1
 Added good helicity            9   1.7682982690919719E-004  in event            1 local:           1
 Added good helicity           12   9.8812965010544025E-007  in event            1 local:           1
 Added good helicity           13  0.84671395769702629       in event            1 local:           1
 Added good helicity           16  0.17377811422566336       in event            1 local:           1
 Added good helicity           17   5.4134615869661949E-003  in event            1 local:           1
 Added good helicity           20   1.1072199297829637E-003  in event            1 local:           1
 Added good helicity           21   1.2303828432107069E-008  in event            1 local:           1
 Added good helicity           24   7.6889196059225871E-008  in event            1 local:           1
 Added good helicity           25   8.6886168093208159E-007  in event            1 local:           1
 Added good helicity           29   4.1603689004970070E-003  in event            1 local:           1
 Added good helicity           32   8.5386694696506517E-004  in event            1 local:           1
 Added good helicity           33   1.8636474340164169E-003  in event            1 local:           1
 Added good helicity           36   3.8117340409323257E-004  in event            1 local:           1
 Added good helicity           40   2.6470004568678627E-008  in event            1 local:           1
 Added good helicity           41   2.9911579054756405E-007  in event            1 local:           1
 Added good helicity           45   1.4322556281992829E-003  in event            1 local:           1
 Added good helicity           48   2.9395367809281406E-004  in event            1 local:           1
 Added good helicity           49  0.12952327106242495       in event            1 local:           1
 Added good helicity           52   2.6491505441967673E-002  in event            1 local:           1
 Added good helicity           53   2.9438319262379302E-007  in event            1 local:           1
 Added good helicity           56   1.8396621132269305E-006  in event            1 local:           1
 Added good helicity           57   2.0788511233934595E-005  in event            1 local:           1
 Added good helicity           60   1.1616673889721703E-007  in event            1 local:           1
 Added good helicity           61   9.9541592779777435E-002  in event            1 local:           1
 Added good helicity           64   2.0429745043223105E-002  in event            1 local:           1
 Added good helicity           65  0.20000031012803812       in event            1 local:           1
 Added good helicity           68   4.0906234537564860E-002  in event            1 local:           1
 Added good helicity           69   4.5456487732512886E-007  in event            1 local:           1
 Added good helicity           72   2.8406709478396336E-006  in event            1 local:           1
 Added good helicity           73   3.2100090275540347E-005  in event            1 local:           1
 Added good helicity           76   1.7937613538812417E-007  in event            1 local:           1
 Added good helicity           77  0.15370480735465181       in event            1 local:           1
 Added good helicity           80   3.1546109907246767E-002  in event            1 local:           1
 Added good helicity           81   4.0254774706122880E-004  in event            1 local:           1
 Added good helicity           84   8.2333435099741283E-005  in event            1 local:           1
 Added good helicity           89   6.4608994919099938E-008  in event            1 local:           1
 Added good helicity           93   3.0936713984835545E-004  in event            1 local:           1
 Added good helicity           96   6.3493978902224901E-005  in event            1 local:           1
 Added good helicity           97   1.3843494487977530E-004  in event            1 local:           1
 Added good helicity          100   2.8314217712070831E-005  in event            1 local:           1
 Added good helicity          105   2.2218836686230058E-008  in event            1 local:           1
 Added good helicity          109   1.0639041769623093E-004  in event            1 local:           1
 Added good helicity          112   2.1835386072077980E-005  in event            1 local:           1
 Added good helicity          113   6.4772867515296654E-003  in event            1 local:           1
 Added good helicity          116   1.3248050008297918E-003  in event            1 local:           1
 Added good helicity          117   1.4721712459964806E-008  in event            1 local:           1
 Added good helicity          120   9.1999058822046244E-008  in event            1 local:           1
 Added good helicity          121   1.0396058352687283E-006  in event            1 local:           1
 Added good helicity          125   4.9779428426252889E-003  in event            1 local:           1
 Added good helicity          128   1.0216644145886382E-003  in event            1 local:           1
 Added good helicity          129  0.18508928298500640       in event            1 local:           1
 Added good helicity          132   3.7856469399108986E-002  in event            1 local:           1
 Added good helicity          133   4.2067478375615018E-007  in event            1 local:           1
 Added good helicity          136   2.6288846682056547E-006  in event            1 local:           1
 Added good helicity          137   2.9706867399606158E-005  in event            1 local:           1
 Added good helicity          140   1.6600274400751991E-007  in event            1 local:           1
 Added good helicity          141  0.14224534235176028       in event            1 local:           1
 Added good helicity          144   2.9194189048809653E-002  in event            1 local:           1
 Added good helicity          145   4.1684629636914007E-004  in event            1 local:           1
 Added good helicity          148   8.5257929622584343E-005  in event            1 local:           1
 Added good helicity          153   6.6903914978470763E-008  in event            1 local:           1
 Added good helicity          157   3.2035590164285730E-004  in event            1 local:           1
 Added good helicity          160   6.5749293444951318E-005  in event            1 local:           1
 Added good helicity          161   9.1609982557758242E-005  in event            1 local:           1
 Added good helicity          164   1.8737068107998571E-005  in event            1 local:           1
 Added good helicity          169   1.4703420751508434E-008  in event            1 local:           1
 Added good helicity          173   7.0404364432179094E-005  in event            1 local:           1
 Added good helicity          176   1.4449670485600200E-005  in event            1 local:           1
 Added good helicity          177   5.9880567861683399E-003  in event            1 local:           1
 Added good helicity          180   1.2247423774615412E-003  in event            1 local:           1
 Added good helicity          181   1.3609780388230127E-008  in event            1 local:           1
 Added good helicity          184   8.5050362849900935E-008  in event            1 local:           1
 Added good helicity          185   9.6108432675934523E-007  in event            1 local:           1
 Added good helicity          189   4.6019584377518892E-003  in event            1 local:           1
 Added good helicity          192   9.4449802295991218E-004  in event            1 local:           1
 Added good helicity          193   117.02393610210747       in event            1 local:           1
 Added good helicity          196   23.935005768927162       in event            1 local:           1
 Added good helicity          197   2.6597444336112948E-004  in event            1 local:           1
 Added good helicity          200   1.6621299000700650E-003  in event            1 local:           1
 Added good helicity          201   1.8782365441692855E-002  in event            1 local:           1
 Added good helicity          204   1.0495634427998839E-004  in event            1 local:           1
 Added good helicity          205   89.935568314580678       in event            1 local:           1
 Added good helicity          208   18.458221128218987       in event            1 local:           1
 Added good helicity          209  0.23669081484404578       in event            1 local:           1
 Added good helicity          212   4.8410574857106356E-002  in event            1 local:           1
 Added good helicity          213   5.3795582189192423E-007  in event            1 local:           1
 Added good helicity          216   3.3617983938001485E-006  in event            1 local:           1
 Added good helicity          217   3.7988923712273462E-005  in event            1 local:           1
 Added good helicity          220   2.1228308906826517E-007  in event            1 local:           1
 Added good helicity          221  0.18190229842608335       in event            1 local:           1
 Added good helicity          224   3.7333314404992546E-002  in event            1 local:           1
 Added good helicity          225  0.21243604782571665       in event            1 local:           1
 Added good helicity          228   4.3449726608068180E-002  in event            1 local:           1
 Added good helicity          229   4.8282908140248146E-007  in event            1 local:           1
 Added good helicity          232   3.0172998679154774E-006  in event            1 local:           1
 Added good helicity          233   3.4096028694250121E-005  in event            1 local:           1
 Added good helicity          236   1.9052949093783266E-007  in event            1 local:           1
 Added good helicity          237  0.16326195587062647       in event            1 local:           1
 Added good helicity          240   3.3507602606620619E-002  in event            1 local:           1
 Added good helicity          241   1.0233329663057957       in event            1 local:           1
 Added good helicity          244  0.20930316709473129       in event            1 local:           1
 Added good helicity          245   2.3258525148973848E-006  in event            1 local:           1
 Added good helicity          248   1.4534738598607302E-005  in event            1 local:           1
 Added good helicity          249   1.6424514831663459E-004  in event            1 local:           1
 Added good helicity          252   9.1780614036890684E-007  in event            1 local:           1
 Added good helicity          253  0.78645476272011972       in event            1 local:           1
 Added good helicity          256  0.16141062084416147       in event            1 local:           1
 Added good helicity            1   1.1017420797933084       in event            1 local:           1
 Added good helicity            4  0.22534025015799958       in event            1 local:           1
 Added good helicity            5   2.5040623838261086E-006  in event            1 local:           1
 Added good helicity            8   1.5648409325353960E-005  in event            1 local:           1
 Added good helicity            9   1.7682982690919819E-004  in event            1 local:           1
 Added good helicity           12   9.8812965010544109E-007  in event            1 local:           1
 Added good helicity           13  0.84671395769702307       in event            1 local:           1
 Added good helicity           16  0.17377811422566275       in event            1 local:           1
 Added good helicity           17   5.4134615869661992E-003  in event            1 local:           1
 Added good helicity           20   1.1072199297829646E-003  in event            1 local:           1
 Added good helicity           21   1.2303828432107037E-008  in event            1 local:           1
 Added good helicity           24   7.6889196059226202E-008  in event            1 local:           1
 Added good helicity           25   8.6886168093208582E-007  in event            1 local:           1
 Added good helicity           29   4.1603689004969940E-003  in event            1 local:           1
 Added good helicity           32   8.5386694696506138E-004  in event            1 local:           1
 Added good helicity           33   1.8636474340164191E-003  in event            1 local:           1
 Added good helicity           36   3.8117340409323268E-004  in event            1 local:           1
 Added good helicity           40   2.6470004568678736E-008  in event            1 local:           1
 Added good helicity           41   2.9911579054756527E-007  in event            1 local:           1
 Added good helicity           45   1.4322556281992779E-003  in event            1 local:           1
 Added good helicity           48   2.9395367809281287E-004  in event            1 local:           1
 Added good helicity           49  0.12952327106242503       in event            1 local:           1
 Added good helicity           52   2.6491505441967707E-002  in event            1 local:           1
 Added good helicity           53   2.9438319262379260E-007  in event            1 local:           1
 Added good helicity           56   1.8396621132269399E-006  in event            1 local:           1
 Added good helicity           57   2.0788511233934704E-005  in event            1 local:           1
 Added good helicity           60   1.1616673889721717E-007  in event            1 local:           1
 Added good helicity           61   9.9541592779777185E-002  in event            1 local:           1
 Added good helicity           64   2.0429745043223039E-002  in event            1 local:           1
 Added good helicity           65  0.20000031012803779       in event            1 local:           1
 Added good helicity           68   4.0906234537564833E-002  in event            1 local:           1
 Added good helicity           69   4.5456487732512711E-007  in event            1 local:           1
 Added good helicity           72   2.8406709478396379E-006  in event            1 local:           1
 Added good helicity           73   3.2100090275540421E-005  in event            1 local:           1
 Added good helicity           76   1.7937613538812380E-007  in event            1 local:           1
 Added good helicity           77  0.15370480735465086       in event            1 local:           1
 Added good helicity           80   3.1546109907246558E-002  in event            1 local:           1
 Added good helicity           81   4.0254774706122983E-004  in event            1 local:           1
 Added good helicity           84   8.2333435099741568E-005  in event            1 local:           1
 Added good helicity           89   6.4608994919100361E-008  in event            1 local:           1
 Added good helicity           93   3.0936713984835529E-004  in event            1 local:           1
 Added good helicity           96   6.3493978902224739E-005  in event            1 local:           1
 Added good helicity           97   1.3843494487977555E-004  in event            1 local:           1
 Added good helicity          100   2.8314217712070875E-005  in event            1 local:           1
 Added good helicity          105   2.2218836686230180E-008  in event            1 local:           1
 Added good helicity          109   1.0639041769623073E-004  in event            1 local:           1
 Added good helicity          112   2.1835386072077902E-005  in event            1 local:           1
 Added good helicity          113   6.4772867515296637E-003  in event            1 local:           1
 Added good helicity          116   1.3248050008297918E-003  in event            1 local:           1
 Added good helicity          117   1.4721712459964766E-008  in event            1 local:           1
 Added good helicity          120   9.1999058822046535E-008  in event            1 local:           1
 Added good helicity          121   1.0396058352687323E-006  in event            1 local:           1
 Added good helicity          125   4.9779428426252690E-003  in event            1 local:           1
 Added good helicity          128   1.0216644145886330E-003  in event            1 local:           1
 Added good helicity          129  0.18508928298500599       in event            1 local:           1
 Added good helicity          132   3.7856469399108930E-002  in event            1 local:           1
 Added good helicity          133   4.2067478375614875E-007  in event            1 local:           1
 Added good helicity          136   2.6288846682056624E-006  in event            1 local:           1
 Added good helicity          137   2.9706867399606222E-005  in event            1 local:           1
 Added good helicity          140   1.6600274400751967E-007  in event            1 local:           1
 Added good helicity          141  0.14224534235175959       in event            1 local:           1
 Added good helicity          144   2.9194189048809480E-002  in event            1 local:           1
 Added good helicity          145   4.1684629636914126E-004  in event            1 local:           1
 Added good helicity          148   8.5257929622584600E-005  in event            1 local:           1
 Added good helicity          153   6.6903914978471199E-008  in event            1 local:           1
 Added good helicity          157   3.2035590164285687E-004  in event            1 local:           1
 Added good helicity          160   6.5749293444951156E-005  in event            1 local:           1
 Added good helicity          161   9.1609982557758337E-005  in event            1 local:           1
 Added good helicity          164   1.8737068107998594E-005  in event            1 local:           1
 Added good helicity          169   1.4703420751508497E-008  in event            1 local:           1
 Added good helicity          173   7.0404364432178891E-005  in event            1 local:           1
 Added good helicity          176   1.4449670485600149E-005  in event            1 local:           1
 Added good helicity          177   5.9880567861683200E-003  in event            1 local:           1
 Added good helicity          180   1.2247423774615382E-003  in event            1 local:           1
 Added good helicity          181   1.3609780388230051E-008  in event            1 local:           1
 Added good helicity          184   8.5050362849900935E-008  in event            1 local:           1
 Added good helicity          185   9.6108432675934587E-007  in event            1 local:           1
 Added good helicity          189   4.6019584377518571E-003  in event            1 local:           1
 Added good helicity          192   9.4449802295990459E-004  in event            1 local:           1
 Added good helicity          193   117.02393610210763       in event            1 local:           1
 Added good helicity          196   23.935005768927184       in event            1 local:           1
 Added good helicity          197   2.6597444336112904E-004  in event            1 local:           1
 Added good helicity          200   1.6621299000700736E-003  in event            1 local:           1
 Added good helicity          201   1.8782365441692948E-002  in event            1 local:           1
 Added good helicity          204   1.0495634427998854E-004  in event            1 local:           1
 Added good helicity          205   89.935568314580564       in event            1 local:           1
 Added good helicity          208   18.458221128218941       in event            1 local:           1
 Added good helicity          209  0.23669081484404583       in event            1 local:           1
 Added good helicity          212   4.8410574857106405E-002  in event            1 local:           1
 Added good helicity          213   5.3795582189192285E-007  in event            1 local:           1
 Added good helicity          216   3.3617983938001621E-006  in event            1 local:           1
 Added good helicity          217   3.7988923712273638E-005  in event            1 local:           1
 Added good helicity          220   2.1228308906826540E-007  in event            1 local:           1
 Added good helicity          221  0.18190229842608274       in event            1 local:           1
 Added good helicity          224   3.7333314404992393E-002  in event            1 local:           1
 Added good helicity          225  0.21243604782571687       in event            1 local:           1
 Added good helicity          228   4.3449726608068284E-002  in event            1 local:           1
 Added good helicity          229   4.8282908140248104E-007  in event            1 local:           1
 Added good helicity          232   3.0172998679154922E-006  in event            1 local:           1
 Added good helicity          233   3.4096028694250318E-005  in event            1 local:           1
 Added good helicity          236   1.9052949093783295E-007  in event            1 local:           1
 Added good helicity          237  0.16326195587062600       in event            1 local:           1
 Added good helicity          240   3.3507602606620529E-002  in event            1 local:           1
 Added good helicity          241   1.0233329663057962       in event            1 local:           1
 Added good helicity          244  0.20930316709473157       in event            1 local:           1
 Added good helicity          245   2.3258525148973793E-006  in event            1 local:           1
 Added good helicity          248   1.4534738598607366E-005  in event            1 local:           1
 Added good helicity          249   1.6424514831663538E-004  in event            1 local:           1
 Added good helicity          252   9.1780614036890790E-007  in event            1 local:           1
 Added good helicity          253  0.78645476272011805       in event            1 local:           1
 Added good helicity          256  0.16141062084416097       in event            1 local:           1
 Added good helicity           37   6.2428555105603514E-007  in event            3 local:           2
 Added good helicity           44   3.3406614751771015E-008  in event            3 local:           2
 Added good helicity           85   1.1464578017262902E-007  in event            3 local:           2
 Added good helicity           88   3.0789525761813118E-008  in event            3 local:           2
 Added good helicity          101   9.9965860081173330E-008  in event            3 local:           2
 Added good helicity          104   2.6847053765402545E-008  in event            3 local:           2
 Added good helicity          124   6.8836174020344253E-008  in event            3 local:           2
 Added good helicity          149   7.8455199747506090E-008  in event            3 local:           2
 Added good helicity          152   2.1070102974018954E-008  in event            3 local:           2
 Added good helicity          165   7.0424481633954339E-008  in event            3 local:           2
 Added good helicity          168   1.8913355452472625E-008  in event            3 local:           2
 Added good helicity          188   4.7985302055237334E-008  in event            3 local:           2
 Added good helicity           37   6.2428555105604149E-007  in event            3 local:           2
 Added good helicity           44   3.3406614751771703E-008  in event            3 local:           2
 Added good helicity           85   1.1464578017262996E-007  in event            3 local:           2
 Added good helicity           88   3.0789525761812920E-008  in event            3 local:           2
 Added good helicity          101   9.9965860081174534E-008  in event            3 local:           2
 Added good helicity          104   2.6847053765402472E-008  in event            3 local:           2
 Added good helicity          124   6.8836174020345431E-008  in event            3 local:           2
 Added good helicity          149   7.8455199747506990E-008  in event            3 local:           2
 Added good helicity          152   2.1070102974018875E-008  in event            3 local:           2
 Added good helicity          165   7.0424481633955172E-008  in event            3 local:           2
 Added good helicity          168   1.8913355452472569E-008  in event            3 local:           2
 Added good helicity          188   4.7985302055238419E-008  in event            3 local:           2
 Added good helicity           28   1.5258794207031790E-005  in event            5 local:           3
 Added good helicity           92   4.6668804029509753E-007  in event            5 local:           3
 Added good helicity          108   4.5884276525920830E-007  in event            5 local:           3
 Added good helicity          156   3.8361014815436316E-007  in event            5 local:           3
 Added good helicity          172   3.7685418397413344E-007  in event            5 local:           3
 Added good helicity           28   1.5258794207031689E-005  in event            5 local:           3
 Added good helicity           92   4.6668804029508965E-007  in event            5 local:           3
 Added good helicity          108   4.5884276525921026E-007  in event            5 local:           3
 Added good helicity          156   3.8361014815436269E-007  in event            5 local:           3
 Added good helicity          172   3.7685418397413709E-007  in event            5 local:           3
 RESET CUMULATIVE VARIABLE
 RESET CUMULATIVE VARIABLE
 RESET CUMULATIVE VARIABLE
 No points passed cuts!
 Loosen cuts or increase max_events      500000
 Deleting file events.lhe

ls status:
events.lhe
grid_information
input_app.txt
results.dat
run1_app.log
