 Process in group number            1
 A PDF is used, so alpha_s(MZ) is going to be modified
 Old value of alpha_s from param_card:   0.11839999999999999     
  ****************************************
 
       NNPDFDriver version 1.0.3
   Grid: NNPDF23_lo_as_0130_qed_mem0.grid
  ****************************************
 New value of alpha_s from PDF nn23lo1:  0.13000000000000000     
 Define smin to   12.630915999999999     
 Define smin to   12.630915999999999     
 Define smin to   12.630915999999999     
 Define smin to   12.630915999999999     
 Define smin to   12.630915999999999     
 Define smin to   12.630915999999999     
 Warning: pt or E min of a jet should in general be >0
 Warning: pt or E min of a jet should in general be >0
 Warning: pt or E min of a jet should in general be >0
 Warning: pt or E min of a jet should in general be >0
 *****************************************************
 *               MadGraph/MadEvent                   *
 *        --------------------------------           *
 *          http://madgraph.hep.uiuc.edu             *
 *          http://madgraph.phys.ucl.ac.be           *
 *          http://madgraph.roma2.infn.it            *
 *        --------------------------------           *
 *                                                   *
 *          PARAMETER AND COUPLING VALUES            *
 *                                                   *
 *****************************************************

  External Params
  ---------------------------------
  
 mdl_cabi =   0.22773599999999999     
 aEWM1 =    127.90000000000001     
 mdl_Gf =    1.1663700000000000E-005
 aS =   0.11839999999999999     
 mdl_ymb =    4.7000000000000002     
 mdl_ymt =    172.00000000000000     
 mdl_ymtau =    1.7769999999999999     
 mdl_Lambda =    5000.0000000000000     
 mdl_ca =    1.0000000000000000     
 mdl_kSM =    5.0000000000000003E-002
 mdl_kHtt =    0.0000000000000000     
 mdl_kAtt =    0.0000000000000000     
 mdl_kHbb =    0.0000000000000000     
 mdl_kAbb =    0.0000000000000000     
 mdl_kHll =    0.0000000000000000     
 mdl_kAll =    0.0000000000000000     
 mdl_kHaa =    0.0000000000000000     
 mdl_kAaa =    0.0000000000000000     
 mdl_kHza =    0.0000000000000000     
 mdl_kAza =    0.0000000000000000     
 mdl_kHgg =    0.0000000000000000     
 mdl_kAgg =    0.0000000000000000     
 mdl_kHzz =  -0.52481000000000000     
 mdl_kAzz =    0.0000000000000000     
 mdl_kHww =  -0.52481000000000000     
 mdl_kAww =    0.0000000000000000     
 mdl_kHda =    0.0000000000000000     
 mdl_kHdz =  -0.26240500000000000     
 mdl_kHdwR =  -0.26240500000000000     
 mdl_kHdwI =    0.0000000000000000     
 mdl_kHHgg =    1.0000000000000000     
 mdl_kAAgg =    1.0000000000000000     
 mdl_kqa =    1.0000000000000000     
 mdl_kqb =    1.0000000000000000     
 mdl_kla =    1.0000000000000000     
 mdl_klb =    1.0000000000000000     
 mdl_kw1 =    1.0000000000000000     
 mdl_kw2 =    1.0000000000000000     
 mdl_kw3 =    0.0000000000000000     
 mdl_kw4 =    0.0000000000000000     
 mdl_kw5 =    0.0000000000000000     
 mdl_kz1 =    0.0000000000000000     
 mdl_kz3 =    1.0000000000000000     
 mdl_kz5 =    0.0000000000000000     
 mdl_kq =    1.0000000000000000     
 mdl_kq3 =    1.0000000000000000     
 mdl_kl =    1.0000000000000000     
 mdl_kg =    1.0000000000000000     
 mdl_ka =    1.0000000000000000     
 mdl_kz =    1.0000000000000000     
 mdl_kw =    1.0000000000000000     
 mdl_kza =    0.0000000000000000     
 mdl_MZ =    91.187600000000003     
 mdl_MTA =    1.7769999999999999     
 mdl_MT =    172.00000000000000     
 mdl_MB =    4.7000000000000002     
 mdl_MX0 =    600.00000000000000     
 mdl_MX1 =    125.00000000000000     
 mdl_MX2 =    125.00000000000000     
 mdl_WZ =    2.4952000000000001     
 mdl_WW =    2.0850000000000000     
 mdl_WT =    1.5083359999999999     
 mdl_WX0 =   0.15059000000000000     
 mdl_WX1 =    4.0699999999999998E-003
 mdl_WX2 =    4.0699999999999998E-003
  Internal Params
  ---------------------------------
  
 mdl_cos__cabi =   0.97418004031982097     
 mdl_CKM1x1 =  ( 0.97418004031982097     ,  0.0000000000000000     )
 mdl_sin__cabi =   0.22577256042856930     
 mdl_CKM1x2 =  ( 0.22577256042856930     ,  0.0000000000000000     )
 mdl_CKM2x1 =  (-0.22577256042856930     ,  0.0000000000000000     )
 mdl_CKM2x2 =  ( 0.97418004031982097     ,  0.0000000000000000     )
 mdl_ca__exp__2 =    1.0000000000000000     
 mdl_sa =    0.0000000000000000     
 mdl_complexi =  (  0.0000000000000000     ,  1.0000000000000000     )
 mdl_kHdw =  (-0.26240500000000000     ,  0.0000000000000000     )
 mdl_MZ__exp__2 =    8315.1783937600012     
 mdl_MZ__exp__4 =    69142191.720053151     
 mdl_sqrt__2 =    1.4142135623730951     
 mdl_nb__2__exp__0_75 =    1.6817928305074290     
 mdl_MX0__exp__2 =    360000.00000000000     
 mdl_ca__exp__4 =    1.0000000000000000     
 mdl_ca__exp__3 =    1.0000000000000000     
 mdl_conjg__CKM1x1 =  ( 0.97418004031982097     , -0.0000000000000000     )
 mdl_conjg__CKM1x2 =  ( 0.22577256042856930     , -0.0000000000000000     )
 mdl_conjg__CKM2x1 =  (-0.22577256042856930     , -0.0000000000000000     )
 mdl_conjg__CKM2x2 =  ( 0.97418004031982097     , -0.0000000000000000     )
 mdl_conjg__kHdw =  (-0.26240500000000000     , -0.0000000000000000     )
 mdl_aEW =    7.8186082877247844E-003
 mdl_MW =    79.824359746197842     
 mdl_sqrt__aEW =    8.8422894590285753E-002
 mdl_ee =   0.31345100004952897     
 mdl_MW__exp__2 =    6371.9284088904105     
 mdl_sw2 =   0.23369913342182447     
 mdl_cw =   0.87538612427783857     
 mdl_sqrt__sw2 =   0.48342438232036300     
 mdl_sw =   0.48342438232036300     
 mdl_ad =  -0.12747442148678401     
 mdl_al =   -1.2074027013887732E-002
 mdl_an =   0.18517461872323218     
 mdl_au =    6.9774224250335873E-002
 mdl_bd =  -0.18517461872323218     
 mdl_bl =  -0.18517461872323218     
 mdl_bn =   0.18517461872323218     
 mdl_bu =   0.18517461872323218     
 mdl_gwwz =  -0.56759788318358417     
 mdl_g1 =   0.35807170271074895     
 mdl_gw =   0.64839716719502682     
 mdl_vev =    246.22056907348590     
 mdl_ee__exp__2 =    9.8251529432049817E-002
 mdl_gAaa =    1.3477023594718659E-005
 mdl_vev__exp__2 =    60624.568634871241     
 mdl_cw__exp__2 =   0.76630086657817542     
 mdl_gAza =    4.4999802188047602E-006
 mdl_gHaa =    2.6392504539657372E-005
 mdl_gHza =    3.9166441035016922E-005
 mdl_lam =    2.9690932909411916     
 mdl_yb =    2.6995322804122722E-002
 mdl_yt =   0.98791394091683138     
 mdl_ytau =    1.0206529494239589E-002
 mdl_muH =    424.26406871192853     
 mdl_sw__exp__2 =   0.23369913342182450     
  Internal Params evaluated point by point
  ----------------------------------------
  
 mdl_sqrt__aS =   0.34409301068170506     
 mdl_G__exp__2 =    1.4878582807401259     
 mdl_gAAgg =    3.1083017473614446E-007
 mdl_gAgg =    7.6532782508744533E-005
 mdl_gHgg =   -5.1021855005829691E-005
 mdl_gHHgg =    2.0722011649076294E-007
  Couplings of HC_UFO
  ---------------------------------
  
        GC_10 =  -0.00000E+00   0.00000E+00
        GC_13 =  -0.00000E+00  -0.20722E-06
        GC_62 =   0.00000E+00   0.00000E+00
        GC_64 =   0.00000E+00   0.00000E+00
         GC_1 =  -0.00000E+00  -0.10448E+00
         GC_2 =   0.00000E+00   0.20897E+00
         GC_3 =  -0.00000E+00  -0.31345E+00
         GC_9 =  -0.00000E+00  -0.00000E+00
        GC_16 =  -0.00000E+00  -0.00000E+00
        GC_17 =   0.00000E+00  -0.12074E-01
        GC_19 =  -0.00000E+00   0.18517E+00
        GC_21 =   0.00000E+00  -0.12747E+00
        GC_22 =   0.00000E+00   0.69774E-01
        GC_23 =  -0.00000E+00   0.18517E+00
        GC_24 =  -0.00000E+00  -0.18517E+00
        GC_61 =   0.00000E+00   0.00000E+00
        GC_66 =   0.00000E+00   0.00000E+00
        GC_77 =  -0.00000E+00  -0.28380E+00
        GC_78 =   0.00000E+00   0.28380E+00
        GC_89 =  -0.00000E+00  -0.28850E-01
        GC_90 =   0.00000E+00   0.86550E-01
        GC_98 =  -0.00000E+00  -0.21932E+03
       GC_100 =   0.00000E+00   0.33771E+01
       GC_101 =  -0.00000E+00  -0.00000E+00
       GC_102 =   0.00000E+00   0.00000E+00
       GC_105 =  -0.00000E+00  -0.00000E+00
       GC_106 =   0.00000E+00   0.00000E+00
        GC_35 =  -0.00000E+00  -0.20000E-03
        GC_38 =  -0.00000E+00  -0.00000E+00
        GC_40 =   0.00000E+00   0.52481E-04
        GC_42 =   0.00000E+00   0.10496E-03
        GC_43 =   0.00000E+00   0.50000E-04
        GC_45 =   0.00000E+00   0.50000E-04
        GC_49 =   0.00000E+00   0.50000E-04
        GC_56 =  -0.00000E+00  -0.94000E-03
        GC_58 =  -0.00000E+00  -0.35540E-03
        GC_68 =   0.00000E+00   0.00000E+00

 Collider parameters:
 --------------------

 Running at P P   machine @    13000.000000000000       GeV
 PDF set = nn23lo1
 alpha_s(Mz)= 0.1300 running at 2 loops.
 alpha_s(Mz)= 0.1300 running at 2 loops.
 Renormalization scale set on event-by-event basis
 Factorization   scale set on event-by-event basis


 getting user params
Enter number of events and max and min iterations: 
 Number of events and iterations         1000           5           3
Enter desired fractional accuracy: 
 Desired fractional accuracy:   0.10000000000000001     
Enter 0 for fixed, 2 for adjustable grid: 
Suppress amplitude (0 no, 1 yes)? 
 Using suppressed amplitude.
Exact helicity sum (0 yes, n = number/event)? 
 Explicitly summing over helicities
Enter Configuration Number: 
Running Configuration Number:   27
 Not subdividing B.W.
 Attempting mappinvarients           1           8
 Completed mapping           8
 about to integrate           16        1000           5           3          16           1
 Using non-zero grid deformation.
 16 dimensions   1000 events 16 invarients  5 iterations  1 config(s),  (0.99)
 Using h-tuple random number sequence.
 Error opening grid
 Using Uniform Grid!          32
 Using uniform alpha   1.0000000000000000     
 Grid defined OK
 Set CM energy to      13000.00
 Mapping Graph          27  to config          27
 Setting BW          -1           1   91.187600000000003     
Setting grid   2    0.59172E-08   1
 Setting BW          -3           2   600.00000000000000     
 Setting BW          -4           3   91.187600000000003     
Setting grid   5    0.17101E-04   1
 Transforming s_hat 1/s           15   2.5115575576956360E-003   12.630915999999999        168999999.99999997     
  27   1   2   3   4   5   6   7   8   9  10  11  12  13  14
  15  16
 Masses: 0.470E+01 0.470E+01 0.000E+00 0.000E+00 0.178E+01 0.178E+01 0.000E+00 0.000E+00
Using random seed offsets    27 :     14
  with seed                   24
 Ranmar initialization seeds       31085        9411
 
 ********************************************
 * You are using the DiscreteSampler module *
 *      part of the MG5_aMC framework       *
 *         Author: Valentin Hirschi         *
 ********************************************
 
  Particle       3       4       5       6       7       8
      Et >     0.0     0.0     0.0     0.0     0.0     0.0
       E >     0.0     0.0     0.0     0.0     0.0     0.0
     Eta <    -1.0    -1.0    -1.0    -1.0    -1.0    -1.0
   xqcut:      0.0     0.0     0.0     0.0     0.0     0.0
d R # 3  >    -0.0     0.0     0.0     0.0     0.0     0.0
d R # 4  >    -0.0    -0.0     0.0     0.0     0.0     0.0
d R # 5  >    -0.0    -0.0    -0.0     0.0     0.0     0.0
d R # 6  >    -0.0    -0.0    -0.0    -0.0     0.0     0.0
d R # 7  >    -0.0    -0.0    -0.0    -0.0    -0.0     0.0
s min # 3>     0.0     0.0     3.2     3.2     0.0     0.0
s min # 4>     0.0     0.0     3.2     3.2     0.0     0.0
s min # 5>     0.0     0.0     0.0    12.6     3.2     0.0
s min # 6>     0.0     0.0     0.0     0.0     3.2     0.0
s min # 7>     0.0     0.0     0.0     0.0     0.0     0.0
xqcutij # 3>     0.0     0.0     0.0     0.0     0.0     0.0
xqcutij # 4>     0.0     0.0     0.0     0.0     0.0     0.0
xqcutij # 5>     0.0     0.0     0.0     0.0     0.0     0.0
xqcutij # 6>     0.0     0.0     0.0     0.0     0.0     0.0
xqcutij # 7>     0.0     0.0     0.0     0.0     0.0     0.0
 No cut BW           -1           1
 No cut BW           -3           2
 No cut BW           -4           3
 alpha_s for scale    308.88717380091873       is   0.10808804833756178     
 Added good helicity            1  0.14062849366292238       in event            1 local:           1
 Added good helicity            4   2.5259815401697899E-002  in event            1 local:           1
 Added good helicity            5   1.7450890522104502E-004  in event            1 local:           1
 Added good helicity            8   3.4714792222008128E-005  in event            1 local:           1
 Added good helicity            9   1.6739403025870552E-004  in event            1 local:           1
 Added good helicity           12   3.4729150093165699E-005  in event            1 local:           1
 Added good helicity           13   9.4910786730057262E-002  in event            1 local:           1
 Added good helicity           16   2.2181272736973727E-002  in event            1 local:           1
 Added good helicity           49  0.84023077044885519       in event            1 local:           1
 Added good helicity           52  0.15092300005173404       in event            1 local:           1
 Added good helicity           53   1.0426603319489607E-003  in event            1 local:           1
 Added good helicity           56   2.0741484072626668E-004  in event            1 local:           1
 Added good helicity           57   1.0001501925345196E-003  in event            1 local:           1
 Added good helicity           60   2.0750062650716004E-004  in event            1 local:           1
 Added good helicity           61  0.56707542960142610       in event            1 local:           1
 Added good helicity           64  0.13252924351160511       in event            1 local:           1
 Added good helicity           65   2.3486617659697577       in event            1 local:           1
 Added good helicity           68  0.42186872022980187       in event            1 local:           1
 Added good helicity           69   2.9145046131001215E-003  in event            1 local:           1
 Added good helicity           72   5.7977798866881843E-004  in event            1 local:           1
 Added good helicity           73   2.7956778066795386E-003  in event            1 local:           1
 Added good helicity           76   5.8001778205741378E-004  in event            1 local:           1
 Added good helicity           77   1.5851221197412841       in event            1 local:           1
 Added good helicity           80  0.37045342548252780       in event            1 local:           1
 Added good helicity          113  0.48120371767586934       in event            1 local:           1
 Added good helicity          116   8.6434240760896369E-002  in event            1 local:           1
 Added good helicity          117   5.9713598412846508E-004  in event            1 local:           1
 Added good helicity          120   1.1878735696064712E-004  in event            1 local:           1
 Added good helicity          121   5.7279024740399193E-004  in event            1 local:           1
 Added good helicity          124   1.1883648684036759E-004  in event            1 local:           1
 Added good helicity          125  0.32476649811464686       in event            1 local:           1
 Added good helicity          128   7.5900058557111280E-002  in event            1 local:           1
 Added good helicity          129   1.6144846353893554       in event            1 local:           1
 Added good helicity          132  0.28999516951780452       in event            1 local:           1
 Added good helicity          133   2.0034485108921959E-003  in event            1 local:           1
 Added good helicity          136   3.9854297805042227E-004  in event            1 local:           1
 Added good helicity          137   1.9217662286589328E-003  in event            1 local:           1
 Added good helicity          140   3.9870781350998685E-004  in event            1 local:           1
 Added good helicity          141   1.0896227565068060       in event            1 local:           1
 Added good helicity          144  0.25465197766437259       in event            1 local:           1
 Added good helicity          177  0.33078241402680020       in event            1 local:           1
 Added good helicity          180   5.9415432099220199E-002  in event            1 local:           1
 Added good helicity          181   4.1047497156979638E-004  in event            1 local:           1
 Added good helicity          184   8.1655164430323541E-005  in event            1 local:           1
 Added good helicity          185   3.9373956145310557E-004  in event            1 local:           1
 Added good helicity          188   8.1688936613741569E-005  in event            1 local:           1
 Added good helicity          189  0.22324650100428828       in event            1 local:           1
 Added good helicity          192   5.2174170049135028E-002  in event            1 local:           1
 Added good helicity          193   120.43367703324158       in event            1 local:           1
 Added good helicity          196   21.632404435044204       in event            1 local:           1
 Added good helicity          197  0.14944872538556600       in event            1 local:           1
 Added good helicity          200   2.9729608600961046E-002  in event            1 local:           1
 Added good helicity          201  0.14335557505004340       in event            1 local:           1
 Added good helicity          204   2.9741904624141252E-002  in event            1 local:           1
 Added good helicity          205   81.281216475351457       in event            1 local:           1
 Added good helicity          208   18.995952864247059       in event            1 local:           1
 Added good helicity          241  0.84613504159928765       in event            1 local:           1
 Added good helicity          244  0.15198353049941810       in event            1 local:           1
 Added good helicity          245   1.0499870682863332E-003  in event            1 local:           1
 Added good helicity          248   2.0887233728952311E-004  in event            1 local:           1
 Added good helicity          249   1.0071782116639850E-003  in event            1 local:           1
 Added good helicity          252   2.0895872588398744E-004  in event            1 local:           1
 Added good helicity          253  0.57106024807852784       in event            1 local:           1
 Added good helicity          256  0.13346052169918679       in event            1 local:           1
 Added good helicity            1  0.14062849366291497       in event            1 local:           1
 Added good helicity            4   2.5259815401696469E-002  in event            1 local:           1
 Added good helicity            5   1.7450890522103423E-004  in event            1 local:           1
 Added good helicity            8   3.4714792222005994E-005  in event            1 local:           1
 Added good helicity            9   1.6739403025869550E-004  in event            1 local:           1
 Added good helicity           12   3.4729150093163374E-005  in event            1 local:           1
 Added good helicity           13   9.4910786730051933E-002  in event            1 local:           1
 Added good helicity           16   2.2181272736972353E-002  in event            1 local:           1
 Added good helicity           49  0.84023077044886008       in event            1 local:           1
 Added good helicity           52  0.15092300005173395       in event            1 local:           1
 Added good helicity           53   1.0426603319489565E-003  in event            1 local:           1
 Added good helicity           56   2.0741484072626584E-004  in event            1 local:           1
 Added good helicity           57   1.0001501925345159E-003  in event            1 local:           1
 Added good helicity           60   2.0750062650715792E-004  in event            1 local:           1
 Added good helicity           61  0.56707542960142654       in event            1 local:           1
 Added good helicity           64  0.13252924351160425       in event            1 local:           1
 Added good helicity           65   2.3486617659696711       in event            1 local:           1
 Added good helicity           68  0.42186872022978439       in event            1 local:           1
 Added good helicity           69   2.9145046130999888E-003  in event            1 local:           1
 Added good helicity           72   5.7977798866879198E-004  in event            1 local:           1
 Added good helicity           73   2.7956778066794159E-003  in event            1 local:           1
 Added good helicity           76   5.8001778205738429E-004  in event            1 local:           1
 Added good helicity           77   1.5851221197412206       in event            1 local:           1
 Added good helicity           80  0.37045342548251087       in event            1 local:           1
 Added good helicity          113  0.48120371767584952       in event            1 local:           1
 Added good helicity          116   8.6434240760892331E-002  in event            1 local:           1
 Added good helicity          117   5.9713598412843515E-004  in event            1 local:           1
 Added good helicity          120   1.1878735696064115E-004  in event            1 local:           1
 Added good helicity          121   5.7279024740396428E-004  in event            1 local:           1
 Added good helicity          124   1.1883648684036099E-004  in event            1 local:           1
 Added good helicity          125  0.32476649811463232       in event            1 local:           1
 Added good helicity          128   7.5900058557107478E-002  in event            1 local:           1
 Added good helicity          129   1.6144846353892897       in event            1 local:           1
 Added good helicity          132  0.28999516951779142       in event            1 local:           1
 Added good helicity          133   2.0034485108920974E-003  in event            1 local:           1
 Added good helicity          136   3.9854297805040270E-004  in event            1 local:           1
 Added good helicity          137   1.9217662286588411E-003  in event            1 local:           1
 Added good helicity          140   3.9870781350996506E-004  in event            1 local:           1
 Added good helicity          141   1.0896227565067584       in event            1 local:           1
 Added good helicity          144  0.25465197766435999       in event            1 local:           1
 Added good helicity          177  0.33078241402678821       in event            1 local:           1
 Added good helicity          180   5.9415432099217715E-002  in event            1 local:           1
 Added good helicity          181   4.1047497156977751E-004  in event            1 local:           1
 Added good helicity          184   8.1655164430319827E-005  in event            1 local:           1
 Added good helicity          185   3.9373956145308801E-004  in event            1 local:           1
 Added good helicity          188   8.1688936613737422E-005  in event            1 local:           1
 Added good helicity          189  0.22324650100427923       in event            1 local:           1
 Added good helicity          192   5.2174170049132627E-002  in event            1 local:           1
 Added good helicity          193   120.43367703324209       in event            1 local:           1
 Added good helicity          196   21.632404435044197       in event            1 local:           1
 Added good helicity          197  0.14944872538556528       in event            1 local:           1
 Added good helicity          200   2.9729608600960935E-002  in event            1 local:           1
 Added good helicity          201  0.14335557505004284       in event            1 local:           1
 Added good helicity          204   2.9741904624140943E-002  in event            1 local:           1
 Added good helicity          205   81.281216475351542       in event            1 local:           1
 Added good helicity          208   18.995952864246966       in event            1 local:           1
 Added good helicity          241  0.84613504159924391       in event            1 local:           1
 Added good helicity          244  0.15198353049940946       in event            1 local:           1
 Added good helicity          245   1.0499870682862691E-003  in event            1 local:           1
 Added good helicity          248   2.0887233728951026E-004  in event            1 local:           1
 Added good helicity          249   1.0071782116639256E-003  in event            1 local:           1
 Added good helicity          252   2.0895872588397351E-004  in event            1 local:           1
 Added good helicity          253  0.57106024807849587       in event            1 local:           1
 Added good helicity          256  0.13346052169917869       in event            1 local:           1
 RESET CUMULATIVE VARIABLE
 RESET CUMULATIVE VARIABLE
 RESET CUMULATIVE VARIABLE
 No points passed cuts!
 Loosen cuts or increase max_events      500000
 Deleting file events.lhe

ls status:
events.lhe
grid_information
input_app.txt
results.dat
run1_app.log
