 Process in group number            1
 A PDF is used, so alpha_s(MZ) is going to be modified
 Old value of alpha_s from param_card:   0.11839999999999999     
  ****************************************
 
       NNPDFDriver version 1.0.3
   Grid: NNPDF23_lo_as_0130_qed_mem0.grid
  ****************************************
 New value of alpha_s from PDF nn23lo1:  0.13000000000000000     
 Define smin to   499.70131599999996     
 Define smin to   499.70131599999996     
 Warning: pt or E min of a jet should in general be >0
 Warning: pt or E min of a jet should in general be >0
 Warning: pt or E min of a jet should in general be >0
 Warning: pt or E min of a jet should in general be >0
 *****************************************************
 *               MadGraph/MadEvent                   *
 *        --------------------------------           *
 *          http://madgraph.hep.uiuc.edu             *
 *          http://madgraph.phys.ucl.ac.be           *
 *          http://madgraph.roma2.infn.it            *
 *        --------------------------------           *
 *                                                   *
 *          PARAMETER AND COUPLING VALUES            *
 *                                                   *
 *****************************************************

  External Params
  ---------------------------------
  
 mdl_cabi =   0.22773599999999999     
 aEWM1 =    127.90000000000001     
 mdl_Gf =    1.1663700000000000E-005
 aS =   0.11839999999999999     
 mdl_ymb =    4.7000000000000002     
 mdl_ymt =    172.00000000000000     
 mdl_ymtau =    1.7769999999999999     
 mdl_Lambda =    5000.0000000000000     
 mdl_ca =    1.0000000000000000     
 mdl_kSM =    5.0000000000000003E-002
 mdl_kHtt =    0.0000000000000000     
 mdl_kAtt =    0.0000000000000000     
 mdl_kHbb =    0.0000000000000000     
 mdl_kAbb =    0.0000000000000000     
 mdl_kHll =    0.0000000000000000     
 mdl_kAll =    0.0000000000000000     
 mdl_kHaa =    0.0000000000000000     
 mdl_kAaa =    0.0000000000000000     
 mdl_kHza =    0.0000000000000000     
 mdl_kAza =    0.0000000000000000     
 mdl_kHgg =    0.0000000000000000     
 mdl_kAgg =    0.0000000000000000     
 mdl_kHzz =  -0.52481000000000000     
 mdl_kAzz =    0.0000000000000000     
 mdl_kHww =  -0.52481000000000000     
 mdl_kAww =    0.0000000000000000     
 mdl_kHda =    0.0000000000000000     
 mdl_kHdz =  -0.26240500000000000     
 mdl_kHdwR =  -0.26240500000000000     
 mdl_kHdwI =    0.0000000000000000     
 mdl_kHHgg =    1.0000000000000000     
 mdl_kAAgg =    1.0000000000000000     
 mdl_kqa =    1.0000000000000000     
 mdl_kqb =    1.0000000000000000     
 mdl_kla =    1.0000000000000000     
 mdl_klb =    1.0000000000000000     
 mdl_kw1 =    1.0000000000000000     
 mdl_kw2 =    1.0000000000000000     
 mdl_kw3 =    0.0000000000000000     
 mdl_kw4 =    0.0000000000000000     
 mdl_kw5 =    0.0000000000000000     
 mdl_kz1 =    0.0000000000000000     
 mdl_kz3 =    1.0000000000000000     
 mdl_kz5 =    0.0000000000000000     
 mdl_kq =    1.0000000000000000     
 mdl_kq3 =    1.0000000000000000     
 mdl_kl =    1.0000000000000000     
 mdl_kg =    1.0000000000000000     
 mdl_ka =    1.0000000000000000     
 mdl_kz =    1.0000000000000000     
 mdl_kw =    1.0000000000000000     
 mdl_kza =    0.0000000000000000     
 mdl_MZ =    91.187600000000003     
 mdl_MTA =    1.7769999999999999     
 mdl_MT =    172.00000000000000     
 mdl_MB =    4.7000000000000002     
 mdl_MX0 =    600.00000000000000     
 mdl_MX1 =    125.00000000000000     
 mdl_MX2 =    125.00000000000000     
 mdl_WZ =    2.4952000000000001     
 mdl_WW =    2.0850000000000000     
 mdl_WT =    1.5083359999999999     
 mdl_WX0 =   0.15059000000000000     
 mdl_WX1 =    4.0699999999999998E-003
 mdl_WX2 =    4.0699999999999998E-003
  Internal Params
  ---------------------------------
  
 mdl_cos__cabi =   0.97418004031982097     
 mdl_CKM1x1 =  ( 0.97418004031982097     ,  0.0000000000000000     )
 mdl_sin__cabi =   0.22577256042856930     
 mdl_CKM1x2 =  ( 0.22577256042856930     ,  0.0000000000000000     )
 mdl_CKM2x1 =  (-0.22577256042856930     ,  0.0000000000000000     )
 mdl_CKM2x2 =  ( 0.97418004031982097     ,  0.0000000000000000     )
 mdl_ca__exp__2 =    1.0000000000000000     
 mdl_sa =    0.0000000000000000     
 mdl_complexi =  (  0.0000000000000000     ,  1.0000000000000000     )
 mdl_kHdw =  (-0.26240500000000000     ,  0.0000000000000000     )
 mdl_MZ__exp__2 =    8315.1783937600012     
 mdl_MZ__exp__4 =    69142191.720053151     
 mdl_sqrt__2 =    1.4142135623730951     
 mdl_nb__2__exp__0_75 =    1.6817928305074290     
 mdl_MX0__exp__2 =    360000.00000000000     
 mdl_ca__exp__4 =    1.0000000000000000     
 mdl_ca__exp__3 =    1.0000000000000000     
 mdl_conjg__CKM1x1 =  ( 0.97418004031982097     , -0.0000000000000000     )
 mdl_conjg__CKM1x2 =  ( 0.22577256042856930     , -0.0000000000000000     )
 mdl_conjg__CKM2x1 =  (-0.22577256042856930     , -0.0000000000000000     )
 mdl_conjg__CKM2x2 =  ( 0.97418004031982097     , -0.0000000000000000     )
 mdl_conjg__kHdw =  (-0.26240500000000000     , -0.0000000000000000     )
 mdl_aEW =    7.8186082877247844E-003
 mdl_MW =    79.824359746197842     
 mdl_sqrt__aEW =    8.8422894590285753E-002
 mdl_ee =   0.31345100004952897     
 mdl_MW__exp__2 =    6371.9284088904105     
 mdl_sw2 =   0.23369913342182447     
 mdl_cw =   0.87538612427783857     
 mdl_sqrt__sw2 =   0.48342438232036300     
 mdl_sw =   0.48342438232036300     
 mdl_ad =  -0.12747442148678401     
 mdl_al =   -1.2074027013887732E-002
 mdl_an =   0.18517461872323218     
 mdl_au =    6.9774224250335873E-002
 mdl_bd =  -0.18517461872323218     
 mdl_bl =  -0.18517461872323218     
 mdl_bn =   0.18517461872323218     
 mdl_bu =   0.18517461872323218     
 mdl_gwwz =  -0.56759788318358417     
 mdl_g1 =   0.35807170271074895     
 mdl_gw =   0.64839716719502682     
 mdl_vev =    246.22056907348590     
 mdl_ee__exp__2 =    9.8251529432049817E-002
 mdl_gAaa =    1.3477023594718659E-005
 mdl_vev__exp__2 =    60624.568634871241     
 mdl_cw__exp__2 =   0.76630086657817542     
 mdl_gAza =    4.4999802188047602E-006
 mdl_gHaa =    2.6392504539657372E-005
 mdl_gHza =    3.9166441035016922E-005
 mdl_lam =    2.9690932909411916     
 mdl_yb =    2.6995322804122722E-002
 mdl_yt =   0.98791394091683138     
 mdl_ytau =    1.0206529494239589E-002
 mdl_muH =    424.26406871192853     
 mdl_sw__exp__2 =   0.23369913342182450     
  Internal Params evaluated point by point
  ----------------------------------------
  
 mdl_sqrt__aS =   0.34409301068170506     
 mdl_G__exp__2 =    1.4878582807401259     
 mdl_gAAgg =    3.1083017473614446E-007
 mdl_gAgg =    7.6532782508744533E-005
 mdl_gHgg =   -5.1021855005829691E-005
 mdl_gHHgg =    2.0722011649076294E-007
  Couplings of HC_UFO
  ---------------------------------
  
        GC_10 =  -0.00000E+00   0.00000E+00
        GC_13 =  -0.00000E+00  -0.20722E-06
        GC_62 =   0.00000E+00   0.00000E+00
        GC_64 =   0.00000E+00   0.00000E+00
         GC_1 =  -0.00000E+00  -0.10448E+00
         GC_2 =   0.00000E+00   0.20897E+00
         GC_3 =  -0.00000E+00  -0.31345E+00
         GC_9 =  -0.00000E+00  -0.00000E+00
        GC_16 =  -0.00000E+00  -0.00000E+00
        GC_17 =   0.00000E+00  -0.12074E-01
        GC_19 =  -0.00000E+00   0.18517E+00
        GC_21 =   0.00000E+00  -0.12747E+00
        GC_22 =   0.00000E+00   0.69774E-01
        GC_23 =  -0.00000E+00   0.18517E+00
        GC_24 =  -0.00000E+00  -0.18517E+00
        GC_61 =   0.00000E+00   0.00000E+00
        GC_66 =   0.00000E+00   0.00000E+00
        GC_77 =  -0.00000E+00  -0.28380E+00
        GC_78 =   0.00000E+00   0.28380E+00
        GC_89 =  -0.00000E+00  -0.28850E-01
        GC_90 =   0.00000E+00   0.86550E-01
        GC_98 =  -0.00000E+00  -0.21932E+03
       GC_100 =   0.00000E+00   0.33771E+01
       GC_101 =  -0.00000E+00  -0.00000E+00
       GC_102 =   0.00000E+00   0.00000E+00
       GC_105 =  -0.00000E+00  -0.00000E+00
       GC_106 =   0.00000E+00   0.00000E+00
        GC_35 =  -0.00000E+00  -0.20000E-03
        GC_38 =  -0.00000E+00  -0.00000E+00
        GC_40 =   0.00000E+00   0.52481E-04
        GC_42 =   0.00000E+00   0.10496E-03
        GC_43 =   0.00000E+00   0.50000E-04
        GC_45 =   0.00000E+00   0.50000E-04
        GC_49 =   0.00000E+00   0.50000E-04
        GC_56 =  -0.00000E+00  -0.94000E-03
        GC_58 =  -0.00000E+00  -0.35540E-03
        GC_68 =   0.00000E+00   0.00000E+00

 Collider parameters:
 --------------------

 Running at P P   machine @    13000.000000000000       GeV
 PDF set = nn23lo1
 alpha_s(Mz)= 0.1300 running at 2 loops.
 alpha_s(Mz)= 0.1300 running at 2 loops.
 Renormalization scale set on event-by-event basis
 Factorization   scale set on event-by-event basis


 getting user params
Enter number of events and max and min iterations: 
 Number of events and iterations         1000           5           3
Enter desired fractional accuracy: 
 Desired fractional accuracy:   0.10000000000000001     
Enter 0 for fixed, 2 for adjustable grid: 
Suppress amplitude (0 no, 1 yes)? 
 Using suppressed amplitude.
Exact helicity sum (0 yes, n = number/event)? 
 Explicitly summing over helicities
Enter Configuration Number: 
Running Configuration Number:   40
 Using dconfig=         202
 BW Setting            1           1           1           1           2           0
 Attempting mappinvarients           1           8
 Completed mapping           8
 about to integrate           16        1000           5           3          16           1
 Using non-zero grid deformation.
 16 dimensions   1000 events 16 invarients  5 iterations  1 config(s),  (0.99)
 Using h-tuple random number sequence.
 Error opening grid
 Using Uniform Grid!          32
 Using uniform alpha   1.0000000000000000     
 Grid defined OK
 Set CM energy to      13000.00
 Mapping Graph          40  to config          40
 Setting BW          -1           1   91.187600000000003     
 Setting BW          -2           2   91.187600000000003     
 Setting BW          -3           3   600.00000000000000     
 Setting BW          -4           4   91.187600000000003     
Setting grid   5    0.25116E-02   1
 Transforming s_hat 1/s           15   2.5115575576956360E-003   499.70131599999996        168999999.99999997     
  40   1   2   3   4   5   6   7   8   9  10  11  12  13  14
  15  16
 Masses: 0.000E+00 0.000E+00 0.470E+01 0.470E+01 0.178E+01 0.178E+01 0.470E+01 0.470E+01
Using random seed offsets    40 :     10
  with seed                   24
 Ranmar initialization seeds       31098        9407
 
 ********************************************
 * You are using the DiscreteSampler module *
 *      part of the MG5_aMC framework       *
 *         Author: Valentin Hirschi         *
 ********************************************
 
  Particle       3       4       5       6       7       8
      Et >     0.0     0.0     0.0     0.0     0.0     0.0
       E >     0.0     0.0     0.0     0.0     0.0     0.0
     Eta <    -1.0    -1.0    -1.0    -1.0    -1.0    -1.0
   xqcut:      0.0     0.0     0.0     0.0     0.0     0.0
d R # 3  >    -0.0     0.0     0.0     0.0     0.0     0.0
d R # 4  >    -0.0    -0.0     0.0     0.0     0.0     0.0
d R # 5  >    -0.0    -0.0    -0.0     0.0     0.0     0.0
d R # 6  >    -0.0    -0.0    -0.0    -0.0     0.0     0.0
d R # 7  >    -0.0    -0.0    -0.0    -0.0    -0.0     0.0
s min # 3>     0.0    88.4    42.0    42.0    88.4     0.0
s min # 4>     0.0     0.0    42.0    42.0    88.4     0.0
s min # 5>     0.0     0.0     0.0    12.6    42.0     0.0
s min # 6>     0.0     0.0     0.0     0.0    42.0     0.0
s min # 7>     0.0     0.0     0.0     0.0     0.0     0.0
xqcutij # 3>     0.0     0.0     0.0     0.0     0.0     0.0
xqcutij # 4>     0.0     0.0     0.0     0.0     0.0     0.0
xqcutij # 5>     0.0     0.0     0.0     0.0     0.0     0.0
xqcutij # 6>     0.0     0.0     0.0     0.0     0.0     0.0
xqcutij # 7>     0.0     0.0     0.0     0.0     0.0     0.0
 Requiring BW           -1           1
 Requiring BW           -2           2
 Requiring BW           -3           3
 Requiring BW           -4           4
 Excluding BW           -5           5
 alpha_s for scale    379.38341848825962       is   0.10511618645257791     
 Added good helicity            1   28.643775668825363       in event            1 local:           1
 Added good helicity            2  0.10167112736295680       in event            1 local:           1
 Added good helicity            3   9.3632859315561728E-002  in event            1 local:           1
 Added good helicity            4  0.83241382505098771       in event            1 local:           1
 Added good helicity            5   4.0329638594994034E-002  in event            1 local:           1
 Added good helicity            6   1.3120661831186005E-004  in event            1 local:           1
 Added good helicity            7   1.3233440253200034E-004  in event            1 local:           1
 Added good helicity            8   1.2820961260052079E-003  in event            1 local:           1
 Added good helicity            9   3.8935611318426495E-002  in event            1 local:           1
 Added good helicity           10   1.2543905145911733E-004  in event            1 local:           1
 Added good helicity           11   1.3185296973835609E-004  in event            1 local:           1
 Added good helicity           12   1.2679562607256498E-003  in event            1 local:           1
 Added good helicity           13   19.816387366903079       in event            1 local:           1
 Added good helicity           14   6.4240933777270831E-002  in event            1 local:           1
 Added good helicity           15   7.6255362501826476E-002  in event            1 local:           1
 Added good helicity           16  0.71479831584969322       in event            1 local:           1
 Added good helicity           17   9.1899036510494414E-002  in event            1 local:           1
 Added good helicity           18   3.2619577647930445E-004  in event            1 local:           1
 Added good helicity           19   3.0040626125234817E-004  in event            1 local:           1
 Added good helicity           20   2.6706684685936211E-003  in event            1 local:           1
 Added good helicity           21   1.2939128460394021E-004  in event            1 local:           1
 Added good helicity           22   4.2095574082376562E-007  in event            1 local:           1
 Added good helicity           23   4.2457405861890972E-007  in event            1 local:           1
 Added good helicity           24   4.1134032068946111E-006  in event            1 local:           1
 Added good helicity           25   1.2491876795435160E-004  in event            1 local:           1
 Added good helicity           26   4.0245141224274767E-007  in event            1 local:           1
 Added good helicity           27   4.2302945743253048E-007  in event            1 local:           1
 Added good helicity           28   4.0680376792978497E-006  in event            1 local:           1
 Added good helicity           29   6.3577753407667595E-002  in event            1 local:           1
 Added good helicity           30   2.0610690388456635E-004  in event            1 local:           1
 Added good helicity           31   2.4465330352043373E-004  in event            1 local:           1
 Added good helicity           32   2.2933176577487392E-003  in event            1 local:           1
 Added good helicity           33   9.8669915326142721E-002  in event            1 local:           1
 Added good helicity           34   3.5022902162073133E-004  in event            1 local:           1
 Added good helicity           35   3.2253940287858655E-004  in event            1 local:           1
 Added good helicity           36   2.8674362829716896E-003  in event            1 local:           1
 Added good helicity           37   1.3892449345052365E-004  in event            1 local:           1
 Added good helicity           38   4.5197065040384225E-007  in event            1 local:           1
 Added good helicity           39   4.5585555631827166E-007  in event            1 local:           1
 Added good helicity           40   4.4164679145491004E-006  in event            1 local:           1
 Added good helicity           41   1.3412245356124488E-004  in event            1 local:           1
 Added good helicity           42   4.3210297166003204E-007  in event            1 local:           1
 Added good helicity           43   4.5419715298718399E-007  in event            1 local:           1
 Added good helicity           44   4.3677599744371586E-006  in event            1 local:           1
 Added good helicity           45   6.8261994723356728E-002  in event            1 local:           1
 Added good helicity           46   2.2129231738029446E-004  in event            1 local:           1
 Added good helicity           47   2.6267871415458862E-004  in event            1 local:           1
 Added good helicity           48   2.4622832588693760E-003  in event            1 local:           1
 Added good helicity           49  0.72733824362443300       in event            1 local:           1
 Added good helicity           50   2.5816882543167048E-003  in event            1 local:           1
 Added good helicity           51   2.3775762046005147E-003  in event            1 local:           1
 Added good helicity           52   2.1137102052514074E-002  in event            1 local:           1
 Added good helicity           53   1.0240719952857400E-003  in event            1 local:           1
 Added good helicity           54   3.3316694146125865E-006  in event            1 local:           1
 Added good helicity           55   3.3603067214867957E-006  in event            1 local:           1
 Added good helicity           56   3.2555678246748338E-005  in event            1 local:           1
 Added good helicity           57   9.8867410072651409E-004  in event            1 local:           1
 Added good helicity           58   3.1852162377282988E-006  in event            1 local:           1
 Added good helicity           59   3.3480819196100860E-006  in event            1 local:           1
 Added good helicity           60   3.2196631140094995E-005  in event            1 local:           1
 Added good helicity           61  0.50318842561357591       in event            1 local:           1
 Added good helicity           62   1.6312405348575265E-003  in event            1 local:           1
 Added good helicity           63   1.9363174069746305E-003  in event            1 local:           1
 Added good helicity           64   1.8150545431119804E-002  in event            1 local:           1
 Added good helicity          193   110.55114807222100       in event            1 local:           1
 Added good helicity          194  0.39240147617846527       in event            1 local:           1
 Added good helicity          195  0.36137764149179286       in event            1 local:           1
 Added good helicity          196   3.2127155684552737       in event            1 local:           1
 Added good helicity          197  0.15565293834034485       in event            1 local:           1
 Added good helicity          198   5.0639421481143889E-004  in event            1 local:           1
 Added good helicity          199   5.1074691753316627E-004  in event            1 local:           1
 Added good helicity          200   4.9482721938464000E-003  in event            1 local:           1
 Added good helicity          201  0.15027266593316141       in event            1 local:           1
 Added good helicity          202   4.8413419069569594E-004  in event            1 local:           1
 Added good helicity          203   5.0888881933157653E-004  in event            1 local:           1
 Added good helicity          204   4.8936991390119084E-003  in event            1 local:           1
 Added good helicity          205   76.481690102023848       in event            1 local:           1
 Added good helicity          206  0.24793899604646810       in event            1 local:           1
 Added good helicity          207  0.29430889170156721       in event            1 local:           1
 Added good helicity          208   2.7587764745440828       in event            1 local:           1
 Added good helicity          209  0.37253880290861302       in event            1 local:           1
 Added good helicity          210   1.3223270743384621E-003  in event            1 local:           1
 Added good helicity          211   1.2177819616250487E-003  in event            1 local:           1
 Added good helicity          212   1.0826311918319523E-002  in event            1 local:           1
 Added good helicity          213   5.2452426166247116E-004  in event            1 local:           1
 Added good helicity          214   1.7064634594518912E-006  in event            1 local:           1
 Added good helicity          215   1.7211313366259039E-006  in event            1 local:           1
 Added good helicity          216   1.6674846274389121E-005  in event            1 local:           1
 Added good helicity          217   5.0639364721977956E-004  in event            1 local:           1
 Added good helicity          218   1.6314509165574627E-006  in event            1 local:           1
 Added good helicity          219   1.7148698577378266E-006  in event            1 local:           1
 Added good helicity          220   1.6490944244662345E-005  in event            1 local:           1
 Added good helicity          221  0.25773045121541333       in event            1 local:           1
 Added good helicity          222   8.3551277749891026E-004  in event            1 local:           1
 Added good helicity          223   9.9177153843970777E-004  in event            1 local:           1
 Added good helicity          224   9.2966134069244200E-003  in event            1 local:           1
 Added good helicity          225  0.41493815294797975       in event            1 local:           1
 Added good helicity          226   1.4728236348408095E-003  in event            1 local:           1
 Added good helicity          227   1.3563800439172521E-003  in event            1 local:           1
 Added good helicity          228   1.2058475078442203E-002  in event            1 local:           1
 Added good helicity          229   5.8422136596605456E-004  in event            1 local:           1
 Added good helicity          230   1.9006793128926342E-006  in event            1 local:           1
 Added good helicity          231   1.9170165690783907E-006  in event            1 local:           1
 Added good helicity          232   1.8572642258379249E-005  in event            1 local:           1
 Added good helicity          233   5.6402727179404976E-004  in event            1 local:           1
 Added good helicity          234   1.8171294497548073E-006  in event            1 local:           1
 Added good helicity          235   1.9100424593634931E-006  in event            1 local:           1
 Added good helicity          236   1.8367809988713819E-005  in event            1 local:           1
 Added good helicity          237  0.28706324428708391       in event            1 local:           1
 Added good helicity          238   9.3060407655005874E-004  in event            1 local:           1
 Added good helicity          239   1.1046469444083620E-003  in event            1 local:           1
 Added good helicity          240   1.0354678668699451E-002  in event            1 local:           1
 Added good helicity          241   4.5182776467209278       in event            1 local:           1
 Added good helicity          242   1.6037633704167425E-002  in event            1 local:           1
 Added good helicity          243   1.4769674924682076E-002  in event            1 local:           1
 Added good helicity          244  0.13130520298840131       in event            1 local:           1
 Added good helicity          245   6.3616091213287941E-003  in event            1 local:           1
 Added good helicity          246   2.0696570782933826E-005  in event            1 local:           1
 Added good helicity          247   2.0874467799413061E-005  in event            1 local:           1
 Added good helicity          248   2.0223822215524235E-004  in event            1 local:           1
 Added good helicity          249   6.1417148463750416E-003  in event            1 local:           1
 Added good helicity          250   1.9786793081557759E-005  in event            1 local:           1
 Added good helicity          251   2.0798526448137636E-005  in event            1 local:           1
 Added good helicity          252   2.0000779562352627E-004  in event            1 local:           1
 Added good helicity          253   3.1258428048676619       in event            1 local:           1
 Added good helicity          254   1.0133383896251737E-002  in event            1 local:           1
 Added good helicity          255   1.2028543437085685E-002  in event            1 local:           1
 Added good helicity          256  0.11275249777676664       in event            1 local:           1
 Added good helicity            1   28.643775668825349       in event            1 local:           1
 Added good helicity            2  0.10167112736295748       in event            1 local:           1
 Added good helicity            3   9.3632859315562270E-002  in event            1 local:           1
 Added good helicity            4  0.83241382505099160       in event            1 local:           1
 Added good helicity            5   4.0329638594994145E-002  in event            1 local:           1
 Added good helicity            6   1.3120661831186043E-004  in event            1 local:           1
 Added good helicity            7   1.3233440253200064E-004  in event            1 local:           1
 Added good helicity            8   1.2820961260052101E-003  in event            1 local:           1
 Added good helicity            9   3.8935611318426433E-002  in event            1 local:           1
 Added good helicity           10   1.2543905145911800E-004  in event            1 local:           1
 Added good helicity           11   1.3185296973835633E-004  in event            1 local:           1
 Added good helicity           12   1.2679562607256531E-003  in event            1 local:           1
 Added good helicity           13   19.816387366903097       in event            1 local:           1
 Added good helicity           14   6.4240933777271220E-002  in event            1 local:           1
 Added good helicity           15   7.6255362501826782E-002  in event            1 local:           1
 Added good helicity           16  0.71479831584969611       in event            1 local:           1
 Added good helicity           17   9.1899036510494608E-002  in event            1 local:           1
 Added good helicity           18   3.2619577647930733E-004  in event            1 local:           1
 Added good helicity           19   3.0040626125235023E-004  in event            1 local:           1
 Added good helicity           20   2.6706684685936380E-003  in event            1 local:           1
 Added good helicity           21   1.2939128460394089E-004  in event            1 local:           1
 Added good helicity           22   4.2095574082376780E-007  in event            1 local:           1
 Added good helicity           23   4.2457405861891167E-007  in event            1 local:           1
 Added good helicity           24   4.1134032068946289E-006  in event            1 local:           1
 Added good helicity           25   1.2491876795435168E-004  in event            1 local:           1
 Added good helicity           26   4.0245141224275053E-007  in event            1 local:           1
 Added good helicity           27   4.2302945743253207E-007  in event            1 local:           1
 Added good helicity           28   4.0680376792978666E-006  in event            1 local:           1
 Added good helicity           29   6.3577753407667789E-002  in event            1 local:           1
 Added good helicity           30   2.0610690388456811E-004  in event            1 local:           1
 Added good helicity           31   2.4465330352043508E-004  in event            1 local:           1
 Added good helicity           32   2.2933176577487535E-003  in event            1 local:           1
 Added good helicity           33   9.8669915326142804E-002  in event            1 local:           1
 Added good helicity           34   3.5022902162073409E-004  in event            1 local:           1
 Added good helicity           35   3.2253940287858888E-004  in event            1 local:           1
 Added good helicity           36   2.8674362829717091E-003  in event            1 local:           1
 Added good helicity           37   1.3892449345052424E-004  in event            1 local:           1
 Added good helicity           38   4.5197065040384436E-007  in event            1 local:           1
 Added good helicity           39   4.5585555631827287E-007  in event            1 local:           1
 Added good helicity           40   4.4164679145491182E-006  in event            1 local:           1
 Added good helicity           41   1.3412245356124493E-004  in event            1 local:           1
 Added good helicity           42   4.3210297166003538E-007  in event            1 local:           1
 Added good helicity           43   4.5419715298718537E-007  in event            1 local:           1
 Added good helicity           44   4.3677599744371797E-006  in event            1 local:           1
 Added good helicity           45   6.8261994723356922E-002  in event            1 local:           1
 Added good helicity           46   2.2129231738029608E-004  in event            1 local:           1
 Added good helicity           47   2.6267871415459020E-004  in event            1 local:           1
 Added good helicity           48   2.4622832588693895E-003  in event            1 local:           1
 Added good helicity           49  0.72733824362443233       in event            1 local:           1
 Added good helicity           50   2.5816882543167200E-003  in event            1 local:           1
 Added good helicity           51   2.3775762046005268E-003  in event            1 local:           1
 Added good helicity           52   2.1137102052514189E-002  in event            1 local:           1
 Added good helicity           53   1.0240719952857426E-003  in event            1 local:           1
 Added good helicity           54   3.3316694146125958E-006  in event            1 local:           1
 Added good helicity           55   3.3603067214868042E-006  in event            1 local:           1
 Added good helicity           56   3.2555678246748426E-005  in event            1 local:           1
 Added good helicity           57   9.8867410072651278E-004  in event            1 local:           1
 Added good helicity           58   3.1852162377283166E-006  in event            1 local:           1
 Added good helicity           59   3.3480819196100898E-006  in event            1 local:           1
 Added good helicity           60   3.2196631140095076E-005  in event            1 local:           1
 Added good helicity           61  0.50318842561357646       in event            1 local:           1
 Added good helicity           62   1.6312405348575362E-003  in event            1 local:           1
 Added good helicity           63   1.9363174069746386E-003  in event            1 local:           1
 Added good helicity           64   1.8150545431119883E-002  in event            1 local:           1
 Added good helicity          193   110.55114807222094       in event            1 local:           1
 Added good helicity          194  0.39240147617846760       in event            1 local:           1
 Added good helicity          195  0.36137764149179469       in event            1 local:           1
 Added good helicity          196   3.2127155684552884       in event            1 local:           1
 Added good helicity          197  0.15565293834034519       in event            1 local:           1
 Added good helicity          198   5.0639421481144019E-004  in event            1 local:           1
 Added good helicity          199   5.1074691753316725E-004  in event            1 local:           1
 Added good helicity          200   4.9482721938464104E-003  in event            1 local:           1
 Added good helicity          201  0.15027266593316116       in event            1 local:           1
 Added good helicity          202   4.8413419069569849E-004  in event            1 local:           1
 Added good helicity          203   5.0888881933157750E-004  in event            1 local:           1
 Added good helicity          204   4.8936991390119249E-003  in event            1 local:           1
 Added good helicity          205   76.481690102023876       in event            1 local:           1
 Added good helicity          206  0.24793899604646966       in event            1 local:           1
 Added good helicity          207  0.29430889170156854       in event            1 local:           1
 Added good helicity          208   2.7587764745440944       in event            1 local:           1
 Added good helicity          209  0.37253880290861369       in event            1 local:           1
 Added good helicity          210   1.3223270743384730E-003  in event            1 local:           1
 Added good helicity          211   1.2177819616250567E-003  in event            1 local:           1
 Added good helicity          212   1.0826311918319590E-002  in event            1 local:           1
 Added good helicity          213   5.2452426166247365E-004  in event            1 local:           1
 Added good helicity          214   1.7064634594518997E-006  in event            1 local:           1
 Added good helicity          215   1.7211313366259102E-006  in event            1 local:           1
 Added good helicity          216   1.6674846274389202E-005  in event            1 local:           1
 Added good helicity          217   5.0639364721977989E-004  in event            1 local:           1
 Added good helicity          218   1.6314509165574758E-006  in event            1 local:           1
 Added good helicity          219   1.7148698577378319E-006  in event            1 local:           1
 Added good helicity          220   1.6490944244662426E-005  in event            1 local:           1
 Added good helicity          221  0.25773045121541410       in event            1 local:           1
 Added good helicity          222   8.3551277749891633E-004  in event            1 local:           1
 Added good helicity          223   9.9177153843971362E-004  in event            1 local:           1
 Added good helicity          224   9.2966134069244807E-003  in event            1 local:           1
 Added good helicity          225  0.41493815294798009       in event            1 local:           1
 Added good helicity          226   1.4728236348408208E-003  in event            1 local:           1
 Added good helicity          227   1.3563800439172610E-003  in event            1 local:           1
 Added good helicity          228   1.2058475078442274E-002  in event            1 local:           1
 Added good helicity          229   5.8422136596605694E-004  in event            1 local:           1
 Added good helicity          230   1.9006793128926438E-006  in event            1 local:           1
 Added good helicity          231   1.9170165690783966E-006  in event            1 local:           1
 Added good helicity          232   1.8572642258379317E-005  in event            1 local:           1
 Added good helicity          233   5.6402727179404955E-004  in event            1 local:           1
 Added good helicity          234   1.8171294497548194E-006  in event            1 local:           1
 Added good helicity          235   1.9100424593634990E-006  in event            1 local:           1
 Added good helicity          236   1.8367809988713890E-005  in event            1 local:           1
 Added good helicity          237  0.28706324428708452       in event            1 local:           1
 Added good helicity          238   9.3060407655006481E-004  in event            1 local:           1
 Added good helicity          239   1.1046469444083687E-003  in event            1 local:           1
 Added good helicity          240   1.0354678668699517E-002  in event            1 local:           1
 Added good helicity          241   4.5182776467209260       in event            1 local:           1
 Added good helicity          242   1.6037633704167522E-002  in event            1 local:           1
 Added good helicity          243   1.4769674924682143E-002  in event            1 local:           1
 Added good helicity          244  0.13130520298840190       in event            1 local:           1
 Added good helicity          245   6.3616091213288114E-003  in event            1 local:           1
 Added good helicity          246   2.0696570782933894E-005  in event            1 local:           1
 Added good helicity          247   2.0874467799413105E-005  in event            1 local:           1
 Added good helicity          248   2.0223822215524283E-004  in event            1 local:           1
 Added good helicity          249   6.1417148463750312E-003  in event            1 local:           1
 Added good helicity          250   1.9786793081557861E-005  in event            1 local:           1
 Added good helicity          251   2.0798526448137667E-005  in event            1 local:           1
 Added good helicity          252   2.0000779562352684E-004  in event            1 local:           1
 Added good helicity          253   3.1258428048676659       in event            1 local:           1
 Added good helicity          254   1.0133383896251796E-002  in event            1 local:           1
 Added good helicity          255   1.2028543437085733E-002  in event            1 local:           1
 Added good helicity          256  0.11275249777676719       in event            1 local:           1
 RESET CUMULATIVE VARIABLE
 RESET CUMULATIVE VARIABLE
 RESET CUMULATIVE VARIABLE
 Iteration  1   Mean: 0.1075E-05 Abs mean: 0.1075E-05   Fluctuation:  0.197E-06   0.123E-03    82.7%
  1    0.1075E-05 0.1075E-05 +- 0.1965E-06      5.78
 Writing out events   2.6002869588386183E-010   5.7795662333862543     
 Relative summed weights:
  0.2553E+00  0.1521E+00  0.1915E+00  0.4011E+00
 Relative number of events:
  0.2638E+00  0.2263E+00  0.2401E+00  0.2698E+00
 Events:
         267         229         243         273
 Iteration  2   Mean: 0.8462E-06 Abs mean: 0.8462E-06   Fluctuation:  0.590E-07   0.628E-04    91.7%
  2    0.8462E-06 0.8462E-06 +- 0.5904E-07      3.12
 Relative summed weights:
  0.2831E+00  0.2372E+00  0.2278E+00  0.2519E+00
 Relative number of events:
  0.2715E+00  0.2855E+00  0.2250E+00  0.2180E+00
 Events:
         543         571         450         436
 Iteration  3   Mean: 0.9333E-06 Abs mean: 0.9333E-06   Fluctuation:  0.339E-07   0.589E-04    94.5%
  3    0.9333E-06 0.9333E-06 +- 0.3392E-07      2.30
 Relative summed weights:
  0.2947E+00  0.3066E+00  0.1876E+00  0.2111E+00
 Relative number of events:
  0.2810E+00  0.2983E+00  0.2050E+00  0.2157E+00
 Events:
        1124        1193         820         863
 Accuracy:    0.034   0.100   0.032   1.169
 Finished due to accuracy    3.4315556492490761E-002  0.10000000000000001     

 -------------------------------------------------------------------------------
 Accumulated results:   Integral =  0.9196E-06
                        Std dev  =  0.2919E-07
                       Cross sec =  0.9196E-06
             Chi**2 per DoF.     =      1.1687
 -------------------------------------------------------------------------------
 Found          421  events.
 Wrote          125  events.
 Actual xsec    9.1959131746860425E-007
 Correct abs xsec    9.1959131746860425E-007
 Event xsec    9.1959131746860203E-007
 Events wgts > 1:            4
 % Cross section > 1:    7.6629618411512080E-009  0.83330080390986805     
-------------------------------------------------
---------------------------
 Results Last   3 iters: Integral =   0.9196E-06
                     Abs integral =   0.9196E-06
                          Std dev =   0.2919E-07
                  Chi**2 per DoF. =      1.1692
-------------------------------------------------
---------------------------
 Status  0.10000000000000001                4           5

ls status:
events.lhe
ftn26
input_app.txt
results.dat
run1_app.log
