 Process in group number            1
 A PDF is used, so alpha_s(MZ) is going to be modified
 Old value of alpha_s from param_card:   0.11839999999999999     
  ****************************************
 
       NNPDFDriver version 1.0.3
   Grid: NNPDF23_lo_as_0130_qed_mem0.grid
  ****************************************
 New value of alpha_s from PDF nn23lo1:  0.13000000000000000     
 Define smin to   353.44000000000005     
 Define smin to   353.44000000000005     
 Warning: pt or E min of a jet should in general be >0
 Warning: pt or E min of a jet should in general be >0
 Warning: pt or E min of a jet should in general be >0
 Warning: pt or E min of a jet should in general be >0
 *****************************************************
 *               MadGraph/MadEvent                   *
 *        --------------------------------           *
 *          http://madgraph.hep.uiuc.edu             *
 *          http://madgraph.phys.ucl.ac.be           *
 *          http://madgraph.roma2.infn.it            *
 *        --------------------------------           *
 *                                                   *
 *          PARAMETER AND COUPLING VALUES            *
 *                                                   *
 *****************************************************

  External Params
  ---------------------------------
  
 mdl_cabi =   0.22773599999999999     
 aEWM1 =    127.90000000000001     
 mdl_Gf =    1.1663700000000000E-005
 aS =   0.11839999999999999     
 mdl_ymb =    4.7000000000000002     
 mdl_ymt =    172.00000000000000     
 mdl_ymtau =    1.7769999999999999     
 mdl_Lambda =    5000.0000000000000     
 mdl_ca =    1.0000000000000000     
 mdl_kSM =    5.0000000000000003E-002
 mdl_kHtt =    0.0000000000000000     
 mdl_kAtt =    0.0000000000000000     
 mdl_kHbb =    0.0000000000000000     
 mdl_kAbb =    0.0000000000000000     
 mdl_kHll =    0.0000000000000000     
 mdl_kAll =    0.0000000000000000     
 mdl_kHaa =    0.0000000000000000     
 mdl_kAaa =    0.0000000000000000     
 mdl_kHza =    0.0000000000000000     
 mdl_kAza =    0.0000000000000000     
 mdl_kHgg =    0.0000000000000000     
 mdl_kAgg =    0.0000000000000000     
 mdl_kHzz =  -0.52481000000000000     
 mdl_kAzz =    0.0000000000000000     
 mdl_kHww =  -0.52481000000000000     
 mdl_kAww =    0.0000000000000000     
 mdl_kHda =    0.0000000000000000     
 mdl_kHdz =  -0.26240500000000000     
 mdl_kHdwR =  -0.26240500000000000     
 mdl_kHdwI =    0.0000000000000000     
 mdl_kHHgg =    1.0000000000000000     
 mdl_kAAgg =    1.0000000000000000     
 mdl_kqa =    1.0000000000000000     
 mdl_kqb =    1.0000000000000000     
 mdl_kla =    1.0000000000000000     
 mdl_klb =    1.0000000000000000     
 mdl_kw1 =    1.0000000000000000     
 mdl_kw2 =    1.0000000000000000     
 mdl_kw3 =    0.0000000000000000     
 mdl_kw4 =    0.0000000000000000     
 mdl_kw5 =    0.0000000000000000     
 mdl_kz1 =    0.0000000000000000     
 mdl_kz3 =    1.0000000000000000     
 mdl_kz5 =    0.0000000000000000     
 mdl_kq =    1.0000000000000000     
 mdl_kq3 =    1.0000000000000000     
 mdl_kl =    1.0000000000000000     
 mdl_kg =    1.0000000000000000     
 mdl_ka =    1.0000000000000000     
 mdl_kz =    1.0000000000000000     
 mdl_kw =    1.0000000000000000     
 mdl_kza =    0.0000000000000000     
 mdl_MZ =    91.187600000000003     
 mdl_MTA =    1.7769999999999999     
 mdl_MT =    172.00000000000000     
 mdl_MB =    4.7000000000000002     
 mdl_MX0 =    600.00000000000000     
 mdl_MX1 =    125.00000000000000     
 mdl_MX2 =    125.00000000000000     
 mdl_WZ =    2.4952000000000001     
 mdl_WW =    2.0850000000000000     
 mdl_WT =    1.5083359999999999     
 mdl_WX0 =   0.15059000000000000     
 mdl_WX1 =    4.0699999999999998E-003
 mdl_WX2 =    4.0699999999999998E-003
  Internal Params
  ---------------------------------
  
 mdl_cos__cabi =   0.97418004031982097     
 mdl_CKM1x1 =  ( 0.97418004031982097     ,  0.0000000000000000     )
 mdl_sin__cabi =   0.22577256042856930     
 mdl_CKM1x2 =  ( 0.22577256042856930     ,  0.0000000000000000     )
 mdl_CKM2x1 =  (-0.22577256042856930     ,  0.0000000000000000     )
 mdl_CKM2x2 =  ( 0.97418004031982097     ,  0.0000000000000000     )
 mdl_ca__exp__2 =    1.0000000000000000     
 mdl_sa =    0.0000000000000000     
 mdl_complexi =  (  0.0000000000000000     ,  1.0000000000000000     )
 mdl_kHdw =  (-0.26240500000000000     ,  0.0000000000000000     )
 mdl_MZ__exp__2 =    8315.1783937600012     
 mdl_MZ__exp__4 =    69142191.720053151     
 mdl_sqrt__2 =    1.4142135623730951     
 mdl_nb__2__exp__0_75 =    1.6817928305074290     
 mdl_MX0__exp__2 =    360000.00000000000     
 mdl_ca__exp__4 =    1.0000000000000000     
 mdl_ca__exp__3 =    1.0000000000000000     
 mdl_conjg__CKM1x1 =  ( 0.97418004031982097     , -0.0000000000000000     )
 mdl_conjg__CKM1x2 =  ( 0.22577256042856930     , -0.0000000000000000     )
 mdl_conjg__CKM2x1 =  (-0.22577256042856930     , -0.0000000000000000     )
 mdl_conjg__CKM2x2 =  ( 0.97418004031982097     , -0.0000000000000000     )
 mdl_conjg__kHdw =  (-0.26240500000000000     , -0.0000000000000000     )
 mdl_aEW =    7.8186082877247844E-003
 mdl_MW =    79.824359746197842     
 mdl_sqrt__aEW =    8.8422894590285753E-002
 mdl_ee =   0.31345100004952897     
 mdl_MW__exp__2 =    6371.9284088904105     
 mdl_sw2 =   0.23369913342182447     
 mdl_cw =   0.87538612427783857     
 mdl_sqrt__sw2 =   0.48342438232036300     
 mdl_sw =   0.48342438232036300     
 mdl_ad =  -0.12747442148678401     
 mdl_al =   -1.2074027013887732E-002
 mdl_an =   0.18517461872323218     
 mdl_au =    6.9774224250335873E-002
 mdl_bd =  -0.18517461872323218     
 mdl_bl =  -0.18517461872323218     
 mdl_bn =   0.18517461872323218     
 mdl_bu =   0.18517461872323218     
 mdl_gwwz =  -0.56759788318358417     
 mdl_g1 =   0.35807170271074895     
 mdl_gw =   0.64839716719502682     
 mdl_vev =    246.22056907348590     
 mdl_ee__exp__2 =    9.8251529432049817E-002
 mdl_gAaa =    1.3477023594718659E-005
 mdl_vev__exp__2 =    60624.568634871241     
 mdl_cw__exp__2 =   0.76630086657817542     
 mdl_gAza =    4.4999802188047602E-006
 mdl_gHaa =    2.6392504539657372E-005
 mdl_gHza =    3.9166441035016922E-005
 mdl_lam =    2.9690932909411916     
 mdl_yb =    2.6995322804122722E-002
 mdl_yt =   0.98791394091683138     
 mdl_ytau =    1.0206529494239589E-002
 mdl_muH =    424.26406871192853     
 mdl_sw__exp__2 =   0.23369913342182450     
  Internal Params evaluated point by point
  ----------------------------------------
  
 mdl_sqrt__aS =   0.34409301068170506     
 mdl_G__exp__2 =    1.4878582807401259     
 mdl_gAAgg =    3.1083017473614446E-007
 mdl_gAgg =    7.6532782508744533E-005
 mdl_gHgg =   -5.1021855005829691E-005
 mdl_gHHgg =    2.0722011649076294E-007
  Couplings of HC_UFO
  ---------------------------------
  
        GC_10 =  -0.00000E+00   0.00000E+00
        GC_13 =  -0.00000E+00  -0.20722E-06
        GC_62 =   0.00000E+00   0.00000E+00
        GC_64 =   0.00000E+00   0.00000E+00
         GC_1 =  -0.00000E+00  -0.10448E+00
         GC_2 =   0.00000E+00   0.20897E+00
         GC_3 =  -0.00000E+00  -0.31345E+00
         GC_9 =  -0.00000E+00  -0.00000E+00
        GC_16 =  -0.00000E+00  -0.00000E+00
        GC_17 =   0.00000E+00  -0.12074E-01
        GC_19 =  -0.00000E+00   0.18517E+00
        GC_21 =   0.00000E+00  -0.12747E+00
        GC_22 =   0.00000E+00   0.69774E-01
        GC_23 =  -0.00000E+00   0.18517E+00
        GC_24 =  -0.00000E+00  -0.18517E+00
        GC_61 =   0.00000E+00   0.00000E+00
        GC_66 =   0.00000E+00   0.00000E+00
        GC_77 =  -0.00000E+00  -0.28380E+00
        GC_78 =   0.00000E+00   0.28380E+00
        GC_89 =  -0.00000E+00  -0.28850E-01
        GC_90 =   0.00000E+00   0.86550E-01
        GC_98 =  -0.00000E+00  -0.21932E+03
       GC_100 =   0.00000E+00   0.33771E+01
       GC_101 =  -0.00000E+00  -0.00000E+00
       GC_102 =   0.00000E+00   0.00000E+00
       GC_105 =  -0.00000E+00  -0.00000E+00
       GC_106 =   0.00000E+00   0.00000E+00
        GC_35 =  -0.00000E+00  -0.20000E-03
        GC_38 =  -0.00000E+00  -0.00000E+00
        GC_40 =   0.00000E+00   0.52481E-04
        GC_42 =   0.00000E+00   0.10496E-03
        GC_43 =   0.00000E+00   0.50000E-04
        GC_45 =   0.00000E+00   0.50000E-04
        GC_49 =   0.00000E+00   0.50000E-04
        GC_56 =  -0.00000E+00  -0.94000E-03
        GC_58 =  -0.00000E+00  -0.35540E-03
        GC_68 =   0.00000E+00   0.00000E+00

 Collider parameters:
 --------------------

 Running at P P   machine @    13000.000000000000       GeV
 PDF set = nn23lo1
 alpha_s(Mz)= 0.1300 running at 2 loops.
 alpha_s(Mz)= 0.1300 running at 2 loops.
 Renormalization scale set on event-by-event basis
 Factorization   scale set on event-by-event basis


 getting user params
Enter number of events and max and min iterations: 
 Number of events and iterations         1000           5           3
Enter desired fractional accuracy: 
 Desired fractional accuracy:   0.10000000000000001     
Enter 0 for fixed, 2 for adjustable grid: 
Suppress amplitude (0 no, 1 yes)? 
 Using suppressed amplitude.
Exact helicity sum (0 yes, n = number/event)? 
 Explicitly summing over helicities
Enter Configuration Number: 
Running Configuration Number:   22
 Using dconfig=          68
 BW Setting            2           1           1           2           0           0
 Attempting mappinvarients           1           8
 Completed mapping           8
 about to integrate           16        1000           5           3          16           1
 Using non-zero grid deformation.
 16 dimensions   1000 events 16 invarients  5 iterations  1 config(s),  (0.99)
 Using h-tuple random number sequence.
 Error opening grid
 Using Uniform Grid!          32
 Using uniform alpha   1.0000000000000000     
 Grid defined OK
 Set CM energy to      13000.00
 Mapping Graph          22  to config          22
Setting grid   1    0.52284E-06   1
Setting grid   2    0.59172E-08   1
 Setting BW          -3           2   600.00000000000000     
 Setting BW          -4           3   91.187600000000003     
Setting grid   5    0.25116E-02   1
 Transforming s_hat 1/s           15   2.5115575576956360E-003   353.44000000000005        168999999.99999997     
  22   1   2   3   4   5   6   7   8   9  10  11  12  13  14
  15  16
 Masses: 0.000E+00 0.000E+00 0.470E+01 0.470E+01 0.000E+00 0.000E+00 0.470E+01 0.470E+01
Using random seed offsets    22 :      7
  with seed                   24
 Ranmar initialization seeds       31080        9404
 
 ********************************************
 * You are using the DiscreteSampler module *
 *      part of the MG5_aMC framework       *
 *         Author: Valentin Hirschi         *
 ********************************************
 
  Particle       3       4       5       6       7       8
      Et >     0.0     0.0     0.0     0.0     0.0     0.0
       E >     0.0     0.0     0.0     0.0     0.0     0.0
     Eta <    -1.0    -1.0    -1.0    -1.0    -1.0    -1.0
   xqcut:      0.0     0.0     0.0     0.0     0.0     0.0
d R # 3  >    -0.0     0.0     0.0     0.0     0.0     0.0
d R # 4  >    -0.0    -0.0     0.0     0.0     0.0     0.0
d R # 5  >    -0.0    -0.0    -0.0     0.0     0.0     0.0
d R # 6  >    -0.0    -0.0    -0.0    -0.0     0.0     0.0
d R # 7  >    -0.0    -0.0    -0.0    -0.0    -0.0     0.0
s min # 3>     0.0    88.4    22.1    22.1    88.4     0.0
s min # 4>     0.0     0.0    22.1    22.1    88.4     0.0
s min # 5>     0.0     0.0     0.0     0.0    22.1     0.0
s min # 6>     0.0     0.0     0.0     0.0    22.1     0.0
s min # 7>     0.0     0.0     0.0     0.0     0.0     0.0
xqcutij # 3>     0.0     0.0     0.0     0.0     0.0     0.0
xqcutij # 4>     0.0     0.0     0.0     0.0     0.0     0.0
xqcutij # 5>     0.0     0.0     0.0     0.0     0.0     0.0
xqcutij # 6>     0.0     0.0     0.0     0.0     0.0     0.0
xqcutij # 7>     0.0     0.0     0.0     0.0     0.0     0.0
 Excluding BW           -1           1
 Requiring BW           -3           2
 Requiring BW           -4           3
 Excluding BW           -5           4
 alpha_s for scale    204.58231494886576       is   0.11459294694778242     
 Added good helicity            1   7.1036841920491840       in event            1 local:           1
 Added good helicity            2   3.3208352014209408E-002  in event            1 local:           1
 Added good helicity            3   3.3314465870101181E-003  in event            1 local:           1
 Added good helicity            4   8.5051035508198654E-003  in event            1 local:           1
 Added good helicity           13  0.18535312555075800       in event            1 local:           1
 Added good helicity           14   2.6334924344376567E-003  in event            1 local:           1
 Added good helicity           15   1.9277659062108192E-003  in event            1 local:           1
 Added good helicity           16  0.18449830003470466       in event            1 local:           1
 Added good helicity           17   3.9729505887821724E-002  in event            1 local:           1
 Added good helicity           18   1.8572776902865110E-004  in event            1 local:           1
 Added good helicity           19   1.8632124291465931E-005  in event            1 local:           1
 Added good helicity           20   4.7567368208320842E-005  in event            1 local:           1
 Added good helicity           29   1.0366435069195719E-003  in event            1 local:           1
 Added good helicity           30   1.4728604249697548E-005  in event            1 local:           1
 Added good helicity           31   1.0781614842459830E-005  in event            1 local:           1
 Added good helicity           32   1.0318626362537406E-003  in event            1 local:           1
 Added good helicity           33   3.7538968585087151E-002  in event            1 local:           1
 Added good helicity           34   1.7548743008862825E-004  in event            1 local:           1
 Added good helicity           35   1.7604818203016600E-005  in event            1 local:           1
 Added good helicity           36   4.4944680306099169E-005  in event            1 local:           1
 Added good helicity           45   9.7948683656085651E-004  in event            1 local:           1
 Added good helicity           46   1.3916523749193094E-005  in event            1 local:           1
 Added good helicity           47   1.0187156669161371E-005  in event            1 local:           1
 Added good helicity           48   9.7496956533576909E-004  in event            1 local:           1
 Added good helicity           49   1.5619500024344948       in event            1 local:           1
 Added good helicity           50   7.3018146791344373E-003  in event            1 local:           1
 Added good helicity           51   7.3251468731041537E-004  in event            1 local:           1
 Added good helicity           52   1.8700924974645551E-003  in event            1 local:           1
 Added good helicity           61   4.0755234478087460E-002  in event            1 local:           1
 Added good helicity           62   5.7904932189764742E-004  in event            1 local:           1
 Added good helicity           63   4.2387497536409003E-004  in event            1 local:           1
 Added good helicity           64   4.0567276415653462E-002  in event            1 local:           1
 Added good helicity          193   231.45321469732778       in event            1 local:           1
 Added good helicity          194   1.0819990895839695       in event            1 local:           1
 Added good helicity          195  0.10854565058212468       in event            1 local:           1
 Added good helicity          196  0.27711445286013781       in event            1 local:           1
 Added good helicity          205   6.0392010121926401       in event            1 local:           1
 Added good helicity          206   8.5804812454065169E-002  in event            1 local:           1
 Added good helicity          207   6.2810733714175865E-002  in event            1 local:           1
 Added good helicity          208   6.0113489697387754       in event            1 local:           1
 Added good helicity          209  0.15475424598540094       in event            1 local:           1
 Added good helicity          210   7.2344621993876629E-004  in event            1 local:           1
 Added good helicity          211   7.2575791754710231E-005  in event            1 local:           1
 Added good helicity          212   1.8528426256730939E-004  in event            1 local:           1
 Added good helicity          221   4.0379305174841227E-003  in event            1 local:           1
 Added good helicity          222   5.7370812803840870E-005  in event            1 local:           1
 Added good helicity          223   4.1996512117743776E-005  in event            1 local:           1
 Added good helicity          224   4.0193080851504874E-003  in event            1 local:           1
 Added good helicity          225  0.23392058024514989       in event            1 local:           1
 Added good helicity          226   1.0935335471196123E-003  in event            1 local:           1
 Added good helicity          227   1.0970278205235513E-004  in event            1 local:           1
 Added good helicity          228   2.8006858186061288E-004  in event            1 local:           1
 Added good helicity          237   6.1035808331138695E-003  in event            1 local:           1
 Added good helicity          238   8.6719519291744392E-005  in event            1 local:           1
 Added good helicity          239   6.3480316293110554E-005  in event            1 local:           1
 Added good helicity          240   6.0754318789490247E-003  in event            1 local:           1
 Added good helicity          241   1.1417639188952928       in event            1 local:           1
 Added good helicity          242   5.3375258683706480E-003  in event            1 local:           1
 Added good helicity          243   5.3545813805072455E-004  in event            1 local:           1
 Added good helicity          244   1.3670118347410836E-003  in event            1 local:           1
 Added good helicity          253   2.9791514555952723E-002  in event            1 local:           1
 Added good helicity          254   4.2327707159195562E-004  in event            1 local:           1
 Added good helicity          255   3.0984676349372838E-004  in event            1 local:           1
 Added good helicity          256   2.9654119803484293E-002  in event            1 local:           1
 Added good helicity            1   7.1036841920491849       in event            1 local:           1
 Added good helicity            2   3.3208352014209346E-002  in event            1 local:           1
 Added good helicity            3   3.3314465870101203E-003  in event            1 local:           1
 Added good helicity            4   8.5051035508201152E-003  in event            1 local:           1
 Added good helicity           13  0.18535312555076217       in event            1 local:           1
 Added good helicity           14   2.6334924344376337E-003  in event            1 local:           1
 Added good helicity           15   1.9277659062108322E-003  in event            1 local:           1
 Added good helicity           16  0.18449830003470488       in event            1 local:           1
 Added good helicity           17   3.9729505887821738E-002  in event            1 local:           1
 Added good helicity           18   1.8572776902865044E-004  in event            1 local:           1
 Added good helicity           19   1.8632124291465944E-005  in event            1 local:           1
 Added good helicity           20   4.7567368208322123E-005  in event            1 local:           1
 Added good helicity           29   1.0366435069195940E-003  in event            1 local:           1
 Added good helicity           30   1.4728604249697418E-005  in event            1 local:           1
 Added good helicity           31   1.0781614842459901E-005  in event            1 local:           1
 Added good helicity           32   1.0318626362537419E-003  in event            1 local:           1
 Added good helicity           33   3.7538968585087241E-002  in event            1 local:           1
 Added good helicity           34   1.7548743008862793E-004  in event            1 local:           1
 Added good helicity           35   1.7604818203016627E-005  in event            1 local:           1
 Added good helicity           36   4.4944680306100376E-005  in event            1 local:           1
 Added good helicity           45   9.7948683656087711E-004  in event            1 local:           1
 Added good helicity           46   1.3916523749192969E-005  in event            1 local:           1
 Added good helicity           47   1.0187156669161445E-005  in event            1 local:           1
 Added good helicity           48   9.7496956533577115E-004  in event            1 local:           1
 Added good helicity           49   1.5619500024344941       in event            1 local:           1
 Added good helicity           50   7.3018146791344130E-003  in event            1 local:           1
 Added good helicity           51   7.3251468731041515E-004  in event            1 local:           1
 Added good helicity           52   1.8700924974646054E-003  in event            1 local:           1
 Added good helicity           61   4.0755234478088299E-002  in event            1 local:           1
 Added good helicity           62   5.7904932189764243E-004  in event            1 local:           1
 Added good helicity           63   4.2387497536409285E-004  in event            1 local:           1
 Added good helicity           64   4.0567276415653476E-002  in event            1 local:           1
 Added good helicity          193   231.45321469732761       in event            1 local:           1
 Added good helicity          194   1.0819990895839657       in event            1 local:           1
 Added good helicity          195  0.10854565058212449       in event            1 local:           1
 Added good helicity          196  0.27711445286014497       in event            1 local:           1
 Added good helicity          205   6.0392010121927644       in event            1 local:           1
 Added good helicity          206   8.5804812454064183E-002  in event            1 local:           1
 Added good helicity          207   6.2810733714176115E-002  in event            1 local:           1
 Added good helicity          208   6.0113489697387728       in event            1 local:           1
 Added good helicity          209  0.15475424598540094       in event            1 local:           1
 Added good helicity          210   7.2344621993876434E-004  in event            1 local:           1
 Added good helicity          211   7.2575791754710258E-005  in event            1 local:           1
 Added good helicity          212   1.8528426256731459E-004  in event            1 local:           1
 Added good helicity          221   4.0379305174842086E-003  in event            1 local:           1
 Added good helicity          222   5.7370812803840388E-005  in event            1 local:           1
 Added good helicity          223   4.1996512117744068E-005  in event            1 local:           1
 Added good helicity          224   4.0193080851504909E-003  in event            1 local:           1
 Added good helicity          225  0.23392058024514983       in event            1 local:           1
 Added good helicity          226   1.0935335471196090E-003  in event            1 local:           1
 Added good helicity          227   1.0970278205235492E-004  in event            1 local:           1
 Added good helicity          228   2.8006858186062090E-004  in event            1 local:           1
 Added good helicity          237   6.1035808331139970E-003  in event            1 local:           1
 Added good helicity          238   8.6719519291743633E-005  in event            1 local:           1
 Added good helicity          239   6.3480316293110974E-005  in event            1 local:           1
 Added good helicity          240   6.0754318789490299E-003  in event            1 local:           1
 Added good helicity          241   1.1417639188952953       in event            1 local:           1
 Added good helicity          242   5.3375258683706411E-003  in event            1 local:           1
 Added good helicity          243   5.3545813805072606E-004  in event            1 local:           1
 Added good helicity          244   1.3670118347411222E-003  in event            1 local:           1
 Added good helicity          253   2.9791514555953386E-002  in event            1 local:           1
 Added good helicity          254   4.2327707159195232E-004  in event            1 local:           1
 Added good helicity          255   3.0984676349373093E-004  in event            1 local:           1
 Added good helicity          256   2.9654119803484362E-002  in event            1 local:           1
 RESET CUMULATIVE VARIABLE
 RESET CUMULATIVE VARIABLE
 RESET CUMULATIVE VARIABLE
 No points passed cuts!
 Loosen cuts or increase max_events      500000
 Deleting file events.lhe

ls status:
events.lhe
grid_information
input_app.txt
results.dat
run1_app.log
