 Process in group number            1
 A PDF is used, so alpha_s(MZ) is going to be modified
 Old value of alpha_s from param_card:   0.11839999999999999     
  ****************************************
 
       NNPDFDriver version 1.0.3
   Grid: NNPDF23_lo_as_0130_qed_mem0.grid
  ****************************************
 New value of alpha_s from PDF nn23lo1:  0.13000000000000000     
 Define smin to   12.630915999999999     
 Define smin to   12.630915999999999     
 Define smin to   12.630915999999999     
 Define smin to   12.630915999999999     
 Define smin to   12.630915999999999     
 Define smin to   12.630915999999999     
 Define smin to   12.630915999999999     
 Define smin to   12.630915999999999     
 Define smin to   12.630915999999999     
 Define smin to   12.630915999999999     
 Define smin to   12.630915999999999     
 Define smin to   12.630915999999999     
 Define smin to   12.630915999999999     
 Define smin to   12.630915999999999     
 Define smin to   12.630915999999999     
 Define smin to   12.630915999999999     
 Define smin to   12.630915999999999     
 Define smin to   12.630915999999999     
 Define smin to   12.630915999999999     
 Define smin to   12.630915999999999     
 Define smin to   12.630915999999999     
 Define smin to   12.630915999999999     
 Define smin to   12.630915999999999     
 Define smin to   12.630915999999999     
 Define smin to   12.630915999999999     
 Define smin to   12.630915999999999     
 Define smin to   12.630915999999999     
 Define smin to   12.630915999999999     
 Define smin to   12.630915999999999     
 Define smin to   12.630915999999999     
 Define smin to   12.630915999999999     
 Define smin to   12.630915999999999     
 Define smin to   12.630915999999999     
 Define smin to   12.630915999999999     
 Define smin to   12.630915999999999     
 Define smin to   12.630915999999999     
 Define smin to   12.630915999999999     
 Define smin to   12.630915999999999     
 Define smin to   12.630915999999999     
 Define smin to   12.630915999999999     
 Define smin to   12.630915999999999     
 Define smin to   12.630915999999999     
 Define smin to   12.630915999999999     
 Define smin to   12.630915999999999     
 Define smin to   12.630915999999999     
 Define smin to   12.630915999999999     
 Define smin to   12.630915999999999     
 Define smin to   12.630915999999999     
 Define smin to   12.630915999999999     
 Define smin to   12.630915999999999     
 Define smin to   12.630915999999999     
 Define smin to   12.630915999999999     
 Define smin to   12.630915999999999     
 Define smin to   12.630915999999999     
 Define smin to   12.630915999999999     
 Define smin to   12.630915999999999     
 Define smin to   12.630915999999999     
 Define smin to   12.630915999999999     
 Define smin to   12.630915999999999     
 Define smin to   12.630915999999999     
 Define smin to   12.630915999999999     
 Define smin to   12.630915999999999     
 Define smin to   12.630915999999999     
 Define smin to   12.630915999999999     
 Warning: pt or E min of a jet should in general be >0
 Warning: pt or E min of a jet should in general be >0
 Warning: pt or E min of a jet should in general be >0
 Warning: pt or E min of a jet should in general be >0
 *****************************************************
 *               MadGraph/MadEvent                   *
 *        --------------------------------           *
 *          http://madgraph.hep.uiuc.edu             *
 *          http://madgraph.phys.ucl.ac.be           *
 *          http://madgraph.roma2.infn.it            *
 *        --------------------------------           *
 *                                                   *
 *          PARAMETER AND COUPLING VALUES            *
 *                                                   *
 *****************************************************

  External Params
  ---------------------------------
  
 mdl_cabi =   0.22773599999999999     
 aEWM1 =    127.90000000000001     
 mdl_Gf =    1.1663700000000000E-005
 aS =   0.11839999999999999     
 mdl_ymb =    4.7000000000000002     
 mdl_ymt =    172.00000000000000     
 mdl_ymtau =    1.7769999999999999     
 mdl_Lambda =    5000.0000000000000     
 mdl_ca =    1.0000000000000000     
 mdl_kSM =    5.0000000000000003E-002
 mdl_kHtt =    0.0000000000000000     
 mdl_kAtt =    0.0000000000000000     
 mdl_kHbb =    0.0000000000000000     
 mdl_kAbb =    0.0000000000000000     
 mdl_kHll =    0.0000000000000000     
 mdl_kAll =    0.0000000000000000     
 mdl_kHaa =    0.0000000000000000     
 mdl_kAaa =    0.0000000000000000     
 mdl_kHza =    0.0000000000000000     
 mdl_kAza =    0.0000000000000000     
 mdl_kHgg =    0.0000000000000000     
 mdl_kAgg =    0.0000000000000000     
 mdl_kHzz =  -0.52481000000000000     
 mdl_kAzz =    0.0000000000000000     
 mdl_kHww =  -0.52481000000000000     
 mdl_kAww =    0.0000000000000000     
 mdl_kHda =    0.0000000000000000     
 mdl_kHdz =  -0.26240500000000000     
 mdl_kHdwR =  -0.26240500000000000     
 mdl_kHdwI =    0.0000000000000000     
 mdl_kHHgg =    1.0000000000000000     
 mdl_kAAgg =    1.0000000000000000     
 mdl_kqa =    1.0000000000000000     
 mdl_kqb =    1.0000000000000000     
 mdl_kla =    1.0000000000000000     
 mdl_klb =    1.0000000000000000     
 mdl_kw1 =    1.0000000000000000     
 mdl_kw2 =    1.0000000000000000     
 mdl_kw3 =    0.0000000000000000     
 mdl_kw4 =    0.0000000000000000     
 mdl_kw5 =    0.0000000000000000     
 mdl_kz1 =    0.0000000000000000     
 mdl_kz3 =    1.0000000000000000     
 mdl_kz5 =    0.0000000000000000     
 mdl_kq =    1.0000000000000000     
 mdl_kq3 =    1.0000000000000000     
 mdl_kl =    1.0000000000000000     
 mdl_kg =    1.0000000000000000     
 mdl_ka =    1.0000000000000000     
 mdl_kz =    1.0000000000000000     
 mdl_kw =    1.0000000000000000     
 mdl_kza =    0.0000000000000000     
 mdl_MZ =    91.187600000000003     
 mdl_MTA =    1.7769999999999999     
 mdl_MT =    172.00000000000000     
 mdl_MB =    4.7000000000000002     
 mdl_MX0 =    600.00000000000000     
 mdl_MX1 =    125.00000000000000     
 mdl_MX2 =    125.00000000000000     
 mdl_WZ =    2.4952000000000001     
 mdl_WW =    2.0850000000000000     
 mdl_WT =    1.5083359999999999     
 mdl_WX0 =   0.15059000000000000     
 mdl_WX1 =    4.0699999999999998E-003
 mdl_WX2 =    4.0699999999999998E-003
  Internal Params
  ---------------------------------
  
 mdl_cos__cabi =   0.97418004031982097     
 mdl_CKM1x1 =  ( 0.97418004031982097     ,  0.0000000000000000     )
 mdl_sin__cabi =   0.22577256042856930     
 mdl_CKM1x2 =  ( 0.22577256042856930     ,  0.0000000000000000     )
 mdl_CKM2x1 =  (-0.22577256042856930     ,  0.0000000000000000     )
 mdl_CKM2x2 =  ( 0.97418004031982097     ,  0.0000000000000000     )
 mdl_ca__exp__2 =    1.0000000000000000     
 mdl_sa =    0.0000000000000000     
 mdl_complexi =  (  0.0000000000000000     ,  1.0000000000000000     )
 mdl_kHdw =  (-0.26240500000000000     ,  0.0000000000000000     )
 mdl_MZ__exp__2 =    8315.1783937600012     
 mdl_MZ__exp__4 =    69142191.720053151     
 mdl_sqrt__2 =    1.4142135623730951     
 mdl_nb__2__exp__0_75 =    1.6817928305074290     
 mdl_MX0__exp__2 =    360000.00000000000     
 mdl_ca__exp__4 =    1.0000000000000000     
 mdl_ca__exp__3 =    1.0000000000000000     
 mdl_conjg__CKM1x1 =  ( 0.97418004031982097     , -0.0000000000000000     )
 mdl_conjg__CKM1x2 =  ( 0.22577256042856930     , -0.0000000000000000     )
 mdl_conjg__CKM2x1 =  (-0.22577256042856930     , -0.0000000000000000     )
 mdl_conjg__CKM2x2 =  ( 0.97418004031982097     , -0.0000000000000000     )
 mdl_conjg__kHdw =  (-0.26240500000000000     , -0.0000000000000000     )
 mdl_aEW =    7.8186082877247844E-003
 mdl_MW =    79.824359746197842     
 mdl_sqrt__aEW =    8.8422894590285753E-002
 mdl_ee =   0.31345100004952897     
 mdl_MW__exp__2 =    6371.9284088904105     
 mdl_sw2 =   0.23369913342182447     
 mdl_cw =   0.87538612427783857     
 mdl_sqrt__sw2 =   0.48342438232036300     
 mdl_sw =   0.48342438232036300     
 mdl_ad =  -0.12747442148678401     
 mdl_al =   -1.2074027013887732E-002
 mdl_an =   0.18517461872323218     
 mdl_au =    6.9774224250335873E-002
 mdl_bd =  -0.18517461872323218     
 mdl_bl =  -0.18517461872323218     
 mdl_bn =   0.18517461872323218     
 mdl_bu =   0.18517461872323218     
 mdl_gwwz =  -0.56759788318358417     
 mdl_g1 =   0.35807170271074895     
 mdl_gw =   0.64839716719502682     
 mdl_vev =    246.22056907348590     
 mdl_ee__exp__2 =    9.8251529432049817E-002
 mdl_gAaa =    1.3477023594718659E-005
 mdl_vev__exp__2 =    60624.568634871241     
 mdl_cw__exp__2 =   0.76630086657817542     
 mdl_gAza =    4.4999802188047602E-006
 mdl_gHaa =    2.6392504539657372E-005
 mdl_gHza =    3.9166441035016922E-005
 mdl_lam =    2.9690932909411916     
 mdl_yb =    2.6995322804122722E-002
 mdl_yt =   0.98791394091683138     
 mdl_ytau =    1.0206529494239589E-002
 mdl_muH =    424.26406871192853     
 mdl_sw__exp__2 =   0.23369913342182450     
  Internal Params evaluated point by point
  ----------------------------------------
  
 mdl_sqrt__aS =   0.34409301068170506     
 mdl_G__exp__2 =    1.4878582807401259     
 mdl_gAAgg =    3.1083017473614446E-007
 mdl_gAgg =    7.6532782508744533E-005
 mdl_gHgg =   -5.1021855005829691E-005
 mdl_gHHgg =    2.0722011649076294E-007
  Couplings of HC_UFO
  ---------------------------------
  
        GC_10 =  -0.00000E+00   0.00000E+00
        GC_13 =  -0.00000E+00  -0.20722E-06
        GC_62 =   0.00000E+00   0.00000E+00
        GC_64 =   0.00000E+00   0.00000E+00
         GC_1 =  -0.00000E+00  -0.10448E+00
         GC_2 =   0.00000E+00   0.20897E+00
         GC_3 =  -0.00000E+00  -0.31345E+00
         GC_9 =  -0.00000E+00  -0.00000E+00
        GC_16 =  -0.00000E+00  -0.00000E+00
        GC_17 =   0.00000E+00  -0.12074E-01
        GC_19 =  -0.00000E+00   0.18517E+00
        GC_21 =   0.00000E+00  -0.12747E+00
        GC_22 =   0.00000E+00   0.69774E-01
        GC_23 =  -0.00000E+00   0.18517E+00
        GC_24 =  -0.00000E+00  -0.18517E+00
        GC_61 =   0.00000E+00   0.00000E+00
        GC_66 =   0.00000E+00   0.00000E+00
        GC_72 =   0.00000E+00   0.45849E+00
        GC_73 =   0.00000E+00   0.44665E+00
        GC_74 =   0.00000E+00   0.10351E+00
        GC_75 =  -0.00000E+00  -0.10351E+00
        GC_76 =   0.00000E+00   0.44665E+00
        GC_77 =  -0.00000E+00  -0.28380E+00
        GC_78 =   0.00000E+00   0.28380E+00
        GC_89 =  -0.00000E+00  -0.28850E-01
        GC_90 =   0.00000E+00   0.86550E-01
        GC_98 =  -0.00000E+00  -0.21932E+03
        GC_99 =   0.00000E+00   0.25879E+01
       GC_100 =   0.00000E+00   0.33771E+01
       GC_101 =  -0.00000E+00  -0.00000E+00
       GC_102 =   0.00000E+00   0.00000E+00
       GC_105 =  -0.00000E+00  -0.00000E+00
       GC_106 =   0.00000E+00   0.00000E+00
       GC_107 =   0.00000E+00   0.44665E+00
       GC_108 =   0.00000E+00   0.10351E+00
       GC_109 =   0.00000E+00  -0.10351E+00
       GC_110 =   0.00000E+00   0.44665E+00
        GC_35 =  -0.00000E+00  -0.20000E-03
        GC_38 =  -0.00000E+00  -0.00000E+00
        GC_39 =   0.00000E+00   0.52481E-04
        GC_40 =   0.00000E+00   0.52481E-04
        GC_41 =   0.00000E+00   0.10496E-03
        GC_42 =   0.00000E+00   0.10496E-03
        GC_43 =   0.00000E+00   0.50000E-04
        GC_45 =   0.00000E+00   0.50000E-04
        GC_49 =   0.00000E+00   0.50000E-04
        GC_56 =  -0.00000E+00  -0.94000E-03
        GC_58 =  -0.00000E+00  -0.35540E-03
        GC_67 =   0.00000E+00   0.00000E+00
        GC_68 =   0.00000E+00   0.00000E+00
       GC_111 =  -0.00000E+00   0.52481E-04

 Collider parameters:
 --------------------

 Running at P P   machine @    13000.000000000000       GeV
 PDF set = nn23lo1
 alpha_s(Mz)= 0.1300 running at 2 loops.
 alpha_s(Mz)= 0.1300 running at 2 loops.
 Renormalization scale set on event-by-event basis
 Factorization   scale set on event-by-event basis


 getting user params
Enter number of events and max and min iterations: 
 Number of events and iterations         1000           5           3
Enter desired fractional accuracy: 
 Desired fractional accuracy:   0.10000000000000001     
Enter 0 for fixed, 2 for adjustable grid: 
Suppress amplitude (0 no, 1 yes)? 
 Using suppressed amplitude.
Exact helicity sum (0 yes, n = number/event)? 
 Explicitly summing over helicities
Enter Configuration Number: 
Running Configuration Number:    4
 Using dconfig=         205
 BW Setting            1           2           1           1           2           0
 Attempting mappinvarients           1           8
 Completed mapping           8
 about to integrate           16        1000           5           3          16           1
 Using non-zero grid deformation.
 16 dimensions   1000 events 16 invarients  5 iterations  1 config(s),  (0.99)
 Using h-tuple random number sequence.
 Error opening grid
 Using Uniform Grid!          32
 Using uniform alpha   1.0000000000000000     
 Grid defined OK
 Set CM energy to      13000.00
 Mapping Graph           4  to config           4
 Setting BW          -1           1   91.187600000000003     
Setting grid   2    0.74739E-07   1
 Setting BW          -3           3   600.00000000000000     
 Setting BW          -4           4   79.824359746197842     
Setting grid   5    0.24715E-02   1
 Transforming s_hat 1/s           15   2.4715468815858007E-003   12.630915999999999        168999999.99999997     
   4   1   2   3   4   5   6   7   8   9  10  11  12  13  14
  15  16
 Masses: 0.000E+00 0.000E+00 0.000E+00 0.000E+00 0.178E+01 0.178E+01 0.000E+00 0.000E+00
Using random seed offsets     4 :      4
  with seed                   24
 Ranmar initialization seeds       31062        9401
 
 ********************************************
 * You are using the DiscreteSampler module *
 *      part of the MG5_aMC framework       *
 *         Author: Valentin Hirschi         *
 ********************************************
 
  Particle       3       4       5       6       7       8
      Et >     0.0     0.0     0.0     0.0     0.0     0.0
       E >     0.0     0.0     0.0     0.0     0.0     0.0
     Eta <    -1.0    -1.0    -1.0    -1.0    -1.0    -1.0
   xqcut:      0.0     0.0     0.0     0.0     0.0     0.0
d R # 3  >    -0.0     0.0     0.0     0.0     0.0     0.0
d R # 4  >    -0.0    -0.0     0.0     0.0     0.0     0.0
d R # 5  >    -0.0    -0.0    -0.0     0.0     0.0     0.0
d R # 6  >    -0.0    -0.0    -0.0    -0.0     0.0     0.0
d R # 7  >    -0.0    -0.0    -0.0    -0.0    -0.0     0.0
s min # 3>     0.0     0.0     3.2     3.2     0.0     0.0
s min # 4>     0.0     0.0     3.2     3.2     0.0     0.0
s min # 5>     0.0     0.0     0.0    12.6     3.2     0.0
s min # 6>     0.0     0.0     0.0     0.0     3.2     0.0
s min # 7>     0.0     0.0     0.0     0.0     0.0     0.0
xqcutij # 3>     0.0     0.0     0.0     0.0     0.0     0.0
xqcutij # 4>     0.0     0.0     0.0     0.0     0.0     0.0
xqcutij # 5>     0.0     0.0     0.0     0.0     0.0     0.0
xqcutij # 6>     0.0     0.0     0.0     0.0     0.0     0.0
xqcutij # 7>     0.0     0.0     0.0     0.0     0.0     0.0
 Requiring BW           -1           1
 Excluding BW           -2           2
 Requiring BW           -3           3
 Requiring BW           -4           4
 Excluding BW           -5           5
 alpha_s for scale    624.65781270862954       is    9.8555293133239644E-002
 Added good helicity          193   162.97784229533701       in event            1 local:           1
 Added good helicity          196   14.125436677627839       in event            1 local:           1
 Added good helicity          197   1.8470291472631510E-002  in event            1 local:           1
 Added good helicity          200   1.8152124793194818E-002  in event            1 local:           1
 Added good helicity          201  0.10304594828204670       in event            1 local:           1
 Added good helicity          204   6.6300401428883516E-003  in event            1 local:           1
 Added good helicity          205   53.049389297528506       in event            1 local:           1
 Added good helicity          208   25.701033324815889       in event            1 local:           1
 Added good helicity          193   162.97784229533730       in event            1 local:           1
 Added good helicity          196   14.125436677627784       in event            1 local:           1
 Added good helicity          197   1.8470291472632318E-002  in event            1 local:           1
 Added good helicity          200   1.8152124793194842E-002  in event            1 local:           1
 Added good helicity          201  0.10304594828204668       in event            1 local:           1
 Added good helicity          204   6.6300401428886300E-003  in event            1 local:           1
 Added good helicity          205   53.049389297528222       in event            1 local:           1
 Added good helicity          208   25.701033324815917       in event            1 local:           1
 RESET CUMULATIVE VARIABLE
 RESET CUMULATIVE VARIABLE
 RESET CUMULATIVE VARIABLE
 Iteration  1   Mean: 0.1163E-05 Abs mean: 0.1163E-05   Fluctuation:  0.470E-06   0.344E-03    73.9%
  1    0.1163E-05 0.1163E-05 +- 0.4703E-06     12.78
 Writing out events   3.1507374891086564E-010   12.781024733048366     
 Relative summed weights:
  0.3836E-01  0.1111E-01  0.5935E-02  0.4933E-02  0.2482E-01  0.4696E-01  0.1196E-01  0.3006E+00  0.3178E-05  0.3165E-07  0.2041E-03  0.3325E-03  0.9248E-05  0.1924E-02  0.1726E-04  0.1603E-03  0.2691E-03  0.1671E-04  0.2003E-02  0.6344E-08  0.1046E-06  0.1568E-05  0.2274E-01  0.2031E-03  0.4667E-01  0.2534E+00  0.1294E-01  0.1386E-01  0.1148E-01  0.7296E-02  0.1041E+00  0.3884E-01  0.3577E-05  0.0000E+00  0.2446E-05  0.4312E-04  0.7044E-02  0.2114E-03  0.2089E-01  0.1767E-04  0.0000E+00  0.0000E+00  0.0000E+00  0.0000E+00  0.0000E+00  0.0000E+00  0.6607E-03  0.0000E+00  0.0000E+00  0.0000E+00  0.0000E+00  0.0000E+00  0.0000E+00  0.0000E+00  0.0000E+00  0.0000E+00  0.7095E-03  0.1790E-07  0.0000E+00  0.0000E+00  0.1112E-05  0.6537E-08  0.1606E-05  0.6378E-10  0.0000E+00  0.0000E+00  0.0000E+00  0.1466E-09  0.0000E+00  0.0000E+00  0.3967E-05  0.2871E-06  0.0000E+00  0.0000E+00  0.0000E+00  0.0000E+00  0.0000E+00  0.0000E+00  0.0000E+00  0.0000E+00  0.0000E+00  0.0000E+00  0.0000E+00  0.0000E+00  0.0000E+00  0.0000E+00  0.0000E+00  0.0000E+00  0.0000E+00  0.0000E+00  0.0000E+00  0.0000E+00  0.3296E-05  0.0000E+00  0.2111E-05  0.0000E+00  0.2139E-03  0.6400E-04  0.4522E-07  0.4822E-03  0.3877E-02  0.3210E-02  0.3692E-03  0.4173E-06  0.0000E+00  0.3533E-06  0.0000E+00  0.0000E+00  0.0000E+00  0.0000E+00  0.0000E+00  0.0000E+00  0.0000E+00  0.0000E+00  0.0000E+00  0.0000E+00  0.0000E+00  0.0000E+00  0.0000E+00  0.0000E+00  0.1527E-05  0.2729E-04  0.1138E-03  0.9511E-04  0.5799E-03  0.1563E-04  0.4656E-04  0.1453E-03
 Relative number of events:
  0.5055E-01  0.4163E-01  0.3964E-01  0.5550E-01  0.6244E-01  0.6244E-01  0.6739E-01  0.4856E-01  0.9911E-03  0.1982E-02  0.3964E-02  0.2973E-02  0.1982E-02  0.5946E-02  0.4955E-02  0.1982E-02  0.5946E-02  0.1982E-02  0.4955E-02  0.9911E-03  0.3964E-02  0.9911E-03  0.4955E-02  0.6938E-02  0.5253E-01  0.3865E-01  0.3370E-01  0.4856E-01  0.5451E-01  0.6244E-01  0.6541E-01  0.6145E-01  0.1982E-02  0.0000E+00  0.9911E-03  0.1982E-02  0.1982E-02  0.1982E-02  0.1982E-02  0.9911E-03  0.0000E+00  0.0000E+00  0.0000E+00  0.0000E+00  0.0000E+00  0.0000E+00  0.9911E-03  0.0000E+00  0.0000E+00  0.0000E+00  0.0000E+00  0.0000E+00  0.0000E+00  0.0000E+00  0.0000E+00  0.0000E+00  0.9911E-03  0.9911E-03  0.0000E+00  0.0000E+00  0.1982E-02  0.9911E-03  0.3964E-02  0.9911E-03  0.0000E+00  0.0000E+00  0.0000E+00  0.9911E-03  0.0000E+00  0.0000E+00  0.9911E-03  0.9911E-03  0.0000E+00  0.0000E+00  0.0000E+00  0.0000E+00  0.0000E+00  0.0000E+00  0.0000E+00  0.0000E+00  0.0000E+00  0.0000E+00  0.0000E+00  0.0000E+00  0.0000E+00  0.0000E+00  0.0000E+00  0.0000E+00  0.0000E+00  0.0000E+00  0.0000E+00  0.0000E+00  0.9911E-03  0.0000E+00  0.9911E-03  0.0000E+00  0.3964E-02  0.4955E-02  0.2973E-02  0.9911E-02  0.5946E-02  0.3964E-02  0.3964E-02  0.1982E-02  0.0000E+00  0.9911E-03  0.0000E+00  0.0000E+00  0.0000E+00  0.0000E+00  0.0000E+00  0.0000E+00  0.0000E+00  0.0000E+00  0.0000E+00  0.0000E+00  0.0000E+00  0.0000E+00  0.0000E+00  0.0000E+00  0.2973E-02  0.3964E-02  0.7929E-02  0.3964E-02  0.4955E-02  0.3964E-02  0.2973E-02  0.1982E-02
 Events:
          51          42          40          56          63          63          68          49           1           2           4           3           2           6           5           2           6           2           5           1           4           1           5           7          53          39          34          49          55          63          66          62           2           0           1           2           2           2           2           1           0           0           0           0           0           0           1           0           0           0           0           0           0           0           0           0           1           1           0           0           2           1           4           1           0           0           0           1           0           0           1           1           0           0           0           0           0           0           0           0           0           0           0           0           0           0           0           0           0           0           0           0           1           0           1           0           4           5           3          10           6           4           4           2           0           1           0           0           0           0           0           0           0           0           0           0           0           0           0           0           3           4           8           4           5           4           3           2
 Iteration  2   Mean: 0.6893E-06 Abs mean: 0.6893E-06   Fluctuation:  0.776E-07   0.647E-04    85.3%
  2    0.6893E-06 0.6893E-06 +- 0.7755E-07      5.03
 Relative summed weights:
  0.9875E-01  0.9146E-01  0.2967E-01  0.4530E-01  0.5042E-01  0.5132E-01  0.6932E-01  0.5657E-01  0.7676E-06  0.1165E-03  0.1736E-02  0.7225E-03  0.1574E-02  0.9045E-04  0.1131E-03  0.5527E-03  0.4245E-01  0.5288E-03  0.1009E-03  0.9875E-05  0.4517E-03  0.6225E-04  0.2724E-01  0.5292E-04  0.1302E-01  0.7402E-01  0.2922E-01  0.3869E-01  0.9879E-01  0.4540E-01  0.4794E-01  0.2601E-01  0.1535E-05  0.2271E-02  0.0000E+00  0.4186E-04  0.4278E-04  0.1135E-02  0.1067E-04  0.1112E-01  0.0000E+00  0.0000E+00  0.0000E+00  0.0000E+00  0.0000E+00  0.0000E+00  0.0000E+00  0.0000E+00  0.7129E-03  0.0000E+00  0.3835E-03  0.0000E+00  0.0000E+00  0.0000E+00  0.0000E+00  0.0000E+00  0.2225E-04  0.6510E-03  0.2920E-02  0.8112E-02  0.4933E-03  0.1033E-03  0.2426E-02  0.8870E-04  0.0000E+00  0.1536E-04  0.0000E+00  0.2265E-09  0.0000E+00  0.0000E+00  0.9599E-05  0.0000E+00  0.0000E+00  0.0000E+00  0.0000E+00  0.0000E+00  0.0000E+00  0.0000E+00  0.0000E+00  0.0000E+00  0.0000E+00  0.0000E+00  0.0000E+00  0.0000E+00  0.1709E-04  0.0000E+00  0.0000E+00  0.0000E+00  0.0000E+00  0.0000E+00  0.4027E-06  0.1600E-03  0.4895E-04  0.0000E+00  0.3601E-06  0.2433E-04  0.3520E-05  0.1844E-02  0.7171E-02  0.5471E-04  0.8934E-03  0.7512E-04  0.5699E-03  0.4416E-03  0.1807E-02  0.0000E+00  0.0000E+00  0.1070E-04  0.0000E+00  0.0000E+00  0.0000E+00  0.0000E+00  0.0000E+00  0.0000E+00  0.0000E+00  0.0000E+00  0.8894E-05  0.0000E+00  0.0000E+00  0.0000E+00  0.1841E-03  0.1397E-02  0.4055E-02  0.1707E-03  0.7918E-04  0.3446E-02  0.4956E-02  0.3055E-03
 Relative number of events:
  0.5500E-01  0.5250E-01  0.4050E-01  0.3950E-01  0.5650E-01  0.5300E-01  0.6500E-01  0.6150E-01  0.5000E-03  0.1000E-02  0.3000E-02  0.5000E-03  0.2500E-02  0.5500E-02  0.3500E-02  0.5000E-02  0.4500E-02  0.4500E-02  0.1500E-02  0.5000E-03  0.2500E-02  0.4500E-02  0.4000E-02  0.3000E-02  0.4250E-01  0.5100E-01  0.4900E-01  0.4950E-01  0.6550E-01  0.7000E-01  0.5950E-01  0.5900E-01  0.1000E-02  0.2000E-02  0.0000E+00  0.1000E-02  0.3000E-02  0.1500E-02  0.1000E-02  0.5000E-03  0.0000E+00  0.0000E+00  0.0000E+00  0.0000E+00  0.0000E+00  0.0000E+00  0.0000E+00  0.0000E+00  0.5000E-03  0.0000E+00  0.5000E-03  0.0000E+00  0.0000E+00  0.0000E+00  0.0000E+00  0.0000E+00  0.1000E-02  0.1000E-02  0.2000E-02  0.3000E-02  0.1000E-02  0.2000E-02  0.5000E-03  0.1000E-02  0.0000E+00  0.5000E-03  0.0000E+00  0.5000E-03  0.0000E+00  0.0000E+00  0.5000E-03  0.0000E+00  0.0000E+00  0.0000E+00  0.0000E+00  0.0000E+00  0.0000E+00  0.0000E+00  0.0000E+00  0.0000E+00  0.0000E+00  0.0000E+00  0.0000E+00  0.0000E+00  0.5000E-03  0.0000E+00  0.0000E+00  0.0000E+00  0.0000E+00  0.0000E+00  0.5000E-03  0.1500E-02  0.1000E-02  0.0000E+00  0.5000E-03  0.1500E-02  0.1500E-02  0.2000E-02  0.3000E-02  0.1500E-02  0.3500E-02  0.3500E-02  0.2500E-02  0.3500E-02  0.1500E-02  0.0000E+00  0.0000E+00  0.5000E-03  0.0000E+00  0.0000E+00  0.0000E+00  0.0000E+00  0.0000E+00  0.0000E+00  0.0000E+00  0.0000E+00  0.5000E-03  0.0000E+00  0.0000E+00  0.0000E+00  0.1500E-02  0.3000E-02  0.2000E-02  0.4000E-02  0.5000E-02  0.4500E-02  0.8000E-02  0.3000E-02
 Events:
         110         105          81          79         113         106         130         123           1           2           6           1           5          11           7          10           9           9           3           1           5           9           8           6          85         102          98          99         131         140         119         118           2           4           0           2           6           3           2           1           0           0           0           0           0           0           0           0           1           0           1           0           0           0           0           0           2           2           4           6           2           4           1           2           0           1           0           1           0           0           1           0           0           0           0           0           0           0           0           0           0           0           0           0           1           0           0           0           0           0           1           3           2           0           1           3           3           4           6           3           7           7           5           7           3           0           0           1           0           0           0           0           0           0           0           0           1           0           0           0           3           6           4           8          10           9          16           6
 Iteration  3   Mean: 0.6752E-06 Abs mean: 0.6752E-06   Fluctuation:  0.358E-07   0.349E-04    92.5%
  3    0.6752E-06 0.6752E-06 +- 0.3578E-07      3.35
 Relative summed weights:
  0.3011E-01  0.4823E-01  0.6320E-01  0.4554E-01  0.7291E-01  0.5254E-01  0.6455E-01  0.7343E-01  0.1521E-02  0.1069E-03  0.3078E-02  0.6845E-02  0.1670E-02  0.1327E-01  0.8036E-03  0.2994E-02  0.9206E-02  0.1638E-02  0.1221E-02  0.2566E-02  0.1963E-02  0.1794E-02  0.5334E-02  0.1931E-02  0.4047E-01  0.6140E-01  0.5160E-01  0.4874E-01  0.4946E-01  0.6944E-01  0.5335E-01  0.4247E-01  0.3222E-03  0.3004E-03  0.2841E-02  0.7045E-05  0.2379E-02  0.4117E-03  0.1521E-02  0.1276E-02  0.3229E-03  0.0000E+00  0.0000E+00  0.0000E+00  0.0000E+00  0.0000E+00  0.0000E+00  0.0000E+00  0.0000E+00  0.0000E+00  0.0000E+00  0.0000E+00  0.4553E-04  0.0000E+00  0.0000E+00  0.0000E+00  0.5378E-04  0.3201E-03  0.6491E-03  0.1247E-02  0.6405E-03  0.4200E-02  0.7529E-03  0.9900E-03  0.1624E-04  0.8520E-04  0.1487E-05  0.9864E-06  0.1131E-03  0.4267E-08  0.0000E+00  0.4124E-03  0.0000E+00  0.0000E+00  0.0000E+00  0.0000E+00  0.0000E+00  0.0000E+00  0.0000E+00  0.0000E+00  0.0000E+00  0.0000E+00  0.0000E+00  0.0000E+00  0.0000E+00  0.0000E+00  0.0000E+00  0.0000E+00  0.3324E-02  0.4849E-03  0.1266E-02  0.9309E-04  0.6799E-04  0.7234E-04  0.1224E-03  0.2847E-04  0.2360E-02  0.1179E-02  0.1517E-02  0.1080E-02  0.3940E-02  0.2411E-02  0.1007E-02  0.1625E-02  0.0000E+00  0.0000E+00  0.6816E-02  0.0000E+00  0.0000E+00  0.0000E+00  0.1030E-04  0.0000E+00  0.4333E-03  0.6698E-05  0.9998E-04  0.0000E+00  0.0000E+00  0.0000E+00  0.0000E+00  0.6070E-04  0.1523E-02  0.4822E-02  0.1627E-02  0.1671E-03  0.1040E-02  0.2448E-02  0.7628E-02  0.1045E-01
 Relative number of events:
  0.4300E-01  0.4750E-01  0.4525E-01  0.4525E-01  0.6225E-01  0.6775E-01  0.5950E-01  0.5850E-01  0.2750E-02  0.1000E-02  0.2000E-02  0.3750E-02  0.3250E-02  0.6750E-02  0.2500E-02  0.1750E-02  0.4000E-02  0.3000E-02  0.3000E-02  0.3250E-02  0.2750E-02  0.2000E-02  0.2750E-02  0.2750E-02  0.4700E-01  0.4400E-01  0.5025E-01  0.4950E-01  0.6025E-01  0.7225E-01  0.5925E-01  0.5625E-01  0.7500E-03  0.1250E-02  0.1500E-02  0.5000E-03  0.2750E-02  0.1000E-02  0.1000E-02  0.1250E-02  0.2500E-03  0.0000E+00  0.0000E+00  0.0000E+00  0.0000E+00  0.0000E+00  0.0000E+00  0.0000E+00  0.0000E+00  0.0000E+00  0.0000E+00  0.0000E+00  0.2500E-03  0.0000E+00  0.0000E+00  0.0000E+00  0.1250E-02  0.1500E-02  0.1250E-02  0.2250E-02  0.7500E-03  0.2500E-02  0.3000E-02  0.1750E-02  0.2500E-03  0.2500E-03  0.2500E-03  0.2500E-03  0.2500E-03  0.2500E-03  0.0000E+00  0.5000E-03  0.0000E+00  0.0000E+00  0.0000E+00  0.0000E+00  0.0000E+00  0.0000E+00  0.0000E+00  0.0000E+00  0.0000E+00  0.0000E+00  0.0000E+00  0.0000E+00  0.0000E+00  0.0000E+00  0.0000E+00  0.0000E+00  0.7500E-03  0.5000E-03  0.7500E-03  0.5000E-03  0.2500E-03  0.2500E-03  0.5000E-03  0.5000E-03  0.2750E-02  0.2000E-02  0.2750E-02  0.2500E-02  0.4750E-02  0.3500E-02  0.3750E-02  0.4000E-02  0.0000E+00  0.0000E+00  0.5000E-03  0.0000E+00  0.0000E+00  0.0000E+00  0.5000E-03  0.0000E+00  0.5000E-03  0.2500E-03  0.2500E-03  0.0000E+00  0.0000E+00  0.0000E+00  0.0000E+00  0.2500E-03  0.3500E-02  0.3250E-02  0.2500E-02  0.1000E-02  0.3500E-02  0.3000E-02  0.4250E-02  0.5000E-02
 Events:
         172         190         181         181         249         271         238         234          11           4           8          15          13          27          10           7          16          12          12          13          11           8          11          11         188         176         201         198         241         289         237         225           3           5           6           2          11           4           4           5           1           0           0           0           0           0           0           0           0           0           0           0           1           0           0           0           5           6           5           9           3          10          12           7           1           1           1           1           1           1           0           2           0           0           0           0           0           0           0           0           0           0           0           0           0           0           0           0           3           2           3           2           1           1           2           2          11           8          11          10          19          14          15          16           0           0           2           0           0           0           2           0           2           1           1           0           0           0           0           1          14          13          10           4          14          12          17          20
 Accuracy:    0.059   0.100   0.048   1.533
 Finished due to accuracy    5.8943808687785600E-002  0.10000000000000001     

 -------------------------------------------------------------------------------
 Accumulated results:   Integral =  0.6845E-06
                        Std dev  =  0.3258E-07
                       Cross sec =  0.6845E-06
             Chi**2 per DoF.     =      1.5333
 -------------------------------------------------------------------------------
 Found          339  events.
 Wrote          103  events.
 Actual xsec    6.8451178910770835E-007
 Correct abs xsec    6.8451178910770835E-007
 Event xsec    6.8451178910770623E-007
 Events wgts > 1:            6
 % Cross section > 1:    5.3883034985250021E-009  0.78717468190707318     
-------------------------------------------------
---------------------------
 Results Last   3 iters: Integral =   0.6845E-06
                     Abs integral =   0.6845E-06
                          Std dev =   0.3258E-07
                  Chi**2 per DoF. =      0.5543
-------------------------------------------------
---------------------------
 Status  0.10000000000000001                4           5

ls status:
events.lhe
ftn26
input_app.txt
results.dat
run1_app.log
