 Process in group number            1
 A PDF is used, so alpha_s(MZ) is going to be modified
 Old value of alpha_s from param_card:   0.11839999999999999     
  ****************************************
 
       NNPDFDriver version 1.0.3
   Grid: NNPDF23_lo_as_0130_qed_mem0.grid
  ****************************************
 New value of alpha_s from PDF nn23lo1:  0.13000000000000000     
 Define smin to   167.80611599999997     
 Define smin to   167.80611599999997     
 Define smin to   167.80611599999997     
 Define smin to   167.80611599999997     
 Warning: pt or E min of a jet should in general be >0
 Warning: pt or E min of a jet should in general be >0
 Warning: pt or E min of a jet should in general be >0
 Warning: pt or E min of a jet should in general be >0
 *****************************************************
 *               MadGraph/MadEvent                   *
 *        --------------------------------           *
 *          http://madgraph.hep.uiuc.edu             *
 *          http://madgraph.phys.ucl.ac.be           *
 *          http://madgraph.roma2.infn.it            *
 *        --------------------------------           *
 *                                                   *
 *          PARAMETER AND COUPLING VALUES            *
 *                                                   *
 *****************************************************

  External Params
  ---------------------------------
  
 mdl_cabi =   0.22773599999999999     
 aEWM1 =    127.90000000000001     
 mdl_Gf =    1.1663700000000000E-005
 aS =   0.11839999999999999     
 mdl_ymb =    4.7000000000000002     
 mdl_ymt =    172.00000000000000     
 mdl_ymtau =    1.7769999999999999     
 mdl_Lambda =    5000.0000000000000     
 mdl_ca =    1.0000000000000000     
 mdl_kSM =    5.0000000000000003E-002
 mdl_kHtt =    0.0000000000000000     
 mdl_kAtt =    0.0000000000000000     
 mdl_kHbb =    0.0000000000000000     
 mdl_kAbb =    0.0000000000000000     
 mdl_kHll =    0.0000000000000000     
 mdl_kAll =    0.0000000000000000     
 mdl_kHaa =    0.0000000000000000     
 mdl_kAaa =    0.0000000000000000     
 mdl_kHza =    0.0000000000000000     
 mdl_kAza =    0.0000000000000000     
 mdl_kHgg =    0.0000000000000000     
 mdl_kAgg =    0.0000000000000000     
 mdl_kHzz =  -0.52481000000000000     
 mdl_kAzz =    0.0000000000000000     
 mdl_kHww =  -0.52481000000000000     
 mdl_kAww =    0.0000000000000000     
 mdl_kHda =    0.0000000000000000     
 mdl_kHdz =  -0.26240500000000000     
 mdl_kHdwR =  -0.26240500000000000     
 mdl_kHdwI =    0.0000000000000000     
 mdl_kHHgg =    1.0000000000000000     
 mdl_kAAgg =    1.0000000000000000     
 mdl_kqa =    1.0000000000000000     
 mdl_kqb =    1.0000000000000000     
 mdl_kla =    1.0000000000000000     
 mdl_klb =    1.0000000000000000     
 mdl_kw1 =    1.0000000000000000     
 mdl_kw2 =    1.0000000000000000     
 mdl_kw3 =    0.0000000000000000     
 mdl_kw4 =    0.0000000000000000     
 mdl_kw5 =    0.0000000000000000     
 mdl_kz1 =    0.0000000000000000     
 mdl_kz3 =    1.0000000000000000     
 mdl_kz5 =    0.0000000000000000     
 mdl_kq =    1.0000000000000000     
 mdl_kq3 =    1.0000000000000000     
 mdl_kl =    1.0000000000000000     
 mdl_kg =    1.0000000000000000     
 mdl_ka =    1.0000000000000000     
 mdl_kz =    1.0000000000000000     
 mdl_kw =    1.0000000000000000     
 mdl_kza =    0.0000000000000000     
 mdl_MZ =    91.187600000000003     
 mdl_MTA =    1.7769999999999999     
 mdl_MT =    172.00000000000000     
 mdl_MB =    4.7000000000000002     
 mdl_MX0 =    600.00000000000000     
 mdl_MX1 =    125.00000000000000     
 mdl_MX2 =    125.00000000000000     
 mdl_WZ =    2.4952000000000001     
 mdl_WW =    2.0850000000000000     
 mdl_WT =    1.5083359999999999     
 mdl_WX0 =   0.15059000000000000     
 mdl_WX1 =    4.0699999999999998E-003
 mdl_WX2 =    4.0699999999999998E-003
  Internal Params
  ---------------------------------
  
 mdl_cos__cabi =   0.97418004031982097     
 mdl_CKM1x1 =  ( 0.97418004031982097     ,  0.0000000000000000     )
 mdl_sin__cabi =   0.22577256042856930     
 mdl_CKM1x2 =  ( 0.22577256042856930     ,  0.0000000000000000     )
 mdl_CKM2x1 =  (-0.22577256042856930     ,  0.0000000000000000     )
 mdl_CKM2x2 =  ( 0.97418004031982097     ,  0.0000000000000000     )
 mdl_ca__exp__2 =    1.0000000000000000     
 mdl_sa =    0.0000000000000000     
 mdl_complexi =  (  0.0000000000000000     ,  1.0000000000000000     )
 mdl_kHdw =  (-0.26240500000000000     ,  0.0000000000000000     )
 mdl_MZ__exp__2 =    8315.1783937600012     
 mdl_MZ__exp__4 =    69142191.720053151     
 mdl_sqrt__2 =    1.4142135623730951     
 mdl_nb__2__exp__0_75 =    1.6817928305074290     
 mdl_MX0__exp__2 =    360000.00000000000     
 mdl_ca__exp__4 =    1.0000000000000000     
 mdl_ca__exp__3 =    1.0000000000000000     
 mdl_conjg__CKM1x1 =  ( 0.97418004031982097     , -0.0000000000000000     )
 mdl_conjg__CKM1x2 =  ( 0.22577256042856930     , -0.0000000000000000     )
 mdl_conjg__CKM2x1 =  (-0.22577256042856930     , -0.0000000000000000     )
 mdl_conjg__CKM2x2 =  ( 0.97418004031982097     , -0.0000000000000000     )
 mdl_conjg__kHdw =  (-0.26240500000000000     , -0.0000000000000000     )
 mdl_aEW =    7.8186082877247844E-003
 mdl_MW =    79.824359746197842     
 mdl_sqrt__aEW =    8.8422894590285753E-002
 mdl_ee =   0.31345100004952897     
 mdl_MW__exp__2 =    6371.9284088904105     
 mdl_sw2 =   0.23369913342182447     
 mdl_cw =   0.87538612427783857     
 mdl_sqrt__sw2 =   0.48342438232036300     
 mdl_sw =   0.48342438232036300     
 mdl_ad =  -0.12747442148678401     
 mdl_al =   -1.2074027013887732E-002
 mdl_an =   0.18517461872323218     
 mdl_au =    6.9774224250335873E-002
 mdl_bd =  -0.18517461872323218     
 mdl_bl =  -0.18517461872323218     
 mdl_bn =   0.18517461872323218     
 mdl_bu =   0.18517461872323218     
 mdl_gwwz =  -0.56759788318358417     
 mdl_g1 =   0.35807170271074895     
 mdl_gw =   0.64839716719502682     
 mdl_vev =    246.22056907348590     
 mdl_ee__exp__2 =    9.8251529432049817E-002
 mdl_gAaa =    1.3477023594718659E-005
 mdl_vev__exp__2 =    60624.568634871241     
 mdl_cw__exp__2 =   0.76630086657817542     
 mdl_gAza =    4.4999802188047602E-006
 mdl_gHaa =    2.6392504539657372E-005
 mdl_gHza =    3.9166441035016922E-005
 mdl_lam =    2.9690932909411916     
 mdl_yb =    2.6995322804122722E-002
 mdl_yt =   0.98791394091683138     
 mdl_ytau =    1.0206529494239589E-002
 mdl_muH =    424.26406871192853     
 mdl_sw__exp__2 =   0.23369913342182450     
  Internal Params evaluated point by point
  ----------------------------------------
  
 mdl_sqrt__aS =   0.34409301068170506     
 mdl_G__exp__2 =    1.4878582807401259     
 mdl_gAAgg =    3.1083017473614446E-007
 mdl_gAgg =    7.6532782508744533E-005
 mdl_gHgg =   -5.1021855005829691E-005
 mdl_gHHgg =    2.0722011649076294E-007
  Couplings of HC_UFO
  ---------------------------------
  
        GC_10 =  -0.00000E+00   0.00000E+00
        GC_13 =  -0.00000E+00  -0.20722E-06
        GC_62 =   0.00000E+00   0.00000E+00
        GC_64 =   0.00000E+00   0.00000E+00
         GC_1 =  -0.00000E+00  -0.10448E+00
         GC_2 =   0.00000E+00   0.20897E+00
         GC_3 =  -0.00000E+00  -0.31345E+00
         GC_9 =  -0.00000E+00  -0.00000E+00
        GC_16 =  -0.00000E+00  -0.00000E+00
        GC_17 =   0.00000E+00  -0.12074E-01
        GC_19 =  -0.00000E+00   0.18517E+00
        GC_21 =   0.00000E+00  -0.12747E+00
        GC_22 =   0.00000E+00   0.69774E-01
        GC_23 =  -0.00000E+00   0.18517E+00
        GC_24 =  -0.00000E+00  -0.18517E+00
        GC_61 =   0.00000E+00   0.00000E+00
        GC_66 =   0.00000E+00   0.00000E+00
        GC_77 =  -0.00000E+00  -0.28380E+00
        GC_78 =   0.00000E+00   0.28380E+00
        GC_89 =  -0.00000E+00  -0.28850E-01
        GC_90 =   0.00000E+00   0.86550E-01
        GC_98 =  -0.00000E+00  -0.21932E+03
       GC_100 =   0.00000E+00   0.33771E+01
       GC_101 =  -0.00000E+00  -0.00000E+00
       GC_102 =   0.00000E+00   0.00000E+00
       GC_105 =  -0.00000E+00  -0.00000E+00
       GC_106 =   0.00000E+00   0.00000E+00
        GC_35 =  -0.00000E+00  -0.20000E-03
        GC_38 =  -0.00000E+00  -0.00000E+00
        GC_40 =   0.00000E+00   0.52481E-04
        GC_42 =   0.00000E+00   0.10496E-03
        GC_43 =   0.00000E+00   0.50000E-04
        GC_45 =   0.00000E+00   0.50000E-04
        GC_49 =   0.00000E+00   0.50000E-04
        GC_56 =  -0.00000E+00  -0.94000E-03
        GC_58 =  -0.00000E+00  -0.35540E-03
        GC_68 =   0.00000E+00   0.00000E+00

 Collider parameters:
 --------------------

 Running at P P   machine @    13000.000000000000       GeV
 PDF set = nn23lo1
 alpha_s(Mz)= 0.1300 running at 2 loops.
 alpha_s(Mz)= 0.1300 running at 2 loops.
 Renormalization scale set on event-by-event basis
 Factorization   scale set on event-by-event basis


 getting user params
Enter number of events and max and min iterations: 
 Number of events and iterations         1000           5           3
Enter desired fractional accuracy: 
 Desired fractional accuracy:   0.10000000000000001     
Enter 0 for fixed, 2 for adjustable grid: 
Suppress amplitude (0 no, 1 yes)? 
 Using suppressed amplitude.
Exact helicity sum (0 yes, n = number/event)? 
 Explicitly summing over helicities
Enter Configuration Number: 
Running Configuration Number:   14
 Using dconfig=          67
 BW Setting            1           1           1           2           0           0
 Attempting mappinvarients           1           8
 Completed mapping           8
 about to integrate           16        1000           5           3          16           1
 Using non-zero grid deformation.
 16 dimensions   1000 events 16 invarients  5 iterations  1 config(s),  (0.99)
 Using h-tuple random number sequence.
 Error opening grid
 Using Uniform Grid!          32
 Using uniform alpha   1.0000000000000000     
 Grid defined OK
 Set CM energy to      13000.00
 Mapping Graph          14  to config          14
 Setting BW          -1           1   91.187600000000003     
Setting grid   2    0.74739E-07   1
 Setting BW          -3           2   600.00000000000000     
 Setting BW          -4           3   91.187600000000003     
Setting grid   5    0.25116E-02   1
 Transforming s_hat 1/s           15   2.5115575576956360E-003   167.80611599999997        168999999.99999997     
  14   1   2   3   4   5   6   7   8   9  10  11  12  13  14
  15  16
 Masses: 0.000E+00 0.000E+00 0.470E+01 0.470E+01 0.178E+01 0.178E+01 0.000E+00 0.000E+00
Using random seed offsets    14 :      9
  with seed                   24
 Ranmar initialization seeds       31072        9406
 
 ********************************************
 * You are using the DiscreteSampler module *
 *      part of the MG5_aMC framework       *
 *         Author: Valentin Hirschi         *
 ********************************************
 
  Particle       3       4       5       6       7       8
      Et >     0.0     0.0     0.0     0.0     0.0     0.0
       E >     0.0     0.0     0.0     0.0     0.0     0.0
     Eta <    -1.0    -1.0    -1.0    -1.0    -1.0    -1.0
   xqcut:      0.0     0.0     0.0     0.0     0.0     0.0
d R # 3  >    -0.0     0.0     0.0     0.0     0.0     0.0
d R # 4  >    -0.0    -0.0     0.0     0.0     0.0     0.0
d R # 5  >    -0.0    -0.0    -0.0     0.0     0.0     0.0
d R # 6  >    -0.0    -0.0    -0.0    -0.0     0.0     0.0
d R # 7  >    -0.0    -0.0    -0.0    -0.0    -0.0     0.0
s min # 3>     0.0    88.4    42.0    42.0    22.1     0.0
s min # 4>     0.0     0.0    42.0    42.0    22.1     0.0
s min # 5>     0.0     0.0     0.0    12.6     3.2     0.0
s min # 6>     0.0     0.0     0.0     0.0     3.2     0.0
s min # 7>     0.0     0.0     0.0     0.0     0.0     0.0
xqcutij # 3>     0.0     0.0     0.0     0.0     0.0     0.0
xqcutij # 4>     0.0     0.0     0.0     0.0     0.0     0.0
xqcutij # 5>     0.0     0.0     0.0     0.0     0.0     0.0
xqcutij # 6>     0.0     0.0     0.0     0.0     0.0     0.0
xqcutij # 7>     0.0     0.0     0.0     0.0     0.0     0.0
 Requiring BW           -1           1
 Requiring BW           -3           2
 Requiring BW           -4           3
 Excluding BW           -5           4
 alpha_s for scale    649.52971007720510       is    9.8076618806795940E-002
 Added good helicity            1   16.904236859935960       in event            1 local:           1
 Added good helicity            4   4.6256444238574792       in event            1 local:           1
 Added good helicity            5   3.0855083534153546E-004  in event            1 local:           1
 Added good helicity            8   4.0790412052065093E-002  in event            1 local:           1
 Added good helicity            9  0.29214671099102946       in event            1 local:           1
 Added good helicity           12   9.9910821134366012E-005  in event            1 local:           1
 Added good helicity           13   17.377732138550019       in event            1 local:           1
 Added good helicity           16   2.6655962511060989       in event            1 local:           1
 Added good helicity           17   7.2851591081650541E-002  in event            1 local:           1
 Added good helicity           20   1.9934975997328672E-002  in event            1 local:           1
 Added good helicity           21   1.3297506104802875E-006  in event            1 local:           1
 Added good helicity           24   1.7579299459013451E-004  in event            1 local:           1
 Added good helicity           25   1.2590543365734786E-003  in event            1 local:           1
 Added good helicity           28   4.3058212838721039E-007  in event            1 local:           1
 Added good helicity           29   7.4892196919257956E-002  in event            1 local:           1
 Added good helicity           32   1.1487825784943347E-002  in event            1 local:           1
 Added good helicity           33   7.4100106240741342E-002  in event            1 local:           1
 Added good helicity           36   2.0276617399516871E-002  in event            1 local:           1
 Added good helicity           37   1.3525395951866627E-006  in event            1 local:           1
 Added good helicity           40   1.7880569774938004E-004  in event            1 local:           1
 Added good helicity           41   1.2806317434906351E-003  in event            1 local:           1
 Added good helicity           44   4.3796135383092786E-007  in event            1 local:           1
 Added good helicity           45   7.6175683549584386E-002  in event            1 local:           1
 Added good helicity           48   1.1684701713451495E-002  in event            1 local:           1
 Added good helicity           49  0.53767414958531534       in event            1 local:           1
 Added good helicity           52  0.14712816984812696       in event            1 local:           1
 Added good helicity           53   9.8140962748393051E-006  in event            1 local:           1
 Added good helicity           56   1.2974232609878249E-003  in event            1 local:           1
 Added good helicity           57   9.2923292360234822E-003  in event            1 local:           1
 Added good helicity           60   3.1778699170448260E-006  in event            1 local:           1
 Added good helicity           61  0.55273464438143749       in event            1 local:           1
 Added good helicity           64   8.4784791489055475E-002  in event            1 local:           1
 Added good helicity          193   82.330112488517557       in event            1 local:           1
 Added good helicity          196   22.528661240582792       in event            1 local:           1
 Added good helicity          197   1.5027608281034759E-003  in event            1 local:           1
 Added good helicity          200  0.19866494066104937       in event            1 local:           1
 Added good helicity          201   1.4228664552167782       in event            1 local:           1
 Added good helicity          204   4.8660399229898588E-004  in event            1 local:           1
 Added good helicity          205   84.636215974529932       in event            1 local:           1
 Added good helicity          208   12.982475400747974       in event            1 local:           1
 Added good helicity          209  0.35448935926734448       in event            1 local:           1
 Added good helicity          212   9.7001819224273131E-002  in event            1 local:           1
 Added good helicity          213   6.4704481384106194E-006  in event            1 local:           1
 Added good helicity          216   8.5539306816375836E-004  in event            1 local:           1
 Added good helicity          217   6.1264463607181418E-003  in event            1 local:           1
 Added good helicity          220   2.0951743199799104E-006  in event            1 local:           1
 Added good helicity          221  0.36441876568318948       in event            1 local:           1
 Added good helicity          224   5.5898737987963562E-002  in event            1 local:           1
 Added good helicity          225  0.36151295718237447       in event            1 local:           1
 Added good helicity          228   9.8923743698017055E-002  in event            1 local:           1
 Added good helicity          229   6.5986489570421783E-006  in event            1 local:           1
 Added good helicity          232   8.7234121290498065E-004  in event            1 local:           1
 Added good helicity          233   6.2478313748540112E-003  in event            1 local:           1
 Added good helicity          236   2.1366866012394933E-006  in event            1 local:           1
 Added good helicity          237  0.37163909773530024       in event            1 local:           1
 Added good helicity          240   5.7006275490348729E-002  in event            1 local:           1
 Added good helicity          241   2.6301228880146099       in event            1 local:           1
 Added good helicity          244  0.71970201150215041       in event            1 local:           1
 Added good helicity          245   4.8007290768101182E-005  in event            1 local:           1
 Added good helicity          248   6.3465625356890418E-003  in event            1 local:           1
 Added good helicity          249   4.5454980168717712E-002  in event            1 local:           1
 Added good helicity          252   1.5545081366472592E-005  in event            1 local:           1
 Added good helicity          253   2.7037938132369872       in event            1 local:           1
 Added good helicity          256  0.41473896564098711       in event            1 local:           1
 Added good helicity            1   16.904236859935992       in event            1 local:           1
 Added good helicity            4   4.6256444238574685       in event            1 local:           1
 Added good helicity            5   3.0855083534153812E-004  in event            1 local:           1
 Added good helicity            8   4.0790412052065163E-002  in event            1 local:           1
 Added good helicity            9  0.29214671099103012       in event            1 local:           1
 Added good helicity           12   9.9910821134365592E-005  in event            1 local:           1
 Added good helicity           13   17.377732138550012       in event            1 local:           1
 Added good helicity           16   2.6655962511061038       in event            1 local:           1
 Added good helicity           17   7.2851591081650430E-002  in event            1 local:           1
 Added good helicity           20   1.9934975997328578E-002  in event            1 local:           1
 Added good helicity           21   1.3297506104802958E-006  in event            1 local:           1
 Added good helicity           24   1.7579299459013451E-004  in event            1 local:           1
 Added good helicity           25   1.2590543365734786E-003  in event            1 local:           1
 Added good helicity           28   4.3058212838720758E-007  in event            1 local:           1
 Added good helicity           29   7.4892196919257692E-002  in event            1 local:           1
 Added good helicity           32   1.1487825784943341E-002  in event            1 local:           1
 Added good helicity           33   7.4100106240741231E-002  in event            1 local:           1
 Added good helicity           36   2.0276617399516771E-002  in event            1 local:           1
 Added good helicity           37   1.3525395951866714E-006  in event            1 local:           1
 Added good helicity           40   1.7880569774937996E-004  in event            1 local:           1
 Added good helicity           41   1.2806317434906334E-003  in event            1 local:           1
 Added good helicity           44   4.3796135383092468E-007  in event            1 local:           1
 Added good helicity           45   7.6175683549584122E-002  in event            1 local:           1
 Added good helicity           48   1.1684701713451484E-002  in event            1 local:           1
 Added good helicity           49  0.53767414958531601       in event            1 local:           1
 Added good helicity           52  0.14712816984812660       in event            1 local:           1
 Added good helicity           53   9.8140962748393796E-006  in event            1 local:           1
 Added good helicity           56   1.2974232609878273E-003  in event            1 local:           1
 Added good helicity           57   9.2923292360234996E-003  in event            1 local:           1
 Added good helicity           60   3.1778699170448128E-006  in event            1 local:           1
 Added good helicity           61  0.55273464438143693       in event            1 local:           1
 Added good helicity           64   8.4784791489055641E-002  in event            1 local:           1
 Added good helicity          193   82.330112488517685       in event            1 local:           1
 Added good helicity          196   22.528661240582732       in event            1 local:           1
 Added good helicity          197   1.5027608281034889E-003  in event            1 local:           1
 Added good helicity          200  0.19866494066104975       in event            1 local:           1
 Added good helicity          201   1.4228664552167816       in event            1 local:           1
 Added good helicity          204   4.8660399229898354E-004  in event            1 local:           1
 Added good helicity          205   84.636215974529904       in event            1 local:           1
 Added good helicity          208   12.982475400747996       in event            1 local:           1
 Added good helicity          209  0.35448935926734421       in event            1 local:           1
 Added good helicity          212   9.7001819224272715E-002  in event            1 local:           1
 Added good helicity          213   6.4704481384106575E-006  in event            1 local:           1
 Added good helicity          216   8.5539306816375836E-004  in event            1 local:           1
 Added good helicity          217   6.1264463607181383E-003  in event            1 local:           1
 Added good helicity          220   2.0951743199798972E-006  in event            1 local:           1
 Added good helicity          221  0.36441876568318848       in event            1 local:           1
 Added good helicity          224   5.5898737987963541E-002  in event            1 local:           1
 Added good helicity          225  0.36151295718237419       in event            1 local:           1
 Added good helicity          228   9.8923743698016597E-002  in event            1 local:           1
 Added good helicity          229   6.5986489570422206E-006  in event            1 local:           1
 Added good helicity          232   8.7234121290498043E-004  in event            1 local:           1
 Added good helicity          233   6.2478313748540104E-003  in event            1 local:           1
 Added good helicity          236   2.1366866012394785E-006  in event            1 local:           1
 Added good helicity          237  0.37163909773529930       in event            1 local:           1
 Added good helicity          240   5.7006275490348660E-002  in event            1 local:           1
 Added good helicity          241   2.6301228880146126       in event            1 local:           1
 Added good helicity          244  0.71970201150214830       in event            1 local:           1
 Added good helicity          245   4.8007290768101568E-005  in event            1 local:           1
 Added good helicity          248   6.3465625356890504E-003  in event            1 local:           1
 Added good helicity          249   4.5454980168717775E-002  in event            1 local:           1
 Added good helicity          252   1.5545081366472527E-005  in event            1 local:           1
 Added good helicity          253   2.7037938132369836       in event            1 local:           1
 Added good helicity          256  0.41473896564098728       in event            1 local:           1
 RESET CUMULATIVE VARIABLE
 RESET CUMULATIVE VARIABLE
 RESET CUMULATIVE VARIABLE
 No points passed cuts!
 Loosen cuts or increase max_events      500000
 Deleting file events.lhe

ls status:
events.lhe
grid_information
input_app.txt
results.dat
run1_app.log
