 Process in group number            1
 A PDF is used, so alpha_s(MZ) is going to be modified
 Old value of alpha_s from param_card:   0.11839999999999999     
  ****************************************
 
       NNPDFDriver version 1.0.3
   Grid: NNPDF23_lo_as_0130_qed_mem0.grid
  ****************************************
 New value of alpha_s from PDF nn23lo1:  0.13000000000000000     
 Define smin to   167.80611599999997     
 Define smin to   167.80611599999997     
 Define smin to   167.80611599999997     
 Define smin to   167.80611599999997     
 Warning: pt or E min of a jet should in general be >0
 Warning: pt or E min of a jet should in general be >0
 Warning: pt or E min of a jet should in general be >0
 Warning: pt or E min of a jet should in general be >0
 *****************************************************
 *               MadGraph/MadEvent                   *
 *        --------------------------------           *
 *          http://madgraph.hep.uiuc.edu             *
 *          http://madgraph.phys.ucl.ac.be           *
 *          http://madgraph.roma2.infn.it            *
 *        --------------------------------           *
 *                                                   *
 *          PARAMETER AND COUPLING VALUES            *
 *                                                   *
 *****************************************************

  External Params
  ---------------------------------
  
 mdl_cabi =   0.22773599999999999     
 aEWM1 =    127.90000000000001     
 mdl_Gf =    1.1663700000000000E-005
 aS =   0.11839999999999999     
 mdl_ymb =    4.7000000000000002     
 mdl_ymt =    172.00000000000000     
 mdl_ymtau =    1.7769999999999999     
 mdl_Lambda =    5000.0000000000000     
 mdl_ca =    1.0000000000000000     
 mdl_kSM =    5.0000000000000003E-002
 mdl_kHtt =    0.0000000000000000     
 mdl_kAtt =    0.0000000000000000     
 mdl_kHbb =    0.0000000000000000     
 mdl_kAbb =    0.0000000000000000     
 mdl_kHll =    0.0000000000000000     
 mdl_kAll =    0.0000000000000000     
 mdl_kHaa =    0.0000000000000000     
 mdl_kAaa =    0.0000000000000000     
 mdl_kHza =    0.0000000000000000     
 mdl_kAza =    0.0000000000000000     
 mdl_kHgg =    0.0000000000000000     
 mdl_kAgg =    0.0000000000000000     
 mdl_kHzz =  -0.52481000000000000     
 mdl_kAzz =    0.0000000000000000     
 mdl_kHww =  -0.52481000000000000     
 mdl_kAww =    0.0000000000000000     
 mdl_kHda =    0.0000000000000000     
 mdl_kHdz =  -0.26240500000000000     
 mdl_kHdwR =  -0.26240500000000000     
 mdl_kHdwI =    0.0000000000000000     
 mdl_kHHgg =    1.0000000000000000     
 mdl_kAAgg =    1.0000000000000000     
 mdl_kqa =    1.0000000000000000     
 mdl_kqb =    1.0000000000000000     
 mdl_kla =    1.0000000000000000     
 mdl_klb =    1.0000000000000000     
 mdl_kw1 =    1.0000000000000000     
 mdl_kw2 =    1.0000000000000000     
 mdl_kw3 =    0.0000000000000000     
 mdl_kw4 =    0.0000000000000000     
 mdl_kw5 =    0.0000000000000000     
 mdl_kz1 =    0.0000000000000000     
 mdl_kz3 =    1.0000000000000000     
 mdl_kz5 =    0.0000000000000000     
 mdl_kq =    1.0000000000000000     
 mdl_kq3 =    1.0000000000000000     
 mdl_kl =    1.0000000000000000     
 mdl_kg =    1.0000000000000000     
 mdl_ka =    1.0000000000000000     
 mdl_kz =    1.0000000000000000     
 mdl_kw =    1.0000000000000000     
 mdl_kza =    0.0000000000000000     
 mdl_MZ =    91.187600000000003     
 mdl_MTA =    1.7769999999999999     
 mdl_MT =    172.00000000000000     
 mdl_MB =    4.7000000000000002     
 mdl_MX0 =    600.00000000000000     
 mdl_MX1 =    125.00000000000000     
 mdl_MX2 =    125.00000000000000     
 mdl_WZ =    2.4952000000000001     
 mdl_WW =    2.0850000000000000     
 mdl_WT =    1.5083359999999999     
 mdl_WX0 =   0.15059000000000000     
 mdl_WX1 =    4.0699999999999998E-003
 mdl_WX2 =    4.0699999999999998E-003
  Internal Params
  ---------------------------------
  
 mdl_cos__cabi =   0.97418004031982097     
 mdl_CKM1x1 =  ( 0.97418004031982097     ,  0.0000000000000000     )
 mdl_sin__cabi =   0.22577256042856930     
 mdl_CKM1x2 =  ( 0.22577256042856930     ,  0.0000000000000000     )
 mdl_CKM2x1 =  (-0.22577256042856930     ,  0.0000000000000000     )
 mdl_CKM2x2 =  ( 0.97418004031982097     ,  0.0000000000000000     )
 mdl_ca__exp__2 =    1.0000000000000000     
 mdl_sa =    0.0000000000000000     
 mdl_complexi =  (  0.0000000000000000     ,  1.0000000000000000     )
 mdl_kHdw =  (-0.26240500000000000     ,  0.0000000000000000     )
 mdl_MZ__exp__2 =    8315.1783937600012     
 mdl_MZ__exp__4 =    69142191.720053151     
 mdl_sqrt__2 =    1.4142135623730951     
 mdl_nb__2__exp__0_75 =    1.6817928305074290     
 mdl_MX0__exp__2 =    360000.00000000000     
 mdl_ca__exp__4 =    1.0000000000000000     
 mdl_ca__exp__3 =    1.0000000000000000     
 mdl_conjg__CKM1x1 =  ( 0.97418004031982097     , -0.0000000000000000     )
 mdl_conjg__CKM1x2 =  ( 0.22577256042856930     , -0.0000000000000000     )
 mdl_conjg__CKM2x1 =  (-0.22577256042856930     , -0.0000000000000000     )
 mdl_conjg__CKM2x2 =  ( 0.97418004031982097     , -0.0000000000000000     )
 mdl_conjg__kHdw =  (-0.26240500000000000     , -0.0000000000000000     )
 mdl_aEW =    7.8186082877247844E-003
 mdl_MW =    79.824359746197842     
 mdl_sqrt__aEW =    8.8422894590285753E-002
 mdl_ee =   0.31345100004952897     
 mdl_MW__exp__2 =    6371.9284088904105     
 mdl_sw2 =   0.23369913342182447     
 mdl_cw =   0.87538612427783857     
 mdl_sqrt__sw2 =   0.48342438232036300     
 mdl_sw =   0.48342438232036300     
 mdl_ad =  -0.12747442148678401     
 mdl_al =   -1.2074027013887732E-002
 mdl_an =   0.18517461872323218     
 mdl_au =    6.9774224250335873E-002
 mdl_bd =  -0.18517461872323218     
 mdl_bl =  -0.18517461872323218     
 mdl_bn =   0.18517461872323218     
 mdl_bu =   0.18517461872323218     
 mdl_gwwz =  -0.56759788318358417     
 mdl_g1 =   0.35807170271074895     
 mdl_gw =   0.64839716719502682     
 mdl_vev =    246.22056907348590     
 mdl_ee__exp__2 =    9.8251529432049817E-002
 mdl_gAaa =    1.3477023594718659E-005
 mdl_vev__exp__2 =    60624.568634871241     
 mdl_cw__exp__2 =   0.76630086657817542     
 mdl_gAza =    4.4999802188047602E-006
 mdl_gHaa =    2.6392504539657372E-005
 mdl_gHza =    3.9166441035016922E-005
 mdl_lam =    2.9690932909411916     
 mdl_yb =    2.6995322804122722E-002
 mdl_yt =   0.98791394091683138     
 mdl_ytau =    1.0206529494239589E-002
 mdl_muH =    424.26406871192853     
 mdl_sw__exp__2 =   0.23369913342182450     
  Internal Params evaluated point by point
  ----------------------------------------
  
 mdl_sqrt__aS =   0.34409301068170506     
 mdl_G__exp__2 =    1.4878582807401259     
 mdl_gAAgg =    3.1083017473614446E-007
 mdl_gAgg =    7.6532782508744533E-005
 mdl_gHgg =   -5.1021855005829691E-005
 mdl_gHHgg =    2.0722011649076294E-007
  Couplings of HC_UFO
  ---------------------------------
  
        GC_10 =  -0.00000E+00   0.00000E+00
        GC_13 =  -0.00000E+00  -0.20722E-06
        GC_62 =   0.00000E+00   0.00000E+00
        GC_64 =   0.00000E+00   0.00000E+00
         GC_1 =  -0.00000E+00  -0.10448E+00
         GC_2 =   0.00000E+00   0.20897E+00
         GC_3 =  -0.00000E+00  -0.31345E+00
         GC_9 =  -0.00000E+00  -0.00000E+00
        GC_16 =  -0.00000E+00  -0.00000E+00
        GC_17 =   0.00000E+00  -0.12074E-01
        GC_19 =  -0.00000E+00   0.18517E+00
        GC_21 =   0.00000E+00  -0.12747E+00
        GC_22 =   0.00000E+00   0.69774E-01
        GC_23 =  -0.00000E+00   0.18517E+00
        GC_24 =  -0.00000E+00  -0.18517E+00
        GC_61 =   0.00000E+00   0.00000E+00
        GC_66 =   0.00000E+00   0.00000E+00
        GC_77 =  -0.00000E+00  -0.28380E+00
        GC_78 =   0.00000E+00   0.28380E+00
        GC_89 =  -0.00000E+00  -0.28850E-01
        GC_90 =   0.00000E+00   0.86550E-01
        GC_98 =  -0.00000E+00  -0.21932E+03
       GC_100 =   0.00000E+00   0.33771E+01
       GC_101 =  -0.00000E+00  -0.00000E+00
       GC_102 =   0.00000E+00   0.00000E+00
       GC_105 =  -0.00000E+00  -0.00000E+00
       GC_106 =   0.00000E+00   0.00000E+00
        GC_35 =  -0.00000E+00  -0.20000E-03
        GC_38 =  -0.00000E+00  -0.00000E+00
        GC_40 =   0.00000E+00   0.52481E-04
        GC_42 =   0.00000E+00   0.10496E-03
        GC_43 =   0.00000E+00   0.50000E-04
        GC_45 =   0.00000E+00   0.50000E-04
        GC_49 =   0.00000E+00   0.50000E-04
        GC_56 =  -0.00000E+00  -0.94000E-03
        GC_58 =  -0.00000E+00  -0.35540E-03
        GC_68 =   0.00000E+00   0.00000E+00

 Collider parameters:
 --------------------

 Running at P P   machine @    13000.000000000000       GeV
 PDF set = nn23lo1
 alpha_s(Mz)= 0.1300 running at 2 loops.
 alpha_s(Mz)= 0.1300 running at 2 loops.
 Renormalization scale set on event-by-event basis
 Factorization   scale set on event-by-event basis


 getting user params
Enter number of events and max and min iterations: 
 Number of events and iterations         1000           5           3
Enter desired fractional accuracy: 
 Desired fractional accuracy:   0.10000000000000001     
Enter 0 for fixed, 2 for adjustable grid: 
Suppress amplitude (0 no, 1 yes)? 
 Using suppressed amplitude.
Exact helicity sum (0 yes, n = number/event)? 
 Explicitly summing over helicities
Enter Configuration Number: 
Running Configuration Number:   15
 Using dconfig=          67
 BW Setting            1           1           1           2           0           0
 Attempting mappinvarients           1           8
 Completed mapping           8
 about to integrate           16        1000           5           3          16           1
 Using non-zero grid deformation.
 16 dimensions   1000 events 16 invarients  5 iterations  1 config(s),  (0.99)
 Using h-tuple random number sequence.
 Error opening grid
 Using Uniform Grid!          32
 Using uniform alpha   1.0000000000000000     
 Grid defined OK
 Set CM energy to      13000.00
 Mapping Graph          15  to config          15
 Setting BW          -1           1   91.187600000000003     
Setting grid   2    0.59172E-08   1
 Setting BW          -3           2   600.00000000000000     
 Setting BW          -4           3   91.187600000000003     
Setting grid   5    0.25116E-02   1
 Transforming s_hat 1/s           15   2.5115575576956360E-003   167.80611599999997        168999999.99999997     
  15   1   2   3   4   5   6   7   8   9  10  11  12  13  14
  15  16
 Masses: 0.000E+00 0.000E+00 0.470E+01 0.470E+01 0.178E+01 0.178E+01 0.000E+00 0.000E+00
Using random seed offsets    15 :      9
  with seed                   24
 Ranmar initialization seeds       31073        9406
 
 ********************************************
 * You are using the DiscreteSampler module *
 *      part of the MG5_aMC framework       *
 *         Author: Valentin Hirschi         *
 ********************************************
 
  Particle       3       4       5       6       7       8
      Et >     0.0     0.0     0.0     0.0     0.0     0.0
       E >     0.0     0.0     0.0     0.0     0.0     0.0
     Eta <    -1.0    -1.0    -1.0    -1.0    -1.0    -1.0
   xqcut:      0.0     0.0     0.0     0.0     0.0     0.0
d R # 3  >    -0.0     0.0     0.0     0.0     0.0     0.0
d R # 4  >    -0.0    -0.0     0.0     0.0     0.0     0.0
d R # 5  >    -0.0    -0.0    -0.0     0.0     0.0     0.0
d R # 6  >    -0.0    -0.0    -0.0    -0.0     0.0     0.0
d R # 7  >    -0.0    -0.0    -0.0    -0.0    -0.0     0.0
s min # 3>     0.0    88.4    42.0    42.0    22.1     0.0
s min # 4>     0.0     0.0    42.0    42.0    22.1     0.0
s min # 5>     0.0     0.0     0.0    12.6     3.2     0.0
s min # 6>     0.0     0.0     0.0     0.0     3.2     0.0
s min # 7>     0.0     0.0     0.0     0.0     0.0     0.0
xqcutij # 3>     0.0     0.0     0.0     0.0     0.0     0.0
xqcutij # 4>     0.0     0.0     0.0     0.0     0.0     0.0
xqcutij # 5>     0.0     0.0     0.0     0.0     0.0     0.0
xqcutij # 6>     0.0     0.0     0.0     0.0     0.0     0.0
xqcutij # 7>     0.0     0.0     0.0     0.0     0.0     0.0
 Requiring BW           -1           1
 Requiring BW           -3           2
 Requiring BW           -4           3
 Excluding BW           -5           4
 alpha_s for scale    262.94714279058974       is   0.11053853337657275     
 Added good helicity            1   134.76954934658045       in event            1 local:           1
 Added good helicity            4   1.4694309338449970E-002  in event            1 local:           1
 Added good helicity            5   2.4910284101561137E-003  in event            1 local:           1
 Added good helicity            8   1.6631263106941861E-003  in event            1 local:           1
 Added good helicity            9   1.1392598062783088E-002  in event            1 local:           1
 Added good helicity           12   4.6124060071178817E-004  in event            1 local:           1
 Added good helicity           13   5.5189752958627949E-002  in event            1 local:           1
 Added good helicity           16   21.260880747254088       in event            1 local:           1
 Added good helicity           17  0.14567190327392296       in event            1 local:           1
 Added good helicity           20   1.5883024162402161E-005  in event            1 local:           1
 Added good helicity           21   2.6925433183995652E-006  in event            1 local:           1
 Added good helicity           24   1.7976670267014379E-006  in event            1 local:           1
 Added good helicity           25   1.2314216758064196E-005  in event            1 local:           1
 Added good helicity           28   4.9855324514074743E-007  in event            1 local:           1
 Added good helicity           29   5.9654398146171029E-005  in event            1 local:           1
 Added good helicity           32   2.2980806708551873E-002  in event            1 local:           1
 Added good helicity           33  0.64692297122072495       in event            1 local:           1
 Added good helicity           36   7.0535861426828389E-005  in event            1 local:           1
 Added good helicity           37   1.1957474876978375E-005  in event            1 local:           1
 Added good helicity           40   7.9833658244472370E-006  in event            1 local:           1
 Added good helicity           41   5.4686933542722561E-005  in event            1 local:           1
 Added good helicity           44   2.2140545939851307E-006  in event            1 local:           1
 Added good helicity           45   2.6492274507141348E-004  in event            1 local:           1
 Added good helicity           48  0.10205682374445152       in event            1 local:           1
 Added good helicity           49  0.39665798329155050       in event            1 local:           1
 Added good helicity           52   4.3248754160797773E-005  in event            1 local:           1
 Added good helicity           53   7.3316732918165900E-006  in event            1 local:           1
 Added good helicity           56   4.8949657512215420E-006  in event            1 local:           1
 Added good helicity           57   3.3531053520209946E-005  in event            1 local:           1
 Added good helicity           60   1.3575378665103734E-006  in event            1 local:           1
 Added good helicity           61   1.6243621955454521E-004  in event            1 local:           1
 Added good helicity           64   6.2575693998356038E-002  in event            1 local:           1
 Added good helicity          193   62.651401618091789       in event            1 local:           1
 Added good helicity          196   6.8310614699481761E-003  in event            1 local:           1
 Added good helicity          197   1.1580243617600797E-003  in event            1 local:           1
 Added good helicity          200   7.7315087078727097E-004  in event            1 local:           1
 Added good helicity          201   5.2961684606466202E-003  in event            1 local:           1
 Added good helicity          204   2.1442061843992790E-004  in event            1 local:           1
 Added good helicity          205   2.5656503227759760E-002  in event            1 local:           1
 Added good helicity          208   9.8837162022785137       in event            1 local:           1
 Added good helicity          209  0.41711897546907739       in event            1 local:           1
 Added good helicity          212   4.5479674646069942E-005  in event            1 local:           1
 Added good helicity          213   7.7098663855927477E-006  in event            1 local:           1
 Added good helicity          216   5.1474650331315941E-006  in event            1 local:           1
 Added good helicity          217   3.5260701359610605E-005  in event            1 local:           1
 Added good helicity          220   1.4275643700408694E-006  in event            1 local:           1
 Added good helicity          221   1.7081524218273640E-004  in event            1 local:           1
 Added good helicity          224   6.5803564958569552E-002  in event            1 local:           1
 Added good helicity          225  0.35822463055747455       in event            1 local:           1
 Added good helicity          228   3.9058255812124587E-005  in event            1 local:           1
 Added good helicity          229   6.6212860120318333E-006  in event            1 local:           1
 Added good helicity          232   4.4206781955374793E-006  in event            1 local:           1
 Added good helicity          233   3.0282131623331899E-005  in event            1 local:           1
 Added good helicity          236   1.2260020500861054E-006  in event            1 local:           1
 Added good helicity          237   1.4669729890778502E-004  in event            1 local:           1
 Added good helicity          240   5.6512551892753435E-002  in event            1 local:           1
 Added good helicity          241   21.609952322541883       in event            1 local:           1
 Added good helicity          244   2.3561948953318428E-003  in event            1 local:           1
 Added good helicity          245   3.9943003028923313E-004  in event            1 local:           1
 Added good helicity          248   2.6667804748712899E-004  in event            1 local:           1
 Added good helicity          249   1.8267739423354565E-003  in event            1 local:           1
 Added good helicity          252   7.3958749872863835E-005  in event            1 local:           1
 Added good helicity          253   8.8495356399963844E-003  in event            1 local:           1
 Added good helicity          256   3.4091278149329742       in event            1 local:           1
 Added good helicity            1   134.76954934658042       in event            1 local:           1
 Added good helicity            4   1.4694309338450106E-002  in event            1 local:           1
 Added good helicity            5   2.4910284101561132E-003  in event            1 local:           1
 Added good helicity            8   1.6631263106941855E-003  in event            1 local:           1
 Added good helicity            9   1.1392598062783093E-002  in event            1 local:           1
 Added good helicity           12   4.6124060071178790E-004  in event            1 local:           1
 Added good helicity           13   5.5189752958628595E-002  in event            1 local:           1
 Added good helicity           16   21.260880747254106       in event            1 local:           1
 Added good helicity           17  0.14567190327392293       in event            1 local:           1
 Added good helicity           20   1.5883024162402307E-005  in event            1 local:           1
 Added good helicity           21   2.6925433183995631E-006  in event            1 local:           1
 Added good helicity           24   1.7976670267014354E-006  in event            1 local:           1
 Added good helicity           25   1.2314216758064193E-005  in event            1 local:           1
 Added good helicity           28   4.9855324514074690E-007  in event            1 local:           1
 Added good helicity           29   5.9654398146171741E-005  in event            1 local:           1
 Added good helicity           32   2.2980806708551869E-002  in event            1 local:           1
 Added good helicity           33  0.64692297122072595       in event            1 local:           1
 Added good helicity           36   7.0535861426829094E-005  in event            1 local:           1
 Added good helicity           37   1.1957474876978377E-005  in event            1 local:           1
 Added good helicity           40   7.9833658244472438E-006  in event            1 local:           1
 Added good helicity           41   5.4686933542722656E-005  in event            1 local:           1
 Added good helicity           44   2.2140545939851341E-006  in event            1 local:           1
 Added good helicity           45   2.6492274507141690E-004  in event            1 local:           1
 Added good helicity           48  0.10205682374445171       in event            1 local:           1
 Added good helicity           49  0.39665798329155089       in event            1 local:           1
 Added good helicity           52   4.3248754160798247E-005  in event            1 local:           1
 Added good helicity           53   7.3316732918165934E-006  in event            1 local:           1
 Added good helicity           56   4.8949657512215411E-006  in event            1 local:           1
 Added good helicity           57   3.3531053520209980E-005  in event            1 local:           1
 Added good helicity           60   1.3575378665103743E-006  in event            1 local:           1
 Added good helicity           61   1.6243621955454722E-004  in event            1 local:           1
 Added good helicity           64   6.2575693998356094E-002  in event            1 local:           1
 Added good helicity          193   62.651401618091853       in event            1 local:           1
 Added good helicity          196   6.8310614699482550E-003  in event            1 local:           1
 Added good helicity          197   1.1580243617600808E-003  in event            1 local:           1
 Added good helicity          200   7.7315087078727140E-004  in event            1 local:           1
 Added good helicity          201   5.2961684606466271E-003  in event            1 local:           1
 Added good helicity          204   2.1442061843992814E-004  in event            1 local:           1
 Added good helicity          205   2.5656503227760100E-002  in event            1 local:           1
 Added good helicity          208   9.8837162022785332       in event            1 local:           1
 Added good helicity          209  0.41711897546907750       in event            1 local:           1
 Added good helicity          212   4.5479674646070389E-005  in event            1 local:           1
 Added good helicity          213   7.7098663855927443E-006  in event            1 local:           1
 Added good helicity          216   5.1474650331315908E-006  in event            1 local:           1
 Added good helicity          217   3.5260701359610632E-005  in event            1 local:           1
 Added good helicity          220   1.4275643700408689E-006  in event            1 local:           1
 Added good helicity          221   1.7081524218273843E-004  in event            1 local:           1
 Added good helicity          224   6.5803564958569621E-002  in event            1 local:           1
 Added good helicity          225  0.35822463055747555       in event            1 local:           1
 Added good helicity          228   3.9058255812125102E-005  in event            1 local:           1
 Added good helicity          229   6.6212860120318502E-006  in event            1 local:           1
 Added good helicity          232   4.4206781955374920E-006  in event            1 local:           1
 Added good helicity          233   3.0282131623331997E-005  in event            1 local:           1
 Added good helicity          236   1.2260020500861079E-006  in event            1 local:           1
 Added good helicity          237   1.4669729890778722E-004  in event            1 local:           1
 Added good helicity          240   5.6512551892753622E-002  in event            1 local:           1
 Added good helicity          241   21.609952322541883       in event            1 local:           1
 Added good helicity          244   2.3561948953318671E-003  in event            1 local:           1
 Added good helicity          245   3.9943003028923346E-004  in event            1 local:           1
 Added good helicity          248   2.6667804748712893E-004  in event            1 local:           1
 Added good helicity          249   1.8267739423354563E-003  in event            1 local:           1
 Added good helicity          252   7.3958749872863848E-005  in event            1 local:           1
 Added good helicity          253   8.8495356399964920E-003  in event            1 local:           1
 Added good helicity          256   3.4091278149329773       in event            1 local:           1
 RESET CUMULATIVE VARIABLE
 RESET CUMULATIVE VARIABLE
 RESET CUMULATIVE VARIABLE
 No points passed cuts!
 Loosen cuts or increase max_events      500000
 Deleting file events.lhe

ls status:
events.lhe
grid_information
input_app.txt
results.dat
run1_app.log
