 Process in group number            1
 A PDF is used, so alpha_s(MZ) is going to be modified
 Old value of alpha_s from param_card:   0.11839999999999999     
  ****************************************
 
       NNPDFDriver version 1.0.3
   Grid: NNPDF23_lo_as_0130_qed_mem0.grid
  ****************************************
 New value of alpha_s from PDF nn23lo1:  0.13000000000000000     
 Define smin to   0.0000000000000000     
 Define smin to   0.0000000000000000     
 Define smin to   0.0000000000000000     
 Define smin to   0.0000000000000000     
 Define smin to   0.0000000000000000     
 Define smin to   0.0000000000000000     
 Define smin to   0.0000000000000000     
 Define smin to   0.0000000000000000     
 Define smin to   0.0000000000000000     
 Define smin to   0.0000000000000000     
 Define smin to   0.0000000000000000     
 Define smin to   0.0000000000000000     
 Define smin to   0.0000000000000000     
 Define smin to   0.0000000000000000     
 Define smin to   0.0000000000000000     
 Define smin to   0.0000000000000000     
 Define smin to   0.0000000000000000     
 Define smin to   0.0000000000000000     
 Define smin to   0.0000000000000000     
 Define smin to   0.0000000000000000     
 Define smin to   0.0000000000000000     
 Define smin to   0.0000000000000000     
 Define smin to   0.0000000000000000     
 Define smin to   0.0000000000000000     
 Define smin to   0.0000000000000000     
 Define smin to   0.0000000000000000     
 Define smin to   0.0000000000000000     
 Define smin to   0.0000000000000000     
 Define smin to   0.0000000000000000     
 Define smin to   0.0000000000000000     
 Define smin to   0.0000000000000000     
 Define smin to   0.0000000000000000     
 Define smin to   0.0000000000000000     
 Define smin to   0.0000000000000000     
 Define smin to   0.0000000000000000     
 Define smin to   0.0000000000000000     
 Define smin to   0.0000000000000000     
 Define smin to   0.0000000000000000     
 Define smin to   0.0000000000000000     
 Define smin to   0.0000000000000000     
 Warning: pt or E min of a jet should in general be >0
 Warning: pt or E min of a jet should in general be >0
 Warning: pt or E min of a jet should in general be >0
 Warning: pt or E min of a jet should in general be >0
 *****************************************************
 *               MadGraph/MadEvent                   *
 *        --------------------------------           *
 *          http://madgraph.hep.uiuc.edu             *
 *          http://madgraph.phys.ucl.ac.be           *
 *          http://madgraph.roma2.infn.it            *
 *        --------------------------------           *
 *                                                   *
 *          PARAMETER AND COUPLING VALUES            *
 *                                                   *
 *****************************************************

  External Params
  ---------------------------------
  
 mdl_cabi =   0.22773599999999999     
 mdl_rhoH =    5.0000000000000003E-002
 mdl_Lambda =    5000.0000000000000     
 mdl_fW =    0.0000000000000000     
 mdl_fWW =   -4520.4600000000000     
 mdl_fB =    0.0000000000000000     
 mdl_fBB =    0.0000000000000000     
 aEWM1 =    127.90000000000001     
 mdl_Gf =    1.1663700000000000E-005
 aS =   0.11839999999999999     
 mdl_ymb =    4.7000000000000002     
 mdl_ymt =    172.00000000000000     
 mdl_ymtau =    1.7769999999999999     
 mdl_MZ =    91.187600000000003     
 mdl_MTA =    1.7769999999999999     
 mdl_MT =    172.00000000000000     
 mdl_MB =    4.7000000000000002     
 mdl_MH =    125.00000000000000     
 mdl_MHH =    600.00000000000000     
 mdl_WZ =    2.4952000000000001     
 mdl_WW =    2.0850000000000000     
 mdl_WT =    1.5083359999999999     
 mdl_WH =    4.0699999999999998E-003
 mdl_WHH =    0.0000000000000000     
  Internal Params
  ---------------------------------
  
 mdl_cos__cabi =   0.97418004031982097     
 mdl_CKM1x1 =  ( 0.97418004031982097     ,  0.0000000000000000     )
 mdl_sin__cabi =   0.22577256042856930     
 mdl_CKM1x2 =  ( 0.22577256042856930     ,  0.0000000000000000     )
 mdl_CKM2x1 =  (-0.22577256042856930     ,  0.0000000000000000     )
 mdl_CKM2x2 =  ( 0.97418004031982097     ,  0.0000000000000000     )
 mdl_MZ__exp__2 =    8315.1783937600012     
 mdl_MZ__exp__4 =    69142191.720053151     
 mdl_sqrt__2 =    1.4142135623730951     
 mdl_Lambda__exp__2 =    25000000.000000000     
 mdl_MH__exp__2 =    15625.000000000000     
 mdl_complexi =  (  0.0000000000000000     ,  1.0000000000000000     )
 mdl_conjg__CKM1x1 =  ( 0.97418004031982097     , -0.0000000000000000     )
 mdl_conjg__CKM1x2 =  ( 0.22577256042856930     , -0.0000000000000000     )
 mdl_conjg__CKM2x1 =  (-0.22577256042856930     , -0.0000000000000000     )
 mdl_conjg__CKM2x2 =  ( 0.97418004031982097     , -0.0000000000000000     )
 mdl_aEW =    7.8186082877247844E-003
 mdl_MW =    79.824359746197842     
 mdl_sqrt__aEW =    8.8422894590285753E-002
 mdl_ee =   0.31345100004952897     
 mdl_MW__exp__2 =    6371.9284088904105     
 mdl_sw2 =   0.23369913342182447     
 mdl_cw =   0.87538612427783857     
 mdl_sqrt__sw2 =   0.48342438232036300     
 mdl_sw =   0.48342438232036300     
 mdl_g1 =   0.35807170271074895     
 mdl_gw =   0.64839716719502682     
 mdl_vev =    246.22056907348590     
 mdl_gHWW =    2.5878944366295706     
 mdl_gHWW1 =    0.0000000000000000     
 mdl_gHWW2 =    4.6793893140026040E-004
 mdl_cw__exp__2 =   0.76630086657817542     
 mdl_gHZZ =    1.6885629062286611     
 mdl_sw__exp__2 =   0.23369913342182450     
 mdl_gHZZ1 =    0.0000000000000000     
 mdl_cw__exp__4 =   0.58721701811846261     
 mdl_sw__exp__4 =    5.4615284962111724E-002
 mdl_gHZZ2 =    1.7929100431884245E-004
 mdl_vev__exp__2 =    60624.568634871241     
 mdl_lam =   0.12886689630821144     
 mdl_yb =    2.6995322804122722E-002
 mdl_yt =   0.98791394091683138     
 mdl_ytau =    1.0206529494239589E-002
 mdl_muH =    88.388347648318444     
 mdl_I1a33 =  (  2.6995322804122722E-002,  0.0000000000000000     )
 mdl_I2a33 =  ( 0.98791394091683138     ,  0.0000000000000000     )
 mdl_I3a33 =  ( 0.98791394091683138     ,  0.0000000000000000     )
 mdl_I4a33 =  (  2.6995322804122722E-002,  0.0000000000000000     )
 mdl_ee__exp__2 =    9.8251529432049817E-002
  Internal Params evaluated point by point
  ----------------------------------------
  
 mdl_sqrt__aS =   0.34409301068170506     
 mdl_G__exp__2 =    1.4878582807401259     
  Couplings of SMwithHeavyScalarDim4Dim6_NoDecay_UFO
  ---------------------------------
  
        GC_13 =   0.00000E+00   0.25879E+01
        GC_14 =  -0.00000E+00  -0.00000E+00
        GC_15 =   0.00000E+00   0.93588E-03
        GC_16 =   0.00000E+00   0.33771E+01
        GC_17 =  -0.00000E+00  -0.00000E+00
        GC_18 =   0.00000E+00   0.71716E-03
        GC_33 =   0.00000E+00   0.44665E+00
        GC_34 =   0.00000E+00   0.10351E+00
        GC_35 =  -0.00000E+00  -0.10351E+00
        GC_36 =   0.00000E+00   0.44665E+00
        GC_37 =  -0.00000E+00  -0.28380E+00
        GC_38 =   0.00000E+00   0.28380E+00
        GC_45 =  -0.00000E+00  -0.28850E-01
        GC_46 =   0.00000E+00   0.86550E-01
        GC_77 =   0.00000E+00   0.44665E+00
        GC_78 =   0.00000E+00   0.10351E+00
        GC_79 =   0.00000E+00  -0.10351E+00
        GC_80 =   0.00000E+00   0.44665E+00

 Collider parameters:
 --------------------

 Running at P P   machine @    13000.000000000000       GeV
 PDF set = nn23lo1
 alpha_s(Mz)= 0.1300 running at 2 loops.
 alpha_s(Mz)= 0.1300 running at 2 loops.
 Renormalization scale set on event-by-event basis
 Factorization   scale set on event-by-event basis


 getting user params
Enter number of events and max and min iterations: 
 Number of events and iterations         1000           5           3
Enter desired fractional accuracy: 
 Desired fractional accuracy:   0.10000000000000001     
Enter 0 for fixed, 2 for adjustable grid: 
Suppress amplitude (0 no, 1 yes)? 
 Using suppressed amplitude.
Exact helicity sum (0 yes, n = number/event)? 
 Explicitly summing over helicities
Enter Configuration Number: 
Running Configuration Number:    3
 Using dconfig=          44
 BW Setting            2           2           1           1           0           0
 Attempting mappinvarients           1           8
 Completed mapping           8
 about to integrate           16        1000           5           3          16           1
 Using non-zero grid deformation.
 16 dimensions   1000 events 16 invarients  5 iterations  1 config(s),  (0.99)
 Using h-tuple random number sequence.
 fail to read data
 Error opening grid
 Using Uniform Grid!          32
 Using uniform alpha   1.0000000000000000     
 Grid defined OK
 Set CM energy to      13000.00
 Mapping Graph           3  to config           3
Setting grid   1    0.59172E-08   1
Setting grid   2    0.59172E-08   1
Setting grid   3    0.59172E-08   1
 Setting BW          -4           3   91.187600000000003     
 Setting PDF BW          15           4   91.187600000000003     
 Transforming s_hat BW    4.9202239016331379E-005   1.3463390504142014E-006
 Masses: 0.000E+00 0.000E+00 0.000E+00 0.000E+00 0.000E+00 0.000E+00 0.000E+00 0.000E+00
   3   1   2   3   4   5   6   7   8   9  10  11  12  13  14
  15  16
Using random seed offsets     3 :      1
  with seed                   75
 Ranmar initialization seeds        2987        9452
 
 ********************************************
 * You are using the DiscreteSampler module *
 *      part of the MG5_aMC framework       *
 *         Author: Valentin Hirschi         *
 ********************************************
 
  Particle       3       4       5       6       7       8
      Et >     0.0     0.0     0.0     0.0     0.0     0.0
       E >     0.0     0.0     0.0     0.0     0.0     0.0
     Eta <    -1.0    -1.0    -1.0    -1.0    -1.0    -1.0
   xqcut:      0.0     0.0     0.0     0.0     0.0     0.0
d R # 3  >    -0.0     0.0     0.0     0.0     0.0     0.0
d R # 4  >    -0.0    -0.0     0.0     0.0     0.0     0.0
d R # 5  >    -0.0    -0.0    -0.0     0.0     0.0     0.0
d R # 6  >    -0.0    -0.0    -0.0    -0.0     0.0     0.0
d R # 7  >    -0.0    -0.0    -0.0    -0.0    -0.0     0.0
s min # 3>     0.0     0.0     0.0     0.0     0.0     0.0
s min # 4>     0.0     0.0     0.0     0.0     0.0     0.0
s min # 5>     0.0     0.0     0.0     0.0     0.0     0.0
s min # 6>     0.0     0.0     0.0     0.0     0.0     0.0
s min # 7>     0.0     0.0     0.0     0.0     0.0     0.0
xqcutij # 3>     0.0     0.0     0.0     0.0     0.0     0.0
xqcutij # 4>     0.0     0.0     0.0     0.0     0.0     0.0
xqcutij # 5>     0.0     0.0     0.0     0.0     0.0     0.0
xqcutij # 6>     0.0     0.0     0.0     0.0     0.0     0.0
xqcutij # 7>     0.0     0.0     0.0     0.0     0.0     0.0
 Excluding BW           -1           1
 Excluding BW           -2           2
 Requiring BW           -4           3
 Requiring BW           -5           4
 alpha_s for scale    88.169330848064803       is   0.13073464395943651     
 Added good helicity            1   2.7784339577921957E-003  in event            1 local:           1
 Added good helicity            6   1.6145427427297159E-006  in event            1 local:           1
 Added good helicity           11   9.7122006692304537E-006  in event            1 local:           1
 Added good helicity           16   2.0426879207284976E-006  in event            1 local:           1
 Added good helicity           49   34.720077348046836       in event            1 local:           1
 Added good helicity           54   2.0175771589635908E-002  in event            1 local:           1
 Added good helicity           59  0.12136633930409725       in event            1 local:           1
 Added good helicity           64   2.5525991865565447E-002  in event            1 local:           1
 Added good helicity          193   220.04076360089326       in event            1 local:           1
 Added good helicity          198  0.12786527352222141       in event            1 local:           1
 Added good helicity          203  0.76916712218732941       in event            1 local:           1
 Added good helicity          208  0.16177264484363765       in event            1 local:           1
 Added good helicity          241   1.0443850028746648E-002  in event            1 local:           1
 Added good helicity          246   6.0689015921290365E-006  in event            1 local:           1
 Added good helicity          251   3.6507172306206759E-005  in event            1 local:           1
 Added good helicity          256   7.6782556734128136E-006  in event            1 local:           1
 Added good helicity            1   2.7784339577922325E-003  in event            1 local:           1
 Added good helicity            6   1.6145427427297373E-006  in event            1 local:           1
 Added good helicity           11   9.7122006692306163E-006  in event            1 local:           1
 Added good helicity           16   2.0426879207285548E-006  in event            1 local:           1
 Added good helicity           49   34.720077348046829       in event            1 local:           1
 Added good helicity           54   2.0175771589635905E-002  in event            1 local:           1
 Added good helicity           59  0.12136633930409772       in event            1 local:           1
 Added good helicity           64   2.5525991865565832E-002  in event            1 local:           1
 Added good helicity          193   220.04076360089329       in event            1 local:           1
 Added good helicity          198  0.12786527352222143       in event            1 local:           1
 Added good helicity          203  0.76916712218733208       in event            1 local:           1
 Added good helicity          208  0.16177264484364015       in event            1 local:           1
 Added good helicity          241   1.0443850028746673E-002  in event            1 local:           1
 Added good helicity          246   6.0689015921290492E-006  in event            1 local:           1
 Added good helicity          251   3.6507172306206963E-005  in event            1 local:           1
 Added good helicity          256   7.6782556734129492E-006  in event            1 local:           1
 RESET CUMULATIVE VARIABLE
 RESET CUMULATIVE VARIABLE
 RESET CUMULATIVE VARIABLE
 Iteration  1   Mean: 0.9472E-22 Abs mean: 0.9472E-22   Fluctuation:  0.145E-22   0.652E-20    16.6%
  1    0.9472E-22 0.9472E-22 +- 0.1451E-22      4.84
 Writing out events   1.1379122700616353E-025   4.8437292664009686     
 Relative summed weights:
  0.0000E+00  0.0000E+00  0.0000E+00  0.0000E+00  0.8627E-01  0.4258E-01  0.2099E-05  0.0000E+00  0.6864E-01  0.2210E-07  0.0000E+00  0.0000E+00  0.4475E-05  0.1164E-02  0.1166E-03  0.0000E+00  0.3793E-01  0.8682E-01  0.8666E-06  0.3898E-01  0.0000E+00  0.7235E-03  0.2276E-01  0.3530E-01  0.0000E+00  0.0000E+00  0.7748E-02  0.3774E-02  0.0000E+00  0.0000E+00  0.2403E-02  0.8367E-03  0.8524E-02  0.5839E-04  0.6401E-01  0.4387E-01  0.0000E+00  0.0000E+00  0.0000E+00  0.0000E+00  0.0000E+00  0.0000E+00  0.0000E+00  0.0000E+00  0.8460E-01  0.2283E-01  0.2705E-02  0.3580E-06  0.2338E-02  0.1375E-02  0.0000E+00  0.0000E+00  0.6758E-03  0.5327E-04  0.0000E+00  0.0000E+00  0.4977E-01  0.1992E-01  0.6174E-03  0.1638E-02  0.1629E-02  0.2110E-02  0.2406E-01  0.2598E-01  0.0000E+00  0.0000E+00  0.7166E-04  0.1453E-04  0.0000E+00  0.0000E+00  0.3597E-03  0.2956E-02  0.1457E-01  0.1813E-03  0.2938E-01  0.1596E+00  0.0000E+00  0.0000E+00  0.0000E+00  0.0000E+00
 Relative number of events:
  0.0000E+00  0.0000E+00  0.0000E+00  0.0000E+00  0.4559E-01  0.4262E-01  0.2973E-02  0.0000E+00  0.3964E-02  0.9911E-03  0.0000E+00  0.0000E+00  0.9911E-03  0.2973E-02  0.9911E-03  0.0000E+00  0.6145E-01  0.6541E-01  0.2973E-02  0.3964E-02  0.0000E+00  0.3964E-02  0.5154E-01  0.4460E-01  0.0000E+00  0.0000E+00  0.2973E-02  0.2973E-02  0.0000E+00  0.0000E+00  0.5946E-02  0.4955E-02  0.4955E-02  0.1982E-02  0.5649E-01  0.6343E-01  0.0000E+00  0.0000E+00  0.0000E+00  0.0000E+00  0.0000E+00  0.0000E+00  0.0000E+00  0.0000E+00  0.6244E-01  0.6541E-01  0.5946E-02  0.1982E-02  0.2973E-02  0.3964E-02  0.0000E+00  0.0000E+00  0.6938E-02  0.3964E-02  0.0000E+00  0.0000E+00  0.6343E-01  0.4757E-01  0.4955E-02  0.4955E-02  0.3964E-02  0.9911E-03  0.4658E-01  0.5946E-01  0.0000E+00  0.0000E+00  0.4955E-02  0.2973E-02  0.0000E+00  0.0000E+00  0.1982E-02  0.2973E-02  0.5946E-02  0.3964E-02  0.6343E-01  0.4955E-01  0.0000E+00  0.0000E+00  0.0000E+00  0.0000E+00
 Events:
           0           0           0           0          46          43           3           0           4           1           0           0           1           3           1           0          62          66           3           4           0           4          52          45           0           0           3           3           0           0           6           5           5           2          57          64           0           0           0           0           0           0           0           0          63          66           6           2           3           4           0           0           7           4           0           0          64          48           5           5           4           1          47          60           0           0           5           3           0           0           2           3           6           4          64          50           0           0           0           0
 Iteration  2   Mean: 0.1200E-21 Abs mean: 0.1200E-21   Fluctuation:  0.875E-23   0.672E-20    20.5%
  2    0.1200E-21 0.1200E-21 +- 0.8750E-23      3.26
 Relative summed weights:
  0.0000E+00  0.0000E+00  0.0000E+00  0.0000E+00  0.2260E-01  0.5039E-01  0.1923E-02  0.2381E-02  0.7062E-03  0.1900E-02  0.3584E-03  0.1467E-03  0.2419E-02  0.2566E-02  0.0000E+00  0.0000E+00  0.4544E-01  0.5010E-01  0.1957E-02  0.1144E-01  0.7540E-04  0.5857E-02  0.3853E-01  0.4184E-01  0.0000E+00  0.9386E-04  0.2654E-02  0.2346E-03  0.0000E+00  0.6686E-03  0.2485E-02  0.3225E-02  0.1867E-02  0.6283E-02  0.3434E-01  0.6710E-01  0.0000E+00  0.0000E+00  0.0000E+00  0.0000E+00  0.0000E+00  0.0000E+00  0.0000E+00  0.0000E+00  0.4584E-01  0.4721E-01  0.5862E-02  0.5516E-02  0.1072E-02  0.9662E-02  0.0000E+00  0.0000E+00  0.2557E-02  0.3144E-03  0.0000E+00  0.0000E+00  0.8681E-01  0.1063E+00  0.1300E-02  0.5183E-02  0.3856E-02  0.1460E-02  0.1263E+00  0.4791E-01  0.0000E+00  0.0000E+00  0.9439E-03  0.6974E-02  0.0000E+00  0.3428E-05  0.1332E-03  0.9270E-02  0.8880E-03  0.7952E-02  0.3987E-01  0.3730E-01  0.0000E+00  0.0000E+00  0.0000E+00  0.0000E+00
 Relative number of events:
  0.0000E+00  0.0000E+00  0.0000E+00  0.0000E+00  0.4500E-01  0.4800E-01  0.4000E-02  0.3000E-02  0.2500E-02  0.6000E-02  0.5000E-03  0.5000E-03  0.4500E-02  0.3000E-02  0.0000E+00  0.0000E+00  0.5700E-01  0.6000E-01  0.2000E-02  0.5000E-02  0.1500E-02  0.4000E-02  0.5200E-01  0.5100E-01  0.0000E+00  0.5000E-03  0.3000E-02  0.3000E-02  0.0000E+00  0.5000E-03  0.5000E-02  0.2500E-02  0.5000E-02  0.6500E-02  0.5300E-01  0.4950E-01  0.0000E+00  0.0000E+00  0.0000E+00  0.0000E+00  0.0000E+00  0.0000E+00  0.0000E+00  0.0000E+00  0.4800E-01  0.5150E-01  0.7000E-02  0.2500E-02  0.5500E-02  0.5000E-02  0.0000E+00  0.0000E+00  0.5000E-02  0.3500E-02  0.0000E+00  0.0000E+00  0.6550E-01  0.6550E-01  0.2500E-02  0.5000E-02  0.3500E-02  0.3000E-02  0.7100E-01  0.5600E-01  0.0000E+00  0.0000E+00  0.3000E-02  0.5500E-02  0.0000E+00  0.5000E-03  0.2000E-02  0.4000E-02  0.4500E-02  0.3500E-02  0.4700E-01  0.5200E-01  0.0000E+00  0.0000E+00  0.0000E+00  0.0000E+00
 Events:
           0           0           0           0          90          96           8           6           5          12           1           1           9           6           0           0         114         120           4          10           3           8         104         102           0           1           6           6           0           1          10           5          10          13         106          99           0           0           0           0           0           0           0           0          96         103          14           5          11          10           0           0          10           7           0           0         131         131           5          10           7           6         142         112           0           0           6          11           0           1           4           8           9           7          94         104           0           0           0           0
 Iteration  3   Mean: 0.1189E-21 Abs mean: 0.1189E-21   Fluctuation:  0.423E-23   0.699E-20    42.1%
  3    0.1189E-21 0.1189E-21 +- 0.4232E-23      2.25
 Relative summed weights:
  0.0000E+00  0.0000E+00  0.0000E+00  0.0000E+00  0.5117E-01  0.5704E-01  0.1801E-02  0.1829E-02  0.1240E-02  0.3167E-02  0.3883E-07  0.0000E+00  0.2732E-02  0.6822E-02  0.1727E-03  0.1186E-03  0.4868E-01  0.7576E-01  0.6954E-02  0.1680E-02  0.1951E-02  0.1837E-02  0.5831E-01  0.6914E-01  0.0000E+00  0.0000E+00  0.1153E-02  0.2000E-02  0.0000E+00  0.3818E-04  0.1520E-02  0.7289E-02  0.2996E-02  0.1294E-02  0.5386E-01  0.5403E-01  0.0000E+00  0.0000E+00  0.0000E+00  0.0000E+00  0.0000E+00  0.0000E+00  0.0000E+00  0.0000E+00  0.4912E-01  0.4548E-01  0.2532E-02  0.5094E-02  0.3486E-02  0.1565E-02  0.2657E-02  0.0000E+00  0.2090E-02  0.2545E-02  0.0000E+00  0.0000E+00  0.5760E-01  0.5014E-01  0.2930E-02  0.2103E-02  0.1203E-02  0.3535E-02  0.5972E-01  0.7531E-01  0.3710E-03  0.2164E-03  0.4040E-02  0.6176E-02  0.0000E+00  0.7039E-03  0.3217E-02  0.3845E-02  0.2322E-02  0.2009E-02  0.5012E-01  0.4529E-01  0.0000E+00  0.0000E+00  0.0000E+00  0.0000E+00
 Relative number of events:
  0.0000E+00  0.0000E+00  0.0000E+00  0.0000E+00  0.5075E-01  0.5100E-01  0.2750E-02  0.1500E-02  0.2500E-02  0.3000E-02  0.2500E-03  0.0000E+00  0.3250E-02  0.4000E-02  0.2500E-03  0.2500E-03  0.5825E-01  0.6350E-01  0.3750E-02  0.3750E-02  0.2750E-02  0.2250E-02  0.6525E-01  0.5725E-01  0.0000E+00  0.0000E+00  0.2250E-02  0.2000E-02  0.0000E+00  0.2500E-03  0.4250E-02  0.4250E-02  0.4750E-02  0.2250E-02  0.5125E-01  0.5250E-01  0.0000E+00  0.0000E+00  0.0000E+00  0.0000E+00  0.0000E+00  0.0000E+00  0.0000E+00  0.0000E+00  0.5325E-01  0.4675E-01  0.3500E-02  0.3500E-02  0.3500E-02  0.2750E-02  0.2500E-03  0.0000E+00  0.2750E-02  0.2500E-02  0.0000E+00  0.0000E+00  0.6425E-01  0.5700E-01  0.3250E-02  0.5000E-02  0.1750E-02  0.3500E-02  0.6175E-01  0.6525E-01  0.2500E-03  0.2500E-03  0.4750E-02  0.3500E-02  0.0000E+00  0.2500E-03  0.4000E-02  0.2750E-02  0.3250E-02  0.2750E-02  0.5000E-01  0.4775E-01  0.0000E+00  0.0000E+00  0.0000E+00  0.0000E+00
 Events:
           0           0           0           0         203         204          11           6          10          12           1           0          13          16           1           1         233         254          15          15          11           9         261         229           0           0           9           8           0           1          17          17          19           9         205         210           0           0           0           0           0           0           0           0         213         187          14          14          14          11           1           0          11          10           0           0         257         228          13          20           7          14         247         261           1           1          19          14           0           1          16          11          13          11         200         191           0           0           0           0
 Accuracy:    0.029   0.100   0.031   0.880
 Finished due to accuracy    2.9356325463989443E-002  0.10000000000000001     

 -------------------------------------------------------------------------------
 Accumulated results:   Integral =  0.1181E-21
                        Std dev  =  0.3697E-23
                       Cross sec =  0.1181E-21
             Chi**2 per DoF.     =      0.8795
 -------------------------------------------------------------------------------
 Found          778  events.
 Wrote          166  events.
 Actual xsec    1.1812018535705964E-022
 Correct abs xsec    1.1812018535705964E-022
 Event xsec    1.1812018535705969E-022
 Events wgts > 1:            1
 % Cross section > 1:    9.4266882306096938E-025  0.79805904487147750     
-------------------------------------------------
---------------------------
 Results Last   3 iters: Integral =   0.1181E-21
                     Abs integral =   0.1181E-21
                          Std dev =   0.3697E-23
                  Chi**2 per DoF. =      1.3431
-------------------------------------------------
---------------------------
 Status  0.10000000000000001                4           5

ls status:
events.lhe
ftn25
ftn26
input_app.txt
results.dat
run1_app.log
