 Process in group number            1
 A PDF is used, so alpha_s(MZ) is going to be modified
 Old value of alpha_s from param_card:   0.11839999999999999     
  ****************************************
 
       NNPDFDriver version 1.0.3
   Grid: NNPDF23_lo_as_0130_qed_mem0.grid
  ****************************************
 New value of alpha_s from PDF nn23lo1:  0.13000000000000000     
 Define smin to   353.44000000000005     
 Warning: pt or E min of a jet should in general be >0
 Warning: pt or E min of a jet should in general be >0
 Warning: pt or E min of a jet should in general be >0
 Warning: pt or E min of a jet should in general be >0
 *****************************************************
 *               MadGraph/MadEvent                   *
 *        --------------------------------           *
 *          http://madgraph.hep.uiuc.edu             *
 *          http://madgraph.phys.ucl.ac.be           *
 *          http://madgraph.roma2.infn.it            *
 *        --------------------------------           *
 *                                                   *
 *          PARAMETER AND COUPLING VALUES            *
 *                                                   *
 *****************************************************

  External Params
  ---------------------------------
  
 mdl_cabi =   0.22773599999999999     
 aEWM1 =    127.90000000000001     
 mdl_Gf =    1.1663700000000000E-005
 aS =   0.11839999999999999     
 mdl_ymb =    4.7000000000000002     
 mdl_ymt =    172.00000000000000     
 mdl_ymtau =    1.7769999999999999     
 mdl_Lambda =    5000.0000000000000     
 mdl_ca =    1.0000000000000000     
 mdl_kSM =    5.0000000000000003E-002
 mdl_kHtt =    0.0000000000000000     
 mdl_kAtt =    0.0000000000000000     
 mdl_kHbb =    0.0000000000000000     
 mdl_kAbb =    0.0000000000000000     
 mdl_kHll =    0.0000000000000000     
 mdl_kAll =    0.0000000000000000     
 mdl_kHaa =    0.0000000000000000     
 mdl_kAaa =    0.0000000000000000     
 mdl_kHza =    0.0000000000000000     
 mdl_kAza =    0.0000000000000000     
 mdl_kHgg =    0.0000000000000000     
 mdl_kAgg =    0.0000000000000000     
 mdl_kHzz =  -0.52481000000000000     
 mdl_kAzz =    0.0000000000000000     
 mdl_kHww =  -0.52481000000000000     
 mdl_kAww =    0.0000000000000000     
 mdl_kHda =    0.0000000000000000     
 mdl_kHdz =  -0.26240500000000000     
 mdl_kHdwR =  -0.26240500000000000     
 mdl_kHdwI =    0.0000000000000000     
 mdl_kHHgg =    1.0000000000000000     
 mdl_kAAgg =    1.0000000000000000     
 mdl_kqa =    1.0000000000000000     
 mdl_kqb =    1.0000000000000000     
 mdl_kla =    1.0000000000000000     
 mdl_klb =    1.0000000000000000     
 mdl_kw1 =    1.0000000000000000     
 mdl_kw2 =    1.0000000000000000     
 mdl_kw3 =    0.0000000000000000     
 mdl_kw4 =    0.0000000000000000     
 mdl_kw5 =    0.0000000000000000     
 mdl_kz1 =    0.0000000000000000     
 mdl_kz3 =    1.0000000000000000     
 mdl_kz5 =    0.0000000000000000     
 mdl_kq =    1.0000000000000000     
 mdl_kq3 =    1.0000000000000000     
 mdl_kl =    1.0000000000000000     
 mdl_kg =    1.0000000000000000     
 mdl_ka =    1.0000000000000000     
 mdl_kz =    1.0000000000000000     
 mdl_kw =    1.0000000000000000     
 mdl_kza =    0.0000000000000000     
 mdl_MZ =    91.187600000000003     
 mdl_MTA =    1.7769999999999999     
 mdl_MT =    172.00000000000000     
 mdl_MB =    4.7000000000000002     
 mdl_MX0 =    600.00000000000000     
 mdl_MX1 =    125.00000000000000     
 mdl_MX2 =    125.00000000000000     
 mdl_WZ =    2.4952000000000001     
 mdl_WW =    2.0850000000000000     
 mdl_WT =    1.5083359999999999     
 mdl_WX0 =   0.15059000000000000     
 mdl_WX1 =    4.0699999999999998E-003
 mdl_WX2 =    4.0699999999999998E-003
  Internal Params
  ---------------------------------
  
 mdl_cos__cabi =   0.97418004031982097     
 mdl_CKM1x1 =  ( 0.97418004031982097     ,  0.0000000000000000     )
 mdl_sin__cabi =   0.22577256042856930     
 mdl_CKM1x2 =  ( 0.22577256042856930     ,  0.0000000000000000     )
 mdl_CKM2x1 =  (-0.22577256042856930     ,  0.0000000000000000     )
 mdl_CKM2x2 =  ( 0.97418004031982097     ,  0.0000000000000000     )
 mdl_ca__exp__2 =    1.0000000000000000     
 mdl_sa =    0.0000000000000000     
 mdl_complexi =  (  0.0000000000000000     ,  1.0000000000000000     )
 mdl_kHdw =  (-0.26240500000000000     ,  0.0000000000000000     )
 mdl_MZ__exp__2 =    8315.1783937600012     
 mdl_MZ__exp__4 =    69142191.720053151     
 mdl_sqrt__2 =    1.4142135623730951     
 mdl_nb__2__exp__0_75 =    1.6817928305074290     
 mdl_MX0__exp__2 =    360000.00000000000     
 mdl_ca__exp__4 =    1.0000000000000000     
 mdl_ca__exp__3 =    1.0000000000000000     
 mdl_conjg__CKM1x1 =  ( 0.97418004031982097     , -0.0000000000000000     )
 mdl_conjg__CKM1x2 =  ( 0.22577256042856930     , -0.0000000000000000     )
 mdl_conjg__CKM2x1 =  (-0.22577256042856930     , -0.0000000000000000     )
 mdl_conjg__CKM2x2 =  ( 0.97418004031982097     , -0.0000000000000000     )
 mdl_conjg__kHdw =  (-0.26240500000000000     , -0.0000000000000000     )
 mdl_aEW =    7.8186082877247844E-003
 mdl_MW =    79.824359746197842     
 mdl_sqrt__aEW =    8.8422894590285753E-002
 mdl_ee =   0.31345100004952897     
 mdl_MW__exp__2 =    6371.9284088904105     
 mdl_sw2 =   0.23369913342182447     
 mdl_cw =   0.87538612427783857     
 mdl_sqrt__sw2 =   0.48342438232036300     
 mdl_sw =   0.48342438232036300     
 mdl_ad =  -0.12747442148678401     
 mdl_al =   -1.2074027013887732E-002
 mdl_an =   0.18517461872323218     
 mdl_au =    6.9774224250335873E-002
 mdl_bd =  -0.18517461872323218     
 mdl_bl =  -0.18517461872323218     
 mdl_bn =   0.18517461872323218     
 mdl_bu =   0.18517461872323218     
 mdl_gwwz =  -0.56759788318358417     
 mdl_g1 =   0.35807170271074895     
 mdl_gw =   0.64839716719502682     
 mdl_vev =    246.22056907348590     
 mdl_ee__exp__2 =    9.8251529432049817E-002
 mdl_gAaa =    1.3477023594718659E-005
 mdl_vev__exp__2 =    60624.568634871241     
 mdl_cw__exp__2 =   0.76630086657817542     
 mdl_gAza =    4.4999802188047602E-006
 mdl_gHaa =    2.6392504539657372E-005
 mdl_gHza =    3.9166441035016922E-005
 mdl_lam =    2.9690932909411916     
 mdl_yb =    2.6995322804122722E-002
 mdl_yt =   0.98791394091683138     
 mdl_ytau =    1.0206529494239589E-002
 mdl_muH =    424.26406871192853     
 mdl_sw__exp__2 =   0.23369913342182450     
  Internal Params evaluated point by point
  ----------------------------------------
  
 mdl_sqrt__aS =   0.34409301068170506     
 mdl_G__exp__2 =    1.4878582807401259     
 mdl_gAAgg =    3.1083017473614446E-007
 mdl_gAgg =    7.6532782508744533E-005
 mdl_gHgg =   -5.1021855005829691E-005
 mdl_gHHgg =    2.0722011649076294E-007
  Couplings of HC_UFO
  ---------------------------------
  
        GC_10 =  -0.00000E+00   0.00000E+00
        GC_13 =  -0.00000E+00  -0.20722E-06
        GC_62 =   0.00000E+00   0.00000E+00
        GC_64 =   0.00000E+00   0.00000E+00
         GC_1 =  -0.00000E+00  -0.10448E+00
         GC_2 =   0.00000E+00   0.20897E+00
         GC_3 =  -0.00000E+00  -0.31345E+00
         GC_9 =  -0.00000E+00  -0.00000E+00
        GC_16 =  -0.00000E+00  -0.00000E+00
        GC_17 =   0.00000E+00  -0.12074E-01
        GC_19 =  -0.00000E+00   0.18517E+00
        GC_21 =   0.00000E+00  -0.12747E+00
        GC_22 =   0.00000E+00   0.69774E-01
        GC_23 =  -0.00000E+00   0.18517E+00
        GC_24 =  -0.00000E+00  -0.18517E+00
        GC_61 =   0.00000E+00   0.00000E+00
        GC_66 =   0.00000E+00   0.00000E+00
        GC_77 =  -0.00000E+00  -0.28380E+00
        GC_78 =   0.00000E+00   0.28380E+00
        GC_89 =  -0.00000E+00  -0.28850E-01
        GC_90 =   0.00000E+00   0.86550E-01
        GC_98 =  -0.00000E+00  -0.21932E+03
       GC_100 =   0.00000E+00   0.33771E+01
       GC_101 =  -0.00000E+00  -0.00000E+00
       GC_102 =   0.00000E+00   0.00000E+00
       GC_105 =  -0.00000E+00  -0.00000E+00
       GC_106 =   0.00000E+00   0.00000E+00
        GC_35 =  -0.00000E+00  -0.20000E-03
        GC_38 =  -0.00000E+00  -0.00000E+00
        GC_40 =   0.00000E+00   0.52481E-04
        GC_42 =   0.00000E+00   0.10496E-03
        GC_43 =   0.00000E+00   0.50000E-04
        GC_45 =   0.00000E+00   0.50000E-04
        GC_49 =   0.00000E+00   0.50000E-04
        GC_56 =  -0.00000E+00  -0.94000E-03
        GC_58 =  -0.00000E+00  -0.35540E-03
        GC_68 =   0.00000E+00   0.00000E+00

 Collider parameters:
 --------------------

 Running at P P   machine @    13000.000000000000       GeV
 PDF set = nn23lo1
 alpha_s(Mz)= 0.1300 running at 2 loops.
 alpha_s(Mz)= 0.1300 running at 2 loops.
 Renormalization scale set on event-by-event basis
 Factorization   scale set on event-by-event basis


 getting user params
Enter number of events and max and min iterations: 
 Number of events and iterations         1000           5           3
Enter desired fractional accuracy: 
 Desired fractional accuracy:   0.10000000000000001     
Enter 0 for fixed, 2 for adjustable grid: 
Suppress amplitude (0 no, 1 yes)? 
 Using suppressed amplitude.
Exact helicity sum (0 yes, n = number/event)? 
 Explicitly summing over helicities
Enter Configuration Number: 
Running Configuration Number:   47
 Not subdividing B.W.
 Attempting mappinvarients           1           8
 Completed mapping           8
 about to integrate           16        1000           5           3          16           1
 Using non-zero grid deformation.
 16 dimensions   1000 events 16 invarients  5 iterations  1 config(s),  (0.99)
 Using h-tuple random number sequence.
 Error opening grid
 Using Uniform Grid!          32
 Using uniform alpha   1.0000000000000000     
 Grid defined OK
 Set CM energy to      13000.00
 Mapping Graph          47  to config          47
 Setting BW          -1           1   91.187600000000003     
Setting grid   2    0.52284E-06   1
 Setting BW          -3           2   600.00000000000000     
 Setting BW          -4           3   91.187600000000003     
Setting grid   5    0.17101E-04   1
 Transforming s_hat 1/s           15   2.5115575576956360E-003   353.44000000000005        168999999.99999997     
  47   1   2   3   4   5   6   7   8   9  10  11  12  13  14
  15  16
 Masses: 0.470E+01 0.470E+01 0.470E+01 0.470E+01 0.000E+00 0.000E+00 0.470E+01 0.470E+01
Using random seed offsets    47 :     17
  with seed                   24
 Ranmar initialization seeds       31105        9414
 
 ********************************************
 * You are using the DiscreteSampler module *
 *      part of the MG5_aMC framework       *
 *         Author: Valentin Hirschi         *
 ********************************************
 
  Particle       3       4       5       6       7       8
      Et >     0.0     0.0     0.0     0.0     0.0     0.0
       E >     0.0     0.0     0.0     0.0     0.0     0.0
     Eta <    -1.0    -1.0    -1.0    -1.0    -1.0    -1.0
   xqcut:      0.0     0.0     0.0     0.0     0.0     0.0
d R # 3  >    -0.0     0.0     0.0     0.0     0.0     0.0
d R # 4  >    -0.0    -0.0     0.0     0.0     0.0     0.0
d R # 5  >    -0.0    -0.0    -0.0     0.0     0.0     0.0
d R # 6  >    -0.0    -0.0    -0.0    -0.0     0.0     0.0
d R # 7  >    -0.0    -0.0    -0.0    -0.0    -0.0     0.0
s min # 3>     0.0    88.4    22.1    22.1    88.4     0.0
s min # 4>     0.0     0.0    22.1    22.1    88.4     0.0
s min # 5>     0.0     0.0     0.0     0.0    22.1     0.0
s min # 6>     0.0     0.0     0.0     0.0    22.1     0.0
s min # 7>     0.0     0.0     0.0     0.0     0.0     0.0
xqcutij # 3>     0.0     0.0     0.0     0.0     0.0     0.0
xqcutij # 4>     0.0     0.0     0.0     0.0     0.0     0.0
xqcutij # 5>     0.0     0.0     0.0     0.0     0.0     0.0
xqcutij # 6>     0.0     0.0     0.0     0.0     0.0     0.0
xqcutij # 7>     0.0     0.0     0.0     0.0     0.0     0.0
 No cut BW           -1           1
 No cut BW           -3           2
 No cut BW           -4           3
 alpha_s for scale    1043.6335136042726       is    9.2619416448719807E-002
 Added good helicity            1   4.4303445167098756       in event            1 local:           1
 Added good helicity            2   1.1209448686128011E-003  in event            1 local:           1
 Added good helicity            3   2.4361471709047583E-003  in event            1 local:           1
 Added good helicity            4  0.13580400082689412       in event            1 local:           1
 Added good helicity           13   3.2180019883158395       in event            1 local:           1
 Added good helicity           14   7.5402067110959009E-004  in event            1 local:           1
 Added good helicity           15   9.2212100077743143E-004  in event            1 local:           1
 Added good helicity           16  0.11102251329551217       in event            1 local:           1
 Added good helicity           17   2.3659172952746794E-002  in event            1 local:           1
 Added good helicity           18   5.9861323237903442E-006  in event            1 local:           1
 Added good helicity           19   1.3009649032347447E-005  in event            1 local:           1
 Added good helicity           20   7.2522810158893612E-004  in event            1 local:           1
 Added good helicity           29   1.7184953747206123E-002  in event            1 local:           1
 Added good helicity           30   4.0266632539394954E-006  in event            1 local:           1
 Added good helicity           31   4.9243620125856425E-006  in event            1 local:           1
 Added good helicity           32   5.9288861933875711E-004  in event            1 local:           1
 Added good helicity           33   2.4547939655620653E-002  in event            1 local:           1
 Added good helicity           34   6.2110038820230730E-006  in event            1 local:           1
 Added good helicity           35   1.3498361926036457E-005  in event            1 local:           1
 Added good helicity           36   7.5247159779939148E-004  in event            1 local:           1
 Added good helicity           45   1.7830513704498327E-002  in event            1 local:           1
 Added good helicity           46   4.1779265390481861E-006  in event            1 local:           1
 Added good helicity           47   5.1093477260940639E-006  in event            1 local:           1
 Added good helicity           48   6.1516072768479167E-004  in event            1 local:           1
 Added good helicity           49  0.14205410031229485       in event            1 local:           1
 Added good helicity           50   3.5941858293388016E-005  in event            1 local:           1
 Added good helicity           51   7.8112366495646033E-005  in event            1 local:           1
 Added good helicity           52   4.3544051898250832E-003  in event            1 local:           1
 Added good helicity           61  0.10318167707482545       in event            1 local:           1
 Added good helicity           62   2.4176839441572440E-005  in event            1 local:           1
 Added good helicity           63   2.9566790720327371E-005  in event            1 local:           1
 Added good helicity           64   3.5598141817458459E-003  in event            1 local:           1
 Added good helicity           65   4.0385795096756688E-002  in event            1 local:           1
 Added good helicity           66   1.0218223347600212E-005  in event            1 local:           1
 Added good helicity           67   2.2207243725318139E-005  in event            1 local:           1
 Added good helicity           68   1.2379517055679753E-003  in event            1 local:           1
 Added good helicity           77   2.9334415964922058E-002  in event            1 local:           1
 Added good helicity           78   6.8734438613738650E-006  in event            1 local:           1
 Added good helicity           79   8.4057999668769935E-006  in event            1 local:           1
 Added good helicity           80   1.0120505202627604E-003  in event            1 local:           1
 Added good helicity           81   2.1514312829640897E-004  in event            1 local:           1
 Added good helicity           82   5.4434499342335909E-008  in event            1 local:           1
 Added good helicity           83   1.1830238514455884E-007  in event            1 local:           1
 Added good helicity           84   6.5948138937880755E-006  in event            1 local:           1
 Added good helicity           93   1.5627024309714001E-004  in event            1 local:           1
 Added good helicity           94   3.6616196634555816E-008  in event            1 local:           1
 Added good helicity           95   4.4779361069283496E-008  in event            1 local:           1
 Added good helicity           96   5.3913935432417556E-006  in event            1 local:           1
 Added good helicity           97   2.1988131617310547E-004  in event            1 local:           1
 Added good helicity           98   5.5633333285582058E-008  in event            1 local:           1
 Added good helicity           99   1.2090780848071090E-007  in event            1 local:           1
 Added good helicity          100   6.7400542623187617E-006  in event            1 local:           1
 Added good helicity          109   1.5971184858644554E-004  in event            1 local:           1
 Added good helicity          110   3.7422610580278282E-008  in event            1 local:           1
 Added good helicity          111   4.5765555829138345E-008  in event            1 local:           1
 Added good helicity          112   5.5101304777065774E-006  in event            1 local:           1
 Added good helicity          113   1.2629071042930830E-003  in event            1 local:           1
 Added good helicity          114   3.1953479752028240E-007  in event            1 local:           1
 Added good helicity          115   6.9444431638104794E-007  in event            1 local:           1
 Added good helicity          116   3.8712076857416900E-005  in event            1 local:           1
 Added good helicity          125   9.1731863229711774E-004  in event            1 local:           1
 Added good helicity          126   2.1493995754427663E-007  in event            1 local:           1
 Added good helicity          127   2.6285837557493208E-007  in event            1 local:           1
 Added good helicity          128   3.1647904637786729E-005  in event            1 local:           1
 Added good helicity          129   4.2406795129774799E-002  in event            1 local:           1
 Added good helicity          130   1.0729567241496835E-005  in event            1 local:           1
 Added good helicity          131   2.3318546355230066E-005  in event            1 local:           1
 Added good helicity          132   1.2999017162544965E-003  in event            1 local:           1
 Added good helicity          141   3.0802379031927181E-002  in event            1 local:           1
 Added good helicity          142   7.2174071345372141E-006  in event            1 local:           1
 Added good helicity          143   8.8264459383108038E-006  in event            1 local:           1
 Added good helicity          144   1.0626959051057918E-003  in event            1 local:           1
 Added good helicity          145   2.2635304644677914E-004  in event            1 local:           1
 Added good helicity          146   5.7270779947790643E-008  in event            1 local:           1
 Added good helicity          147   1.2446646793430511E-007  in event            1 local:           1
 Added good helicity          148   6.9384331604208267E-006  in event            1 local:           1
 Added good helicity          157   1.6441262091012758E-004  in event            1 local:           1
 Added good helicity          158   3.8524064064491668E-008  in event            1 local:           1
 Added good helicity          159   4.7112565835744662E-008  in event            1 local:           1
 Added good helicity          160   5.6723092332511891E-006  in event            1 local:           1
 Added good helicity          161   2.3052614303826891E-004  in event            1 local:           1
 Added good helicity          162   5.8326637159981002E-008  in event            1 local:           1
 Added good helicity          163   1.2676116023575627E-007  in event            1 local:           1
 Added good helicity          164   7.0663517028330249E-006  in event            1 local:           1
 Added good helicity          173   1.6744376963415976E-004  in event            1 local:           1
 Added good helicity          174   3.9234302530293198E-008  in event            1 local:           1
 Added good helicity          175   4.7981143886677650E-008  in event            1 local:           1
 Added good helicity          176   5.7768852250425047E-006  in event            1 local:           1
 Added good helicity          177   1.3261792641500170E-003  in event            1 local:           1
 Added good helicity          178   3.3554362090866079E-007  in event            1 local:           1
 Added good helicity          179   7.2923625923134648E-007  in event            1 local:           1
 Added good helicity          180   4.0651567661601943E-005  in event            1 local:           1
 Added good helicity          189   9.6327666907206847E-004  in event            1 local:           1
 Added good helicity          190   2.2570853688566581E-007  in event            1 local:           1
 Added good helicity          191   2.7602768715974628E-007  in event            1 local:           1
 Added good helicity          192   3.3233477539049284E-005  in event            1 local:           1
 Added good helicity          193   133.34650591224695       in event            1 local:           1
 Added good helicity          194   3.3738703838044712E-002  in event            1 local:           1
 Added good helicity          195   7.3324255462056231E-002  in event            1 local:           1
 Added good helicity          196   4.0874900204417006       in event            1 local:           1
 Added good helicity          205   96.856874119408630       in event            1 local:           1
 Added good helicity          206   2.2694853977798607E-002  in event            1 local:           1
 Added good helicity          207   2.7754413458863522E-002  in event            1 local:           1
 Added good helicity          208   3.3416056403096213       in event            1 local:           1
 Added good helicity          209  0.71756844541274023       in event            1 local:           1
 Added good helicity          210   1.8155578279072917E-004  in event            1 local:           1
 Added good helicity          211   3.9457480826366354E-004  in event            1 local:           1
 Added good helicity          212   2.1995730893306135E-002  in event            1 local:           1
 Added good helicity          221  0.52120928189253934       in event            1 local:           1
 Added good helicity          222   1.2212626777363808E-004  in event            1 local:           1
 Added good helicity          223   1.4935292966825327E-004  in event            1 local:           1
 Added good helicity          224   1.7981954218413424E-002  in event            1 local:           1
 Added good helicity          225  0.72280354024526483       in event            1 local:           1
 Added good helicity          226   1.8288034178768448E-004  in event            1 local:           1
 Added good helicity          227   3.9745346959972226E-004  in event            1 local:           1
 Added good helicity          228   2.2156203023697706E-002  in event            1 local:           1
 Added good helicity          237  0.52501181813245157       in event            1 local:           1
 Added good helicity          238   1.2301725259525955E-004  in event            1 local:           1
 Added good helicity          239   1.5044254941857398E-004  in event            1 local:           1
 Added good helicity          240   1.8113143425811416E-002  in event            1 local:           1
 Added good helicity          241   4.0644548610415177       in event            1 local:           1
 Added good helicity          242   1.0283691940906454E-003  in event            1 local:           1
 Added good helicity          243   2.2349526484115628E-003  in event            1 local:           1
 Added good helicity          244  0.12458833150060909       in event            1 local:           1
 Added good helicity          253   2.9522362820588954       in event            1 local:           1
 Added good helicity          254   6.9174823096897599E-004  in event            1 local:           1
 Added good helicity          255   8.4596562861924591E-004  in event            1 local:           1
 Added good helicity          256  0.10185347711606438       in event            1 local:           1
 Added good helicity            1   4.4303445167098792       in event            1 local:           1
 Added good helicity            2   1.1209448686127967E-003  in event            1 local:           1
 Added good helicity            3   2.4361471709047769E-003  in event            1 local:           1
 Added good helicity            4  0.13580400082689412       in event            1 local:           1
 Added good helicity           13   3.2180019883158311       in event            1 local:           1
 Added good helicity           14   7.5402067110959118E-004  in event            1 local:           1
 Added good helicity           15   9.2212100077742546E-004  in event            1 local:           1
 Added good helicity           16  0.11102251329551228       in event            1 local:           1
 Added good helicity           17   2.3659172952747064E-002  in event            1 local:           1
 Added good helicity           18   5.9861323237903781E-006  in event            1 local:           1
 Added good helicity           19   1.3009649032347682E-005  in event            1 local:           1
 Added good helicity           20   7.2522810158894371E-004  in event            1 local:           1
 Added good helicity           29   1.7184953747206255E-002  in event            1 local:           1
 Added good helicity           30   4.0266632539395445E-006  in event            1 local:           1
 Added good helicity           31   4.9243620125856603E-006  in event            1 local:           1
 Added good helicity           32   5.9288861933876383E-004  in event            1 local:           1
 Added good helicity           33   2.4547939655620837E-002  in event            1 local:           1
 Added good helicity           34   6.2110038820230899E-006  in event            1 local:           1
 Added good helicity           35   1.3498361926036648E-005  in event            1 local:           1
 Added good helicity           36   7.5247159779939690E-004  in event            1 local:           1
 Added good helicity           45   1.7830513704498400E-002  in event            1 local:           1
 Added good helicity           46   4.1779265390482217E-006  in event            1 local:           1
 Added good helicity           47   5.1093477260940665E-006  in event            1 local:           1
 Added good helicity           48   6.1516072768479633E-004  in event            1 local:           1
 Added good helicity           49  0.14205410031229490       in event            1 local:           1
 Added good helicity           50   3.5941858293387873E-005  in event            1 local:           1
 Added good helicity           51   7.8112366495646630E-005  in event            1 local:           1
 Added good helicity           52   4.3544051898250823E-003  in event            1 local:           1
 Added good helicity           61  0.10318167707482524       in event            1 local:           1
 Added good helicity           62   2.4176839441572484E-005  in event            1 local:           1
 Added good helicity           63   2.9566790720327195E-005  in event            1 local:           1
 Added good helicity           64   3.5598141817458490E-003  in event            1 local:           1
 Added good helicity           65   4.0385795096757833E-002  in event            1 local:           1
 Added good helicity           66   1.0218223347600452E-005  in event            1 local:           1
 Added good helicity           67   2.2207243725318918E-005  in event            1 local:           1
 Added good helicity           68   1.2379517055680102E-003  in event            1 local:           1
 Added good helicity           77   2.9334415964922800E-002  in event            1 local:           1
 Added good helicity           78   6.8734438613740666E-006  in event            1 local:           1
 Added good helicity           79   8.4057999668771731E-006  in event            1 local:           1
 Added good helicity           80   1.0120505202627895E-003  in event            1 local:           1
 Added good helicity           81   2.1514312829641464E-004  in event            1 local:           1
 Added good helicity           82   5.4434499342337100E-008  in event            1 local:           1
 Added good helicity           83   1.1830238514456276E-007  in event            1 local:           1
 Added good helicity           84   6.5948138937882432E-006  in event            1 local:           1
 Added good helicity           93   1.5627024309714364E-004  in event            1 local:           1
 Added good helicity           94   3.6616196634556808E-008  in event            1 local:           1
 Added good helicity           95   4.4779361069284396E-008  in event            1 local:           1
 Added good helicity           96   5.3913935432418988E-006  in event            1 local:           1
 Added good helicity           97   2.1988131617311414E-004  in event            1 local:           1
 Added good helicity           98   5.5633333285583957E-008  in event            1 local:           1
 Added good helicity           99   1.2090780848071638E-007  in event            1 local:           1
 Added good helicity          100   6.7400542623190243E-006  in event            1 local:           1
 Added good helicity          109   1.5971184858645121E-004  in event            1 local:           1
 Added good helicity          110   3.7422610580279785E-008  in event            1 local:           1
 Added good helicity          111   4.5765555829139795E-008  in event            1 local:           1
 Added good helicity          112   5.5101304777067943E-006  in event            1 local:           1
 Added good helicity          113   1.2629071042931550E-003  in event            1 local:           1
 Added good helicity          114   3.1953479752029882E-007  in event            1 local:           1
 Added good helicity          115   6.9444431638109209E-007  in event            1 local:           1
 Added good helicity          116   3.8712076857419068E-005  in event            1 local:           1
 Added good helicity          125   9.1731863229716675E-004  in event            1 local:           1
 Added good helicity          126   2.1493995754428907E-007  in event            1 local:           1
 Added good helicity          127   2.6285837557494515E-007  in event            1 local:           1
 Added good helicity          128   3.1647904637788552E-005  in event            1 local:           1
 Added good helicity          129   4.2406795129775327E-002  in event            1 local:           1
 Added good helicity          130   1.0729567241496907E-005  in event            1 local:           1
 Added good helicity          131   2.3318546355230493E-005  in event            1 local:           1
 Added good helicity          132   1.2999017162545119E-003  in event            1 local:           1
 Added good helicity          141   3.0802379031927424E-002  in event            1 local:           1
 Added good helicity          142   7.2174071345373056E-006  in event            1 local:           1
 Added good helicity          143   8.8264459383108478E-006  in event            1 local:           1
 Added good helicity          144   1.0626959051058050E-003  in event            1 local:           1
 Added good helicity          145   2.2635304644677930E-004  in event            1 local:           1
 Added good helicity          146   5.7270779947790398E-008  in event            1 local:           1
 Added good helicity          147   1.2446646793430606E-007  in event            1 local:           1
 Added good helicity          148   6.9384331604208250E-006  in event            1 local:           1
 Added good helicity          157   1.6441262091012698E-004  in event            1 local:           1
 Added good helicity          158   3.8524064064491721E-008  in event            1 local:           1
 Added good helicity          159   4.7112565835744318E-008  in event            1 local:           1
 Added good helicity          160   5.6723092332511951E-006  in event            1 local:           1
 Added good helicity          161   2.3052614303827870E-004  in event            1 local:           1
 Added good helicity          162   5.8326637159983140E-008  in event            1 local:           1
 Added good helicity          163   1.2676116023576231E-007  in event            1 local:           1
 Added good helicity          164   7.0663517028333145E-006  in event            1 local:           1
 Added good helicity          173   1.6744376963416608E-004  in event            1 local:           1
 Added good helicity          174   3.9234302530294872E-008  in event            1 local:           1
 Added good helicity          175   4.7981143886679291E-008  in event            1 local:           1
 Added good helicity          176   5.7768852250427445E-006  in event            1 local:           1
 Added good helicity          177   1.3261792641500530E-003  in event            1 local:           1
 Added good helicity          178   3.3554362090866804E-007  in event            1 local:           1
 Added good helicity          179   7.2923625923137083E-007  in event            1 local:           1
 Added good helicity          180   4.0651567661602993E-005  in event            1 local:           1
 Added good helicity          189   9.6327666907209048E-004  in event            1 local:           1
 Added good helicity          190   2.2570853688567190E-007  in event            1 local:           1
 Added good helicity          191   2.7602768715975152E-007  in event            1 local:           1
 Added good helicity          192   3.3233477539050172E-005  in event            1 local:           1
 Added good helicity          193   133.34650591224715       in event            1 local:           1
 Added good helicity          194   3.3738703838044573E-002  in event            1 local:           1
 Added good helicity          195   7.3324255462056828E-002  in event            1 local:           1
 Added good helicity          196   4.0874900204417024       in event            1 local:           1
 Added good helicity          205   96.856874119408374       in event            1 local:           1
 Added good helicity          206   2.2694853977798655E-002  in event            1 local:           1
 Added good helicity          207   2.7754413458863373E-002  in event            1 local:           1
 Added good helicity          208   3.3416056403096253       in event            1 local:           1
 Added good helicity          209  0.71756844541274833       in event            1 local:           1
 Added good helicity          210   1.8155578279073020E-004  in event            1 local:           1
 Added good helicity          211   3.9457480826367042E-004  in event            1 local:           1
 Added good helicity          212   2.1995730893306361E-002  in event            1 local:           1
 Added good helicity          221  0.52120928189254301       in event            1 local:           1
 Added good helicity          222   1.2212626777363949E-004  in event            1 local:           1
 Added good helicity          223   1.4935292966825381E-004  in event            1 local:           1
 Added good helicity          224   1.7981954218413618E-002  in event            1 local:           1
 Added good helicity          225  0.72280354024527049       in event            1 local:           1
 Added good helicity          226   1.8288034178768492E-004  in event            1 local:           1
 Added good helicity          227   3.9745346959972790E-004  in event            1 local:           1
 Added good helicity          228   2.2156203023697852E-002  in event            1 local:           1
 Added good helicity          237  0.52501181813245335       in event            1 local:           1
 Added good helicity          238   1.2301725259526058E-004  in event            1 local:           1
 Added good helicity          239   1.5044254941857396E-004  in event            1 local:           1
 Added good helicity          240   1.8113143425811547E-002  in event            1 local:           1
 Added good helicity          241   4.0644548610415203       in event            1 local:           1
 Added good helicity          242   1.0283691940906410E-003  in event            1 local:           1
 Added good helicity          243   2.2349526484115793E-003  in event            1 local:           1
 Added good helicity          244  0.12458833150060915       in event            1 local:           1
 Added good helicity          253   2.9522362820588879       in event            1 local:           1
 Added good helicity          254   6.9174823096897697E-004  in event            1 local:           1
 Added good helicity          255   8.4596562861923973E-004  in event            1 local:           1
 Added good helicity          256  0.10185347711606445       in event            1 local:           1
 RESET CUMULATIVE VARIABLE
 RESET CUMULATIVE VARIABLE
 RESET CUMULATIVE VARIABLE
 No points passed cuts!
 Loosen cuts or increase max_events      500000
 Deleting file events.lhe

ls status:
events.lhe
grid_information
input_app.txt
results.dat
run1_app.log
