 Process in group number            1
 A PDF is used, so alpha_s(MZ) is going to be modified
 Old value of alpha_s from param_card:   0.11839999999999999     
  ****************************************
 
       NNPDFDriver version 1.0.3
   Grid: NNPDF23_lo_as_0130_qed_mem0.grid
  ****************************************
 New value of alpha_s from PDF nn23lo1:  0.13000000000000000     
 Define smin to   12.630915999999999     
 Define smin to   12.630915999999999     
 Define smin to   12.630915999999999     
 Define smin to   12.630915999999999     
 Define smin to   12.630915999999999     
 Define smin to   12.630915999999999     
 Warning: pt or E min of a jet should in general be >0
 Warning: pt or E min of a jet should in general be >0
 Warning: pt or E min of a jet should in general be >0
 Warning: pt or E min of a jet should in general be >0
 *****************************************************
 *               MadGraph/MadEvent                   *
 *        --------------------------------           *
 *          http://madgraph.hep.uiuc.edu             *
 *          http://madgraph.phys.ucl.ac.be           *
 *          http://madgraph.roma2.infn.it            *
 *        --------------------------------           *
 *                                                   *
 *          PARAMETER AND COUPLING VALUES            *
 *                                                   *
 *****************************************************

  External Params
  ---------------------------------
  
 mdl_cabi =   0.22773599999999999     
 aEWM1 =    127.90000000000001     
 mdl_Gf =    1.1663700000000000E-005
 aS =   0.11839999999999999     
 mdl_ymb =    4.7000000000000002     
 mdl_ymt =    172.00000000000000     
 mdl_ymtau =    1.7769999999999999     
 mdl_Lambda =    5000.0000000000000     
 mdl_ca =    1.0000000000000000     
 mdl_kSM =    5.0000000000000003E-002
 mdl_kHtt =    0.0000000000000000     
 mdl_kAtt =    0.0000000000000000     
 mdl_kHbb =    0.0000000000000000     
 mdl_kAbb =    0.0000000000000000     
 mdl_kHll =    0.0000000000000000     
 mdl_kAll =    0.0000000000000000     
 mdl_kHaa =    0.0000000000000000     
 mdl_kAaa =    0.0000000000000000     
 mdl_kHza =    0.0000000000000000     
 mdl_kAza =    0.0000000000000000     
 mdl_kHgg =    0.0000000000000000     
 mdl_kAgg =    0.0000000000000000     
 mdl_kHzz =  -0.52481000000000000     
 mdl_kAzz =    0.0000000000000000     
 mdl_kHww =  -0.52481000000000000     
 mdl_kAww =    0.0000000000000000     
 mdl_kHda =    0.0000000000000000     
 mdl_kHdz =  -0.26240500000000000     
 mdl_kHdwR =  -0.26240500000000000     
 mdl_kHdwI =    0.0000000000000000     
 mdl_kHHgg =    1.0000000000000000     
 mdl_kAAgg =    1.0000000000000000     
 mdl_kqa =    1.0000000000000000     
 mdl_kqb =    1.0000000000000000     
 mdl_kla =    1.0000000000000000     
 mdl_klb =    1.0000000000000000     
 mdl_kw1 =    1.0000000000000000     
 mdl_kw2 =    1.0000000000000000     
 mdl_kw3 =    0.0000000000000000     
 mdl_kw4 =    0.0000000000000000     
 mdl_kw5 =    0.0000000000000000     
 mdl_kz1 =    0.0000000000000000     
 mdl_kz3 =    1.0000000000000000     
 mdl_kz5 =    0.0000000000000000     
 mdl_kq =    1.0000000000000000     
 mdl_kq3 =    1.0000000000000000     
 mdl_kl =    1.0000000000000000     
 mdl_kg =    1.0000000000000000     
 mdl_ka =    1.0000000000000000     
 mdl_kz =    1.0000000000000000     
 mdl_kw =    1.0000000000000000     
 mdl_kza =    0.0000000000000000     
 mdl_MZ =    91.187600000000003     
 mdl_MTA =    1.7769999999999999     
 mdl_MT =    172.00000000000000     
 mdl_MB =    4.7000000000000002     
 mdl_MX0 =    600.00000000000000     
 mdl_MX1 =    125.00000000000000     
 mdl_MX2 =    125.00000000000000     
 mdl_WZ =    2.4952000000000001     
 mdl_WW =    2.0850000000000000     
 mdl_WT =    1.5083359999999999     
 mdl_WX0 =   0.15059000000000000     
 mdl_WX1 =    4.0699999999999998E-003
 mdl_WX2 =    4.0699999999999998E-003
  Internal Params
  ---------------------------------
  
 mdl_cos__cabi =   0.97418004031982097     
 mdl_CKM1x1 =  ( 0.97418004031982097     ,  0.0000000000000000     )
 mdl_sin__cabi =   0.22577256042856930     
 mdl_CKM1x2 =  ( 0.22577256042856930     ,  0.0000000000000000     )
 mdl_CKM2x1 =  (-0.22577256042856930     ,  0.0000000000000000     )
 mdl_CKM2x2 =  ( 0.97418004031982097     ,  0.0000000000000000     )
 mdl_ca__exp__2 =    1.0000000000000000     
 mdl_sa =    0.0000000000000000     
 mdl_complexi =  (  0.0000000000000000     ,  1.0000000000000000     )
 mdl_kHdw =  (-0.26240500000000000     ,  0.0000000000000000     )
 mdl_MZ__exp__2 =    8315.1783937600012     
 mdl_MZ__exp__4 =    69142191.720053151     
 mdl_sqrt__2 =    1.4142135623730951     
 mdl_nb__2__exp__0_75 =    1.6817928305074290     
 mdl_MX0__exp__2 =    360000.00000000000     
 mdl_ca__exp__4 =    1.0000000000000000     
 mdl_ca__exp__3 =    1.0000000000000000     
 mdl_conjg__CKM1x1 =  ( 0.97418004031982097     , -0.0000000000000000     )
 mdl_conjg__CKM1x2 =  ( 0.22577256042856930     , -0.0000000000000000     )
 mdl_conjg__CKM2x1 =  (-0.22577256042856930     , -0.0000000000000000     )
 mdl_conjg__CKM2x2 =  ( 0.97418004031982097     , -0.0000000000000000     )
 mdl_conjg__kHdw =  (-0.26240500000000000     , -0.0000000000000000     )
 mdl_aEW =    7.8186082877247844E-003
 mdl_MW =    79.824359746197842     
 mdl_sqrt__aEW =    8.8422894590285753E-002
 mdl_ee =   0.31345100004952897     
 mdl_MW__exp__2 =    6371.9284088904105     
 mdl_sw2 =   0.23369913342182447     
 mdl_cw =   0.87538612427783857     
 mdl_sqrt__sw2 =   0.48342438232036300     
 mdl_sw =   0.48342438232036300     
 mdl_ad =  -0.12747442148678401     
 mdl_al =   -1.2074027013887732E-002
 mdl_an =   0.18517461872323218     
 mdl_au =    6.9774224250335873E-002
 mdl_bd =  -0.18517461872323218     
 mdl_bl =  -0.18517461872323218     
 mdl_bn =   0.18517461872323218     
 mdl_bu =   0.18517461872323218     
 mdl_gwwz =  -0.56759788318358417     
 mdl_g1 =   0.35807170271074895     
 mdl_gw =   0.64839716719502682     
 mdl_vev =    246.22056907348590     
 mdl_ee__exp__2 =    9.8251529432049817E-002
 mdl_gAaa =    1.3477023594718659E-005
 mdl_vev__exp__2 =    60624.568634871241     
 mdl_cw__exp__2 =   0.76630086657817542     
 mdl_gAza =    4.4999802188047602E-006
 mdl_gHaa =    2.6392504539657372E-005
 mdl_gHza =    3.9166441035016922E-005
 mdl_lam =    2.9690932909411916     
 mdl_yb =    2.6995322804122722E-002
 mdl_yt =   0.98791394091683138     
 mdl_ytau =    1.0206529494239589E-002
 mdl_muH =    424.26406871192853     
 mdl_sw__exp__2 =   0.23369913342182450     
  Internal Params evaluated point by point
  ----------------------------------------
  
 mdl_sqrt__aS =   0.34409301068170506     
 mdl_G__exp__2 =    1.4878582807401259     
 mdl_gAAgg =    3.1083017473614446E-007
 mdl_gAgg =    7.6532782508744533E-005
 mdl_gHgg =   -5.1021855005829691E-005
 mdl_gHHgg =    2.0722011649076294E-007
  Couplings of HC_UFO
  ---------------------------------
  
        GC_10 =  -0.00000E+00   0.00000E+00
        GC_13 =  -0.00000E+00  -0.20722E-06
        GC_62 =   0.00000E+00   0.00000E+00
        GC_64 =   0.00000E+00   0.00000E+00
         GC_1 =  -0.00000E+00  -0.10448E+00
         GC_2 =   0.00000E+00   0.20897E+00
         GC_3 =  -0.00000E+00  -0.31345E+00
         GC_9 =  -0.00000E+00  -0.00000E+00
        GC_16 =  -0.00000E+00  -0.00000E+00
        GC_17 =   0.00000E+00  -0.12074E-01
        GC_19 =  -0.00000E+00   0.18517E+00
        GC_21 =   0.00000E+00  -0.12747E+00
        GC_22 =   0.00000E+00   0.69774E-01
        GC_23 =  -0.00000E+00   0.18517E+00
        GC_24 =  -0.00000E+00  -0.18517E+00
        GC_61 =   0.00000E+00   0.00000E+00
        GC_66 =   0.00000E+00   0.00000E+00
        GC_77 =  -0.00000E+00  -0.28380E+00
        GC_78 =   0.00000E+00   0.28380E+00
        GC_89 =  -0.00000E+00  -0.28850E-01
        GC_90 =   0.00000E+00   0.86550E-01
        GC_98 =  -0.00000E+00  -0.21932E+03
       GC_100 =   0.00000E+00   0.33771E+01
       GC_101 =  -0.00000E+00  -0.00000E+00
       GC_102 =   0.00000E+00   0.00000E+00
       GC_105 =  -0.00000E+00  -0.00000E+00
       GC_106 =   0.00000E+00   0.00000E+00
        GC_35 =  -0.00000E+00  -0.20000E-03
        GC_38 =  -0.00000E+00  -0.00000E+00
        GC_40 =   0.00000E+00   0.52481E-04
        GC_42 =   0.00000E+00   0.10496E-03
        GC_43 =   0.00000E+00   0.50000E-04
        GC_45 =   0.00000E+00   0.50000E-04
        GC_49 =   0.00000E+00   0.50000E-04
        GC_56 =  -0.00000E+00  -0.94000E-03
        GC_58 =  -0.00000E+00  -0.35540E-03
        GC_68 =   0.00000E+00   0.00000E+00

 Collider parameters:
 --------------------

 Running at P P   machine @    13000.000000000000       GeV
 PDF set = nn23lo1
 alpha_s(Mz)= 0.1300 running at 2 loops.
 alpha_s(Mz)= 0.1300 running at 2 loops.
 Renormalization scale set on event-by-event basis
 Factorization   scale set on event-by-event basis


 getting user params
Enter number of events and max and min iterations: 
 Number of events and iterations         1000           5           3
Enter desired fractional accuracy: 
 Desired fractional accuracy:   0.10000000000000001     
Enter 0 for fixed, 2 for adjustable grid: 
Suppress amplitude (0 no, 1 yes)? 
 Using suppressed amplitude.
Exact helicity sum (0 yes, n = number/event)? 
 Explicitly summing over helicities
Enter Configuration Number: 
Running Configuration Number:   25
 Not subdividing B.W.
 Attempting mappinvarients           1           8
 Completed mapping           8
 about to integrate           16        1000           5           3          16           1
 Using non-zero grid deformation.
 16 dimensions   1000 events 16 invarients  5 iterations  1 config(s),  (0.99)
 Using h-tuple random number sequence.
 Error opening grid
 Using Uniform Grid!          32
 Using uniform alpha   1.0000000000000000     
 Grid defined OK
 Set CM energy to      13000.00
 Mapping Graph          25  to config          25
Setting grid   1    0.59172E-08   1
Setting grid   2    0.74739E-07   1
 Setting BW          -3           1   600.00000000000000     
 Setting BW          -4           2   91.187600000000003     
Setting grid   5    0.17101E-04   1
 Transforming s_hat 1/s           15   2.5115575576956360E-003   12.630915999999999        168999999.99999997     
  25   1   2   3   4   5   6   7   8   9  10  11  12  13  14
  15  16
 Masses: 0.470E+01 0.470E+01 0.000E+00 0.000E+00 0.178E+01 0.178E+01 0.000E+00 0.000E+00
Using random seed offsets    25 :     14
  with seed                   24
 Ranmar initialization seeds       31083        9411
 
 ********************************************
 * You are using the DiscreteSampler module *
 *      part of the MG5_aMC framework       *
 *         Author: Valentin Hirschi         *
 ********************************************
 
  Particle       3       4       5       6       7       8
      Et >     0.0     0.0     0.0     0.0     0.0     0.0
       E >     0.0     0.0     0.0     0.0     0.0     0.0
     Eta <    -1.0    -1.0    -1.0    -1.0    -1.0    -1.0
   xqcut:      0.0     0.0     0.0     0.0     0.0     0.0
d R # 3  >    -0.0     0.0     0.0     0.0     0.0     0.0
d R # 4  >    -0.0    -0.0     0.0     0.0     0.0     0.0
d R # 5  >    -0.0    -0.0    -0.0     0.0     0.0     0.0
d R # 6  >    -0.0    -0.0    -0.0    -0.0     0.0     0.0
d R # 7  >    -0.0    -0.0    -0.0    -0.0    -0.0     0.0
s min # 3>     0.0     0.0     3.2     3.2     0.0     0.0
s min # 4>     0.0     0.0     3.2     3.2     0.0     0.0
s min # 5>     0.0     0.0     0.0    12.6     3.2     0.0
s min # 6>     0.0     0.0     0.0     0.0     3.2     0.0
s min # 7>     0.0     0.0     0.0     0.0     0.0     0.0
xqcutij # 3>     0.0     0.0     0.0     0.0     0.0     0.0
xqcutij # 4>     0.0     0.0     0.0     0.0     0.0     0.0
xqcutij # 5>     0.0     0.0     0.0     0.0     0.0     0.0
xqcutij # 6>     0.0     0.0     0.0     0.0     0.0     0.0
xqcutij # 7>     0.0     0.0     0.0     0.0     0.0     0.0
 No cut BW           -3           1
 No cut BW           -4           2
 alpha_s for scale    623.13762637034506       is    9.8585322940004314E-002
 Added good helicity            1   2.9855581041966142       in event            1 local:           1
 Added good helicity            4  0.63499516833925163       in event            1 local:           1
 Added good helicity            5   9.0280555428095779E-005  in event            1 local:           1
 Added good helicity            8   5.2353848230870598E-005  in event            1 local:           1
 Added good helicity            9   1.8361561788816577E-004  in event            1 local:           1
 Added good helicity           12   1.5558036894015901E-005  in event            1 local:           1
 Added good helicity           13   2.3858751729723022       in event            1 local:           1
 Added good helicity           16  0.47088667134691620       in event            1 local:           1
 Added good helicity           49  0.67117698664796210       in event            1 local:           1
 Added good helicity           52  0.14275191731250503       in event            1 local:           1
 Added good helicity           53   2.0295780229485425E-005  in event            1 local:           1
 Added good helicity           56   1.1769557606542036E-005  in event            1 local:           1
 Added good helicity           57   4.1278237707869082E-005  in event            1 local:           1
 Added good helicity           60   3.4975692839491113E-006  in event            1 local:           1
 Added good helicity           61  0.53636353848308116       in event            1 local:           1
 Added good helicity           64  0.10585903408915842       in event            1 local:           1
 Added good helicity           65   8.2152054536041769E-002  in event            1 local:           1
 Added good helicity           68   1.7472832843615567E-002  in event            1 local:           1
 Added good helicity           69   2.4842032391356996E-006  in event            1 local:           1
 Added good helicity           72   1.4405936997134712E-006  in event            1 local:           1
 Added good helicity           73   5.0524557647075744E-006  in event            1 local:           1
 Added good helicity           76   4.2810243538531833E-007  in event            1 local:           1
 Added good helicity           77   6.5650890214026411E-002  in event            1 local:           1
 Added good helicity           80   1.2957144411428775E-002  in event            1 local:           1
 Added good helicity          113   1.6831659045265571E-002  in event            1 local:           1
 Added good helicity          116   3.5799076071752903E-003  in event            1 local:           1
 Added good helicity          117   5.0897402574310658E-007  in event            1 local:           1
 Added good helicity          120   2.9515490651176513E-007  in event            1 local:           1
 Added good helicity          121   1.0351684233963396E-006  in event            1 local:           1
 Added good helicity          124   8.7711430585004253E-008  in event            1 local:           1
 Added good helicity          125   1.3450830978498073E-002  in event            1 local:           1
 Added good helicity          128   2.6547143363013130E-003  in event            1 local:           1
 Added good helicity          129   6.8918784618153511E-002  in event            1 local:           1
 Added good helicity          132   1.4658262781362704E-002  in event            1 local:           1
 Added good helicity          133   2.0840412203032618E-006  in event            1 local:           1
 Added good helicity          136   1.2085390617865041E-006  in event            1 local:           1
 Added good helicity          137   4.2385928459995283E-006  in event            1 local:           1
 Added good helicity          140   3.5914256442465018E-007  in event            1 local:           1
 Added good helicity          141   5.5075671426640986E-002  in event            1 local:           1
 Added good helicity          144   1.0869973368295965E-002  in event            1 local:           1
 Added good helicity          177   1.4120370951866126E-002  in event            1 local:           1
 Added good helicity          180   3.0032466348551183E-003  in event            1 local:           1
 Added good helicity          181   4.2698714541623639E-007  in event            1 local:           1
 Added good helicity          184   2.4761057463208197E-007  in event            1 local:           1
 Added good helicity          185   8.6842075975429157E-007  in event            1 local:           1
 Added good helicity          188   7.3582641690183753E-008  in event            1 local:           1
 Added good helicity          189   1.1284135599257472E-002  in event            1 local:           1
 Added good helicity          192   2.2270859395975939E-003  in event            1 local:           1
 Added good helicity          193   96.190571865926685       in event            1 local:           1
 Added good helicity          196   20.458670118928804       in event            1 local:           1
 Added good helicity          197   2.9087152056412060E-003  in event            1 local:           1
 Added good helicity          200   1.6867689138692897E-003  in event            1 local:           1
 Added good helicity          201   5.9158424226785754E-003  in event            1 local:           1
 Added good helicity          204   5.0125852980150917E-004  in event            1 local:           1
 Added good helicity          205   76.869613412088825       in event            1 local:           1
 Added good helicity          208   15.171320275842024       in event            1 local:           1
 Added good helicity          241   17.961308383824292       in event            1 local:           1
 Added good helicity          244   3.8201715199405872       in event            1 local:           1
 Added good helicity          245   5.4313359194974238E-004  in event            1 local:           1
 Added good helicity          248   3.1496409727642475E-004  in event            1 local:           1
 Added good helicity          249   1.1046432934398520E-003  in event            1 local:           1
 Added good helicity          252   9.3598144382968208E-005  in event            1 local:           1
 Added good helicity          253   14.353577539431972       in event            1 local:           1
 Added good helicity          256   2.8328843126536234       in event            1 local:           1
 Added good helicity            1   2.9855581041966133       in event            1 local:           1
 Added good helicity            4  0.63499516833925029       in event            1 local:           1
 Added good helicity            5   9.0280555428095264E-005  in event            1 local:           1
 Added good helicity            8   5.2353848230870402E-005  in event            1 local:           1
 Added good helicity            9   1.8361561788816461E-004  in event            1 local:           1
 Added good helicity           12   1.5558036894015762E-005  in event            1 local:           1
 Added good helicity           13   2.3858751729723022       in event            1 local:           1
 Added good helicity           16  0.47088667134691731       in event            1 local:           1
 Added good helicity           49  0.67117698664796210       in event            1 local:           1
 Added good helicity           52  0.14275191731250481       in event            1 local:           1
 Added good helicity           53   2.0295780229485320E-005  in event            1 local:           1
 Added good helicity           56   1.1769557606541990E-005  in event            1 local:           1
 Added good helicity           57   4.1278237707868810E-005  in event            1 local:           1
 Added good helicity           60   3.4975692839490799E-006  in event            1 local:           1
 Added good helicity           61  0.53636353848308127       in event            1 local:           1
 Added good helicity           64  0.10585903408915871       in event            1 local:           1
 Added good helicity           65   8.2152054536042046E-002  in event            1 local:           1
 Added good helicity           68   1.7472832843615595E-002  in event            1 local:           1
 Added good helicity           69   2.4842032391356950E-006  in event            1 local:           1
 Added good helicity           72   1.4405936997134702E-006  in event            1 local:           1
 Added good helicity           73   5.0524557647075609E-006  in event            1 local:           1
 Added good helicity           76   4.2810243538531610E-007  in event            1 local:           1
 Added good helicity           77   6.5650890214026605E-002  in event            1 local:           1
 Added good helicity           80   1.2957144411428860E-002  in event            1 local:           1
 Added good helicity          113   1.6831659045265717E-002  in event            1 local:           1
 Added good helicity          116   3.5799076071753155E-003  in event            1 local:           1
 Added good helicity          117   5.0897402574310849E-007  in event            1 local:           1
 Added good helicity          120   2.9515490651176640E-007  in event            1 local:           1
 Added good helicity          121   1.0351684233963419E-006  in event            1 local:           1
 Added good helicity          124   8.7711430585004253E-008  in event            1 local:           1
 Added good helicity          125   1.3450830978498206E-002  in event            1 local:           1
 Added good helicity          128   2.6547143363013434E-003  in event            1 local:           1
 Added good helicity          129   6.8918784618154511E-002  in event            1 local:           1
 Added good helicity          132   1.4658262781362886E-002  in event            1 local:           1
 Added good helicity          133   2.0840412203032792E-006  in event            1 local:           1
 Added good helicity          136   1.2085390617865163E-006  in event            1 local:           1
 Added good helicity          137   4.2385928459995579E-006  in event            1 local:           1
 Added good helicity          140   3.5914256442465193E-007  in event            1 local:           1
 Added good helicity          141   5.5075671426641749E-002  in event            1 local:           1
 Added good helicity          144   1.0869973368296145E-002  in event            1 local:           1
 Added good helicity          177   1.4120370951866240E-002  in event            1 local:           1
 Added good helicity          180   3.0032466348551366E-003  in event            1 local:           1
 Added good helicity          181   4.2698714541623766E-007  in event            1 local:           1
 Added good helicity          184   2.4761057463208309E-007  in event            1 local:           1
 Added good helicity          185   8.6842075975429315E-007  in event            1 local:           1
 Added good helicity          188   7.3582641690183673E-008  in event            1 local:           1
 Added good helicity          189   1.1284135599257564E-002  in event            1 local:           1
 Added good helicity          192   2.2270859395976191E-003  in event            1 local:           1
 Added good helicity          193   96.190571865926728       in event            1 local:           1
 Added good helicity          196   20.458670118928765       in event            1 local:           1
 Added good helicity          197   2.9087152056411917E-003  in event            1 local:           1
 Added good helicity          200   1.6867689138692836E-003  in event            1 local:           1
 Added good helicity          201   5.9158424226785373E-003  in event            1 local:           1
 Added good helicity          204   5.0125852980150473E-004  in event            1 local:           1
 Added good helicity          205   76.869613412088825       in event            1 local:           1
 Added good helicity          208   15.171320275842069       in event            1 local:           1
 Added good helicity          241   17.961308383824285       in event            1 local:           1
 Added good helicity          244   3.8201715199405788       in event            1 local:           1
 Added good helicity          245   5.4313359194973923E-004  in event            1 local:           1
 Added good helicity          248   3.1496409727642356E-004  in event            1 local:           1
 Added good helicity          249   1.1046432934398445E-003  in event            1 local:           1
 Added good helicity          252   9.3598144382967327E-005  in event            1 local:           1
 Added good helicity          253   14.353577539431976       in event            1 local:           1
 Added good helicity          256   2.8328843126536305       in event            1 local:           1
 RESET CUMULATIVE VARIABLE
 RESET CUMULATIVE VARIABLE
 RESET CUMULATIVE VARIABLE
 No points passed cuts!
 Loosen cuts or increase max_events      500000
 Deleting file events.lhe

ls status:
events.lhe
grid_information
input_app.txt
results.dat
run1_app.log
