 Process in group number            1
 A PDF is used, so alpha_s(MZ) is going to be modified
 Old value of alpha_s from param_card:   0.11839999999999999     
  ****************************************
 
       NNPDFDriver version 1.0.3
   Grid: NNPDF23_lo_as_0130_qed_mem0.grid
  ****************************************
 New value of alpha_s from PDF nn23lo1:  0.13000000000000000     
 Define smin to   167.80611600000000     
 Define smin to   167.80611600000000     
 Define smin to   167.80611600000000     
 Define smin to   167.80611600000000     
 Warning: pt or E min of a jet should in general be >0
 Warning: pt or E min of a jet should in general be >0
 Warning: pt or E min of a jet should in general be >0
 Warning: pt or E min of a jet should in general be >0
 *****************************************************
 *               MadGraph/MadEvent                   *
 *        --------------------------------           *
 *          http://madgraph.hep.uiuc.edu             *
 *          http://madgraph.phys.ucl.ac.be           *
 *          http://madgraph.roma2.infn.it            *
 *        --------------------------------           *
 *                                                   *
 *          PARAMETER AND COUPLING VALUES            *
 *                                                   *
 *****************************************************

  External Params
  ---------------------------------
  
 mdl_cabi =   0.22773599999999999     
 aEWM1 =    127.90000000000001     
 mdl_Gf =    1.1663700000000000E-005
 aS =   0.11839999999999999     
 mdl_ymb =    4.7000000000000002     
 mdl_ymt =    172.00000000000000     
 mdl_ymtau =    1.7769999999999999     
 mdl_Lambda =    5000.0000000000000     
 mdl_ca =    1.0000000000000000     
 mdl_kSM =    5.0000000000000003E-002
 mdl_kHtt =    0.0000000000000000     
 mdl_kAtt =    0.0000000000000000     
 mdl_kHbb =    0.0000000000000000     
 mdl_kAbb =    0.0000000000000000     
 mdl_kHll =    0.0000000000000000     
 mdl_kAll =    0.0000000000000000     
 mdl_kHaa =    0.0000000000000000     
 mdl_kAaa =    0.0000000000000000     
 mdl_kHza =    0.0000000000000000     
 mdl_kAza =    0.0000000000000000     
 mdl_kHgg =    0.0000000000000000     
 mdl_kAgg =    0.0000000000000000     
 mdl_kHzz =  -0.52481000000000000     
 mdl_kAzz =    0.0000000000000000     
 mdl_kHww =  -0.52481000000000000     
 mdl_kAww =    0.0000000000000000     
 mdl_kHda =    0.0000000000000000     
 mdl_kHdz =  -0.26240500000000000     
 mdl_kHdwR =  -0.26240500000000000     
 mdl_kHdwI =    0.0000000000000000     
 mdl_kHHgg =    1.0000000000000000     
 mdl_kAAgg =    1.0000000000000000     
 mdl_kqa =    1.0000000000000000     
 mdl_kqb =    1.0000000000000000     
 mdl_kla =    1.0000000000000000     
 mdl_klb =    1.0000000000000000     
 mdl_kw1 =    1.0000000000000000     
 mdl_kw2 =    1.0000000000000000     
 mdl_kw3 =    0.0000000000000000     
 mdl_kw4 =    0.0000000000000000     
 mdl_kw5 =    0.0000000000000000     
 mdl_kz1 =    0.0000000000000000     
 mdl_kz3 =    1.0000000000000000     
 mdl_kz5 =    0.0000000000000000     
 mdl_kq =    1.0000000000000000     
 mdl_kq3 =    1.0000000000000000     
 mdl_kl =    1.0000000000000000     
 mdl_kg =    1.0000000000000000     
 mdl_ka =    1.0000000000000000     
 mdl_kz =    1.0000000000000000     
 mdl_kw =    1.0000000000000000     
 mdl_kza =    0.0000000000000000     
 mdl_MZ =    91.187600000000003     
 mdl_MTA =    1.7769999999999999     
 mdl_MT =    172.00000000000000     
 mdl_MB =    4.7000000000000002     
 mdl_MX0 =    600.00000000000000     
 mdl_MX1 =    125.00000000000000     
 mdl_MX2 =    125.00000000000000     
 mdl_WZ =    2.4952000000000001     
 mdl_WW =    2.0850000000000000     
 mdl_WT =    1.5083359999999999     
 mdl_WX0 =   0.15059000000000000     
 mdl_WX1 =    4.0699999999999998E-003
 mdl_WX2 =    4.0699999999999998E-003
  Internal Params
  ---------------------------------
  
 mdl_cos__cabi =   0.97418004031982097     
 mdl_CKM1x1 =  ( 0.97418004031982097     ,  0.0000000000000000     )
 mdl_sin__cabi =   0.22577256042856930     
 mdl_CKM1x2 =  ( 0.22577256042856930     ,  0.0000000000000000     )
 mdl_CKM2x1 =  (-0.22577256042856930     ,  0.0000000000000000     )
 mdl_CKM2x2 =  ( 0.97418004031982097     ,  0.0000000000000000     )
 mdl_ca__exp__2 =    1.0000000000000000     
 mdl_sa =    0.0000000000000000     
 mdl_complexi =  (  0.0000000000000000     ,  1.0000000000000000     )
 mdl_kHdw =  (-0.26240500000000000     ,  0.0000000000000000     )
 mdl_MZ__exp__2 =    8315.1783937600012     
 mdl_MZ__exp__4 =    69142191.720053151     
 mdl_sqrt__2 =    1.4142135623730951     
 mdl_nb__2__exp__0_75 =    1.6817928305074290     
 mdl_MX0__exp__2 =    360000.00000000000     
 mdl_ca__exp__4 =    1.0000000000000000     
 mdl_ca__exp__3 =    1.0000000000000000     
 mdl_conjg__CKM1x1 =  ( 0.97418004031982097     , -0.0000000000000000     )
 mdl_conjg__CKM1x2 =  ( 0.22577256042856930     , -0.0000000000000000     )
 mdl_conjg__CKM2x1 =  (-0.22577256042856930     , -0.0000000000000000     )
 mdl_conjg__CKM2x2 =  ( 0.97418004031982097     , -0.0000000000000000     )
 mdl_conjg__kHdw =  (-0.26240500000000000     , -0.0000000000000000     )
 mdl_aEW =    7.8186082877247844E-003
 mdl_MW =    79.824359746197842     
 mdl_sqrt__aEW =    8.8422894590285753E-002
 mdl_ee =   0.31345100004952897     
 mdl_MW__exp__2 =    6371.9284088904105     
 mdl_sw2 =   0.23369913342182447     
 mdl_cw =   0.87538612427783857     
 mdl_sqrt__sw2 =   0.48342438232036300     
 mdl_sw =   0.48342438232036300     
 mdl_ad =  -0.12747442148678401     
 mdl_al =   -1.2074027013887732E-002
 mdl_an =   0.18517461872323218     
 mdl_au =    6.9774224250335873E-002
 mdl_bd =  -0.18517461872323218     
 mdl_bl =  -0.18517461872323218     
 mdl_bn =   0.18517461872323218     
 mdl_bu =   0.18517461872323218     
 mdl_gwwz =  -0.56759788318358417     
 mdl_g1 =   0.35807170271074895     
 mdl_gw =   0.64839716719502682     
 mdl_vev =    246.22056907348590     
 mdl_ee__exp__2 =    9.8251529432049817E-002
 mdl_gAaa =    1.3477023594718659E-005
 mdl_vev__exp__2 =    60624.568634871241     
 mdl_cw__exp__2 =   0.76630086657817542     
 mdl_gAza =    4.4999802188047602E-006
 mdl_gHaa =    2.6392504539657372E-005
 mdl_gHza =    3.9166441035016922E-005
 mdl_lam =    2.9690932909411916     
 mdl_yb =    2.6995322804122722E-002
 mdl_yt =   0.98791394091683138     
 mdl_ytau =    1.0206529494239589E-002
 mdl_muH =    424.26406871192853     
 mdl_sw__exp__2 =   0.23369913342182450     
  Internal Params evaluated point by point
  ----------------------------------------
  
 mdl_sqrt__aS =   0.34409301068170506     
 mdl_G__exp__2 =    1.4878582807401259     
 mdl_gAAgg =    3.1083017473614446E-007
 mdl_gAgg =    7.6532782508744533E-005
 mdl_gHgg =   -5.1021855005829691E-005
 mdl_gHHgg =    2.0722011649076294E-007
  Couplings of HC_UFO
  ---------------------------------
  
        GC_10 =  -0.00000E+00   0.00000E+00
        GC_13 =  -0.00000E+00  -0.20722E-06
        GC_62 =   0.00000E+00   0.00000E+00
        GC_64 =   0.00000E+00   0.00000E+00
         GC_1 =  -0.00000E+00  -0.10448E+00
         GC_2 =   0.00000E+00   0.20897E+00
         GC_3 =  -0.00000E+00  -0.31345E+00
         GC_9 =  -0.00000E+00  -0.00000E+00
        GC_16 =  -0.00000E+00  -0.00000E+00
        GC_17 =   0.00000E+00  -0.12074E-01
        GC_19 =  -0.00000E+00   0.18517E+00
        GC_21 =   0.00000E+00  -0.12747E+00
        GC_22 =   0.00000E+00   0.69774E-01
        GC_23 =  -0.00000E+00   0.18517E+00
        GC_24 =  -0.00000E+00  -0.18517E+00
        GC_61 =   0.00000E+00   0.00000E+00
        GC_66 =   0.00000E+00   0.00000E+00
        GC_77 =  -0.00000E+00  -0.28380E+00
        GC_78 =   0.00000E+00   0.28380E+00
        GC_89 =  -0.00000E+00  -0.28850E-01
        GC_90 =   0.00000E+00   0.86550E-01
        GC_98 =  -0.00000E+00  -0.21932E+03
       GC_100 =   0.00000E+00   0.33771E+01
       GC_101 =  -0.00000E+00  -0.00000E+00
       GC_102 =   0.00000E+00   0.00000E+00
       GC_105 =  -0.00000E+00  -0.00000E+00
       GC_106 =   0.00000E+00   0.00000E+00
        GC_35 =  -0.00000E+00  -0.20000E-03
        GC_38 =  -0.00000E+00  -0.00000E+00
        GC_40 =   0.00000E+00   0.52481E-04
        GC_42 =   0.00000E+00   0.10496E-03
        GC_43 =   0.00000E+00   0.50000E-04
        GC_45 =   0.00000E+00   0.50000E-04
        GC_49 =   0.00000E+00   0.50000E-04
        GC_56 =  -0.00000E+00  -0.94000E-03
        GC_58 =  -0.00000E+00  -0.35540E-03
        GC_68 =   0.00000E+00   0.00000E+00

 Collider parameters:
 --------------------

 Running at P P   machine @    13000.000000000000       GeV
 PDF set = nn23lo1
 alpha_s(Mz)= 0.1300 running at 2 loops.
 alpha_s(Mz)= 0.1300 running at 2 loops.
 Renormalization scale set on event-by-event basis
 Factorization   scale set on event-by-event basis


 getting user params
Enter number of events and max and min iterations: 
 Number of events and iterations         1000           5           3
Enter desired fractional accuracy: 
 Desired fractional accuracy:   0.10000000000000001     
Enter 0 for fixed, 2 for adjustable grid: 
Suppress amplitude (0 no, 1 yes)? 
 Using suppressed amplitude.
Exact helicity sum (0 yes, n = number/event)? 
 Explicitly summing over helicities
Enter Configuration Number: 
Running Configuration Number:   39
 Using dconfig=          67
 BW Setting            1           1           1           2           0           0
 Attempting mappinvarients           1           8
 Completed mapping           8
 about to integrate           16        1000           5           3          16           1
 Using non-zero grid deformation.
 16 dimensions   1000 events 16 invarients  5 iterations  1 config(s),  (0.99)
 Using h-tuple random number sequence.
 Error opening grid
 Using Uniform Grid!          32
 Using uniform alpha   1.0000000000000000     
 Grid defined OK
 Set CM energy to      13000.00
 Mapping Graph          39  to config          39
 Setting BW          -1           1   91.187600000000003     
Setting grid   2    0.52284E-06   1
 Setting BW          -3           2   600.00000000000000     
 Setting BW          -4           3   91.187600000000003     
Setting grid   5    0.25116E-02   1
 Transforming s_hat 1/s           15   2.5115575576956360E-003   167.80611600000000        168999999.99999997     
  39   1   2   3   4   5   6   7   8   9  10  11  12  13  14
  15  16
 Masses: 0.000E+00 0.000E+00 0.000E+00 0.000E+00 0.178E+01 0.178E+01 0.470E+01 0.470E+01
Using random seed offsets    39 :      5
  with seed                   24
 Ranmar initialization seeds       31097        9402
 
 ********************************************
 * You are using the DiscreteSampler module *
 *      part of the MG5_aMC framework       *
 *         Author: Valentin Hirschi         *
 ********************************************
 
  Particle       3       4       5       6       7       8
      Et >     0.0     0.0     0.0     0.0     0.0     0.0
       E >     0.0     0.0     0.0     0.0     0.0     0.0
     Eta <    -1.0    -1.0    -1.0    -1.0    -1.0    -1.0
   xqcut:      0.0     0.0     0.0     0.0     0.0     0.0
d R # 3  >    -0.0     0.0     0.0     0.0     0.0     0.0
d R # 4  >    -0.0    -0.0     0.0     0.0     0.0     0.0
d R # 5  >    -0.0    -0.0    -0.0     0.0     0.0     0.0
d R # 6  >    -0.0    -0.0    -0.0    -0.0     0.0     0.0
d R # 7  >    -0.0    -0.0    -0.0    -0.0    -0.0     0.0
s min # 3>     0.0     0.0     3.2     3.2    22.1     0.0
s min # 4>     0.0     0.0     3.2     3.2    22.1     0.0
s min # 5>     0.0     0.0     0.0    12.6    42.0     0.0
s min # 6>     0.0     0.0     0.0     0.0    42.0     0.0
s min # 7>     0.0     0.0     0.0     0.0     0.0     0.0
xqcutij # 3>     0.0     0.0     0.0     0.0     0.0     0.0
xqcutij # 4>     0.0     0.0     0.0     0.0     0.0     0.0
xqcutij # 5>     0.0     0.0     0.0     0.0     0.0     0.0
xqcutij # 6>     0.0     0.0     0.0     0.0     0.0     0.0
xqcutij # 7>     0.0     0.0     0.0     0.0     0.0     0.0
 Requiring BW           -1           1
 Requiring BW           -3           2
 Requiring BW           -4           3
 Excluding BW           -5           4
 alpha_s for scale    331.41734833837069       is   0.10705114332505980     
 Added good helicity            1   41.024580495044781       in event            1 local:           1
 Added good helicity            2  0.51198247315583845       in event            1 local:           1
 Added good helicity            3  0.50820676114289054       in event            1 local:           1
 Added good helicity            4  0.19751587293493980       in event            1 local:           1
 Added good helicity            5   8.2350641921924941E-002  in event            1 local:           1
 Added good helicity            6   1.0624836893574489E-003  in event            1 local:           1
 Added good helicity            7   1.0418841329289418E-003  in event            1 local:           1
 Added good helicity            8   7.9113975075988021E-004  in event            1 local:           1
 Added good helicity            9   1.6733765060255808E-002  in event            1 local:           1
 Added good helicity           10   1.1270839348967530E-003  in event            1 local:           1
 Added good helicity           11   1.1884381935864336E-003  in event            1 local:           1
 Added good helicity           12   2.0041600848158415E-003  in event            1 local:           1
 Added good helicity           13   4.5839005318547530       in event            1 local:           1
 Added good helicity           14  0.41429194528164665       in event            1 local:           1
 Added good helicity           15  0.47801188683901275       in event            1 local:           1
 Added good helicity           16   1.0863575966387853       in event            1 local:           1
 Added good helicity           49   5.3449076498310495       in event            1 local:           1
 Added good helicity           50   6.6703888359823521E-002  in event            1 local:           1
 Added good helicity           51   6.6211967862939952E-002  in event            1 local:           1
 Added good helicity           52   2.5733452663593531E-002  in event            1 local:           1
 Added good helicity           53   1.0729093891165066E-002  in event            1 local:           1
 Added good helicity           54   1.3842621010477557E-004  in event            1 local:           1
 Added good helicity           55   1.3574238676254419E-004  in event            1 local:           1
 Added good helicity           56   1.0307403159022361E-004  in event            1 local:           1
 Added good helicity           57   2.1801668122319985E-003  in event            1 local:           1
 Added good helicity           58   1.4684268487179228E-004  in event            1 local:           1
 Added good helicity           59   1.5483625464540141E-004  in event            1 local:           1
 Added good helicity           60   2.6111298249867804E-004  in event            1 local:           1
 Added good helicity           61  0.59721573561817221       in event            1 local:           1
 Added good helicity           62   5.3976229881661411E-002  in event            1 local:           1
 Added good helicity           63   6.2278013811368889E-002  in event            1 local:           1
 Added good helicity           64  0.14153663385852444       in event            1 local:           1
 Added good helicity          193   127.32779368828692       in event            1 local:           1
 Added good helicity          194   1.5890375459629498       in event            1 local:           1
 Added good helicity          195   1.5773188867003882       in event            1 local:           1
 Added good helicity          196  0.61302906734804019       in event            1 local:           1
 Added good helicity          197  0.25559129229851280       in event            1 local:           1
 Added good helicity          198   3.2976255299433381E-003  in event            1 local:           1
 Added good helicity          199   3.2336907854718881E-003  in event            1 local:           1
 Added good helicity          200   2.4554566493501162E-003  in event            1 local:           1
 Added good helicity          201   5.1936506345942310E-002  in event            1 local:           1
 Added good helicity          202   3.4981250021374468E-003  in event            1 local:           1
 Added good helicity          203   3.6885499205173171E-003  in event            1 local:           1
 Added good helicity          204   6.2203020413226159E-003  in event            1 local:           1
 Added good helicity          205   14.227030091828192       in event            1 local:           1
 Added good helicity          206   1.2858359232195475       in event            1 local:           1
 Added good helicity          207   1.4836032001677175       in event            1 local:           1
 Added good helicity          208   3.3717228614497121       in event            1 local:           1
 Added good helicity          241   41.024580495044802       in event            1 local:           1
 Added good helicity          242  0.51198247315583822       in event            1 local:           1
 Added good helicity          243  0.50820676114289098       in event            1 local:           1
 Added good helicity          244  0.19751587293493955       in event            1 local:           1
 Added good helicity          245   8.2350641921925011E-002  in event            1 local:           1
 Added good helicity          246   1.0624836893574491E-003  in event            1 local:           1
 Added good helicity          247   1.0418841329289420E-003  in event            1 local:           1
 Added good helicity          248   7.9113975075988043E-004  in event            1 local:           1
 Added good helicity          249   1.6733765060255808E-002  in event            1 local:           1
 Added good helicity          250   1.1270839348967525E-003  in event            1 local:           1
 Added good helicity          251   1.1884381935864327E-003  in event            1 local:           1
 Added good helicity          252   2.0041600848158406E-003  in event            1 local:           1
 Added good helicity          253   4.5839005318547503       in event            1 local:           1
 Added good helicity          254  0.41429194528164665       in event            1 local:           1
 Added good helicity          255  0.47801188683901258       in event            1 local:           1
 Added good helicity          256   1.0863575966387844       in event            1 local:           1
 Added good helicity            1   41.024580495044823       in event            1 local:           1
 Added good helicity            2  0.51198247315583778       in event            1 local:           1
 Added good helicity            3  0.50820676114288799       in event            1 local:           1
 Added good helicity            4  0.19751587293494011       in event            1 local:           1
 Added good helicity            5   8.2350641921924719E-002  in event            1 local:           1
 Added good helicity            6   1.0624836893574489E-003  in event            1 local:           1
 Added good helicity            7   1.0418841329289396E-003  in event            1 local:           1
 Added good helicity            8   7.9113975075987913E-004  in event            1 local:           1
 Added good helicity            9   1.6733765060255746E-002  in event            1 local:           1
 Added good helicity           10   1.1270839348967590E-003  in event            1 local:           1
 Added good helicity           11   1.1884381935864288E-003  in event            1 local:           1
 Added good helicity           12   2.0041600848158341E-003  in event            1 local:           1
 Added good helicity           13   4.5839005318547610       in event            1 local:           1
 Added good helicity           14  0.41429194528164809       in event            1 local:           1
 Added good helicity           15  0.47801188683901125       in event            1 local:           1
 Added good helicity           16   1.0863575966387800       in event            1 local:           1
 Added good helicity           49   5.3449076498310530       in event            1 local:           1
 Added good helicity           50   6.6703888359823382E-002  in event            1 local:           1
 Added good helicity           51   6.6211967862939591E-002  in event            1 local:           1
 Added good helicity           52   2.5733452663593569E-002  in event            1 local:           1
 Added good helicity           53   1.0729093891165029E-002  in event            1 local:           1
 Added good helicity           54   1.3842621010477557E-004  in event            1 local:           1
 Added good helicity           55   1.3574238676254384E-004  in event            1 local:           1
 Added good helicity           56   1.0307403159022338E-004  in event            1 local:           1
 Added good helicity           57   2.1801668122319899E-003  in event            1 local:           1
 Added good helicity           58   1.4684268487179304E-004  in event            1 local:           1
 Added good helicity           59   1.5483625464540081E-004  in event            1 local:           1
 Added good helicity           60   2.6111298249867723E-004  in event            1 local:           1
 Added good helicity           61  0.59721573561817332       in event            1 local:           1
 Added good helicity           62   5.3976229881661571E-002  in event            1 local:           1
 Added good helicity           63   6.2278013811368653E-002  in event            1 local:           1
 Added good helicity           64  0.14153663385852380       in event            1 local:           1
 Added good helicity          193   127.32779368828692       in event            1 local:           1
 Added good helicity          194   1.5890375459629480       in event            1 local:           1
 Added good helicity          195   1.5773188867003793       in event            1 local:           1
 Added good helicity          196  0.61302906734804119       in event            1 local:           1
 Added good helicity          197  0.25559129229851191       in event            1 local:           1
 Added good helicity          198   3.2976255299433390E-003  in event            1 local:           1
 Added good helicity          199   3.2336907854718811E-003  in event            1 local:           1
 Added good helicity          200   2.4554566493501114E-003  in event            1 local:           1
 Added good helicity          201   5.1936506345942102E-002  in event            1 local:           1
 Added good helicity          202   3.4981250021374651E-003  in event            1 local:           1
 Added good helicity          203   3.6885499205173045E-003  in event            1 local:           1
 Added good helicity          204   6.2203020413225986E-003  in event            1 local:           1
 Added good helicity          205   14.227030091828231       in event            1 local:           1
 Added good helicity          206   1.2858359232195515       in event            1 local:           1
 Added good helicity          207   1.4836032001677129       in event            1 local:           1
 Added good helicity          208   3.3717228614496979       in event            1 local:           1
 Added good helicity          241   41.024580495044752       in event            1 local:           1
 Added good helicity          242  0.51198247315583745       in event            1 local:           1
 Added good helicity          243  0.50820676114288799       in event            1 local:           1
 Added good helicity          244  0.19751587293494011       in event            1 local:           1
 Added good helicity          245   8.2350641921924705E-002  in event            1 local:           1
 Added good helicity          246   1.0624836893574489E-003  in event            1 local:           1
 Added good helicity          247   1.0418841329289396E-003  in event            1 local:           1
 Added good helicity          248   7.9113975075987880E-004  in event            1 local:           1
 Added good helicity          249   1.6733765060255739E-002  in event            1 local:           1
 Added good helicity          250   1.1270839348967590E-003  in event            1 local:           1
 Added good helicity          251   1.1884381935864281E-003  in event            1 local:           1
 Added good helicity          252   2.0041600848158319E-003  in event            1 local:           1
 Added good helicity          253   4.5839005318547583       in event            1 local:           1
 Added good helicity          254  0.41429194528164781       in event            1 local:           1
 Added good helicity          255  0.47801188683901108       in event            1 local:           1
 Added good helicity          256   1.0863575966387804       in event            1 local:           1
 RESET CUMULATIVE VARIABLE
 RESET CUMULATIVE VARIABLE
 RESET CUMULATIVE VARIABLE
 No points passed cuts!
 Loosen cuts or increase max_events      500000
 Deleting file events.lhe

ls status:
events.lhe
grid_information
input_app.txt
results.dat
run1_app.log
