 Process in group number            2
 A PDF is used, so alpha_s(MZ) is going to be modified
 Old value of alpha_s from param_card:   0.11839999999999999     
  ****************************************
 
       NNPDFDriver version 1.0.3
   Grid: NNPDF23_lo_as_0130_qed_mem0.grid
  ****************************************
 New value of alpha_s from PDF nn23lo1:  0.13000000000000000     
 Define smin to   0.0000000000000000     
 Define smin to   0.0000000000000000     
 Define smin to   0.0000000000000000     
 Define smin to   0.0000000000000000     
 Define smin to   0.0000000000000000     
 Define smin to   0.0000000000000000     
 Define smin to   0.0000000000000000     
 Define smin to   0.0000000000000000     
 Define smin to   0.0000000000000000     
 Define smin to   0.0000000000000000     
 Define smin to   0.0000000000000000     
 Define smin to   0.0000000000000000     
 Warning: pt or E min of a jet should in general be >0
 Warning: pt or E min of a jet should in general be >0
 Warning: pt or E min of a jet should in general be >0
 Warning: pt or E min of a jet should in general be >0
 *****************************************************
 *               MadGraph/MadEvent                   *
 *        --------------------------------           *
 *          http://madgraph.hep.uiuc.edu             *
 *          http://madgraph.phys.ucl.ac.be           *
 *          http://madgraph.roma2.infn.it            *
 *        --------------------------------           *
 *                                                   *
 *          PARAMETER AND COUPLING VALUES            *
 *                                                   *
 *****************************************************

  External Params
  ---------------------------------
  
 mdl_cabi =   0.22773599999999999     
 mdl_rhoH =    5.0000000000000003E-002
 mdl_Lambda =    5000.0000000000000     
 mdl_fW =    1000.0000000000000     
 mdl_fWW =    2410.0000000000000     
 mdl_fB =    0.0000000000000000     
 mdl_fBB =    0.0000000000000000     
 aEWM1 =    127.90000000000001     
 mdl_Gf =    1.1663700000000000E-005
 aS =   0.11839999999999999     
 mdl_ymb =    4.7000000000000002     
 mdl_ymt =    172.00000000000000     
 mdl_ymtau =    1.7769999999999999     
 mdl_MZ =    91.187600000000003     
 mdl_MTA =    1.7769999999999999     
 mdl_MT =    172.00000000000000     
 mdl_MB =    4.7000000000000002     
 mdl_MH =    125.00000000000000     
 mdl_MHH =    900.00000000000000     
 mdl_WZ =    2.4952000000000001     
 mdl_WW =    2.0850000000000000     
 mdl_WT =    1.5083359999999999     
 mdl_WH =    4.0699999999999998E-003
 mdl_WHH =    1.8766600000000000     
  Internal Params
  ---------------------------------
  
 mdl_cos__cabi =   0.97418004031982097     
 mdl_CKM1x1 =  ( 0.97418004031982097     ,  0.0000000000000000     )
 mdl_sin__cabi =   0.22577256042856930     
 mdl_CKM1x2 =  ( 0.22577256042856930     ,  0.0000000000000000     )
 mdl_CKM2x1 =  (-0.22577256042856930     ,  0.0000000000000000     )
 mdl_CKM2x2 =  ( 0.97418004031982097     ,  0.0000000000000000     )
 mdl_MZ__exp__2 =    8315.1783937600012     
 mdl_MZ__exp__4 =    69142191.720053151     
 mdl_sqrt__2 =    1.4142135623730951     
 mdl_Lambda__exp__2 =    25000000.000000000     
 mdl_MH__exp__2 =    15625.000000000000     
 mdl_complexi =  (  0.0000000000000000     ,  1.0000000000000000     )
 mdl_conjg__CKM1x1 =  ( 0.97418004031982097     , -0.0000000000000000     )
 mdl_conjg__CKM1x2 =  ( 0.22577256042856930     , -0.0000000000000000     )
 mdl_conjg__CKM2x1 =  (-0.22577256042856930     , -0.0000000000000000     )
 mdl_conjg__CKM2x2 =  ( 0.97418004031982097     , -0.0000000000000000     )
 mdl_aEW =    7.8186082877247844E-003
 mdl_MW =    79.824359746197842     
 mdl_sqrt__aEW =    8.8422894590285753E-002
 mdl_ee =   0.31345100004952897     
 mdl_MW__exp__2 =    6371.9284088904105     
 mdl_sw2 =   0.23369913342182447     
 mdl_cw =   0.87538612427783857     
 mdl_sqrt__sw2 =   0.48342438232036300     
 mdl_sw =   0.48342438232036300     
 mdl_g1 =   0.35807170271074895     
 mdl_gw =   0.64839716719502682     
 mdl_vev =    246.22056907348590     
 mdl_gHWW =    2.5878944366295706     
 mdl_gHWW1 =    5.1757888732591419E-005
 mdl_gHWW2 =   -2.4947302369109059E-004
 mdl_cw__exp__2 =   0.76630086657817542     
 mdl_gHZZ =    1.6885629062286611     
 mdl_sw__exp__2 =   0.23369913342182450     
 mdl_gHZZ1 =    5.1757888732591412E-005
 mdl_cw__exp__4 =   0.58721701811846261     
 mdl_sw__exp__4 =    5.4615284962111724E-002
 mdl_gHZZ2 =   -9.5585697121180213E-005
 mdl_vev__exp__2 =    60624.568634871241     
 mdl_lam =   0.12886689630821144     
 mdl_yb =    2.6995322804122722E-002
 mdl_yt =   0.98791394091683138     
 mdl_ytau =    1.0206529494239589E-002
 mdl_muH =    88.388347648318444     
 mdl_I1a33 =  (  2.6995322804122722E-002,  0.0000000000000000     )
 mdl_I2a33 =  ( 0.98791394091683138     ,  0.0000000000000000     )
 mdl_I3a33 =  ( 0.98791394091683138     ,  0.0000000000000000     )
 mdl_I4a33 =  (  2.6995322804122722E-002,  0.0000000000000000     )
 mdl_ee__exp__2 =    9.8251529432049817E-002
  Internal Params evaluated point by point
  ----------------------------------------
  
 mdl_sqrt__aS =   0.34409301068170506     
 mdl_G__exp__2 =    1.4878582807401259     
  Couplings of SMwithHeavyScalarDim4Dim6_NoDecay_UFO
  ---------------------------------
  
        GC_13 =   0.00000E+00   0.25879E+01
        GC_14 =  -0.00000E+00  -0.51758E-04
        GC_15 =  -0.00000E+00  -0.49895E-03
        GC_16 =   0.00000E+00   0.33771E+01
        GC_17 =  -0.00000E+00  -0.51758E-04
        GC_18 =  -0.00000E+00  -0.38234E-03
        GC_33 =   0.00000E+00   0.44665E+00
        GC_34 =   0.00000E+00   0.10351E+00
        GC_35 =  -0.00000E+00  -0.10351E+00
        GC_36 =   0.00000E+00   0.44665E+00
        GC_37 =  -0.00000E+00  -0.28380E+00
        GC_38 =   0.00000E+00   0.28380E+00
        GC_45 =  -0.00000E+00  -0.28850E-01
        GC_46 =   0.00000E+00   0.86550E-01
        GC_77 =   0.00000E+00   0.44665E+00
        GC_78 =   0.00000E+00   0.10351E+00
        GC_79 =   0.00000E+00  -0.10351E+00
        GC_80 =   0.00000E+00   0.44665E+00

 Collider parameters:
 --------------------

 Running at P P   machine @    13000.000000000000       GeV
 PDF set = nn23lo1
 alpha_s(Mz)= 0.1300 running at 2 loops.
 alpha_s(Mz)= 0.1300 running at 2 loops.
 Renormalization scale set on event-by-event basis
 Factorization   scale set on event-by-event basis


 getting user params
Enter number of events and max and min iterations: 
 Number of events and iterations         1000           5           3
Enter desired fractional accuracy: 
 Desired fractional accuracy:   0.10000000000000001     
Enter 0 for fixed, 2 for adjustable grid: 
Suppress amplitude (0 no, 1 yes)? 
 Using suppressed amplitude.
Exact helicity sum (0 yes, n = number/event)? 
 Explicitly summing over helicities
Enter Configuration Number: 
Running Configuration Number:    1
 Using dconfig=         205
 BW Setting            1           2           1           1           2           0
 Attempting mappinvarients           1           8
 Completed mapping           8
 about to integrate           16        1000           5           3          16           1
 Using non-zero grid deformation.
 16 dimensions   1000 events 16 invarients  5 iterations  1 config(s),  (0.99)
 Using h-tuple random number sequence.
 Error opening grid
 Using Uniform Grid!          32
 Using uniform alpha   1.0000000000000000     
 Grid defined OK
 Set CM energy to      13000.00
 Mapping Graph           1  to config           1
 Setting BW          -1           1   91.187600000000003     
Setting grid   2    0.59172E-08   1
 Setting BW          -3           3   900.00000000000000     
 Setting BW          -4           4   91.187600000000003     
Setting grid   5    0.50695E-02   1
 Transforming s_hat 1/s           15   5.0695462528644389E-003   0.0000000000000000        168999999.99999997     
   1   1   2   3   4   5   6   7   8   9  10  11  12  13  14
  15  16
 Masses: 0.000E+00 0.000E+00 0.000E+00 0.000E+00 0.000E+00 0.000E+00 0.000E+00 0.000E+00
 Got moffset           1
Using random seed offsets     1 :      2
  with seed                  303
 Ranmar initialization seeds       10188       12847
 
 ********************************************
 * You are using the DiscreteSampler module *
 *      part of the MG5_aMC framework       *
 *         Author: Valentin Hirschi         *
 ********************************************
 
  Particle       3       4       5       6       7       8
      Et >     0.0     0.0     0.0     0.0     0.0     0.0
       E >     0.0     0.0     0.0     0.0     0.0     0.0
     Eta <    -1.0    -1.0    -1.0    -1.0    -1.0    -1.0
   xqcut:      0.0     0.0     0.0     0.0     0.0     0.0
d R # 3  >    -0.0     0.0     0.0     0.0     0.0     0.0
d R # 4  >    -0.0    -0.0     0.0     0.0     0.0     0.0
d R # 5  >    -0.0    -0.0    -0.0     0.0     0.0     0.0
d R # 6  >    -0.0    -0.0    -0.0    -0.0     0.0     0.0
d R # 7  >    -0.0    -0.0    -0.0    -0.0    -0.0     0.0
s min # 3>     0.0     0.0     0.0     0.0     0.0     0.0
s min # 4>     0.0     0.0     0.0     0.0     0.0     0.0
s min # 5>     0.0     0.0     0.0     0.0     0.0     0.0
s min # 6>     0.0     0.0     0.0     0.0     0.0     0.0
s min # 7>     0.0     0.0     0.0     0.0     0.0     0.0
xqcutij # 3>     0.0     0.0     0.0     0.0     0.0     0.0
xqcutij # 4>     0.0     0.0     0.0     0.0     0.0     0.0
xqcutij # 5>     0.0     0.0     0.0     0.0     0.0     0.0
xqcutij # 6>     0.0     0.0     0.0     0.0     0.0     0.0
xqcutij # 7>     0.0     0.0     0.0     0.0     0.0     0.0
 Requiring BW           -1           1
 Excluding BW           -2           2
 Requiring BW           -3           3
 Requiring BW           -4           4
 Excluding BW           -5           5
 alpha_s for scale    1067.3346000853489       is    9.2376277446054353E-002
 Added good helicity            1  0.97425900155407852       in event            1 local:           1
 Added good helicity            4  0.35363810460618733       in event            1 local:           1
 Added good helicity           13   1.3292895872508121       in event            1 local:           1
 Added good helicity           16  0.15372764272142950       in event            1 local:           1
 Added good helicity           49   3.4960844418542085       in event            1 local:           1
 Added good helicity           52   1.2690143725522209       in event            1 local:           1
 Added good helicity           61   4.7700956699330082       in event            1 local:           1
 Added good helicity           64  0.55164470550850719       in event            1 local:           1
 Added good helicity          193   83.284641698779069       in event            1 local:           1
 Added good helicity          196   30.230793645407051       in event            1 local:           1
 Added good helicity          205   113.63447174879047       in event            1 local:           1
 Added good helicity          208   13.141425044910402       in event            1 local:           1
 Added good helicity          241  0.97425900155407907       in event            1 local:           1
 Added good helicity          244  0.35363810460618750       in event            1 local:           1
 Added good helicity          253   1.3292895872508126       in event            1 local:           1
 Added good helicity          256  0.15372764272142952       in event            1 local:           1
 Added good helicity            1  0.97425900155405631       in event            1 local:           1
 Added good helicity            4  0.35363810460618544       in event            1 local:           1
 Added good helicity           13   1.3292895872508068       in event            1 local:           1
 Added good helicity           16  0.15372764272142483       in event            1 local:           1
 Added good helicity           49   3.4960844418541712       in event            1 local:           1
 Added good helicity           52   1.2690143725522303       in event            1 local:           1
 Added good helicity           61   4.7700956699330463       in event            1 local:           1
 Added good helicity           64  0.55164470550849731       in event            1 local:           1
 Added good helicity          193   83.284641698778202       in event            1 local:           1
 Added good helicity          196   30.230793645407278       in event            1 local:           1
 Added good helicity          205   113.63447174879148       in event            1 local:           1
 Added good helicity          208   13.141425044910173       in event            1 local:           1
 Added good helicity          241  0.97425900155405631       in event            1 local:           1
 Added good helicity          244  0.35363810460618539       in event            1 local:           1
 Added good helicity          253   1.3292895872508068       in event            1 local:           1
 Added good helicity          256  0.15372764272142486       in event            1 local:           1
 RESET CUMULATIVE VARIABLE
 RESET CUMULATIVE VARIABLE
 RESET CUMULATIVE VARIABLE
 Iteration  1   Mean: 0.8097E-06 Abs mean: 0.8097E-06   Fluctuation:  0.317E-06   0.251E-03    75.4%
  1    0.8097E-06 0.8097E-06 +- 0.3169E-06     12.38
 Writing out events   2.1489812630162574E-010   12.376730253214035     
 Relative summed weights:
  0.2528E+00  0.2045E-01  0.1120E-01  0.2359E-02  0.5422E-01  0.4560E-01  0.6287E-02  0.2686E-01  0.2160E-01  0.5245E-02  0.2873E-01  0.4754E-01  0.1674E-02  0.1990E-01  0.7735E-03  0.2199E-02  0.6568E-01  0.3199E-01  0.1383E-01  0.3115E+00  0.3072E-03  0.2185E-01  0.5961E-02  0.1402E-02
 Relative number of events:
  0.3072E-01  0.4262E-01  0.2577E-01  0.1586E-01  0.8325E-01  0.7631E-01  0.5847E-01  0.7235E-01  0.3568E-01  0.3370E-01  0.3370E-01  0.4262E-01  0.3171E-01  0.3171E-01  0.1487E-01  0.2379E-01  0.4955E-01  0.4757E-01  0.6343E-01  0.5550E-01  0.2973E-01  0.4163E-01  0.3072E-01  0.2874E-01
 Events:
          31          43          26          16          84          77          59          73          36          34          34          43          32          32          15          24          50          48          64          56          30          42          31          29
 Iteration  2   Mean: 0.3147E-06 Abs mean: 0.3147E-06   Fluctuation:  0.280E-07   0.223E-04    84.4%
  2    0.3147E-06 0.3147E-06 +- 0.2797E-07      3.97
 Relative summed weights:
  0.2030E-01  0.4141E-01  0.9252E-02  0.1979E-01  0.6536E-01  0.7619E-01  0.7541E-01  0.6676E-01  0.4331E-01  0.6681E-01  0.3979E-01  0.4596E-01  0.4741E-01  0.1616E-01  0.1313E-01  0.1458E-01  0.2466E-01  0.8309E-01  0.1056E+00  0.3083E-01  0.1002E-01  0.4855E-01  0.2044E-01  0.1517E-01
 Relative number of events:
  0.2350E-01  0.2650E-01  0.2650E-01  0.2900E-01  0.7650E-01  0.7500E-01  0.6000E-01  0.6700E-01  0.5100E-01  0.4200E-01  0.4700E-01  0.4300E-01  0.2100E-01  0.1600E-01  0.1650E-01  0.2200E-01  0.5700E-01  0.6150E-01  0.5500E-01  0.4550E-01  0.3200E-01  0.4200E-01  0.2900E-01  0.3550E-01
 Events:
          47          53          53          58         153         150         120         134         102          84          94          86          42          32          33          44         114         123         110          91          64          84          58          71
 Iteration  3   Mean: 0.4062E-06 Abs mean: 0.4062E-06   Fluctuation:  0.210E-07   0.288E-04    89.8%
  3    0.4062E-06 0.4062E-06 +- 0.2102E-07      3.27
 Relative summed weights:
  0.1611E-01  0.4684E-01  0.3099E-01  0.2264E-01  0.6274E-01  0.8651E-01  0.7102E-01  0.5564E-01  0.3142E-01  0.3109E-01  0.4312E-01  0.5403E-01  0.1789E-01  0.2592E-01  0.1574E-01  0.3241E-01  0.6726E-01  0.5876E-01  0.5055E-01  0.5381E-01  0.3435E-01  0.3638E-01  0.3345E-01  0.2133E-01
 Relative number of events:
  0.2600E-01  0.2900E-01  0.2625E-01  0.2300E-01  0.7125E-01  0.7825E-01  0.6650E-01  0.5600E-01  0.3925E-01  0.4300E-01  0.3975E-01  0.4250E-01  0.2125E-01  0.2300E-01  0.1975E-01  0.2450E-01  0.5850E-01  0.6000E-01  0.4825E-01  0.5650E-01  0.3800E-01  0.3250E-01  0.4150E-01  0.3550E-01
 Events:
         104         116         105          92         285         313         266         224         157         172         159         170          85          92          79          98         234         240         193         226         152         130         166         142
 Accuracy:    0.113   0.100   0.044   6.504
 Found          434  events.
 Wrote           62  events.
 Actual xsec    3.8850612281742665E-007
 Correct abs xsec    3.8850612281742665E-007
 Event xsec    3.8850612281742750E-007
 Events wgts > 1:            2
 % Cross section > 1:    3.3552845092690127E-010   8.6363748528251058E-002
 Iteration  4   Mean: 0.3882E-06 Abs mean: 0.3882E-06   Fluctuation:  0.796E-08   0.159E-04    92.4%
  4    0.3882E-06 0.3882E-06 +- 0.7959E-08      1.83
 Relative summed weights:
  0.2447E-01  0.3268E-01  0.1972E-01  0.3300E-01  0.7868E-01  0.8072E-01  0.6703E-01  0.6831E-01  0.4672E-01  0.4980E-01  0.4576E-01  0.4172E-01  0.2354E-01  0.1847E-01  0.1375E-01  0.1579E-01  0.6055E-01  0.5070E-01  0.5006E-01  0.4922E-01  0.2686E-01  0.3812E-01  0.3236E-01  0.3199E-01
 Relative number of events:
  0.2250E-01  0.2650E-01  0.2425E-01  0.2650E-01  0.7587E-01  0.8025E-01  0.6162E-01  0.6225E-01  0.4838E-01  0.4825E-01  0.4913E-01  0.4425E-01  0.1963E-01  0.2088E-01  0.1850E-01  0.2050E-01  0.5725E-01  0.5225E-01  0.4688E-01  0.5013E-01  0.3637E-01  0.3562E-01  0.3575E-01  0.3650E-01
 Events:
         180         212         194         212         607         642         493         498         387         386         393         354         157         167         148         164         458         418         375         401         291         285         286         292
 Accuracy:    0.039   0.100   0.019   4.341
 Finished due to accuracy    3.8785390626321824E-002  0.10000000000000001     

 -------------------------------------------------------------------------------
 Accumulated results:   Integral =  0.3883E-06
                        Std dev  =  0.7228E-08
                       Cross sec =  0.3883E-06
             Chi**2 per DoF.     =      4.3414
 -------------------------------------------------------------------------------
 Found          784  events.
 Wrote          402  events.
 Actual xsec    3.8731621556123369E-007
 Correct abs xsec    3.8731621556123369E-007
 Event xsec    3.8731621556123295E-007
 Events wgts > 1:           12
 % Cross section > 1:    3.8068617832946148E-009  0.98288210778326346     
-------------------------------------------------
---------------------------
 Results Last   3 iters: Integral =   0.3873E-06
                     Abs integral =   0.3873E-06
                          Std dev =   0.7218E-08
                  Chi**2 per DoF. =      3.7741
-------------------------------------------------
---------------------------
 Status  0.10000000000000001                5           5

ls status:
events.lhe
ftn26
input_app.txt
input_sg.txt
moffset.dat
results.dat
run1_app.log
run_01_log.txt
run_02_log.txt
run_03_log.txt
run_04_log.txt
run_05_log.txt
run_07_log.txt
run_08_log.txt
run_09_log.txt
run_10_log.txt
run_12_log.txt
run_14_log.txt
run_17_log.txt
run_18_log.txt
run_20_log.txt
run_21_log.txt
run_22_log.txt
run_25_log.txt
