 Process in group number            1
 A PDF is used, so alpha_s(MZ) is going to be modified
 Old value of alpha_s from param_card:   0.11839999999999999     
  ****************************************
 
       NNPDFDriver version 1.0.3
   Grid: NNPDF23_lo_as_0130_qed_mem0.grid
  ****************************************
 New value of alpha_s from PDF nn23lo1:  0.13000000000000000     
 Define smin to   167.80611600000000     
 Define smin to   167.80611600000000     
 Define smin to   167.80611600000000     
 Define smin to   167.80611600000000     
 Warning: pt or E min of a jet should in general be >0
 Warning: pt or E min of a jet should in general be >0
 Warning: pt or E min of a jet should in general be >0
 Warning: pt or E min of a jet should in general be >0
 *****************************************************
 *               MadGraph/MadEvent                   *
 *        --------------------------------           *
 *          http://madgraph.hep.uiuc.edu             *
 *          http://madgraph.phys.ucl.ac.be           *
 *          http://madgraph.roma2.infn.it            *
 *        --------------------------------           *
 *                                                   *
 *          PARAMETER AND COUPLING VALUES            *
 *                                                   *
 *****************************************************

  External Params
  ---------------------------------
  
 mdl_cabi =   0.22773599999999999     
 aEWM1 =    127.90000000000001     
 mdl_Gf =    1.1663700000000000E-005
 aS =   0.11839999999999999     
 mdl_ymb =    4.7000000000000002     
 mdl_ymt =    172.00000000000000     
 mdl_ymtau =    1.7769999999999999     
 mdl_Lambda =    5000.0000000000000     
 mdl_ca =    1.0000000000000000     
 mdl_kSM =    5.0000000000000003E-002
 mdl_kHtt =    0.0000000000000000     
 mdl_kAtt =    0.0000000000000000     
 mdl_kHbb =    0.0000000000000000     
 mdl_kAbb =    0.0000000000000000     
 mdl_kHll =    0.0000000000000000     
 mdl_kAll =    0.0000000000000000     
 mdl_kHaa =    0.0000000000000000     
 mdl_kAaa =    0.0000000000000000     
 mdl_kHza =    0.0000000000000000     
 mdl_kAza =    0.0000000000000000     
 mdl_kHgg =    0.0000000000000000     
 mdl_kAgg =    0.0000000000000000     
 mdl_kHzz =  -0.52481000000000000     
 mdl_kAzz =    0.0000000000000000     
 mdl_kHww =  -0.52481000000000000     
 mdl_kAww =    0.0000000000000000     
 mdl_kHda =    0.0000000000000000     
 mdl_kHdz =  -0.26240500000000000     
 mdl_kHdwR =  -0.26240500000000000     
 mdl_kHdwI =    0.0000000000000000     
 mdl_kHHgg =    1.0000000000000000     
 mdl_kAAgg =    1.0000000000000000     
 mdl_kqa =    1.0000000000000000     
 mdl_kqb =    1.0000000000000000     
 mdl_kla =    1.0000000000000000     
 mdl_klb =    1.0000000000000000     
 mdl_kw1 =    1.0000000000000000     
 mdl_kw2 =    1.0000000000000000     
 mdl_kw3 =    0.0000000000000000     
 mdl_kw4 =    0.0000000000000000     
 mdl_kw5 =    0.0000000000000000     
 mdl_kz1 =    0.0000000000000000     
 mdl_kz3 =    1.0000000000000000     
 mdl_kz5 =    0.0000000000000000     
 mdl_kq =    1.0000000000000000     
 mdl_kq3 =    1.0000000000000000     
 mdl_kl =    1.0000000000000000     
 mdl_kg =    1.0000000000000000     
 mdl_ka =    1.0000000000000000     
 mdl_kz =    1.0000000000000000     
 mdl_kw =    1.0000000000000000     
 mdl_kza =    0.0000000000000000     
 mdl_MZ =    91.187600000000003     
 mdl_MTA =    1.7769999999999999     
 mdl_MT =    172.00000000000000     
 mdl_MB =    4.7000000000000002     
 mdl_MX0 =    600.00000000000000     
 mdl_MX1 =    125.00000000000000     
 mdl_MX2 =    125.00000000000000     
 mdl_WZ =    2.4952000000000001     
 mdl_WW =    2.0850000000000000     
 mdl_WT =    1.5083359999999999     
 mdl_WX0 =   0.15059000000000000     
 mdl_WX1 =    4.0699999999999998E-003
 mdl_WX2 =    4.0699999999999998E-003
  Internal Params
  ---------------------------------
  
 mdl_cos__cabi =   0.97418004031982097     
 mdl_CKM1x1 =  ( 0.97418004031982097     ,  0.0000000000000000     )
 mdl_sin__cabi =   0.22577256042856930     
 mdl_CKM1x2 =  ( 0.22577256042856930     ,  0.0000000000000000     )
 mdl_CKM2x1 =  (-0.22577256042856930     ,  0.0000000000000000     )
 mdl_CKM2x2 =  ( 0.97418004031982097     ,  0.0000000000000000     )
 mdl_ca__exp__2 =    1.0000000000000000     
 mdl_sa =    0.0000000000000000     
 mdl_complexi =  (  0.0000000000000000     ,  1.0000000000000000     )
 mdl_kHdw =  (-0.26240500000000000     ,  0.0000000000000000     )
 mdl_MZ__exp__2 =    8315.1783937600012     
 mdl_MZ__exp__4 =    69142191.720053151     
 mdl_sqrt__2 =    1.4142135623730951     
 mdl_nb__2__exp__0_75 =    1.6817928305074290     
 mdl_MX0__exp__2 =    360000.00000000000     
 mdl_ca__exp__4 =    1.0000000000000000     
 mdl_ca__exp__3 =    1.0000000000000000     
 mdl_conjg__CKM1x1 =  ( 0.97418004031982097     , -0.0000000000000000     )
 mdl_conjg__CKM1x2 =  ( 0.22577256042856930     , -0.0000000000000000     )
 mdl_conjg__CKM2x1 =  (-0.22577256042856930     , -0.0000000000000000     )
 mdl_conjg__CKM2x2 =  ( 0.97418004031982097     , -0.0000000000000000     )
 mdl_conjg__kHdw =  (-0.26240500000000000     , -0.0000000000000000     )
 mdl_aEW =    7.8186082877247844E-003
 mdl_MW =    79.824359746197842     
 mdl_sqrt__aEW =    8.8422894590285753E-002
 mdl_ee =   0.31345100004952897     
 mdl_MW__exp__2 =    6371.9284088904105     
 mdl_sw2 =   0.23369913342182447     
 mdl_cw =   0.87538612427783857     
 mdl_sqrt__sw2 =   0.48342438232036300     
 mdl_sw =   0.48342438232036300     
 mdl_ad =  -0.12747442148678401     
 mdl_al =   -1.2074027013887732E-002
 mdl_an =   0.18517461872323218     
 mdl_au =    6.9774224250335873E-002
 mdl_bd =  -0.18517461872323218     
 mdl_bl =  -0.18517461872323218     
 mdl_bn =   0.18517461872323218     
 mdl_bu =   0.18517461872323218     
 mdl_gwwz =  -0.56759788318358417     
 mdl_g1 =   0.35807170271074895     
 mdl_gw =   0.64839716719502682     
 mdl_vev =    246.22056907348590     
 mdl_ee__exp__2 =    9.8251529432049817E-002
 mdl_gAaa =    1.3477023594718659E-005
 mdl_vev__exp__2 =    60624.568634871241     
 mdl_cw__exp__2 =   0.76630086657817542     
 mdl_gAza =    4.4999802188047602E-006
 mdl_gHaa =    2.6392504539657372E-005
 mdl_gHza =    3.9166441035016922E-005
 mdl_lam =    2.9690932909411916     
 mdl_yb =    2.6995322804122722E-002
 mdl_yt =   0.98791394091683138     
 mdl_ytau =    1.0206529494239589E-002
 mdl_muH =    424.26406871192853     
 mdl_sw__exp__2 =   0.23369913342182450     
  Internal Params evaluated point by point
  ----------------------------------------
  
 mdl_sqrt__aS =   0.34409301068170506     
 mdl_G__exp__2 =    1.4878582807401259     
 mdl_gAAgg =    3.1083017473614446E-007
 mdl_gAgg =    7.6532782508744533E-005
 mdl_gHgg =   -5.1021855005829691E-005
 mdl_gHHgg =    2.0722011649076294E-007
  Couplings of HC_UFO
  ---------------------------------
  
        GC_10 =  -0.00000E+00   0.00000E+00
        GC_13 =  -0.00000E+00  -0.20722E-06
        GC_62 =   0.00000E+00   0.00000E+00
        GC_64 =   0.00000E+00   0.00000E+00
         GC_1 =  -0.00000E+00  -0.10448E+00
         GC_2 =   0.00000E+00   0.20897E+00
         GC_3 =  -0.00000E+00  -0.31345E+00
         GC_9 =  -0.00000E+00  -0.00000E+00
        GC_16 =  -0.00000E+00  -0.00000E+00
        GC_17 =   0.00000E+00  -0.12074E-01
        GC_19 =  -0.00000E+00   0.18517E+00
        GC_21 =   0.00000E+00  -0.12747E+00
        GC_22 =   0.00000E+00   0.69774E-01
        GC_23 =  -0.00000E+00   0.18517E+00
        GC_24 =  -0.00000E+00  -0.18517E+00
        GC_61 =   0.00000E+00   0.00000E+00
        GC_66 =   0.00000E+00   0.00000E+00
        GC_77 =  -0.00000E+00  -0.28380E+00
        GC_78 =   0.00000E+00   0.28380E+00
        GC_89 =  -0.00000E+00  -0.28850E-01
        GC_90 =   0.00000E+00   0.86550E-01
        GC_98 =  -0.00000E+00  -0.21932E+03
       GC_100 =   0.00000E+00   0.33771E+01
       GC_101 =  -0.00000E+00  -0.00000E+00
       GC_102 =   0.00000E+00   0.00000E+00
       GC_105 =  -0.00000E+00  -0.00000E+00
       GC_106 =   0.00000E+00   0.00000E+00
        GC_35 =  -0.00000E+00  -0.20000E-03
        GC_38 =  -0.00000E+00  -0.00000E+00
        GC_40 =   0.00000E+00   0.52481E-04
        GC_42 =   0.00000E+00   0.10496E-03
        GC_43 =   0.00000E+00   0.50000E-04
        GC_45 =   0.00000E+00   0.50000E-04
        GC_49 =   0.00000E+00   0.50000E-04
        GC_56 =  -0.00000E+00  -0.94000E-03
        GC_58 =  -0.00000E+00  -0.35540E-03
        GC_68 =   0.00000E+00   0.00000E+00

 Collider parameters:
 --------------------

 Running at P P   machine @    13000.000000000000       GeV
 PDF set = nn23lo1
 alpha_s(Mz)= 0.1300 running at 2 loops.
 alpha_s(Mz)= 0.1300 running at 2 loops.
 Renormalization scale set on event-by-event basis
 Factorization   scale set on event-by-event basis


 getting user params
Enter number of events and max and min iterations: 
 Number of events and iterations         1000           5           3
Enter desired fractional accuracy: 
 Desired fractional accuracy:   0.10000000000000001     
Enter 0 for fixed, 2 for adjustable grid: 
Suppress amplitude (0 no, 1 yes)? 
 Using suppressed amplitude.
Exact helicity sum (0 yes, n = number/event)? 
 Explicitly summing over helicities
Enter Configuration Number: 
Running Configuration Number:   40
 Using dconfig=         202
 BW Setting            1           1           1           1           2           0
 Attempting mappinvarients           1           8
 Completed mapping           8
 about to integrate           16        1000           5           3          16           1
 Using non-zero grid deformation.
 16 dimensions   1000 events 16 invarients  5 iterations  1 config(s),  (0.99)
 Using h-tuple random number sequence.
 Error opening grid
 Using Uniform Grid!          32
 Using uniform alpha   1.0000000000000000     
 Grid defined OK
 Set CM energy to      13000.00
 Mapping Graph          40  to config          40
 Setting BW          -1           1   91.187600000000003     
 Setting BW          -2           2   91.187600000000003     
 Setting BW          -3           3   600.00000000000000     
 Setting BW          -4           4   91.187600000000003     
Setting grid   5    0.25116E-02   1
 Transforming s_hat 1/s           15   2.5115575576956360E-003   167.80611600000000        168999999.99999997     
  40   1   2   3   4   5   6   7   8   9  10  11  12  13  14
  15  16
 Masses: 0.000E+00 0.000E+00 0.000E+00 0.000E+00 0.178E+01 0.178E+01 0.470E+01 0.470E+01
Using random seed offsets    40 :      5
  with seed                   24
 Ranmar initialization seeds       31098        9402
 
 ********************************************
 * You are using the DiscreteSampler module *
 *      part of the MG5_aMC framework       *
 *         Author: Valentin Hirschi         *
 ********************************************
 
  Particle       3       4       5       6       7       8
      Et >     0.0     0.0     0.0     0.0     0.0     0.0
       E >     0.0     0.0     0.0     0.0     0.0     0.0
     Eta <    -1.0    -1.0    -1.0    -1.0    -1.0    -1.0
   xqcut:      0.0     0.0     0.0     0.0     0.0     0.0
d R # 3  >    -0.0     0.0     0.0     0.0     0.0     0.0
d R # 4  >    -0.0    -0.0     0.0     0.0     0.0     0.0
d R # 5  >    -0.0    -0.0    -0.0     0.0     0.0     0.0
d R # 6  >    -0.0    -0.0    -0.0    -0.0     0.0     0.0
d R # 7  >    -0.0    -0.0    -0.0    -0.0    -0.0     0.0
s min # 3>     0.0     0.0     3.2     3.2    22.1     0.0
s min # 4>     0.0     0.0     3.2     3.2    22.1     0.0
s min # 5>     0.0     0.0     0.0    12.6    42.0     0.0
s min # 6>     0.0     0.0     0.0     0.0    42.0     0.0
s min # 7>     0.0     0.0     0.0     0.0     0.0     0.0
xqcutij # 3>     0.0     0.0     0.0     0.0     0.0     0.0
xqcutij # 4>     0.0     0.0     0.0     0.0     0.0     0.0
xqcutij # 5>     0.0     0.0     0.0     0.0     0.0     0.0
xqcutij # 6>     0.0     0.0     0.0     0.0     0.0     0.0
xqcutij # 7>     0.0     0.0     0.0     0.0     0.0     0.0
 Requiring BW           -1           1
 Requiring BW           -2           2
 Requiring BW           -3           3
 Requiring BW           -4           4
 Excluding BW           -5           5
 alpha_s for scale    531.21423824504041       is   0.10059380625092444     
 Added good helicity            1   28.906502206587170       in event            1 local:           1
 Added good helicity            2   5.5625093468089207E-002  in event            1 local:           1
 Added good helicity            3  0.12218099938647982       in event            1 local:           1
 Added good helicity            4  0.23591505054608039       in event            1 local:           1
 Added good helicity            5   2.0220498779850941E-002  in event            1 local:           1
 Added good helicity            6   5.6843181454614603E-005  in event            1 local:           1
 Added good helicity            7   1.0309720872395868E-004  in event            1 local:           1
 Added good helicity            8   1.1664285291142079E-003  in event            1 local:           1
 Added good helicity            9   3.9455183949247533E-002  in event            1 local:           1
 Added good helicity           10   7.9519856702576808E-005  in event            1 local:           1
 Added good helicity           11   1.7963077633123350E-004  in event            1 local:           1
 Added good helicity           12   6.0790159761047900E-004  in event            1 local:           1
 Added good helicity           13   5.7142667132790068       in event            1 local:           1
 Added good helicity           14   1.9585884698365422E-002  in event            1 local:           1
 Added good helicity           15   3.4017196707487374E-002  in event            1 local:           1
 Added good helicity           16  0.72951095179952452       in event            1 local:           1
 Added good helicity           49   5.9799083536732081       in event            1 local:           1
 Added good helicity           50   1.1507202038020357E-002  in event            1 local:           1
 Added good helicity           51   2.5275668902094171E-002  in event            1 local:           1
 Added good helicity           52   4.8803911709396103E-002  in event            1 local:           1
 Added good helicity           53   4.1830287422846783E-003  in event            1 local:           1
 Added good helicity           54   1.1759188752776601E-005  in event            1 local:           1
 Added good helicity           55   2.1327791764037821E-005  in event            1 local:           1
 Added good helicity           56   2.4129988662631503E-004  in event            1 local:           1
 Added good helicity           57   8.1621215326444195E-003  in event            1 local:           1
 Added good helicity           58   1.6450328440992580E-005  in event            1 local:           1
 Added good helicity           59   3.7160344488693143E-005  in event            1 local:           1
 Added good helicity           60   1.2575702918957136E-004  in event            1 local:           1
 Added good helicity           61   1.1821143564739951       in event            1 local:           1
 Added good helicity           62   4.0517456828500758E-003  in event            1 local:           1
 Added good helicity           63   7.0371613039122228E-003  in event            1 local:           1
 Added good helicity           64  0.15091444144936958       in event            1 local:           1
 Added good helicity          193   142.45494721605411       in event            1 local:           1
 Added good helicity          194  0.27412758891592903       in event            1 local:           1
 Added good helicity          195  0.60212362236062689       in event            1 local:           1
 Added good helicity          196   1.1626196013904522       in event            1 local:           1
 Added good helicity          197   9.9649209225651195E-002  in event            1 local:           1
 Added good helicity          198   2.8013048261039491E-004  in event            1 local:           1
 Added good helicity          199   5.0807625640528935E-004  in event            1 local:           1
 Added good helicity          200   5.7483092682309731E-003  in event            1 local:           1
 Added good helicity          201  0.19444020264786485       in event            1 local:           1
 Added good helicity          202   3.9188404422768098E-004  in event            1 local:           1
 Added good helicity          203   8.8524348528108818E-004  in event            1 local:           1
 Added good helicity          204   2.9958169750618183E-003  in event            1 local:           1
 Added good helicity          205   28.160638641126134       in event            1 local:           1
 Added good helicity          206   9.6521749706872662E-002  in event            1 local:           1
 Added good helicity          207  0.16764110464734694       in event            1 local:           1
 Added good helicity          208   3.5951234566336772       in event            1 local:           1
 Added good helicity          241   28.906502206587202       in event            1 local:           1
 Added good helicity          242   5.5625093468089248E-002  in event            1 local:           1
 Added good helicity          243  0.12218099938647989       in event            1 local:           1
 Added good helicity          244  0.23591505054608086       in event            1 local:           1
 Added good helicity          245   2.0220498779850958E-002  in event            1 local:           1
 Added good helicity          246   5.6843181454614624E-005  in event            1 local:           1
 Added good helicity          247   1.0309720872395871E-004  in event            1 local:           1
 Added good helicity          248   1.1664285291142086E-003  in event            1 local:           1
 Added good helicity          249   3.9455183949247574E-002  in event            1 local:           1
 Added good helicity          250   7.9519856702576862E-005  in event            1 local:           1
 Added good helicity          251   1.7963077633123361E-004  in event            1 local:           1
 Added good helicity          252   6.0790159761047911E-004  in event            1 local:           1
 Added good helicity          253   5.7142667132790192       in event            1 local:           1
 Added good helicity          254   1.9585884698365450E-002  in event            1 local:           1
 Added good helicity          255   3.4017196707487395E-002  in event            1 local:           1
 Added good helicity          256  0.72951095179952541       in event            1 local:           1
 Added good helicity            1   28.906502206587163       in event            1 local:           1
 Added good helicity            2   5.5625093468089186E-002  in event            1 local:           1
 Added good helicity            3  0.12218099938647921       in event            1 local:           1
 Added good helicity            4  0.23591505054608081       in event            1 local:           1
 Added good helicity            5   2.0220498779850774E-002  in event            1 local:           1
 Added good helicity            6   5.6843181454614041E-005  in event            1 local:           1
 Added good helicity            7   1.0309720872395730E-004  in event            1 local:           1
 Added good helicity            8   1.1664285291142042E-003  in event            1 local:           1
 Added good helicity            9   3.9455183949247498E-002  in event            1 local:           1
 Added good helicity           10   7.9519856702576564E-005  in event            1 local:           1
 Added good helicity           11   1.7963077633123301E-004  in event            1 local:           1
 Added good helicity           12   6.0790159761047889E-004  in event            1 local:           1
 Added good helicity           13   5.7142667132790326       in event            1 local:           1
 Added good helicity           14   1.9585884698365506E-002  in event            1 local:           1
 Added good helicity           15   3.4017196707487235E-002  in event            1 local:           1
 Added good helicity           16  0.72951095179952408       in event            1 local:           1
 Added good helicity           49   5.9799083536732054       in event            1 local:           1
 Added good helicity           50   1.1507202038020350E-002  in event            1 local:           1
 Added good helicity           51   2.5275668902094043E-002  in event            1 local:           1
 Added good helicity           52   4.8803911709396151E-002  in event            1 local:           1
 Added good helicity           53   4.1830287422846418E-003  in event            1 local:           1
 Added good helicity           54   1.1759188752776484E-005  in event            1 local:           1
 Added good helicity           55   2.1327791764037526E-005  in event            1 local:           1
 Added good helicity           56   2.4129988662631408E-004  in event            1 local:           1
 Added good helicity           57   8.1621215326444108E-003  in event            1 local:           1
 Added good helicity           58   1.6450328440992522E-005  in event            1 local:           1
 Added good helicity           59   3.7160344488693014E-005  in event            1 local:           1
 Added good helicity           60   1.2575702918957136E-004  in event            1 local:           1
 Added good helicity           61   1.1821143564740009       in event            1 local:           1
 Added good helicity           62   4.0517456828500923E-003  in event            1 local:           1
 Added good helicity           63   7.0371613039121898E-003  in event            1 local:           1
 Added good helicity           64  0.15091444144936941       in event            1 local:           1
 Added good helicity          193   142.45494721605402       in event            1 local:           1
 Added good helicity          194  0.27412758891592887       in event            1 local:           1
 Added good helicity          195  0.60212362236062389       in event            1 local:           1
 Added good helicity          196   1.1626196013904553       in event            1 local:           1
 Added good helicity          197   9.9649209225650376E-002  in event            1 local:           1
 Added good helicity          198   2.8013048261039210E-004  in event            1 local:           1
 Added good helicity          199   5.0807625640528263E-004  in event            1 local:           1
 Added good helicity          200   5.7483092682309531E-003  in event            1 local:           1
 Added good helicity          201  0.19444020264786471       in event            1 local:           1
 Added good helicity          202   3.9188404422767974E-004  in event            1 local:           1
 Added good helicity          203   8.8524348528108568E-004  in event            1 local:           1
 Added good helicity          204   2.9958169750618174E-003  in event            1 local:           1
 Added good helicity          205   28.160638641126237       in event            1 local:           1
 Added good helicity          206   9.6521749706873078E-002  in event            1 local:           1
 Added good helicity          207  0.16764110464734611       in event            1 local:           1
 Added good helicity          208   3.5951234566336749       in event            1 local:           1
 Added good helicity          241   28.906502206587156       in event            1 local:           1
 Added good helicity          242   5.5625093468089221E-002  in event            1 local:           1
 Added good helicity          243  0.12218099938647926       in event            1 local:           1
 Added good helicity          244  0.23591505054608083       in event            1 local:           1
 Added good helicity          245   2.0220498779850792E-002  in event            1 local:           1
 Added good helicity          246   5.6843181454614068E-005  in event            1 local:           1
 Added good helicity          247   1.0309720872395737E-004  in event            1 local:           1
 Added good helicity          248   1.1664285291142044E-003  in event            1 local:           1
 Added good helicity          249   3.9455183949247533E-002  in event            1 local:           1
 Added good helicity          250   7.9519856702576564E-005  in event            1 local:           1
 Added good helicity          251   1.7963077633123309E-004  in event            1 local:           1
 Added good helicity          252   6.0790159761047922E-004  in event            1 local:           1
 Added good helicity          253   5.7142667132790415       in event            1 local:           1
 Added good helicity          254   1.9585884698365509E-002  in event            1 local:           1
 Added good helicity          255   3.4017196707487235E-002  in event            1 local:           1
 Added good helicity          256  0.72951095179952430       in event            1 local:           1
 RESET CUMULATIVE VARIABLE
 RESET CUMULATIVE VARIABLE
 RESET CUMULATIVE VARIABLE
 Iteration  1   Mean: 0.3426E-05 Abs mean: 0.3426E-05   Fluctuation:  0.511E-06   0.307E-03    82.3%
  1    0.3426E-05 0.3426E-05 +- 0.5109E-06      4.72
 Writing out events   8.3244816844862232E-010   4.7162389865112955     
 Relative summed weights:
  0.2409E+00  0.8959E-01  0.1153E+00  0.1090E+00  0.1124E+00  0.2782E-01  0.2029E+00  0.1021E+00
 Relative number of events:
  0.1209E+00  0.1001E+00  0.1576E+00  0.1546E+00  0.1209E+00  0.8920E-01  0.1229E+00  0.1338E+00
 Events:
         122         101         159         156         122          90         124         135
 Iteration  2   Mean: 0.3457E-05 Abs mean: 0.3457E-05   Fluctuation:  0.240E-06   0.190E-03    93.8%
  2    0.3457E-05 0.3457E-05 +- 0.2402E-06      3.11
 Relative summed weights:
  0.1321E+00  0.1230E+00  0.1730E+00  0.2140E+00  0.9651E-01  0.7821E-01  0.1114E+00  0.7184E-01
 Relative number of events:
  0.1355E+00  0.1255E+00  0.1505E+00  0.1580E+00  0.9350E-01  0.9100E-01  0.1140E+00  0.1320E+00
 Events:
         271         251         301         316         187         182         228         264
 Iteration  3   Mean: 0.3096E-05 Abs mean: 0.3096E-05   Fluctuation:  0.870E-07   0.809E-04    94.9%
  3    0.3096E-05 0.3096E-05 +- 0.8696E-07      1.78
 Relative summed weights:
  0.1122E+00  0.1193E+00  0.1655E+00  0.1639E+00  0.8439E-01  0.1081E+00  0.1177E+00  0.1289E+00
 Relative number of events:
  0.1150E+00  0.1222E+00  0.1593E+00  0.1593E+00  0.9475E-01  0.1032E+00  0.1247E+00  0.1215E+00
 Events:
         460         489         637         637         379         413         499         486
 Accuracy:    0.030   0.100   0.026   1.333
 Finished due to accuracy    2.9619989279317426E-002  0.10000000000000001     

 -------------------------------------------------------------------------------
 Accumulated results:   Integral =  0.3155E-05
                        Std dev  =  0.8093E-07
                       Cross sec =  0.3155E-05
             Chi**2 per DoF.     =      1.3334
 -------------------------------------------------------------------------------
 Found          367  events.
 Wrote          299  events.
 Actual xsec    3.1549478574919893E-006
 Correct abs xsec    3.1549478574919893E-006
 Event xsec    3.1549478574920058E-006
 Events wgts > 1:           13
 % Cross section > 1:    2.9684899857506875E-008  0.94089985630078177     
-------------------------------------------------
---------------------------
 Results Last   3 iters: Integral =   0.3155E-05
                     Abs integral =   0.3155E-05
                          Std dev =   0.8093E-07
                  Chi**2 per DoF. =      1.1587
-------------------------------------------------
---------------------------
 Status  0.10000000000000001                4           5

ls status:
events.lhe
ftn26
input_app.txt
results.dat
run1_app.log
