 Process in group number            1
 A PDF is used, so alpha_s(MZ) is going to be modified
 Old value of alpha_s from param_card:   0.11839999999999999     
  ****************************************
 
       NNPDFDriver version 1.0.3
   Grid: NNPDF23_lo_as_0130_qed_mem0.grid
  ****************************************
 New value of alpha_s from PDF nn23lo1:  0.13000000000000000     
 Define smin to   88.360000000000014     
 Define smin to   88.360000000000014     
 Warning: pt or E min of a jet should in general be >0
 Warning: pt or E min of a jet should in general be >0
 Warning: pt or E min of a jet should in general be >0
 Warning: pt or E min of a jet should in general be >0
 *****************************************************
 *               MadGraph/MadEvent                   *
 *        --------------------------------           *
 *          http://madgraph.hep.uiuc.edu             *
 *          http://madgraph.phys.ucl.ac.be           *
 *          http://madgraph.roma2.infn.it            *
 *        --------------------------------           *
 *                                                   *
 *          PARAMETER AND COUPLING VALUES            *
 *                                                   *
 *****************************************************

  External Params
  ---------------------------------
  
 mdl_cabi =   0.22773599999999999     
 aEWM1 =    127.90000000000001     
 mdl_Gf =    1.1663700000000000E-005
 aS =   0.11839999999999999     
 mdl_ymb =    4.7000000000000002     
 mdl_ymt =    172.00000000000000     
 mdl_ymtau =    1.7769999999999999     
 mdl_Lambda =    5000.0000000000000     
 mdl_ca =    1.0000000000000000     
 mdl_kSM =    5.0000000000000003E-002
 mdl_kHtt =    0.0000000000000000     
 mdl_kAtt =    0.0000000000000000     
 mdl_kHbb =    0.0000000000000000     
 mdl_kAbb =    0.0000000000000000     
 mdl_kHll =    0.0000000000000000     
 mdl_kAll =    0.0000000000000000     
 mdl_kHaa =    0.0000000000000000     
 mdl_kAaa =    0.0000000000000000     
 mdl_kHza =    0.0000000000000000     
 mdl_kAza =    0.0000000000000000     
 mdl_kHgg =    0.0000000000000000     
 mdl_kAgg =    0.0000000000000000     
 mdl_kHzz =  -0.52481000000000000     
 mdl_kAzz =    0.0000000000000000     
 mdl_kHww =  -0.52481000000000000     
 mdl_kAww =    0.0000000000000000     
 mdl_kHda =    0.0000000000000000     
 mdl_kHdz =  -0.26240500000000000     
 mdl_kHdwR =  -0.26240500000000000     
 mdl_kHdwI =    0.0000000000000000     
 mdl_kHHgg =    1.0000000000000000     
 mdl_kAAgg =    1.0000000000000000     
 mdl_kqa =    1.0000000000000000     
 mdl_kqb =    1.0000000000000000     
 mdl_kla =    1.0000000000000000     
 mdl_klb =    1.0000000000000000     
 mdl_kw1 =    1.0000000000000000     
 mdl_kw2 =    1.0000000000000000     
 mdl_kw3 =    0.0000000000000000     
 mdl_kw4 =    0.0000000000000000     
 mdl_kw5 =    0.0000000000000000     
 mdl_kz1 =    0.0000000000000000     
 mdl_kz3 =    1.0000000000000000     
 mdl_kz5 =    0.0000000000000000     
 mdl_kq =    1.0000000000000000     
 mdl_kq3 =    1.0000000000000000     
 mdl_kl =    1.0000000000000000     
 mdl_kg =    1.0000000000000000     
 mdl_ka =    1.0000000000000000     
 mdl_kz =    1.0000000000000000     
 mdl_kw =    1.0000000000000000     
 mdl_kza =    0.0000000000000000     
 mdl_MZ =    91.187600000000003     
 mdl_MTA =    1.7769999999999999     
 mdl_MT =    172.00000000000000     
 mdl_MB =    4.7000000000000002     
 mdl_MX0 =    600.00000000000000     
 mdl_MX1 =    125.00000000000000     
 mdl_MX2 =    125.00000000000000     
 mdl_WZ =    2.4952000000000001     
 mdl_WW =    2.0850000000000000     
 mdl_WT =    1.5083359999999999     
 mdl_WX0 =   0.15059000000000000     
 mdl_WX1 =    4.0699999999999998E-003
 mdl_WX2 =    4.0699999999999998E-003
  Internal Params
  ---------------------------------
  
 mdl_cos__cabi =   0.97418004031982097     
 mdl_CKM1x1 =  ( 0.97418004031982097     ,  0.0000000000000000     )
 mdl_sin__cabi =   0.22577256042856930     
 mdl_CKM1x2 =  ( 0.22577256042856930     ,  0.0000000000000000     )
 mdl_CKM2x1 =  (-0.22577256042856930     ,  0.0000000000000000     )
 mdl_CKM2x2 =  ( 0.97418004031982097     ,  0.0000000000000000     )
 mdl_ca__exp__2 =    1.0000000000000000     
 mdl_sa =    0.0000000000000000     
 mdl_complexi =  (  0.0000000000000000     ,  1.0000000000000000     )
 mdl_kHdw =  (-0.26240500000000000     ,  0.0000000000000000     )
 mdl_MZ__exp__2 =    8315.1783937600012     
 mdl_MZ__exp__4 =    69142191.720053151     
 mdl_sqrt__2 =    1.4142135623730951     
 mdl_nb__2__exp__0_75 =    1.6817928305074290     
 mdl_MX0__exp__2 =    360000.00000000000     
 mdl_ca__exp__4 =    1.0000000000000000     
 mdl_ca__exp__3 =    1.0000000000000000     
 mdl_conjg__CKM1x1 =  ( 0.97418004031982097     , -0.0000000000000000     )
 mdl_conjg__CKM1x2 =  ( 0.22577256042856930     , -0.0000000000000000     )
 mdl_conjg__CKM2x1 =  (-0.22577256042856930     , -0.0000000000000000     )
 mdl_conjg__CKM2x2 =  ( 0.97418004031982097     , -0.0000000000000000     )
 mdl_conjg__kHdw =  (-0.26240500000000000     , -0.0000000000000000     )
 mdl_aEW =    7.8186082877247844E-003
 mdl_MW =    79.824359746197842     
 mdl_sqrt__aEW =    8.8422894590285753E-002
 mdl_ee =   0.31345100004952897     
 mdl_MW__exp__2 =    6371.9284088904105     
 mdl_sw2 =   0.23369913342182447     
 mdl_cw =   0.87538612427783857     
 mdl_sqrt__sw2 =   0.48342438232036300     
 mdl_sw =   0.48342438232036300     
 mdl_ad =  -0.12747442148678401     
 mdl_al =   -1.2074027013887732E-002
 mdl_an =   0.18517461872323218     
 mdl_au =    6.9774224250335873E-002
 mdl_bd =  -0.18517461872323218     
 mdl_bl =  -0.18517461872323218     
 mdl_bn =   0.18517461872323218     
 mdl_bu =   0.18517461872323218     
 mdl_gwwz =  -0.56759788318358417     
 mdl_g1 =   0.35807170271074895     
 mdl_gw =   0.64839716719502682     
 mdl_vev =    246.22056907348590     
 mdl_ee__exp__2 =    9.8251529432049817E-002
 mdl_gAaa =    1.3477023594718659E-005
 mdl_vev__exp__2 =    60624.568634871241     
 mdl_cw__exp__2 =   0.76630086657817542     
 mdl_gAza =    4.4999802188047602E-006
 mdl_gHaa =    2.6392504539657372E-005
 mdl_gHza =    3.9166441035016922E-005
 mdl_lam =    2.9690932909411916     
 mdl_yb =    2.6995322804122722E-002
 mdl_yt =   0.98791394091683138     
 mdl_ytau =    1.0206529494239589E-002
 mdl_muH =    424.26406871192853     
 mdl_sw__exp__2 =   0.23369913342182450     
  Internal Params evaluated point by point
  ----------------------------------------
  
 mdl_sqrt__aS =   0.34409301068170506     
 mdl_G__exp__2 =    1.4878582807401259     
 mdl_gAAgg =    3.1083017473614446E-007
 mdl_gAgg =    7.6532782508744533E-005
 mdl_gHgg =   -5.1021855005829691E-005
 mdl_gHHgg =    2.0722011649076294E-007
  Couplings of HC_UFO
  ---------------------------------
  
        GC_10 =  -0.00000E+00   0.00000E+00
        GC_13 =  -0.00000E+00  -0.20722E-06
        GC_62 =   0.00000E+00   0.00000E+00
        GC_64 =   0.00000E+00   0.00000E+00
         GC_1 =  -0.00000E+00  -0.10448E+00
         GC_2 =   0.00000E+00   0.20897E+00
         GC_3 =  -0.00000E+00  -0.31345E+00
         GC_9 =  -0.00000E+00  -0.00000E+00
        GC_16 =  -0.00000E+00  -0.00000E+00
        GC_17 =   0.00000E+00  -0.12074E-01
        GC_19 =  -0.00000E+00   0.18517E+00
        GC_21 =   0.00000E+00  -0.12747E+00
        GC_22 =   0.00000E+00   0.69774E-01
        GC_23 =  -0.00000E+00   0.18517E+00
        GC_24 =  -0.00000E+00  -0.18517E+00
        GC_61 =   0.00000E+00   0.00000E+00
        GC_66 =   0.00000E+00   0.00000E+00
        GC_77 =  -0.00000E+00  -0.28380E+00
        GC_78 =   0.00000E+00   0.28380E+00
        GC_89 =  -0.00000E+00  -0.28850E-01
        GC_90 =   0.00000E+00   0.86550E-01
        GC_98 =  -0.00000E+00  -0.21932E+03
       GC_100 =   0.00000E+00   0.33771E+01
       GC_101 =  -0.00000E+00  -0.00000E+00
       GC_102 =   0.00000E+00   0.00000E+00
       GC_105 =  -0.00000E+00  -0.00000E+00
       GC_106 =   0.00000E+00   0.00000E+00
        GC_35 =  -0.00000E+00  -0.20000E-03
        GC_38 =  -0.00000E+00  -0.00000E+00
        GC_40 =   0.00000E+00   0.52481E-04
        GC_42 =   0.00000E+00   0.10496E-03
        GC_43 =   0.00000E+00   0.50000E-04
        GC_45 =   0.00000E+00   0.50000E-04
        GC_49 =   0.00000E+00   0.50000E-04
        GC_56 =  -0.00000E+00  -0.94000E-03
        GC_58 =  -0.00000E+00  -0.35540E-03
        GC_68 =   0.00000E+00   0.00000E+00

 Collider parameters:
 --------------------

 Running at P P   machine @    13000.000000000000       GeV
 PDF set = nn23lo1
 alpha_s(Mz)= 0.1300 running at 2 loops.
 alpha_s(Mz)= 0.1300 running at 2 loops.
 Renormalization scale set on event-by-event basis
 Factorization   scale set on event-by-event basis


 getting user params
Enter number of events and max and min iterations: 
 Number of events and iterations         1000           5           3
Enter desired fractional accuracy: 
 Desired fractional accuracy:   0.10000000000000001     
Enter 0 for fixed, 2 for adjustable grid: 
Suppress amplitude (0 no, 1 yes)? 
 Using suppressed amplitude.
Exact helicity sum (0 yes, n = number/event)? 
 Explicitly summing over helicities
Enter Configuration Number: 
Running Configuration Number:   37
 Not subdividing B.W.
 Attempting mappinvarients           1           8
 Completed mapping           8
 about to integrate           16        1000           5           3          16           1
 Using non-zero grid deformation.
 16 dimensions   1000 events 16 invarients  5 iterations  1 config(s),  (0.99)
 Using h-tuple random number sequence.
 Error opening grid
 Using Uniform Grid!          32
 Using uniform alpha   1.0000000000000000     
 Grid defined OK
 Set CM energy to      13000.00
 Mapping Graph          37  to config          37
 Setting BW          -1           1   125.00000000000000     
Setting grid   2    0.13071E-06   1
 Setting BW          -3           3   600.00000000000000     
 Setting BW          -4           4   91.187600000000003     
Setting grid   5    0.17101E-04   1
 Transforming s_hat 1/s           15   2.5115575576956360E-003   88.360000000000014        168999999.99999997     
  37   1   2   3   4   5   6   7   8   9  10  11  12  13  14
  15  16
 Masses: 0.470E+01 0.470E+01 0.000E+00 0.000E+00 0.000E+00 0.000E+00 0.470E+01 0.470E+01
Using random seed offsets    37 :     12
  with seed                   24
 Ranmar initialization seeds       31095        9409
 
 ********************************************
 * You are using the DiscreteSampler module *
 *      part of the MG5_aMC framework       *
 *         Author: Valentin Hirschi         *
 ********************************************
 
  Particle       3       4       5       6       7       8
      Et >     0.0     0.0     0.0     0.0     0.0     0.0
       E >     0.0     0.0     0.0     0.0     0.0     0.0
     Eta <    -1.0    -1.0    -1.0    -1.0    -1.0    -1.0
   xqcut:      0.0     0.0     0.0     0.0     0.0     0.0
d R # 3  >    -0.0     0.0     0.0     0.0     0.0     0.0
d R # 4  >    -0.0    -0.0     0.0     0.0     0.0     0.0
d R # 5  >    -0.0    -0.0    -0.0     0.0     0.0     0.0
d R # 6  >    -0.0    -0.0    -0.0    -0.0     0.0     0.0
d R # 7  >    -0.0    -0.0    -0.0    -0.0    -0.0     0.0
s min # 3>     0.0     0.0     0.0     0.0    22.1     0.0
s min # 4>     0.0     0.0     0.0     0.0    22.1     0.0
s min # 5>     0.0     0.0     0.0     0.0    22.1     0.0
s min # 6>     0.0     0.0     0.0     0.0    22.1     0.0
s min # 7>     0.0     0.0     0.0     0.0     0.0     0.0
xqcutij # 3>     0.0     0.0     0.0     0.0     0.0     0.0
xqcutij # 4>     0.0     0.0     0.0     0.0     0.0     0.0
xqcutij # 5>     0.0     0.0     0.0     0.0     0.0     0.0
xqcutij # 6>     0.0     0.0     0.0     0.0     0.0     0.0
xqcutij # 7>     0.0     0.0     0.0     0.0     0.0     0.0
 No cut BW           -1           1
 No cut BW           -3           2
 No cut BW           -4           3
 alpha_s for scale    347.70937193128520       is   0.10635591318751668     
 Added good helicity            1   3.4537499816977562       in event            1 local:           1
 Added good helicity            2   9.8269143015604962E-003  in event            1 local:           1
 Added good helicity            3   1.8200139556390198E-002  in event            1 local:           1
 Added good helicity            4   1.2844310447180830E-002  in event            1 local:           1
 Added good helicity           13  0.28591265995827775       in event            1 local:           1
 Added good helicity           14   7.6308359972357487E-003  in event            1 local:           1
 Added good helicity           15   9.1549454356590291E-003  in event            1 local:           1
 Added good helicity           16   8.9859044138919070E-002  in event            1 local:           1
 Added good helicity           49   1.4009449633241258       in event            1 local:           1
 Added good helicity           50   3.9860922674609970E-003  in event            1 local:           1
 Added good helicity           51   7.3825244961093859E-003  in event            1 local:           1
 Added good helicity           52   5.2100389789952453E-003  in event            1 local:           1
 Added good helicity           61  0.11597478191581645       in event            1 local:           1
 Added good helicity           62   3.0952967970845412E-003  in event            1 local:           1
 Added good helicity           63   3.7135214666838890E-003  in event            1 local:           1
 Added good helicity           64   3.6449533394903269E-002  in event            1 local:           1
 Added good helicity           65  0.38320318467539888       in event            1 local:           1
 Added good helicity           66   1.0903235253986454E-003  in event            1 local:           1
 Added good helicity           67   2.0193562002183644E-003  in event            1 local:           1
 Added good helicity           68   1.4251120360193818E-003  in event            1 local:           1
 Added good helicity           77   3.1722806345457814E-002  in event            1 local:           1
 Added good helicity           78   8.4666251795070151E-004  in event            1 local:           1
 Added good helicity           79   1.0157667072210950E-003  in event            1 local:           1
 Added good helicity           80   9.9701113480699013E-003  in event            1 local:           1
 Added good helicity          113   7.8512282936107097E-002  in event            1 local:           1
 Added good helicity          114   2.2339007748723406E-004  in event            1 local:           1
 Added good helicity          115   4.1373420597906819E-004  in event            1 local:           1
 Added good helicity          116   2.9198295802886775E-004  in event            1 local:           1
 Added good helicity          125   6.4995022142930849E-003  in event            1 local:           1
 Added good helicity          126   1.7346778372170934E-004  in event            1 local:           1
 Added good helicity          127   2.0811456246631855E-004  in event            1 local:           1
 Added good helicity          128   2.0427184177167650E-003  in event            1 local:           1
 Added good helicity          129  0.43785604056831801       in event            1 local:           1
 Added good helicity          130   1.2458266550522997E-003  in event            1 local:           1
 Added good helicity          131   2.3073589826077988E-003  in event            1 local:           1
 Added good helicity          132   1.6283630679799006E-003  in event            1 local:           1
 Added good helicity          141   3.6247147564557797E-002  in event            1 local:           1
 Added good helicity          142   9.6741444912969772E-004  in event            1 local:           1
 Added good helicity          143   1.1606364621987442E-003  in event            1 local:           1
 Added good helicity          144   1.1392059496032158E-002  in event            1 local:           1
 Added good helicity          177   8.9709790307466702E-002  in event            1 local:           1
 Added good helicity          178   2.5525021383542224E-004  in event            1 local:           1
 Added good helicity          179   4.7274142940937361E-004  in event            1 local:           1
 Added good helicity          180   3.3362588576668829E-004  in event            1 local:           1
 Added good helicity          189   7.4264683046046023E-003  in event            1 local:           1
 Added good helicity          190   1.9820794811736169E-004  in event            1 local:           1
 Added good helicity          191   2.3779608821179090E-004  in event            1 local:           1
 Added good helicity          192   2.3340531450308311E-003  in event            1 local:           1
 Added good helicity          193   200.82830269727611       in event            1 local:           1
 Added good helicity          194  0.57141441343239896       in event            1 local:           1
 Added good helicity          195   1.0582998640123518       in event            1 local:           1
 Added good helicity          196  0.74686965764563407       in event            1 local:           1
 Added good helicity          205   16.625220274589406       in event            1 local:           1
 Added good helicity          206  0.44371707552867146       in event            1 local:           1
 Added good helicity          207  0.53234083615565952       in event            1 local:           1
 Added good helicity          208   5.2251145601303017       in event            1 local:           1
 Added good helicity          241   20.783167189523365       in event            1 local:           1
 Added good helicity          242   5.9134101764382711E-002  in event            1 local:           1
 Added good helicity          243  0.10952053428232701       in event            1 local:           1
 Added good helicity          244   7.7291481106770449E-002  in event            1 local:           1
 Added good helicity          253   1.7204981961645176       in event            1 local:           1
 Added good helicity          254   4.5919056436281053E-002  in event            1 local:           1
 Added good helicity          255   5.5090485011522257E-002  in event            1 local:           1
 Added good helicity          256  0.54073269568629345       in event            1 local:           1
 Added good helicity            1   3.4537499816977588       in event            1 local:           1
 Added good helicity            2   9.8269143015605361E-003  in event            1 local:           1
 Added good helicity            3   1.8200139556390240E-002  in event            1 local:           1
 Added good helicity            4   1.2844310447180964E-002  in event            1 local:           1
 Added good helicity           13  0.28591265995827925       in event            1 local:           1
 Added good helicity           14   7.6308359972357730E-003  in event            1 local:           1
 Added good helicity           15   9.1549454356590135E-003  in event            1 local:           1
 Added good helicity           16   8.9859044138919111E-002  in event            1 local:           1
 Added good helicity           49   1.4009449633241253       in event            1 local:           1
 Added good helicity           50   3.9860922674610126E-003  in event            1 local:           1
 Added good helicity           51   7.3825244961093989E-003  in event            1 local:           1
 Added good helicity           52   5.2100389789952956E-003  in event            1 local:           1
 Added good helicity           61  0.11597478191581707       in event            1 local:           1
 Added good helicity           62   3.0952967970845481E-003  in event            1 local:           1
 Added good helicity           63   3.7135214666838804E-003  in event            1 local:           1
 Added good helicity           64   3.6449533394903262E-002  in event            1 local:           1
 Added good helicity           65  0.38320318467539977       in event            1 local:           1
 Added good helicity           66   1.0903235253986508E-003  in event            1 local:           1
 Added good helicity           67   2.0193562002183718E-003  in event            1 local:           1
 Added good helicity           68   1.4251120360193980E-003  in event            1 local:           1
 Added good helicity           77   3.1722806345458064E-002  in event            1 local:           1
 Added good helicity           78   8.4666251795070563E-004  in event            1 local:           1
 Added good helicity           79   1.0157667072210946E-003  in event            1 local:           1
 Added good helicity           80   9.9701113480699169E-003  in event            1 local:           1
 Added good helicity          113   7.8512282936107264E-002  in event            1 local:           1
 Added good helicity          114   2.2339007748723509E-004  in event            1 local:           1
 Added good helicity          115   4.1373420597906943E-004  in event            1 local:           1
 Added good helicity          116   2.9198295802887074E-004  in event            1 local:           1
 Added good helicity          125   6.4995022142931317E-003  in event            1 local:           1
 Added good helicity          126   1.7346778372171010E-004  in event            1 local:           1
 Added good helicity          127   2.0811456246631844E-004  in event            1 local:           1
 Added good helicity          128   2.0427184177167690E-003  in event            1 local:           1
 Added good helicity          129  0.43785604056832028       in event            1 local:           1
 Added good helicity          130   1.2458266550523095E-003  in event            1 local:           1
 Added good helicity          131   2.3073589826078131E-003  in event            1 local:           1
 Added good helicity          132   1.6283630679799234E-003  in event            1 local:           1
 Added good helicity          141   3.6247147564558144E-002  in event            1 local:           1
 Added good helicity          142   9.6741444912970445E-004  in event            1 local:           1
 Added good helicity          143   1.1606364621987463E-003  in event            1 local:           1
 Added good helicity          144   1.1392059496032213E-002  in event            1 local:           1
 Added good helicity          177   8.9709790307466605E-002  in event            1 local:           1
 Added good helicity          178   2.5525021383542262E-004  in event            1 local:           1
 Added good helicity          179   4.7274142940937372E-004  in event            1 local:           1
 Added good helicity          180   3.3362588576669073E-004  in event            1 local:           1
 Added good helicity          189   7.4264683046046326E-003  in event            1 local:           1
 Added good helicity          190   1.9820794811736188E-004  in event            1 local:           1
 Added good helicity          191   2.3779608821179008E-004  in event            1 local:           1
 Added good helicity          192   2.3340531450308268E-003  in event            1 local:           1
 Added good helicity          193   200.82830269727594       in event            1 local:           1
 Added good helicity          194  0.57141441343240107       in event            1 local:           1
 Added good helicity          195   1.0582998640123535       in event            1 local:           1
 Added good helicity          196  0.74686965764564084       in event            1 local:           1
 Added good helicity          205   16.625220274589495       in event            1 local:           1
 Added good helicity          206  0.44371707552867234       in event            1 local:           1
 Added good helicity          207  0.53234083615565808       in event            1 local:           1
 Added good helicity          208   5.2251145601303044       in event            1 local:           1
 Added good helicity          241   20.783167189523382       in event            1 local:           1
 Added good helicity          242   5.9134101764382933E-002  in event            1 local:           1
 Added good helicity          243  0.10952053428232723       in event            1 local:           1
 Added good helicity          244   7.7291481106771212E-002  in event            1 local:           1
 Added good helicity          253   1.7204981961645283       in event            1 local:           1
 Added good helicity          254   4.5919056436281150E-002  in event            1 local:           1
 Added good helicity          255   5.5090485011522153E-002  in event            1 local:           1
 Added good helicity          256  0.54073269568629367       in event            1 local:           1
 RESET CUMULATIVE VARIABLE
 RESET CUMULATIVE VARIABLE
 RESET CUMULATIVE VARIABLE
 No points passed cuts!
 Loosen cuts or increase max_events      500000
 Deleting file events.lhe

ls status:
events.lhe
grid_information
input_app.txt
results.dat
run1_app.log
