 Process in group number            1
 A PDF is used, so alpha_s(MZ) is going to be modified
 Old value of alpha_s from param_card:   0.11839999999999999     
  ****************************************
 
       NNPDFDriver version 1.0.3
   Grid: NNPDF23_lo_as_0130_qed_mem0.grid
  ****************************************
 New value of alpha_s from PDF nn23lo1:  0.13000000000000000     
 Define smin to   12.630915999999999     
 Define smin to   12.630915999999999     
 Define smin to   12.630915999999999     
 Define smin to   12.630915999999999     
 Define smin to   12.630915999999999     
 Define smin to   12.630915999999999     
 Warning: pt or E min of a jet should in general be >0
 Warning: pt or E min of a jet should in general be >0
 Warning: pt or E min of a jet should in general be >0
 Warning: pt or E min of a jet should in general be >0
 *****************************************************
 *               MadGraph/MadEvent                   *
 *        --------------------------------           *
 *          http://madgraph.hep.uiuc.edu             *
 *          http://madgraph.phys.ucl.ac.be           *
 *          http://madgraph.roma2.infn.it            *
 *        --------------------------------           *
 *                                                   *
 *          PARAMETER AND COUPLING VALUES            *
 *                                                   *
 *****************************************************

  External Params
  ---------------------------------
  
 mdl_cabi =   0.22773599999999999     
 aEWM1 =    127.90000000000001     
 mdl_Gf =    1.1663700000000000E-005
 aS =   0.11839999999999999     
 mdl_ymb =    4.7000000000000002     
 mdl_ymt =    172.00000000000000     
 mdl_ymtau =    1.7769999999999999     
 mdl_Lambda =    5000.0000000000000     
 mdl_ca =    1.0000000000000000     
 mdl_kSM =    5.0000000000000003E-002
 mdl_kHtt =    0.0000000000000000     
 mdl_kAtt =    0.0000000000000000     
 mdl_kHbb =    0.0000000000000000     
 mdl_kAbb =    0.0000000000000000     
 mdl_kHll =    0.0000000000000000     
 mdl_kAll =    0.0000000000000000     
 mdl_kHaa =    0.0000000000000000     
 mdl_kAaa =    0.0000000000000000     
 mdl_kHza =    0.0000000000000000     
 mdl_kAza =    0.0000000000000000     
 mdl_kHgg =    0.0000000000000000     
 mdl_kAgg =    0.0000000000000000     
 mdl_kHzz =  -0.52481000000000000     
 mdl_kAzz =    0.0000000000000000     
 mdl_kHww =  -0.52481000000000000     
 mdl_kAww =    0.0000000000000000     
 mdl_kHda =    0.0000000000000000     
 mdl_kHdz =  -0.26240500000000000     
 mdl_kHdwR =  -0.26240500000000000     
 mdl_kHdwI =    0.0000000000000000     
 mdl_kHHgg =    1.0000000000000000     
 mdl_kAAgg =    1.0000000000000000     
 mdl_kqa =    1.0000000000000000     
 mdl_kqb =    1.0000000000000000     
 mdl_kla =    1.0000000000000000     
 mdl_klb =    1.0000000000000000     
 mdl_kw1 =    1.0000000000000000     
 mdl_kw2 =    1.0000000000000000     
 mdl_kw3 =    0.0000000000000000     
 mdl_kw4 =    0.0000000000000000     
 mdl_kw5 =    0.0000000000000000     
 mdl_kz1 =    0.0000000000000000     
 mdl_kz3 =    1.0000000000000000     
 mdl_kz5 =    0.0000000000000000     
 mdl_kq =    1.0000000000000000     
 mdl_kq3 =    1.0000000000000000     
 mdl_kl =    1.0000000000000000     
 mdl_kg =    1.0000000000000000     
 mdl_ka =    1.0000000000000000     
 mdl_kz =    1.0000000000000000     
 mdl_kw =    1.0000000000000000     
 mdl_kza =    0.0000000000000000     
 mdl_MZ =    91.187600000000003     
 mdl_MTA =    1.7769999999999999     
 mdl_MT =    172.00000000000000     
 mdl_MB =    4.7000000000000002     
 mdl_MX0 =    600.00000000000000     
 mdl_MX1 =    125.00000000000000     
 mdl_MX2 =    125.00000000000000     
 mdl_WZ =    2.4952000000000001     
 mdl_WW =    2.0850000000000000     
 mdl_WT =    1.5083359999999999     
 mdl_WX0 =   0.15059000000000000     
 mdl_WX1 =    4.0699999999999998E-003
 mdl_WX2 =    4.0699999999999998E-003
  Internal Params
  ---------------------------------
  
 mdl_cos__cabi =   0.97418004031982097     
 mdl_CKM1x1 =  ( 0.97418004031982097     ,  0.0000000000000000     )
 mdl_sin__cabi =   0.22577256042856930     
 mdl_CKM1x2 =  ( 0.22577256042856930     ,  0.0000000000000000     )
 mdl_CKM2x1 =  (-0.22577256042856930     ,  0.0000000000000000     )
 mdl_CKM2x2 =  ( 0.97418004031982097     ,  0.0000000000000000     )
 mdl_ca__exp__2 =    1.0000000000000000     
 mdl_sa =    0.0000000000000000     
 mdl_complexi =  (  0.0000000000000000     ,  1.0000000000000000     )
 mdl_kHdw =  (-0.26240500000000000     ,  0.0000000000000000     )
 mdl_MZ__exp__2 =    8315.1783937600012     
 mdl_MZ__exp__4 =    69142191.720053151     
 mdl_sqrt__2 =    1.4142135623730951     
 mdl_nb__2__exp__0_75 =    1.6817928305074290     
 mdl_MX0__exp__2 =    360000.00000000000     
 mdl_ca__exp__4 =    1.0000000000000000     
 mdl_ca__exp__3 =    1.0000000000000000     
 mdl_conjg__CKM1x1 =  ( 0.97418004031982097     , -0.0000000000000000     )
 mdl_conjg__CKM1x2 =  ( 0.22577256042856930     , -0.0000000000000000     )
 mdl_conjg__CKM2x1 =  (-0.22577256042856930     , -0.0000000000000000     )
 mdl_conjg__CKM2x2 =  ( 0.97418004031982097     , -0.0000000000000000     )
 mdl_conjg__kHdw =  (-0.26240500000000000     , -0.0000000000000000     )
 mdl_aEW =    7.8186082877247844E-003
 mdl_MW =    79.824359746197842     
 mdl_sqrt__aEW =    8.8422894590285753E-002
 mdl_ee =   0.31345100004952897     
 mdl_MW__exp__2 =    6371.9284088904105     
 mdl_sw2 =   0.23369913342182447     
 mdl_cw =   0.87538612427783857     
 mdl_sqrt__sw2 =   0.48342438232036300     
 mdl_sw =   0.48342438232036300     
 mdl_ad =  -0.12747442148678401     
 mdl_al =   -1.2074027013887732E-002
 mdl_an =   0.18517461872323218     
 mdl_au =    6.9774224250335873E-002
 mdl_bd =  -0.18517461872323218     
 mdl_bl =  -0.18517461872323218     
 mdl_bn =   0.18517461872323218     
 mdl_bu =   0.18517461872323218     
 mdl_gwwz =  -0.56759788318358417     
 mdl_g1 =   0.35807170271074895     
 mdl_gw =   0.64839716719502682     
 mdl_vev =    246.22056907348590     
 mdl_ee__exp__2 =    9.8251529432049817E-002
 mdl_gAaa =    1.3477023594718659E-005
 mdl_vev__exp__2 =    60624.568634871241     
 mdl_cw__exp__2 =   0.76630086657817542     
 mdl_gAza =    4.4999802188047602E-006
 mdl_gHaa =    2.6392504539657372E-005
 mdl_gHza =    3.9166441035016922E-005
 mdl_lam =    2.9690932909411916     
 mdl_yb =    2.6995322804122722E-002
 mdl_yt =   0.98791394091683138     
 mdl_ytau =    1.0206529494239589E-002
 mdl_muH =    424.26406871192853     
 mdl_sw__exp__2 =   0.23369913342182450     
  Internal Params evaluated point by point
  ----------------------------------------
  
 mdl_sqrt__aS =   0.34409301068170506     
 mdl_G__exp__2 =    1.4878582807401259     
 mdl_gAAgg =    3.1083017473614446E-007
 mdl_gAgg =    7.6532782508744533E-005
 mdl_gHgg =   -5.1021855005829691E-005
 mdl_gHHgg =    2.0722011649076294E-007
  Couplings of HC_UFO
  ---------------------------------
  
        GC_10 =  -0.00000E+00   0.00000E+00
        GC_13 =  -0.00000E+00  -0.20722E-06
        GC_62 =   0.00000E+00   0.00000E+00
        GC_64 =   0.00000E+00   0.00000E+00
         GC_1 =  -0.00000E+00  -0.10448E+00
         GC_2 =   0.00000E+00   0.20897E+00
         GC_3 =  -0.00000E+00  -0.31345E+00
         GC_9 =  -0.00000E+00  -0.00000E+00
        GC_16 =  -0.00000E+00  -0.00000E+00
        GC_17 =   0.00000E+00  -0.12074E-01
        GC_19 =  -0.00000E+00   0.18517E+00
        GC_21 =   0.00000E+00  -0.12747E+00
        GC_22 =   0.00000E+00   0.69774E-01
        GC_23 =  -0.00000E+00   0.18517E+00
        GC_24 =  -0.00000E+00  -0.18517E+00
        GC_61 =   0.00000E+00   0.00000E+00
        GC_66 =   0.00000E+00   0.00000E+00
        GC_77 =  -0.00000E+00  -0.28380E+00
        GC_78 =   0.00000E+00   0.28380E+00
        GC_89 =  -0.00000E+00  -0.28850E-01
        GC_90 =   0.00000E+00   0.86550E-01
        GC_98 =  -0.00000E+00  -0.21932E+03
       GC_100 =   0.00000E+00   0.33771E+01
       GC_101 =  -0.00000E+00  -0.00000E+00
       GC_102 =   0.00000E+00   0.00000E+00
       GC_105 =  -0.00000E+00  -0.00000E+00
       GC_106 =   0.00000E+00   0.00000E+00
        GC_35 =  -0.00000E+00  -0.20000E-03
        GC_38 =  -0.00000E+00  -0.00000E+00
        GC_40 =   0.00000E+00   0.52481E-04
        GC_42 =   0.00000E+00   0.10496E-03
        GC_43 =   0.00000E+00   0.50000E-04
        GC_45 =   0.00000E+00   0.50000E-04
        GC_49 =   0.00000E+00   0.50000E-04
        GC_56 =  -0.00000E+00  -0.94000E-03
        GC_58 =  -0.00000E+00  -0.35540E-03
        GC_68 =   0.00000E+00   0.00000E+00

 Collider parameters:
 --------------------

 Running at P P   machine @    13000.000000000000       GeV
 PDF set = nn23lo1
 alpha_s(Mz)= 0.1300 running at 2 loops.
 alpha_s(Mz)= 0.1300 running at 2 loops.
 Renormalization scale set on event-by-event basis
 Factorization   scale set on event-by-event basis


 getting user params
Enter number of events and max and min iterations: 
 Number of events and iterations         1000           5           3
Enter desired fractional accuracy: 
 Desired fractional accuracy:   0.10000000000000001     
Enter 0 for fixed, 2 for adjustable grid: 
Suppress amplitude (0 no, 1 yes)? 
 Using suppressed amplitude.
Exact helicity sum (0 yes, n = number/event)? 
 Explicitly summing over helicities
Enter Configuration Number: 
Running Configuration Number:   16
 Using dconfig=         202
 BW Setting            1           1           1           1           2           0
 Attempting mappinvarients           1           8
 Completed mapping           8
 about to integrate           16        1000           5           3          16           1
 Using non-zero grid deformation.
 16 dimensions   1000 events 16 invarients  5 iterations  1 config(s),  (0.99)
 Using h-tuple random number sequence.
 Error opening grid
 Using Uniform Grid!          32
 Using uniform alpha   1.0000000000000000     
 Grid defined OK
 Set CM energy to      13000.00
 Mapping Graph          16  to config          16
 Setting BW          -1           1   91.187600000000003     
 Setting BW          -2           2   91.187600000000003     
 Setting BW          -3           3   600.00000000000000     
 Setting BW          -4           4   91.187600000000003     
Setting grid   5    0.25116E-02   1
 Transforming s_hat 1/s           15   2.5115575576956360E-003   12.630915999999999        168999999.99999997     
  16   1   2   3   4   5   6   7   8   9  10  11  12  13  14
  15  16
 Masses: 0.470E+01 0.470E+01 0.000E+00 0.000E+00 0.178E+01 0.178E+01 0.000E+00 0.000E+00
Using random seed offsets    16 :     14
  with seed                   24
 Ranmar initialization seeds       31074        9411
 
 ********************************************
 * You are using the DiscreteSampler module *
 *      part of the MG5_aMC framework       *
 *         Author: Valentin Hirschi         *
 ********************************************
 
  Particle       3       4       5       6       7       8
      Et >     0.0     0.0     0.0     0.0     0.0     0.0
       E >     0.0     0.0     0.0     0.0     0.0     0.0
     Eta <    -1.0    -1.0    -1.0    -1.0    -1.0    -1.0
   xqcut:      0.0     0.0     0.0     0.0     0.0     0.0
d R # 3  >    -0.0     0.0     0.0     0.0     0.0     0.0
d R # 4  >    -0.0    -0.0     0.0     0.0     0.0     0.0
d R # 5  >    -0.0    -0.0    -0.0     0.0     0.0     0.0
d R # 6  >    -0.0    -0.0    -0.0    -0.0     0.0     0.0
d R # 7  >    -0.0    -0.0    -0.0    -0.0    -0.0     0.0
s min # 3>     0.0     0.0     3.2     3.2     0.0     0.0
s min # 4>     0.0     0.0     3.2     3.2     0.0     0.0
s min # 5>     0.0     0.0     0.0    12.6     3.2     0.0
s min # 6>     0.0     0.0     0.0     0.0     3.2     0.0
s min # 7>     0.0     0.0     0.0     0.0     0.0     0.0
xqcutij # 3>     0.0     0.0     0.0     0.0     0.0     0.0
xqcutij # 4>     0.0     0.0     0.0     0.0     0.0     0.0
xqcutij # 5>     0.0     0.0     0.0     0.0     0.0     0.0
xqcutij # 6>     0.0     0.0     0.0     0.0     0.0     0.0
xqcutij # 7>     0.0     0.0     0.0     0.0     0.0     0.0
 Requiring BW           -1           1
 Requiring BW           -2           2
 Requiring BW           -3           3
 Requiring BW           -4           4
 Excluding BW           -5           5
 alpha_s for scale    366.50045662880200       is   0.10560391802444674     
 Added good helicity            1   3.9152759939950932       in event            1 local:           1
 Added good helicity            4   8.1211769171696035E-002  in event            1 local:           1
 Added good helicity            5   1.5460758315761786E-003  in event            1 local:           1
 Added good helicity            8   1.0338279658715583E-003  in event            1 local:           1
 Added good helicity            9   5.3408082671083648E-003  in event            1 local:           1
 Added good helicity           12   2.3671485151115904E-004  in event            1 local:           1
 Added good helicity           13  0.30487980231866990       in event            1 local:           1
 Added good helicity           16  0.61752197079608351       in event            1 local:           1
 Added good helicity           49   1.2151023381855388       in event            1 local:           1
 Added good helicity           52   2.5203998584023151E-002  in event            1 local:           1
 Added good helicity           53   4.7982322595946250E-004  in event            1 local:           1
 Added good helicity           56   3.2084756746109068E-004  in event            1 local:           1
 Added good helicity           57   1.6575149805830415E-003  in event            1 local:           1
 Added good helicity           60   7.3464238535316025E-005  in event            1 local:           1
 Added good helicity           61   9.4619168924780783E-002  in event            1 local:           1
 Added good helicity           64  0.19164738111593863       in event            1 local:           1
 Added good helicity           65  0.21931499248559758       in event            1 local:           1
 Added good helicity           68   4.5490940033217301E-003  in event            1 local:           1
 Added good helicity           69   8.6603756645595541E-005  in event            1 local:           1
 Added good helicity           72   5.7910086776581281E-005  in event            1 local:           1
 Added good helicity           73   2.9916647683697270E-004  in event            1 local:           1
 Added good helicity           76   1.3259631239284794E-005  in event            1 local:           1
 Added good helicity           77   1.7077905020509623E-002  in event            1 local:           1
 Added good helicity           80   3.4590620582699148E-002  in event            1 local:           1
 Added good helicity          113   4.4934179648702978E-002  in event            1 local:           1
 Added good helicity          116   9.3203754502793243E-004  in event            1 local:           1
 Added good helicity          117   1.7743742528779920E-005  in event            1 local:           1
 Added good helicity          120   1.1864862557728529E-005  in event            1 local:           1
 Added good helicity          121   6.1294488182082906E-005  in event            1 local:           1
 Added good helicity          124   2.7166891119890217E-006  in event            1 local:           1
 Added good helicity          125   3.4989931309208594E-003  in event            1 local:           1
 Added good helicity          128   7.0870720775060370E-003  in event            1 local:           1
 Added good helicity          129  0.26412289576465753       in event            1 local:           1
 Added good helicity          132   5.4785122879452827E-003  in event            1 local:           1
 Added good helicity          133   1.0429763478588708E-004  in event            1 local:           1
 Added good helicity          136   6.9741606080203083E-005  in event            1 local:           1
 Added good helicity          137   3.6028871205911990E-004  in event            1 local:           1
 Added good helicity          140   1.5968685770177823E-005  in event            1 local:           1
 Added good helicity          141   2.0567065098875983E-002  in event            1 local:           1
 Added good helicity          144   4.1657776201501732E-002  in event            1 local:           1
 Added good helicity          177   5.4114611651112157E-002  in event            1 local:           1
 Added good helicity          180   1.1224606788809682E-003  in event            1 local:           1
 Added good helicity          181   2.1368938827616135E-005  in event            1 local:           1
 Added good helicity          184   1.4288954079610840E-005  in event            1 local:           1
 Added good helicity          185   7.3817469246327804E-005  in event            1 local:           1
 Added good helicity          188   3.2717316177003829E-006  in event            1 local:           1
 Added good helicity          189   4.2138669478337040E-003  in event            1 local:           1
 Added good helicity          192   8.5350206950701515E-003  in event            1 local:           1
 Added good helicity          193   174.16062664957445       in event            1 local:           1
 Added good helicity          196   3.6124892937192250       in event            1 local:           1
 Added good helicity          197   6.8773066340162198E-002  in event            1 local:           1
 Added good helicity          200   4.5987084093227028E-002  in event            1 local:           1
 Added good helicity          201  0.23757163378556601       in event            1 local:           1
 Added good helicity          204   1.0529629824225390E-002  in event            1 local:           1
 Added good helicity          205   13.561766145236017       in event            1 local:           1
 Added good helicity          208   27.468820478728407       in event            1 local:           1
 Added good helicity          241   23.556810901155774       in event            1 local:           1
 Added good helicity          244  0.48862207728397311       in event            1 local:           1
 Added good helicity          245   9.3021835648740836E-003  in event            1 local:           1
 Added good helicity          248   6.2201719454041968E-003  in event            1 local:           1
 Added good helicity          249   3.2133727124361390E-002  in event            1 local:           1
 Added good helicity          252   1.4242283310540288E-003  in event            1 local:           1
 Added good helicity          253   1.8343523832847988       in event            1 local:           1
 Added good helicity          256   3.7154081387016018       in event            1 local:           1
 Added good helicity            1   3.9152759939950865       in event            1 local:           1
 Added good helicity            4   8.1211769171696424E-002  in event            1 local:           1
 Added good helicity            5   1.5460758315761726E-003  in event            1 local:           1
 Added good helicity            8   1.0338279658715576E-003  in event            1 local:           1
 Added good helicity            9   5.3408082671083509E-003  in event            1 local:           1
 Added good helicity           12   2.3671485151115988E-004  in event            1 local:           1
 Added good helicity           13  0.30487980231867262       in event            1 local:           1
 Added good helicity           16  0.61752197079608451       in event            1 local:           1
 Added good helicity           49   1.2151023381855377       in event            1 local:           1
 Added good helicity           52   2.5203998584023276E-002  in event            1 local:           1
 Added good helicity           53   4.7982322595946055E-004  in event            1 local:           1
 Added good helicity           56   3.2084756746109100E-004  in event            1 local:           1
 Added good helicity           57   1.6575149805830396E-003  in event            1 local:           1
 Added good helicity           60   7.3464238535316242E-005  in event            1 local:           1
 Added good helicity           61   9.4619168924781796E-002  in event            1 local:           1
 Added good helicity           64  0.19164738111593901       in event            1 local:           1
 Added good helicity           65  0.21931499248559627       in event            1 local:           1
 Added good helicity           68   4.5490940033217318E-003  in event            1 local:           1
 Added good helicity           69   8.6603756645594932E-005  in event            1 local:           1
 Added good helicity           72   5.7910086776580990E-005  in event            1 local:           1
 Added good helicity           73   2.9916647683697064E-004  in event            1 local:           1
 Added good helicity           76   1.3259631239284806E-005  in event            1 local:           1
 Added good helicity           77   1.7077905020509678E-002  in event            1 local:           1
 Added good helicity           80   3.4590620582699051E-002  in event            1 local:           1
 Added good helicity          113   4.4934179648702895E-002  in event            1 local:           1
 Added good helicity          116   9.3203754502793731E-004  in event            1 local:           1
 Added good helicity          117   1.7743742528779832E-005  in event            1 local:           1
 Added good helicity          120   1.1864862557728515E-005  in event            1 local:           1
 Added good helicity          121   6.1294488182082717E-005  in event            1 local:           1
 Added good helicity          124   2.7166891119890285E-006  in event            1 local:           1
 Added good helicity          125   3.4989931309208897E-003  in event            1 local:           1
 Added good helicity          128   7.0870720775060465E-003  in event            1 local:           1
 Added good helicity          129  0.26412289576465442       in event            1 local:           1
 Added good helicity          132   5.4785122879452497E-003  in event            1 local:           1
 Added good helicity          133   1.0429763478588554E-004  in event            1 local:           1
 Added good helicity          136   6.9741606080202365E-005  in event            1 local:           1
 Added good helicity          137   3.6028871205911583E-004  in event            1 local:           1
 Added good helicity          140   1.5968685770177725E-005  in event            1 local:           1
 Added good helicity          141   2.0567065098875983E-002  in event            1 local:           1
 Added good helicity          144   4.1657776201501365E-002  in event            1 local:           1
 Added good helicity          177   5.4114611651112234E-002  in event            1 local:           1
 Added good helicity          180   1.1224606788809779E-003  in event            1 local:           1
 Added good helicity          181   2.1368938827616142E-005  in event            1 local:           1
 Added good helicity          184   1.4288954079610894E-005  in event            1 local:           1
 Added good helicity          185   7.3817469246327872E-005  in event            1 local:           1
 Added good helicity          188   3.2717316177004062E-006  in event            1 local:           1
 Added good helicity          189   4.2138669478337535E-003  in event            1 local:           1
 Added good helicity          192   8.5350206950701914E-003  in event            1 local:           1
 Added good helicity          193   174.16062664957423       in event            1 local:           1
 Added good helicity          196   3.6124892937192454       in event            1 local:           1
 Added good helicity          197   6.8773066340162059E-002  in event            1 local:           1
 Added good helicity          200   4.5987084093227042E-002  in event            1 local:           1
 Added good helicity          201  0.23757163378556559       in event            1 local:           1
 Added good helicity          204   1.0529629824225435E-002  in event            1 local:           1
 Added good helicity          205   13.561766145236154       in event            1 local:           1
 Added good helicity          208   27.468820478728453       in event            1 local:           1
 Added good helicity          241   23.556810901155732       in event            1 local:           1
 Added good helicity          244  0.48862207728397528       in event            1 local:           1
 Added good helicity          245   9.3021835648740420E-003  in event            1 local:           1
 Added good helicity          248   6.2201719454041951E-003  in event            1 local:           1
 Added good helicity          249   3.2133727124361314E-002  in event            1 local:           1
 Added good helicity          252   1.4242283310540332E-003  in event            1 local:           1
 Added good helicity          253   1.8343523832848148       in event            1 local:           1
 Added good helicity          256   3.7154081387016094       in event            1 local:           1
 RESET CUMULATIVE VARIABLE
 RESET CUMULATIVE VARIABLE
 RESET CUMULATIVE VARIABLE
 Iteration  1   Mean: 0.4755E-07 Abs mean: 0.4755E-07   Fluctuation:  0.677E-08   0.299E-05    82.0%
  1    0.4755E-07 0.4755E-07 +- 0.6767E-08      4.50
 Writing out events   1.1601052008763910E-011   4.5008810192363251     
 Relative summed weights:
  0.7668E-01  0.1066E+00  0.5858E-01  0.3856E-01  0.6040E-01  0.6700E-01  0.1031E+00  0.1047E+00  0.4528E-01  0.1026E+00  0.7399E-01  0.1626E+00
 Relative number of events:
  0.4970E-01  0.4672E-01  0.5169E-01  0.4374E-01  0.1213E+00  0.1322E+00  0.1183E+00  0.1193E+00  0.7256E-01  0.8052E-01  0.8748E-01  0.7654E-01
 Events:
          50          47          52          44         122         133         119         120          73          81          88          77
 Iteration  2   Mean: 0.5025E-07 Abs mean: 0.5025E-07   Fluctuation:  0.454E-08   0.722E-05    93.6%
  2    0.5025E-07 0.5025E-07 +- 0.4535E-08      4.04
 Relative summed weights:
  0.3989E-01  0.4661E-01  0.4469E-01  0.4629E-01  0.1123E+00  0.1153E+00  0.1085E+00  0.1222E+00  0.7319E-01  0.5687E-01  0.1522E+00  0.8189E-01
 Relative number of events:
  0.3900E-01  0.4850E-01  0.4950E-01  0.4400E-01  0.1180E+00  0.1265E+00  0.1350E+00  0.1195E+00  0.8800E-01  0.7800E-01  0.7500E-01  0.7900E-01
 Events:
          78          97          99          88         236         253         270         239         176         156         150         158
 Iteration  3   Mean: 0.5198E-07 Abs mean: 0.5198E-07   Fluctuation:  0.149E-08   0.120E-05    94.4%
  3    0.5198E-07 0.5198E-07 +- 0.1490E-08      1.81
 Relative summed weights:
  0.4032E-01  0.4703E-01  0.5077E-01  0.5173E-01  0.1274E+00  0.1228E+00  0.1324E+00  0.1159E+00  0.7695E-01  0.7105E-01  0.7503E-01  0.8860E-01
 Relative number of events:
  0.4128E-01  0.4528E-01  0.4679E-01  0.5054E-01  0.1248E+00  0.1253E+00  0.1248E+00  0.1211E+00  0.7931E-01  0.7080E-01  0.8156E-01  0.8832E-01
 Events:
         165         181         187         202         499         501         499         484         317         283         326         353
 Accuracy:    0.013   0.100   0.027   0.226
 Finished due to accuracy    1.2749795638445275E-002  0.10000000000000001     

 -------------------------------------------------------------------------------
 Accumulated results:   Integral =  0.5167E-07
                        Std dev  =  0.1387E-08
                       Cross sec =  0.5167E-07
             Chi**2 per DoF.     =      0.2258
 -------------------------------------------------------------------------------
 Found          426  events.
 Wrote          311  events.
 Actual xsec    5.1672195027439745E-008
 Correct abs xsec    5.1672195027490468E-008
 Event xsec    5.1672195027490534E-008
 Events wgts > 1:           11
 % Cross section > 1:    4.7119765324771981E-010  0.91189788433999019     
-------------------------------------------------
---------------------------
 Results Last   3 iters: Integral =   0.5167E-07
                     Abs integral =   0.5167E-07
                          Std dev =   0.1387E-08
                  Chi**2 per DoF. =      0.2567
-------------------------------------------------
---------------------------
 Status  0.10000000000000001                4           5

ls status:
events.lhe
ftn26
input_app.txt
results.dat
run1_app.log
