 Process in group number            1
 A PDF is used, so alpha_s(MZ) is going to be modified
 Old value of alpha_s from param_card:   0.11839999999999999     
  ****************************************
 
       NNPDFDriver version 1.0.3
   Grid: NNPDF23_lo_as_0130_qed_mem0.grid
  ****************************************
 New value of alpha_s from PDF nn23lo1:  0.13000000000000000     
 Define smin to   12.630915999999999     
 Define smin to   12.630915999999999     
 Define smin to   12.630915999999999     
 Define smin to   12.630915999999999     
 Define smin to   12.630915999999999     
 Define smin to   12.630915999999999     
 Warning: pt or E min of a jet should in general be >0
 Warning: pt or E min of a jet should in general be >0
 Warning: pt or E min of a jet should in general be >0
 Warning: pt or E min of a jet should in general be >0
 *****************************************************
 *               MadGraph/MadEvent                   *
 *        --------------------------------           *
 *          http://madgraph.hep.uiuc.edu             *
 *          http://madgraph.phys.ucl.ac.be           *
 *          http://madgraph.roma2.infn.it            *
 *        --------------------------------           *
 *                                                   *
 *          PARAMETER AND COUPLING VALUES            *
 *                                                   *
 *****************************************************

  External Params
  ---------------------------------
  
 mdl_cabi =   0.22773599999999999     
 aEWM1 =    127.90000000000001     
 mdl_Gf =    1.1663700000000000E-005
 aS =   0.11839999999999999     
 mdl_ymb =    4.7000000000000002     
 mdl_ymt =    172.00000000000000     
 mdl_ymtau =    1.7769999999999999     
 mdl_Lambda =    5000.0000000000000     
 mdl_ca =    1.0000000000000000     
 mdl_kSM =    5.0000000000000003E-002
 mdl_kHtt =    0.0000000000000000     
 mdl_kAtt =    0.0000000000000000     
 mdl_kHbb =    0.0000000000000000     
 mdl_kAbb =    0.0000000000000000     
 mdl_kHll =    0.0000000000000000     
 mdl_kAll =    0.0000000000000000     
 mdl_kHaa =    0.0000000000000000     
 mdl_kAaa =    0.0000000000000000     
 mdl_kHza =    0.0000000000000000     
 mdl_kAza =    0.0000000000000000     
 mdl_kHgg =    0.0000000000000000     
 mdl_kAgg =    0.0000000000000000     
 mdl_kHzz =  -0.52481000000000000     
 mdl_kAzz =    0.0000000000000000     
 mdl_kHww =  -0.52481000000000000     
 mdl_kAww =    0.0000000000000000     
 mdl_kHda =    0.0000000000000000     
 mdl_kHdz =  -0.26240500000000000     
 mdl_kHdwR =  -0.26240500000000000     
 mdl_kHdwI =    0.0000000000000000     
 mdl_kHHgg =    1.0000000000000000     
 mdl_kAAgg =    1.0000000000000000     
 mdl_kqa =    1.0000000000000000     
 mdl_kqb =    1.0000000000000000     
 mdl_kla =    1.0000000000000000     
 mdl_klb =    1.0000000000000000     
 mdl_kw1 =    1.0000000000000000     
 mdl_kw2 =    1.0000000000000000     
 mdl_kw3 =    0.0000000000000000     
 mdl_kw4 =    0.0000000000000000     
 mdl_kw5 =    0.0000000000000000     
 mdl_kz1 =    0.0000000000000000     
 mdl_kz3 =    1.0000000000000000     
 mdl_kz5 =    0.0000000000000000     
 mdl_kq =    1.0000000000000000     
 mdl_kq3 =    1.0000000000000000     
 mdl_kl =    1.0000000000000000     
 mdl_kg =    1.0000000000000000     
 mdl_ka =    1.0000000000000000     
 mdl_kz =    1.0000000000000000     
 mdl_kw =    1.0000000000000000     
 mdl_kza =    0.0000000000000000     
 mdl_MZ =    91.187600000000003     
 mdl_MTA =    1.7769999999999999     
 mdl_MT =    172.00000000000000     
 mdl_MB =    4.7000000000000002     
 mdl_MX0 =    600.00000000000000     
 mdl_MX1 =    125.00000000000000     
 mdl_MX2 =    125.00000000000000     
 mdl_WZ =    2.4952000000000001     
 mdl_WW =    2.0850000000000000     
 mdl_WT =    1.5083359999999999     
 mdl_WX0 =   0.15059000000000000     
 mdl_WX1 =    4.0699999999999998E-003
 mdl_WX2 =    4.0699999999999998E-003
  Internal Params
  ---------------------------------
  
 mdl_cos__cabi =   0.97418004031982097     
 mdl_CKM1x1 =  ( 0.97418004031982097     ,  0.0000000000000000     )
 mdl_sin__cabi =   0.22577256042856930     
 mdl_CKM1x2 =  ( 0.22577256042856930     ,  0.0000000000000000     )
 mdl_CKM2x1 =  (-0.22577256042856930     ,  0.0000000000000000     )
 mdl_CKM2x2 =  ( 0.97418004031982097     ,  0.0000000000000000     )
 mdl_ca__exp__2 =    1.0000000000000000     
 mdl_sa =    0.0000000000000000     
 mdl_complexi =  (  0.0000000000000000     ,  1.0000000000000000     )
 mdl_kHdw =  (-0.26240500000000000     ,  0.0000000000000000     )
 mdl_MZ__exp__2 =    8315.1783937600012     
 mdl_MZ__exp__4 =    69142191.720053151     
 mdl_sqrt__2 =    1.4142135623730951     
 mdl_nb__2__exp__0_75 =    1.6817928305074290     
 mdl_MX0__exp__2 =    360000.00000000000     
 mdl_ca__exp__4 =    1.0000000000000000     
 mdl_ca__exp__3 =    1.0000000000000000     
 mdl_conjg__CKM1x1 =  ( 0.97418004031982097     , -0.0000000000000000     )
 mdl_conjg__CKM1x2 =  ( 0.22577256042856930     , -0.0000000000000000     )
 mdl_conjg__CKM2x1 =  (-0.22577256042856930     , -0.0000000000000000     )
 mdl_conjg__CKM2x2 =  ( 0.97418004031982097     , -0.0000000000000000     )
 mdl_conjg__kHdw =  (-0.26240500000000000     , -0.0000000000000000     )
 mdl_aEW =    7.8186082877247844E-003
 mdl_MW =    79.824359746197842     
 mdl_sqrt__aEW =    8.8422894590285753E-002
 mdl_ee =   0.31345100004952897     
 mdl_MW__exp__2 =    6371.9284088904105     
 mdl_sw2 =   0.23369913342182447     
 mdl_cw =   0.87538612427783857     
 mdl_sqrt__sw2 =   0.48342438232036300     
 mdl_sw =   0.48342438232036300     
 mdl_ad =  -0.12747442148678401     
 mdl_al =   -1.2074027013887732E-002
 mdl_an =   0.18517461872323218     
 mdl_au =    6.9774224250335873E-002
 mdl_bd =  -0.18517461872323218     
 mdl_bl =  -0.18517461872323218     
 mdl_bn =   0.18517461872323218     
 mdl_bu =   0.18517461872323218     
 mdl_gwwz =  -0.56759788318358417     
 mdl_g1 =   0.35807170271074895     
 mdl_gw =   0.64839716719502682     
 mdl_vev =    246.22056907348590     
 mdl_ee__exp__2 =    9.8251529432049817E-002
 mdl_gAaa =    1.3477023594718659E-005
 mdl_vev__exp__2 =    60624.568634871241     
 mdl_cw__exp__2 =   0.76630086657817542     
 mdl_gAza =    4.4999802188047602E-006
 mdl_gHaa =    2.6392504539657372E-005
 mdl_gHza =    3.9166441035016922E-005
 mdl_lam =    2.9690932909411916     
 mdl_yb =    2.6995322804122722E-002
 mdl_yt =   0.98791394091683138     
 mdl_ytau =    1.0206529494239589E-002
 mdl_muH =    424.26406871192853     
 mdl_sw__exp__2 =   0.23369913342182450     
  Internal Params evaluated point by point
  ----------------------------------------
  
 mdl_sqrt__aS =   0.34409301068170506     
 mdl_G__exp__2 =    1.4878582807401259     
 mdl_gAAgg =    3.1083017473614446E-007
 mdl_gAgg =    7.6532782508744533E-005
 mdl_gHgg =   -5.1021855005829691E-005
 mdl_gHHgg =    2.0722011649076294E-007
  Couplings of HC_UFO
  ---------------------------------
  
        GC_10 =  -0.00000E+00   0.00000E+00
        GC_13 =  -0.00000E+00  -0.20722E-06
        GC_62 =   0.00000E+00   0.00000E+00
        GC_64 =   0.00000E+00   0.00000E+00
         GC_1 =  -0.00000E+00  -0.10448E+00
         GC_2 =   0.00000E+00   0.20897E+00
         GC_3 =  -0.00000E+00  -0.31345E+00
         GC_9 =  -0.00000E+00  -0.00000E+00
        GC_16 =  -0.00000E+00  -0.00000E+00
        GC_17 =   0.00000E+00  -0.12074E-01
        GC_19 =  -0.00000E+00   0.18517E+00
        GC_21 =   0.00000E+00  -0.12747E+00
        GC_22 =   0.00000E+00   0.69774E-01
        GC_23 =  -0.00000E+00   0.18517E+00
        GC_24 =  -0.00000E+00  -0.18517E+00
        GC_61 =   0.00000E+00   0.00000E+00
        GC_66 =   0.00000E+00   0.00000E+00
        GC_77 =  -0.00000E+00  -0.28380E+00
        GC_78 =   0.00000E+00   0.28380E+00
        GC_89 =  -0.00000E+00  -0.28850E-01
        GC_90 =   0.00000E+00   0.86550E-01
        GC_98 =  -0.00000E+00  -0.21932E+03
       GC_100 =   0.00000E+00   0.33771E+01
       GC_101 =  -0.00000E+00  -0.00000E+00
       GC_102 =   0.00000E+00   0.00000E+00
       GC_105 =  -0.00000E+00  -0.00000E+00
       GC_106 =   0.00000E+00   0.00000E+00
        GC_35 =  -0.00000E+00  -0.20000E-03
        GC_38 =  -0.00000E+00  -0.00000E+00
        GC_40 =   0.00000E+00   0.52481E-04
        GC_42 =   0.00000E+00   0.10496E-03
        GC_43 =   0.00000E+00   0.50000E-04
        GC_45 =   0.00000E+00   0.50000E-04
        GC_49 =   0.00000E+00   0.50000E-04
        GC_56 =  -0.00000E+00  -0.94000E-03
        GC_58 =  -0.00000E+00  -0.35540E-03
        GC_68 =   0.00000E+00   0.00000E+00

 Collider parameters:
 --------------------

 Running at P P   machine @    13000.000000000000       GeV
 PDF set = nn23lo1
 alpha_s(Mz)= 0.1300 running at 2 loops.
 alpha_s(Mz)= 0.1300 running at 2 loops.
 Renormalization scale set on event-by-event basis
 Factorization   scale set on event-by-event basis


 getting user params
Enter number of events and max and min iterations: 
 Number of events and iterations         1000           5           3
Enter desired fractional accuracy: 
 Desired fractional accuracy:   0.10000000000000001     
Enter 0 for fixed, 2 for adjustable grid: 
Suppress amplitude (0 no, 1 yes)? 
 Using suppressed amplitude.
Exact helicity sum (0 yes, n = number/event)? 
 Explicitly summing over helicities
Enter Configuration Number: 
Running Configuration Number:   41
 Not subdividing B.W.
 Attempting mappinvarients           1           8
 Completed mapping           8
 about to integrate           16        1000           5           3          16           1
 Using non-zero grid deformation.
 16 dimensions   1000 events 16 invarients  5 iterations  1 config(s),  (0.99)
 Using h-tuple random number sequence.
 Error opening grid
 Using Uniform Grid!          32
 Using uniform alpha   1.0000000000000000     
 Grid defined OK
 Set CM energy to      13000.00
 Mapping Graph          41  to config          41
 Setting BW          -1           1   125.00000000000000     
Setting grid   2    0.18685E-07   1
 Setting BW          -3           3   600.00000000000000     
 Setting BW          -4           4   91.187600000000003     
Setting grid   5    0.17101E-04   1
 Transforming s_hat 1/s           15   2.5115575576956360E-003   12.630915999999999        168999999.99999997     
  41   1   2   3   4   5   6   7   8   9  10  11  12  13  14
  15  16
 Masses: 0.470E+01 0.470E+01 0.000E+00 0.000E+00 0.178E+01 0.178E+01 0.000E+00 0.000E+00
Using random seed offsets    41 :     14
  with seed                   24
 Ranmar initialization seeds       31099        9411
 
 ********************************************
 * You are using the DiscreteSampler module *
 *      part of the MG5_aMC framework       *
 *         Author: Valentin Hirschi         *
 ********************************************
 
  Particle       3       4       5       6       7       8
      Et >     0.0     0.0     0.0     0.0     0.0     0.0
       E >     0.0     0.0     0.0     0.0     0.0     0.0
     Eta <    -1.0    -1.0    -1.0    -1.0    -1.0    -1.0
   xqcut:      0.0     0.0     0.0     0.0     0.0     0.0
d R # 3  >    -0.0     0.0     0.0     0.0     0.0     0.0
d R # 4  >    -0.0    -0.0     0.0     0.0     0.0     0.0
d R # 5  >    -0.0    -0.0    -0.0     0.0     0.0     0.0
d R # 6  >    -0.0    -0.0    -0.0    -0.0     0.0     0.0
d R # 7  >    -0.0    -0.0    -0.0    -0.0    -0.0     0.0
s min # 3>     0.0     0.0     3.2     3.2     0.0     0.0
s min # 4>     0.0     0.0     3.2     3.2     0.0     0.0
s min # 5>     0.0     0.0     0.0    12.6     3.2     0.0
s min # 6>     0.0     0.0     0.0     0.0     3.2     0.0
s min # 7>     0.0     0.0     0.0     0.0     0.0     0.0
xqcutij # 3>     0.0     0.0     0.0     0.0     0.0     0.0
xqcutij # 4>     0.0     0.0     0.0     0.0     0.0     0.0
xqcutij # 5>     0.0     0.0     0.0     0.0     0.0     0.0
xqcutij # 6>     0.0     0.0     0.0     0.0     0.0     0.0
xqcutij # 7>     0.0     0.0     0.0     0.0     0.0     0.0
 No cut BW           -1           1
 No cut BW           -3           2
 No cut BW           -4           3
 alpha_s for scale    226.19008593836361       is   0.11293504288765667     
 Added good helicity            1  0.69527681446950396       in event            1 local:           1
 Added good helicity            4  0.55183808434836557       in event            1 local:           1
 Added good helicity            5   4.6052451963706905E-003  in event            1 local:           1
 Added good helicity            8   1.1328188643249476E-003  in event            1 local:           1
 Added good helicity            9   5.8438777679609127E-003  in event            1 local:           1
 Added good helicity           12   9.3439365012164591E-004  in event            1 local:           1
 Added good helicity           13   2.0744706789964598       in event            1 local:           1
 Added good helicity           16  0.10968660074449105       in event            1 local:           1
 Added good helicity           49  0.32250821095880056       in event            1 local:           1
 Added good helicity           52  0.25597331827887249       in event            1 local:           1
 Added good helicity           53   2.1361698799655091E-003  in event            1 local:           1
 Added good helicity           56   5.2546464612454483E-004  in event            1 local:           1
 Added good helicity           57   2.7107168321800091E-003  in event            1 local:           1
 Added good helicity           60   4.3342395167013446E-004  in event            1 local:           1
 Added good helicity           61  0.96225533981038736       in event            1 local:           1
 Added good helicity           64   5.0878770348827207E-002  in event            1 local:           1
 Added good helicity           65   7.8772687806368785E-002  in event            1 local:           1
 Added good helicity           68   6.2521528452240724E-002  in event            1 local:           1
 Added good helicity           69   5.2175987258007417E-004  in event            1 local:           1
 Added good helicity           72   1.2834483314206393E-004  in event            1 local:           1
 Added good helicity           73   6.6209306770196512E-004  in event            1 local:           1
 Added good helicity           76   1.0586387717451240E-004  in event            1 local:           1
 Added good helicity           77  0.23503103765186961       in event            1 local:           1
 Added good helicity           80   1.2427148694121431E-002  in event            1 local:           1
 Added good helicity          113   1.6139280152199384E-002  in event            1 local:           1
 Added good helicity          116   1.2809674156539766E-002  in event            1 local:           1
 Added good helicity          117   1.0690036090230808E-004  in event            1 local:           1
 Added good helicity          120   2.6295830139232364E-005  in event            1 local:           1
 Added good helicity          121   1.3565241715171220E-004  in event            1 local:           1
 Added good helicity          124   2.1689837166878337E-005  in event            1 local:           1
 Added good helicity          125   4.8154149195083831E-002  in event            1 local:           1
 Added good helicity          128   2.5461265808331191E-003  in event            1 local:           1
 Added good helicity          129  0.12519668215614080       in event            1 local:           1
 Added good helicity          132   9.9368044223551777E-002  in event            1 local:           1
 Added good helicity          133   8.2925448843139112E-004  in event            1 local:           1
 Added good helicity          136   2.0398373762194749E-004  in event            1 local:           1
 Added good helicity          137   1.0522918242757394E-003  in event            1 local:           1
 Added good helicity          140   1.6825382694841316E-004  in event            1 local:           1
 Added good helicity          141  0.37354452332588867       in event            1 local:           1
 Added good helicity          144   1.9750980047671177E-002  in event            1 local:           1
 Added good helicity          177   2.5650823701872539E-002  in event            1 local:           1
 Added good helicity          180   2.0358943544520933E-002  in event            1 local:           1
 Added good helicity          181   1.6990115329263775E-004  in event            1 local:           1
 Added good helicity          184   4.1793047560669363E-005  in event            1 local:           1
 Added good helicity          185   2.1559798233115472E-004  in event            1 local:           1
 Added good helicity          188   3.4472552929450210E-005  in event            1 local:           1
 Added good helicity          189   7.6533375706253959E-002  in event            1 local:           1
 Added good helicity          192   4.0466640043237447E-003  in event            1 local:           1
 Added good helicity          193   46.236777452798130       in event            1 local:           1
 Added good helicity          196   36.697922561191561       in event            1 local:           1
 Added good helicity          197  0.30625456340382345       in event            1 local:           1
 Added good helicity          200   7.5333870818183990E-002  in event            1 local:           1
 Added good helicity          201  0.38862517805189195       in event            1 local:           1
 Added good helicity          204   6.2138345986621740E-002  in event            1 local:           1
 Added good helicity          205   137.95489382210869       in event            1 local:           1
 Added good helicity          208   7.2942960884529784       in event            1 local:           1
 Added good helicity          241   4.1842875350567867       in event            1 local:           1
 Added good helicity          244   3.3210502200771423       in event            1 local:           1
 Added good helicity          245   2.7715105221445924E-002  in event            1 local:           1
 Added good helicity          248   6.8174858629346195E-003  in event            1 local:           1
 Added good helicity          249   3.5169394969011808E-002  in event            1 local:           1
 Added good helicity          252   5.6233310555931114E-003  in event            1 local:           1
 Added good helicity          253   12.484497718493090       in event            1 local:           1
 Added good helicity          256  0.66011157959885480       in event            1 local:           1
 Added good helicity            1  0.69527681446951362       in event            1 local:           1
 Added good helicity            4  0.55183808434836423       in event            1 local:           1
 Added good helicity            5   4.6052451963707166E-003  in event            1 local:           1
 Added good helicity            8   1.1328188643249470E-003  in event            1 local:           1
 Added good helicity            9   5.8438777679609127E-003  in event            1 local:           1
 Added good helicity           12   9.3439365012165296E-004  in event            1 local:           1
 Added good helicity           13   2.0744706789964544       in event            1 local:           1
 Added good helicity           16  0.10968660074449267       in event            1 local:           1
 Added good helicity           49  0.32250821095880461       in event            1 local:           1
 Added good helicity           52  0.25597331827887199       in event            1 local:           1
 Added good helicity           53   2.1361698799655174E-003  in event            1 local:           1
 Added good helicity           56   5.2546464612454461E-004  in event            1 local:           1
 Added good helicity           57   2.7107168321800082E-003  in event            1 local:           1
 Added good helicity           60   4.3342395167013701E-004  in event            1 local:           1
 Added good helicity           61  0.96225533981038391       in event            1 local:           1
 Added good helicity           64   5.0878770348827901E-002  in event            1 local:           1
 Added good helicity           65   7.8772687806369854E-002  in event            1 local:           1
 Added good helicity           68   6.2521528452240585E-002  in event            1 local:           1
 Added good helicity           69   5.2175987258007634E-004  in event            1 local:           1
 Added good helicity           72   1.2834483314206398E-004  in event            1 local:           1
 Added good helicity           73   6.6209306770196534E-004  in event            1 local:           1
 Added good helicity           76   1.0586387717451308E-004  in event            1 local:           1
 Added good helicity           77  0.23503103765186914       in event            1 local:           1
 Added good helicity           80   1.2427148694121617E-002  in event            1 local:           1
 Added good helicity          113   1.6139280152199554E-002  in event            1 local:           1
 Added good helicity          116   1.2809674156539708E-002  in event            1 local:           1
 Added good helicity          117   1.0690036090230835E-004  in event            1 local:           1
 Added good helicity          120   2.6295830139232310E-005  in event            1 local:           1
 Added good helicity          121   1.3565241715171188E-004  in event            1 local:           1
 Added good helicity          124   2.1689837166878421E-005  in event            1 local:           1
 Added good helicity          125   4.8154149195083637E-002  in event            1 local:           1
 Added good helicity          128   2.5461265808331512E-003  in event            1 local:           1
 Added good helicity          129  0.12519668215614208       in event            1 local:           1
 Added good helicity          132   9.9368044223551347E-002  in event            1 local:           1
 Added good helicity          133   8.2925448843139274E-004  in event            1 local:           1
 Added good helicity          136   2.0398373762194692E-004  in event            1 local:           1
 Added good helicity          137   1.0522918242757368E-003  in event            1 local:           1
 Added good helicity          140   1.6825382694841379E-004  in event            1 local:           1
 Added good helicity          141  0.37354452332588683       in event            1 local:           1
 Added good helicity          144   1.9750980047671413E-002  in event            1 local:           1
 Added good helicity          177   2.5650823701872858E-002  in event            1 local:           1
 Added good helicity          180   2.0358943544520881E-002  in event            1 local:           1
 Added good helicity          181   1.6990115329263835E-004  in event            1 local:           1
 Added good helicity          184   4.1793047560669356E-005  in event            1 local:           1
 Added good helicity          185   2.1559798233115470E-004  in event            1 local:           1
 Added good helicity          188   3.4472552929450400E-005  in event            1 local:           1
 Added good helicity          189   7.6533375706253765E-002  in event            1 local:           1
 Added good helicity          192   4.0466640043238010E-003  in event            1 local:           1
 Added good helicity          193   46.236777452798698       in event            1 local:           1
 Added good helicity          196   36.697922561191440       in event            1 local:           1
 Added good helicity          197  0.30625456340382484       in event            1 local:           1
 Added good helicity          200   7.5333870818183879E-002  in event            1 local:           1
 Added good helicity          201  0.38862517805189178       in event            1 local:           1
 Added good helicity          204   6.2138345986622108E-002  in event            1 local:           1
 Added good helicity          205   137.95489382210809       in event            1 local:           1
 Added good helicity          208   7.2942960884530796       in event            1 local:           1
 Added good helicity          241   4.1842875350568400       in event            1 local:           1
 Added good helicity          244   3.3210502200771357       in event            1 local:           1
 Added good helicity          245   2.7715105221446028E-002  in event            1 local:           1
 Added good helicity          248   6.8174858629346151E-003  in event            1 local:           1
 Added good helicity          249   3.5169394969011773E-002  in event            1 local:           1
 Added good helicity          252   5.6233310555931487E-003  in event            1 local:           1
 Added good helicity          253   12.484497718493072       in event            1 local:           1
 Added good helicity          256  0.66011157959886413       in event            1 local:           1
 RESET CUMULATIVE VARIABLE
 RESET CUMULATIVE VARIABLE
 RESET CUMULATIVE VARIABLE
 No points passed cuts!
 Loosen cuts or increase max_events      500000
 Deleting file events.lhe

ls status:
events.lhe
grid_information
input_app.txt
results.dat
run1_app.log
