 A PDF is used, so alpha_s(MZ) is going to be modified
 Old value of alpha_s from param_card:   0.11799999999999999     
  ****************************************
 
       NNPDFDriver version 1.0.3
   Grid: NNPDF23nlo_as_0119_qed_mem0.grid
  ****************************************
 New value of alpha_s from PDF nn23nlo:  0.11899999999999999     
 *****************************************************
 *               MadGraph/MadEvent                   *
 *        --------------------------------           *
 *          http://madgraph.hep.uiuc.edu             *
 *          http://madgraph.phys.ucl.ac.be           *
 *          http://madgraph.roma2.infn.it            *
 *        --------------------------------           *
 *                                                   *
 *          PARAMETER AND COUPLING VALUES            *
 *                                                   *
 *****************************************************

  External Params
  ---------------------------------
  
 MU_R =    91.188000000000002     
 aEWM1 =    132.50700000000001     
 mdl_Gf =    1.1663900000000000E-005
 aS =   0.11799999999999999     
 mdl_ymb =    4.7000000000000002     
 mdl_ymt =    173.00000000000000     
 mdl_ymtau =    1.7769999999999999     
 mdl_MT =    173.00000000000000     
 mdl_MB =    4.7000000000000002     
 mdl_MZ =    91.188000000000002     
 mdl_MTA =    1.7769999999999999     
 mdl_WT =    1.4915000000000000     
 mdl_WZ =    2.4414039999999999     
 mdl_WW =    2.0476000000000001     
 mdl_MX0 =    300.00000000000000     
 mdl_WX0 =    1.0604700000000000     
 mdl_Lambda =    5000.0000000000000     
 mdl_cosa =    1.0000000000000000     
 mdl_kSM =    5.0000000000000003E-002
 mdl_kHtt =    0.0000000000000000     
 mdl_kAtt =    0.0000000000000000     
 mdl_kHbb =    0.0000000000000000     
 mdl_kAbb =    0.0000000000000000     
 mdl_kHll =    0.0000000000000000     
 mdl_kAll =    0.0000000000000000     
 mdl_kHaa =    0.0000000000000000     
 mdl_kAaa =    0.0000000000000000     
 mdl_kHza =    0.0000000000000000     
 mdl_kAza =    0.0000000000000000     
 mdl_kHzz =    8.1561199999999996     
 mdl_kAzz =    0.0000000000000000     
 mdl_kHww =    10.496200000000000     
 mdl_kAww =    0.0000000000000000     
 mdl_kHda =    0.0000000000000000     
 mdl_kHdz =    0.0000000000000000     
 mdl_kHdwR =    0.0000000000000000     
 mdl_kHdwI =    0.0000000000000000     
  Internal Params
  ---------------------------------
  
 mdl_CKM11 =    1.0000000000000000     
 mdl_conjg__CKM3x3 =    1.0000000000000000     
 mdl_conjg__CKM11 =    1.0000000000000000     
 mdl_lhv =    1.0000000000000000     
 mdl_CKM3x3 =    1.0000000000000000     
 mdl_conjg__CKM33 =    1.0000000000000000     
 mdl_Ncol =    3.0000000000000000     
 mdl_CA =    3.0000000000000000     
 mdl_TF =   0.50000000000000000     
 mdl_CF =    1.3333333333333333     
 mdl_complexi =  (  0.0000000000000000     ,  1.0000000000000000     )
 mdl_MZ__exp__2 =    8315.2513440000002     
 mdl_MZ__exp__4 =    69143404.913893804     
 mdl_sqrt__2 =    1.4142135623730951     
 mdl_MX0__exp__2 =    90000.000000000000     
 mdl_cosa__exp__2 =    1.0000000000000000     
 mdl_sina =    0.0000000000000000     
 mdl_kHdw =  (  0.0000000000000000     ,  0.0000000000000000     )
 mdl_nb__2__exp__0_75 =    1.6817928305074290     
 mdl_Ncol__exp__2 =    9.0000000000000000     
 mdl_MB__exp__2 =    22.090000000000003     
 mdl_MT__exp__2 =    29929.000000000000     
 mdl_conjg__kHdw =  (  0.0000000000000000     , -0.0000000000000000     )
 mdl_aEW =    7.5467711139788835E-003
 mdl_MW =    80.419002445756163     
 mdl_sqrt__aEW =    8.6872153846781555E-002
 mdl_ee =   0.30795376724436879     
 mdl_MW__exp__2 =    6467.2159543705357     
 mdl_sw2 =   0.22224648578577766     
 mdl_cw =   0.88190334743339216     
 mdl_sqrt__sw2 =   0.47143025548407230     
 mdl_sw =   0.47143025548407230     
 mdl_g1 =   0.34919219678733299     
 mdl_gw =   0.65323293034757990     
 mdl_vev =    246.21845810181637     
 mdl_vev__exp__2 =    60623.529110035903     
 mdl_lam =   0.74228605065735920     
 mdl_yb =    2.6995554250465490E-002
 mdl_yt =   0.99366614581500623     
 mdl_ytau =    1.0206617000654717E-002
 mdl_muH =    212.13203435596427     
 mdl_AxialZUp =  -0.18517701861793787     
 mdl_AxialZDown =   0.18517701861793787     
 mdl_VectorZUp =    7.5430507588273299E-002
 mdl_VectorZDown =  -0.13030376310310560     
 mdl_VectorAUp =   0.20530251149624587     
 mdl_VectorADown =  -0.10265125574812294     
 mdl_VectorWmDxU =   0.23095271737156670     
 mdl_AxialWmDxU =  -0.23095271737156670     
 mdl_VectorWpUxD =   0.23095271737156670     
 mdl_AxialWpUxD =  -0.23095271737156670     
 mdl_I1x33 =  (  2.6995554250465490E-002,  0.0000000000000000     )
 mdl_I2x33 =  ( 0.99366614581500623     ,  0.0000000000000000     )
 mdl_I3x33 =  ( 0.99366614581500623     ,  0.0000000000000000     )
 mdl_I4x33 =  (  2.6995554250465490E-002,  0.0000000000000000     )
 mdl_Vector_tbGp =  (-0.96667059156454072     ,  0.0000000000000000     )
 mdl_Axial_tbGp =  ( -1.0206617000654716     , -0.0000000000000000     )
 mdl_Vector_tbGm =  ( 0.96667059156454072     ,  0.0000000000000000     )
 mdl_Axial_tbGm =  ( -1.0206617000654716     , -0.0000000000000000     )
 mdl_ee__exp__2 =    9.4835522759998875E-002
 mdl_gAaa =    1.3008566310666950E-005
 mdl_cw__exp__2 =   0.77775351421422245     
 mdl_gAza =    4.7794971072590281E-006
 mdl_gHaa =    2.5475109025056106E-005
 mdl_gHza =    3.9182129211851395E-005
 mdl_gw__exp__2 =   0.42671326129048615     
 mdl_sw__exp__2 =   0.22224648578577769     
  Internal Params evaluated point by point
  ----------------------------------------
  
 mdl_sqrt__aS =   0.34351128074635334     
 mdl_G__exp__2 =    1.4828317324943823     
 mdl_G__exp__4 =    2.1987899468922913     
 mdl_R2MixedFactor_FIN_ =   -2.5040377713124864E-002
 mdl_GWcft_UV_b_1EPS_ =   -3.1300472141406080E-003
 mdl_GWcft_UV_t_1EPS_ =   -3.1300472141406080E-003
 mdl_bWcft_UV_1EPS_ =   -1.8780283284843650E-002
 mdl_tWcft_UV_1EPS_ =   -1.8780283284843650E-002
 mdl_G__exp__3 =    1.8056676068262196     
 mdl_MU_R__exp__2 =    8315.2513440000002     
 mdl_GWcft_UV_b_FIN_ =   -1.8563438626678915E-002
 mdl_GWcft_UV_t_FIN_ =    4.0087659331150384E-003
 mdl_bWcft_UV_FIN_ =  -0.13642100947319838     
 mdl_tWcft_UV_FIN_ =   -9.8778211443463623E-004
 mdl_gAgg =    7.6274879753643885E-005
 mdl_gHgg =   -5.0849919835762592E-005
  Couplings of HC_NLO_X0_UFO
  ---------------------------------
  
    R2_UUZ_V2 =  -0.00000E+00  -0.72127E-02
    R2_UUZ_V5 =   0.00000E+00   0.68702E-03
      R2_dxuW =  -0.00000E+00  -0.11566E-01
         GC_5 =   0.00000E+00   0.12177E+01
     GC_3005a =  -0.00000E+00  -0.00000E+00
    GC_3005h2 =  -0.00000E+00  -0.00000E+00
    GC_3005h3 =  -0.00000E+00  -0.20992E-02
    GC_3005h4 =  -0.00000E+00  -0.00000E+00
     GC_3007a =  -0.00000E+00  -0.00000E+00
    GC_3007h2 =  -0.00000E+00  -0.16312E-02
    GC_3007h3 =  -0.00000E+00  -0.00000E+00
        GC_22 =   0.00000E+00   0.28804E+00
        GC_23 =  -0.00000E+00  -0.27437E-01
        GC_24 =   0.00000E+00   0.82310E-01
        GC_47 =   0.00000E+00   0.46191E+00
    GC_3005h1 =   0.00000E+00   0.26266E+01
    GC_3007h1 =   0.00000E+00   0.33772E+01

 Collider parameters:
 --------------------

 Running at P P   machine @    13000.000000000000       GeV
 PDF set = nn23nlo
 alpha_s(Mz)= 0.1190 running at 2 loops.
 alpha_s(Mz)= 0.1190 running at 2 loops.
 Renormalization scale set on event-by-event basis
 Factorization   scale set on event-by-event basis


 ===============================================================
 INFO: MadFKS read these parameters from FKS_params.dat
 ===============================================================
  > IRPoleCheckThreshold      =    1.0000000000000001E-005
  > PrecisionVirtualAtRunTime =    1.0000000000000000E-003
  > NHelForMCoverHels         =            4
  > VirtualFraction           =    1.0000000000000000     
  > MinVirtualFraction        =    5.0000000000000001E-003
 ===============================================================
  Insert the number of points to test
 Insert the relative tolerance

  +----------------------------------------------------------------+
  |                                                                |
  |  Ninja - version 1.2.0                                         |
  |                                                                |
  |  Author: Tiziano Peraro                                        |
  |                                                                |
  |  Based on:                                                     |
  |                                                                |
  |      P. Mastrolia, E. Mirabella and T. Peraro,                 |
  |      "Integrand reduction of one-loop scattering amplitudes    |
  |      through Laurent series expansion,"                        |
  |      JHEP 1206 (2012) 095  [arXiv:1203.0291 [hep-ph]].         |
  |                                                                |
  |      T. Peraro,                                                |
  |      "Ninja: Automated Integrand Reduction via Laurent         |
  |      Expansion for One-Loop Amplitudes,"                       |
  |      Comput.Phys.Commun. 185 (2014) [arXiv:1403.1229 [hep-ph]] |
  |                                                                |
  +----------------------------------------------------------------+


  A negative number will mean use the default one:    1.0000000000000001E-005
Using random seed offsets:     1 ,      7 ,      0
  with seed                   35
 Ranmar initialization seeds       14387        9416
  ========================================================================================== 
 {                                                                                          }
 {       [32m                                                                            [0m       }
 {       [32m                               ,,                                           [0m       }
 {       [32m`7MMM.     ,MMF'             `7MM  `7MMF'                                   [0m       }
 {       [32m  MMMb    dPMM                 MM    MM                                     [0m       }
 {       [32m  M YM   ,M MM   ,6"Yb.   ,M""bMM    MM         ,pW"Wq.   ,pW"Wq.`7MMpdMAo. [0m       }
 {       [32m  M  Mb  M' MM  8)   MM ,AP    MM    MM        6W'   `Wb 6W'   `Wb MM   `Wb [0m       }
 {       [32m  M  YM.P'  MM   ,pm9MM 8MI    MM    MM      , 8M     M8 8M     M8 MM    M8 [0m       }
 {       [32m  M  `YM'   MM  8M   MM `Mb    MM    MM     ,M YA.   ,A9 YA.   ,A9 MM   ,AP [0m       }
 {       [32m.JML. `'  .JMML.`Moo9^Yo.`Wbmd"MML..JMMmmmmMMM  `Ybmd9'   `Ybmd9'  MMbmmd'  [0m       }
 {       [32m                                                                   MM       [0m       }
 {       [32m                                                                 .JMML.     [0m       }
 {       [32m[0mv2.6.6 (2018-06-28), Ref: arXiv:1103.0621v2, arXiv:1405.0301[32m                [0m       }
 {       [32m                                                                            [0m       }
 {                                                                                          }
  ========================================================================================== 
 ===============================================================
 INFO: MadLoop read these parameters from ./MadLoop5_resources/MadLoopParams.dat                                                                                                                                                                                                                                                                                                                                                                                                                                                                                          
 ===============================================================
  > MLReductionLib            = 6|7|1
  > CTModeRun                 =           -1
  > MLStabThres               =    1.0000000000000000E-003
  > NRotations_DP             =            0
  > NRotations_QP             =            0
  > CTStabThres               =    1.0000000000000000E-002
  > CTLoopLibrary             =            2
  > CTModeInit                =            1
  > CheckCycle                =            3
  > MaxAttempts               =           10
  > UseLoopFilter             =  F
  > HelicityFilterLevel       =            2
  > ImprovePSPoint            =            2
  > DoubleCheckHelicityFilter =  T
  > LoopInitStartOver         =  F
  > HelInitStartOver          =  F
  > ZeroThres                 =    1.0000000000000001E-009
  > OSThres                   =    1.0000000000000000E-008
  > WriteOutFilters           =  T
  > UseQPIntegrandForNinja    =  T
  > UseQPIntegrandForCutTools =  T
  > IREGIMODE                 =            2
  > IREGIRECY                 =  T
  > COLLIERMode               =            1
  > COLLIERRequiredAccuracy   =    1.0000000000000000E-008
  > COLLIERCanOutput          =  F
  > COLLIERComputeUVpoles     =  T
  > COLLIERComputeIRpoles     =  T
  > COLLIERGlobalCache        =           -1
  > COLLIERUseCacheForPoles   =  F
  > COLLIERUseInternalStabilityTest =  T
 ===============================================================
  
------------------------------------------------------------------------
|              You are using CutTools - Version 1.9.3                  |
|              Authors: G. Ossola, C. Papadopoulos, R. Pittau          |
|              Published in JHEP 0803:042,2008                         |
|              http://www.ugr.es/~pittau/CutTools                      |
|                                                                      |
|              Compiler with  34  significant digits detetected        |
 ---------------------------------------------------------------------- 
   
########################################################################
#                                                                      #
#                      You are using OneLOop-3.6                       #
#                                                                      #
# for the evaluation of 1-loop scalar 1-, 2-, 3- and 4-point functions #
#                                                                      #
# author: Andreas van Hameren <hamerenREMOVETHIS@ifj.edu.pl>           #
#   date: 18-02-2015                                                   #
#                                                                      #
# Please cite                                                          #
#    A. van Hameren,                                                   #
#      Comput.Phys.Commun. 182 (2011) 2427-2438, arXiv:1007.4716       #
#    A. van Hameren, C.G. Papadopoulos and R. Pittau,                  #
#      JHEP 0909:106,2009, arXiv:0903.4665                             #
# in publications with results obtained with the help of this program. #
#                                                                      #
########################################################################
########################################################################
#                                                                      #
#                      You are using OneLOop-3.6                       #
#                                                                      #
# for the evaluation of 1-loop scalar 1-, 2-, 3- and 4-point functions #
#                                                                      #
# author: Andreas van Hameren <hamerenREMOVETHIS@ifj.edu.pl>           #
#   date: 18-02-2015                                                   #
#                                                                      #
# Please cite                                                          #
#    A. van Hameren,                                                   #
#      Comput.Phys.Commun. 182 (2011) 2427-2438, arXiv:1007.4716       #
#    A. van Hameren, C.G. Papadopoulos and R. Pittau,                  #
#      JHEP 0909:106,2009, arXiv:0903.4665                             #
# in publications with results obtained with the help of this program. #
#                                                                      #
########################################################################
 PASSED   1.0000000000000001E-005
 MU_R    =    325.00000000000000     
 ALPHA_S =   0.11799999999999999     
 BORN                    2.1206716306276951E-010
 SINGLE POLE (MadFKS)   -1.2076088874267663E-012
 DOUBLE POLE (MadFKS)   -1.0620483727285180E-011
 SINGLE POLE (MadLoop)  -1.2076088874268889E-012
 DOUBLE POLE (MadLoop)  -1.0620483727286217E-011
 FINITE PART (MadLoop)   2.1807439782282013E-011
   325.00000000000000        0.0000000000000000        0.0000000000000000        325.00000000000000        0.0000000000000000     
   325.00000000000000        0.0000000000000000        0.0000000000000000       -325.00000000000000        0.0000000000000000     
   267.26091263286429        72.147068812190739       -113.74648616100221        216.37402065593480        80.419002445756163     
   74.877518528296349       -11.252566052512229       -21.795836537837502       -70.745770529446361        0.0000000000000000     
   169.07082001478938       -115.58816009942045        40.938885621504163       -116.39728119407884        0.0000000000000000     
   138.79074882404996        54.693657339741954        94.603437077335556       -29.230968932409617        80.419002445756163     

 PASSED   1.0000000000000001E-005
 MU_R    =    325.00000000000000     
 ALPHA_S =   0.11799999999999999     
 BORN                    5.4615783283596184E-015
 SINGLE POLE (MadFKS)   -3.1100762765201435E-017
 DOUBLE POLE (MadFKS)   -2.7351996850388389E-016
 SINGLE POLE (MadLoop)  -3.1100762765201312E-017
 DOUBLE POLE (MadLoop)  -2.7351996850388512E-016
 FINITE PART (MadLoop)   5.6162886696727614E-016
   325.00000000000000        0.0000000000000000        0.0000000000000000        325.00000000000000        0.0000000000000000     
   325.00000000000000        0.0000000000000000        0.0000000000000000       -325.00000000000000        0.0000000000000000     
   115.03868799870686        79.410220652062492       -21.434894963876328        1.1162060614535314        80.419002445756163     
   279.27157505791484       -153.14902316830313        230.86094954010670       -35.230829047347939        0.0000000000000000     
   40.968881901668745       -17.510106741231979       -33.405506649794901        15.997423906806118        0.0000000000000000     
   214.72085504170957        91.248909257472604       -176.02054792643543        18.117199079088323        80.419002445756163     

 PASSED   1.0000000000000001E-005
 MU_R    =    325.00000000000000     
 ALPHA_S =   0.11799999999999999     
 BORN                    6.4023768580532249E-014
 SINGLE POLE (MadFKS)   -3.6458106397887321E-016
 DOUBLE POLE (MadFKS)   -3.2063586957484477E-015
 SINGLE POLE (MadLoop)  -3.6458106397887089E-016
 DOUBLE POLE (MadLoop)  -3.2063586957484457E-015
 FINITE PART (MadLoop)   6.5837372358365638E-015
   325.00000000000000        0.0000000000000000        0.0000000000000000        325.00000000000000        0.0000000000000000     
   325.00000000000000        0.0000000000000000        0.0000000000000000       -325.00000000000000        0.0000000000000000     
   250.11609440028212        206.23249939942366        17.762209693646497        115.08042762323213        80.419002445756163     
   153.36209891173095       -122.46553510923719       -14.146311276377180       -91.225040259194103        0.0000000000000000     
   93.471884568517183       -13.629392315907898       -60.391817941345259        70.029002532013067        0.0000000000000000     
   153.04992211946970       -70.137571974278572        56.775919524076016       -93.884389896051090        80.419002445756163     

 PASSED   1.0000000000000001E-005
 MU_R    =    325.00000000000000     
 ALPHA_S =   0.11799999999999999     
 BORN                    2.2273608740918433E-012
 SINGLE POLE (MadFKS)   -1.2683626961444382E-014
 DOUBLE POLE (MadFKS)   -1.1154791518139143E-013
 SINGLE POLE (MadLoop)  -1.2683626961444344E-014
 DOUBLE POLE (MadLoop)  -1.1154791518139178E-013
 FINITE PART (MadLoop)   2.2904554120331806E-013
   325.00000000000000        0.0000000000000000        0.0000000000000000        325.00000000000000        0.0000000000000000     
   325.00000000000000        0.0000000000000000        0.0000000000000000       -325.00000000000000        0.0000000000000000     
   98.003779249905222        47.294244680989962        29.759064546243405       -3.8958041892258586        80.419002445756163     
   150.43333628123511        33.688599202544452        96.266761615043364        110.58018609419092        0.0000000000000000     
   126.29489887643676       -2.1940552394140376       -25.746395461290437        123.62326126003403        0.0000000000000000     
   275.26798559242292       -78.788788644120402       -100.27943069999638       -230.30764316499906        80.419002445756163     

 PASSED   1.0000000000000001E-005
 MU_R    =    325.00000000000000     
 ALPHA_S =   0.11799999999999999     
 BORN                    4.4528133331102216E-011
 SINGLE POLE (MadFKS)   -2.5356386521399902E-013
 DOUBLE POLE (MadFKS)   -2.2300025549423689E-012
 SINGLE POLE (MadLoop)  -2.5356386521399604E-013
 DOUBLE POLE (MadLoop)  -2.2300025549423668E-012
 FINITE PART (MadLoop)   4.5789483492450053E-012
   325.00000000000000        0.0000000000000000        0.0000000000000000        325.00000000000000        0.0000000000000000     
   325.00000000000000        0.0000000000000000        0.0000000000000000       -325.00000000000000        0.0000000000000000     
   141.69407689135727        75.530211221871994       -18.479399290345562        86.969503082234013        80.419002445756163     
   143.63687024354459       -84.615338147121776        100.73309147391303        57.659685445876114        0.0000000000000000     
   196.63651564998079        146.81203787844350       -92.309736866976422       -92.687956609762352        0.0000000000000000     
   168.03253721511734       -137.72691095319374        10.056044683408940       -51.941231918347775        80.419002445756163     

 PASSED   1.0000000000000001E-005
 MU_R    =    325.00000000000000     
 ALPHA_S =   0.11799999999999999     
 BORN                    1.3382826477846988E-015
 SINGLE POLE (MadFKS)   -7.6208027495302180E-018
 DOUBLE POLE (MadFKS)   -6.7022205974899402E-017
 SINGLE POLE (MadLoop)  -7.6208027495301780E-018
 DOUBLE POLE (MadLoop)  -6.7022205974898847E-017
 FINITE PART (MadLoop)   1.3761922322974803E-016
   325.00000000000000        0.0000000000000000        0.0000000000000000        325.00000000000000        0.0000000000000000     
   325.00000000000000        0.0000000000000000        0.0000000000000000       -325.00000000000000        0.0000000000000000     
   137.98954541284738        31.237815919055418        63.050880074943493        87.307983983459579        80.419002445756163     
   93.475163223831473       -78.711343425187962        18.268780678653169       -46.993427289774580        0.0000000000000000     
   247.81673235570599        58.537566663090452       -210.77208076182973       -116.45435198373904        0.0000000000000000     
   170.71855900761523       -11.064039156957927        129.45242000823313        76.139795290054025        80.419002445756163     

 PASSED   1.0000000000000001E-005
 MU_R    =    325.00000000000000     
 ALPHA_S =   0.11799999999999999     
 BORN                    8.7882368526108784E-014
 SINGLE POLE (MadFKS)   -5.0044300941033195E-016
 DOUBLE POLE (MadFKS)   -4.4012154044356010E-015
 SINGLE POLE (MadLoop)  -5.0044300941032229E-016
 DOUBLE POLE (MadLoop)  -4.4012154044355970E-015
 FINITE PART (MadLoop)   9.0371815790735519E-015
   325.00000000000000        0.0000000000000000        0.0000000000000000        325.00000000000000        0.0000000000000000     
   325.00000000000000        0.0000000000000000        0.0000000000000000       -325.00000000000000        0.0000000000000000     
   250.98095015485259       -27.709482176803608        236.07238514834953       -5.1220068454470198        80.419002445756163     
   61.439078130059038       -1.0762932313527698        54.498869506265088        28.345636999205595        0.0000000000000000     
   62.263217603442861        52.826953795922101       -28.443786862282646       -16.642482023731311        0.0000000000000000     
   275.31675411164548       -24.041178387765758       -262.12746779233197       -6.5811481300272572        80.419002445756163     

 PASSED   1.0000000000000001E-005
 MU_R    =    325.00000000000000     
 ALPHA_S =   0.11799999999999999     
 BORN                    1.9698390784632314E-013
 SINGLE POLE (MadFKS)   -1.1217178291995464E-015
 DOUBLE POLE (MadFKS)   -9.8651029117586246E-015
 SINGLE POLE (MadLoop)  -1.1217178291995407E-015
 DOUBLE POLE (MadLoop)  -9.8651029117586167E-015
 FINITE PART (MadLoop)   2.0256387865033952E-014
   325.00000000000000        0.0000000000000000        0.0000000000000000        325.00000000000000        0.0000000000000000     
   325.00000000000000        0.0000000000000000        0.0000000000000000       -325.00000000000000        0.0000000000000000     
   196.99690274788034       -144.74841035448912        105.75520728792864        14.293270067516220        80.419002445756163     
   83.638270193550397       -37.482413318521239        56.703051310559687        48.735950845971139        0.0000000000000000     
   198.54597777813763        196.82027611979760       -19.620469267238942       -17.243009764443219        0.0000000000000000     
   170.81884928043166       -14.589452446787202       -142.83778933124938       -45.786211149044121        80.419002445756163     

 PASSED   1.0000000000000001E-005
 MU_R    =    325.00000000000000     
 ALPHA_S =   0.11799999999999999     
 BORN                    1.6734066960157394E-013
 SINGLE POLE (MadFKS)   -9.5291546753512653E-016
 DOUBLE POLE (MadFKS)   -8.3805471471812870E-015
 SINGLE POLE (MadLoop)  -9.5291546753513561E-016
 DOUBLE POLE (MadLoop)  -8.3805471471813169E-015
 FINITE PART (MadLoop)   1.7208093524515105E-014
   325.00000000000000        0.0000000000000000        0.0000000000000000        325.00000000000000        0.0000000000000000     
   325.00000000000000        0.0000000000000000        0.0000000000000000       -325.00000000000000        0.0000000000000000     
   159.98765997445085       -26.873212080905422        135.54613442329969       -5.8233414021016161        80.419002445756163     
   175.32058600835680        149.59334316171373        90.130450583239210        15.350616850071269        0.0000000000000000     
   106.82853753659803        14.591541332902027       -96.381144324323799       -43.704672204152388        0.0000000000000000     
   207.86321648059425       -137.31167241371034       -129.29544068221520        34.177396756182723        80.419002445756163     

 PASSED   1.0000000000000001E-005
 MU_R    =    325.00000000000000     
 ALPHA_S =   0.11799999999999999     
 BORN                    1.4325832073829138E-015
 SINGLE POLE (MadFKS)   -8.1577939188156723E-018
 DOUBLE POLE (MadFKS)   -7.1744849236696103E-017
 SINGLE POLE (MadLoop)  -8.1577939188156723E-018
 DOUBLE POLE (MadLoop)  -7.1744849236696214E-017
 FINITE PART (MadLoop)   1.4731640475079739E-016
   325.00000000000000        0.0000000000000000        0.0000000000000000        325.00000000000000        0.0000000000000000     
   325.00000000000000        0.0000000000000000        0.0000000000000000       -325.00000000000000        0.0000000000000000     
   97.438146186371512        36.658994699658074       -26.305222461633718        31.482213338972358        80.419002445756163     
   231.17659664826783        71.925558430007001       -77.503867278706892       -205.57841189982020        0.0000000000000000     
   205.23114246125084       -129.04452053063699        24.194828014559217        157.74011491790577        0.0000000000000000     
   116.15411470410982        20.459967400971859        79.614261725781375        16.356083642942075        80.419002445756163     

 PASSED   1.0000000000000001E-005
 MU_R    =    325.00000000000000     
 ALPHA_S =   0.11799999999999999     
 BORN                    5.3014555362765298E-014
 SINGLE POLE (MadFKS)   -3.0188949243454713E-016
 DOUBLE POLE (MadFKS)   -2.6550089811540249E-015
 SINGLE POLE (MadLoop)  -3.0188949243454471E-016
 DOUBLE POLE (MadLoop)  -2.6550089811540249E-015
 FINITE PART (MadLoop)   5.4516300730427152E-015
   325.00000000000000        0.0000000000000000        0.0000000000000000        325.00000000000000        0.0000000000000000     
   325.00000000000000        0.0000000000000000        0.0000000000000000       -325.00000000000000        0.0000000000000000     
   233.33923344669293        77.532376063730339       -143.56311344951689       -146.14494527595934        80.419002445756163     
   131.61399777487307       -69.204868733080431        44.659133001818013       -102.65715948460355        0.0000000000000000     
   17.050502625847990       -11.585484024179484        7.3147792859326106        10.148408925423848        0.0000000000000000     
   267.99626615258597        3.2579766935295078        91.589201161766269        238.65369583513905        80.419002445756163     

 PASSED   1.0000000000000001E-005
 MU_R    =    325.00000000000000     
 ALPHA_S =   0.11799999999999999     
 BORN                    1.4886579086431366E-014
 SINGLE POLE (MadFKS)   -8.4771093027895643E-017
 DOUBLE POLE (MadFKS)   -7.4553112636109341E-016
 SINGLE POLE (MadLoop)  -8.4771093027897184E-017
 DOUBLE POLE (MadLoop)  -7.4553112636112220E-016
 FINITE PART (MadLoop)   1.5308271790075426E-015
   325.00000000000000        0.0000000000000000        0.0000000000000000        325.00000000000000        0.0000000000000000     
   325.00000000000000        0.0000000000000000        0.0000000000000000       -325.00000000000000        0.0000000000000000     
   170.46075800415011       -7.5758004116817563       -23.190819711005172        148.30525005620302        80.419002445756163     
   181.52991621916794        145.41246871702342        108.42623289569245        7.2164010564744876        0.0000000000000000     
   160.98341368718204       -39.101829495002733       -34.741799340462109       -152.24885481050157        0.0000000000000000     
   137.02591208950003       -98.734838810338786       -50.493613844225159       -3.2727963021759039        80.419002445756163     

 PASSED   1.0000000000000001E-005
 MU_R    =    325.00000000000000     
 ALPHA_S =   0.11799999999999999     
 BORN                    7.2110067763217039E-016
 SINGLE POLE (MadFKS)   -4.1062820592376352E-018
 DOUBLE POLE (MadFKS)   -3.6113266674199672E-017
 SINGLE POLE (MadLoop)  -4.1062820592376444E-018
 DOUBLE POLE (MadLoop)  -3.6113266674199746E-017
 FINITE PART (MadLoop)   7.4152732451889686E-017
   325.00000000000000        0.0000000000000000        0.0000000000000000        325.00000000000000        0.0000000000000000     
   325.00000000000000        0.0000000000000000        0.0000000000000000       -325.00000000000000        0.0000000000000000     
   128.77446539096610       -91.126104301242151       -31.821309185867040       -28.268080566872360        80.419002445756163     
   281.81985566838944        255.34003664436977        109.96085135519002        46.179085143011953        0.0000000000000000     
   74.377228422909440       -56.969466905747332       -7.2952151457774441        47.257081843099733        0.0000000000000000     
   165.02845051773500       -107.24446543738031       -70.844327023545546       -65.168086419239302        80.419002445756163     

 PASSED   1.0000000000000001E-005
 MU_R    =    325.00000000000000     
 ALPHA_S =   0.11799999999999999     
 BORN                    3.1696695907305986E-013
 SINGLE POLE (MadFKS)   -1.8049570299762381E-015
 DOUBLE POLE (MadFKS)   -1.5873944755540020E-014
 SINGLE POLE (MadLoop)  -1.8049570299762322E-015
 DOUBLE POLE (MadLoop)  -1.5873944755539988E-014
 FINITE PART (MadLoop)   3.2594569442663675E-014
   325.00000000000000        0.0000000000000000        0.0000000000000000        325.00000000000000        0.0000000000000000     
   325.00000000000000        0.0000000000000000        0.0000000000000000       -325.00000000000000        0.0000000000000000     
   282.10191907717933       -239.80832194891045       -28.549704907895357       -121.61891245351903        80.419002445756163     
   230.19903218996950        195.30322518711259        103.62505888173531        64.109997851095713        0.0000000000000000     
   14.812674478013824        12.830720939456500       -4.7809200771285081        5.6507281461333951        0.0000000000000000     
   122.88637425483731        31.674375822341378       -70.294433896711539        51.858186456289950        80.419002445756163     

 PASSED   1.0000000000000001E-005
 MU_R    =    325.00000000000000     
 ALPHA_S =   0.11799999999999999     
 BORN                    2.9921679896373863E-014
 SINGLE POLE (MadFKS)   -1.7038793770681430E-016
 DOUBLE POLE (MadFKS)   -1.4985003328328328E-015
 SINGLE POLE (MadLoop)  -1.7038793770681117E-016
 DOUBLE POLE (MadLoop)  -1.4985003328328324E-015
 FINITE PART (MadLoop)   3.0769272484287991E-015
   325.00000000000000        0.0000000000000000        0.0000000000000000        325.00000000000000        0.0000000000000000     
   325.00000000000000        0.0000000000000000        0.0000000000000000       -325.00000000000000        0.0000000000000000     
   98.835044051385552        49.546536633136242        14.350655807005081        25.305125248434319        80.419002445756163     
   141.49720875033557       -132.02240897117920       -45.457711297356880        22.915935442152421        0.0000000000000000     
   214.28406149283495        163.15245874587001        102.85326851535329        93.381686484829032        0.0000000000000000     
   195.38368570544404       -80.676586407827031       -71.746213025001495       -141.60274717541580        80.419002445756163     

 PASSED   1.0000000000000001E-005
 MU_R    =    325.00000000000000     
 ALPHA_S =   0.11799999999999999     
 BORN                    3.3789267250716768E-015
 SINGLE POLE (MadFKS)   -1.9241177578975907E-017
 DOUBLE POLE (MadFKS)   -1.6921920292153361E-016
 SINGLE POLE (MadLoop)  -1.9241177578975598E-017
 DOUBLE POLE (MadLoop)  -1.6921920292153319E-016
 FINITE PART (MadLoop)   3.4746417135747911E-016
   325.00000000000000        0.0000000000000000        0.0000000000000000        325.00000000000000        0.0000000000000000     
   325.00000000000000        0.0000000000000000        0.0000000000000000       -325.00000000000000        0.0000000000000000     
   115.54427109059161        43.421177665699716        62.583520076292352       -32.881103577429442        80.419002445756163     
   57.024097487466832        17.138822065853176        23.748201590799468       -48.928840101293005        0.0000000000000000     
   286.81874370035234       -19.412543216991583       -191.65887842184307        212.49710404092099        0.0000000000000000     
   190.61288772158923       -41.147456514561291        105.32715675475123       -130.68716036219854        80.419002445756163     

 PASSED   1.0000000000000001E-005
 MU_R    =    325.00000000000000     
 ALPHA_S =   0.11799999999999999     
 BORN                    5.9146154662896205E-014
 SINGLE POLE (MadFKS)   -3.3680566569794975E-016
 DOUBLE POLE (MadFKS)   -2.9620841060756448E-015
 SINGLE POLE (MadLoop)  -3.3680566569794965E-016
 DOUBLE POLE (MadLoop)  -2.9620841060756436E-015
 FINITE PART (MadLoop)   6.0821590081947143E-015
   325.00000000000000        0.0000000000000000        0.0000000000000000        325.00000000000000        0.0000000000000000     
   325.00000000000000        0.0000000000000000        0.0000000000000000       -325.00000000000000        0.0000000000000000     
   133.22188172863585        57.622617583624944       -81.830971686439113        35.555306673021732        80.419002445756163     
   133.44274489334177        103.77454751853989        80.883182144637956        22.264777073869748        0.0000000000000000     
   226.48721331590781       -195.76504425261041       -113.83881162208137        3.6373359552429623        0.0000000000000000     
   156.84816006211454        34.367879150445582        114.78660116388248       -61.457419702134445        80.419002445756163     

 PASSED   1.0000000000000001E-005
 MU_R    =    325.00000000000000     
 ALPHA_S =   0.11799999999999999     
 BORN                    3.2600845776043299E-015
 SINGLE POLE (MadFKS)   -1.8564435213916822E-017
 DOUBLE POLE (MadFKS)   -1.6326749839989110E-016
 SINGLE POLE (MadLoop)  -1.8564435213916693E-017
 DOUBLE POLE (MadLoop)  -1.6326749839989083E-016
 FINITE PART (MadLoop)   3.3524331199829649E-016
   325.00000000000000        0.0000000000000000        0.0000000000000000        325.00000000000000        0.0000000000000000     
   325.00000000000000        0.0000000000000000        0.0000000000000000       -325.00000000000000        0.0000000000000000     
   116.69795814576517       -55.904461612311337        28.288172037645005       -56.794964350956626        80.419002445756163     
   251.99693129256121       -6.5239499361014257       -205.69310143882950        145.43121906445825        0.0000000000000000     
   170.08490919343382        11.754479332707982        125.57814960518432       -114.10888174324350        0.0000000000000000     
   111.22020136823980        50.673932215704767        51.826779796000238        25.472627029741837        80.419002445756163     

 PASSED   1.0000000000000001E-005
 MU_R    =    325.00000000000000     
 ALPHA_S =   0.11799999999999999     
 BORN                    2.6734445534547994E-014
 SINGLE POLE (MadFKS)   -1.5223834544526427E-016
 DOUBLE POLE (MadFKS)   -1.3388812282720924E-015
 SINGLE POLE (MadLoop)  -1.5223834544526372E-016
 DOUBLE POLE (MadLoop)  -1.3388812282720956E-015
 FINITE PART (MadLoop)   2.7491753210973744E-015
   325.00000000000000        0.0000000000000000        0.0000000000000000        325.00000000000000        0.0000000000000000     
   325.00000000000000        0.0000000000000000        0.0000000000000000       -325.00000000000000        0.0000000000000000     
   164.27229666307093        91.905046085280901       -67.068834649773621        87.025314819155668        80.419002445756163     
   60.439065299017976       0.85422426442118093       -58.610479763818532        14.729649587822880        0.0000000000000000     
   132.53246812017230        14.393934727425739       -126.44273405756863       -37.012224374307202        0.0000000000000000     
   292.75616991773876       -107.15320507712781        252.12204847116078       -64.742740032671406        80.419002445756163     

 PASSED   1.0000000000000001E-005
 MU_R    =    325.00000000000000     
 ALPHA_S =   0.11799999999999999     
 BORN                    3.1393881516669919E-015
 SINGLE POLE (MadFKS)   -1.7877133726324317E-017
 DOUBLE POLE (MadFKS)   -1.5722293021170082E-016
 SINGLE POLE (MadLoop)  -1.7877133726323756E-017
 DOUBLE POLE (MadLoop)  -1.5722293021170106E-016
 FINITE PART (MadLoop)   3.2283177217029661E-016
   325.00000000000000        0.0000000000000000        0.0000000000000000        325.00000000000000        0.0000000000000000     
   325.00000000000000        0.0000000000000000        0.0000000000000000       -325.00000000000000        0.0000000000000000     
   101.46394039120166        9.0676559022382026        48.215745788389434       -37.692634822293826        80.419002445756163     
   198.53556355414025       -54.795548525485778       -168.68627506827085        89.211873991878818        0.0000000000000000     
   227.57431025926047        100.70975815015487        193.29937501100801       -65.444349822342303        0.0000000000000000     
   122.42618579539769       -54.981865526907299       -72.828845731126620        13.925110652757311        80.419002445756163     

 NUMBER OF POINTS PASSING THE CHECK          20
 NUMBER OF POINTS FAILING THE CHECK           0
 TOLERANCE    1.0000000000000001E-005
