 Process in group number            1
 A PDF is used, so alpha_s(MZ) is going to be modified
 Old value of alpha_s from param_card:   0.11839999999999999     
  ****************************************
 
       NNPDFDriver version 1.0.3
   Grid: NNPDF23_lo_as_0130_qed_mem0.grid
  ****************************************
 New value of alpha_s from PDF nn23lo1:  0.13000000000000000     
 Define smin to   88.360000000000014     
 Define smin to   88.360000000000014     
 Warning: pt or E min of a jet should in general be >0
 Warning: pt or E min of a jet should in general be >0
 Warning: pt or E min of a jet should in general be >0
 Warning: pt or E min of a jet should in general be >0
 *****************************************************
 *               MadGraph/MadEvent                   *
 *        --------------------------------           *
 *          http://madgraph.hep.uiuc.edu             *
 *          http://madgraph.phys.ucl.ac.be           *
 *          http://madgraph.roma2.infn.it            *
 *        --------------------------------           *
 *                                                   *
 *          PARAMETER AND COUPLING VALUES            *
 *                                                   *
 *****************************************************

  External Params
  ---------------------------------
  
 mdl_cabi =   0.22773599999999999     
 aEWM1 =    127.90000000000001     
 mdl_Gf =    1.1663700000000000E-005
 aS =   0.11839999999999999     
 mdl_ymb =    4.7000000000000002     
 mdl_ymt =    172.00000000000000     
 mdl_ymtau =    1.7769999999999999     
 mdl_Lambda =    5000.0000000000000     
 mdl_ca =    1.0000000000000000     
 mdl_kSM =    5.0000000000000003E-002
 mdl_kHtt =    0.0000000000000000     
 mdl_kAtt =    0.0000000000000000     
 mdl_kHbb =    0.0000000000000000     
 mdl_kAbb =    0.0000000000000000     
 mdl_kHll =    0.0000000000000000     
 mdl_kAll =    0.0000000000000000     
 mdl_kHaa =    0.0000000000000000     
 mdl_kAaa =    0.0000000000000000     
 mdl_kHza =    0.0000000000000000     
 mdl_kAza =    0.0000000000000000     
 mdl_kHgg =    0.0000000000000000     
 mdl_kAgg =    0.0000000000000000     
 mdl_kHzz =  -0.52481000000000000     
 mdl_kAzz =    0.0000000000000000     
 mdl_kHww =  -0.52481000000000000     
 mdl_kAww =    0.0000000000000000     
 mdl_kHda =    0.0000000000000000     
 mdl_kHdz =  -0.26240500000000000     
 mdl_kHdwR =  -0.26240500000000000     
 mdl_kHdwI =    0.0000000000000000     
 mdl_kHHgg =    1.0000000000000000     
 mdl_kAAgg =    1.0000000000000000     
 mdl_kqa =    1.0000000000000000     
 mdl_kqb =    1.0000000000000000     
 mdl_kla =    1.0000000000000000     
 mdl_klb =    1.0000000000000000     
 mdl_kw1 =    1.0000000000000000     
 mdl_kw2 =    1.0000000000000000     
 mdl_kw3 =    0.0000000000000000     
 mdl_kw4 =    0.0000000000000000     
 mdl_kw5 =    0.0000000000000000     
 mdl_kz1 =    0.0000000000000000     
 mdl_kz3 =    1.0000000000000000     
 mdl_kz5 =    0.0000000000000000     
 mdl_kq =    1.0000000000000000     
 mdl_kq3 =    1.0000000000000000     
 mdl_kl =    1.0000000000000000     
 mdl_kg =    1.0000000000000000     
 mdl_ka =    1.0000000000000000     
 mdl_kz =    1.0000000000000000     
 mdl_kw =    1.0000000000000000     
 mdl_kza =    0.0000000000000000     
 mdl_MZ =    91.187600000000003     
 mdl_MTA =    1.7769999999999999     
 mdl_MT =    172.00000000000000     
 mdl_MB =    4.7000000000000002     
 mdl_MX0 =    600.00000000000000     
 mdl_MX1 =    125.00000000000000     
 mdl_MX2 =    125.00000000000000     
 mdl_WZ =    2.4952000000000001     
 mdl_WW =    2.0850000000000000     
 mdl_WT =    1.5083359999999999     
 mdl_WX0 =   0.15059000000000000     
 mdl_WX1 =    4.0699999999999998E-003
 mdl_WX2 =    4.0699999999999998E-003
  Internal Params
  ---------------------------------
  
 mdl_cos__cabi =   0.97418004031982097     
 mdl_CKM1x1 =  ( 0.97418004031982097     ,  0.0000000000000000     )
 mdl_sin__cabi =   0.22577256042856930     
 mdl_CKM1x2 =  ( 0.22577256042856930     ,  0.0000000000000000     )
 mdl_CKM2x1 =  (-0.22577256042856930     ,  0.0000000000000000     )
 mdl_CKM2x2 =  ( 0.97418004031982097     ,  0.0000000000000000     )
 mdl_ca__exp__2 =    1.0000000000000000     
 mdl_sa =    0.0000000000000000     
 mdl_complexi =  (  0.0000000000000000     ,  1.0000000000000000     )
 mdl_kHdw =  (-0.26240500000000000     ,  0.0000000000000000     )
 mdl_MZ__exp__2 =    8315.1783937600012     
 mdl_MZ__exp__4 =    69142191.720053151     
 mdl_sqrt__2 =    1.4142135623730951     
 mdl_nb__2__exp__0_75 =    1.6817928305074290     
 mdl_MX0__exp__2 =    360000.00000000000     
 mdl_ca__exp__4 =    1.0000000000000000     
 mdl_ca__exp__3 =    1.0000000000000000     
 mdl_conjg__CKM1x1 =  ( 0.97418004031982097     , -0.0000000000000000     )
 mdl_conjg__CKM1x2 =  ( 0.22577256042856930     , -0.0000000000000000     )
 mdl_conjg__CKM2x1 =  (-0.22577256042856930     , -0.0000000000000000     )
 mdl_conjg__CKM2x2 =  ( 0.97418004031982097     , -0.0000000000000000     )
 mdl_conjg__kHdw =  (-0.26240500000000000     , -0.0000000000000000     )
 mdl_aEW =    7.8186082877247844E-003
 mdl_MW =    79.824359746197842     
 mdl_sqrt__aEW =    8.8422894590285753E-002
 mdl_ee =   0.31345100004952897     
 mdl_MW__exp__2 =    6371.9284088904105     
 mdl_sw2 =   0.23369913342182447     
 mdl_cw =   0.87538612427783857     
 mdl_sqrt__sw2 =   0.48342438232036300     
 mdl_sw =   0.48342438232036300     
 mdl_ad =  -0.12747442148678401     
 mdl_al =   -1.2074027013887732E-002
 mdl_an =   0.18517461872323218     
 mdl_au =    6.9774224250335873E-002
 mdl_bd =  -0.18517461872323218     
 mdl_bl =  -0.18517461872323218     
 mdl_bn =   0.18517461872323218     
 mdl_bu =   0.18517461872323218     
 mdl_gwwz =  -0.56759788318358417     
 mdl_g1 =   0.35807170271074895     
 mdl_gw =   0.64839716719502682     
 mdl_vev =    246.22056907348590     
 mdl_ee__exp__2 =    9.8251529432049817E-002
 mdl_gAaa =    1.3477023594718659E-005
 mdl_vev__exp__2 =    60624.568634871241     
 mdl_cw__exp__2 =   0.76630086657817542     
 mdl_gAza =    4.4999802188047602E-006
 mdl_gHaa =    2.6392504539657372E-005
 mdl_gHza =    3.9166441035016922E-005
 mdl_lam =    2.9690932909411916     
 mdl_yb =    2.6995322804122722E-002
 mdl_yt =   0.98791394091683138     
 mdl_ytau =    1.0206529494239589E-002
 mdl_muH =    424.26406871192853     
 mdl_sw__exp__2 =   0.23369913342182450     
  Internal Params evaluated point by point
  ----------------------------------------
  
 mdl_sqrt__aS =   0.34409301068170506     
 mdl_G__exp__2 =    1.4878582807401259     
 mdl_gAAgg =    3.1083017473614446E-007
 mdl_gAgg =    7.6532782508744533E-005
 mdl_gHgg =   -5.1021855005829691E-005
 mdl_gHHgg =    2.0722011649076294E-007
  Couplings of HC_UFO
  ---------------------------------
  
        GC_10 =  -0.00000E+00   0.00000E+00
        GC_13 =  -0.00000E+00  -0.20722E-06
        GC_62 =   0.00000E+00   0.00000E+00
        GC_64 =   0.00000E+00   0.00000E+00
         GC_1 =  -0.00000E+00  -0.10448E+00
         GC_2 =   0.00000E+00   0.20897E+00
         GC_3 =  -0.00000E+00  -0.31345E+00
         GC_9 =  -0.00000E+00  -0.00000E+00
        GC_16 =  -0.00000E+00  -0.00000E+00
        GC_17 =   0.00000E+00  -0.12074E-01
        GC_19 =  -0.00000E+00   0.18517E+00
        GC_21 =   0.00000E+00  -0.12747E+00
        GC_22 =   0.00000E+00   0.69774E-01
        GC_23 =  -0.00000E+00   0.18517E+00
        GC_24 =  -0.00000E+00  -0.18517E+00
        GC_61 =   0.00000E+00   0.00000E+00
        GC_66 =   0.00000E+00   0.00000E+00
        GC_77 =  -0.00000E+00  -0.28380E+00
        GC_78 =   0.00000E+00   0.28380E+00
        GC_89 =  -0.00000E+00  -0.28850E-01
        GC_90 =   0.00000E+00   0.86550E-01
        GC_98 =  -0.00000E+00  -0.21932E+03
       GC_100 =   0.00000E+00   0.33771E+01
       GC_101 =  -0.00000E+00  -0.00000E+00
       GC_102 =   0.00000E+00   0.00000E+00
       GC_105 =  -0.00000E+00  -0.00000E+00
       GC_106 =   0.00000E+00   0.00000E+00
        GC_35 =  -0.00000E+00  -0.20000E-03
        GC_38 =  -0.00000E+00  -0.00000E+00
        GC_40 =   0.00000E+00   0.52481E-04
        GC_42 =   0.00000E+00   0.10496E-03
        GC_43 =   0.00000E+00   0.50000E-04
        GC_45 =   0.00000E+00   0.50000E-04
        GC_49 =   0.00000E+00   0.50000E-04
        GC_56 =  -0.00000E+00  -0.94000E-03
        GC_58 =  -0.00000E+00  -0.35540E-03
        GC_68 =   0.00000E+00   0.00000E+00

 Collider parameters:
 --------------------

 Running at P P   machine @    13000.000000000000       GeV
 PDF set = nn23lo1
 alpha_s(Mz)= 0.1300 running at 2 loops.
 alpha_s(Mz)= 0.1300 running at 2 loops.
 Renormalization scale set on event-by-event basis
 Factorization   scale set on event-by-event basis


 getting user params
Enter number of events and max and min iterations: 
 Number of events and iterations         1000           5           3
Enter desired fractional accuracy: 
 Desired fractional accuracy:   0.10000000000000001     
Enter 0 for fixed, 2 for adjustable grid: 
Suppress amplitude (0 no, 1 yes)? 
 Using suppressed amplitude.
Exact helicity sum (0 yes, n = number/event)? 
 Explicitly summing over helicities
Enter Configuration Number: 
Running Configuration Number:   33
 Not subdividing B.W.
 Attempting mappinvarients           1           8
 Completed mapping           8
 about to integrate           16        1000           5           3          16           1
 Using non-zero grid deformation.
 16 dimensions   1000 events 16 invarients  5 iterations  1 config(s),  (0.99)
 Using h-tuple random number sequence.
 Error opening grid
 Using Uniform Grid!          32
 Using uniform alpha   1.0000000000000000     
 Grid defined OK
 Set CM energy to      13000.00
 Mapping Graph          33  to config          33
Setting grid   1    0.52284E-06   1
Setting grid   2    0.59172E-08   1
 Setting BW          -3           1   600.00000000000000     
 Setting BW          -4           2   91.187600000000003     
Setting grid   5    0.17101E-04   1
 Transforming s_hat 1/s           15   2.5115575576956360E-003   88.360000000000014        168999999.99999997     
  33   1   2   3   4   5   6   7   8   9  10  11  12  13  14
  15  16
 Masses: 0.470E+01 0.470E+01 0.000E+00 0.000E+00 0.000E+00 0.000E+00 0.470E+01 0.470E+01
Using random seed offsets    33 :     12
  with seed                   24
 Ranmar initialization seeds       31091        9409
 
 ********************************************
 * You are using the DiscreteSampler module *
 *      part of the MG5_aMC framework       *
 *         Author: Valentin Hirschi         *
 ********************************************
 
  Particle       3       4       5       6       7       8
      Et >     0.0     0.0     0.0     0.0     0.0     0.0
       E >     0.0     0.0     0.0     0.0     0.0     0.0
     Eta <    -1.0    -1.0    -1.0    -1.0    -1.0    -1.0
   xqcut:      0.0     0.0     0.0     0.0     0.0     0.0
d R # 3  >    -0.0     0.0     0.0     0.0     0.0     0.0
d R # 4  >    -0.0    -0.0     0.0     0.0     0.0     0.0
d R # 5  >    -0.0    -0.0    -0.0     0.0     0.0     0.0
d R # 6  >    -0.0    -0.0    -0.0    -0.0     0.0     0.0
d R # 7  >    -0.0    -0.0    -0.0    -0.0    -0.0     0.0
s min # 3>     0.0     0.0     0.0     0.0    22.1     0.0
s min # 4>     0.0     0.0     0.0     0.0    22.1     0.0
s min # 5>     0.0     0.0     0.0     0.0    22.1     0.0
s min # 6>     0.0     0.0     0.0     0.0    22.1     0.0
s min # 7>     0.0     0.0     0.0     0.0     0.0     0.0
xqcutij # 3>     0.0     0.0     0.0     0.0     0.0     0.0
xqcutij # 4>     0.0     0.0     0.0     0.0     0.0     0.0
xqcutij # 5>     0.0     0.0     0.0     0.0     0.0     0.0
xqcutij # 6>     0.0     0.0     0.0     0.0     0.0     0.0
xqcutij # 7>     0.0     0.0     0.0     0.0     0.0     0.0
 No cut BW           -3           1
 No cut BW           -4           2
 alpha_s for scale    335.22410638750227       is   0.10688484512922576     
 Added good helicity            1   8.9556495858392378       in event            1 local:           1
 Added good helicity            2   1.4487459339142888E-003  in event            1 local:           1
 Added good helicity            3  0.14131574788272125       in event            1 local:           1
 Added good helicity            4  0.11226220731482420       in event            1 local:           1
 Added good helicity           13   2.6803372344609784       in event            1 local:           1
 Added good helicity           14   1.7436416287902348E-002  in event            1 local:           1
 Added good helicity           15   8.8845267814828468E-004  in event            1 local:           1
 Added good helicity           16  0.22746858606579026       in event            1 local:           1
 Added good helicity           49  0.86911501515458200       in event            1 local:           1
 Added good helicity           50   1.4059581409929227E-004  in event            1 local:           1
 Added good helicity           51   1.3714207683703487E-002  in event            1 local:           1
 Added good helicity           52   1.0894661417524321E-002  in event            1 local:           1
 Added good helicity           61  0.26011751730789101       in event            1 local:           1
 Added good helicity           62   1.6921442784299989E-003  in event            1 local:           1
 Added good helicity           63   8.6221279141373997E-005  in event            1 local:           1
 Added good helicity           64   2.2075044554932127E-002  in event            1 local:           1
 Added good helicity           65  0.19932015898394403       in event            1 local:           1
 Added good helicity           66   3.2243810692608546E-005  in event            1 local:           1
 Added good helicity           67   3.1451741233217752E-003  in event            1 local:           1
 Added good helicity           68   2.4985480724101345E-003  in event            1 local:           1
 Added good helicity           77   5.9654549743449199E-002  in event            1 local:           1
 Added good helicity           78   3.8807115366710094E-004  in event            1 local:           1
 Added good helicity           79   1.9773722426370690E-005  in event            1 local:           1
 Added good helicity           80   5.0626226834708703E-003  in event            1 local:           1
 Added good helicity          113   4.0837553921356878E-002  in event            1 local:           1
 Added good helicity          114   6.6062477799623660E-006  in event            1 local:           1
 Added good helicity          115   6.4439652520824971E-004  in event            1 local:           1
 Added good helicity          116   5.1191305562008147E-004  in event            1 local:           1
 Added good helicity          125   1.2222275479915787E-002  in event            1 local:           1
 Added good helicity          126   7.9509652932195440E-005  in event            1 local:           1
 Added good helicity          127   4.0513235586868325E-006  in event            1 local:           1
 Added good helicity          128   1.0372514645464452E-003  in event            1 local:           1
 Added good helicity          129  0.28882320673631812       in event            1 local:           1
 Added good helicity          130   4.6722623788335253E-005  in event            1 local:           1
 Added good helicity          131   4.5574882173110166E-003  in event            1 local:           1
 Added good helicity          132   3.6205001548110967E-003  in event            1 local:           1
 Added good helicity          141   8.6441925599217054E-002  in event            1 local:           1
 Added good helicity          142   5.6233125447699135E-004  in event            1 local:           1
 Added good helicity          143   2.8652946843968173E-005  in event            1 local:           1
 Added good helicity          144   7.3359509915595991E-003  in event            1 local:           1
 Added good helicity          177   5.9175315426994279E-002  in event            1 local:           1
 Added good helicity          178   9.5727280071911918E-006  in event            1 local:           1
 Added good helicity          179   9.3375738695541954E-004  in event            1 local:           1
 Added good helicity          180   7.4178332511910404E-004  in event            1 local:           1
 Added good helicity          189   1.7710585902193120E-002  in event            1 local:           1
 Added good helicity          190   1.1521279655520501E-004  in event            1 local:           1
 Added good helicity          191   5.8705364661111628E-006  in event            1 local:           1
 Added good helicity          192   1.5030205459869101E-003  in event            1 local:           1
 Added good helicity          193   124.59411540727454       in event            1 local:           1
 Added good helicity          194   2.0155457887873748E-002  in event            1 local:           1
 Added good helicity          195   1.9660338908755006       in event            1 local:           1
 Added good helicity          196   1.5618309180135073       in event            1 local:           1
 Added good helicity          205   37.289784902805749       in event            1 local:           1
 Added good helicity          206  0.24258149478060492       in event            1 local:           1
 Added good helicity          207   1.2360463018801345E-002  in event            1 local:           1
 Added good helicity          208   3.1646221742110243       in event            1 local:           1
 Added good helicity          241   53.893248520266241       in event            1 local:           1
 Added good helicity          242   8.7182536465724506E-003  in event            1 local:           1
 Added good helicity          243  0.85040896782219144       in event            1 local:           1
 Added good helicity          244  0.67557076460629584       in event            1 local:           1
 Added good helicity          253   16.129715584600106       in event            1 local:           1
 Added good helicity          254  0.10492874998063913       in event            1 local:           1
 Added good helicity          255   5.3465246181195383E-003  in event            1 local:           1
 Added good helicity          256   1.3688589445015005       in event            1 local:           1
 Added good helicity            1   8.9556495858392182       in event            1 local:           1
 Added good helicity            2   1.4487459339142940E-003  in event            1 local:           1
 Added good helicity            3  0.14131574788272083       in event            1 local:           1
 Added good helicity            4  0.11226220731482481       in event            1 local:           1
 Added good helicity           13   2.6803372344609739       in event            1 local:           1
 Added good helicity           14   1.7436416287902285E-002  in event            1 local:           1
 Added good helicity           15   8.8845267814828489E-004  in event            1 local:           1
 Added good helicity           16  0.22746858606578949       in event            1 local:           1
 Added good helicity           49  0.86911501515458289       in event            1 local:           1
 Added good helicity           50   1.4059581409929325E-004  in event            1 local:           1
 Added good helicity           51   1.3714207683703484E-002  in event            1 local:           1
 Added good helicity           52   1.0894661417524399E-002  in event            1 local:           1
 Added good helicity           61  0.26011751730789123       in event            1 local:           1
 Added good helicity           62   1.6921442784299994E-003  in event            1 local:           1
 Added good helicity           63   8.6221279141374241E-005  in event            1 local:           1
 Added good helicity           64   2.2075044554932106E-002  in event            1 local:           1
 Added good helicity           65  0.19932015898394542       in event            1 local:           1
 Added good helicity           66   3.2243810692608980E-005  in event            1 local:           1
 Added good helicity           67   3.1451741233217969E-003  in event            1 local:           1
 Added good helicity           68   2.4985480724101727E-003  in event            1 local:           1
 Added good helicity           77   5.9654549743449727E-002  in event            1 local:           1
 Added good helicity           78   3.8807115366710327E-004  in event            1 local:           1
 Added good helicity           79   1.9773722426370911E-005  in event            1 local:           1
 Added good helicity           80   5.0626226834709059E-003  in event            1 local:           1
 Added good helicity          113   4.0837553921356760E-002  in event            1 local:           1
 Added good helicity          114   6.6062477799623854E-006  in event            1 local:           1
 Added good helicity          115   6.4439652520824743E-004  in event            1 local:           1
 Added good helicity          116   5.1191305562008321E-004  in event            1 local:           1
 Added good helicity          125   1.2222275479915752E-002  in event            1 local:           1
 Added good helicity          126   7.9509652932195141E-005  in event            1 local:           1
 Added good helicity          127   4.0513235586868317E-006  in event            1 local:           1
 Added good helicity          128   1.0372514645464409E-003  in event            1 local:           1
 Added good helicity          129  0.28882320673631856       in event            1 local:           1
 Added good helicity          130   4.6722623788335592E-005  in event            1 local:           1
 Added good helicity          131   4.5574882173110235E-003  in event            1 local:           1
 Added good helicity          132   3.6205001548111288E-003  in event            1 local:           1
 Added good helicity          141   8.6441925599217345E-002  in event            1 local:           1
 Added good helicity          142   5.6233125447699157E-004  in event            1 local:           1
 Added good helicity          143   2.8652946843968305E-005  in event            1 local:           1
 Added good helicity          144   7.3359509915595991E-003  in event            1 local:           1
 Added good helicity          177   5.9175315426994494E-002  in event            1 local:           1
 Added good helicity          178   9.5727280071912849E-006  in event            1 local:           1
 Added good helicity          179   9.3375738695542182E-004  in event            1 local:           1
 Added good helicity          180   7.4178332511911044E-004  in event            1 local:           1
 Added good helicity          189   1.7710585902193189E-002  in event            1 local:           1
 Added good helicity          190   1.1521279655520528E-004  in event            1 local:           1
 Added good helicity          191   5.8705364661111967E-006  in event            1 local:           1
 Added good helicity          192   1.5030205459869131E-003  in event            1 local:           1
 Added good helicity          193   124.59411540727459       in event            1 local:           1
 Added good helicity          194   2.0155457887873866E-002  in event            1 local:           1
 Added good helicity          195   1.9660338908754993       in event            1 local:           1
 Added good helicity          196   1.5618309180135208       in event            1 local:           1
 Added good helicity          205   37.289784902805728       in event            1 local:           1
 Added good helicity          206  0.24258149478060453       in event            1 local:           1
 Added good helicity          207   1.2360463018801388E-002  in event            1 local:           1
 Added good helicity          208   3.1646221742110199       in event            1 local:           1
 Added good helicity          241   53.893248520266205       in event            1 local:           1
 Added good helicity          242   8.7182536465724957E-003  in event            1 local:           1
 Added good helicity          243  0.85040896782218955       in event            1 local:           1
 Added good helicity          244  0.67557076460630017       in event            1 local:           1
 Added good helicity          253   16.129715584600110       in event            1 local:           1
 Added good helicity          254  0.10492874998063882       in event            1 local:           1
 Added good helicity          255   5.3465246181195504E-003  in event            1 local:           1
 Added good helicity          256   1.3688589445014967       in event            1 local:           1
 RESET CUMULATIVE VARIABLE
 RESET CUMULATIVE VARIABLE
 RESET CUMULATIVE VARIABLE
 No points passed cuts!
 Loosen cuts or increase max_events      500000
 Deleting file events.lhe

ls status:
events.lhe
grid_information
input_app.txt
results.dat
run1_app.log
