 A PDF is used, so alpha_s(MZ) is going to be modified
 Old value of alpha_s from param_card:   0.11799999999999999     
  ****************************************
 
       NNPDFDriver version 1.0.3
   Grid: NNPDF23nlo_as_0119_qed_mem0.grid
  ****************************************
 New value of alpha_s from PDF nn23nlo:  0.11899999999999999     
 *****************************************************
 *               MadGraph/MadEvent                   *
 *        --------------------------------           *
 *          http://madgraph.hep.uiuc.edu             *
 *          http://madgraph.phys.ucl.ac.be           *
 *          http://madgraph.roma2.infn.it            *
 *        --------------------------------           *
 *                                                   *
 *          PARAMETER AND COUPLING VALUES            *
 *                                                   *
 *****************************************************

  External Params
  ---------------------------------
  
 MU_R =    91.188000000000002     
 aEWM1 =    132.50700000000001     
 mdl_Gf =    1.1663900000000000E-005
 aS =   0.11799999999999999     
 mdl_ymb =    4.7000000000000002     
 mdl_ymt =    173.00000000000000     
 mdl_ymtau =    1.7769999999999999     
 mdl_MT =    173.00000000000000     
 mdl_MB =    4.7000000000000002     
 mdl_MZ =    91.188000000000002     
 mdl_MTA =    1.7769999999999999     
 mdl_WT =    1.4915000000000000     
 mdl_WZ =    2.4414039999999999     
 mdl_WW =    2.0476000000000001     
 mdl_MX0 =    300.00000000000000     
 mdl_WX0 =    1.0604700000000000     
 mdl_Lambda =    5000.0000000000000     
 mdl_cosa =    1.0000000000000000     
 mdl_kSM =    5.0000000000000003E-002
 mdl_kHtt =    0.0000000000000000     
 mdl_kAtt =    0.0000000000000000     
 mdl_kHbb =    0.0000000000000000     
 mdl_kAbb =    0.0000000000000000     
 mdl_kHll =    0.0000000000000000     
 mdl_kAll =    0.0000000000000000     
 mdl_kHaa =    0.0000000000000000     
 mdl_kAaa =    0.0000000000000000     
 mdl_kHza =    0.0000000000000000     
 mdl_kAza =    0.0000000000000000     
 mdl_kHzz =    8.1561199999999996     
 mdl_kAzz =    0.0000000000000000     
 mdl_kHww =    10.496200000000000     
 mdl_kAww =    0.0000000000000000     
 mdl_kHda =    0.0000000000000000     
 mdl_kHdz =    0.0000000000000000     
 mdl_kHdwR =    0.0000000000000000     
 mdl_kHdwI =    0.0000000000000000     
  Internal Params
  ---------------------------------
  
 mdl_CKM11 =    1.0000000000000000     
 mdl_conjg__CKM3x3 =    1.0000000000000000     
 mdl_conjg__CKM11 =    1.0000000000000000     
 mdl_lhv =    1.0000000000000000     
 mdl_CKM3x3 =    1.0000000000000000     
 mdl_conjg__CKM33 =    1.0000000000000000     
 mdl_Ncol =    3.0000000000000000     
 mdl_CA =    3.0000000000000000     
 mdl_TF =   0.50000000000000000     
 mdl_CF =    1.3333333333333333     
 mdl_complexi =  (  0.0000000000000000     ,  1.0000000000000000     )
 mdl_MZ__exp__2 =    8315.2513440000002     
 mdl_MZ__exp__4 =    69143404.913893804     
 mdl_sqrt__2 =    1.4142135623730951     
 mdl_MX0__exp__2 =    90000.000000000000     
 mdl_cosa__exp__2 =    1.0000000000000000     
 mdl_sina =    0.0000000000000000     
 mdl_kHdw =  (  0.0000000000000000     ,  0.0000000000000000     )
 mdl_nb__2__exp__0_75 =    1.6817928305074290     
 mdl_Ncol__exp__2 =    9.0000000000000000     
 mdl_MB__exp__2 =    22.090000000000003     
 mdl_MT__exp__2 =    29929.000000000000     
 mdl_conjg__kHdw =  (  0.0000000000000000     , -0.0000000000000000     )
 mdl_aEW =    7.5467711139788835E-003
 mdl_MW =    80.419002445756163     
 mdl_sqrt__aEW =    8.6872153846781555E-002
 mdl_ee =   0.30795376724436879     
 mdl_MW__exp__2 =    6467.2159543705357     
 mdl_sw2 =   0.22224648578577766     
 mdl_cw =   0.88190334743339216     
 mdl_sqrt__sw2 =   0.47143025548407230     
 mdl_sw =   0.47143025548407230     
 mdl_g1 =   0.34919219678733299     
 mdl_gw =   0.65323293034757990     
 mdl_vev =    246.21845810181637     
 mdl_vev__exp__2 =    60623.529110035903     
 mdl_lam =   0.74228605065735920     
 mdl_yb =    2.6995554250465490E-002
 mdl_yt =   0.99366614581500623     
 mdl_ytau =    1.0206617000654717E-002
 mdl_muH =    212.13203435596427     
 mdl_AxialZUp =  -0.18517701861793787     
 mdl_AxialZDown =   0.18517701861793787     
 mdl_VectorZUp =    7.5430507588273299E-002
 mdl_VectorZDown =  -0.13030376310310560     
 mdl_VectorAUp =   0.20530251149624587     
 mdl_VectorADown =  -0.10265125574812294     
 mdl_VectorWmDxU =   0.23095271737156670     
 mdl_AxialWmDxU =  -0.23095271737156670     
 mdl_VectorWpUxD =   0.23095271737156670     
 mdl_AxialWpUxD =  -0.23095271737156670     
 mdl_I1x33 =  (  2.6995554250465490E-002,  0.0000000000000000     )
 mdl_I2x33 =  ( 0.99366614581500623     ,  0.0000000000000000     )
 mdl_I3x33 =  ( 0.99366614581500623     ,  0.0000000000000000     )
 mdl_I4x33 =  (  2.6995554250465490E-002,  0.0000000000000000     )
 mdl_Vector_tbGp =  (-0.96667059156454072     ,  0.0000000000000000     )
 mdl_Axial_tbGp =  ( -1.0206617000654716     , -0.0000000000000000     )
 mdl_Vector_tbGm =  ( 0.96667059156454072     ,  0.0000000000000000     )
 mdl_Axial_tbGm =  ( -1.0206617000654716     , -0.0000000000000000     )
 mdl_ee__exp__2 =    9.4835522759998875E-002
 mdl_gAaa =    1.3008566310666950E-005
 mdl_cw__exp__2 =   0.77775351421422245     
 mdl_gAza =    4.7794971072590281E-006
 mdl_gHaa =    2.5475109025056106E-005
 mdl_gHza =    3.9182129211851395E-005
 mdl_gw__exp__2 =   0.42671326129048615     
 mdl_sw__exp__2 =   0.22224648578577769     
  Internal Params evaluated point by point
  ----------------------------------------
  
 mdl_sqrt__aS =   0.34351128074635334     
 mdl_G__exp__2 =    1.4828317324943823     
 mdl_G__exp__4 =    2.1987899468922913     
 mdl_R2MixedFactor_FIN_ =   -2.5040377713124864E-002
 mdl_GWcft_UV_b_1EPS_ =   -3.1300472141406080E-003
 mdl_GWcft_UV_t_1EPS_ =   -3.1300472141406080E-003
 mdl_bWcft_UV_1EPS_ =   -1.8780283284843650E-002
 mdl_tWcft_UV_1EPS_ =   -1.8780283284843650E-002
 mdl_G__exp__3 =    1.8056676068262196     
 mdl_MU_R__exp__2 =    8315.2513440000002     
 mdl_GWcft_UV_b_FIN_ =   -1.8563438626678915E-002
 mdl_GWcft_UV_t_FIN_ =    4.0087659331150384E-003
 mdl_bWcft_UV_FIN_ =  -0.13642100947319838     
 mdl_tWcft_UV_FIN_ =   -9.8778211443463623E-004
 mdl_gAgg =    7.6274879753643885E-005
 mdl_gHgg =   -5.0849919835762592E-005
  Couplings of HC_NLO_X0_UFO
  ---------------------------------
  
    R2_UUZ_V2 =  -0.00000E+00  -0.72127E-02
    R2_UUZ_V5 =   0.00000E+00   0.68702E-03
         GC_5 =   0.00000E+00   0.12177E+01
     GC_3005a =  -0.00000E+00  -0.00000E+00
    GC_3005h2 =  -0.00000E+00  -0.00000E+00
    GC_3005h3 =  -0.00000E+00  -0.20992E-02
    GC_3005h4 =  -0.00000E+00  -0.00000E+00
     GC_3007a =  -0.00000E+00  -0.00000E+00
    GC_3007h2 =  -0.00000E+00  -0.16312E-02
    GC_3007h3 =  -0.00000E+00  -0.00000E+00
        GC_22 =   0.00000E+00   0.28804E+00
        GC_23 =  -0.00000E+00  -0.27437E-01
        GC_24 =   0.00000E+00   0.82310E-01
    GC_3005h1 =   0.00000E+00   0.26266E+01
    GC_3007h1 =   0.00000E+00   0.33772E+01

 Collider parameters:
 --------------------

 Running at P P   machine @    13000.000000000000       GeV
 PDF set = nn23nlo
 alpha_s(Mz)= 0.1190 running at 2 loops.
 alpha_s(Mz)= 0.1190 running at 2 loops.
 Renormalization scale set on event-by-event basis
 Factorization   scale set on event-by-event basis


 ===============================================================
 INFO: MadFKS read these parameters from FKS_params.dat
 ===============================================================
  > IRPoleCheckThreshold      =    1.0000000000000001E-005
  > PrecisionVirtualAtRunTime =    1.0000000000000000E-003
  > NHelForMCoverHels         =            4
  > VirtualFraction           =    1.0000000000000000     
  > MinVirtualFraction        =    5.0000000000000001E-003
 ===============================================================
  Insert the number of points to test
 Insert the relative tolerance
  A negative number will mean use the default one:    1.0000000000000001E-005

  +----------------------------------------------------------------+
  |                                                                |
  |  Ninja - version 1.2.0                                         |
  |                                                                |
  |  Author: Tiziano Peraro                                        |
  |                                                                |
  |  Based on:                                                     |
  |                                                                |
  |      P. Mastrolia, E. Mirabella and T. Peraro,                 |
  |      "Integrand reduction of one-loop scattering amplitudes    |
  |      through Laurent series expansion,"                        |
  |      JHEP 1206 (2012) 095  [arXiv:1203.0291 [hep-ph]].         |
  |                                                                |
  |      T. Peraro,                                                |
  |      "Ninja: Automated Integrand Reduction via Laurent         |
  |      Expansion for One-Loop Amplitudes,"                       |
  |      Comput.Phys.Commun. 185 (2014) [arXiv:1403.1229 [hep-ph]] |
  |                                                                |
  +----------------------------------------------------------------+


Using random seed offsets:     1 ,      4 ,      0
  with seed                   33
 Ranmar initialization seeds       11949        9411
  ========================================================================================== 
 {                                                                                          }
 {       [32m                                                                            [0m       }
 {       [32m                               ,,                                           [0m       }
 {       [32m`7MMM.     ,MMF'             `7MM  `7MMF'                                   [0m       }
 {       [32m  MMMb    dPMM                 MM    MM                                     [0m       }
 {       [32m  M YM   ,M MM   ,6"Yb.   ,M""bMM    MM         ,pW"Wq.   ,pW"Wq.`7MMpdMAo. [0m       }
 {       [32m  M  Mb  M' MM  8)   MM ,AP    MM    MM        6W'   `Wb 6W'   `Wb MM   `Wb [0m       }
 {       [32m  M  YM.P'  MM   ,pm9MM 8MI    MM    MM      , 8M     M8 8M     M8 MM    M8 [0m       }
 {       [32m  M  `YM'   MM  8M   MM `Mb    MM    MM     ,M YA.   ,A9 YA.   ,A9 MM   ,AP [0m       }
 {       [32m.JML. `'  .JMML.`Moo9^Yo.`Wbmd"MML..JMMmmmmMMM  `Ybmd9'   `Ybmd9'  MMbmmd'  [0m       }
 {       [32m                                                                   MM       [0m       }
 {       [32m                                                                 .JMML.     [0m       }
 {       [32m[0mv2.6.6 (2018-06-28), Ref: arXiv:1103.0621v2, arXiv:1405.0301[32m                [0m       }
 {       [32m                                                                            [0m       }
 {                                                                                          }
  ========================================================================================== 
 ===============================================================
 INFO: MadLoop read these parameters from ./MadLoop5_resources/MadLoopParams.dat                                                                                                                                                                                                                                                                                                                                                                                                                                                                                          
 ===============================================================
  > MLReductionLib            = 6|7|1
  > CTModeRun                 =           -1
  > MLStabThres               =    1.0000000000000000E-003
  > NRotations_DP             =            0
  > NRotations_QP             =            0
  > CTStabThres               =    1.0000000000000000E-002
  > CTLoopLibrary             =            2
  > CTModeInit                =            1
  > CheckCycle                =            3
  > MaxAttempts               =           10
  > UseLoopFilter             =  F
  > HelicityFilterLevel       =            2
  > ImprovePSPoint            =            2
  > DoubleCheckHelicityFilter =  T
  > LoopInitStartOver         =  F
  > HelInitStartOver          =  F
  > ZeroThres                 =    1.0000000000000001E-009
  > OSThres                   =    1.0000000000000000E-008
  > WriteOutFilters           =  T
  > UseQPIntegrandForNinja    =  T
  > UseQPIntegrandForCutTools =  T
  > IREGIMODE                 =            2
  > IREGIRECY                 =  T
  > COLLIERMode               =            1
  > COLLIERRequiredAccuracy   =    1.0000000000000000E-008
  > COLLIERCanOutput          =  F
  > COLLIERComputeUVpoles     =  T
  > COLLIERComputeIRpoles     =  T
  > COLLIERGlobalCache        =           -1
  > COLLIERUseCacheForPoles   =  F
  > COLLIERUseInternalStabilityTest =  T
 ===============================================================
  
------------------------------------------------------------------------
|              You are using CutTools - Version 1.9.3                  |
|              Authors: G. Ossola, C. Papadopoulos, R. Pittau          |
|              Published in JHEP 0803:042,2008                         |
|              http://www.ugr.es/~pittau/CutTools                      |
|                                                                      |
|              Compiler with  34  significant digits detetected        |
 ---------------------------------------------------------------------- 
   
########################################################################
#                                                                      #
#                      You are using OneLOop-3.6                       #
#                                                                      #
# for the evaluation of 1-loop scalar 1-, 2-, 3- and 4-point functions #
#                                                                      #
# author: Andreas van Hameren <hamerenREMOVETHIS@ifj.edu.pl>           #
#   date: 18-02-2015                                                   #
#                                                                      #
# Please cite                                                          #
#    A. van Hameren,                                                   #
#      Comput.Phys.Commun. 182 (2011) 2427-2438, arXiv:1007.4716       #
#    A. van Hameren, C.G. Papadopoulos and R. Pittau,                  #
#      JHEP 0909:106,2009, arXiv:0903.4665                             #
# in publications with results obtained with the help of this program. #
#                                                                      #
########################################################################
########################################################################
#                                                                      #
#                      You are using OneLOop-3.6                       #
#                                                                      #
# for the evaluation of 1-loop scalar 1-, 2-, 3- and 4-point functions #
#                                                                      #
# author: Andreas van Hameren <hamerenREMOVETHIS@ifj.edu.pl>           #
#   date: 18-02-2015                                                   #
#                                                                      #
# Please cite                                                          #
#    A. van Hameren,                                                   #
#      Comput.Phys.Commun. 182 (2011) 2427-2438, arXiv:1007.4716       #
#    A. van Hameren, C.G. Papadopoulos and R. Pittau,                  #
#      JHEP 0909:106,2009, arXiv:0903.4665                             #
# in publications with results obtained with the help of this program. #
#                                                                      #
########################################################################
 PASSED   1.0000000000000001E-005
 MU_R    =    325.00000000000000     
 ALPHA_S =   0.11799999999999999     
 BORN                    3.2058402438514122E-014
 SINGLE POLE (MadFKS)   -1.8255542792353297E-016
 DOUBLE POLE (MadFKS)   -1.6055090118795139E-015
 SINGLE POLE (MadLoop)  -1.8255542792353186E-016
 DOUBLE POLE (MadLoop)  -1.6055090118795141E-015
 FINITE PART (MadLoop)   3.2966522048821994E-015
   325.00000000000000        0.0000000000000000        0.0000000000000000        325.00000000000000        0.0000000000000000     
   325.00000000000000        0.0000000000000000        0.0000000000000000       -325.00000000000000        0.0000000000000000     
   180.17137049553199       -100.64003642721858       -119.69660215657878        39.227710766313173        80.419002445756163     
   57.504471491165091       -56.289716481123655       -2.3519444331200354        11.519566716524158        0.0000000000000000     
   255.91512219419681        81.155776622061353        220.74415303592801       -100.88760374293524        0.0000000000000000     
   156.40903581910609        75.773976286280927       -98.695606446229178        50.140326260097915        80.419002445756163     

 PASSED   1.0000000000000001E-005
 MU_R    =    325.00000000000000     
 ALPHA_S =   0.11799999999999999     
 BORN                    9.6679318681427269E-016
 SINGLE POLE (MadFKS)   -5.5053692794249254E-018
 DOUBLE POLE (MadFKS)   -4.8417733136610160E-017
 SINGLE POLE (MadLoop)  -5.5053692794249077E-018
 DOUBLE POLE (MadLoop)  -4.8417733136610363E-017
 FINITE PART (MadLoop)   9.9417957494581087E-017
   325.00000000000000        0.0000000000000000        0.0000000000000000        325.00000000000000        0.0000000000000000     
   325.00000000000000        0.0000000000000000        0.0000000000000000       -325.00000000000000        0.0000000000000000     
   90.740615743490736       -12.808489221026115        39.584449590613211       -5.9713771962894988        80.419002445756163     
   188.58207657581301       -50.546309106367737        179.72346177308034       -26.603524760254370        0.0000000000000000     
   249.72456908177600        17.733348571622138       -223.26552965392392        110.45538474818183        0.0000000000000000     
   120.95273859892019        45.621449755771714        3.9576182902303949       -77.880482791637974        80.419002445756163     

 PASSED   1.0000000000000001E-005
 MU_R    =    325.00000000000000     
 ALPHA_S =   0.11799999999999999     
 BORN                    1.4121495439635733E-013
 SINGLE POLE (MadFKS)   -8.0414351521329512E-016
 DOUBLE POLE (MadFKS)   -7.0721515936529806E-015
 SINGLE POLE (MadLoop)  -8.0414351521328102E-016
 DOUBLE POLE (MadLoop)  -7.0721515936529136E-015
 FINITE PART (MadLoop)   1.4521515589117527E-014
   325.00000000000000        0.0000000000000000        0.0000000000000000        325.00000000000000        0.0000000000000000     
   325.00000000000000        0.0000000000000000        0.0000000000000000       -325.00000000000000        0.0000000000000000     
   120.64031504846976        62.648082315448463        49.950352705026376       -40.829520049392713        80.419002445756163     
   192.43308554287236       -21.986631589929324       -43.547572327758282       -186.14695642754364        0.0000000000000000     
   176.30725613835463        29.391241476078218        86.459504436143646        150.81497798357665        0.0000000000000000     
   160.61934327030320       -70.052692201597353       -92.862284813411733        76.161498493359730        80.419002445756163     

 PASSED   1.0000000000000001E-005
 MU_R    =    325.00000000000000     
 ALPHA_S =   0.11799999999999999     
 BORN                    2.0537847054296721E-014
 SINGLE POLE (MadFKS)   -1.1695203667169998E-016
 DOUBLE POLE (MadFKS)   -1.0285508953079576E-015
 SINGLE POLE (MadLoop)  -1.1695203667169978E-016
 DOUBLE POLE (MadLoop)  -1.0285508953079574E-015
 FINITE PART (MadLoop)   2.1119623445034859E-015
   325.00000000000000        0.0000000000000000        0.0000000000000000        325.00000000000000        0.0000000000000000     
   325.00000000000000        0.0000000000000000        0.0000000000000000       -325.00000000000000        0.0000000000000000     
   147.32095579743816        57.872337042774525       -10.929128475499361       -108.47854543030031        80.419002445756163     
   73.679263584106309        70.143990759594374       -22.253232662292255       -3.6397910231285739        0.0000000000000000     
   262.73810962977529       -215.92043523548833        136.97580698062797        60.392948276689161        0.0000000000000000     
   166.26167098868018        87.904107433119236       -103.79344584283642        51.725388176739742        80.419002445756163     

 PASSED   1.0000000000000001E-005
 MU_R    =    325.00000000000000     
 ALPHA_S =   0.11799999999999999     
 BORN                    1.4591178223564850E-014
 SINGLE POLE (MadFKS)   -8.3088943362671357E-017
 DOUBLE POLE (MadFKS)   -7.3073722799517225E-016
 SINGLE POLE (MadLoop)  -8.3088943362670519E-017
 DOUBLE POLE (MadLoop)  -7.3073722799517423E-016
 FINITE PART (MadLoop)   1.5004503095499161E-015
   325.00000000000000        0.0000000000000000        0.0000000000000000        325.00000000000000        0.0000000000000000     
   325.00000000000000        0.0000000000000000        0.0000000000000000       -325.00000000000000        0.0000000000000000     
   102.97541880319353        12.228424518715572       -4.1486528820766866        63.007739495848298        80.419002445756163     
   215.71548947982930        70.349858264330138        40.561856484571543       -199.84695554908018        0.0000000000000000     
   111.53304411354625        71.804463791084459        67.600187501765774        52.095619380473920        0.0000000000000000     
   219.77604760343098       -154.38274657413021       -104.01339110426061        84.743596672757860        80.419002445756163     

 PASSED   1.0000000000000001E-005
 MU_R    =    325.00000000000000     
 ALPHA_S =   0.11799999999999999     
 BORN                    4.0071700227710143E-014
 SINGLE POLE (MadFKS)   -2.2818686603998569E-016
 DOUBLE POLE (MadFKS)   -2.0068210186179476E-015
 SINGLE POLE (MadLoop)  -2.2818686603998397E-016
 DOUBLE POLE (MadLoop)  -2.0068210186179460E-015
 FINITE PART (MadLoop)   4.1206812835549980E-015
   325.00000000000000        0.0000000000000000        0.0000000000000000        325.00000000000000        0.0000000000000000     
   325.00000000000000        0.0000000000000000        0.0000000000000000       -325.00000000000000        0.0000000000000000     
   169.17881643810188        91.729070925752453       -42.870281511215971        109.09707827102339        80.419002445756163     
   158.35218673778002       -99.967179632748653       -98.332109699322487       -73.571558655440498        0.0000000000000000     
   194.63298122739076       0.13878557945344766        187.55852844678665        51.997851175800406        0.0000000000000000     
   127.83601559672738        8.0993231275427551       -46.356137236248188       -87.523370791383300        80.419002445756163     

 PASSED   1.0000000000000001E-005
 MU_R    =    325.00000000000000     
 ALPHA_S =   0.11799999999999999     
 BORN                    1.9653194585821092E-012
 SINGLE POLE (MadFKS)   -1.1191441477971960E-014
 DOUBLE POLE (MadFKS)   -9.8424683139700143E-014
 SINGLE POLE (MadLoop)  -1.1191441477972110E-014
 DOUBLE POLE (MadLoop)  -9.8424683139702313E-014
 FINITE PART (MadLoop)   2.0209911391745045E-013
   325.00000000000000        0.0000000000000000        0.0000000000000000        325.00000000000000        0.0000000000000000     
   325.00000000000000        0.0000000000000000        0.0000000000000000       -325.00000000000000        0.0000000000000000     
   274.31834277943682       -93.692909267304202       -234.56915279416788       -70.585328088357244        80.419002445756163     
   190.75447989447076        133.64459773438105        130.82006793887766        37.583279802233314        0.0000000000000000     
   85.100328294977288       -57.950590763364573        47.837856522405175        39.941637290323136        0.0000000000000000     
   99.826849031115145        17.998902296287667        55.911228332885038       -6.9395890041991590        80.419002445756163     

 PASSED   1.0000000000000001E-005
 MU_R    =    325.00000000000000     
 ALPHA_S =   0.11799999999999999     
 BORN                    7.3957191243470233E-014
 SINGLE POLE (MadFKS)   -4.2114658462376134E-016
 DOUBLE POLE (MadFKS)   -3.7038320066766108E-015
 SINGLE POLE (MadLoop)  -4.2114658462375405E-016
 DOUBLE POLE (MadLoop)  -3.7038320066766131E-015
 FINITE PART (MadLoop)   7.6052179470668934E-015
   325.00000000000000        0.0000000000000000        0.0000000000000000        325.00000000000000        0.0000000000000000     
   325.00000000000000        0.0000000000000000        0.0000000000000000       -325.00000000000000        0.0000000000000000     
   191.60010479513372       -93.030041874622000       -121.63808106272327       -82.419492520399132        80.419002445756163     
   161.70629759919225        149.76517366362654        32.515687977242024        51.595052825914927        0.0000000000000000     
   134.31859131450446        73.854468226727960        110.74971534616419       -17.930478142082798        0.0000000000000000     
   162.37500629116960       -130.58960001573246       -21.627322260682913        48.754917836567074        80.419002445756163     

 PASSED   1.0000000000000001E-005
 MU_R    =    325.00000000000000     
 ALPHA_S =   0.11799999999999999     
 BORN                    8.7100219897575538E-015
 SINGLE POLE (MadFKS)   -4.9598909197462330E-017
 DOUBLE POLE (MadFKS)   -4.3620448102630513E-016
 SINGLE POLE (MadLoop)  -4.9598909197461923E-017
 DOUBLE POLE (MadLoop)  -4.3620448102630222E-016
 FINITE PART (MadLoop)   8.9567511207639972E-016
   325.00000000000000        0.0000000000000000        0.0000000000000000        325.00000000000000        0.0000000000000000     
   325.00000000000000        0.0000000000000000        0.0000000000000000       -325.00000000000000        0.0000000000000000     
   94.354207305181276       -29.349513752643901       -2.0102795797129986       -39.624049519368171        80.419002445756163     
   224.64100391122389       -2.6267833965449929        184.88880429046930        127.56492737140042        0.0000000000000000     
   98.634890145218961        21.415311805060828       -48.331217585012496        83.272560792866301        0.0000000000000000     
   232.36989863837590        10.560985344127978       -134.54730712574374       -171.21343864489839        80.419002445756163     

 PASSED   1.0000000000000001E-005
 MU_R    =    325.00000000000000     
 ALPHA_S =   0.11799999999999999     
 BORN                    6.9321666436568824E-013
 SINGLE POLE (MadFKS)   -3.9474975413924050E-015
 DOUBLE POLE (MadFKS)   -3.4716814225498675E-014
 SINGLE POLE (MadLoop)  -3.9474975413924018E-015
 DOUBLE POLE (MadLoop)  -3.4716814225499129E-014
 FINITE PART (MadLoop)   7.1285343972623116E-014
   325.00000000000000        0.0000000000000000        0.0000000000000000        325.00000000000000        0.0000000000000000     
   325.00000000000000        0.0000000000000000        0.0000000000000000       -325.00000000000000        0.0000000000000000     
   126.53502962033288       -76.849460468068585        46.565168543190083       -38.337230872339326        80.419002445756163     
   193.54983721347091       -123.34908132638017       -121.76464675764109        86.138925122653120        0.0000000000000000     
   51.228643296720030       -39.843209571885957       -32.112642930890992       -2.3813250568643518        0.0000000000000000     
   278.68648986947608        240.04175136633469        107.31212114534196       -45.420369193449417        80.419002445756163     

 PASSED   1.0000000000000001E-005
 MU_R    =    325.00000000000000     
 ALPHA_S =   0.11799999999999999     
 BORN                    1.0810406474548429E-013
 SINGLE POLE (MadFKS)   -6.1559473644189421E-016
 DOUBLE POLE (MadFKS)   -5.4139332271020644E-015
 SINGLE POLE (MadLoop)  -6.1559473644188957E-016
 DOUBLE POLE (MadLoop)  -5.4139332271020542E-015
 FINITE PART (MadLoop)   1.1116633278387580E-014
   325.00000000000000        0.0000000000000000        0.0000000000000000        325.00000000000000        0.0000000000000000     
   325.00000000000000        0.0000000000000000        0.0000000000000000       -325.00000000000000        0.0000000000000000     
   95.590155726812952       -8.9626184630596946        50.508529438993662       -6.2307175912368020        80.419002445756163     
   107.48216624139698       -64.492827111168936       -83.282923468950315       -21.378633483390264        0.0000000000000000     
   222.22503638489110        48.613151133546516        182.19732271669915       -117.57918152462233        0.0000000000000000     
   224.70264164689902        24.842294440682107       -149.42292868674247        145.18853259924941        80.419002445756163     

 PASSED   1.0000000000000001E-005
 MU_R    =    325.00000000000000     
 ALPHA_S =   0.11799999999999999     
 BORN                    3.5086525933401112E-014
 SINGLE POLE (MadFKS)   -1.9979896903493602E-016
 DOUBLE POLE (MadFKS)   -1.7571597240274296E-015
 SINGLE POLE (MadLoop)  -1.9979896903493355E-016
 DOUBLE POLE (MadLoop)  -1.7571597240274260E-015
 FINITE PART (MadLoop)   3.6080423315493202E-015
   325.00000000000000        0.0000000000000000        0.0000000000000000        325.00000000000000        0.0000000000000000     
   325.00000000000000        0.0000000000000000        0.0000000000000000       -325.00000000000000        0.0000000000000000     
   200.43401497348043        62.091373273995131        134.20087008106881        108.81804187933322        80.419002445756163     
   126.98250317496975       -103.49548404362938       -12.605522439925796        72.486838109912000        0.0000000000000000     
   72.249928897690836        68.732541984121198       -2.9025374193279161        22.078613512895242        0.0000000000000000     
   250.33355295385900       -27.328431214486937       -118.69281022181512       -203.38349350214042        80.419002445756163     

 PASSED   1.0000000000000001E-005
 MU_R    =    325.00000000000000     
 ALPHA_S =   0.11799999999999999     
 BORN                    2.7710419187915158E-015
 SINGLE POLE (MadFKS)   -1.5779599256365220E-017
 DOUBLE POLE (MadFKS)   -1.3877587261088368E-016
 SINGLE POLE (MadLoop)  -1.5779599256365250E-017
 DOUBLE POLE (MadLoop)  -1.3877587261088420E-016
 FINITE PART (MadLoop)   2.8495373307904949E-016
   325.00000000000000        0.0000000000000000        0.0000000000000000        325.00000000000000        0.0000000000000000     
   325.00000000000000        0.0000000000000000        0.0000000000000000       -325.00000000000000        0.0000000000000000     
   127.57690723713091        77.701420053937227       -54.974955496986674       -27.365944082507013        80.419002445756163     
   109.91109697424353       -97.417037279201068       -2.6597112109628860        50.826135226855435        0.0000000000000000     
   174.84383559973497       -144.96484471925339       -47.361089005960544        85.513086079964467        0.0000000000000000     
   237.66816018889060        164.68046194451728        104.99575571391019       -108.97327722431268        80.419002445756163     

 PASSED   1.0000000000000001E-005
 MU_R    =    325.00000000000000     
 ALPHA_S =   0.11799999999999999     
 BORN                    1.0131194513258715E-015
 SINGLE POLE (MadFKS)   -5.7691725384373959E-018
 DOUBLE POLE (MadFKS)   -5.0737787459427291E-017
 SINGLE POLE (MadLoop)  -5.7691725384373482E-018
 DOUBLE POLE (MadLoop)  -5.0737787459427464E-017
 FINITE PART (MadLoop)   1.0418181253505056E-016
   325.00000000000000        0.0000000000000000        0.0000000000000000        325.00000000000000        0.0000000000000000     
   325.00000000000000        0.0000000000000000        0.0000000000000000       -325.00000000000000        0.0000000000000000     
   263.56881933013665        116.50511131205315       -218.97862321086018        38.421715000165825        80.419002445756163     
   34.250316726623808       -6.8096404941029407       -18.841187511814972        27.779896424568392        0.0000000000000000     
   50.675618137942656        18.772709794339431        3.0310898383320066        46.972504031955310        0.0000000000000000     
   301.50524580529697       -128.46818061228961        234.78872088434321       -113.17411545668962        80.419002445756163     

 PASSED   1.0000000000000001E-005
 MU_R    =    325.00000000000000     
 ALPHA_S =   0.11799999999999999     
 BORN                    1.2567260601654012E-014
 SINGLE POLE (MadFKS)   -7.1563816736085861E-017
 DOUBLE POLE (MadFKS)   -6.2937790456937865E-016
 SINGLE POLE (MadLoop)  -7.1563816736085207E-017
 DOUBLE POLE (MadLoop)  -6.2937790456937421E-016
 FINITE PART (MadLoop)   1.2923253880548576E-015
   325.00000000000000        0.0000000000000000        0.0000000000000000        325.00000000000000        0.0000000000000000     
   325.00000000000000        0.0000000000000000        0.0000000000000000       -325.00000000000000        0.0000000000000000     
   180.84393329189876        96.237225517409229       -36.751118635627677        125.00025583116029        80.419002445756163     
   24.958625583227857        23.107160349058297       -8.9720557024969541       -2.9145064896060253        0.0000000000000000     
   162.49037998005230        144.56382172407967        19.264907114846643       -71.646970546190033        0.0000000000000000     
   281.70706114482113       -263.90820759054719        26.458267223278042       -50.438778795364243        80.419002445756163     

 PASSED   1.0000000000000001E-005
 MU_R    =    325.00000000000000     
 ALPHA_S =   0.11799999999999999     
 BORN                    5.8384440000292571E-013
 SINGLE POLE (MadFKS)   -3.3246810875156345E-015
 DOUBLE POLE (MadFKS)   -2.9239368603532037E-014
 SINGLE POLE (MadLoop)  -3.3246810875155662E-015
 DOUBLE POLE (MadLoop)  -2.9239368603531696E-014
 FINITE PART (MadLoop)   6.0038298298527351E-014
   325.00000000000000        0.0000000000000000        0.0000000000000000        325.00000000000000        0.0000000000000000     
   325.00000000000000        0.0000000000000000        0.0000000000000000       -325.00000000000000        0.0000000000000000     
   275.59431096241644        10.188450367574909        49.981180553102497        258.61764315317737        80.419002445756163     
   37.415221032293218        35.960049281112887       -2.4098367600047812        10.048199211073531        0.0000000000000000     
   253.19409454475098       -41.952929630950955       -44.502994924287236       -245.69632608259667        0.0000000000000000     
   83.796373460539300       -4.1955700177368112       -3.0683488688105238       -22.969516281654197        80.419002445756163     

 PASSED   1.0000000000000001E-005
 MU_R    =    325.00000000000000     
 ALPHA_S =   0.11799999999999999     
 BORN                    2.4550271772164493E-013
 SINGLE POLE (MadFKS)   -1.3980064594928844E-015
 DOUBLE POLE (MadFKS)   -1.2294961562697325E-014
 SINGLE POLE (MadLoop)  -1.3980064594928684E-015
 DOUBLE POLE (MadLoop)  -1.2294961562697286E-014
 FINITE PART (MadLoop)   2.5245708273638552E-014
   325.00000000000000        0.0000000000000000        0.0000000000000000        325.00000000000000        0.0000000000000000     
   325.00000000000000        0.0000000000000000        0.0000000000000000       -325.00000000000000        0.0000000000000000     
   152.23445121275557        115.31427234635038       -7.6483024016045205        57.898482236442611        80.419002445756163     
   167.42290113668952        28.972461266676355        61.960825185686446        152.81322081379432        0.0000000000000000     
   132.05989319811246       -11.031126502752384        35.371189371010885       -126.75570441624012        0.0000000000000000     
   198.28275445244236       -133.25560711027435       -89.683712155092820       -83.955998633996799        80.419002445756163     

 PASSED   1.0000000000000001E-005
 MU_R    =    325.00000000000000     
 ALPHA_S =   0.11799999999999999     
 BORN                    2.8514001378353707E-013
 SINGLE POLE (MadFKS)   -1.6237196265226076E-015
 DOUBLE POLE (MadFKS)   -1.4280027292530798E-014
 SINGLE POLE (MadLoop)  -1.6237196265226356E-015
 DOUBLE POLE (MadLoop)  -1.4280027292531051E-014
 FINITE PART (MadLoop)   2.9321718602245566E-014
   325.00000000000000        0.0000000000000000        0.0000000000000000        325.00000000000000        0.0000000000000000     
   325.00000000000000        0.0000000000000000        0.0000000000000000       -325.00000000000000        0.0000000000000000     
   134.13396792078905        26.187360679167565        78.427582144211016        68.469277018798365        80.419002445756163     
   79.379404265889136        59.758894928119084        46.139582005591834       -24.517407508273575        0.0000000000000000     
   158.70750399121633        122.71335029194364        31.973667610166018       -95.431598869574117        0.0000000000000000     
   277.77912382210536       -208.65960589923029       -156.54083175996888        51.479729359049337        80.419002445756163     

 PASSED   1.0000000000000001E-005
 MU_R    =    325.00000000000000     
 ALPHA_S =   0.11799999999999999     
 BORN                    1.1500986411725528E-009
 SINGLE POLE (MadFKS)   -6.5491956436760220E-012
 DOUBLE POLE (MadFKS)   -5.7597808764624770E-011
 SINGLE POLE (MadLoop)  -6.5491956436755696E-012
 DOUBLE POLE (MadLoop)  -5.7597808764620686E-011
 FINITE PART (MadLoop)   1.1826775300250978E-010
   325.00000000000000        0.0000000000000000        0.0000000000000000        325.00000000000000        0.0000000000000000     
   325.00000000000000        0.0000000000000000        0.0000000000000000       -325.00000000000000        0.0000000000000000     
   248.41955557420692        5.9686868607986634        184.35422763037570       -145.68099796912864        80.419002445756163     
   212.10736628952023       -31.708105332401090       -60.118766476349769        200.92253434562329        0.0000000000000000     
   55.184232876792379        30.672573032570195       -43.235859091770642        15.334709333999539        0.0000000000000000     
   134.28884525948050       -4.9331545609677461       -80.999602062255278       -70.576245710494234        80.419002445756163     

 PASSED   1.0000000000000001E-005
 MU_R    =    325.00000000000000     
 ALPHA_S =   0.11799999999999999     
 BORN                    3.2103450776985688E-015
 SINGLE POLE (MadFKS)   -1.8281195407834480E-017
 DOUBLE POLE (MadFKS)   -1.6077650667008673E-016
 SINGLE POLE (MadLoop)  -1.8281195407834354E-017
 DOUBLE POLE (MadLoop)  -1.6077650667008723E-016
 FINITE PART (MadLoop)   3.3012846473326215E-016
   325.00000000000000        0.0000000000000000        0.0000000000000000        325.00000000000000        0.0000000000000000     
   325.00000000000000        0.0000000000000000        0.0000000000000000       -325.00000000000000        0.0000000000000000     
   174.90458309298424       -154.83094391884376       -9.9066444227183705       -7.3235533753623772        80.419002445756163     
   236.66985725820899        200.65487246902430        107.51964762840629       -64.728423918121322        0.0000000000000000     
   121.41988262683785       -10.914099577872719       -33.856630067190508        116.09220011703097        0.0000000000000000     
   117.00567702196901       -34.909828972307842       -63.756373138497416       -44.040222823547289        80.419002445756163     

 NUMBER OF POINTS PASSING THE CHECK          20
 NUMBER OF POINTS FAILING THE CHECK           0
 TOLERANCE    1.0000000000000001E-005
