 A PDF is used, so alpha_s(MZ) is going to be modified
 Old value of alpha_s from param_card:   0.11799999999999999     
  ****************************************
 
       NNPDFDriver version 1.0.3
   Grid: NNPDF23nlo_as_0119_qed_mem0.grid
  ****************************************
 New value of alpha_s from PDF nn23nlo:  0.11899999999999999     
 *****************************************************
 *               MadGraph/MadEvent                   *
 *        --------------------------------           *
 *          http://madgraph.hep.uiuc.edu             *
 *          http://madgraph.phys.ucl.ac.be           *
 *          http://madgraph.roma2.infn.it            *
 *        --------------------------------           *
 *                                                   *
 *          PARAMETER AND COUPLING VALUES            *
 *                                                   *
 *****************************************************

  External Params
  ---------------------------------
  
 MU_R =    91.188000000000002     
 aEWM1 =    132.50700000000001     
 mdl_Gf =    1.1663900000000000E-005
 aS =   0.11799999999999999     
 mdl_ymb =    4.7000000000000002     
 mdl_ymt =    173.00000000000000     
 mdl_ymtau =    1.7769999999999999     
 mdl_MT =    173.00000000000000     
 mdl_MB =    4.7000000000000002     
 mdl_MZ =    91.188000000000002     
 mdl_MTA =    1.7769999999999999     
 mdl_WT =    1.4915000000000000     
 mdl_WZ =    2.4414039999999999     
 mdl_WW =    2.0476000000000001     
 mdl_MX0 =    300.00000000000000     
 mdl_WX0 =    1.0604700000000000     
 mdl_Lambda =    5000.0000000000000     
 mdl_cosa =    1.0000000000000000     
 mdl_kSM =    5.0000000000000003E-002
 mdl_kHtt =    0.0000000000000000     
 mdl_kAtt =    0.0000000000000000     
 mdl_kHbb =    0.0000000000000000     
 mdl_kAbb =    0.0000000000000000     
 mdl_kHll =    0.0000000000000000     
 mdl_kAll =    0.0000000000000000     
 mdl_kHaa =    0.0000000000000000     
 mdl_kAaa =    0.0000000000000000     
 mdl_kHza =    0.0000000000000000     
 mdl_kAza =    0.0000000000000000     
 mdl_kHzz =    8.1561199999999996     
 mdl_kAzz =    0.0000000000000000     
 mdl_kHww =    10.496200000000000     
 mdl_kAww =    0.0000000000000000     
 mdl_kHda =    0.0000000000000000     
 mdl_kHdz =    0.0000000000000000     
 mdl_kHdwR =    0.0000000000000000     
 mdl_kHdwI =    0.0000000000000000     
  Internal Params
  ---------------------------------
  
 mdl_CKM11 =    1.0000000000000000     
 mdl_conjg__CKM3x3 =    1.0000000000000000     
 mdl_conjg__CKM11 =    1.0000000000000000     
 mdl_lhv =    1.0000000000000000     
 mdl_CKM3x3 =    1.0000000000000000     
 mdl_conjg__CKM33 =    1.0000000000000000     
 mdl_Ncol =    3.0000000000000000     
 mdl_CA =    3.0000000000000000     
 mdl_TF =   0.50000000000000000     
 mdl_CF =    1.3333333333333333     
 mdl_complexi =  (  0.0000000000000000     ,  1.0000000000000000     )
 mdl_MZ__exp__2 =    8315.2513440000002     
 mdl_MZ__exp__4 =    69143404.913893804     
 mdl_sqrt__2 =    1.4142135623730951     
 mdl_MX0__exp__2 =    90000.000000000000     
 mdl_cosa__exp__2 =    1.0000000000000000     
 mdl_sina =    0.0000000000000000     
 mdl_kHdw =  (  0.0000000000000000     ,  0.0000000000000000     )
 mdl_nb__2__exp__0_75 =    1.6817928305074290     
 mdl_Ncol__exp__2 =    9.0000000000000000     
 mdl_MB__exp__2 =    22.090000000000003     
 mdl_MT__exp__2 =    29929.000000000000     
 mdl_conjg__kHdw =  (  0.0000000000000000     , -0.0000000000000000     )
 mdl_aEW =    7.5467711139788835E-003
 mdl_MW =    80.419002445756163     
 mdl_sqrt__aEW =    8.6872153846781555E-002
 mdl_ee =   0.30795376724436879     
 mdl_MW__exp__2 =    6467.2159543705357     
 mdl_sw2 =   0.22224648578577766     
 mdl_cw =   0.88190334743339216     
 mdl_sqrt__sw2 =   0.47143025548407230     
 mdl_sw =   0.47143025548407230     
 mdl_g1 =   0.34919219678733299     
 mdl_gw =   0.65323293034757990     
 mdl_vev =    246.21845810181637     
 mdl_vev__exp__2 =    60623.529110035903     
 mdl_lam =   0.74228605065735920     
 mdl_yb =    2.6995554250465490E-002
 mdl_yt =   0.99366614581500623     
 mdl_ytau =    1.0206617000654717E-002
 mdl_muH =    212.13203435596427     
 mdl_AxialZUp =  -0.18517701861793787     
 mdl_AxialZDown =   0.18517701861793787     
 mdl_VectorZUp =    7.5430507588273299E-002
 mdl_VectorZDown =  -0.13030376310310560     
 mdl_VectorAUp =   0.20530251149624587     
 mdl_VectorADown =  -0.10265125574812294     
 mdl_VectorWmDxU =   0.23095271737156670     
 mdl_AxialWmDxU =  -0.23095271737156670     
 mdl_VectorWpUxD =   0.23095271737156670     
 mdl_AxialWpUxD =  -0.23095271737156670     
 mdl_I1x33 =  (  2.6995554250465490E-002,  0.0000000000000000     )
 mdl_I2x33 =  ( 0.99366614581500623     ,  0.0000000000000000     )
 mdl_I3x33 =  ( 0.99366614581500623     ,  0.0000000000000000     )
 mdl_I4x33 =  (  2.6995554250465490E-002,  0.0000000000000000     )
 mdl_Vector_tbGp =  (-0.96667059156454072     ,  0.0000000000000000     )
 mdl_Axial_tbGp =  ( -1.0206617000654716     , -0.0000000000000000     )
 mdl_Vector_tbGm =  ( 0.96667059156454072     ,  0.0000000000000000     )
 mdl_Axial_tbGm =  ( -1.0206617000654716     , -0.0000000000000000     )
 mdl_ee__exp__2 =    9.4835522759998875E-002
 mdl_gAaa =    1.3008566310666950E-005
 mdl_cw__exp__2 =   0.77775351421422245     
 mdl_gAza =    4.7794971072590281E-006
 mdl_gHaa =    2.5475109025056106E-005
 mdl_gHza =    3.9182129211851395E-005
 mdl_gw__exp__2 =   0.42671326129048615     
 mdl_sw__exp__2 =   0.22224648578577769     
  Internal Params evaluated point by point
  ----------------------------------------
  
 mdl_sqrt__aS =   0.34351128074635334     
 mdl_G__exp__2 =    1.4828317324943823     
 mdl_G__exp__4 =    2.1987899468922913     
 mdl_R2MixedFactor_FIN_ =   -2.5040377713124864E-002
 mdl_GWcft_UV_b_1EPS_ =   -3.1300472141406080E-003
 mdl_GWcft_UV_t_1EPS_ =   -3.1300472141406080E-003
 mdl_bWcft_UV_1EPS_ =   -1.8780283284843650E-002
 mdl_tWcft_UV_1EPS_ =   -1.8780283284843650E-002
 mdl_G__exp__3 =    1.8056676068262196     
 mdl_MU_R__exp__2 =    8315.2513440000002     
 mdl_GWcft_UV_b_FIN_ =   -1.8563438626678915E-002
 mdl_GWcft_UV_t_FIN_ =    4.0087659331150384E-003
 mdl_bWcft_UV_FIN_ =  -0.13642100947319838     
 mdl_tWcft_UV_FIN_ =   -9.8778211443463623E-004
 mdl_gAgg =    7.6274879753643885E-005
 mdl_gHgg =   -5.0849919835762592E-005
  Couplings of HC_NLO_X0_UFO
  ---------------------------------
  
      R2_dxuW =  -0.00000E+00  -0.11566E-01
         GC_5 =   0.00000E+00   0.12177E+01
     GC_3005a =  -0.00000E+00  -0.00000E+00
    GC_3005h2 =  -0.00000E+00  -0.00000E+00
    GC_3005h3 =  -0.00000E+00  -0.20992E-02
    GC_3005h4 =  -0.00000E+00  -0.00000E+00
     GC_3007a =  -0.00000E+00  -0.00000E+00
    GC_3007h2 =  -0.00000E+00  -0.16312E-02
    GC_3007h3 =  -0.00000E+00  -0.00000E+00
        GC_22 =   0.00000E+00   0.28804E+00
        GC_24 =   0.00000E+00   0.82310E-01
        GC_47 =   0.00000E+00   0.46191E+00
    GC_3005h1 =   0.00000E+00   0.26266E+01
    GC_3007h1 =   0.00000E+00   0.33772E+01

 Collider parameters:
 --------------------

 Running at P P   machine @    13000.000000000000       GeV
 PDF set = nn23nlo
 alpha_s(Mz)= 0.1190 running at 2 loops.
 alpha_s(Mz)= 0.1190 running at 2 loops.
 Renormalization scale set on event-by-event basis
 Factorization   scale set on event-by-event basis


 ===============================================================
 INFO: MadFKS read these parameters from FKS_params.dat
 ===============================================================
  > IRPoleCheckThreshold      =    1.0000000000000001E-005
  > PrecisionVirtualAtRunTime =    1.0000000000000000E-003
  > NHelForMCoverHels         =            4
  > VirtualFraction           =    1.0000000000000000     
  > MinVirtualFraction        =    5.0000000000000001E-003
 ===============================================================
  Insert the number of points to test
 Insert the relative tolerance
  A negative number will mean use the default one:    1.0000000000000001E-005
Using random seed offsets:     1 ,      2 ,      0

  +----------------------------------------------------------------+
  |                                                                |
  |  Ninja - version 1.2.0                                         |
  |                                                                |
  |  Author: Tiziano Peraro                                        |
  |                                                                |
  |  Based on:                                                     |
  |                                                                |
  |      P. Mastrolia, E. Mirabella and T. Peraro,                 |
  |      "Integrand reduction of one-loop scattering amplitudes    |
  |      through Laurent series expansion,"                        |
  |      JHEP 1206 (2012) 095  [arXiv:1203.0291 [hep-ph]].         |
  |                                                                |
  |      T. Peraro,                                                |
  |      "Ninja: Automated Integrand Reduction via Laurent         |
  |      Expansion for One-Loop Amplitudes,"                       |
  |      Comput.Phys.Commun. 185 (2014) [arXiv:1403.1229 [hep-ph]] |
  |                                                                |
  +----------------------------------------------------------------+


  with seed                   33
 Ranmar initialization seeds       11949        9409
  ========================================================================================== 
 {                                                                                          }
 {       [32m                                                                            [0m       }
 {       [32m                               ,,                                           [0m       }
 {       [32m`7MMM.     ,MMF'             `7MM  `7MMF'                                   [0m       }
 {       [32m  MMMb    dPMM                 MM    MM                                     [0m       }
 {       [32m  M YM   ,M MM   ,6"Yb.   ,M""bMM    MM         ,pW"Wq.   ,pW"Wq.`7MMpdMAo. [0m       }
 {       [32m  M  Mb  M' MM  8)   MM ,AP    MM    MM        6W'   `Wb 6W'   `Wb MM   `Wb [0m       }
 {       [32m  M  YM.P'  MM   ,pm9MM 8MI    MM    MM      , 8M     M8 8M     M8 MM    M8 [0m       }
 {       [32m  M  `YM'   MM  8M   MM `Mb    MM    MM     ,M YA.   ,A9 YA.   ,A9 MM   ,AP [0m       }
 {       [32m.JML. `'  .JMML.`Moo9^Yo.`Wbmd"MML..JMMmmmmMMM  `Ybmd9'   `Ybmd9'  MMbmmd'  [0m       }
 {       [32m                                                                   MM       [0m       }
 {       [32m                                                                 .JMML.     [0m       }
 {       [32m[0mv2.6.6 (2018-06-28), Ref: arXiv:1103.0621v2, arXiv:1405.0301[32m                [0m       }
 {       [32m                                                                            [0m       }
 {                                                                                          }
  ========================================================================================== 
 ===============================================================
 INFO: MadLoop read these parameters from ./MadLoop5_resources/MadLoopParams.dat                                                                                                                                                                                                                                                                                                                                                                                                                                                                                          
 ===============================================================
  > MLReductionLib            = 6|7|1
  > CTModeRun                 =           -1
  > MLStabThres               =    1.0000000000000000E-003
  > NRotations_DP             =            0
  > NRotations_QP             =            0
  > CTStabThres               =    1.0000000000000000E-002
  > CTLoopLibrary             =            2
  > CTModeInit                =            1
  > CheckCycle                =            3
  > MaxAttempts               =           10
  > UseLoopFilter             =  F
  > HelicityFilterLevel       =            2
  > ImprovePSPoint            =            2
  > DoubleCheckHelicityFilter =  T
  > LoopInitStartOver         =  F
  > HelInitStartOver          =  F
  > ZeroThres                 =    1.0000000000000001E-009
  > OSThres                   =    1.0000000000000000E-008
  > WriteOutFilters           =  T
  > UseQPIntegrandForNinja    =  T
  > UseQPIntegrandForCutTools =  T
  > IREGIMODE                 =            2
  > IREGIRECY                 =  T
  > COLLIERMode               =            1
  > COLLIERRequiredAccuracy   =    1.0000000000000000E-008
  > COLLIERCanOutput          =  F
  > COLLIERComputeUVpoles     =  T
  > COLLIERComputeIRpoles     =  T
  > COLLIERGlobalCache        =           -1
  > COLLIERUseCacheForPoles   =  F
  > COLLIERUseInternalStabilityTest =  T
 ===============================================================
  
------------------------------------------------------------------------
|              You are using CutTools - Version 1.9.3                  |
|              Authors: G. Ossola, C. Papadopoulos, R. Pittau          |
|              Published in JHEP 0803:042,2008                         |
|              http://www.ugr.es/~pittau/CutTools                      |
|                                                                      |
|              Compiler with  34  significant digits detetected        |
 ---------------------------------------------------------------------- 
   
########################################################################
#                                                                      #
#                      You are using OneLOop-3.6                       #
#                                                                      #
# for the evaluation of 1-loop scalar 1-, 2-, 3- and 4-point functions #
#                                                                      #
# author: Andreas van Hameren <hamerenREMOVETHIS@ifj.edu.pl>           #
#   date: 18-02-2015                                                   #
#                                                                      #
# Please cite                                                          #
#    A. van Hameren,                                                   #
#      Comput.Phys.Commun. 182 (2011) 2427-2438, arXiv:1007.4716       #
#    A. van Hameren, C.G. Papadopoulos and R. Pittau,                  #
#      JHEP 0909:106,2009, arXiv:0903.4665                             #
# in publications with results obtained with the help of this program. #
#                                                                      #
########################################################################
########################################################################
#                                                                      #
#                      You are using OneLOop-3.6                       #
#                                                                      #
# for the evaluation of 1-loop scalar 1-, 2-, 3- and 4-point functions #
#                                                                      #
# author: Andreas van Hameren <hamerenREMOVETHIS@ifj.edu.pl>           #
#   date: 18-02-2015                                                   #
#                                                                      #
# Please cite                                                          #
#    A. van Hameren,                                                   #
#      Comput.Phys.Commun. 182 (2011) 2427-2438, arXiv:1007.4716       #
#    A. van Hameren, C.G. Papadopoulos and R. Pittau,                  #
#      JHEP 0909:106,2009, arXiv:0903.4665                             #
# in publications with results obtained with the help of this program. #
#                                                                      #
########################################################################
 PASSED   1.0000000000000001E-005
 MU_R    =    325.00000000000000     
 ALPHA_S =   0.11799999999999999     
 BORN                    5.4048356353172914E-012
 SINGLE POLE (MadFKS)   -3.0777643525877541E-014
 DOUBLE POLE (MadFKS)   -2.7067825157140437E-013
 SINGLE POLE (MadLoop)  -3.0777643525877510E-014
 DOUBLE POLE (MadLoop)  -2.7067825157140508E-013
 FINITE PART (MadLoop)   5.5579386241619970E-013
   325.00000000000000        0.0000000000000000        0.0000000000000000        325.00000000000000        0.0000000000000000     
   325.00000000000000        0.0000000000000000        0.0000000000000000       -325.00000000000000        0.0000000000000000     
   251.05239672620286        211.96002757982686       -68.067263057605928       -83.665311544307087        80.419002445756163     
   64.492789516515757        20.766284440581916        59.891101002882813       -11.880124191983040        0.0000000000000000     
   90.607500869281310       -68.243873368838138       -12.383271361632348       -58.302208807033836        0.0000000000000000     
   243.84731288800003       -164.48243865157065        20.559433416355468        153.84764454332401        91.188000000000002     

 PASSED   1.0000000000000001E-005
 MU_R    =    325.00000000000000     
 ALPHA_S =   0.11799999999999999     
 BORN                    1.9231774074282557E-013
 SINGLE POLE (MadFKS)   -1.0951465072512454E-015
 DOUBLE POLE (MadFKS)   -9.6314177382703493E-015
 SINGLE POLE (MadLoop)  -1.0951465072512500E-015
 DOUBLE POLE (MadLoop)  -9.6314177382704203E-015
 FINITE PART (MadLoop)   1.9776553285017317E-014
   325.00000000000000        0.0000000000000000        0.0000000000000000        325.00000000000000        0.0000000000000000     
   325.00000000000000        0.0000000000000000        0.0000000000000000       -325.00000000000000        0.0000000000000000     
   300.87484611894985       -25.233321250868251        60.510877315191607        282.41843122913826        80.419002445756163     
   96.703446269740397       -16.331012261279618        6.2404039716021265       -95.109999039205704        0.0000000000000000     
   46.920202512864606       -23.334957660373323       -36.704476618020237       -17.600186107936896        0.0000000000000000     
   205.50150509844519        64.899291172521188       -30.046804668773529       -169.70824608199564        91.188000000000002     

 PASSED   1.0000000000000001E-005
 MU_R    =    325.00000000000000     
 ALPHA_S =   0.11799999999999999     
 BORN                    7.2798516454068194E-015
 SINGLE POLE (MadFKS)   -4.1454855241023817E-017
 DOUBLE POLE (MadFKS)   -3.6458046979300064E-016
 SINGLE POLE (MadLoop)  -4.1454855241021401E-017
 DOUBLE POLE (MadLoop)  -3.6458046979298432E-016
 FINITE PART (MadLoop)   7.4860682855527090E-016
   325.00000000000000        0.0000000000000000        0.0000000000000000        325.00000000000000        0.0000000000000000     
   325.00000000000000        0.0000000000000000        0.0000000000000000       -325.00000000000000        0.0000000000000000     
   143.43804953936655       -65.951590672883583       -93.423129379055140        32.089946806250275        80.419002445756163     
   64.156500742120684       -8.3255092670338033       -33.028544887875796        54.367800263647190        0.0000000000000000     
   262.44058589940835        197.28360396483012        173.02288908843619       -4.1618007356637063        0.0000000000000000     
   179.96486381910444       -123.00650402491300       -46.571214821505322       -82.295946334233690        91.188000000000002     

 PASSED   1.0000000000000001E-005
 MU_R    =    325.00000000000000     
 ALPHA_S =   0.11799999999999999     
 BORN                    2.2483765515145514E-014
 SINGLE POLE (MadFKS)   -1.2803299986086289E-016
 DOUBLE POLE (MadFKS)   -1.1260039618251502E-015
 SINGLE POLE (MadLoop)  -1.2803299986086203E-016
 DOUBLE POLE (MadLoop)  -1.1260039618251502E-015
 FINITE PART (MadLoop)   2.3120664013660132E-015
   325.00000000000000        0.0000000000000000        0.0000000000000000        325.00000000000000        0.0000000000000000     
   325.00000000000000        0.0000000000000000        0.0000000000000000       -325.00000000000000        0.0000000000000000     
   232.13065087947263       -205.65707585252622       -59.413426508677745       -39.907831632942283        80.419002445756163     
   72.203638308909561       -44.670397419604797       -49.176014756835002       -28.277916331546454        0.0000000000000000     
   225.49790295307375        196.86525677359572        109.41478235375052        11.035411826546515        0.0000000000000000     
   120.16780785854412        53.462216498535312      -0.82534108823776420        57.150336137942226        91.188000000000002     

 PASSED   1.0000000000000001E-005
 MU_R    =    325.00000000000000     
 ALPHA_S =   0.11799999999999999     
 BORN                    3.7980180723630073E-015
 SINGLE POLE (MadFKS)   -2.1627678290935892E-017
 DOUBLE POLE (MadFKS)   -1.9020761418648823E-016
 SINGLE POLE (MadLoop)  -2.1627678290935577E-017
 DOUBLE POLE (MadLoop)  -1.9020761418648756E-016
 FINITE PART (MadLoop)   3.9056046777289903E-016
   325.00000000000000        0.0000000000000000        0.0000000000000000        325.00000000000000        0.0000000000000000     
   325.00000000000000        0.0000000000000000        0.0000000000000000       -325.00000000000000        0.0000000000000000     
   152.38398209592441        120.30316897721805       -45.586602023175672        14.236266893395747        80.419002445756163     
   159.58783968252536       -134.51451352007842       -46.556721462268158        72.156745448203509        0.0000000000000000     
   178.53499322095465       -82.568419652341817        35.903679038508329       -154.16914643345760        0.0000000000000000     
   159.49318500059564        96.779764195202333        56.239644446935479        67.776134091858296        91.188000000000002     

 PASSED   1.0000000000000001E-005
 MU_R    =    325.00000000000000     
 ALPHA_S =   0.11799999999999999     
 BORN                    2.9092015545108508E-015
 SINGLE POLE (MadFKS)   -1.6566344368473556E-017
 DOUBLE POLE (MadFKS)   -1.4569501153712342E-016
 SINGLE POLE (MadLoop)  -1.6566344368473380E-017
 DOUBLE POLE (MadLoop)  -1.4569501153712214E-016
 FINITE PART (MadLoop)   2.9916106198738351E-016
   325.00000000000000        0.0000000000000000        0.0000000000000000        325.00000000000000        0.0000000000000000     
   325.00000000000000        0.0000000000000000        0.0000000000000000       -325.00000000000000        0.0000000000000000     
   182.13699927879833        147.95574596907912       -44.304001916302440       -53.412762527771214        80.419002445756163     
   113.52874368473886        63.699451534185762       -48.129097543877869        80.713973303827302        0.0000000000000000     
   246.77468779758894       -230.84254227907286        83.376497399819257        25.648136249441805        0.0000000000000000     
   107.55956923887376        19.187344775808032        9.0566020603611221       -52.949347025497971        91.188000000000002     

 PASSED   1.0000000000000001E-005
 MU_R    =    325.00000000000000     
 ALPHA_S =   0.11799999999999999     
 BORN                    3.1801678024792537E-014
 SINGLE POLE (MadFKS)   -1.8109351991688082E-016
 DOUBLE POLE (MadFKS)   -1.5926520593039758E-015
 SINGLE POLE (MadLoop)  -1.8109351991687857E-016
 DOUBLE POLE (MadLoop)  -1.5926520593039815E-015
 FINITE PART (MadLoop)   3.2702525392667591E-015
   325.00000000000000        0.0000000000000000        0.0000000000000000        325.00000000000000        0.0000000000000000     
   325.00000000000000        0.0000000000000000        0.0000000000000000       -325.00000000000000        0.0000000000000000     
   198.12218873066453        73.931291984928393        75.308177961877192        147.13268878994910        80.419002445756163     
   114.99390618266381        84.235737158857020       -7.9498550897979783        77.876433203520861        0.0000000000000000     
   107.08107741157079       -4.1709685952420665        14.082259481807039       -106.06908186878670        0.0000000000000000     
   229.80282767510090       -153.99606054854328       -81.440582353886199       -118.94004012468326        91.188000000000002     

 PASSED   1.0000000000000001E-005
 MU_R    =    325.00000000000000     
 ALPHA_S =   0.11799999999999999     
 BORN                    2.2238106961278332E-013
 SINGLE POLE (MadFKS)   -1.2663410599800367E-015
 DOUBLE POLE (MadFKS)   -1.1137011958705617E-014
 SINGLE POLE (MadLoop)  -1.2663410599800574E-015
 DOUBLE POLE (MadLoop)  -1.1137011958705661E-014
 FINITE PART (MadLoop)   2.2868046680401760E-014
   325.00000000000000        0.0000000000000000        0.0000000000000000        325.00000000000000        0.0000000000000000     
   325.00000000000000        0.0000000000000000        0.0000000000000000       -325.00000000000000        0.0000000000000000     
   203.65981256942649       -150.98745553679922        105.00595216777509        34.447664380990787        80.419002445756163     
   126.74433299262398        104.14871098836659       -66.289271621844890        28.686310551412962        0.0000000000000000     
   118.06846486488796        27.600557202293999       -14.410521258183497        113.88901841152908        0.0000000000000000     
   201.52738957306161        19.238187346138702       -24.306159287746613       -177.02299334393282        91.188000000000002     

 PASSED   1.0000000000000001E-005
 MU_R    =    325.00000000000000     
 ALPHA_S =   0.11799999999999999     
 BORN                    7.7294665228767353E-016
 SINGLE POLE (MadFKS)   -4.4015171105631378E-018
 DOUBLE POLE (MadFKS)   -3.8709752250757468E-017
 SINGLE POLE (MadLoop)  -4.4015171105631494E-018
 DOUBLE POLE (MadLoop)  -3.8709752250757634E-017
 FINITE PART (MadLoop)   7.9484194211100782E-017
   325.00000000000000        0.0000000000000000        0.0000000000000000        325.00000000000000        0.0000000000000000     
   325.00000000000000        0.0000000000000000        0.0000000000000000       -325.00000000000000        0.0000000000000000     
   104.97082838150347        21.498266063467245        61.646836499346222       -17.004439497253859        80.419002445756163     
   199.63934157149529        124.09318040458615        133.91424117928676       -80.769581462025755        0.0000000000000000     
   155.95909381579577       -16.838853688384003       -155.04362916999688        1.0793535574047874        0.0000000000000000     
   189.43073623120551       -128.75259277966938       -40.517448508636114        96.694667401874881        91.188000000000002     

 PASSED   1.0000000000000001E-005
 MU_R    =    325.00000000000000     
 ALPHA_S =   0.11799999999999999     
 BORN                    9.5329971092043049E-014
 SINGLE POLE (MadFKS)   -5.4285311627813459E-016
 DOUBLE POLE (MadFKS)   -4.7741969670520654E-015
 SINGLE POLE (MadLoop)  -5.4285311627813528E-016
 DOUBLE POLE (MadLoop)  -4.7741969670520693E-015
 FINITE PART (MadLoop)   9.8030386883653495E-015
   325.00000000000000        0.0000000000000000        0.0000000000000000        325.00000000000000        0.0000000000000000     
   325.00000000000000        0.0000000000000000        0.0000000000000000       -325.00000000000000        0.0000000000000000     
   227.90154759295262       -194.15602668532080       -17.639083879854745        86.395598629448543        80.419002445756163     
   160.69760426641480        46.436310604446945       -127.03343587683200       -86.774968993018931        0.0000000000000000     
   115.20733279666500        98.378015459489802        48.140455348625117       -35.735027119073841        0.0000000000000000     
   146.19351534396753        49.341700621384049        96.532064408061629        36.114397482644200        91.188000000000002     

 PASSED   1.0000000000000001E-005
 MU_R    =    325.00000000000000     
 ALPHA_S =   0.11799999999999999     
 BORN                    1.2975910434544517E-014
 SINGLE POLE (MadFKS)   -7.3890858617142730E-017
 DOUBLE POLE (MadFKS)   -6.4984339690534591E-016
 SINGLE POLE (MadLoop)  -7.3890858617142003E-017
 DOUBLE POLE (MadLoop)  -6.4984339690534679E-016
 FINITE PART (MadLoop)   1.3343479553118328E-015
   325.00000000000000        0.0000000000000000        0.0000000000000000        325.00000000000000        0.0000000000000000     
   325.00000000000000        0.0000000000000000        0.0000000000000000       -325.00000000000000        0.0000000000000000     
   200.82233951715034       -59.926336803129402       -173.60965458817580       -11.441944148755887        80.419002445756163     
   102.65947422873869       -34.279721531045404       -40.649870968297485        87.814898114931552        0.0000000000000000     
   121.86122796619385        30.019036437442999        23.258051355429071       -115.79326137536829        0.0000000000000000     
   224.65695828791712        64.187021896731807        191.00147420104420        39.420307409192610        91.188000000000002     

 PASSED   1.0000000000000001E-005
 MU_R    =    325.00000000000000     
 ALPHA_S =   0.11799999999999999     
 BORN                    2.0036762840348166E-015
 SINGLE POLE (MadFKS)   -1.1409863050841539E-017
 DOUBLE POLE (MadFKS)   -1.0034562193412454E-016
 SINGLE POLE (MadLoop)  -1.1409863050841445E-017
 DOUBLE POLE (MadLoop)  -1.0034562193412445E-016
 FINITE PART (MadLoop)   2.0604344999106890E-016
   325.00000000000000        0.0000000000000000        0.0000000000000000        325.00000000000000        0.0000000000000000     
   325.00000000000000        0.0000000000000000        0.0000000000000000       -325.00000000000000        0.0000000000000000     
   151.34193767657345       -96.091314351846123        84.867189638738651        1.0888407993708289        80.419002445756163     
   180.86979776528020       -3.2495934626777374       -179.31032557503977       -23.476180016219367        0.0000000000000000     
   126.43238801170632       -58.036131105069209        106.45521300620617       -35.836348146834844        0.0000000000000000     
   191.35587654644002        157.37703891959308       -12.012077069905034        58.223687363683389        91.188000000000002     

 PASSED   1.0000000000000001E-005
 MU_R    =    325.00000000000000     
 ALPHA_S =   0.11799999999999999     
 BORN                    1.6913883989315906E-014
 SINGLE POLE (MadFKS)   -9.6315508405030942E-017
 DOUBLE POLE (MadFKS)   -8.4706008737689104E-016
 SINGLE POLE (MadLoop)  -9.6315508405030633E-017
 DOUBLE POLE (MadLoop)  -8.4706008737689272E-016
 FINITE PART (MadLoop)   1.7393004237638644E-015
   325.00000000000000        0.0000000000000000        0.0000000000000000        325.00000000000000        0.0000000000000000     
   325.00000000000000        0.0000000000000000        0.0000000000000000       -325.00000000000000        0.0000000000000000     
   176.70970482939393        80.735276545609167        58.695966489605944        121.63758656548582        80.419002445756163     
   260.55698459763579       -18.798002205772828       -159.53642091209238       -205.14557694048403        0.0000000000000000     
   54.046877830049880        10.099677166709872       -2.8285306253935234        53.019439253973523        0.0000000000000000     
   158.68643274292035       -72.036951506546217        103.66898504787993        30.488551121024724        91.188000000000002     

 PASSED   1.0000000000000001E-005
 MU_R    =    325.00000000000000     
 ALPHA_S =   0.11799999999999999     
 BORN                    1.6341821962687027E-013
 SINGLE POLE (MadFKS)   -9.3057921621960753E-016
 DOUBLE POLE (MadFKS)   -8.1841078893264547E-015
 SINGLE POLE (MadLoop)  -9.3057921621960477E-016
 DOUBLE POLE (MadLoop)  -8.1841078893264642E-015
 FINITE PART (MadLoop)   1.6804737387775320E-014
   325.00000000000000        0.0000000000000000        0.0000000000000000        325.00000000000000        0.0000000000000000     
   325.00000000000000        0.0000000000000000        0.0000000000000000       -325.00000000000000        0.0000000000000000     
   238.82666794325533        70.596629274225648       -20.072661750354325       -212.56567350322780        80.419002445756163     
   83.773400924412343       -54.962783445235935       -2.5029349245770378       -63.172861698341343        0.0000000000000000     
   120.21017871470221        56.520275621622986        19.515523083691786        104.28369896127732        0.0000000000000000     
   207.18975241763013       -72.154121450612649        3.0600735912395951        171.45483624029185        91.188000000000002     

 PASSED   1.0000000000000001E-005
 MU_R    =    325.00000000000000     
 ALPHA_S =   0.11799999999999999     
 BORN                    1.2452027322980412E-014
 SINGLE POLE (MadFKS)   -7.0907624945505204E-017
 DOUBLE POLE (MadFKS)   -6.2360693492316125E-016
 SINGLE POLE (MadLoop)  -7.0907624945504021E-017
 DOUBLE POLE (MadLoop)  -6.2360693492315859E-016
 FINITE PART (MadLoop)   1.2804756384316953E-015
   325.00000000000000        0.0000000000000000        0.0000000000000000        325.00000000000000        0.0000000000000000     
   325.00000000000000        0.0000000000000000        0.0000000000000000       -325.00000000000000        0.0000000000000000     
   157.90449430432892        111.45676564185436        54.773164248357027        55.171579984758132        80.419002445756163     
   182.97498132216825        73.918097944496225       -167.23155893471247        7.0401905074713227        0.0000000000000000     
   89.670609273206708       -73.291152286780360       -7.7266117376935037        51.083506486526687        0.0000000000000000     
   219.44991510029612       -112.08371129957023        120.18500642404894       -113.29527697875615        91.188000000000002     

 PASSED   1.0000000000000001E-005
 MU_R    =    325.00000000000000     
 ALPHA_S =   0.11799999999999999     
 BORN                    1.7757773789013899E-013
 SINGLE POLE (MadFKS)   -1.0112100873523723E-015
 DOUBLE POLE (MadFKS)   -8.8932272604227317E-015
 SINGLE POLE (MadLoop)  -1.0112100873523782E-015
 DOUBLE POLE (MadLoop)  -8.8932272604228090E-015
 FINITE PART (MadLoop)   1.8260798936450619E-014
   325.00000000000000        0.0000000000000000        0.0000000000000000        325.00000000000000        0.0000000000000000     
   325.00000000000000        0.0000000000000000        0.0000000000000000       -325.00000000000000        0.0000000000000000     
   130.20390308627046        76.327503611659637       -46.080653219406713        50.363935666439353        80.419002445756163     
   230.51775228396187       -28.883532330498500       -127.55146317480401       -189.82834330028192        0.0000000000000000     
   33.434849484789140       -20.682703183084129        3.2673799454963151       -26.066054120305871        0.0000000000000000     
   255.84349514497856       -26.761268098077021        170.36473644871441        165.53046175414840        91.188000000000002     

 PASSED   1.0000000000000001E-005
 MU_R    =    325.00000000000000     
 ALPHA_S =   0.11799999999999999     
 BORN                    9.9679950600371598E-017
 SINGLE POLE (MadFKS)   -5.6762391925637537E-019
 DOUBLE POLE (MadFKS)   -4.9920472269178657E-018
 SINGLE POLE (MadLoop)  -5.6762391925637239E-019
 DOUBLE POLE (MadLoop)  -4.9920472269178742E-018
 FINITE PART (MadLoop)   1.0250358843037072E-017
   325.00000000000000        0.0000000000000000        0.0000000000000000        325.00000000000000        0.0000000000000000     
   325.00000000000000        0.0000000000000000        0.0000000000000000       -325.00000000000000        0.0000000000000000     
   85.904829784108287       -19.995596026881778        18.071967174409345        13.638327164388755        80.419002445756163     
   236.32652009345733        51.104463461942252       -203.27770823047709       -109.16378176994093        0.0000000000000000     
   221.53637970370977        9.0760112721987127        177.96676003629815        131.62000559867735        0.0000000000000000     
   106.23227041872457       -40.184878707259131        7.2389810197695788       -36.094550993125146        91.188000000000002     

 PASSED   1.0000000000000001E-005
 MU_R    =    325.00000000000000     
 ALPHA_S =   0.11799999999999999     
 BORN                    1.1009487523898245E-013
 SINGLE POLE (MadFKS)   -6.2693133570794406E-016
 DOUBLE POLE (MadFKS)   -5.5136345205269571E-015
 SINGLE POLE (MadLoop)  -6.2693133570794140E-016
 DOUBLE POLE (MadLoop)  -5.5136345205269800E-015
 FINITE PART (MadLoop)   1.1321353704350265E-014
   325.00000000000000        0.0000000000000000        0.0000000000000000        325.00000000000000        0.0000000000000000     
   325.00000000000000        0.0000000000000000        0.0000000000000000       -325.00000000000000        0.0000000000000000     
   194.46292164148326       -28.026544188621127        127.29219047005211        119.83247892433151        80.419002445756163     
   56.848778001213759        13.746684148979623       -53.826457870799061       -12.063360569201736        0.0000000000000000     
   201.67721474287254        96.510336030406961        70.584822533714203       -162.41070412268002        0.0000000000000000     
   197.01108561443050       -82.230475990765470       -144.05055513296725        54.641585767550247        91.188000000000002     

 PASSED   1.0000000000000001E-005
 MU_R    =    325.00000000000000     
 ALPHA_S =   0.11799999999999999     
 BORN                    7.7706310250872540E-012
 SINGLE POLE (MadFKS)   -4.4249580893539776E-014
 DOUBLE POLE (MadFKS)   -3.8915907187502302E-013
 SINGLE POLE (MadLoop)  -4.4249580893563328E-014
 DOUBLE POLE (MadLoop)  -3.8915907187522674E-013
 FINITE PART (MadLoop)   7.9907499917767686E-013
   325.00000000000000        0.0000000000000000        0.0000000000000000        325.00000000000000        0.0000000000000000     
   325.00000000000000        0.0000000000000000        0.0000000000000000       -325.00000000000000        0.0000000000000000     
   182.14091574826131        1.1779566791876577       -14.667788534058472        162.76229794650482        80.419002445756163     
   107.90003763932314        81.258245467785997        21.069944412381375       -67.790656498691234        0.0000000000000000     
   119.93644740632456        118.15544872089833       -20.574460376777591      -0.85611577349881629        0.0000000000000000     
   240.02259920609094       -200.59165086787200        14.172304498454686       -94.115525674314767        91.188000000000002     

 PASSED   1.0000000000000001E-005
 MU_R    =    325.00000000000000     
 ALPHA_S =   0.11799999999999999     
 BORN                    1.4367329256954428E-012
 SINGLE POLE (MadFKS)   -8.1814243415654790E-015
 DOUBLE POLE (MadFKS)   -7.1952670264593702E-014
 SINGLE POLE (MadLoop)  -8.1814243415652786E-015
 DOUBLE POLE (MadLoop)  -7.1952670264592288E-014
 FINITE PART (MadLoop)   1.4774313150521945E-013
   325.00000000000000        0.0000000000000000        0.0000000000000000        325.00000000000000        0.0000000000000000     
   325.00000000000000        0.0000000000000000        0.0000000000000000       -325.00000000000000        0.0000000000000000     
   294.38175771045076       -199.36935895841788        121.16035359871255       -160.51613857387818        80.419002445756163     
   124.43778773190610        100.38318340464969       -68.385695889183623        27.043966109124490        0.0000000000000000     
   48.747269092718376        40.691845644103182        25.265844710240582        9.0612931280465574        0.0000000000000000     
   182.43318546492475        58.294329909664995       -78.040502419769524        124.41087933670714        91.188000000000002     

 NUMBER OF POINTS PASSING THE CHECK          20
 NUMBER OF POINTS FAILING THE CHECK           0
 TOLERANCE    1.0000000000000001E-005
