 Process in group number            1
 A PDF is used, so alpha_s(MZ) is going to be modified
 Old value of alpha_s from param_card:   0.11839999999999999     
  ****************************************
 
       NNPDFDriver version 1.0.3
   Grid: NNPDF23_lo_as_0130_qed_mem0.grid
  ****************************************
 New value of alpha_s from PDF nn23lo1:  0.13000000000000000     
 Define smin to   353.44000000000005     
 Warning: pt or E min of a jet should in general be >0
 Warning: pt or E min of a jet should in general be >0
 Warning: pt or E min of a jet should in general be >0
 Warning: pt or E min of a jet should in general be >0
 *****************************************************
 *               MadGraph/MadEvent                   *
 *        --------------------------------           *
 *          http://madgraph.hep.uiuc.edu             *
 *          http://madgraph.phys.ucl.ac.be           *
 *          http://madgraph.roma2.infn.it            *
 *        --------------------------------           *
 *                                                   *
 *          PARAMETER AND COUPLING VALUES            *
 *                                                   *
 *****************************************************

  External Params
  ---------------------------------
  
 mdl_cabi =   0.22773599999999999     
 aEWM1 =    127.90000000000001     
 mdl_Gf =    1.1663700000000000E-005
 aS =   0.11839999999999999     
 mdl_ymb =    4.7000000000000002     
 mdl_ymt =    172.00000000000000     
 mdl_ymtau =    1.7769999999999999     
 mdl_Lambda =    5000.0000000000000     
 mdl_ca =    1.0000000000000000     
 mdl_kSM =    5.0000000000000003E-002
 mdl_kHtt =    0.0000000000000000     
 mdl_kAtt =    0.0000000000000000     
 mdl_kHbb =    0.0000000000000000     
 mdl_kAbb =    0.0000000000000000     
 mdl_kHll =    0.0000000000000000     
 mdl_kAll =    0.0000000000000000     
 mdl_kHaa =    0.0000000000000000     
 mdl_kAaa =    0.0000000000000000     
 mdl_kHza =    0.0000000000000000     
 mdl_kAza =    0.0000000000000000     
 mdl_kHgg =    0.0000000000000000     
 mdl_kAgg =    0.0000000000000000     
 mdl_kHzz =  -0.52481000000000000     
 mdl_kAzz =    0.0000000000000000     
 mdl_kHww =  -0.52481000000000000     
 mdl_kAww =    0.0000000000000000     
 mdl_kHda =    0.0000000000000000     
 mdl_kHdz =  -0.26240500000000000     
 mdl_kHdwR =  -0.26240500000000000     
 mdl_kHdwI =    0.0000000000000000     
 mdl_kHHgg =    1.0000000000000000     
 mdl_kAAgg =    1.0000000000000000     
 mdl_kqa =    1.0000000000000000     
 mdl_kqb =    1.0000000000000000     
 mdl_kla =    1.0000000000000000     
 mdl_klb =    1.0000000000000000     
 mdl_kw1 =    1.0000000000000000     
 mdl_kw2 =    1.0000000000000000     
 mdl_kw3 =    0.0000000000000000     
 mdl_kw4 =    0.0000000000000000     
 mdl_kw5 =    0.0000000000000000     
 mdl_kz1 =    0.0000000000000000     
 mdl_kz3 =    1.0000000000000000     
 mdl_kz5 =    0.0000000000000000     
 mdl_kq =    1.0000000000000000     
 mdl_kq3 =    1.0000000000000000     
 mdl_kl =    1.0000000000000000     
 mdl_kg =    1.0000000000000000     
 mdl_ka =    1.0000000000000000     
 mdl_kz =    1.0000000000000000     
 mdl_kw =    1.0000000000000000     
 mdl_kza =    0.0000000000000000     
 mdl_MZ =    91.187600000000003     
 mdl_MTA =    1.7769999999999999     
 mdl_MT =    172.00000000000000     
 mdl_MB =    4.7000000000000002     
 mdl_MX0 =    600.00000000000000     
 mdl_MX1 =    125.00000000000000     
 mdl_MX2 =    125.00000000000000     
 mdl_WZ =    2.4952000000000001     
 mdl_WW =    2.0850000000000000     
 mdl_WT =    1.5083359999999999     
 mdl_WX0 =   0.15059000000000000     
 mdl_WX1 =    4.0699999999999998E-003
 mdl_WX2 =    4.0699999999999998E-003
  Internal Params
  ---------------------------------
  
 mdl_cos__cabi =   0.97418004031982097     
 mdl_CKM1x1 =  ( 0.97418004031982097     ,  0.0000000000000000     )
 mdl_sin__cabi =   0.22577256042856930     
 mdl_CKM1x2 =  ( 0.22577256042856930     ,  0.0000000000000000     )
 mdl_CKM2x1 =  (-0.22577256042856930     ,  0.0000000000000000     )
 mdl_CKM2x2 =  ( 0.97418004031982097     ,  0.0000000000000000     )
 mdl_ca__exp__2 =    1.0000000000000000     
 mdl_sa =    0.0000000000000000     
 mdl_complexi =  (  0.0000000000000000     ,  1.0000000000000000     )
 mdl_kHdw =  (-0.26240500000000000     ,  0.0000000000000000     )
 mdl_MZ__exp__2 =    8315.1783937600012     
 mdl_MZ__exp__4 =    69142191.720053151     
 mdl_sqrt__2 =    1.4142135623730951     
 mdl_nb__2__exp__0_75 =    1.6817928305074290     
 mdl_MX0__exp__2 =    360000.00000000000     
 mdl_ca__exp__4 =    1.0000000000000000     
 mdl_ca__exp__3 =    1.0000000000000000     
 mdl_conjg__CKM1x1 =  ( 0.97418004031982097     , -0.0000000000000000     )
 mdl_conjg__CKM1x2 =  ( 0.22577256042856930     , -0.0000000000000000     )
 mdl_conjg__CKM2x1 =  (-0.22577256042856930     , -0.0000000000000000     )
 mdl_conjg__CKM2x2 =  ( 0.97418004031982097     , -0.0000000000000000     )
 mdl_conjg__kHdw =  (-0.26240500000000000     , -0.0000000000000000     )
 mdl_aEW =    7.8186082877247844E-003
 mdl_MW =    79.824359746197842     
 mdl_sqrt__aEW =    8.8422894590285753E-002
 mdl_ee =   0.31345100004952897     
 mdl_MW__exp__2 =    6371.9284088904105     
 mdl_sw2 =   0.23369913342182447     
 mdl_cw =   0.87538612427783857     
 mdl_sqrt__sw2 =   0.48342438232036300     
 mdl_sw =   0.48342438232036300     
 mdl_ad =  -0.12747442148678401     
 mdl_al =   -1.2074027013887732E-002
 mdl_an =   0.18517461872323218     
 mdl_au =    6.9774224250335873E-002
 mdl_bd =  -0.18517461872323218     
 mdl_bl =  -0.18517461872323218     
 mdl_bn =   0.18517461872323218     
 mdl_bu =   0.18517461872323218     
 mdl_gwwz =  -0.56759788318358417     
 mdl_g1 =   0.35807170271074895     
 mdl_gw =   0.64839716719502682     
 mdl_vev =    246.22056907348590     
 mdl_ee__exp__2 =    9.8251529432049817E-002
 mdl_gAaa =    1.3477023594718659E-005
 mdl_vev__exp__2 =    60624.568634871241     
 mdl_cw__exp__2 =   0.76630086657817542     
 mdl_gAza =    4.4999802188047602E-006
 mdl_gHaa =    2.6392504539657372E-005
 mdl_gHza =    3.9166441035016922E-005
 mdl_lam =    2.9690932909411916     
 mdl_yb =    2.6995322804122722E-002
 mdl_yt =   0.98791394091683138     
 mdl_ytau =    1.0206529494239589E-002
 mdl_muH =    424.26406871192853     
 mdl_sw__exp__2 =   0.23369913342182450     
  Internal Params evaluated point by point
  ----------------------------------------
  
 mdl_sqrt__aS =   0.34409301068170506     
 mdl_G__exp__2 =    1.4878582807401259     
 mdl_gAAgg =    3.1083017473614446E-007
 mdl_gAgg =    7.6532782508744533E-005
 mdl_gHgg =   -5.1021855005829691E-005
 mdl_gHHgg =    2.0722011649076294E-007
  Couplings of HC_UFO
  ---------------------------------
  
        GC_10 =  -0.00000E+00   0.00000E+00
        GC_13 =  -0.00000E+00  -0.20722E-06
        GC_62 =   0.00000E+00   0.00000E+00
        GC_64 =   0.00000E+00   0.00000E+00
         GC_1 =  -0.00000E+00  -0.10448E+00
         GC_2 =   0.00000E+00   0.20897E+00
         GC_3 =  -0.00000E+00  -0.31345E+00
         GC_9 =  -0.00000E+00  -0.00000E+00
        GC_16 =  -0.00000E+00  -0.00000E+00
        GC_17 =   0.00000E+00  -0.12074E-01
        GC_19 =  -0.00000E+00   0.18517E+00
        GC_21 =   0.00000E+00  -0.12747E+00
        GC_22 =   0.00000E+00   0.69774E-01
        GC_23 =  -0.00000E+00   0.18517E+00
        GC_24 =  -0.00000E+00  -0.18517E+00
        GC_61 =   0.00000E+00   0.00000E+00
        GC_66 =   0.00000E+00   0.00000E+00
        GC_77 =  -0.00000E+00  -0.28380E+00
        GC_78 =   0.00000E+00   0.28380E+00
        GC_89 =  -0.00000E+00  -0.28850E-01
        GC_90 =   0.00000E+00   0.86550E-01
        GC_98 =  -0.00000E+00  -0.21932E+03
       GC_100 =   0.00000E+00   0.33771E+01
       GC_101 =  -0.00000E+00  -0.00000E+00
       GC_102 =   0.00000E+00   0.00000E+00
       GC_105 =  -0.00000E+00  -0.00000E+00
       GC_106 =   0.00000E+00   0.00000E+00
        GC_35 =  -0.00000E+00  -0.20000E-03
        GC_38 =  -0.00000E+00  -0.00000E+00
        GC_40 =   0.00000E+00   0.52481E-04
        GC_42 =   0.00000E+00   0.10496E-03
        GC_43 =   0.00000E+00   0.50000E-04
        GC_45 =   0.00000E+00   0.50000E-04
        GC_49 =   0.00000E+00   0.50000E-04
        GC_56 =  -0.00000E+00  -0.94000E-03
        GC_58 =  -0.00000E+00  -0.35540E-03
        GC_68 =   0.00000E+00   0.00000E+00

 Collider parameters:
 --------------------

 Running at P P   machine @    13000.000000000000       GeV
 PDF set = nn23lo1
 alpha_s(Mz)= 0.1300 running at 2 loops.
 alpha_s(Mz)= 0.1300 running at 2 loops.
 Renormalization scale set on event-by-event basis
 Factorization   scale set on event-by-event basis


 getting user params
Enter number of events and max and min iterations: 
 Number of events and iterations         1000           5           3
Enter desired fractional accuracy: 
 Desired fractional accuracy:   0.10000000000000001     
Enter 0 for fixed, 2 for adjustable grid: 
Suppress amplitude (0 no, 1 yes)? 
 Using suppressed amplitude.
Exact helicity sum (0 yes, n = number/event)? 
 Explicitly summing over helicities
Enter Configuration Number: 
Running Configuration Number:    7
 Not subdividing B.W.
 Attempting mappinvarients           1           8
 Completed mapping           8
 about to integrate           16        1000           5           3          16           1
 Using non-zero grid deformation.
 16 dimensions   1000 events 16 invarients  5 iterations  1 config(s),  (0.99)
 Using h-tuple random number sequence.
 Error opening grid
 Using Uniform Grid!          32
 Using uniform alpha   1.0000000000000000     
 Grid defined OK
 Set CM energy to      13000.00
 Mapping Graph           7  to config           7
 Setting BW          -1           1   91.187600000000003     
Setting grid   2    0.13071E-06   1
 Setting BW          -3           3   600.00000000000000     
 Setting BW          -4           4   91.187600000000003     
Setting grid   5    0.25116E-02   1
 Transforming s_hat 1/s           15   2.5115575576956360E-003   353.44000000000005        168999999.99999997     
   7   1   2   3   4   5   6   7   8   9  10  11  12  13  14
  15  16
 Masses: 0.470E+01 0.470E+01 0.470E+01 0.470E+01 0.000E+00 0.000E+00 0.470E+01 0.470E+01
Using random seed offsets     7 :     17
  with seed                   24
 Ranmar initialization seeds       31065        9414
 
 ********************************************
 * You are using the DiscreteSampler module *
 *      part of the MG5_aMC framework       *
 *         Author: Valentin Hirschi         *
 ********************************************
 
  Particle       3       4       5       6       7       8
      Et >     0.0     0.0     0.0     0.0     0.0     0.0
       E >     0.0     0.0     0.0     0.0     0.0     0.0
     Eta <    -1.0    -1.0    -1.0    -1.0    -1.0    -1.0
   xqcut:      0.0     0.0     0.0     0.0     0.0     0.0
d R # 3  >    -0.0     0.0     0.0     0.0     0.0     0.0
d R # 4  >    -0.0    -0.0     0.0     0.0     0.0     0.0
d R # 5  >    -0.0    -0.0    -0.0     0.0     0.0     0.0
d R # 6  >    -0.0    -0.0    -0.0    -0.0     0.0     0.0
d R # 7  >    -0.0    -0.0    -0.0    -0.0    -0.0     0.0
s min # 3>     0.0    88.4    22.1    22.1    88.4     0.0
s min # 4>     0.0     0.0    22.1    22.1    88.4     0.0
s min # 5>     0.0     0.0     0.0     0.0    22.1     0.0
s min # 6>     0.0     0.0     0.0     0.0    22.1     0.0
s min # 7>     0.0     0.0     0.0     0.0     0.0     0.0
xqcutij # 3>     0.0     0.0     0.0     0.0     0.0     0.0
xqcutij # 4>     0.0     0.0     0.0     0.0     0.0     0.0
xqcutij # 5>     0.0     0.0     0.0     0.0     0.0     0.0
xqcutij # 6>     0.0     0.0     0.0     0.0     0.0     0.0
xqcutij # 7>     0.0     0.0     0.0     0.0     0.0     0.0
 No cut BW           -1           1
 No cut BW           -3           2
 No cut BW           -4           3
 alpha_s for scale    335.97193728441732       is   0.10685245962430284     
 Added good helicity            1   2.9217756768809129       in event            1 local:           1
 Added good helicity            2   4.5787490391944342E-003  in event            1 local:           1
 Added good helicity            3   1.1291531915494995E-002  in event            1 local:           1
 Added good helicity            4  0.70259832789020604       in event            1 local:           1
 Added good helicity           13   15.888280092611799       in event            1 local:           1
 Added good helicity           14   2.5217129265254078E-003  in event            1 local:           1
 Added good helicity           15   7.2176069979332756E-003  in event            1 local:           1
 Added good helicity           16   7.6520101392184015E-002  in event            1 local:           1
 Added good helicity           17   8.6301740433360283E-003  in event            1 local:           1
 Added good helicity           18   1.3524447281041613E-005  in event            1 local:           1
 Added good helicity           19   3.3352281770869531E-005  in event            1 local:           1
 Added good helicity           20   2.0752947942678387E-003  in event            1 local:           1
 Added good helicity           29   4.6929893877030691E-002  in event            1 local:           1
 Added good helicity           30   7.4484915510272824E-006  in event            1 local:           1
 Added good helicity           31   2.1318955134522812E-005  in event            1 local:           1
 Added good helicity           32   2.2602070311340453E-004  in event            1 local:           1
 Added good helicity           33   9.0120396817587531E-003  in event            1 local:           1
 Added good helicity           34   1.4122873415828241E-005  in event            1 local:           1
 Added good helicity           35   3.4828044635828439E-005  in event            1 local:           1
 Added good helicity           36   2.1671218846079678E-003  in event            1 local:           1
 Added good helicity           45   4.9006435299773082E-002  in event            1 local:           1
 Added good helicity           46   7.7780704178191578E-006  in event            1 local:           1
 Added good helicity           47   2.2262270573130485E-005  in event            1 local:           1
 Added good helicity           48   2.3602160687939512E-004  in event            1 local:           1
 Added good helicity           49   3.4145017076761645E-002  in event            1 local:           1
 Added good helicity           50   5.3509057991885090E-005  in event            1 local:           1
 Added good helicity           51   1.3195727280780235E-004  in event            1 local:           1
 Added good helicity           52   8.2108397621837945E-003  in event            1 local:           1
 Added good helicity           61  0.18567667578838357       in event            1 local:           1
 Added good helicity           62   2.9469726789846983E-005  in event            1 local:           1
 Added good helicity           63   8.4347787596368221E-005  in event            1 local:           1
 Added good helicity           64   8.9424393166996402E-004  in event            1 local:           1
 Added good helicity           65  0.14167705266126857       in event            1 local:           1
 Added good helicity           66   2.2202377611726641E-004  in event            1 local:           1
 Added good helicity           67   5.4752696261944520E-004  in event            1 local:           1
 Added good helicity           68   3.4069029011318294E-002  in event            1 local:           1
 Added good helicity           77  0.77042351785916896       in event            1 local:           1
 Added good helicity           78   1.2227798934562201E-004  in event            1 local:           1
 Added good helicity           79   3.4998213409256587E-004  in event            1 local:           1
 Added good helicity           80   3.7104636472842841E-003  in event            1 local:           1
 Added good helicity           81   4.3405919342556873E-004  in event            1 local:           1
 Added good helicity           82   6.8021926891132738E-007  in event            1 local:           1
 Added good helicity           83   1.6774707499143133E-006  in event            1 local:           1
 Added good helicity           84   1.0437805541311795E-004  in event            1 local:           1
 Added good helicity           93   2.3603639719804843E-003  in event            1 local:           1
 Added good helicity           94   3.7462584400282896E-007  in event            1 local:           1
 Added good helicity           95   1.0722481868731599E-006  in event            1 local:           1
 Added good helicity           96   1.1367831471097528E-005  in event            1 local:           1
 Added good helicity           97   5.6252168121314694E-004  in event            1 local:           1
 Added good helicity           98   8.8153434493996381E-007  in event            1 local:           1
 Added good helicity           99   2.1739285349095736E-006  in event            1 local:           1
 Added good helicity          100   1.3526938284470275E-004  in event            1 local:           1
 Added good helicity          109   3.0589282058855480E-003  in event            1 local:           1
 Added good helicity          110   4.8549866650964456E-007  in event            1 local:           1
 Added good helicity          111   1.3895866321768558E-006  in event            1 local:           1
 Added good helicity          112   1.4732211107898219E-005  in event            1 local:           1
 Added good helicity          113   4.5464731376196688E-003  in event            1 local:           1
 Added good helicity          114   7.1248315451863603E-006  in event            1 local:           1
 Added good helicity          115   1.7570358649564999E-005  in event            1 local:           1
 Added good helicity          116   1.0932887317685461E-003  in event            1 local:           1
 Added good helicity          125   2.4723198024959491E-002  in event            1 local:           1
 Added good helicity          126   3.9239494571585976E-006  in event            1 local:           1
 Added good helicity          127   1.1231066297680343E-005  in event            1 local:           1
 Added good helicity          128   1.1907025861714626E-004  in event            1 local:           1
 Added good helicity          129  0.13005462172468460       in event            1 local:           1
 Added good helicity          130   2.0381012785361977E-004  in event            1 local:           1
 Added good helicity          131   5.0261076631645887E-004  in event            1 local:           1
 Added good helicity          132   3.1274187296850810E-002  in event            1 local:           1
 Added good helicity          141  0.70722207514108393       in event            1 local:           1
 Added good helicity          142   1.1224695425886269E-004  in event            1 local:           1
 Added good helicity          143   3.2127146354908489E-004  in event            1 local:           1
 Added good helicity          144   3.4060769687558135E-003  in event            1 local:           1
 Added good helicity          145   3.6971977375873077E-004  in event            1 local:           1
 Added good helicity          146   5.7939220737032981E-007  in event            1 local:           1
 Added good helicity          147   1.4288237999307751E-006  in event            1 local:           1
 Added good helicity          148   8.8906378708763966E-005  in event            1 local:           1
 Added good helicity          157   2.0104936076155871E-003  in event            1 local:           1
 Added good helicity          158   3.1909606889284861E-007  in event            1 local:           1
 Added good helicity          159   9.1331173966237630E-007  in event            1 local:           1
 Added good helicity          160   9.6828085737625612E-006  in event            1 local:           1
 Added good helicity          161   5.5232069401949630E-004  in event            1 local:           1
 Added good helicity          162   8.6554825788976793E-007  in event            1 local:           1
 Added good helicity          163   2.1345056684047698E-006  in event            1 local:           1
 Added good helicity          164   1.3281635518696703E-004  in event            1 local:           1
 Added good helicity          173   3.0034564107589345E-003  in event            1 local:           1
 Added good helicity          174   4.7669444465473126E-007  in event            1 local:           1
 Added good helicity          175   1.3643873271318785E-006  in event            1 local:           1
 Added good helicity          176   1.4465051455452972E-005  in event            1 local:           1
 Added good helicity          177   4.1690485778431673E-003  in event            1 local:           1
 Added good helicity          178   6.5333650769974448E-006  in event            1 local:           1
 Added good helicity          179   1.6111758834346629E-005  in event            1 local:           1
 Added good helicity          180   1.0025295859854067E-003  in event            1 local:           1
 Added good helicity          189   2.2670806677119501E-002  in event            1 local:           1
 Added good helicity          190   3.5982035764232920E-006  in event            1 local:           1
 Added good helicity          191   1.0298721571358698E-005  in event            1 local:           1
 Added good helicity          192   1.0918566487145908E-004  in event            1 local:           1
 Added good helicity          193   31.810024923190294       in event            1 local:           1
 Added good helicity          194   4.9849864315830945E-002  in event            1 local:           1
 Added good helicity          195  0.12293343205469305       in event            1 local:           1
 Added good helicity          196   7.6493450534293759       in event            1 local:           1
 Added good helicity          205   172.97925700858286       in event            1 local:           1
 Added good helicity          206   2.7454452330692679E-002  in event            1 local:           1
 Added good helicity          207   7.8579700798641447E-002  in event            1 local:           1
 Added good helicity          208  0.83309144903585053       in event            1 local:           1
 Added good helicity          209   8.2538879166508594E-002  in event            1 local:           1
 Added good helicity          210   1.2934764864744276E-004  in event            1 local:           1
 Added good helicity          211   3.1898081558839794E-004  in event            1 local:           1
 Added good helicity          212   1.9848094070735997E-002  in event            1 local:           1
 Added good helicity          221  0.44883693197408303       in event            1 local:           1
 Added good helicity          222   7.1237282239716200E-005  in event            1 local:           1
 Added good helicity          223   2.0389422657858709E-004  in event            1 local:           1
 Added good helicity          224   2.1616592446141746E-003  in event            1 local:           1
 Added good helicity          225  0.20320362961800542       in event            1 local:           1
 Added good helicity          226   3.1844279875295386E-004  in event            1 local:           1
 Added good helicity          227   7.8530336443404251E-004  in event            1 local:           1
 Added good helicity          228   4.8864302458443150E-002  in event            1 local:           1
 Added good helicity          237   1.1049979670762409       in event            1 local:           1
 Added good helicity          238   1.7538006890098801E-004  in event            1 local:           1
 Added good helicity          239   5.0197006934565424E-004  in event            1 local:           1
 Added good helicity          240   5.3218193527535939E-003  in event            1 local:           1
 Added good helicity          241   2.7815089254189722       in event            1 local:           1
 Added good helicity          242   4.3589353626794355E-003  in event            1 local:           1
 Added good helicity          243   1.0749455221056182E-002  in event            1 local:           1
 Added good helicity          244  0.66886843349223568       in event            1 local:           1
 Added good helicity          253   15.125525630473492       in event            1 local:           1
 Added good helicity          254   2.4006521335555300E-003  in event            1 local:           1
 Added good helicity          255   6.8711087041252363E-003  in event            1 local:           1
 Added good helicity          256   7.2846572952355901E-002  in event            1 local:           1
 Added good helicity            1   2.9217756768809120       in event            1 local:           1
 Added good helicity            2   4.5787490391944376E-003  in event            1 local:           1
 Added good helicity            3   1.1291531915494998E-002  in event            1 local:           1
 Added good helicity            4  0.70259832789020482       in event            1 local:           1
 Added good helicity           13   15.888280092611771       in event            1 local:           1
 Added good helicity           14   2.5217129265254065E-003  in event            1 local:           1
 Added good helicity           15   7.2176069979332479E-003  in event            1 local:           1
 Added good helicity           16   7.6520101392183917E-002  in event            1 local:           1
 Added good helicity           17   8.6301740433360249E-003  in event            1 local:           1
 Added good helicity           18   1.3524447281041613E-005  in event            1 local:           1
 Added good helicity           19   3.3352281770869524E-005  in event            1 local:           1
 Added good helicity           20   2.0752947942678361E-003  in event            1 local:           1
 Added good helicity           29   4.6929893877030657E-002  in event            1 local:           1
 Added good helicity           30   7.4484915510272841E-006  in event            1 local:           1
 Added good helicity           31   2.1318955134522738E-005  in event            1 local:           1
 Added good helicity           32   2.2602070311340423E-004  in event            1 local:           1
 Added good helicity           33   9.0120396817587392E-003  in event            1 local:           1
 Added good helicity           34   1.4122873415828241E-005  in event            1 local:           1
 Added good helicity           35   3.4828044635828426E-005  in event            1 local:           1
 Added good helicity           36   2.1671218846079621E-003  in event            1 local:           1
 Added good helicity           45   4.9006435299772950E-002  in event            1 local:           1
 Added good helicity           46   7.7780704178191409E-006  in event            1 local:           1
 Added good helicity           47   2.2262270573130376E-005  in event            1 local:           1
 Added good helicity           48   2.3602160687939455E-004  in event            1 local:           1
 Added good helicity           49   3.4145017076761694E-002  in event            1 local:           1
 Added good helicity           50   5.3509057991885144E-005  in event            1 local:           1
 Added good helicity           51   1.3195727280780251E-004  in event            1 local:           1
 Added good helicity           52   8.2108397621837945E-003  in event            1 local:           1
 Added good helicity           61  0.18567667578838357       in event            1 local:           1
 Added good helicity           62   2.9469726789846966E-005  in event            1 local:           1
 Added good helicity           63   8.4347787596367963E-005  in event            1 local:           1
 Added good helicity           64   8.9424393166996359E-004  in event            1 local:           1
 Added good helicity           65  0.14167705266127012       in event            1 local:           1
 Added good helicity           66   2.2202377611726921E-004  in event            1 local:           1
 Added good helicity           67   5.4752696261945127E-004  in event            1 local:           1
 Added good helicity           68   3.4069029011318627E-002  in event            1 local:           1
 Added good helicity           77  0.77042351785917618       in event            1 local:           1
 Added good helicity           78   1.2227798934562339E-004  in event            1 local:           1
 Added good helicity           79   3.4998213409256868E-004  in event            1 local:           1
 Added good helicity           80   3.7104636472843231E-003  in event            1 local:           1
 Added good helicity           81   4.3405919342556770E-004  in event            1 local:           1
 Added good helicity           82   6.8021926891132654E-007  in event            1 local:           1
 Added good helicity           83   1.6774707499143099E-006  in event            1 local:           1
 Added good helicity           84   1.0437805541311757E-004  in event            1 local:           1
 Added good helicity           93   2.3603639719804756E-003  in event            1 local:           1
 Added good helicity           94   3.7462584400282816E-007  in event            1 local:           1
 Added good helicity           95   1.0722481868731531E-006  in event            1 local:           1
 Added good helicity           96   1.1367831471097495E-005  in event            1 local:           1
 Added good helicity           97   5.6252168121314532E-004  in event            1 local:           1
 Added good helicity           98   8.8153434493996148E-007  in event            1 local:           1
 Added good helicity           99   2.1739285349095677E-006  in event            1 local:           1
 Added good helicity          100   1.3526938284470213E-004  in event            1 local:           1
 Added good helicity          109   3.0589282058855354E-003  in event            1 local:           1
 Added good helicity          110   4.8549866650964329E-007  in event            1 local:           1
 Added good helicity          111   1.3895866321768467E-006  in event            1 local:           1
 Added good helicity          112   1.4732211107898158E-005  in event            1 local:           1
 Added good helicity          113   4.5464731376196645E-003  in event            1 local:           1
 Added good helicity          114   7.1248315451863586E-006  in event            1 local:           1
 Added good helicity          115   1.7570358649564985E-005  in event            1 local:           1
 Added good helicity          116   1.0932887317685440E-003  in event            1 local:           1
 Added good helicity          125   2.4723198024959449E-002  in event            1 local:           1
 Added good helicity          126   3.9239494571585925E-006  in event            1 local:           1
 Added good helicity          127   1.1231066297680290E-005  in event            1 local:           1
 Added good helicity          128   1.1907025861714609E-004  in event            1 local:           1
 Added good helicity          129  0.13005462172468521       in event            1 local:           1
 Added good helicity          130   2.0381012785362085E-004  in event            1 local:           1
 Added good helicity          131   5.0261076631646104E-004  in event            1 local:           1
 Added good helicity          132   3.1274187296850907E-002  in event            1 local:           1
 Added good helicity          141  0.70722207514108693       in event            1 local:           1
 Added good helicity          142   1.1224695425886319E-004  in event            1 local:           1
 Added good helicity          143   3.2127146354908506E-004  in event            1 local:           1
 Added good helicity          144   3.4060769687558256E-003  in event            1 local:           1
 Added good helicity          145   3.6971977375873088E-004  in event            1 local:           1
 Added good helicity          146   5.7939220737033044E-007  in event            1 local:           1
 Added good helicity          147   1.4288237999307755E-006  in event            1 local:           1
 Added good helicity          148   8.8906378708763817E-005  in event            1 local:           1
 Added good helicity          157   2.0104936076155854E-003  in event            1 local:           1
 Added good helicity          158   3.1909606889284872E-007  in event            1 local:           1
 Added good helicity          159   9.1331173966237301E-007  in event            1 local:           1
 Added good helicity          160   9.6828085737625511E-006  in event            1 local:           1
 Added good helicity          161   5.5232069401949587E-004  in event            1 local:           1
 Added good helicity          162   8.6554825788976793E-007  in event            1 local:           1
 Added good helicity          163   2.1345056684047681E-006  in event            1 local:           1
 Added good helicity          164   1.3281635518696676E-004  in event            1 local:           1
 Added good helicity          173   3.0034564107589276E-003  in event            1 local:           1
 Added good helicity          174   4.7669444465473110E-007  in event            1 local:           1
 Added good helicity          175   1.3643873271318708E-006  in event            1 local:           1
 Added good helicity          176   1.4465051455452939E-005  in event            1 local:           1
 Added good helicity          177   4.1690485778431725E-003  in event            1 local:           1
 Added good helicity          178   6.5333650769974575E-006  in event            1 local:           1
 Added good helicity          179   1.6111758834346652E-005  in event            1 local:           1
 Added good helicity          180   1.0025295859854061E-003  in event            1 local:           1
 Added good helicity          189   2.2670806677119494E-002  in event            1 local:           1
 Added good helicity          190   3.5982035764232937E-006  in event            1 local:           1
 Added good helicity          191   1.0298721571358672E-005  in event            1 local:           1
 Added good helicity          192   1.0918566487145906E-004  in event            1 local:           1
 Added good helicity          193   31.810024923190319       in event            1 local:           1
 Added good helicity          194   4.9849864315830987E-002  in event            1 local:           1
 Added good helicity          195  0.12293343205469320       in event            1 local:           1
 Added good helicity          196   7.6493450534293768       in event            1 local:           1
 Added good helicity          205   172.97925700858286       in event            1 local:           1
 Added good helicity          206   2.7454452330692724E-002  in event            1 local:           1
 Added good helicity          207   7.8579700798641253E-002  in event            1 local:           1
 Added good helicity          208  0.83309144903585020       in event            1 local:           1
 Added good helicity          209   8.2538879166508677E-002  in event            1 local:           1
 Added good helicity          210   1.2934764864744303E-004  in event            1 local:           1
 Added good helicity          211   3.1898081558839832E-004  in event            1 local:           1
 Added good helicity          212   1.9848094070735994E-002  in event            1 local:           1
 Added good helicity          221  0.44883693197408320       in event            1 local:           1
 Added good helicity          222   7.1237282239716227E-005  in event            1 local:           1
 Added good helicity          223   2.0389422657858658E-004  in event            1 local:           1
 Added good helicity          224   2.1616592446141742E-003  in event            1 local:           1
 Added good helicity          225  0.20320362961800503       in event            1 local:           1
 Added good helicity          226   3.1844279875295343E-004  in event            1 local:           1
 Added good helicity          227   7.8530336443404121E-004  in event            1 local:           1
 Added good helicity          228   4.8864302458442976E-002  in event            1 local:           1
 Added good helicity          237   1.1049979670762384       in event            1 local:           1
 Added good helicity          238   1.7538006890098772E-004  in event            1 local:           1
 Added good helicity          239   5.0197006934565142E-004  in event            1 local:           1
 Added good helicity          240   5.3218193527535800E-003  in event            1 local:           1
 Added good helicity          241   2.7815089254189718       in event            1 local:           1
 Added good helicity          242   4.3589353626794355E-003  in event            1 local:           1
 Added good helicity          243   1.0749455221056190E-002  in event            1 local:           1
 Added good helicity          244  0.66886843349223513       in event            1 local:           1
 Added good helicity          253   15.125525630473474       in event            1 local:           1
 Added good helicity          254   2.4006521335555300E-003  in event            1 local:           1
 Added good helicity          255   6.8711087041252086E-003  in event            1 local:           1
 Added good helicity          256   7.2846572952355804E-002  in event            1 local:           1
 RESET CUMULATIVE VARIABLE
 RESET CUMULATIVE VARIABLE
 RESET CUMULATIVE VARIABLE
 No points passed cuts!
 Loosen cuts or increase max_events      500000
 Deleting file events.lhe

ls status:
events.lhe
grid_information
input_app.txt
results.dat
run1_app.log
