 Process in group number            1
 A PDF is used, so alpha_s(MZ) is going to be modified
 Old value of alpha_s from param_card:   0.11839999999999999     
  ****************************************
 
       NNPDFDriver version 1.0.3
   Grid: NNPDF23_lo_as_0130_qed_mem0.grid
  ****************************************
 New value of alpha_s from PDF nn23lo1:  0.13000000000000000     
 Define smin to   167.80611600000000     
 Define smin to   167.80611600000000     
 Warning: pt or E min of a jet should in general be >0
 Warning: pt or E min of a jet should in general be >0
 Warning: pt or E min of a jet should in general be >0
 Warning: pt or E min of a jet should in general be >0
 *****************************************************
 *               MadGraph/MadEvent                   *
 *        --------------------------------           *
 *          http://madgraph.hep.uiuc.edu             *
 *          http://madgraph.phys.ucl.ac.be           *
 *          http://madgraph.roma2.infn.it            *
 *        --------------------------------           *
 *                                                   *
 *          PARAMETER AND COUPLING VALUES            *
 *                                                   *
 *****************************************************

  External Params
  ---------------------------------
  
 mdl_cabi =   0.22773599999999999     
 aEWM1 =    127.90000000000001     
 mdl_Gf =    1.1663700000000000E-005
 aS =   0.11839999999999999     
 mdl_ymb =    4.7000000000000002     
 mdl_ymt =    172.00000000000000     
 mdl_ymtau =    1.7769999999999999     
 mdl_Lambda =    5000.0000000000000     
 mdl_ca =    1.0000000000000000     
 mdl_kSM =    5.0000000000000003E-002
 mdl_kHtt =    0.0000000000000000     
 mdl_kAtt =    0.0000000000000000     
 mdl_kHbb =    0.0000000000000000     
 mdl_kAbb =    0.0000000000000000     
 mdl_kHll =    0.0000000000000000     
 mdl_kAll =    0.0000000000000000     
 mdl_kHaa =    0.0000000000000000     
 mdl_kAaa =    0.0000000000000000     
 mdl_kHza =    0.0000000000000000     
 mdl_kAza =    0.0000000000000000     
 mdl_kHgg =    0.0000000000000000     
 mdl_kAgg =    0.0000000000000000     
 mdl_kHzz =  -0.52481000000000000     
 mdl_kAzz =    0.0000000000000000     
 mdl_kHww =  -0.52481000000000000     
 mdl_kAww =    0.0000000000000000     
 mdl_kHda =    0.0000000000000000     
 mdl_kHdz =  -0.26240500000000000     
 mdl_kHdwR =  -0.26240500000000000     
 mdl_kHdwI =    0.0000000000000000     
 mdl_kHHgg =    1.0000000000000000     
 mdl_kAAgg =    1.0000000000000000     
 mdl_kqa =    1.0000000000000000     
 mdl_kqb =    1.0000000000000000     
 mdl_kla =    1.0000000000000000     
 mdl_klb =    1.0000000000000000     
 mdl_kw1 =    1.0000000000000000     
 mdl_kw2 =    1.0000000000000000     
 mdl_kw3 =    0.0000000000000000     
 mdl_kw4 =    0.0000000000000000     
 mdl_kw5 =    0.0000000000000000     
 mdl_kz1 =    0.0000000000000000     
 mdl_kz3 =    1.0000000000000000     
 mdl_kz5 =    0.0000000000000000     
 mdl_kq =    1.0000000000000000     
 mdl_kq3 =    1.0000000000000000     
 mdl_kl =    1.0000000000000000     
 mdl_kg =    1.0000000000000000     
 mdl_ka =    1.0000000000000000     
 mdl_kz =    1.0000000000000000     
 mdl_kw =    1.0000000000000000     
 mdl_kza =    0.0000000000000000     
 mdl_MZ =    91.187600000000003     
 mdl_MTA =    1.7769999999999999     
 mdl_MT =    172.00000000000000     
 mdl_MB =    4.7000000000000002     
 mdl_MX0 =    600.00000000000000     
 mdl_MX1 =    125.00000000000000     
 mdl_MX2 =    125.00000000000000     
 mdl_WZ =    2.4952000000000001     
 mdl_WW =    2.0850000000000000     
 mdl_WT =    1.5083359999999999     
 mdl_WX0 =   0.15059000000000000     
 mdl_WX1 =    4.0699999999999998E-003
 mdl_WX2 =    4.0699999999999998E-003
  Internal Params
  ---------------------------------
  
 mdl_cos__cabi =   0.97418004031982097     
 mdl_CKM1x1 =  ( 0.97418004031982097     ,  0.0000000000000000     )
 mdl_sin__cabi =   0.22577256042856930     
 mdl_CKM1x2 =  ( 0.22577256042856930     ,  0.0000000000000000     )
 mdl_CKM2x1 =  (-0.22577256042856930     ,  0.0000000000000000     )
 mdl_CKM2x2 =  ( 0.97418004031982097     ,  0.0000000000000000     )
 mdl_ca__exp__2 =    1.0000000000000000     
 mdl_sa =    0.0000000000000000     
 mdl_complexi =  (  0.0000000000000000     ,  1.0000000000000000     )
 mdl_kHdw =  (-0.26240500000000000     ,  0.0000000000000000     )
 mdl_MZ__exp__2 =    8315.1783937600012     
 mdl_MZ__exp__4 =    69142191.720053151     
 mdl_sqrt__2 =    1.4142135623730951     
 mdl_nb__2__exp__0_75 =    1.6817928305074290     
 mdl_MX0__exp__2 =    360000.00000000000     
 mdl_ca__exp__4 =    1.0000000000000000     
 mdl_ca__exp__3 =    1.0000000000000000     
 mdl_conjg__CKM1x1 =  ( 0.97418004031982097     , -0.0000000000000000     )
 mdl_conjg__CKM1x2 =  ( 0.22577256042856930     , -0.0000000000000000     )
 mdl_conjg__CKM2x1 =  (-0.22577256042856930     , -0.0000000000000000     )
 mdl_conjg__CKM2x2 =  ( 0.97418004031982097     , -0.0000000000000000     )
 mdl_conjg__kHdw =  (-0.26240500000000000     , -0.0000000000000000     )
 mdl_aEW =    7.8186082877247844E-003
 mdl_MW =    79.824359746197842     
 mdl_sqrt__aEW =    8.8422894590285753E-002
 mdl_ee =   0.31345100004952897     
 mdl_MW__exp__2 =    6371.9284088904105     
 mdl_sw2 =   0.23369913342182447     
 mdl_cw =   0.87538612427783857     
 mdl_sqrt__sw2 =   0.48342438232036300     
 mdl_sw =   0.48342438232036300     
 mdl_ad =  -0.12747442148678401     
 mdl_al =   -1.2074027013887732E-002
 mdl_an =   0.18517461872323218     
 mdl_au =    6.9774224250335873E-002
 mdl_bd =  -0.18517461872323218     
 mdl_bl =  -0.18517461872323218     
 mdl_bn =   0.18517461872323218     
 mdl_bu =   0.18517461872323218     
 mdl_gwwz =  -0.56759788318358417     
 mdl_g1 =   0.35807170271074895     
 mdl_gw =   0.64839716719502682     
 mdl_vev =    246.22056907348590     
 mdl_ee__exp__2 =    9.8251529432049817E-002
 mdl_gAaa =    1.3477023594718659E-005
 mdl_vev__exp__2 =    60624.568634871241     
 mdl_cw__exp__2 =   0.76630086657817542     
 mdl_gAza =    4.4999802188047602E-006
 mdl_gHaa =    2.6392504539657372E-005
 mdl_gHza =    3.9166441035016922E-005
 mdl_lam =    2.9690932909411916     
 mdl_yb =    2.6995322804122722E-002
 mdl_yt =   0.98791394091683138     
 mdl_ytau =    1.0206529494239589E-002
 mdl_muH =    424.26406871192853     
 mdl_sw__exp__2 =   0.23369913342182450     
  Internal Params evaluated point by point
  ----------------------------------------
  
 mdl_sqrt__aS =   0.34409301068170506     
 mdl_G__exp__2 =    1.4878582807401259     
 mdl_gAAgg =    3.1083017473614446E-007
 mdl_gAgg =    7.6532782508744533E-005
 mdl_gHgg =   -5.1021855005829691E-005
 mdl_gHHgg =    2.0722011649076294E-007
  Couplings of HC_UFO
  ---------------------------------
  
        GC_10 =  -0.00000E+00   0.00000E+00
        GC_13 =  -0.00000E+00  -0.20722E-06
        GC_62 =   0.00000E+00   0.00000E+00
        GC_64 =   0.00000E+00   0.00000E+00
         GC_1 =  -0.00000E+00  -0.10448E+00
         GC_2 =   0.00000E+00   0.20897E+00
         GC_3 =  -0.00000E+00  -0.31345E+00
         GC_9 =  -0.00000E+00  -0.00000E+00
        GC_16 =  -0.00000E+00  -0.00000E+00
        GC_17 =   0.00000E+00  -0.12074E-01
        GC_19 =  -0.00000E+00   0.18517E+00
        GC_21 =   0.00000E+00  -0.12747E+00
        GC_22 =   0.00000E+00   0.69774E-01
        GC_23 =  -0.00000E+00   0.18517E+00
        GC_24 =  -0.00000E+00  -0.18517E+00
        GC_61 =   0.00000E+00   0.00000E+00
        GC_66 =   0.00000E+00   0.00000E+00
        GC_77 =  -0.00000E+00  -0.28380E+00
        GC_78 =   0.00000E+00   0.28380E+00
        GC_89 =  -0.00000E+00  -0.28850E-01
        GC_90 =   0.00000E+00   0.86550E-01
        GC_98 =  -0.00000E+00  -0.21932E+03
       GC_100 =   0.00000E+00   0.33771E+01
       GC_101 =  -0.00000E+00  -0.00000E+00
       GC_102 =   0.00000E+00   0.00000E+00
       GC_105 =  -0.00000E+00  -0.00000E+00
       GC_106 =   0.00000E+00   0.00000E+00
        GC_35 =  -0.00000E+00  -0.20000E-03
        GC_38 =  -0.00000E+00  -0.00000E+00
        GC_40 =   0.00000E+00   0.52481E-04
        GC_42 =   0.00000E+00   0.10496E-03
        GC_43 =   0.00000E+00   0.50000E-04
        GC_45 =   0.00000E+00   0.50000E-04
        GC_49 =   0.00000E+00   0.50000E-04
        GC_56 =  -0.00000E+00  -0.94000E-03
        GC_58 =  -0.00000E+00  -0.35540E-03
        GC_68 =   0.00000E+00   0.00000E+00

 Collider parameters:
 --------------------

 Running at P P   machine @    13000.000000000000       GeV
 PDF set = nn23lo1
 alpha_s(Mz)= 0.1300 running at 2 loops.
 alpha_s(Mz)= 0.1300 running at 2 loops.
 Renormalization scale set on event-by-event basis
 Factorization   scale set on event-by-event basis


 getting user params
Enter number of events and max and min iterations: 
 Number of events and iterations         1000           5           3
Enter desired fractional accuracy: 
 Desired fractional accuracy:   0.10000000000000001     
Enter 0 for fixed, 2 for adjustable grid: 
Suppress amplitude (0 no, 1 yes)? 
 Using suppressed amplitude.
Exact helicity sum (0 yes, n = number/event)? 
 Explicitly summing over helicities
Enter Configuration Number: 
Running Configuration Number:   90
 Not subdividing B.W.
 Attempting mappinvarients           1           8
 Completed mapping           8
 about to integrate           16        1000           5           3          16           1
 Using non-zero grid deformation.
 16 dimensions   1000 events 16 invarients  5 iterations  1 config(s),  (0.99)
 Using h-tuple random number sequence.
 Error opening grid
 Using Uniform Grid!          32
 Using uniform alpha   1.0000000000000000     
 Grid defined OK
 Set CM energy to      13000.00
 Mapping Graph          90  to config          90
 Setting BW          -1           1   91.187600000000003     
 Setting BW          -2           2   91.187600000000003     
 Setting BW          -3           3   600.00000000000000     
 Setting BW          -4           4   91.187600000000003     
Setting grid   5    0.17101E-04   1
 Transforming s_hat 1/s           15   2.5115575576956360E-003   167.80611600000000        168999999.99999997     
  90   1   2   3   4   5   6   7   8   9  10  11  12  13  14
  15  16
 Masses: 0.470E+01 0.470E+01 0.000E+00 0.000E+00 0.178E+01 0.178E+01 0.470E+01 0.470E+01
Using random seed offsets    90 :     15
  with seed                   24
 Ranmar initialization seeds       31148        9412
 
 ********************************************
 * You are using the DiscreteSampler module *
 *      part of the MG5_aMC framework       *
 *         Author: Valentin Hirschi         *
 ********************************************
 
  Particle       3       4       5       6       7       8
      Et >     0.0     0.0     0.0     0.0     0.0     0.0
       E >     0.0     0.0     0.0     0.0     0.0     0.0
     Eta <    -1.0    -1.0    -1.0    -1.0    -1.0    -1.0
   xqcut:      0.0     0.0     0.0     0.0     0.0     0.0
d R # 3  >    -0.0     0.0     0.0     0.0     0.0     0.0
d R # 4  >    -0.0    -0.0     0.0     0.0     0.0     0.0
d R # 5  >    -0.0    -0.0    -0.0     0.0     0.0     0.0
d R # 6  >    -0.0    -0.0    -0.0    -0.0     0.0     0.0
d R # 7  >    -0.0    -0.0    -0.0    -0.0    -0.0     0.0
s min # 3>     0.0     0.0     3.2     3.2    22.1     0.0
s min # 4>     0.0     0.0     3.2     3.2    22.1     0.0
s min # 5>     0.0     0.0     0.0    12.6    42.0     0.0
s min # 6>     0.0     0.0     0.0     0.0    42.0     0.0
s min # 7>     0.0     0.0     0.0     0.0     0.0     0.0
xqcutij # 3>     0.0     0.0     0.0     0.0     0.0     0.0
xqcutij # 4>     0.0     0.0     0.0     0.0     0.0     0.0
xqcutij # 5>     0.0     0.0     0.0     0.0     0.0     0.0
xqcutij # 6>     0.0     0.0     0.0     0.0     0.0     0.0
xqcutij # 7>     0.0     0.0     0.0     0.0     0.0     0.0
 No cut BW           -1           1
 No cut BW           -2           2
 No cut BW           -3           3
 No cut BW           -4           4
 alpha_s for scale    232.87176869714571       is   0.11246346367450524     
 Added good helicity            1  0.81460367117772015       in event            1 local:           1
 Added good helicity            2   3.6227295372070313E-003  in event            1 local:           1
 Added good helicity            3   1.9966022517637811E-002  in event            1 local:           1
 Added good helicity            4   6.4605871636914695E-003  in event            1 local:           1
 Added good helicity            5   4.9162591354518176E-004  in event            1 local:           1
 Added good helicity            6   6.4586585792718886E-006  in event            1 local:           1
 Added good helicity            7   5.3678618543291551E-006  in event            1 local:           1
 Added good helicity            8   3.8926956755782164E-005  in event            1 local:           1
 Added good helicity            9   1.4398840733607233E-003  in event            1 local:           1
 Added good helicity           10   6.1422393359754350E-006  in event            1 local:           1
 Added good helicity           11   3.4649883894600944E-005  in event            1 local:           1
 Added good helicity           12   1.3898293199990264E-005  in event            1 local:           1
 Added good helicity           13  0.17913104808001656       in event            1 local:           1
 Added good helicity           14   2.7856739345051046E-003  in event            1 local:           1
 Added good helicity           15   1.7731260560798381E-003  in event            1 local:           1
 Added good helicity           16   2.0432385433786976E-002  in event            1 local:           1
 Added good helicity           49   1.1270848249846457       in event            1 local:           1
 Added good helicity           50   5.0124049656030609E-003  in event            1 local:           1
 Added good helicity           51   2.7624968792979775E-002  in event            1 local:           1
 Added good helicity           52   8.9388619402607991E-003  in event            1 local:           1
 Added good helicity           53   6.8021312244380980E-004  in event            1 local:           1
 Added good helicity           54   8.9361935527860936E-006  in event            1 local:           1
 Added good helicity           55   7.4269682947554524E-006  in event            1 local:           1
 Added good helicity           56   5.3859298447359512E-005  in event            1 local:           1
 Added good helicity           57   1.9922221642773449E-003  in event            1 local:           1
 Added good helicity           58   8.4983962041233229E-006  in event            1 local:           1
 Added good helicity           59   4.7941544712931147E-005  in event            1 local:           1
 Added good helicity           60   1.9229664575718301E-005  in event            1 local:           1
 Added good helicity           61  0.24784553902474885       in event            1 local:           1
 Added good helicity           62   3.8542556706094066E-003  in event            1 local:           1
 Added good helicity           63   2.4532954383855933E-003  in event            1 local:           1
 Added good helicity           64   2.8270228057484928E-002  in event            1 local:           1
 Added good helicity           65   10.047173345815047       in event            1 local:           1
 Added good helicity           66   4.4682086434376544E-002  in event            1 local:           1
 Added good helicity           67  0.24625728603841343       in event            1 local:           1
 Added good helicity           68   7.9683705642414643E-002  in event            1 local:           1
 Added good helicity           69   6.0636244955069602E-003  in event            1 local:           1
 Added good helicity           70   7.9659918833367116E-005  in event            1 local:           1
 Added good helicity           71   6.6206230655529435E-005  in event            1 local:           1
 Added good helicity           72   4.8011799625816137E-004  in event            1 local:           1
 Added good helicity           73   1.7759267966492229E-002  in event            1 local:           1
 Added good helicity           74   7.5757261504613862E-005  in event            1 local:           1
 Added good helicity           75   4.2736535841792107E-004  in event            1 local:           1
 Added good helicity           76   1.7141901753202392E-004  in event            1 local:           1
 Added good helicity           77   2.2093697283188480       in event            1 local:           1
 Added good helicity           78   3.4357995053505307E-002  in event            1 local:           1
 Added good helicity           79   2.1869413899963705E-002  in event            1 local:           1
 Added good helicity           80  0.25200932132427989       in event            1 local:           1
 Added good helicity          113   2.0585072044819599       in event            1 local:           1
 Added good helicity          114   9.1546541171962214E-003  in event            1 local:           1
 Added good helicity          115   5.0454230261429499E-002  in event            1 local:           1
 Added good helicity          116   1.6325933324625435E-002  in event            1 local:           1
 Added good helicity          117   1.2423409330817924E-003  in event            1 local:           1
 Added good helicity          118   1.6321059782972428E-005  in event            1 local:           1
 Added good helicity          119   1.3564611467838273E-005  in event            1 local:           1
 Added good helicity          120   9.8368597841554735E-005  in event            1 local:           1
 Added good helicity          121   3.6385936419199255E-003  in event            1 local:           1
 Added good helicity          122   1.5521466907309629E-005  in event            1 local:           1
 Added good helicity          123   8.7560415150569854E-005  in event            1 local:           1
 Added good helicity          124   3.5121050511372982E-005  in event            1 local:           1
 Added good helicity          125  0.45266497815558104       in event            1 local:           1
 Added good helicity          126   7.0394107790183449E-003  in event            1 local:           1
 Added good helicity          127   4.4806976570803091E-003  in event            1 local:           1
 Added good helicity          128   5.1632731484494633E-002  in event            1 local:           1
 Added good helicity          129   14.916301290868422       in event            1 local:           1
 Added good helicity          130   6.6336216229154615E-002  in event            1 local:           1
 Added good helicity          131  0.36560012922943746       in event            1 local:           1
 Added good helicity          132  0.11830055284456810       in event            1 local:           1
 Added good helicity          133   9.0022185122690009E-003  in event            1 local:           1
 Added good helicity          134   1.1826523831397448E-004  in event            1 local:           1
 Added good helicity          135   9.8291534325119643E-005  in event            1 local:           1
 Added good helicity          136   7.1279597164886142E-004  in event            1 local:           1
 Added good helicity          137   2.6365882480151145E-002  in event            1 local:           1
 Added good helicity          138   1.1247124924390956E-004  in event            1 local:           1
 Added good helicity          139   6.3447799973481516E-004  in event            1 local:           1
 Added good helicity          140   2.5449324148043743E-004  in event            1 local:           1
 Added good helicity          141   3.2800891749573609       in event            1 local:           1
 Added good helicity          142   5.1008795044003262E-002  in event            1 local:           1
 Added good helicity          143   3.2467914662031902E-002  in event            1 local:           1
 Added good helicity          144  0.37413975409770245       in event            1 local:           1
 Added good helicity          177   3.0561146518155571       in event            1 local:           1
 Added good helicity          178   1.3591243459800168E-002  in event            1 local:           1
 Added good helicity          179   7.4905694773526210E-002  in event            1 local:           1
 Added good helicity          180   2.4237915674678374E-002  in event            1 local:           1
 Added good helicity          181   1.8444124557227156E-003  in event            1 local:           1
 Added good helicity          182   2.4230680284867955E-005  in event            1 local:           1
 Added good helicity          183   2.0138383661124157E-005  in event            1 local:           1
 Added good helicity          184   1.4604064172696562E-004  in event            1 local:           1
 Added good helicity          185   5.4019530837021469E-003  in event            1 local:           1
 Added good helicity          186   2.3043583393742213E-005  in event            1 local:           1
 Added good helicity          187   1.2999452568253304E-004  in event            1 local:           1
 Added good helicity          188   5.2141647511004309E-005  in event            1 local:           1
 Added good helicity          189  0.67203848939318256       in event            1 local:           1
 Added good helicity          190   1.0450896831969212E-002  in event            1 local:           1
 Added good helicity          191   6.6521631453822679E-003  in event            1 local:           1
 Added good helicity          192   7.6655329094528421E-002  in event            1 local:           1
 Added good helicity          193   161.53399731373841       in event            1 local:           1
 Added good helicity          194  0.71837876999197925       in event            1 local:           1
 Added good helicity          195   3.9592154342581072       in event            1 local:           1
 Added good helicity          196   1.2811192810316101       in event            1 local:           1
 Added good helicity          197   9.7488265530595614E-002  in event            1 local:           1
 Added good helicity          198   1.2807368472647661E-003  in event            1 local:           1
 Added good helicity          199   1.0644344152096919E-003  in event            1 local:           1
 Added good helicity          200   7.7191242201616406E-003  in event            1 local:           1
 Added good helicity          201  0.28552563445003470       in event            1 local:           1
 Added good helicity          202   1.2179916534912497E-003  in event            1 local:           1
 Added good helicity          203   6.8709907038102397E-003  in event            1 local:           1
 Added good helicity          204   2.7559989426354783E-003  in event            1 local:           1
 Added good helicity          205   35.521266676260446       in event            1 local:           1
 Added good helicity          206  0.55239260731876438       in event            1 local:           1
 Added good helicity          207  0.35160673799275399       in event            1 local:           1
 Added good helicity          208   4.0516941066603032       in event            1 local:           1
 Added good helicity          241   4.9008419028833314       in event            1 local:           1
 Added good helicity          242   2.1795169045934631E-002  in event            1 local:           1
 Added good helicity          243  0.12012015566647720       in event            1 local:           1
 Added good helicity          244   3.8868369256516176E-002  in event            1 local:           1
 Added good helicity          245   2.9577338807743659E-003  in event            1 local:           1
 Added good helicity          246   3.8856766451776661E-005  in event            1 local:           1
 Added good helicity          247   3.2294284000158906E-005  in event            1 local:           1
 Added good helicity          248   2.3419347048197093E-004  in event            1 local:           1
 Added good helicity          249   8.6626717405021893E-003  in event            1 local:           1
 Added good helicity          250   3.6953115951179373E-005  in event            1 local:           1
 Added good helicity          251   2.0846162241718497E-004  in event            1 local:           1
 Added good helicity          252   8.3615309018427659E-005  in event            1 local:           1
 Added good helicity          253   1.0776933343164687       in event            1 local:           1
 Added good helicity          254   1.6759251190526517E-002  in event            1 local:           1
 Added good helicity          255   1.0667531687117196E-002  in event            1 local:           1
 Added good helicity          256  0.12292590157983696       in event            1 local:           1
 Added good helicity            1  0.81460367117771881       in event            1 local:           1
 Added good helicity            2   3.6227295372070504E-003  in event            1 local:           1
 Added good helicity            3   1.9966022517637811E-002  in event            1 local:           1
 Added good helicity            4   6.4605871636915866E-003  in event            1 local:           1
 Added good helicity            5   4.9162591354518686E-004  in event            1 local:           1
 Added good helicity            6   6.4586585792719055E-006  in event            1 local:           1
 Added good helicity            7   5.3678618543292720E-006  in event            1 local:           1
 Added good helicity            8   3.8926956755782225E-005  in event            1 local:           1
 Added good helicity            9   1.4398840733607231E-003  in event            1 local:           1
 Added good helicity           10   6.1422393359754706E-006  in event            1 local:           1
 Added good helicity           11   3.4649883894601005E-005  in event            1 local:           1
 Added good helicity           12   1.3898293199990435E-005  in event            1 local:           1
 Added good helicity           13  0.17913104808001981       in event            1 local:           1
 Added good helicity           14   2.7856739345051215E-003  in event            1 local:           1
 Added good helicity           15   1.7731260560798960E-003  in event            1 local:           1
 Added good helicity           16   2.0432385433787028E-002  in event            1 local:           1
 Added good helicity           49   1.1270848249846437       in event            1 local:           1
 Added good helicity           50   5.0124049656030886E-003  in event            1 local:           1
 Added good helicity           51   2.7624968792979814E-002  in event            1 local:           1
 Added good helicity           52   8.9388619402609518E-003  in event            1 local:           1
 Added good helicity           53   6.8021312244381674E-004  in event            1 local:           1
 Added good helicity           54   8.9361935527861258E-006  in event            1 local:           1
 Added good helicity           55   7.4269682947556218E-006  in event            1 local:           1
 Added good helicity           56   5.3859298447359695E-005  in event            1 local:           1
 Added good helicity           57   1.9922221642773431E-003  in event            1 local:           1
 Added good helicity           58   8.4983962041233924E-006  in event            1 local:           1
 Added good helicity           59   4.7941544712931283E-005  in event            1 local:           1
 Added good helicity           60   1.9229664575718572E-005  in event            1 local:           1
 Added good helicity           61  0.24784553902475367       in event            1 local:           1
 Added good helicity           62   3.8542556706094339E-003  in event            1 local:           1
 Added good helicity           63   2.4532954383856722E-003  in event            1 local:           1
 Added good helicity           64   2.8270228057484980E-002  in event            1 local:           1
 Added good helicity           65   10.047173345814874       in event            1 local:           1
 Added good helicity           66   4.4682086434376114E-002  in event            1 local:           1
 Added good helicity           67  0.24625728603840991       in event            1 local:           1
 Added good helicity           68   7.9683705642414740E-002  in event            1 local:           1
 Added good helicity           69   6.0636244955069281E-003  in event            1 local:           1
 Added good helicity           70   7.9659918833366235E-005  in event            1 local:           1
 Added good helicity           71   6.6206230655529855E-005  in event            1 local:           1
 Added good helicity           72   4.8011799625815492E-004  in event            1 local:           1
 Added good helicity           73   1.7759267966491937E-002  in event            1 local:           1
 Added good helicity           74   7.5757261504613225E-005  in event            1 local:           1
 Added good helicity           75   4.2736535841791489E-004  in event            1 local:           1
 Added good helicity           76   1.7141901753202335E-004  in event            1 local:           1
 Added good helicity           77   2.2093697283188538       in event            1 local:           1
 Added good helicity           78   3.4357995053505008E-002  in event            1 local:           1
 Added good helicity           79   2.1869413899964083E-002  in event            1 local:           1
 Added good helicity           80  0.25200932132427656       in event            1 local:           1
 Added good helicity          113   2.0585072044819035       in event            1 local:           1
 Added good helicity          114   9.1546541171960306E-003  in event            1 local:           1
 Added good helicity          115   5.0454230261428187E-002  in event            1 local:           1
 Added good helicity          116   1.6325933324625293E-002  in event            1 local:           1
 Added good helicity          117   1.2423409330817724E-003  in event            1 local:           1
 Added good helicity          118   1.6321059782972072E-005  in event            1 local:           1
 Added good helicity          119   1.3564611467838212E-005  in event            1 local:           1
 Added good helicity          120   9.8368597841552390E-005  in event            1 local:           1
 Added good helicity          121   3.6385936419198236E-003  in event            1 local:           1
 Added good helicity          122   1.5521466907309334E-005  in event            1 local:           1
 Added good helicity          123   8.7560415150567740E-005  in event            1 local:           1
 Added good helicity          124   3.5121050511372521E-005  in event            1 local:           1
 Added good helicity          125  0.45266497815557721       in event            1 local:           1
 Added good helicity          126   7.0394107790182053E-003  in event            1 local:           1
 Added good helicity          127   4.4806976570803412E-003  in event            1 local:           1
 Added good helicity          128   5.1632731484493370E-002  in event            1 local:           1
 Added good helicity          129   14.916301290868065       in event            1 local:           1
 Added good helicity          130   6.6336216229153436E-002  in event            1 local:           1
 Added good helicity          131  0.36560012922942953       in event            1 local:           1
 Added good helicity          132  0.11830055284456742       in event            1 local:           1
 Added good helicity          133   9.0022185122688898E-003  in event            1 local:           1
 Added good helicity          134   1.1826523831397224E-004  in event            1 local:           1
 Added good helicity          135   9.8291534325119521E-005  in event            1 local:           1
 Added good helicity          136   7.1279597164884657E-004  in event            1 local:           1
 Added good helicity          137   2.6365882480150503E-002  in event            1 local:           1
 Added good helicity          138   1.1247124924390777E-004  in event            1 local:           1
 Added good helicity          139   6.3447799973480172E-004  in event            1 local:           1
 Added good helicity          140   2.5449324148043515E-004  in event            1 local:           1
 Added good helicity          141   3.2800891749573449       in event            1 local:           1
 Added good helicity          142   5.1008795044002464E-002  in event            1 local:           1
 Added good helicity          143   3.2467914662032256E-002  in event            1 local:           1
 Added good helicity          144  0.37413975409769501       in event            1 local:           1
 Added good helicity          177   3.0561146518155082       in event            1 local:           1
 Added good helicity          178   1.3591243459800055E-002  in event            1 local:           1
 Added good helicity          179   7.4905694773525211E-002  in event            1 local:           1
 Added good helicity          180   2.4237915674678454E-002  in event            1 local:           1
 Added good helicity          181   1.8444124557227091E-003  in event            1 local:           1
 Added good helicity          182   2.4230680284867714E-005  in event            1 local:           1
 Added good helicity          183   2.0138383661124303E-005  in event            1 local:           1
 Added good helicity          184   1.4604064172696394E-004  in event            1 local:           1
 Added good helicity          185   5.4019530837020602E-003  in event            1 local:           1
 Added good helicity          186   2.3043583393742070E-005  in event            1 local:           1
 Added good helicity          187   1.2999452568253139E-004  in event            1 local:           1
 Added good helicity          188   5.2141647511004261E-005  in event            1 local:           1
 Added good helicity          189  0.67203848939318522       in event            1 local:           1
 Added good helicity          190   1.0450896831969144E-002  in event            1 local:           1
 Added good helicity          191   6.6521631453823945E-003  in event            1 local:           1
 Added good helicity          192   7.6655329094527519E-002  in event            1 local:           1
 Added good helicity          193   161.53399731373835       in event            1 local:           1
 Added good helicity          194  0.71837876999198391       in event            1 local:           1
 Added good helicity          195   3.9592154342581076       in event            1 local:           1
 Added good helicity          196   1.2811192810316314       in event            1 local:           1
 Added good helicity          197   9.7488265530596599E-002  in event            1 local:           1
 Added good helicity          198   1.2807368472647724E-003  in event            1 local:           1
 Added good helicity          199   1.0644344152097147E-003  in event            1 local:           1
 Added good helicity          200   7.7191242201616554E-003  in event            1 local:           1
 Added good helicity          201  0.28552563445003409       in event            1 local:           1
 Added good helicity          202   1.2179916534912605E-003  in event            1 local:           1
 Added good helicity          203   6.8709907038102588E-003  in event            1 local:           1
 Added good helicity          204   2.7559989426355147E-003  in event            1 local:           1
 Added good helicity          205   35.521266676261099       in event            1 local:           1
 Added good helicity          206  0.55239260731876816       in event            1 local:           1
 Added good helicity          207  0.35160673799276565       in event            1 local:           1
 Added good helicity          208   4.0516941066603103       in event            1 local:           1
 Added good helicity          241   4.9008419028833234       in event            1 local:           1
 Added good helicity          242   2.1795169045934728E-002  in event            1 local:           1
 Added good helicity          243  0.12012015566647720       in event            1 local:           1
 Added good helicity          244   3.8868369256516835E-002  in event            1 local:           1
 Added good helicity          245   2.9577338807743980E-003  in event            1 local:           1
 Added good helicity          246   3.8856766451776797E-005  in event            1 local:           1
 Added good helicity          247   3.2294284000159598E-005  in event            1 local:           1
 Added good helicity          248   2.3419347048197125E-004  in event            1 local:           1
 Added good helicity          249   8.6626717405021755E-003  in event            1 local:           1
 Added good helicity          250   3.6953115951179576E-005  in event            1 local:           1
 Added good helicity          251   2.0846162241718524E-004  in event            1 local:           1
 Added good helicity          252   8.3615309018428784E-005  in event            1 local:           1
 Added good helicity          253   1.0776933343164889       in event            1 local:           1
 Added good helicity          254   1.6759251190526629E-002  in event            1 local:           1
 Added good helicity          255   1.0667531687117548E-002  in event            1 local:           1
 Added good helicity          256  0.12292590157983714       in event            1 local:           1
 RESET CUMULATIVE VARIABLE
 RESET CUMULATIVE VARIABLE
 RESET CUMULATIVE VARIABLE
 No points passed cuts!
 Loosen cuts or increase max_events      500000
 Deleting file events.lhe

ls status:
events.lhe
grid_information
input_app.txt
results.dat
run1_app.log
