 Process in group number            1
 A PDF is used, so alpha_s(MZ) is going to be modified
 Old value of alpha_s from param_card:   0.11839999999999999     
  ****************************************
 
       NNPDFDriver version 1.0.3
   Grid: NNPDF23_lo_as_0130_qed_mem0.grid
  ****************************************
 New value of alpha_s from PDF nn23lo1:  0.13000000000000000     
 Define smin to   12.630915999999999     
 Define smin to   12.630915999999999     
 Define smin to   12.630915999999999     
 Define smin to   12.630915999999999     
 Define smin to   12.630915999999999     
 Define smin to   12.630915999999999     
 Warning: pt or E min of a jet should in general be >0
 Warning: pt or E min of a jet should in general be >0
 Warning: pt or E min of a jet should in general be >0
 Warning: pt or E min of a jet should in general be >0
 *****************************************************
 *               MadGraph/MadEvent                   *
 *        --------------------------------           *
 *          http://madgraph.hep.uiuc.edu             *
 *          http://madgraph.phys.ucl.ac.be           *
 *          http://madgraph.roma2.infn.it            *
 *        --------------------------------           *
 *                                                   *
 *          PARAMETER AND COUPLING VALUES            *
 *                                                   *
 *****************************************************

  External Params
  ---------------------------------
  
 mdl_cabi =   0.22773599999999999     
 aEWM1 =    127.90000000000001     
 mdl_Gf =    1.1663700000000000E-005
 aS =   0.11839999999999999     
 mdl_ymb =    4.7000000000000002     
 mdl_ymt =    172.00000000000000     
 mdl_ymtau =    1.7769999999999999     
 mdl_Lambda =    5000.0000000000000     
 mdl_ca =    1.0000000000000000     
 mdl_kSM =    5.0000000000000003E-002
 mdl_kHtt =    0.0000000000000000     
 mdl_kAtt =    0.0000000000000000     
 mdl_kHbb =    0.0000000000000000     
 mdl_kAbb =    0.0000000000000000     
 mdl_kHll =    0.0000000000000000     
 mdl_kAll =    0.0000000000000000     
 mdl_kHaa =    0.0000000000000000     
 mdl_kAaa =    0.0000000000000000     
 mdl_kHza =    0.0000000000000000     
 mdl_kAza =    0.0000000000000000     
 mdl_kHgg =    0.0000000000000000     
 mdl_kAgg =    0.0000000000000000     
 mdl_kHzz =  -0.52481000000000000     
 mdl_kAzz =    0.0000000000000000     
 mdl_kHww =  -0.52481000000000000     
 mdl_kAww =    0.0000000000000000     
 mdl_kHda =    0.0000000000000000     
 mdl_kHdz =  -0.26240500000000000     
 mdl_kHdwR =  -0.26240500000000000     
 mdl_kHdwI =    0.0000000000000000     
 mdl_kHHgg =    1.0000000000000000     
 mdl_kAAgg =    1.0000000000000000     
 mdl_kqa =    1.0000000000000000     
 mdl_kqb =    1.0000000000000000     
 mdl_kla =    1.0000000000000000     
 mdl_klb =    1.0000000000000000     
 mdl_kw1 =    1.0000000000000000     
 mdl_kw2 =    1.0000000000000000     
 mdl_kw3 =    0.0000000000000000     
 mdl_kw4 =    0.0000000000000000     
 mdl_kw5 =    0.0000000000000000     
 mdl_kz1 =    0.0000000000000000     
 mdl_kz3 =    1.0000000000000000     
 mdl_kz5 =    0.0000000000000000     
 mdl_kq =    1.0000000000000000     
 mdl_kq3 =    1.0000000000000000     
 mdl_kl =    1.0000000000000000     
 mdl_kg =    1.0000000000000000     
 mdl_ka =    1.0000000000000000     
 mdl_kz =    1.0000000000000000     
 mdl_kw =    1.0000000000000000     
 mdl_kza =    0.0000000000000000     
 mdl_MZ =    91.187600000000003     
 mdl_MTA =    1.7769999999999999     
 mdl_MT =    172.00000000000000     
 mdl_MB =    4.7000000000000002     
 mdl_MX0 =    600.00000000000000     
 mdl_MX1 =    125.00000000000000     
 mdl_MX2 =    125.00000000000000     
 mdl_WZ =    2.4952000000000001     
 mdl_WW =    2.0850000000000000     
 mdl_WT =    1.5083359999999999     
 mdl_WX0 =   0.15059000000000000     
 mdl_WX1 =    4.0699999999999998E-003
 mdl_WX2 =    4.0699999999999998E-003
  Internal Params
  ---------------------------------
  
 mdl_cos__cabi =   0.97418004031982097     
 mdl_CKM1x1 =  ( 0.97418004031982097     ,  0.0000000000000000     )
 mdl_sin__cabi =   0.22577256042856930     
 mdl_CKM1x2 =  ( 0.22577256042856930     ,  0.0000000000000000     )
 mdl_CKM2x1 =  (-0.22577256042856930     ,  0.0000000000000000     )
 mdl_CKM2x2 =  ( 0.97418004031982097     ,  0.0000000000000000     )
 mdl_ca__exp__2 =    1.0000000000000000     
 mdl_sa =    0.0000000000000000     
 mdl_complexi =  (  0.0000000000000000     ,  1.0000000000000000     )
 mdl_kHdw =  (-0.26240500000000000     ,  0.0000000000000000     )
 mdl_MZ__exp__2 =    8315.1783937600012     
 mdl_MZ__exp__4 =    69142191.720053151     
 mdl_sqrt__2 =    1.4142135623730951     
 mdl_nb__2__exp__0_75 =    1.6817928305074290     
 mdl_MX0__exp__2 =    360000.00000000000     
 mdl_ca__exp__4 =    1.0000000000000000     
 mdl_ca__exp__3 =    1.0000000000000000     
 mdl_conjg__CKM1x1 =  ( 0.97418004031982097     , -0.0000000000000000     )
 mdl_conjg__CKM1x2 =  ( 0.22577256042856930     , -0.0000000000000000     )
 mdl_conjg__CKM2x1 =  (-0.22577256042856930     , -0.0000000000000000     )
 mdl_conjg__CKM2x2 =  ( 0.97418004031982097     , -0.0000000000000000     )
 mdl_conjg__kHdw =  (-0.26240500000000000     , -0.0000000000000000     )
 mdl_aEW =    7.8186082877247844E-003
 mdl_MW =    79.824359746197842     
 mdl_sqrt__aEW =    8.8422894590285753E-002
 mdl_ee =   0.31345100004952897     
 mdl_MW__exp__2 =    6371.9284088904105     
 mdl_sw2 =   0.23369913342182447     
 mdl_cw =   0.87538612427783857     
 mdl_sqrt__sw2 =   0.48342438232036300     
 mdl_sw =   0.48342438232036300     
 mdl_ad =  -0.12747442148678401     
 mdl_al =   -1.2074027013887732E-002
 mdl_an =   0.18517461872323218     
 mdl_au =    6.9774224250335873E-002
 mdl_bd =  -0.18517461872323218     
 mdl_bl =  -0.18517461872323218     
 mdl_bn =   0.18517461872323218     
 mdl_bu =   0.18517461872323218     
 mdl_gwwz =  -0.56759788318358417     
 mdl_g1 =   0.35807170271074895     
 mdl_gw =   0.64839716719502682     
 mdl_vev =    246.22056907348590     
 mdl_ee__exp__2 =    9.8251529432049817E-002
 mdl_gAaa =    1.3477023594718659E-005
 mdl_vev__exp__2 =    60624.568634871241     
 mdl_cw__exp__2 =   0.76630086657817542     
 mdl_gAza =    4.4999802188047602E-006
 mdl_gHaa =    2.6392504539657372E-005
 mdl_gHza =    3.9166441035016922E-005
 mdl_lam =    2.9690932909411916     
 mdl_yb =    2.6995322804122722E-002
 mdl_yt =   0.98791394091683138     
 mdl_ytau =    1.0206529494239589E-002
 mdl_muH =    424.26406871192853     
 mdl_sw__exp__2 =   0.23369913342182450     
  Internal Params evaluated point by point
  ----------------------------------------
  
 mdl_sqrt__aS =   0.34409301068170506     
 mdl_G__exp__2 =    1.4878582807401259     
 mdl_gAAgg =    3.1083017473614446E-007
 mdl_gAgg =    7.6532782508744533E-005
 mdl_gHgg =   -5.1021855005829691E-005
 mdl_gHHgg =    2.0722011649076294E-007
  Couplings of HC_UFO
  ---------------------------------
  
        GC_10 =  -0.00000E+00   0.00000E+00
        GC_13 =  -0.00000E+00  -0.20722E-06
        GC_62 =   0.00000E+00   0.00000E+00
        GC_64 =   0.00000E+00   0.00000E+00
         GC_1 =  -0.00000E+00  -0.10448E+00
         GC_2 =   0.00000E+00   0.20897E+00
         GC_3 =  -0.00000E+00  -0.31345E+00
         GC_9 =  -0.00000E+00  -0.00000E+00
        GC_16 =  -0.00000E+00  -0.00000E+00
        GC_17 =   0.00000E+00  -0.12074E-01
        GC_19 =  -0.00000E+00   0.18517E+00
        GC_21 =   0.00000E+00  -0.12747E+00
        GC_22 =   0.00000E+00   0.69774E-01
        GC_23 =  -0.00000E+00   0.18517E+00
        GC_24 =  -0.00000E+00  -0.18517E+00
        GC_61 =   0.00000E+00   0.00000E+00
        GC_66 =   0.00000E+00   0.00000E+00
        GC_77 =  -0.00000E+00  -0.28380E+00
        GC_78 =   0.00000E+00   0.28380E+00
        GC_89 =  -0.00000E+00  -0.28850E-01
        GC_90 =   0.00000E+00   0.86550E-01
        GC_98 =  -0.00000E+00  -0.21932E+03
       GC_100 =   0.00000E+00   0.33771E+01
       GC_101 =  -0.00000E+00  -0.00000E+00
       GC_102 =   0.00000E+00   0.00000E+00
       GC_105 =  -0.00000E+00  -0.00000E+00
       GC_106 =   0.00000E+00   0.00000E+00
        GC_35 =  -0.00000E+00  -0.20000E-03
        GC_38 =  -0.00000E+00  -0.00000E+00
        GC_40 =   0.00000E+00   0.52481E-04
        GC_42 =   0.00000E+00   0.10496E-03
        GC_43 =   0.00000E+00   0.50000E-04
        GC_45 =   0.00000E+00   0.50000E-04
        GC_49 =   0.00000E+00   0.50000E-04
        GC_56 =  -0.00000E+00  -0.94000E-03
        GC_58 =  -0.00000E+00  -0.35540E-03
        GC_68 =   0.00000E+00   0.00000E+00

 Collider parameters:
 --------------------

 Running at P P   machine @    13000.000000000000       GeV
 PDF set = nn23lo1
 alpha_s(Mz)= 0.1300 running at 2 loops.
 alpha_s(Mz)= 0.1300 running at 2 loops.
 Renormalization scale set on event-by-event basis
 Factorization   scale set on event-by-event basis


 getting user params
Enter number of events and max and min iterations: 
 Number of events and iterations         1000           5           3
Enter desired fractional accuracy: 
 Desired fractional accuracy:   0.10000000000000001     
Enter 0 for fixed, 2 for adjustable grid: 
Suppress amplitude (0 no, 1 yes)? 
 Using suppressed amplitude.
Exact helicity sum (0 yes, n = number/event)? 
 Explicitly summing over helicities
Enter Configuration Number: 
Running Configuration Number:   15
 Using dconfig=          68
 BW Setting            2           1           1           2           0           0
 Attempting mappinvarients           1           8
 Completed mapping           8
 about to integrate           16        1000           5           3          16           1
 Using non-zero grid deformation.
 16 dimensions   1000 events 16 invarients  5 iterations  1 config(s),  (0.99)
 Using h-tuple random number sequence.
 Error opening grid
 Using Uniform Grid!          32
 Using uniform alpha   1.0000000000000000     
 Grid defined OK
 Set CM energy to      13000.00
 Mapping Graph          15  to config          15
Setting grid   1    0.74739E-07   1
Setting grid   2    0.59172E-08   1
 Setting BW          -3           2   600.00000000000000     
 Setting BW          -4           3   91.187600000000003     
Setting grid   5    0.25116E-02   1
 Transforming s_hat 1/s           15   2.5115575576956360E-003   12.630915999999999        168999999.99999997     
  15   1   2   3   4   5   6   7   8   9  10  11  12  13  14
  15  16
 Masses: 0.470E+01 0.470E+01 0.000E+00 0.000E+00 0.178E+01 0.178E+01 0.000E+00 0.000E+00
Using random seed offsets    15 :     14
  with seed                   24
 Ranmar initialization seeds       31073        9411
 
 ********************************************
 * You are using the DiscreteSampler module *
 *      part of the MG5_aMC framework       *
 *         Author: Valentin Hirschi         *
 ********************************************
 
  Particle       3       4       5       6       7       8
      Et >     0.0     0.0     0.0     0.0     0.0     0.0
       E >     0.0     0.0     0.0     0.0     0.0     0.0
     Eta <    -1.0    -1.0    -1.0    -1.0    -1.0    -1.0
   xqcut:      0.0     0.0     0.0     0.0     0.0     0.0
d R # 3  >    -0.0     0.0     0.0     0.0     0.0     0.0
d R # 4  >    -0.0    -0.0     0.0     0.0     0.0     0.0
d R # 5  >    -0.0    -0.0    -0.0     0.0     0.0     0.0
d R # 6  >    -0.0    -0.0    -0.0    -0.0     0.0     0.0
d R # 7  >    -0.0    -0.0    -0.0    -0.0    -0.0     0.0
s min # 3>     0.0     0.0     3.2     3.2     0.0     0.0
s min # 4>     0.0     0.0     3.2     3.2     0.0     0.0
s min # 5>     0.0     0.0     0.0    12.6     3.2     0.0
s min # 6>     0.0     0.0     0.0     0.0     3.2     0.0
s min # 7>     0.0     0.0     0.0     0.0     0.0     0.0
xqcutij # 3>     0.0     0.0     0.0     0.0     0.0     0.0
xqcutij # 4>     0.0     0.0     0.0     0.0     0.0     0.0
xqcutij # 5>     0.0     0.0     0.0     0.0     0.0     0.0
xqcutij # 6>     0.0     0.0     0.0     0.0     0.0     0.0
xqcutij # 7>     0.0     0.0     0.0     0.0     0.0     0.0
 Excluding BW           -1           1
 Requiring BW           -3           2
 Requiring BW           -4           3
 Excluding BW           -5           4
 alpha_s for scale    284.17594411301593       is   0.10934297251297678     
 Added good helicity            1   1.1067407584846025       in event            1 local:           1
 Added good helicity            4  0.22886143415194832       in event            1 local:           1
 Added good helicity            5   7.7027209746302222E-006  in event            1 local:           1
 Added good helicity            8   1.9504722181229968E-006  in event            1 local:           1
 Added good helicity            9   9.4873166810136682E-006  in event            1 local:           1
 Added good helicity           12   1.6714457930900239E-006  in event            1 local:           1
 Added good helicity           13  0.85995469587404860       in event            1 local:           1
 Added good helicity           16  0.17456821097923131       in event            1 local:           1
 Added good helicity           49  0.77382662500904242       in event            1 local:           1
 Added good helicity           52  0.16001856787765106       in event            1 local:           1
 Added good helicity           53   5.3856971738765145E-006  in event            1 local:           1
 Added good helicity           56   1.3637586961111441E-006  in event            1 local:           1
 Added good helicity           57   6.6334759891857214E-006  in event            1 local:           1
 Added good helicity           60   1.1686650618374339E-006  in event            1 local:           1
 Added good helicity           61  0.60127526240206763       in event            1 local:           1
 Added good helicity           64  0.12205706575846188       in event            1 local:           1
 Added good helicity           65   1.7605378281199437E-002  in event            1 local:           1
 Added good helicity           68   3.6405925157575393E-003  in event            1 local:           1
 Added good helicity           69   1.2253033559419694E-007  in event            1 local:           1
 Added good helicity           72   3.1026959984778789E-008  in event            1 local:           1
 Added good helicity           73   1.5091863000643526E-007  in event            1 local:           1
 Added good helicity           76   2.6588372424416015E-008  in event            1 local:           1
 Added good helicity           77   1.3679651363239353E-002  in event            1 local:           1
 Added good helicity           80   2.7769279902275846E-003  in event            1 local:           1
 Added good helicity          113   3.6070640748499623E-003  in event            1 local:           1
 Added good helicity          116   7.4589993268023150E-004  in event            1 local:           1
 Added good helicity          117   2.5104531384771011E-008  in event            1 local:           1
 Added good helicity          121   3.0920844745671571E-008  in event            1 local:           1
 Added good helicity          125   2.8027446045567868E-003  in event            1 local:           1
 Added good helicity          128   5.6894870601512625E-004  in event            1 local:           1
 Added good helicity          129   2.6068263005535702E-002  in event            1 local:           1
 Added good helicity          132   5.3906210750438218E-003  in event            1 local:           1
 Added good helicity          133   1.8143052443451752E-007  in event            1 local:           1
 Added good helicity          136   4.5941583317705440E-008  in event            1 local:           1
 Added good helicity          137   2.2346503872877063E-007  in event            1 local:           1
 Added good helicity          140   3.9369371914545929E-008  in event            1 local:           1
 Added good helicity          141   2.0255443755035490E-002  in event            1 local:           1
 Added good helicity          144   4.1117940234201289E-003  in event            1 local:           1
 Added good helicity          177   5.3409755518528902E-003  in event            1 local:           1
 Added good helicity          180   1.1044531568903562E-003  in event            1 local:           1
 Added good helicity          181   3.7172250224682481E-008  in event            1 local:           1
 Added good helicity          185   4.5784458607417519E-008  in event            1 local:           1
 Added good helicity          189   4.1500206540267971E-003  in event            1 local:           1
 Added good helicity          192   8.4244168277258205E-004  in event            1 local:           1
 Added good helicity          193   110.94530540234045       in event            1 local:           1
 Added good helicity          196   22.942230610149522       in event            1 local:           1
 Added good helicity          197   7.7215980744171160E-004  in event            1 local:           1
 Added good helicity          200   1.9552522508950947E-004  in event            1 local:           1
 Added good helicity          201   9.5105672991117613E-004  in event            1 local:           1
 Added good helicity          204   1.6755420142991855E-004  in event            1 local:           1
 Added good helicity          205   86.206219147978132       in event            1 local:           1
 Added good helicity          208   17.499602623427258       in event            1 local:           1
 Added good helicity          241   6.6608270593539389       in event            1 local:           1
 Added good helicity          244   1.3773834764422441       in event            1 local:           1
 Added good helicity          245   4.6358184520755560E-005  in event            1 local:           1
 Added good helicity          248   1.1738754563246267E-005  in event            1 local:           1
 Added good helicity          249   5.7098625116222357E-005  in event            1 local:           1
 Added good helicity          252   1.0059457268115264E-005  in event            1 local:           1
 Added good helicity          253   5.1755656997212158       in event            1 local:           1
 Added good helicity          256   1.0506242356029114       in event            1 local:           1
 Added good helicity            1   1.1067407584846058       in event            1 local:           1
 Added good helicity            4  0.22886143415194804       in event            1 local:           1
 Added good helicity            5   7.7027209746320247E-006  in event            1 local:           1
 Added good helicity            8   1.9504722181229680E-006  in event            1 local:           1
 Added good helicity            9   9.4873166810135496E-006  in event            1 local:           1
 Added good helicity           12   1.6714457930901827E-006  in event            1 local:           1
 Added good helicity           13  0.85995469587404449       in event            1 local:           1
 Added good helicity           16  0.17456821097923117       in event            1 local:           1
 Added good helicity           49  0.77382662500904564       in event            1 local:           1
 Added good helicity           52  0.16001856787765115       in event            1 local:           1
 Added good helicity           53   5.3856971738777766E-006  in event            1 local:           1
 Added good helicity           56   1.3637586961111257E-006  in event            1 local:           1
 Added good helicity           57   6.6334759891856435E-006  in event            1 local:           1
 Added good helicity           60   1.1686650618375461E-006  in event            1 local:           1
 Added good helicity           61  0.60127526240206530       in event            1 local:           1
 Added good helicity           64  0.12205706575846191       in event            1 local:           1
 Added good helicity           65   1.7605378281199596E-002  in event            1 local:           1
 Added good helicity           68   3.6405925157575575E-003  in event            1 local:           1
 Added good helicity           69   1.2253033559422638E-007  in event            1 local:           1
 Added good helicity           72   3.1026959984778551E-008  in event            1 local:           1
 Added good helicity           73   1.5091863000643428E-007  in event            1 local:           1
 Added good helicity           76   2.6588372424418712E-008  in event            1 local:           1
 Added good helicity           77   1.3679651363239361E-002  in event            1 local:           1
 Added good helicity           80   2.7769279902275994E-003  in event            1 local:           1
 Added good helicity          113   3.6070640748499779E-003  in event            1 local:           1
 Added good helicity          116   7.4589993268023118E-004  in event            1 local:           1
 Added good helicity          117   2.5104531384776914E-008  in event            1 local:           1
 Added good helicity          121   3.0920844745671247E-008  in event            1 local:           1
 Added good helicity          125   2.8027446045567768E-003  in event            1 local:           1
 Added good helicity          128   5.6894870601512679E-004  in event            1 local:           1
 Added good helicity          129   2.6068263005535941E-002  in event            1 local:           1
 Added good helicity          132   5.3906210750438478E-003  in event            1 local:           1
 Added good helicity          133   1.8143052443456099E-007  in event            1 local:           1
 Added good helicity          136   4.5941583317705109E-008  in event            1 local:           1
 Added good helicity          137   2.2346503872876904E-007  in event            1 local:           1
 Added good helicity          140   3.9369371914549919E-008  in event            1 local:           1
 Added good helicity          141   2.0255443755035518E-002  in event            1 local:           1
 Added good helicity          144   4.1117940234201497E-003  in event            1 local:           1
 Added good helicity          177   5.3409755518529257E-003  in event            1 local:           1
 Added good helicity          180   1.1044531568903586E-003  in event            1 local:           1
 Added good helicity          181   3.7172250224691269E-008  in event            1 local:           1
 Added good helicity          185   4.5784458607417076E-008  in event            1 local:           1
 Added good helicity          189   4.1500206540267892E-003  in event            1 local:           1
 Added good helicity          192   8.4244168277258378E-004  in event            1 local:           1
 Added good helicity          193   110.94530540234092       in event            1 local:           1
 Added good helicity          196   22.942230610149533       in event            1 local:           1
 Added good helicity          197   7.7215980744189212E-004  in event            1 local:           1
 Added good helicity          200   1.9552522508950684E-004  in event            1 local:           1
 Added good helicity          201   9.5105672991116518E-004  in event            1 local:           1
 Added good helicity          204   1.6755420142993468E-004  in event            1 local:           1
 Added good helicity          205   86.206219147977734       in event            1 local:           1
 Added good helicity          208   17.499602623427268       in event            1 local:           1
 Added good helicity          241   6.6608270593539629       in event            1 local:           1
 Added good helicity          244   1.3773834764422430       in event            1 local:           1
 Added good helicity          245   4.6358184520766409E-005  in event            1 local:           1
 Added good helicity          248   1.1738754563246104E-005  in event            1 local:           1
 Added good helicity          249   5.7098625116221652E-005  in event            1 local:           1
 Added good helicity          252   1.0059457268116229E-005  in event            1 local:           1
 Added good helicity          253   5.1755656997211945       in event            1 local:           1
 Added good helicity          256   1.0506242356029112       in event            1 local:           1
 Added good helicity          120   6.2138324992159588E-004  in event            7 local:           2
 Added good helicity          124   6.1605991838250163E-004  in event            7 local:           2
 Added good helicity          184   5.1816361437948574E-004  in event            7 local:           2
 Added good helicity          188   5.1372455569680402E-004  in event            7 local:           2
 Added good helicity          120   6.2138324992157962E-004  in event            7 local:           2
 Added good helicity          124   6.1605991838248515E-004  in event            7 local:           2
 Added good helicity          184   5.1816361437947186E-004  in event            7 local:           2
 Added good helicity          188   5.1372455569679025E-004  in event            7 local:           2
 RESET CUMULATIVE VARIABLE
 RESET CUMULATIVE VARIABLE
 RESET CUMULATIVE VARIABLE
 No points passed cuts!
 Loosen cuts or increase max_events      500000
 Deleting file events.lhe

ls status:
events.lhe
grid_information
input_app.txt
results.dat
run1_app.log
