 A PDF is used, so alpha_s(MZ) is going to be modified
 Old value of alpha_s from param_card:   0.11799999999999999     
  ****************************************
 
       NNPDFDriver version 1.0.3
   Grid: NNPDF23nlo_as_0119_qed_mem0.grid
  ****************************************
 New value of alpha_s from PDF nn23nlo:  0.11899999999999999     
 *****************************************************
 *               MadGraph/MadEvent                   *
 *        --------------------------------           *
 *          http://madgraph.hep.uiuc.edu             *
 *          http://madgraph.phys.ucl.ac.be           *
 *          http://madgraph.roma2.infn.it            *
 *        --------------------------------           *
 *                                                   *
 *          PARAMETER AND COUPLING VALUES            *
 *                                                   *
 *****************************************************

  External Params
  ---------------------------------
  
 MU_R =    91.188000000000002     
 aEWM1 =    132.50700000000001     
 mdl_Gf =    1.1663900000000000E-005
 aS =   0.11799999999999999     
 mdl_ymb =    4.7000000000000002     
 mdl_ymt =    173.00000000000000     
 mdl_ymtau =    1.7769999999999999     
 mdl_MT =    173.00000000000000     
 mdl_MB =    4.7000000000000002     
 mdl_MZ =    91.188000000000002     
 mdl_MTA =    1.7769999999999999     
 mdl_WT =    1.4915000000000000     
 mdl_WZ =    2.4414039999999999     
 mdl_WW =    2.0476000000000001     
 mdl_MX0 =    300.00000000000000     
 mdl_WX0 =    1.0604700000000000     
 mdl_Lambda =    5000.0000000000000     
 mdl_cosa =    1.0000000000000000     
 mdl_kSM =    5.0000000000000003E-002
 mdl_kHtt =    0.0000000000000000     
 mdl_kAtt =    0.0000000000000000     
 mdl_kHbb =    0.0000000000000000     
 mdl_kAbb =    0.0000000000000000     
 mdl_kHll =    0.0000000000000000     
 mdl_kAll =    0.0000000000000000     
 mdl_kHaa =    0.0000000000000000     
 mdl_kAaa =    0.0000000000000000     
 mdl_kHza =    0.0000000000000000     
 mdl_kAza =    0.0000000000000000     
 mdl_kHzz =    8.1561199999999996     
 mdl_kAzz =    0.0000000000000000     
 mdl_kHww =    10.496200000000000     
 mdl_kAww =    0.0000000000000000     
 mdl_kHda =    0.0000000000000000     
 mdl_kHdz =    0.0000000000000000     
 mdl_kHdwR =    0.0000000000000000     
 mdl_kHdwI =    0.0000000000000000     
  Internal Params
  ---------------------------------
  
 mdl_CKM11 =    1.0000000000000000     
 mdl_conjg__CKM3x3 =    1.0000000000000000     
 mdl_conjg__CKM11 =    1.0000000000000000     
 mdl_lhv =    1.0000000000000000     
 mdl_CKM3x3 =    1.0000000000000000     
 mdl_conjg__CKM33 =    1.0000000000000000     
 mdl_Ncol =    3.0000000000000000     
 mdl_CA =    3.0000000000000000     
 mdl_TF =   0.50000000000000000     
 mdl_CF =    1.3333333333333333     
 mdl_complexi =  (  0.0000000000000000     ,  1.0000000000000000     )
 mdl_MZ__exp__2 =    8315.2513440000002     
 mdl_MZ__exp__4 =    69143404.913893804     
 mdl_sqrt__2 =    1.4142135623730951     
 mdl_MX0__exp__2 =    90000.000000000000     
 mdl_cosa__exp__2 =    1.0000000000000000     
 mdl_sina =    0.0000000000000000     
 mdl_kHdw =  (  0.0000000000000000     ,  0.0000000000000000     )
 mdl_nb__2__exp__0_75 =    1.6817928305074290     
 mdl_Ncol__exp__2 =    9.0000000000000000     
 mdl_MB__exp__2 =    22.090000000000003     
 mdl_MT__exp__2 =    29929.000000000000     
 mdl_conjg__kHdw =  (  0.0000000000000000     , -0.0000000000000000     )
 mdl_aEW =    7.5467711139788835E-003
 mdl_MW =    80.419002445756163     
 mdl_sqrt__aEW =    8.6872153846781555E-002
 mdl_ee =   0.30795376724436879     
 mdl_MW__exp__2 =    6467.2159543705357     
 mdl_sw2 =   0.22224648578577766     
 mdl_cw =   0.88190334743339216     
 mdl_sqrt__sw2 =   0.47143025548407230     
 mdl_sw =   0.47143025548407230     
 mdl_g1 =   0.34919219678733299     
 mdl_gw =   0.65323293034757990     
 mdl_vev =    246.21845810181637     
 mdl_vev__exp__2 =    60623.529110035903     
 mdl_lam =   0.74228605065735920     
 mdl_yb =    2.6995554250465490E-002
 mdl_yt =   0.99366614581500623     
 mdl_ytau =    1.0206617000654717E-002
 mdl_muH =    212.13203435596427     
 mdl_AxialZUp =  -0.18517701861793787     
 mdl_AxialZDown =   0.18517701861793787     
 mdl_VectorZUp =    7.5430507588273299E-002
 mdl_VectorZDown =  -0.13030376310310560     
 mdl_VectorAUp =   0.20530251149624587     
 mdl_VectorADown =  -0.10265125574812294     
 mdl_VectorWmDxU =   0.23095271737156670     
 mdl_AxialWmDxU =  -0.23095271737156670     
 mdl_VectorWpUxD =   0.23095271737156670     
 mdl_AxialWpUxD =  -0.23095271737156670     
 mdl_I1x33 =  (  2.6995554250465490E-002,  0.0000000000000000     )
 mdl_I2x33 =  ( 0.99366614581500623     ,  0.0000000000000000     )
 mdl_I3x33 =  ( 0.99366614581500623     ,  0.0000000000000000     )
 mdl_I4x33 =  (  2.6995554250465490E-002,  0.0000000000000000     )
 mdl_Vector_tbGp =  (-0.96667059156454072     ,  0.0000000000000000     )
 mdl_Axial_tbGp =  ( -1.0206617000654716     , -0.0000000000000000     )
 mdl_Vector_tbGm =  ( 0.96667059156454072     ,  0.0000000000000000     )
 mdl_Axial_tbGm =  ( -1.0206617000654716     , -0.0000000000000000     )
 mdl_ee__exp__2 =    9.4835522759998875E-002
 mdl_gAaa =    1.3008566310666950E-005
 mdl_cw__exp__2 =   0.77775351421422245     
 mdl_gAza =    4.7794971072590281E-006
 mdl_gHaa =    2.5475109025056106E-005
 mdl_gHza =    3.9182129211851395E-005
 mdl_gw__exp__2 =   0.42671326129048615     
 mdl_sw__exp__2 =   0.22224648578577769     
  Internal Params evaluated point by point
  ----------------------------------------
  
 mdl_sqrt__aS =   0.34351128074635334     
 mdl_G__exp__2 =    1.4828317324943823     
 mdl_G__exp__4 =    2.1987899468922913     
 mdl_R2MixedFactor_FIN_ =   -2.5040377713124864E-002
 mdl_GWcft_UV_b_1EPS_ =   -3.1300472141406080E-003
 mdl_GWcft_UV_t_1EPS_ =   -3.1300472141406080E-003
 mdl_bWcft_UV_1EPS_ =   -1.8780283284843650E-002
 mdl_tWcft_UV_1EPS_ =   -1.8780283284843650E-002
 mdl_G__exp__3 =    1.8056676068262196     
 mdl_MU_R__exp__2 =    8315.2513440000002     
 mdl_GWcft_UV_b_FIN_ =   -1.8563438626678915E-002
 mdl_GWcft_UV_t_FIN_ =    4.0087659331150384E-003
 mdl_bWcft_UV_FIN_ =  -0.13642100947319838     
 mdl_tWcft_UV_FIN_ =   -9.8778211443463623E-004
 mdl_gAgg =    7.6274879753643885E-005
 mdl_gHgg =   -5.0849919835762592E-005
  Couplings of HC_NLO_X0_UFO
  ---------------------------------
  
    R2_UUZ_V2 =  -0.00000E+00  -0.72127E-02
    R2_UUZ_V5 =   0.00000E+00   0.68702E-03
      R2_dxuW =  -0.00000E+00  -0.11566E-01
         GC_5 =   0.00000E+00   0.12177E+01
     GC_3005a =  -0.00000E+00  -0.00000E+00
    GC_3005h2 =  -0.00000E+00  -0.00000E+00
    GC_3005h3 =  -0.00000E+00  -0.20992E-02
    GC_3005h4 =  -0.00000E+00  -0.00000E+00
     GC_3007a =  -0.00000E+00  -0.00000E+00
    GC_3007h2 =  -0.00000E+00  -0.16312E-02
    GC_3007h3 =  -0.00000E+00  -0.00000E+00
        GC_22 =   0.00000E+00   0.28804E+00
        GC_23 =  -0.00000E+00  -0.27437E-01
        GC_24 =   0.00000E+00   0.82310E-01
        GC_47 =   0.00000E+00   0.46191E+00
    GC_3005h1 =   0.00000E+00   0.26266E+01
    GC_3007h1 =   0.00000E+00   0.33772E+01

 Collider parameters:
 --------------------

 Running at P P   machine @    13000.000000000000       GeV
 PDF set = nn23nlo
 alpha_s(Mz)= 0.1190 running at 2 loops.
 alpha_s(Mz)= 0.1190 running at 2 loops.
 Renormalization scale set on event-by-event basis
 Factorization   scale set on event-by-event basis


 ===============================================================
 INFO: MadFKS read these parameters from FKS_params.dat
 ===============================================================
  > IRPoleCheckThreshold      =    1.0000000000000001E-005
  > PrecisionVirtualAtRunTime =    1.0000000000000000E-003
  > NHelForMCoverHels         =            4
  > VirtualFraction           =    1.0000000000000000     
  > MinVirtualFraction        =    5.0000000000000001E-003
 ===============================================================
  Insert the number of points to test
 Insert the relative tolerance

  +----------------------------------------------------------------+
  |                                                                |
  |  Ninja - version 1.2.0                                         |
  |                                                                |
  |  Author: Tiziano Peraro                                        |
  |                                                                |
  |  Based on:                                                     |
  |                                                                |
  |      P. Mastrolia, E. Mirabella and T. Peraro,                 |
  |      "Integrand reduction of one-loop scattering amplitudes    |
  |      through Laurent series expansion,"                        |
  |      JHEP 1206 (2012) 095  [arXiv:1203.0291 [hep-ph]].         |
  |                                                                |
  |      T. Peraro,                                                |
  |      "Ninja: Automated Integrand Reduction via Laurent         |
  |      Expansion for One-Loop Amplitudes,"                       |
  |      Comput.Phys.Commun. 185 (2014) [arXiv:1403.1229 [hep-ph]] |
  |                                                                |
  +----------------------------------------------------------------+


  A negative number will mean use the default one:    1.0000000000000001E-005
Using random seed offsets:     1 ,     12 ,      0
  with seed                   35
 Ranmar initialization seeds       14387        9421
  ========================================================================================== 
 {                                                                                          }
 {       [32m                                                                            [0m       }
 {       [32m                               ,,                                           [0m       }
 {       [32m`7MMM.     ,MMF'             `7MM  `7MMF'                                   [0m       }
 {       [32m  MMMb    dPMM                 MM    MM                                     [0m       }
 {       [32m  M YM   ,M MM   ,6"Yb.   ,M""bMM    MM         ,pW"Wq.   ,pW"Wq.`7MMpdMAo. [0m       }
 {       [32m  M  Mb  M' MM  8)   MM ,AP    MM    MM        6W'   `Wb 6W'   `Wb MM   `Wb [0m       }
 {       [32m  M  YM.P'  MM   ,pm9MM 8MI    MM    MM      , 8M     M8 8M     M8 MM    M8 [0m       }
 {       [32m  M  `YM'   MM  8M   MM `Mb    MM    MM     ,M YA.   ,A9 YA.   ,A9 MM   ,AP [0m       }
 {       [32m.JML. `'  .JMML.`Moo9^Yo.`Wbmd"MML..JMMmmmmMMM  `Ybmd9'   `Ybmd9'  MMbmmd'  [0m       }
 {       [32m                                                                   MM       [0m       }
 {       [32m                                                                 .JMML.     [0m       }
 {       [32m[0mv2.6.6 (2018-06-28), Ref: arXiv:1103.0621v2, arXiv:1405.0301[32m                [0m       }
 {       [32m                                                                            [0m       }
 {                                                                                          }
  ========================================================================================== 
 ===============================================================
 INFO: MadLoop read these parameters from ./MadLoop5_resources/MadLoopParams.dat                                                                                                                                                                                                                                                                                                                                                                                                                                                                                          
 ===============================================================
  > MLReductionLib            = 6|7|1
  > CTModeRun                 =           -1
  > MLStabThres               =    1.0000000000000000E-003
  > NRotations_DP             =            0
  > NRotations_QP             =            0
  > CTStabThres               =    1.0000000000000000E-002
  > CTLoopLibrary             =            2
  > CTModeInit                =            1
  > CheckCycle                =            3
  > MaxAttempts               =           10
  > UseLoopFilter             =  F
  > HelicityFilterLevel       =            2
  > ImprovePSPoint            =            2
  > DoubleCheckHelicityFilter =  T
  > LoopInitStartOver         =  F
  > HelInitStartOver          =  F
  > ZeroThres                 =    1.0000000000000001E-009
  > OSThres                   =    1.0000000000000000E-008
  > WriteOutFilters           =  T
  > UseQPIntegrandForNinja    =  T
  > UseQPIntegrandForCutTools =  T
  > IREGIMODE                 =            2
  > IREGIRECY                 =  T
  > COLLIERMode               =            1
  > COLLIERRequiredAccuracy   =    1.0000000000000000E-008
  > COLLIERCanOutput          =  F
  > COLLIERComputeUVpoles     =  T
  > COLLIERComputeIRpoles     =  T
  > COLLIERGlobalCache        =           -1
  > COLLIERUseCacheForPoles   =  F
  > COLLIERUseInternalStabilityTest =  T
 ===============================================================
  
------------------------------------------------------------------------
|              You are using CutTools - Version 1.9.3                  |
|              Authors: G. Ossola, C. Papadopoulos, R. Pittau          |
|              Published in JHEP 0803:042,2008                         |
|              http://www.ugr.es/~pittau/CutTools                      |
|                                                                      |
|              Compiler with  34  significant digits detetected        |
 ---------------------------------------------------------------------- 
   
########################################################################
#                                                                      #
#                      You are using OneLOop-3.6                       #
#                                                                      #
# for the evaluation of 1-loop scalar 1-, 2-, 3- and 4-point functions #
#                                                                      #
# author: Andreas van Hameren <hamerenREMOVETHIS@ifj.edu.pl>           #
#   date: 18-02-2015                                                   #
#                                                                      #
# Please cite                                                          #
#    A. van Hameren,                                                   #
#      Comput.Phys.Commun. 182 (2011) 2427-2438, arXiv:1007.4716       #
#    A. van Hameren, C.G. Papadopoulos and R. Pittau,                  #
#      JHEP 0909:106,2009, arXiv:0903.4665                             #
# in publications with results obtained with the help of this program. #
#                                                                      #
########################################################################
########################################################################
#                                                                      #
#                      You are using OneLOop-3.6                       #
#                                                                      #
# for the evaluation of 1-loop scalar 1-, 2-, 3- and 4-point functions #
#                                                                      #
# author: Andreas van Hameren <hamerenREMOVETHIS@ifj.edu.pl>           #
#   date: 18-02-2015                                                   #
#                                                                      #
# Please cite                                                          #
#    A. van Hameren,                                                   #
#      Comput.Phys.Commun. 182 (2011) 2427-2438, arXiv:1007.4716       #
#    A. van Hameren, C.G. Papadopoulos and R. Pittau,                  #
#      JHEP 0909:106,2009, arXiv:0903.4665                             #
# in publications with results obtained with the help of this program. #
#                                                                      #
########################################################################
 PASSED   1.0000000000000001E-005
 MU_R    =    325.00000000000000     
 ALPHA_S =   0.11799999999999999     
 BORN                    6.6267957238555526E-014
 SINGLE POLE (MadFKS)   -3.7736051615501512E-016
 DOUBLE POLE (MadFKS)   -3.3187493590612747E-015
 SINGLE POLE (MadLoop)  -3.7736051615501335E-016
 DOUBLE POLE (MadLoop)  -3.3187493590612704E-015
 FINITE PART (MadLoop)   6.8145132235618835E-015
   325.00000000000000        0.0000000000000000        0.0000000000000000        325.00000000000000        0.0000000000000000     
   325.00000000000000        0.0000000000000000        0.0000000000000000       -325.00000000000000        0.0000000000000000     
   230.77267420224183        199.83854262925090        44.017049386248154       -70.113247301983904        80.419002445756163     
   65.127586521853218        41.681345351726208       -36.123162187096021        34.632140122094185        0.0000000000000000     
   172.32247306679849       -146.18068991022284       -20.353639603265595       -88.949255062249705        0.0000000000000000     
   181.77726620910647       -95.339198070754279        12.459752404113443        124.43036224213941        91.188000000000002     

 PASSED   1.0000000000000001E-005
 MU_R    =    325.00000000000000     
 ALPHA_S =   0.11799999999999999     
 BORN                    6.2717413355648871E-016
 SINGLE POLE (MadFKS)   -3.5714207079896851E-018
 DOUBLE POLE (MadFKS)   -3.1409354392312595E-017
 SINGLE POLE (MadLoop)  -3.5714207079896489E-018
 DOUBLE POLE (MadLoop)  -3.1409354392312613E-017
 FINITE PART (MadLoop)   6.4494011958317424E-017
   325.00000000000000        0.0000000000000000        0.0000000000000000        325.00000000000000        0.0000000000000000     
   325.00000000000000        0.0000000000000000        0.0000000000000000       -325.00000000000000        0.0000000000000000     
   98.868654671250866        44.895367519945161        30.638495064839532       -18.801157345849123        80.419002445756163     
   277.77193690118895       -225.60318941786568        72.926146912452438        144.71429421735814        0.0000000000000000     
   119.08683783498914        91.124258592895714       -48.251865706187672       -59.580213974977497        0.0000000000000000     
   154.27257059257104        89.583563305024839       -55.312776271104291       -66.332922896531514        91.188000000000002     

 PASSED   1.0000000000000001E-005
 MU_R    =    325.00000000000000     
 ALPHA_S =   0.11799999999999999     
 BORN                    1.0950503009971494E-013
 SINGLE POLE (MadFKS)   -6.2357248362496628E-016
 DOUBLE POLE (MadFKS)   -5.4840946303679392E-015
 SINGLE POLE (MadLoop)  -6.2357248362496312E-016
 DOUBLE POLE (MadLoop)  -5.4840946303679321E-015
 FINITE PART (MadLoop)   1.1260698333807811E-014
   325.00000000000000        0.0000000000000000        0.0000000000000000        325.00000000000000        0.0000000000000000     
   325.00000000000000        0.0000000000000000        0.0000000000000000       -325.00000000000000        0.0000000000000000     
   232.96516337594926       -210.72969378647309       -45.767170837107130       -36.109744150831993        80.419002445756163     
   154.06801107456511        51.972526852420636       -58.063706612852599        132.90754103294259        0.0000000000000000     
   109.40063425836256        102.48412833570777        11.901964343041930       -36.384687166157519        0.0000000000000000     
   153.56619129112306        56.273038598344634        91.928913106917818       -60.413109715953027        91.188000000000002     

 PASSED   1.0000000000000001E-005
 MU_R    =    325.00000000000000     
 ALPHA_S =   0.11799999999999999     
 BORN                    1.2065899880139558E-012
 SINGLE POLE (MadFKS)   -6.8708836010340833E-015
 DOUBLE POLE (MadFKS)   -6.0426938089488517E-014
 SINGLE POLE (MadLoop)  -6.8708836010337820E-015
 DOUBLE POLE (MadLoop)  -6.0426938089486018E-014
 FINITE PART (MadLoop)   1.2407691094413723E-013
   325.00000000000000        0.0000000000000000        0.0000000000000000        325.00000000000000        0.0000000000000000     
   325.00000000000000        0.0000000000000000        0.0000000000000000       -325.00000000000000        0.0000000000000000     
   251.00615803349808        133.85270986352896       -2.7202990327545726        196.50172378818769        80.419002445756163     
   143.27277002461068       -142.55375743960028        13.440229410794149        4.9872942325280745        0.0000000000000000     
   95.190066887656528      -0.44084263665857082       -55.319910005154789       -77.463940313334206        0.0000000000000000     
   160.53100505423473        9.1418902127299262        44.599979627115232       -124.02507770738154        91.188000000000002     

 PASSED   1.0000000000000001E-005
 MU_R    =    325.00000000000000     
 ALPHA_S =   0.11799999999999999     
 BORN                    4.9214105735711957E-015
 SINGLE POLE (MadFKS)   -2.8024796774225580E-017
 DOUBLE POLE (MadFKS)   -2.4646795928717849E-016
 SINGLE POLE (MadLoop)  -2.8024796774225814E-017
 DOUBLE POLE (MadLoop)  -2.4646795928718224E-016
 FINITE PART (MadLoop)   5.0608195619264525E-016
   325.00000000000000        0.0000000000000000        0.0000000000000000        325.00000000000000        0.0000000000000000     
   325.00000000000000        0.0000000000000000        0.0000000000000000       -325.00000000000000        0.0000000000000000     
   189.70819989022442        82.516382142550654       -31.665693632646782       -147.34420815249806        80.419002445756163     
   120.28291313639389        102.73401144137371        51.266129117511532        35.853676116231185        0.0000000000000000     
   188.37097085318126       -172.57463510994253       -75.363910006178727        4.6796415910647138        0.0000000000000000     
   151.63791612020046       -12.675758473981718        55.763474521313938        106.81089044520220        91.188000000000002     

 PASSED   1.0000000000000001E-005
 MU_R    =    325.00000000000000     
 ALPHA_S =   0.11799999999999999     
 BORN                    1.8452056401343598E-015
 SINGLE POLE (MadFKS)   -1.0507457627924711E-017
 DOUBLE POLE (MadFKS)   -9.2409292374705455E-017
 SINGLE POLE (MadLoop)  -1.0507457627924705E-017
 DOUBLE POLE (MadLoop)  -9.2409292374705418E-017
 FINITE PART (MadLoop)   1.8974748519290056E-016
   325.00000000000000        0.0000000000000000        0.0000000000000000        325.00000000000000        0.0000000000000000     
   325.00000000000000        0.0000000000000000        0.0000000000000000       -325.00000000000000        0.0000000000000000     
   136.02957592592836        105.96397144847705        17.743634572243543       -22.217780250294847        80.419002445756163     
   114.37421146194215       -63.552903140359113        94.274475272806214       -12.442349537376565        0.0000000000000000     
   217.29219907050324        90.650729902631923       -174.82684514014201        91.836371680071025        0.0000000000000000     
   182.30401354162620       -133.06179821074991        62.808735295092120       -57.176241892399197        91.188000000000002     

 PASSED   1.0000000000000001E-005
 MU_R    =    325.00000000000000     
 ALPHA_S =   0.11799999999999999     
 BORN                    4.1086921707760163E-012
 SINGLE POLE (MadFKS)   -2.3396800850593293E-014
 DOUBLE POLE (MadFKS)   -2.0576640772638076E-013
 SINGLE POLE (MadLoop)  -2.3396800850593059E-014
 DOUBLE POLE (MadLoop)  -2.0576640772638235E-013
 FINITE PART (MadLoop)   4.2250792533874263E-013
   325.00000000000000        0.0000000000000000        0.0000000000000000        325.00000000000000        0.0000000000000000     
   325.00000000000000        0.0000000000000000        0.0000000000000000       -325.00000000000000        0.0000000000000000     
   272.94068149292099        157.20112043253738        2.7594657539988594       -208.10956908070580        80.419002445756163     
   98.526949901250816       -66.513109537006372        37.308864267914004        62.382808237527691        0.0000000000000000     
   150.86594325616252       -1.6038436371295857       -33.322679365705170        147.13109650937059        0.0000000000000000     
   127.66642534966572       -89.084167258401379       -6.7456506562077028       -1.4043356661924851        91.188000000000002     

 PASSED   1.0000000000000001E-005
 MU_R    =    325.00000000000000     
 ALPHA_S =   0.11799999999999999     
 BORN                    5.3909214019329153E-015
 SINGLE POLE (MadFKS)   -3.0698409420728832E-017
 DOUBLE POLE (MadFKS)   -2.6998141625233768E-016
 SINGLE POLE (MadLoop)  -3.0698409420728635E-017
 DOUBLE POLE (MadLoop)  -2.6998141625233832E-016
 FINITE PART (MadLoop)   5.5436302417484217E-016
   325.00000000000000        0.0000000000000000        0.0000000000000000        325.00000000000000        0.0000000000000000     
   325.00000000000000        0.0000000000000000        0.0000000000000000       -325.00000000000000        0.0000000000000000     
   188.48002011413126       -80.080544922580884       -126.06473680083110       -82.172321910071844        80.419002445756163     
   109.90464074565260       -102.83806077491730        31.948481470726431        21.969475305523858        0.0000000000000000     
   231.20869223428502        169.21854225563752        79.224919928102324        136.18353932818431        0.0000000000000000     
   120.40664690593115        13.700063441860612        14.891335402002355       -75.980692723636352        91.188000000000002     

 PASSED   1.0000000000000001E-005
 MU_R    =    325.00000000000000     
 ALPHA_S =   0.11799999999999999     
 BORN                    1.0235229871534409E-015
 SINGLE POLE (MadFKS)   -5.8284151017111469E-018
 DOUBLE POLE (MadFKS)   -5.1258804392776019E-017
 SINGLE POLE (MadLoop)  -5.8284151017111423E-018
 DOUBLE POLE (MadLoop)  -5.1258804392776136E-017
 FINITE PART (MadLoop)   1.0525163625413035E-016
   325.00000000000000        0.0000000000000000        0.0000000000000000        325.00000000000000        0.0000000000000000     
   325.00000000000000        0.0000000000000000        0.0000000000000000       -325.00000000000000        0.0000000000000000     
   138.67235010754467       -105.08724552654887       -12.497655605573101       -39.538388459650477        80.419002445756163     
   282.01740862925215        233.40001834607716        36.429806871218716        154.04908106618186        0.0000000000000000     
   109.66662561724587       -95.813232477654111       -29.542908010129079       -44.427579753585825        0.0000000000000000     
   119.64361564595737       -32.499540341874095        5.6107567444833313       -70.083112852945590        91.188000000000002     

 PASSED   1.0000000000000001E-005
 MU_R    =    325.00000000000000     
 ALPHA_S =   0.11799999999999999     
 BORN                    2.0527509683921976E-014
 SINGLE POLE (MadFKS)   -1.1689317088523479E-016
 DOUBLE POLE (MadFKS)   -1.0280331919904695E-015
 SINGLE POLE (MadLoop)  -1.1689317088523398E-016
 DOUBLE POLE (MadLoop)  -1.0280331919904711E-015
 FINITE PART (MadLoop)   2.1108993247568298E-015
   325.00000000000000        0.0000000000000000        0.0000000000000000        325.00000000000000        0.0000000000000000     
   325.00000000000000        0.0000000000000000        0.0000000000000000       -325.00000000000000        0.0000000000000000     
   131.64131689739901       -21.487965070955358        48.157633801858054       -89.896218072989214        80.419002445756163     
   193.26319607167534        29.935023669943213       -32.286632285813852        188.18111140430489        0.0000000000000000     
   120.01151817823872       -92.441126478997390       -43.957592779690017        62.650879225711343        0.0000000000000000     
   205.08396885268698        83.994067880009595        28.086591263645786       -160.93577255702701        91.188000000000002     

 PASSED   1.0000000000000001E-005
 MU_R    =    325.00000000000000     
 ALPHA_S =   0.11799999999999999     
 BORN                    2.0302437079385157E-015
 SINGLE POLE (MadFKS)   -1.1561150297574024E-017
 DOUBLE POLE (MadFKS)   -1.0167613859295119E-016
 SINGLE POLE (MadLoop)  -1.1561150297572984E-017
 DOUBLE POLE (MadLoop)  -1.0167613859294282E-016
 FINITE PART (MadLoop)   2.0877545002624229E-016
   325.00000000000000        0.0000000000000000        0.0000000000000000        325.00000000000000        0.0000000000000000     
   325.00000000000000        0.0000000000000000        0.0000000000000000       -325.00000000000000        0.0000000000000000     
   82.280204864308701       -7.0888567752576286        5.7326150132790863       -14.822327511949180        80.419002445756163     
   180.83940607929006       -158.30540672595313       -86.827394552579989        10.163294133868442        0.0000000000000000     
   135.08343016081878        1.8174453862379414       -13.778599881656980       -134.36658878449680        0.0000000000000000     
   251.79695889558255        163.57681811497275        94.873379420957917        139.02562216257749        91.188000000000002     

 PASSED   1.0000000000000001E-005
 MU_R    =    325.00000000000000     
 ALPHA_S =   0.11799999999999999     
 BORN                    1.0815809187726082E-014
 SINGLE POLE (MadFKS)   -6.1590239201455925E-017
 DOUBLE POLE (MadFKS)   -5.4166389466749473E-016
 SINGLE POLE (MadLoop)  -6.1590239201455765E-017
 DOUBLE POLE (MadLoop)  -5.4166389466749661E-016
 FINITE PART (MadLoop)   1.1122189034431208E-015
   325.00000000000000        0.0000000000000000        0.0000000000000000        325.00000000000000        0.0000000000000000     
   325.00000000000000        0.0000000000000000        0.0000000000000000       -325.00000000000000        0.0000000000000000     
   186.81636713304331        59.975201691145173       -1.3120839067598118       -157.58931655523338        80.419002445756163     
   176.44082720275250        77.238469843500894        19.458935950199258        157.43866771512054        0.0000000000000000     
   111.37203295998737       -44.837041178427036        87.277943118910244       -52.687096227983702        0.0000000000000000     
   175.37077270421682       -92.376630356218968       -105.42479516234970        52.837745068096538        91.188000000000002     

 PASSED   1.0000000000000001E-005
 MU_R    =    325.00000000000000     
 ALPHA_S =   0.11799999999999999     
 BORN                    4.8257107275346779E-014
 SINGLE POLE (MadFKS)   -2.7479837418283693E-016
 DOUBLE POLE (MadFKS)   -2.4167523870349385E-015
 SINGLE POLE (MadLoop)  -2.7479837418283698E-016
 DOUBLE POLE (MadLoop)  -2.4167523870349417E-015
 FINITE PART (MadLoop)   4.9624088226363388E-015
   325.00000000000000        0.0000000000000000        0.0000000000000000        325.00000000000000        0.0000000000000000     
   325.00000000000000        0.0000000000000000        0.0000000000000000       -325.00000000000000        0.0000000000000000     
   181.95462491028889       -115.81975869144718        109.96400971378290        33.674465640829148        80.419002445756163     
   135.20692065665270        14.797931451337162        88.919513044848529       -100.77327432450986        0.0000000000000000     
   106.56087006538608        38.786694723266791       -63.250455409690993       -76.486542816386262        0.0000000000000000     
   226.27758436767229        62.235132516843137       -135.63306734894047        143.58535150006699        91.188000000000002     

 PASSED   1.0000000000000001E-005
 MU_R    =    325.00000000000000     
 ALPHA_S =   0.11799999999999999     
 BORN                    6.7298220325902780E-016
 SINGLE POLE (MadFKS)   -3.8322731251660231E-018
 DOUBLE POLE (MadFKS)   -3.3703457127634059E-017
 SINGLE POLE (MadLoop)  -3.8322731251660416E-018
 DOUBLE POLE (MadLoop)  -3.3703457127634028E-017
 FINITE PART (MadLoop)   6.9204579625433764E-017
   325.00000000000000        0.0000000000000000        0.0000000000000000        325.00000000000000        0.0000000000000000     
   325.00000000000000        0.0000000000000000        0.0000000000000000       -325.00000000000000        0.0000000000000000     
   111.17755551470664        18.627432876778744       -24.607913645862386        70.290128939090906        80.419002445756163     
   133.12209068740665       -10.402907555353858        12.688843208052369        132.10701647309403        0.0000000000000000     
   256.09855103120077        23.135799902180871       -97.508949744760187       -235.67606438253466        0.0000000000000000     
   149.60180276668601       -31.360325223605756        109.42802018257021        33.278918970349750        91.188000000000002     

 PASSED   1.0000000000000001E-005
 MU_R    =    325.00000000000000     
 ALPHA_S =   0.11799999999999999     
 BORN                    1.7465281054157525E-015
 SINGLE POLE (MadFKS)   -9.9455419301120447E-018
 DOUBLE POLE (MadFKS)   -8.7467446892397610E-017
 SINGLE POLE (MadLoop)  -9.9455419301120493E-018
 DOUBLE POLE (MadLoop)  -8.7467446892397684E-017
 FINITE PART (MadLoop)   1.7960020748539953E-016
   325.00000000000000        0.0000000000000000        0.0000000000000000        325.00000000000000        0.0000000000000000     
   325.00000000000000        0.0000000000000000        0.0000000000000000       -325.00000000000000        0.0000000000000000     
   165.23601228766674        56.407576176006032        108.32888543121069       -76.933489024865693        80.419002445756163     
   237.85062403885348       -81.005140202669338       -220.58482716751220       -36.788865705491276        0.0000000000000000     
   120.36346058639587       -17.586532401749803        113.24681017959126        36.786363051580558        0.0000000000000000     
   126.54990308708389        42.184096428413113      -0.99086844328972168        76.935991678776475        91.188000000000002     

 PASSED   1.0000000000000001E-005
 MU_R    =    325.00000000000000     
 ALPHA_S =   0.11799999999999999     
 BORN                    2.3907737595642673E-015
 SINGLE POLE (MadFKS)   -1.3614175802511848E-017
 DOUBLE POLE (MadFKS)   -1.1973175593223364E-016
 SINGLE POLE (MadLoop)  -1.3614175802511955E-017
 DOUBLE POLE (MadLoop)  -1.1973175593223382E-016
 FINITE PART (MadLoop)   2.4584973006556824E-016
   325.00000000000000        0.0000000000000000        0.0000000000000000        325.00000000000000        0.0000000000000000     
   325.00000000000000        0.0000000000000000        0.0000000000000000       -325.00000000000000        0.0000000000000000     
   117.93593743615821       -35.417445435748675       -1.9146665050821448       -78.635920516993821        80.419002445756163     
   177.85506346278697        166.99519263928954       -51.623745819650900        32.863628866371883        0.0000000000000000     
   165.82389124593152       0.95685387314526549        145.68367815118029        79.201725100854262        0.0000000000000000     
   188.38510785512335       -132.53460107668613       -92.145265826447286       -33.429433450232345        91.188000000000002     

 PASSED   1.0000000000000001E-005
 MU_R    =    325.00000000000000     
 ALPHA_S =   0.11799999999999999     
 BORN                    4.0261686686662413E-014
 SINGLE POLE (MadFKS)   -2.2926873714632822E-016
 DOUBLE POLE (MadFKS)   -2.0163356840030352E-015
 SINGLE POLE (MadLoop)  -2.2926873714632497E-016
 DOUBLE POLE (MadLoop)  -2.0163356840030202E-015
 FINITE PART (MadLoop)   4.1402181048299535E-015
   325.00000000000000        0.0000000000000000        0.0000000000000000        325.00000000000000        0.0000000000000000     
   325.00000000000000        0.0000000000000000        0.0000000000000000       -325.00000000000000        0.0000000000000000     
   213.25631512499450        18.412825404165112       -185.53093875764131       -65.194160863259313        80.419002445756163     
   76.774410488633166        36.254866302427345       -13.590391986223704       -66.296274562987719        0.0000000000000000     
   162.10005553844292       -113.33399996981593        115.34765826597111       -11.258338641416401        0.0000000000000000     
   197.86921884792946        58.666308263223435        83.773672477893868        142.74877406766342        91.188000000000002     

 PASSED   1.0000000000000001E-005
 MU_R    =    325.00000000000000     
 ALPHA_S =   0.11799999999999999     
 BORN                    5.5390077176711395E-015
 SINGLE POLE (MadFKS)   -3.1541681657736190E-017
 DOUBLE POLE (MadFKS)   -2.7739769081279805E-016
 SINGLE POLE (MadLoop)  -3.1541681657736110E-017
 DOUBLE POLE (MadLoop)  -2.7739769081279835E-016
 FINITE PART (MadLoop)   5.6959114043009184E-016
   325.00000000000000        0.0000000000000000        0.0000000000000000        325.00000000000000        0.0000000000000000     
   325.00000000000000        0.0000000000000000        0.0000000000000000       -325.00000000000000        0.0000000000000000     
   176.76187434670311        63.836445839030205       -103.26389733310211        100.19490984280711        80.419002445756163     
   103.68835083670137       -5.8968138323208805        45.702963419469455        92.885633014694235        0.0000000000000000     
   174.08505850875244        50.393617888551113       -70.443449575827103       -151.00930860035206        0.0000000000000000     
   195.46471630784305       -108.33324989526041        128.00438348945985       -42.071234257149300        91.188000000000002     

 PASSED   1.0000000000000001E-005
 MU_R    =    325.00000000000000     
 ALPHA_S =   0.11799999999999999     
 BORN                    1.7331605363077876E-016
 SINGLE POLE (MadFKS)   -9.8694207851647898E-019
 DOUBLE POLE (MadFKS)   -8.6797988933258137E-018
 SINGLE POLE (MadLoop)  -9.8694207851645625E-019
 DOUBLE POLE (MadLoop)  -8.6797988933258014E-018
 FINITE PART (MadLoop)   1.7822558420970083E-017
   325.00000000000000        0.0000000000000000        0.0000000000000000        325.00000000000000        0.0000000000000000     
   325.00000000000000        0.0000000000000000        0.0000000000000000       -325.00000000000000        0.0000000000000000     
   94.105093541450302       -14.382814185851007       -28.206574472515847       -37.230048196265813        80.419002445756163     
   198.30966738268387        131.94996485779149       -147.90995821314519        6.2108946894910702        0.0000000000000000     
   243.23043390299082       -76.089556207683401        223.14044143675187        59.831152489037869        0.0000000000000000     
   114.35480517287502       -41.477594464257024       -47.023908751090779       -28.811998982263074        91.188000000000002     

 PASSED   1.0000000000000001E-005
 MU_R    =    325.00000000000000     
 ALPHA_S =   0.11799999999999999     
 BORN                    1.0074567510656211E-012
 SINGLE POLE (MadFKS)   -5.7369264940128318E-015
 DOUBLE POLE (MadFKS)   -5.0454195152641522E-014
 SINGLE POLE (MadLoop)  -5.7369264940127482E-015
 DOUBLE POLE (MadLoop)  -5.0454195152641163E-014
 FINITE PART (MadLoop)   1.0359950175601593E-013
   325.00000000000000        0.0000000000000000        0.0000000000000000        325.00000000000000        0.0000000000000000     
   325.00000000000000        0.0000000000000000        0.0000000000000000       -325.00000000000000        0.0000000000000000     
   245.72225617141316       -116.24235361317481        162.02913648630050        118.93899856469484        80.419002445756163     
   45.599886903377048       -29.659499852168349       -23.473798927537331       -25.468500506106572        0.0000000000000000     
   213.78244433580582        180.77232221884267       -32.671438324378855       -109.34751091641348        0.0000000000000000     
   144.89541258940392       -34.870468753499559       -105.88389923438433        15.877012857825209        91.188000000000002     

 NUMBER OF POINTS PASSING THE CHECK          20
 NUMBER OF POINTS FAILING THE CHECK           0
 TOLERANCE    1.0000000000000001E-005
