 Process in group number            1
 A PDF is used, so alpha_s(MZ) is going to be modified
 Old value of alpha_s from param_card:   0.11839999999999999     
  ****************************************
 
       NNPDFDriver version 1.0.3
   Grid: NNPDF23_lo_as_0130_qed_mem0.grid
  ****************************************
 New value of alpha_s from PDF nn23lo1:  0.13000000000000000     
 Define smin to   499.70131599999996     
 Define smin to   499.70131599999996     
 Warning: pt or E min of a jet should in general be >0
 Warning: pt or E min of a jet should in general be >0
 Warning: pt or E min of a jet should in general be >0
 Warning: pt or E min of a jet should in general be >0
 *****************************************************
 *               MadGraph/MadEvent                   *
 *        --------------------------------           *
 *          http://madgraph.hep.uiuc.edu             *
 *          http://madgraph.phys.ucl.ac.be           *
 *          http://madgraph.roma2.infn.it            *
 *        --------------------------------           *
 *                                                   *
 *          PARAMETER AND COUPLING VALUES            *
 *                                                   *
 *****************************************************

  External Params
  ---------------------------------
  
 mdl_cabi =   0.22773599999999999     
 aEWM1 =    127.90000000000001     
 mdl_Gf =    1.1663700000000000E-005
 aS =   0.11839999999999999     
 mdl_ymb =    4.7000000000000002     
 mdl_ymt =    172.00000000000000     
 mdl_ymtau =    1.7769999999999999     
 mdl_Lambda =    5000.0000000000000     
 mdl_ca =    1.0000000000000000     
 mdl_kSM =    5.0000000000000003E-002
 mdl_kHtt =    0.0000000000000000     
 mdl_kAtt =    0.0000000000000000     
 mdl_kHbb =    0.0000000000000000     
 mdl_kAbb =    0.0000000000000000     
 mdl_kHll =    0.0000000000000000     
 mdl_kAll =    0.0000000000000000     
 mdl_kHaa =    0.0000000000000000     
 mdl_kAaa =    0.0000000000000000     
 mdl_kHza =    0.0000000000000000     
 mdl_kAza =    0.0000000000000000     
 mdl_kHgg =    0.0000000000000000     
 mdl_kAgg =    0.0000000000000000     
 mdl_kHzz =  -0.52481000000000000     
 mdl_kAzz =    0.0000000000000000     
 mdl_kHww =  -0.52481000000000000     
 mdl_kAww =    0.0000000000000000     
 mdl_kHda =    0.0000000000000000     
 mdl_kHdz =  -0.26240500000000000     
 mdl_kHdwR =  -0.26240500000000000     
 mdl_kHdwI =    0.0000000000000000     
 mdl_kHHgg =    1.0000000000000000     
 mdl_kAAgg =    1.0000000000000000     
 mdl_kqa =    1.0000000000000000     
 mdl_kqb =    1.0000000000000000     
 mdl_kla =    1.0000000000000000     
 mdl_klb =    1.0000000000000000     
 mdl_kw1 =    1.0000000000000000     
 mdl_kw2 =    1.0000000000000000     
 mdl_kw3 =    0.0000000000000000     
 mdl_kw4 =    0.0000000000000000     
 mdl_kw5 =    0.0000000000000000     
 mdl_kz1 =    0.0000000000000000     
 mdl_kz3 =    1.0000000000000000     
 mdl_kz5 =    0.0000000000000000     
 mdl_kq =    1.0000000000000000     
 mdl_kq3 =    1.0000000000000000     
 mdl_kl =    1.0000000000000000     
 mdl_kg =    1.0000000000000000     
 mdl_ka =    1.0000000000000000     
 mdl_kz =    1.0000000000000000     
 mdl_kw =    1.0000000000000000     
 mdl_kza =    0.0000000000000000     
 mdl_MZ =    91.187600000000003     
 mdl_MTA =    1.7769999999999999     
 mdl_MT =    172.00000000000000     
 mdl_MB =    4.7000000000000002     
 mdl_MX0 =    600.00000000000000     
 mdl_MX1 =    125.00000000000000     
 mdl_MX2 =    125.00000000000000     
 mdl_WZ =    2.4952000000000001     
 mdl_WW =    2.0850000000000000     
 mdl_WT =    1.5083359999999999     
 mdl_WX0 =   0.15059000000000000     
 mdl_WX1 =    4.0699999999999998E-003
 mdl_WX2 =    4.0699999999999998E-003
  Internal Params
  ---------------------------------
  
 mdl_cos__cabi =   0.97418004031982097     
 mdl_CKM1x1 =  ( 0.97418004031982097     ,  0.0000000000000000     )
 mdl_sin__cabi =   0.22577256042856930     
 mdl_CKM1x2 =  ( 0.22577256042856930     ,  0.0000000000000000     )
 mdl_CKM2x1 =  (-0.22577256042856930     ,  0.0000000000000000     )
 mdl_CKM2x2 =  ( 0.97418004031982097     ,  0.0000000000000000     )
 mdl_ca__exp__2 =    1.0000000000000000     
 mdl_sa =    0.0000000000000000     
 mdl_complexi =  (  0.0000000000000000     ,  1.0000000000000000     )
 mdl_kHdw =  (-0.26240500000000000     ,  0.0000000000000000     )
 mdl_MZ__exp__2 =    8315.1783937600012     
 mdl_MZ__exp__4 =    69142191.720053151     
 mdl_sqrt__2 =    1.4142135623730951     
 mdl_nb__2__exp__0_75 =    1.6817928305074290     
 mdl_MX0__exp__2 =    360000.00000000000     
 mdl_ca__exp__4 =    1.0000000000000000     
 mdl_ca__exp__3 =    1.0000000000000000     
 mdl_conjg__CKM1x1 =  ( 0.97418004031982097     , -0.0000000000000000     )
 mdl_conjg__CKM1x2 =  ( 0.22577256042856930     , -0.0000000000000000     )
 mdl_conjg__CKM2x1 =  (-0.22577256042856930     , -0.0000000000000000     )
 mdl_conjg__CKM2x2 =  ( 0.97418004031982097     , -0.0000000000000000     )
 mdl_conjg__kHdw =  (-0.26240500000000000     , -0.0000000000000000     )
 mdl_aEW =    7.8186082877247844E-003
 mdl_MW =    79.824359746197842     
 mdl_sqrt__aEW =    8.8422894590285753E-002
 mdl_ee =   0.31345100004952897     
 mdl_MW__exp__2 =    6371.9284088904105     
 mdl_sw2 =   0.23369913342182447     
 mdl_cw =   0.87538612427783857     
 mdl_sqrt__sw2 =   0.48342438232036300     
 mdl_sw =   0.48342438232036300     
 mdl_ad =  -0.12747442148678401     
 mdl_al =   -1.2074027013887732E-002
 mdl_an =   0.18517461872323218     
 mdl_au =    6.9774224250335873E-002
 mdl_bd =  -0.18517461872323218     
 mdl_bl =  -0.18517461872323218     
 mdl_bn =   0.18517461872323218     
 mdl_bu =   0.18517461872323218     
 mdl_gwwz =  -0.56759788318358417     
 mdl_g1 =   0.35807170271074895     
 mdl_gw =   0.64839716719502682     
 mdl_vev =    246.22056907348590     
 mdl_ee__exp__2 =    9.8251529432049817E-002
 mdl_gAaa =    1.3477023594718659E-005
 mdl_vev__exp__2 =    60624.568634871241     
 mdl_cw__exp__2 =   0.76630086657817542     
 mdl_gAza =    4.4999802188047602E-006
 mdl_gHaa =    2.6392504539657372E-005
 mdl_gHza =    3.9166441035016922E-005
 mdl_lam =    2.9690932909411916     
 mdl_yb =    2.6995322804122722E-002
 mdl_yt =   0.98791394091683138     
 mdl_ytau =    1.0206529494239589E-002
 mdl_muH =    424.26406871192853     
 mdl_sw__exp__2 =   0.23369913342182450     
  Internal Params evaluated point by point
  ----------------------------------------
  
 mdl_sqrt__aS =   0.34409301068170506     
 mdl_G__exp__2 =    1.4878582807401259     
 mdl_gAAgg =    3.1083017473614446E-007
 mdl_gAgg =    7.6532782508744533E-005
 mdl_gHgg =   -5.1021855005829691E-005
 mdl_gHHgg =    2.0722011649076294E-007
  Couplings of HC_UFO
  ---------------------------------
  
        GC_10 =  -0.00000E+00   0.00000E+00
        GC_13 =  -0.00000E+00  -0.20722E-06
        GC_62 =   0.00000E+00   0.00000E+00
        GC_64 =   0.00000E+00   0.00000E+00
         GC_1 =  -0.00000E+00  -0.10448E+00
         GC_2 =   0.00000E+00   0.20897E+00
         GC_3 =  -0.00000E+00  -0.31345E+00
         GC_9 =  -0.00000E+00  -0.00000E+00
        GC_16 =  -0.00000E+00  -0.00000E+00
        GC_17 =   0.00000E+00  -0.12074E-01
        GC_19 =  -0.00000E+00   0.18517E+00
        GC_21 =   0.00000E+00  -0.12747E+00
        GC_22 =   0.00000E+00   0.69774E-01
        GC_23 =  -0.00000E+00   0.18517E+00
        GC_24 =  -0.00000E+00  -0.18517E+00
        GC_61 =   0.00000E+00   0.00000E+00
        GC_66 =   0.00000E+00   0.00000E+00
        GC_77 =  -0.00000E+00  -0.28380E+00
        GC_78 =   0.00000E+00   0.28380E+00
        GC_89 =  -0.00000E+00  -0.28850E-01
        GC_90 =   0.00000E+00   0.86550E-01
        GC_98 =  -0.00000E+00  -0.21932E+03
       GC_100 =   0.00000E+00   0.33771E+01
       GC_101 =  -0.00000E+00  -0.00000E+00
       GC_102 =   0.00000E+00   0.00000E+00
       GC_105 =  -0.00000E+00  -0.00000E+00
       GC_106 =   0.00000E+00   0.00000E+00
        GC_35 =  -0.00000E+00  -0.20000E-03
        GC_38 =  -0.00000E+00  -0.00000E+00
        GC_40 =   0.00000E+00   0.52481E-04
        GC_42 =   0.00000E+00   0.10496E-03
        GC_43 =   0.00000E+00   0.50000E-04
        GC_45 =   0.00000E+00   0.50000E-04
        GC_49 =   0.00000E+00   0.50000E-04
        GC_56 =  -0.00000E+00  -0.94000E-03
        GC_58 =  -0.00000E+00  -0.35540E-03
        GC_68 =   0.00000E+00   0.00000E+00

 Collider parameters:
 --------------------

 Running at P P   machine @    13000.000000000000       GeV
 PDF set = nn23lo1
 alpha_s(Mz)= 0.1300 running at 2 loops.
 alpha_s(Mz)= 0.1300 running at 2 loops.
 Renormalization scale set on event-by-event basis
 Factorization   scale set on event-by-event basis


 getting user params
Enter number of events and max and min iterations: 
 Number of events and iterations         1000           5           3
Enter desired fractional accuracy: 
 Desired fractional accuracy:   0.10000000000000001     
Enter 0 for fixed, 2 for adjustable grid: 
Suppress amplitude (0 no, 1 yes)? 
 Using suppressed amplitude.
Exact helicity sum (0 yes, n = number/event)? 
 Explicitly summing over helicities
Enter Configuration Number: 
Running Configuration Number:   37
 Using dconfig=          22
 BW Setting            1           1           2           0           0           0
 Attempting mappinvarients           1           8
 Completed mapping           8
 about to integrate           16        1000           5           3          16           1
 Using non-zero grid deformation.
 16 dimensions   1000 events 16 invarients  5 iterations  1 config(s),  (0.99)
 Using h-tuple random number sequence.
 Error opening grid
 Using Uniform Grid!          32
 Using uniform alpha   1.0000000000000000     
 Grid defined OK
 Set CM energy to      13000.00
 Mapping Graph          37  to config          37
Setting grid   1    0.52284E-06   1
Setting grid   2    0.74739E-07   1
 Setting BW          -3           1   600.00000000000000     
 Setting BW          -4           2   91.187600000000003     
Setting grid   5    0.25116E-02   1
 Transforming s_hat 1/s           15   2.5115575576956360E-003   499.70131599999996        168999999.99999997     
  37   1   2   3   4   5   6   7   8   9  10  11  12  13  14
  15  16
 Masses: 0.000E+00 0.000E+00 0.470E+01 0.470E+01 0.178E+01 0.178E+01 0.470E+01 0.470E+01
Using random seed offsets    37 :     10
  with seed                   24
 Ranmar initialization seeds       31095        9407
 
 ********************************************
 * You are using the DiscreteSampler module *
 *      part of the MG5_aMC framework       *
 *         Author: Valentin Hirschi         *
 ********************************************
 
  Particle       3       4       5       6       7       8
      Et >     0.0     0.0     0.0     0.0     0.0     0.0
       E >     0.0     0.0     0.0     0.0     0.0     0.0
     Eta <    -1.0    -1.0    -1.0    -1.0    -1.0    -1.0
   xqcut:      0.0     0.0     0.0     0.0     0.0     0.0
d R # 3  >    -0.0     0.0     0.0     0.0     0.0     0.0
d R # 4  >    -0.0    -0.0     0.0     0.0     0.0     0.0
d R # 5  >    -0.0    -0.0    -0.0     0.0     0.0     0.0
d R # 6  >    -0.0    -0.0    -0.0    -0.0     0.0     0.0
d R # 7  >    -0.0    -0.0    -0.0    -0.0    -0.0     0.0
s min # 3>     0.0    88.4    42.0    42.0    88.4     0.0
s min # 4>     0.0     0.0    42.0    42.0    88.4     0.0
s min # 5>     0.0     0.0     0.0    12.6    42.0     0.0
s min # 6>     0.0     0.0     0.0     0.0    42.0     0.0
s min # 7>     0.0     0.0     0.0     0.0     0.0     0.0
xqcutij # 3>     0.0     0.0     0.0     0.0     0.0     0.0
xqcutij # 4>     0.0     0.0     0.0     0.0     0.0     0.0
xqcutij # 5>     0.0     0.0     0.0     0.0     0.0     0.0
xqcutij # 6>     0.0     0.0     0.0     0.0     0.0     0.0
xqcutij # 7>     0.0     0.0     0.0     0.0     0.0     0.0
 Requiring BW           -3           1
 Requiring BW           -4           2
 Excluding BW           -5           3
 alpha_s for scale    280.19769629842568       is   0.10955809944507766     
 Added good helicity            1   26.218965125172584       in event            1 local:           1
 Added good helicity            2   32.282716126635378       in event            1 local:           1
 Added good helicity            3  0.15577080187655559       in event            1 local:           1
 Added good helicity            4  0.33241878846907535       in event            1 local:           1
 Added good helicity            5   27.236361638103848       in event            1 local:           1
 Added good helicity            6   2.0067134995326156E-003  in event            1 local:           1
 Added good helicity            7   9.1632898124167483E-004  in event            1 local:           1
 Added good helicity            8  0.87076856216241183       in event            1 local:           1
 Added good helicity            9   27.159971695772928       in event            1 local:           1
 Added good helicity           10   6.4679722112743001E-004  in event            1 local:           1
 Added good helicity           11   8.9915840448072035E-004  in event            1 local:           1
 Added good helicity           12  0.87182526521575254       in event            1 local:           1
 Added good helicity           13   10.482431084194092       in event            1 local:           1
 Added good helicity           14   3.3692833652319560       in event            1 local:           1
 Added good helicity           15  0.97007518308653062       in event            1 local:           1
 Added good helicity           16  0.63427692293113902       in event            1 local:           1
 Added good helicity           17   2.5739219628060979E-002  in event            1 local:           1
 Added good helicity           18   3.1692018224473810E-002  in event            1 local:           1
 Added good helicity           19   1.5292056196720090E-004  in event            1 local:           1
 Added good helicity           20   3.2633630519172626E-004  in event            1 local:           1
 Added good helicity           21   2.6738000173751473E-002  in event            1 local:           1
 Added good helicity           22   1.9699953544495501E-006  in event            1 local:           1
 Added good helicity           23   8.9956231251448211E-007  in event            1 local:           1
 Added good helicity           24   8.5483554212407672E-004  in event            1 local:           1
 Added good helicity           25   2.6663007987994203E-002  in event            1 local:           1
 Added good helicity           26   6.3496235072355224E-007  in event            1 local:           1
 Added good helicity           27   8.8270591699006950E-007  in event            1 local:           1
 Added good helicity           28   8.5587290999278288E-004  in event            1 local:           1
 Added good helicity           29   1.0290627209120679E-002  in event            1 local:           1
 Added good helicity           30   3.3076333910531017E-003  in event            1 local:           1
 Added good helicity           31   9.5232508506688373E-004  in event            1 local:           1
 Added good helicity           32   6.2267114458537860E-004  in event            1 local:           1
 Added good helicity           33   2.9271625303694319E-002  in event            1 local:           1
 Added good helicity           34   3.6041375612386177E-002  in event            1 local:           1
 Added good helicity           35   1.7390711357287078E-004  in event            1 local:           1
 Added good helicity           36   3.7112213138545090E-004  in event            1 local:           1
 Added good helicity           37   3.0407476752049731E-002  in event            1 local:           1
 Added good helicity           38   2.2403540860500354E-006  in event            1 local:           1
 Added good helicity           39   1.0230166776517902E-006  in event            1 local:           1
 Added good helicity           40   9.7215168318688357E-004  in event            1 local:           1
 Added good helicity           41   3.0322192769321726E-002  in event            1 local:           1
 Added good helicity           42   7.2210347791856991E-007  in event            1 local:           1
 Added good helicity           43   1.0038469397618527E-006  in event            1 local:           1
 Added good helicity           44   9.7333141761526422E-004  in event            1 local:           1
 Added good helicity           45   1.1702894965665026E-002  in event            1 local:           1
 Added good helicity           46   3.7615672372343762E-003  in event            1 local:           1
 Added good helicity           47   1.0830205212203096E-003  in event            1 local:           1
 Added good helicity           48   7.0812544805573486E-004  in event            1 local:           1
 Added good helicity           49  0.13754704591572092       in event            1 local:           1
 Added good helicity           50  0.16935802828813112       in event            1 local:           1
 Added good helicity           51   8.1718761727450899E-004  in event            1 local:           1
 Added good helicity           52   1.7438988206634413E-003  in event            1 local:           1
 Added good helicity           53  0.14288439940051939       in event            1 local:           1
 Added good helicity           54   1.0527399252494058E-005  in event            1 local:           1
 Added good helicity           55   4.8071441361255795E-006  in event            1 local:           1
 Added good helicity           56   4.5681300856046346E-003  in event            1 local:           1
 Added good helicity           57  0.14248365090205162       in event            1 local:           1
 Added good helicity           58   3.3931563144405280E-006  in event            1 local:           1
 Added good helicity           59   4.7170657482539345E-006  in event            1 local:           1
 Added good helicity           60   4.5736736447307570E-003  in event            1 local:           1
 Added good helicity           61   5.4991774952312951E-002  in event            1 local:           1
 Added good helicity           62   1.7675563147825948E-002  in event            1 local:           1
 Added good helicity           63   5.0891015382448666E-003  in event            1 local:           1
 Added good helicity           64   3.3274737055861378E-003  in event            1 local:           1
 Added good helicity          193   20.526228243743368       in event            1 local:           1
 Added good helicity          194   25.273400242143587       in event            1 local:           1
 Added good helicity          195  0.12194939875637260       in event            1 local:           1
 Added good helicity          196  0.26024306802536562       in event            1 local:           1
 Added good helicity          197   21.322724708768376       in event            1 local:           1
 Added good helicity          198   1.5710101109849281E-003  in event            1 local:           1
 Added good helicity          199   7.1737300559072362E-004  in event            1 local:           1
 Added good helicity          200  0.68170479533006378       in event            1 local:           1
 Added good helicity          201   21.262920769737015       in event            1 local:           1
 Added good helicity          202   5.0636275401785727E-004  in event            1 local:           1
 Added good helicity          203   7.0393055368656032E-004  in event            1 local:           1
 Added good helicity          204  0.68253206398674748       in event            1 local:           1
 Added good helicity          205   8.2064555925931533       in event            1 local:           1
 Added good helicity          206   2.6377349007646407       in event            1 local:           1
 Added good helicity          207  0.75944967799312224       in event            1 local:           1
 Added good helicity          208  0.49656089886339994       in event            1 local:           1
 Added good helicity          209  0.11028269479911042       in event            1 local:           1
 Added good helicity          210  0.13578815612603648       in event            1 local:           1
 Added good helicity          211   6.5520602052563824E-004  in event            1 local:           1
 Added good helicity          212   1.3982260405475894E-003  in event            1 local:           1
 Added good helicity          213  0.11456208678081548       in event            1 local:           1
 Added good helicity          214   8.4406753417485549E-006  in event            1 local:           1
 Added good helicity          215   3.8542798654105889E-006  in event            1 local:           1
 Added good helicity          216   3.6626427901770603E-003  in event            1 local:           1
 Added good helicity          217  0.11424077399613528       in event            1 local:           1
 Added good helicity          218   2.7205704036741363E-006  in event            1 local:           1
 Added good helicity          219   3.7820566686744603E-006  in event            1 local:           1
 Added good helicity          220   3.6670875140541706E-003  in event            1 local:           1
 Added good helicity          221   4.4091395007082070E-002  in event            1 local:           1
 Added good helicity          222   1.4171941847653248E-002  in event            1 local:           1
 Added good helicity          223   4.0803481311247388E-003  in event            1 local:           1
 Added good helicity          224   2.6679072944254200E-003  in event            1 local:           1
 Added good helicity          225  0.16572171620449880       in event            1 local:           1
 Added good helicity          226  0.20404875229465955       in event            1 local:           1
 Added good helicity          227   9.8457755667668797E-004  in event            1 local:           1
 Added good helicity          228   2.1011131393139891E-003  in event            1 local:           1
 Added good helicity          229  0.17215235507138357       in event            1 local:           1
 Added good helicity          230   1.2683796003603372E-005  in event            1 local:           1
 Added good helicity          231   5.7918232338428605E-006  in event            1 local:           1
 Added good helicity          232   5.5038503560131879E-003  in event            1 local:           1
 Added good helicity          233  0.17166951860993651       in event            1 local:           1
 Added good helicity          234   4.0881989433910863E-006  in event            1 local:           1
 Added good helicity          235   5.6832934945697218E-006  in event            1 local:           1
 Added good helicity          236   5.5105294389854618E-003  in event            1 local:           1
 Added good helicity          237   6.6256103586643453E-002  in event            1 local:           1
 Added good helicity          238   2.1296165542759295E-002  in event            1 local:           1
 Added good helicity          239   6.1315358337368699E-003  in event            1 local:           1
 Added good helicity          240   4.0090621317520449E-003  in event            1 local:           1
 Added good helicity          241   4.1844319853221572       in event            1 local:           1
 Added good helicity          242   5.1521800837087541       in event            1 local:           1
 Added good helicity          243   2.4860337646421482E-002  in event            1 local:           1
 Added good helicity          244   5.3052582523807700E-002  in event            1 local:           1
 Added good helicity          245   4.3468040122172011       in event            1 local:           1
 Added good helicity          246   3.2026268438643292E-004  in event            1 local:           1
 Added good helicity          247   1.4624209155013687E-004  in event            1 local:           1
 Added good helicity          248  0.13897084823638314       in event            1 local:           1
 Added good helicity          249   4.3346125120370704       in event            1 local:           1
 Added good helicity          250   1.0322600328357890E-004  in event            1 local:           1
 Added good helicity          251   1.4350174271249394E-004  in event            1 local:           1
 Added good helicity          252  0.13913949341495063       in event            1 local:           1
 Added good helicity          253   1.6729500841558824       in event            1 local:           1
 Added good helicity          254  0.53772286639775113       in event            1 local:           1
 Added good helicity          255  0.15481974993655687       in event            1 local:           1
 Added good helicity          256  0.10122781853493595       in event            1 local:           1
 Added good helicity            1   26.218965125172854       in event            1 local:           1
 Added good helicity            2   32.282716126635265       in event            1 local:           1
 Added good helicity            3  0.15577080187655504       in event            1 local:           1
 Added good helicity            4  0.33241878846909079       in event            1 local:           1
 Added good helicity            5   27.236361638103691       in event            1 local:           1
 Added good helicity            6   2.0067134995325874E-003  in event            1 local:           1
 Added good helicity            7   9.1632898124167407E-004  in event            1 local:           1
 Added good helicity            8  0.87076856216240850       in event            1 local:           1
 Added good helicity            9   27.159971695772693       in event            1 local:           1
 Added good helicity           10   6.4679722112741408E-004  in event            1 local:           1
 Added good helicity           11   8.9915840448071287E-004  in event            1 local:           1
 Added good helicity           12  0.87182526521574866       in event            1 local:           1
 Added good helicity           13   10.482431084194324       in event            1 local:           1
 Added good helicity           14   3.3692833652319361       in event            1 local:           1
 Added good helicity           15  0.97007518308652663       in event            1 local:           1
 Added good helicity           16  0.63427692293115279       in event            1 local:           1
 Added good helicity           17   2.5739219628061159E-002  in event            1 local:           1
 Added good helicity           18   3.1692018224473692E-002  in event            1 local:           1
 Added good helicity           19   1.5292056196720044E-004  in event            1 local:           1
 Added good helicity           20   3.2633630519173607E-004  in event            1 local:           1
 Added good helicity           21   2.6738000173751338E-002  in event            1 local:           1
 Added good helicity           22   1.9699953544495238E-006  in event            1 local:           1
 Added good helicity           23   8.9956231251448137E-007  in event            1 local:           1
 Added good helicity           24   8.5483554212407249E-004  in event            1 local:           1
 Added good helicity           25   2.6663007987993995E-002  in event            1 local:           1
 Added good helicity           26   6.3496235072353678E-007  in event            1 local:           1
 Added good helicity           27   8.8270591699006219E-007  in event            1 local:           1
 Added good helicity           28   8.5587290999277832E-004  in event            1 local:           1
 Added good helicity           29   1.0290627209120782E-002  in event            1 local:           1
 Added good helicity           30   3.3076333910530800E-003  in event            1 local:           1
 Added good helicity           31   9.5232508506688047E-004  in event            1 local:           1
 Added good helicity           32   6.2267114458538944E-004  in event            1 local:           1
 Added good helicity           33   2.9271625303694503E-002  in event            1 local:           1
 Added good helicity           34   3.6041375612386024E-002  in event            1 local:           1
 Added good helicity           35   1.7390711357287032E-004  in event            1 local:           1
 Added good helicity           36   3.7112213138546369E-004  in event            1 local:           1
 Added good helicity           37   3.0407476752049547E-002  in event            1 local:           1
 Added good helicity           38   2.2403540860500028E-006  in event            1 local:           1
 Added good helicity           39   1.0230166776517883E-006  in event            1 local:           1
 Added good helicity           40   9.7215168318687934E-004  in event            1 local:           1
 Added good helicity           41   3.0322192769321459E-002  in event            1 local:           1
 Added good helicity           42   7.2210347791855138E-007  in event            1 local:           1
 Added good helicity           43   1.0038469397618428E-006  in event            1 local:           1
 Added good helicity           44   9.7333141761525794E-004  in event            1 local:           1
 Added good helicity           45   1.1702894965665346E-002  in event            1 local:           1
 Added good helicity           46   3.7615672372343506E-003  in event            1 local:           1
 Added good helicity           47   1.0830205212203051E-003  in event            1 local:           1
 Added good helicity           48   7.0812544805574657E-004  in event            1 local:           1
 Added good helicity           49  0.13754704591572253       in event            1 local:           1
 Added good helicity           50  0.16935802828813057       in event            1 local:           1
 Added good helicity           51   8.1718761727450748E-004  in event            1 local:           1
 Added good helicity           52   1.7438988206635016E-003  in event            1 local:           1
 Added good helicity           53  0.14288439940051878       in event            1 local:           1
 Added good helicity           54   1.0527399252493917E-005  in event            1 local:           1
 Added good helicity           55   4.8071441361255787E-006  in event            1 local:           1
 Added good helicity           56   4.5681300856046181E-003  in event            1 local:           1
 Added good helicity           57  0.14248365090205062       in event            1 local:           1
 Added good helicity           58   3.3931563144404458E-006  in event            1 local:           1
 Added good helicity           59   4.7170657482538972E-006  in event            1 local:           1
 Added good helicity           60   4.5736736447307353E-003  in event            1 local:           1
 Added good helicity           61   5.4991774952313888E-002  in event            1 local:           1
 Added good helicity           62   1.7675563147825854E-002  in event            1 local:           1
 Added good helicity           63   5.0891015382448501E-003  in event            1 local:           1
 Added good helicity           64   3.3274737055861902E-003  in event            1 local:           1
 Added good helicity          193   20.526228243743549       in event            1 local:           1
 Added good helicity          194   25.273400242143495       in event            1 local:           1
 Added good helicity          195  0.12194939875637219       in event            1 local:           1
 Added good helicity          196  0.26024306802537250       in event            1 local:           1
 Added good helicity          197   21.322724708768266       in event            1 local:           1
 Added good helicity          198   1.5710101109849069E-003  in event            1 local:           1
 Added good helicity          199   7.1737300559072265E-004  in event            1 local:           1
 Added good helicity          200  0.68170479533006101       in event            1 local:           1
 Added good helicity          201   21.262920769736866       in event            1 local:           1
 Added good helicity          202   5.0636275401784426E-004  in event            1 local:           1
 Added good helicity          203   7.0393055368655349E-004  in event            1 local:           1
 Added good helicity          204  0.68253206398674404       in event            1 local:           1
 Added good helicity          205   8.2064555925934002       in event            1 local:           1
 Added good helicity          206   2.6377349007646251       in event            1 local:           1
 Added good helicity          207  0.75944967799311891       in event            1 local:           1
 Added good helicity          208  0.49656089886340737       in event            1 local:           1
 Added good helicity          209  0.11028269479911061       in event            1 local:           1
 Added good helicity          210  0.13578815612603573       in event            1 local:           1
 Added good helicity          211   6.5520602052563520E-004  in event            1 local:           1
 Added good helicity          212   1.3982260405476334E-003  in event            1 local:           1
 Added good helicity          213  0.11456208678081474       in event            1 local:           1
 Added good helicity          214   8.4406753417484296E-006  in event            1 local:           1
 Added good helicity          215   3.8542798654105804E-006  in event            1 local:           1
 Added good helicity          216   3.6626427901770421E-003  in event            1 local:           1
 Added good helicity          217  0.11424077399613422       in event            1 local:           1
 Added good helicity          218   2.7205704036740656E-006  in event            1 local:           1
 Added good helicity          219   3.7820566686744243E-006  in event            1 local:           1
 Added good helicity          220   3.6670875140541446E-003  in event            1 local:           1
 Added good helicity          221   4.4091395007082250E-002  in event            1 local:           1
 Added good helicity          222   1.4171941847653141E-002  in event            1 local:           1
 Added good helicity          223   4.0803481311247171E-003  in event            1 local:           1
 Added good helicity          224   2.6679072944254634E-003  in event            1 local:           1
 Added good helicity          225  0.16572171620450007       in event            1 local:           1
 Added good helicity          226  0.20404875229465877       in event            1 local:           1
 Added good helicity          227   9.8457755667668450E-004  in event            1 local:           1
 Added good helicity          228   2.1011131393140659E-003  in event            1 local:           1
 Added good helicity          229  0.17215235507138285       in event            1 local:           1
 Added good helicity          230   1.2683796003603198E-005  in event            1 local:           1
 Added good helicity          231   5.7918232338428504E-006  in event            1 local:           1
 Added good helicity          232   5.5038503560131671E-003  in event            1 local:           1
 Added good helicity          233  0.17166951860993529       in event            1 local:           1
 Added good helicity          234   4.0881989433909821E-006  in event            1 local:           1
 Added good helicity          235   5.6832934945696743E-006  in event            1 local:           1
 Added good helicity          236   5.5105294389854349E-003  in event            1 local:           1
 Added good helicity          237   6.6256103586645437E-002  in event            1 local:           1
 Added good helicity          238   2.1296165542759177E-002  in event            1 local:           1
 Added good helicity          239   6.1315358337368526E-003  in event            1 local:           1
 Added good helicity          240   4.0090621317521273E-003  in event            1 local:           1
 Added good helicity          241   4.1844319853221901       in event            1 local:           1
 Added good helicity          242   5.1521800837087293       in event            1 local:           1
 Added good helicity          243   2.4860337646421392E-002  in event            1 local:           1
 Added good helicity          244   5.3052582523809566E-002  in event            1 local:           1
 Added good helicity          245   4.3468040122171780       in event            1 local:           1
 Added good helicity          246   3.2026268438642820E-004  in event            1 local:           1
 Added good helicity          247   1.4624209155013652E-004  in event            1 local:           1
 Added good helicity          248  0.13897084823638262       in event            1 local:           1
 Added good helicity          249   4.3346125120370358       in event            1 local:           1
 Added good helicity          250   1.0322600328357635E-004  in event            1 local:           1
 Added good helicity          251   1.4350174271249264E-004  in event            1 local:           1
 Added good helicity          252  0.13913949341494986       in event            1 local:           1
 Added good helicity          253   1.6729500841559037       in event            1 local:           1
 Added good helicity          254  0.53772286639774758       in event            1 local:           1
 Added good helicity          255  0.15481974993655623       in event            1 local:           1
 Added good helicity          256  0.10122781853493766       in event            1 local:           1
 RESET CUMULATIVE VARIABLE
 RESET CUMULATIVE VARIABLE
 RESET CUMULATIVE VARIABLE
 No points passed cuts!
 Loosen cuts or increase max_events      500000
 Deleting file events.lhe

ls status:
events.lhe
grid_information
input_app.txt
results.dat
run1_app.log
