 Process in group number            1
 A PDF is used, so alpha_s(MZ) is going to be modified
 Old value of alpha_s from param_card:   0.11839999999999999     
  ****************************************
 
       NNPDFDriver version 1.0.3
   Grid: NNPDF23_lo_as_0130_qed_mem0.grid
  ****************************************
 New value of alpha_s from PDF nn23lo1:  0.13000000000000000     
 Define smin to   167.80611599999997     
 Define smin to   167.80611599999997     
 Define smin to   167.80611599999997     
 Define smin to   167.80611599999997     
 Warning: pt or E min of a jet should in general be >0
 Warning: pt or E min of a jet should in general be >0
 Warning: pt or E min of a jet should in general be >0
 Warning: pt or E min of a jet should in general be >0
 *****************************************************
 *               MadGraph/MadEvent                   *
 *        --------------------------------           *
 *          http://madgraph.hep.uiuc.edu             *
 *          http://madgraph.phys.ucl.ac.be           *
 *          http://madgraph.roma2.infn.it            *
 *        --------------------------------           *
 *                                                   *
 *          PARAMETER AND COUPLING VALUES            *
 *                                                   *
 *****************************************************

  External Params
  ---------------------------------
  
 mdl_cabi =   0.22773599999999999     
 aEWM1 =    127.90000000000001     
 mdl_Gf =    1.1663700000000000E-005
 aS =   0.11839999999999999     
 mdl_ymb =    4.7000000000000002     
 mdl_ymt =    172.00000000000000     
 mdl_ymtau =    1.7769999999999999     
 mdl_Lambda =    5000.0000000000000     
 mdl_ca =    1.0000000000000000     
 mdl_kSM =    5.0000000000000003E-002
 mdl_kHtt =    0.0000000000000000     
 mdl_kAtt =    0.0000000000000000     
 mdl_kHbb =    0.0000000000000000     
 mdl_kAbb =    0.0000000000000000     
 mdl_kHll =    0.0000000000000000     
 mdl_kAll =    0.0000000000000000     
 mdl_kHaa =    0.0000000000000000     
 mdl_kAaa =    0.0000000000000000     
 mdl_kHza =    0.0000000000000000     
 mdl_kAza =    0.0000000000000000     
 mdl_kHgg =    0.0000000000000000     
 mdl_kAgg =    0.0000000000000000     
 mdl_kHzz =  -0.52481000000000000     
 mdl_kAzz =    0.0000000000000000     
 mdl_kHww =  -0.52481000000000000     
 mdl_kAww =    0.0000000000000000     
 mdl_kHda =    0.0000000000000000     
 mdl_kHdz =  -0.26240500000000000     
 mdl_kHdwR =  -0.26240500000000000     
 mdl_kHdwI =    0.0000000000000000     
 mdl_kHHgg =    1.0000000000000000     
 mdl_kAAgg =    1.0000000000000000     
 mdl_kqa =    1.0000000000000000     
 mdl_kqb =    1.0000000000000000     
 mdl_kla =    1.0000000000000000     
 mdl_klb =    1.0000000000000000     
 mdl_kw1 =    1.0000000000000000     
 mdl_kw2 =    1.0000000000000000     
 mdl_kw3 =    0.0000000000000000     
 mdl_kw4 =    0.0000000000000000     
 mdl_kw5 =    0.0000000000000000     
 mdl_kz1 =    0.0000000000000000     
 mdl_kz3 =    1.0000000000000000     
 mdl_kz5 =    0.0000000000000000     
 mdl_kq =    1.0000000000000000     
 mdl_kq3 =    1.0000000000000000     
 mdl_kl =    1.0000000000000000     
 mdl_kg =    1.0000000000000000     
 mdl_ka =    1.0000000000000000     
 mdl_kz =    1.0000000000000000     
 mdl_kw =    1.0000000000000000     
 mdl_kza =    0.0000000000000000     
 mdl_MZ =    91.187600000000003     
 mdl_MTA =    1.7769999999999999     
 mdl_MT =    172.00000000000000     
 mdl_MB =    4.7000000000000002     
 mdl_MX0 =    600.00000000000000     
 mdl_MX1 =    125.00000000000000     
 mdl_MX2 =    125.00000000000000     
 mdl_WZ =    2.4952000000000001     
 mdl_WW =    2.0850000000000000     
 mdl_WT =    1.5083359999999999     
 mdl_WX0 =   0.15059000000000000     
 mdl_WX1 =    4.0699999999999998E-003
 mdl_WX2 =    4.0699999999999998E-003
  Internal Params
  ---------------------------------
  
 mdl_cos__cabi =   0.97418004031982097     
 mdl_CKM1x1 =  ( 0.97418004031982097     ,  0.0000000000000000     )
 mdl_sin__cabi =   0.22577256042856930     
 mdl_CKM1x2 =  ( 0.22577256042856930     ,  0.0000000000000000     )
 mdl_CKM2x1 =  (-0.22577256042856930     ,  0.0000000000000000     )
 mdl_CKM2x2 =  ( 0.97418004031982097     ,  0.0000000000000000     )
 mdl_ca__exp__2 =    1.0000000000000000     
 mdl_sa =    0.0000000000000000     
 mdl_complexi =  (  0.0000000000000000     ,  1.0000000000000000     )
 mdl_kHdw =  (-0.26240500000000000     ,  0.0000000000000000     )
 mdl_MZ__exp__2 =    8315.1783937600012     
 mdl_MZ__exp__4 =    69142191.720053151     
 mdl_sqrt__2 =    1.4142135623730951     
 mdl_nb__2__exp__0_75 =    1.6817928305074290     
 mdl_MX0__exp__2 =    360000.00000000000     
 mdl_ca__exp__4 =    1.0000000000000000     
 mdl_ca__exp__3 =    1.0000000000000000     
 mdl_conjg__CKM1x1 =  ( 0.97418004031982097     , -0.0000000000000000     )
 mdl_conjg__CKM1x2 =  ( 0.22577256042856930     , -0.0000000000000000     )
 mdl_conjg__CKM2x1 =  (-0.22577256042856930     , -0.0000000000000000     )
 mdl_conjg__CKM2x2 =  ( 0.97418004031982097     , -0.0000000000000000     )
 mdl_conjg__kHdw =  (-0.26240500000000000     , -0.0000000000000000     )
 mdl_aEW =    7.8186082877247844E-003
 mdl_MW =    79.824359746197842     
 mdl_sqrt__aEW =    8.8422894590285753E-002
 mdl_ee =   0.31345100004952897     
 mdl_MW__exp__2 =    6371.9284088904105     
 mdl_sw2 =   0.23369913342182447     
 mdl_cw =   0.87538612427783857     
 mdl_sqrt__sw2 =   0.48342438232036300     
 mdl_sw =   0.48342438232036300     
 mdl_ad =  -0.12747442148678401     
 mdl_al =   -1.2074027013887732E-002
 mdl_an =   0.18517461872323218     
 mdl_au =    6.9774224250335873E-002
 mdl_bd =  -0.18517461872323218     
 mdl_bl =  -0.18517461872323218     
 mdl_bn =   0.18517461872323218     
 mdl_bu =   0.18517461872323218     
 mdl_gwwz =  -0.56759788318358417     
 mdl_g1 =   0.35807170271074895     
 mdl_gw =   0.64839716719502682     
 mdl_vev =    246.22056907348590     
 mdl_ee__exp__2 =    9.8251529432049817E-002
 mdl_gAaa =    1.3477023594718659E-005
 mdl_vev__exp__2 =    60624.568634871241     
 mdl_cw__exp__2 =   0.76630086657817542     
 mdl_gAza =    4.4999802188047602E-006
 mdl_gHaa =    2.6392504539657372E-005
 mdl_gHza =    3.9166441035016922E-005
 mdl_lam =    2.9690932909411916     
 mdl_yb =    2.6995322804122722E-002
 mdl_yt =   0.98791394091683138     
 mdl_ytau =    1.0206529494239589E-002
 mdl_muH =    424.26406871192853     
 mdl_sw__exp__2 =   0.23369913342182450     
  Internal Params evaluated point by point
  ----------------------------------------
  
 mdl_sqrt__aS =   0.34409301068170506     
 mdl_G__exp__2 =    1.4878582807401259     
 mdl_gAAgg =    3.1083017473614446E-007
 mdl_gAgg =    7.6532782508744533E-005
 mdl_gHgg =   -5.1021855005829691E-005
 mdl_gHHgg =    2.0722011649076294E-007
  Couplings of HC_UFO
  ---------------------------------
  
        GC_10 =  -0.00000E+00   0.00000E+00
        GC_13 =  -0.00000E+00  -0.20722E-06
        GC_62 =   0.00000E+00   0.00000E+00
        GC_64 =   0.00000E+00   0.00000E+00
         GC_1 =  -0.00000E+00  -0.10448E+00
         GC_2 =   0.00000E+00   0.20897E+00
         GC_3 =  -0.00000E+00  -0.31345E+00
         GC_9 =  -0.00000E+00  -0.00000E+00
        GC_16 =  -0.00000E+00  -0.00000E+00
        GC_17 =   0.00000E+00  -0.12074E-01
        GC_19 =  -0.00000E+00   0.18517E+00
        GC_21 =   0.00000E+00  -0.12747E+00
        GC_22 =   0.00000E+00   0.69774E-01
        GC_23 =  -0.00000E+00   0.18517E+00
        GC_24 =  -0.00000E+00  -0.18517E+00
        GC_61 =   0.00000E+00   0.00000E+00
        GC_66 =   0.00000E+00   0.00000E+00
        GC_77 =  -0.00000E+00  -0.28380E+00
        GC_78 =   0.00000E+00   0.28380E+00
        GC_89 =  -0.00000E+00  -0.28850E-01
        GC_90 =   0.00000E+00   0.86550E-01
        GC_98 =  -0.00000E+00  -0.21932E+03
       GC_100 =   0.00000E+00   0.33771E+01
       GC_101 =  -0.00000E+00  -0.00000E+00
       GC_102 =   0.00000E+00   0.00000E+00
       GC_105 =  -0.00000E+00  -0.00000E+00
       GC_106 =   0.00000E+00   0.00000E+00
        GC_35 =  -0.00000E+00  -0.20000E-03
        GC_38 =  -0.00000E+00  -0.00000E+00
        GC_40 =   0.00000E+00   0.52481E-04
        GC_42 =   0.00000E+00   0.10496E-03
        GC_43 =   0.00000E+00   0.50000E-04
        GC_45 =   0.00000E+00   0.50000E-04
        GC_49 =   0.00000E+00   0.50000E-04
        GC_56 =  -0.00000E+00  -0.94000E-03
        GC_58 =  -0.00000E+00  -0.35540E-03
        GC_68 =   0.00000E+00   0.00000E+00

 Collider parameters:
 --------------------

 Running at P P   machine @    13000.000000000000       GeV
 PDF set = nn23lo1
 alpha_s(Mz)= 0.1300 running at 2 loops.
 alpha_s(Mz)= 0.1300 running at 2 loops.
 Renormalization scale set on event-by-event basis
 Factorization   scale set on event-by-event basis


 getting user params
Enter number of events and max and min iterations: 
 Number of events and iterations         1000           5           3
Enter desired fractional accuracy: 
 Desired fractional accuracy:   0.10000000000000001     
Enter 0 for fixed, 2 for adjustable grid: 
Suppress amplitude (0 no, 1 yes)? 
 Using suppressed amplitude.
Exact helicity sum (0 yes, n = number/event)? 
 Explicitly summing over helicities
Enter Configuration Number: 
Running Configuration Number:    3
 Not subdividing B.W.
 Attempting mappinvarients           1           8
 Completed mapping           8
 about to integrate           16        1000           5           3          16           1
 Using non-zero grid deformation.
 16 dimensions   1000 events 16 invarients  5 iterations  1 config(s),  (0.99)
 Using h-tuple random number sequence.
 Error opening grid
 Using Uniform Grid!          32
 Using uniform alpha   1.0000000000000000     
 Grid defined OK
 Set CM energy to      13000.00
 Mapping Graph           3  to config           3
 Setting BW          -1           1   91.187600000000003     
Setting grid   2    0.59172E-08   1
 Setting BW          -3           2   600.00000000000000     
 Setting BW          -4           3   91.187600000000003     
Setting grid   5    0.25116E-02   1
 Transforming s_hat 1/s           15   2.5115575576956360E-003   167.80611599999997        168999999.99999997     
   3   1   2   3   4   5   6   7   8   9  10  11  12  13  14
  15  16
 Masses: 0.000E+00 0.000E+00 0.470E+01 0.470E+01 0.178E+01 0.178E+01 0.000E+00 0.000E+00
Using random seed offsets     3 :      9
  with seed                   24
 Ranmar initialization seeds       31061        9406
 
 ********************************************
 * You are using the DiscreteSampler module *
 *      part of the MG5_aMC framework       *
 *         Author: Valentin Hirschi         *
 ********************************************
 
  Particle       3       4       5       6       7       8
      Et >     0.0     0.0     0.0     0.0     0.0     0.0
       E >     0.0     0.0     0.0     0.0     0.0     0.0
     Eta <    -1.0    -1.0    -1.0    -1.0    -1.0    -1.0
   xqcut:      0.0     0.0     0.0     0.0     0.0     0.0
d R # 3  >    -0.0     0.0     0.0     0.0     0.0     0.0
d R # 4  >    -0.0    -0.0     0.0     0.0     0.0     0.0
d R # 5  >    -0.0    -0.0    -0.0     0.0     0.0     0.0
d R # 6  >    -0.0    -0.0    -0.0    -0.0     0.0     0.0
d R # 7  >    -0.0    -0.0    -0.0    -0.0    -0.0     0.0
s min # 3>     0.0    88.4    42.0    42.0    22.1     0.0
s min # 4>     0.0     0.0    42.0    42.0    22.1     0.0
s min # 5>     0.0     0.0     0.0    12.6     3.2     0.0
s min # 6>     0.0     0.0     0.0     0.0     3.2     0.0
s min # 7>     0.0     0.0     0.0     0.0     0.0     0.0
xqcutij # 3>     0.0     0.0     0.0     0.0     0.0     0.0
xqcutij # 4>     0.0     0.0     0.0     0.0     0.0     0.0
xqcutij # 5>     0.0     0.0     0.0     0.0     0.0     0.0
xqcutij # 6>     0.0     0.0     0.0     0.0     0.0     0.0
xqcutij # 7>     0.0     0.0     0.0     0.0     0.0     0.0
 No cut BW           -1           1
 No cut BW           -3           2
 No cut BW           -4           3
 alpha_s for scale    251.83144391005575       is   0.11121528152565700     
 Added good helicity            1  0.55557776743563336       in event            1 local:           1
 Added good helicity            4  0.11281875126783951       in event            1 local:           1
 Added good helicity            5   9.0328135540772942E-004  in event            1 local:           1
 Added good helicity            8   1.8423343844840140E-004  in event            1 local:           1
 Added good helicity            9   9.1346048394514399E-004  in event            1 local:           1
 Added good helicity           12   1.8795779012388992E-004  in event            1 local:           1
 Added good helicity           13  0.42385798045743361       in event            1 local:           1
 Added good helicity           16   8.7619558687820523E-002  in event            1 local:           1
 Added good helicity           17   2.4255411630808535E-002  in event            1 local:           1
 Added good helicity           20   4.9254405270856803E-003  in event            1 local:           1
 Added good helicity           21   3.9435453284921965E-005  in event            1 local:           1
 Added good helicity           24   8.0432626135330831E-006  in event            1 local:           1
 Added good helicity           25   3.9879853632073172E-005  in event            1 local:           1
 Added good helicity           28   8.2058603419551979E-006  in event            1 local:           1
 Added good helicity           29   1.8504789773088504E-002  in event            1 local:           1
 Added good helicity           32   3.8252942926286083E-003  in event            1 local:           1
 Added good helicity           33   9.7225455050254286E-003  in event            1 local:           1
 Added good helicity           36   1.9743148615981921E-003  in event            1 local:           1
 Added good helicity           37   1.5807317348799714E-005  in event            1 local:           1
 Added good helicity           40   3.2240634774310103E-006  in event            1 local:           1
 Added good helicity           41   1.5985450899505522E-005  in event            1 local:           1
 Added good helicity           44   3.2892391931706589E-006  in event            1 local:           1
 Added good helicity           45   7.4174647442907483E-003  in event            1 local:           1
 Added good helicity           48   1.5333319589165826E-003  in event            1 local:           1
 Added good helicity           49  0.77843364737593945       in event            1 local:           1
 Added good helicity           52  0.15807312169308127       in event            1 local:           1
 Added good helicity           53   1.2656096793473371E-003  in event            1 local:           1
 Added good helicity           56   2.5813399287367099E-004  in event            1 local:           1
 Added good helicity           57   1.2798719062018450E-003  in event            1 local:           1
 Added good helicity           60   2.6335227342554166E-004  in event            1 local:           1
 Added good helicity           61  0.59387782059710581       in event            1 local:           1
 Added good helicity           64  0.12276591442031078       in event            1 local:           1
 Added good helicity          193   118.72366154641105       in event            1 local:           1
 Added good helicity          196   24.108695535883747       in event            1 local:           1
 Added good helicity          197  0.19302584841650491       in event            1 local:           1
 Added good helicity          200   3.9369589054719809E-002  in event            1 local:           1
 Added good helicity          201  0.19520106758859579       in event            1 local:           1
 Added good helicity          204   4.0165460836705268E-002  in event            1 local:           1
 Added good helicity          205   90.575927197093563       in event            1 local:           1
 Added good helicity          208   18.723778092333205       in event            1 local:           1
 Added good helicity          209   5.6510795432182952E-002  in event            1 local:           1
 Added good helicity          212   1.1475400470465807E-002  in event            1 local:           1
 Added good helicity          213   9.1877592814339909E-005  in event            1 local:           1
 Added good helicity          216   1.8739371447457131E-005  in event            1 local:           1
 Added good helicity          217   9.2912966589483564E-005  in event            1 local:           1
 Added good helicity          220   1.9118195237729513E-005  in event            1 local:           1
 Added good helicity          221   4.3112869214485358E-002  in event            1 local:           1
 Added good helicity          224   8.9122553980514139E-003  in event            1 local:           1
 Added good helicity          225   8.6560870267819348E-002  in event            1 local:           1
 Added good helicity          228   1.7577537951794023E-002  in event            1 local:           1
 Added good helicity          229   1.4073424964732261E-004  in event            1 local:           1
 Added good helicity          232   2.8704184543118808E-005  in event            1 local:           1
 Added good helicity          233   1.4232019184373819E-004  in event            1 local:           1
 Added good helicity          236   2.9284450963248799E-005  in event            1 local:           1
 Added good helicity          237   6.6038487874888765E-002  in event            1 local:           1
 Added good helicity          240   1.3651419651846868E-002  in event            1 local:           1
 Added good helicity          241   8.7045000618961227E-002  in event            1 local:           1
 Added good helicity          244   1.7675848188214733E-002  in event            1 local:           1
 Added good helicity          245   1.4152136883280024E-004  in event            1 local:           1
 Added good helicity          248   2.8864725523114809E-005  in event            1 local:           1
 Added good helicity          249   1.4311618111970898E-004  in event            1 local:           1
 Added good helicity          252   2.9448237342521203E-005  in event            1 local:           1
 Added good helicity          253   6.6407837631017916E-002  in event            1 local:           1
 Added good helicity          256   1.3727771317087597E-002  in event            1 local:           1
 Added good helicity            1  0.55557776743563436       in event            1 local:           1
 Added good helicity            4  0.11281875126783959       in event            1 local:           1
 Added good helicity            5   9.0328135540773073E-004  in event            1 local:           1
 Added good helicity            8   1.8423343844840091E-004  in event            1 local:           1
 Added good helicity            9   9.1346048394514042E-004  in event            1 local:           1
 Added good helicity           12   1.8795779012388943E-004  in event            1 local:           1
 Added good helicity           13  0.42385798045743178       in event            1 local:           1
 Added good helicity           16   8.7619558687820273E-002  in event            1 local:           1
 Added good helicity           17   2.4255411630808580E-002  in event            1 local:           1
 Added good helicity           20   4.9254405270856873E-003  in event            1 local:           1
 Added good helicity           21   3.9435453284922026E-005  in event            1 local:           1
 Added good helicity           24   8.0432626135330526E-006  in event            1 local:           1
 Added good helicity           25   3.9879853632072989E-005  in event            1 local:           1
 Added good helicity           28   8.2058603419551725E-006  in event            1 local:           1
 Added good helicity           29   1.8504789773088434E-002  in event            1 local:           1
 Added good helicity           32   3.8252942926285979E-003  in event            1 local:           1
 Added good helicity           33   9.7225455050254667E-003  in event            1 local:           1
 Added good helicity           36   1.9743148615981982E-003  in event            1 local:           1
 Added good helicity           37   1.5807317348799772E-005  in event            1 local:           1
 Added good helicity           40   3.2240634774310061E-006  in event            1 local:           1
 Added good helicity           41   1.5985450899505491E-005  in event            1 local:           1
 Added good helicity           44   3.2892391931706593E-006  in event            1 local:           1
 Added good helicity           45   7.4174647442907336E-003  in event            1 local:           1
 Added good helicity           48   1.5333319589165813E-003  in event            1 local:           1
 Added good helicity           49  0.77843364737594145       in event            1 local:           1
 Added good helicity           52  0.15807312169308152       in event            1 local:           1
 Added good helicity           53   1.2656096793473401E-003  in event            1 local:           1
 Added good helicity           56   2.5813399287367023E-004  in event            1 local:           1
 Added good helicity           57   1.2798719062018405E-003  in event            1 local:           1
 Added good helicity           60   2.6335227342554128E-004  in event            1 local:           1
 Added good helicity           61  0.59387782059710381       in event            1 local:           1
 Added good helicity           64  0.12276591442031054       in event            1 local:           1
 Added good helicity          193   118.72366154641141       in event            1 local:           1
 Added good helicity          196   24.108695535883808       in event            1 local:           1
 Added good helicity          197  0.19302584841650544       in event            1 local:           1
 Added good helicity          200   3.9369589054719711E-002  in event            1 local:           1
 Added good helicity          201  0.19520106758859507       in event            1 local:           1
 Added good helicity          204   4.0165460836705198E-002  in event            1 local:           1
 Added good helicity          205   90.575927197093193       in event            1 local:           1
 Added good helicity          208   18.723778092333173       in event            1 local:           1
 Added good helicity          209   5.6510795432183181E-002  in event            1 local:           1
 Added good helicity          212   1.1475400470465850E-002  in event            1 local:           1
 Added good helicity          213   9.1877592814340221E-005  in event            1 local:           1
 Added good helicity          216   1.8739371447457104E-005  in event            1 local:           1
 Added good helicity          217   9.2912966589483360E-005  in event            1 local:           1
 Added good helicity          220   1.9118195237729503E-005  in event            1 local:           1
 Added good helicity          221   4.3112869214485254E-002  in event            1 local:           1
 Added good helicity          224   8.9122553980514035E-003  in event            1 local:           1
 Added good helicity          225   8.6560870267819598E-002  in event            1 local:           1
 Added good helicity          228   1.7577537951794061E-002  in event            1 local:           1
 Added good helicity          229   1.4073424964732283E-004  in event            1 local:           1
 Added good helicity          232   2.8704184543118727E-005  in event            1 local:           1
 Added good helicity          233   1.4232019184373771E-004  in event            1 local:           1
 Added good helicity          236   2.9284450963248758E-005  in event            1 local:           1
 Added good helicity          237   6.6038487874888530E-002  in event            1 local:           1
 Added good helicity          240   1.3651419651846847E-002  in event            1 local:           1
 Added good helicity          241   8.7045000618961615E-002  in event            1 local:           1
 Added good helicity          244   1.7675848188214788E-002  in event            1 local:           1
 Added good helicity          245   1.4152136883280073E-004  in event            1 local:           1
 Added good helicity          248   2.8864725523114748E-005  in event            1 local:           1
 Added good helicity          249   1.4311618111970877E-004  in event            1 local:           1
 Added good helicity          252   2.9448237342521199E-005  in event            1 local:           1
 Added good helicity          253   6.6407837631017763E-002  in event            1 local:           1
 Added good helicity          256   1.3727771317087580E-002  in event            1 local:           1
 RESET CUMULATIVE VARIABLE
 RESET CUMULATIVE VARIABLE
 RESET CUMULATIVE VARIABLE
 No points passed cuts!
 Loosen cuts or increase max_events      500000
 Deleting file events.lhe

ls status:
events.lhe
grid_information
input_app.txt
results.dat
run1_app.log
