 Process in group number            1
 A PDF is used, so alpha_s(MZ) is going to be modified
 Old value of alpha_s from param_card:   0.11839999999999999     
  ****************************************
 
       NNPDFDriver version 1.0.3
   Grid: NNPDF23_lo_as_0130_qed_mem0.grid
  ****************************************
 New value of alpha_s from PDF nn23lo1:  0.13000000000000000     
 Define smin to   499.70131599999996     
 Warning: pt or E min of a jet should in general be >0
 Warning: pt or E min of a jet should in general be >0
 Warning: pt or E min of a jet should in general be >0
 Warning: pt or E min of a jet should in general be >0
 *****************************************************
 *               MadGraph/MadEvent                   *
 *        --------------------------------           *
 *          http://madgraph.hep.uiuc.edu             *
 *          http://madgraph.phys.ucl.ac.be           *
 *          http://madgraph.roma2.infn.it            *
 *        --------------------------------           *
 *                                                   *
 *          PARAMETER AND COUPLING VALUES            *
 *                                                   *
 *****************************************************

  External Params
  ---------------------------------
  
 mdl_cabi =   0.22773599999999999     
 aEWM1 =    127.90000000000001     
 mdl_Gf =    1.1663700000000000E-005
 aS =   0.11839999999999999     
 mdl_ymb =    4.7000000000000002     
 mdl_ymt =    172.00000000000000     
 mdl_ymtau =    1.7769999999999999     
 mdl_Lambda =    5000.0000000000000     
 mdl_ca =    1.0000000000000000     
 mdl_kSM =    5.0000000000000003E-002
 mdl_kHtt =    0.0000000000000000     
 mdl_kAtt =    0.0000000000000000     
 mdl_kHbb =    0.0000000000000000     
 mdl_kAbb =    0.0000000000000000     
 mdl_kHll =    0.0000000000000000     
 mdl_kAll =    0.0000000000000000     
 mdl_kHaa =    0.0000000000000000     
 mdl_kAaa =    0.0000000000000000     
 mdl_kHza =    0.0000000000000000     
 mdl_kAza =    0.0000000000000000     
 mdl_kHgg =    0.0000000000000000     
 mdl_kAgg =    0.0000000000000000     
 mdl_kHzz =  -0.52481000000000000     
 mdl_kAzz =    0.0000000000000000     
 mdl_kHww =  -0.52481000000000000     
 mdl_kAww =    0.0000000000000000     
 mdl_kHda =    0.0000000000000000     
 mdl_kHdz =  -0.26240500000000000     
 mdl_kHdwR =  -0.26240500000000000     
 mdl_kHdwI =    0.0000000000000000     
 mdl_kHHgg =    1.0000000000000000     
 mdl_kAAgg =    1.0000000000000000     
 mdl_kqa =    1.0000000000000000     
 mdl_kqb =    1.0000000000000000     
 mdl_kla =    1.0000000000000000     
 mdl_klb =    1.0000000000000000     
 mdl_kw1 =    1.0000000000000000     
 mdl_kw2 =    1.0000000000000000     
 mdl_kw3 =    0.0000000000000000     
 mdl_kw4 =    0.0000000000000000     
 mdl_kw5 =    0.0000000000000000     
 mdl_kz1 =    0.0000000000000000     
 mdl_kz3 =    1.0000000000000000     
 mdl_kz5 =    0.0000000000000000     
 mdl_kq =    1.0000000000000000     
 mdl_kq3 =    1.0000000000000000     
 mdl_kl =    1.0000000000000000     
 mdl_kg =    1.0000000000000000     
 mdl_ka =    1.0000000000000000     
 mdl_kz =    1.0000000000000000     
 mdl_kw =    1.0000000000000000     
 mdl_kza =    0.0000000000000000     
 mdl_MZ =    91.187600000000003     
 mdl_MTA =    1.7769999999999999     
 mdl_MT =    172.00000000000000     
 mdl_MB =    4.7000000000000002     
 mdl_MX0 =    600.00000000000000     
 mdl_MX1 =    125.00000000000000     
 mdl_MX2 =    125.00000000000000     
 mdl_WZ =    2.4952000000000001     
 mdl_WW =    2.0850000000000000     
 mdl_WT =    1.5083359999999999     
 mdl_WX0 =   0.15059000000000000     
 mdl_WX1 =    4.0699999999999998E-003
 mdl_WX2 =    4.0699999999999998E-003
  Internal Params
  ---------------------------------
  
 mdl_cos__cabi =   0.97418004031982097     
 mdl_CKM1x1 =  ( 0.97418004031982097     ,  0.0000000000000000     )
 mdl_sin__cabi =   0.22577256042856930     
 mdl_CKM1x2 =  ( 0.22577256042856930     ,  0.0000000000000000     )
 mdl_CKM2x1 =  (-0.22577256042856930     ,  0.0000000000000000     )
 mdl_CKM2x2 =  ( 0.97418004031982097     ,  0.0000000000000000     )
 mdl_ca__exp__2 =    1.0000000000000000     
 mdl_sa =    0.0000000000000000     
 mdl_complexi =  (  0.0000000000000000     ,  1.0000000000000000     )
 mdl_kHdw =  (-0.26240500000000000     ,  0.0000000000000000     )
 mdl_MZ__exp__2 =    8315.1783937600012     
 mdl_MZ__exp__4 =    69142191.720053151     
 mdl_sqrt__2 =    1.4142135623730951     
 mdl_nb__2__exp__0_75 =    1.6817928305074290     
 mdl_MX0__exp__2 =    360000.00000000000     
 mdl_ca__exp__4 =    1.0000000000000000     
 mdl_ca__exp__3 =    1.0000000000000000     
 mdl_conjg__CKM1x1 =  ( 0.97418004031982097     , -0.0000000000000000     )
 mdl_conjg__CKM1x2 =  ( 0.22577256042856930     , -0.0000000000000000     )
 mdl_conjg__CKM2x1 =  (-0.22577256042856930     , -0.0000000000000000     )
 mdl_conjg__CKM2x2 =  ( 0.97418004031982097     , -0.0000000000000000     )
 mdl_conjg__kHdw =  (-0.26240500000000000     , -0.0000000000000000     )
 mdl_aEW =    7.8186082877247844E-003
 mdl_MW =    79.824359746197842     
 mdl_sqrt__aEW =    8.8422894590285753E-002
 mdl_ee =   0.31345100004952897     
 mdl_MW__exp__2 =    6371.9284088904105     
 mdl_sw2 =   0.23369913342182447     
 mdl_cw =   0.87538612427783857     
 mdl_sqrt__sw2 =   0.48342438232036300     
 mdl_sw =   0.48342438232036300     
 mdl_ad =  -0.12747442148678401     
 mdl_al =   -1.2074027013887732E-002
 mdl_an =   0.18517461872323218     
 mdl_au =    6.9774224250335873E-002
 mdl_bd =  -0.18517461872323218     
 mdl_bl =  -0.18517461872323218     
 mdl_bn =   0.18517461872323218     
 mdl_bu =   0.18517461872323218     
 mdl_gwwz =  -0.56759788318358417     
 mdl_g1 =   0.35807170271074895     
 mdl_gw =   0.64839716719502682     
 mdl_vev =    246.22056907348590     
 mdl_ee__exp__2 =    9.8251529432049817E-002
 mdl_gAaa =    1.3477023594718659E-005
 mdl_vev__exp__2 =    60624.568634871241     
 mdl_cw__exp__2 =   0.76630086657817542     
 mdl_gAza =    4.4999802188047602E-006
 mdl_gHaa =    2.6392504539657372E-005
 mdl_gHza =    3.9166441035016922E-005
 mdl_lam =    2.9690932909411916     
 mdl_yb =    2.6995322804122722E-002
 mdl_yt =   0.98791394091683138     
 mdl_ytau =    1.0206529494239589E-002
 mdl_muH =    424.26406871192853     
 mdl_sw__exp__2 =   0.23369913342182450     
  Internal Params evaluated point by point
  ----------------------------------------
  
 mdl_sqrt__aS =   0.34409301068170506     
 mdl_G__exp__2 =    1.4878582807401259     
 mdl_gAAgg =    3.1083017473614446E-007
 mdl_gAgg =    7.6532782508744533E-005
 mdl_gHgg =   -5.1021855005829691E-005
 mdl_gHHgg =    2.0722011649076294E-007
  Couplings of HC_UFO
  ---------------------------------
  
        GC_10 =  -0.00000E+00   0.00000E+00
        GC_13 =  -0.00000E+00  -0.20722E-06
        GC_62 =   0.00000E+00   0.00000E+00
        GC_64 =   0.00000E+00   0.00000E+00
         GC_1 =  -0.00000E+00  -0.10448E+00
         GC_2 =   0.00000E+00   0.20897E+00
         GC_3 =  -0.00000E+00  -0.31345E+00
         GC_9 =  -0.00000E+00  -0.00000E+00
        GC_16 =  -0.00000E+00  -0.00000E+00
        GC_17 =   0.00000E+00  -0.12074E-01
        GC_19 =  -0.00000E+00   0.18517E+00
        GC_21 =   0.00000E+00  -0.12747E+00
        GC_22 =   0.00000E+00   0.69774E-01
        GC_23 =  -0.00000E+00   0.18517E+00
        GC_24 =  -0.00000E+00  -0.18517E+00
        GC_61 =   0.00000E+00   0.00000E+00
        GC_66 =   0.00000E+00   0.00000E+00
        GC_77 =  -0.00000E+00  -0.28380E+00
        GC_78 =   0.00000E+00   0.28380E+00
        GC_89 =  -0.00000E+00  -0.28850E-01
        GC_90 =   0.00000E+00   0.86550E-01
        GC_98 =  -0.00000E+00  -0.21932E+03
       GC_100 =   0.00000E+00   0.33771E+01
       GC_101 =  -0.00000E+00  -0.00000E+00
       GC_102 =   0.00000E+00   0.00000E+00
       GC_105 =  -0.00000E+00  -0.00000E+00
       GC_106 =   0.00000E+00   0.00000E+00
        GC_35 =  -0.00000E+00  -0.20000E-03
        GC_38 =  -0.00000E+00  -0.00000E+00
        GC_40 =   0.00000E+00   0.52481E-04
        GC_42 =   0.00000E+00   0.10496E-03
        GC_43 =   0.00000E+00   0.50000E-04
        GC_45 =   0.00000E+00   0.50000E-04
        GC_49 =   0.00000E+00   0.50000E-04
        GC_56 =  -0.00000E+00  -0.94000E-03
        GC_58 =  -0.00000E+00  -0.35540E-03
        GC_68 =   0.00000E+00   0.00000E+00

 Collider parameters:
 --------------------

 Running at P P   machine @    13000.000000000000       GeV
 PDF set = nn23lo1
 alpha_s(Mz)= 0.1300 running at 2 loops.
 alpha_s(Mz)= 0.1300 running at 2 loops.
 Renormalization scale set on event-by-event basis
 Factorization   scale set on event-by-event basis


 getting user params
Enter number of events and max and min iterations: 
 Number of events and iterations         1000           5           3
Enter desired fractional accuracy: 
 Desired fractional accuracy:   0.10000000000000001     
Enter 0 for fixed, 2 for adjustable grid: 
Suppress amplitude (0 no, 1 yes)? 
 Using suppressed amplitude.
Exact helicity sum (0 yes, n = number/event)? 
 Explicitly summing over helicities
Enter Configuration Number: 
Running Configuration Number:    9
 Not subdividing B.W.
 Attempting mappinvarients           1           8
 Completed mapping           8
 about to integrate           16        1000           5           3          16           1
 Using non-zero grid deformation.
 16 dimensions   1000 events 16 invarients  5 iterations  1 config(s),  (0.99)
 Using h-tuple random number sequence.
 Error opening grid
 Using Uniform Grid!          32
 Using uniform alpha   1.0000000000000000     
 Grid defined OK
 Set CM energy to      13000.00
 Mapping Graph           9  to config           9
 Setting BW          -1           1   91.187600000000003     
Setting grid   2    0.40313E-06   1
 Setting BW          -3           3   600.00000000000000     
 Setting BW          -4           4   91.187600000000003     
Setting grid   5    0.25116E-02   1
 Transforming s_hat 1/s           15   2.5115575576956360E-003   499.70131599999996        168999999.99999997     
   9   1   2   3   4   5   6   7   8   9  10  11  12  13  14
  15  16
 Masses: 0.470E+01 0.470E+01 0.470E+01 0.470E+01 0.178E+01 0.178E+01 0.470E+01 0.470E+01
Using random seed offsets     9 :     20
  with seed                   24
 Ranmar initialization seeds       31067        9417
 
 ********************************************
 * You are using the DiscreteSampler module *
 *      part of the MG5_aMC framework       *
 *         Author: Valentin Hirschi         *
 ********************************************
 
  Particle       3       4       5       6       7       8
      Et >     0.0     0.0     0.0     0.0     0.0     0.0
       E >     0.0     0.0     0.0     0.0     0.0     0.0
     Eta <    -1.0    -1.0    -1.0    -1.0    -1.0    -1.0
   xqcut:      0.0     0.0     0.0     0.0     0.0     0.0
d R # 3  >    -0.0     0.0     0.0     0.0     0.0     0.0
d R # 4  >    -0.0    -0.0     0.0     0.0     0.0     0.0
d R # 5  >    -0.0    -0.0    -0.0     0.0     0.0     0.0
d R # 6  >    -0.0    -0.0    -0.0    -0.0     0.0     0.0
d R # 7  >    -0.0    -0.0    -0.0    -0.0    -0.0     0.0
s min # 3>     0.0    88.4    42.0    42.0    88.4     0.0
s min # 4>     0.0     0.0    42.0    42.0    88.4     0.0
s min # 5>     0.0     0.0     0.0    12.6    42.0     0.0
s min # 6>     0.0     0.0     0.0     0.0    42.0     0.0
s min # 7>     0.0     0.0     0.0     0.0     0.0     0.0
xqcutij # 3>     0.0     0.0     0.0     0.0     0.0     0.0
xqcutij # 4>     0.0     0.0     0.0     0.0     0.0     0.0
xqcutij # 5>     0.0     0.0     0.0     0.0     0.0     0.0
xqcutij # 6>     0.0     0.0     0.0     0.0     0.0     0.0
xqcutij # 7>     0.0     0.0     0.0     0.0     0.0     0.0
 No cut BW           -1           1
 No cut BW           -3           2
 No cut BW           -4           3
 alpha_s for scale    613.44141152075292       is    9.8779050667337290E-002
 Added good helicity            1   6.7763531618919099       in event            1 local:           1
 Added good helicity            2   4.7255338170234203E-002  in event            1 local:           1
 Added good helicity            3   7.1131044792463682E-002  in event            1 local:           1
 Added good helicity            4  0.15254114144840170       in event            1 local:           1
 Added good helicity            5   1.2083378799682435E-003  in event            1 local:           1
 Added good helicity            6   6.6404532725666243E-005  in event            1 local:           1
 Added good helicity            7   9.6941771148860716E-005  in event            1 local:           1
 Added good helicity            8   5.3342328667280239E-005  in event            1 local:           1
 Added good helicity            9   3.1030173915832337E-003  in event            1 local:           1
 Added good helicity           10   6.4322815940972270E-005  in event            1 local:           1
 Added good helicity           11   9.6809648128689228E-005  in event            1 local:           1
 Added good helicity           12   4.2457233786184426E-005  in event            1 local:           1
 Added good helicity           13   3.4712591904499810       in event            1 local:           1
 Added good helicity           14   4.4550101039313852E-002  in event            1 local:           1
 Added good helicity           15   6.2212000066541928E-002  in event            1 local:           1
 Added good helicity           16  0.17990796130921016       in event            1 local:           1
 Added good helicity           17  0.15001478393796169       in event            1 local:           1
 Added good helicity           18   1.0461378231272393E-003  in event            1 local:           1
 Added good helicity           19   1.5746977852086630E-003  in event            1 local:           1
 Added good helicity           20   3.3769530349630037E-003  in event            1 local:           1
 Added good helicity           21   2.6750162167888238E-005  in event            1 local:           1
 Added good helicity           22   1.4700623464201050E-006  in event            1 local:           1
 Added good helicity           23   2.1460951792246099E-006  in event            1 local:           1
 Added good helicity           24   1.1808915088386038E-006  in event            1 local:           1
 Added good helicity           25   6.8694542983962876E-005  in event            1 local:           1
 Added good helicity           26   1.4239773378299232E-006  in event            1 local:           1
 Added good helicity           27   2.1431702421897848E-006  in event            1 local:           1
 Added good helicity           28   9.3991747491208768E-007  in event            1 local:           1
 Added good helicity           29   7.6846673277965655E-002  in event            1 local:           1
 Added good helicity           30   9.8624933237114972E-004  in event            1 local:           1
 Added good helicity           31   1.3772481341165982E-003  in event            1 local:           1
 Added good helicity           32   3.9827991988813692E-003  in event            1 local:           1
 Added good helicity           33  0.15992287293380905       in event            1 local:           1
 Added good helicity           34   1.1152325242051880E-003  in event            1 local:           1
 Added good helicity           35   1.6787025065290861E-003  in event            1 local:           1
 Added good helicity           36   3.5999920603636379E-003  in event            1 local:           1
 Added good helicity           37   2.8516941284287768E-005  in event            1 local:           1
 Added good helicity           38   1.5671561672784421E-006  in event            1 local:           1
 Added good helicity           39   2.2878392225190992E-006  in event            1 local:           1
 Added good helicity           40   1.2588863427934487E-006  in event            1 local:           1
 Added good helicity           41   7.3231640112307416E-005  in event            1 local:           1
 Added good helicity           42   1.5180273629069400E-006  in event            1 local:           1
 Added good helicity           43   2.2847211009481422E-006  in event            1 local:           1
 Added good helicity           44   1.0019965963540931E-006  in event            1 local:           1
 Added good helicity           45   8.1922197555544612E-002  in event            1 local:           1
 Added good helicity           46   1.0513885533246620E-003  in event            1 local:           1
 Added good helicity           47   1.4682118159883471E-003  in event            1 local:           1
 Added good helicity           48   4.2458527985280870E-003  in event            1 local:           1
 Added good helicity           49  0.11950231463429405       in event            1 local:           1
 Added good helicity           50   8.3335713993286690E-004  in event            1 local:           1
 Added good helicity           51   1.2544099004252341E-003  in event            1 local:           1
 Added good helicity           52   2.6900928928196275E-003  in event            1 local:           1
 Added good helicity           53   2.1309275072697871E-005  in event            1 local:           1
 Added good helicity           54   1.1710569348056672E-006  in event            1 local:           1
 Added good helicity           55   1.7095871127535037E-006  in event            1 local:           1
 Added good helicity           56   9.4070240901427801E-007  in event            1 local:           1
 Added good helicity           57   5.4722319186377228E-005  in event            1 local:           1
 Added good helicity           58   1.1343454517644651E-006  in event            1 local:           1
 Added good helicity           59   1.7072570974267111E-006  in event            1 local:           1
 Added good helicity           60   7.4874162978274214E-007  in event            1 local:           1
 Added good helicity           61   6.1216335401049558E-002  in event            1 local:           1
 Added good helicity           62   7.8564975351775939E-004  in event            1 local:           1
 Added good helicity           63   1.0971208005789589E-003  in event            1 local:           1
 Added good helicity           64   3.1727121187386763E-003  in event            1 local:           1
 Added good helicity           65  0.12792520404117419       in event            1 local:           1
 Added good helicity           66   8.9209470537307707E-004  in event            1 local:           1
 Added good helicity           67   1.3428245549405968E-003  in event            1 local:           1
 Added good helicity           68   2.8796988849696019E-003  in event            1 local:           1
 Added good helicity           69   2.2811218092189933E-005  in event            1 local:           1
 Added good helicity           70   1.2535966168295129E-006  in event            1 local:           1
 Added good helicity           71   1.8300840522999606E-006  in event            1 local:           1
 Added good helicity           72   1.0070059980297751E-006  in event            1 local:           1
 Added good helicity           73   5.8579315965103869E-005  in event            1 local:           1
 Added good helicity           74   1.2142975959438355E-006  in event            1 local:           1
 Added good helicity           75   1.8275898103515011E-006  in event            1 local:           1
 Added good helicity           76   8.0151523472325546E-007  in event            1 local:           1
 Added good helicity           77   6.5531050346575373E-002  in event            1 local:           1
 Added good helicity           78   8.4102475614154673E-004  in event            1 local:           1
 Added good helicity           79   1.1744492372501971E-003  in event            1 local:           1
 Added good helicity           80   3.3963345931466754E-003  in event            1 local:           1
 Added good helicity           81   3.4629592447624293E-003  in event            1 local:           1
 Added good helicity           82   2.4149170840337234E-005  in event            1 local:           1
 Added good helicity           83   3.6350512328507468E-005  in event            1 local:           1
 Added good helicity           84   7.7953988430832277E-005  in event            1 local:           1
 Added good helicity           85   6.1750394825413725E-007  in event            1 local:           1
 Added good helicity           86   3.3935095323791062E-008  in event            1 local:           1
 Added good helicity           87   4.9540718227540568E-008  in event            1 local:           1
 Added good helicity           88   2.7259841065299616E-008  in event            1 local:           1
 Added good helicity           89   1.5857530601078731E-006  in event            1 local:           1
 Added good helicity           90   3.2871263464336975E-008  in event            1 local:           1
 Added good helicity           91   4.9473198630610192E-008  in event            1 local:           1
 Added good helicity           92   2.1697167596539185E-008  in event            1 local:           1
 Added good helicity           93   1.7739378124706777E-003  in event            1 local:           1
 Added good helicity           94   2.2766697744855961E-005  in event            1 local:           1
 Added good helicity           95   3.1792560927483230E-005  in event            1 local:           1
 Added good helicity           96   9.1939413861385770E-005  in event            1 local:           1
 Added good helicity           97   4.6962618805154541E-003  in event            1 local:           1
 Added good helicity           98   3.2749686741205489E-005  in event            1 local:           1
 Added good helicity           99   4.9296429244372506E-005  in event            1 local:           1
 Added good helicity          100   1.0571661934963819E-004  in event            1 local:           1
 Added good helicity          101   8.3742257655493720E-007  in event            1 local:           1
 Added good helicity          102   4.6020782607192209E-008  in event            1 local:           1
 Added good helicity          103   6.7184211566231386E-008  in event            1 local:           1
 Added good helicity          104   3.6968194949882791E-008  in event            1 local:           1
 Added good helicity          105   2.1505051378698024E-006  in event            1 local:           1
 Added good helicity          106   4.4578076339023364E-008  in event            1 local:           1
 Added good helicity          107   6.7092645455619049E-008  in event            1 local:           1
 Added good helicity          108   2.9424423996007036E-008  in event            1 local:           1
 Added good helicity          109   2.4057102432583034E-003  in event            1 local:           1
 Added good helicity          110   3.0874857948759714E-005  in event            1 local:           1
 Added good helicity          111   4.3115203331810356E-005  in event            1 local:           1
 Added good helicity          112   1.2468283168137054E-004  in event            1 local:           1
 Added good helicity          113   3.1728634048465419E-003  in event            1 local:           1
 Added good helicity          114   2.2126168690139976E-005  in event            1 local:           1
 Added good helicity          115   3.3305390610352617E-005  in event            1 local:           1
 Added good helicity          116   7.1423698539942426E-005  in event            1 local:           1
 Added good helicity          117   5.6577497489382538E-007  in event            1 local:           1
 Added good helicity          118   3.1092315699552007E-008  in event            1 local:           1
 Added good helicity          119   4.5390638700618322E-008  in event            1 local:           1
 Added good helicity          120   2.4976254707252748E-008  in event            1 local:           1
 Added good helicity          121   1.4529128118239973E-006  in event            1 local:           1
 Added good helicity          122   3.0117602185127340E-008  in event            1 local:           1
 Added good helicity          123   4.5328775293321692E-008  in event            1 local:           1
 Added good helicity          124   1.9879572409060840E-008  in event            1 local:           1
 Added good helicity          125   1.6253331240252207E-003  in event            1 local:           1
 Added good helicity          126   2.0859506860529447E-005  in event            1 local:           1
 Added good helicity          127   2.9129263726026276E-005  in event            1 local:           1
 Added good helicity          128   8.4237549761820581E-005  in event            1 local:           1
 Added good helicity          129  0.15504545540301623       in event            1 local:           1
 Added good helicity          130   1.0812195367901861E-003  in event            1 local:           1
 Added good helicity          131   1.6275044953620419E-003  in event            1 local:           1
 Added good helicity          132   3.4901974821159097E-003  in event            1 local:           1
 Added good helicity          133   2.7647215604696339E-005  in event            1 local:           1
 Added good helicity          134   1.5193601589680006E-006  in event            1 local:           1
 Added good helicity          135   2.2180634179275415E-006  in event            1 local:           1
 Added good helicity          136   1.2204921205976165E-006  in event            1 local:           1
 Added good helicity          137   7.0998180453035842E-005  in event            1 local:           1
 Added good helicity          138   1.4717297124443325E-006  in event            1 local:           1
 Added good helicity          139   2.2150403945782103E-006  in event            1 local:           1
 Added good helicity          140   9.7143714181706119E-007  in event            1 local:           1
 Added good helicity          141   7.9423688398046741E-002  in event            1 local:           1
 Added good helicity          142   1.0193227151641441E-003  in event            1 local:           1
 Added good helicity          143   1.4234334680331884E-003  in event            1 local:           1
 Added good helicity          144   4.1163603970172805E-003  in event            1 local:           1
 Added good helicity          145   4.0965327025807088E-003  in event            1 local:           1
 Added good helicity          146   2.8567436430929390E-005  in event            1 local:           1
 Added good helicity          147   4.3001101654463734E-005  in event            1 local:           1
 Added good helicity          148   9.2216234824736031E-005  in event            1 local:           1
 Added good helicity          149   7.3048076491853728E-007  in event            1 local:           1
 Added good helicity          150   4.0143766626580927E-008  in event            1 local:           1
 Added good helicity          151   5.8604551189968996E-008  in event            1 local:           1
 Added good helicity          152   3.2247226287762282E-008  in event            1 local:           1
 Added good helicity          153   1.8758780597185423E-006  in event            1 local:           1
 Added good helicity          154   3.8885299028704239E-008  in event            1 local:           1
 Added good helicity          155   5.8524678394091118E-008  in event            1 local:           1
 Added good helicity          156   2.5666821446723376E-008  in event            1 local:           1
 Added good helicity          157   2.0984925745579064E-003  in event            1 local:           1
 Added good helicity          158   2.6932029876652854E-005  in event            1 local:           1
 Added good helicity          159   3.7609240055367625E-005  in event            1 local:           1
 Added good helicity          160   1.0876039506064336E-004  in event            1 local:           1
 Added good helicity          161   5.7162328577889969E-003  in event            1 local:           1
 Added good helicity          162   3.9862520488705804E-005  in event            1 local:           1
 Added good helicity          163   6.0003014267045845E-005  in event            1 local:           1
 Added good helicity          164   1.2867698363415081E-004  in event            1 local:           1
 Added good helicity          165   1.0193005777250746E-006  in event            1 local:           1
 Added good helicity          166   5.6015937009782503E-008  in event            1 local:           1
 Added good helicity          167   8.1775805406615755E-008  in event            1 local:           1
 Added good helicity          168   4.4997237386275236E-008  in event            1 local:           1
 Added good helicity          169   2.6175687052158545E-006  in event            1 local:           1
 Added good helicity          170   5.4259892482440237E-008  in event            1 local:           1
 Added good helicity          171   8.1664352250156678E-008  in event            1 local:           1
 Added good helicity          172   3.5815051108059063E-008  in event            1 local:           1
 Added good helicity          173   2.9282012563837953E-003  in event            1 local:           1
 Added good helicity          174   3.7580501679113537E-005  in event            1 local:           1
 Added good helicity          175   5.2479301245546646E-005  in event            1 local:           1
 Added good helicity          176   1.5176242666880372E-004  in event            1 local:           1
 Added good helicity          177   3.8404484493874823E-003  in event            1 local:           1
 Added good helicity          178   2.6781616286139424E-005  in event            1 local:           1
 Added good helicity          179   4.0312997883991655E-005  in event            1 local:           1
 Added good helicity          180   8.6451573013905899E-005  in event            1 local:           1
 Added good helicity          181   6.8481663021302494E-007  in event            1 local:           1
 Added good helicity          182   3.7634281839493823E-008  in event            1 local:           1
 Added good helicity          183   5.4941037722652397E-008  in event            1 local:           1
 Added good helicity          184   3.0231373501758089E-008  in event            1 local:           1
 Added good helicity          185   1.7586123457888202E-006  in event            1 local:           1
 Added good helicity          186   3.6454484121334471E-008  in event            1 local:           1
 Added good helicity          187   5.4866157970103536E-008  in event            1 local:           1
 Added good helicity          188   2.4062325820974487E-008  in event            1 local:           1
 Added good helicity          189   1.9673106842122861E-003  in event            1 local:           1
 Added good helicity          190   2.5248442985329984E-005  in event            1 local:           1
 Added good helicity          191   3.5258194707511311E-005  in event            1 local:           1
 Added good helicity          192   1.0196151743211641E-004  in event            1 local:           1
 Added good helicity          193   139.77475211624136       in event            1 local:           1
 Added good helicity          194  0.97472829722905618       in event            1 local:           1
 Added good helicity          195   1.4672086764232410       in event            1 local:           1
 Added good helicity          196   3.1464417104739661       in event            1 local:           1
 Added good helicity          197   2.4924192055844892E-002  in event            1 local:           1
 Added good helicity          198   1.3697156684988141E-003  in event            1 local:           1
 Added good helicity          199   1.9996023979745366E-003  in event            1 local:           1
 Added good helicity          200   1.1002836759898928E-003  in event            1 local:           1
 Added good helicity          201   6.4005443098812731E-002  in event            1 local:           1
 Added good helicity          202   1.3267764295593273E-003  in event            1 local:           1
 Added good helicity          203   1.9968771175837251E-003  in event            1 local:           1
 Added good helicity          204   8.7575856603500546E-004  in event            1 local:           1
 Added good helicity          205   71.601107747003482       in event            1 local:           1
 Added good helicity          206  0.91892780390227891       in event            1 local:           1
 Added good helicity          207   1.2832369683531544       in event            1 local:           1
 Added good helicity          208   3.7109327236882721       in event            1 local:           1
 Added good helicity          209   3.0309726246073510       in event            1 local:           1
 Added good helicity          210   2.1136684133586939E-002  in event            1 local:           1
 Added good helicity          211   3.1815970091128451E-002  in event            1 local:           1
 Added good helicity          212   6.8229623340259712E-002  in event            1 local:           1
 Added good helicity          213   5.4047345939055237E-004  in event            1 local:           1
 Added good helicity          214   2.9701864119659317E-005  in event            1 local:           1
 Added good helicity          215   4.3360764634515113E-005  in event            1 local:           1
 Added good helicity          216   2.3859314008686430E-005  in event            1 local:           1
 Added good helicity          217   1.3879384003273277E-003  in event            1 local:           1
 Added good helicity          218   2.8770739894600253E-005  in event            1 local:           1
 Added good helicity          219   4.3301667765203123E-005  in event            1 local:           1
 Added good helicity          220   1.8990555870991665E-005  in event            1 local:           1
 Added good helicity          221   1.5526480583005930       in event            1 local:           1
 Added good helicity          222   1.9926667552249037E-002  in event            1 local:           1
 Added good helicity          223   2.7826600033802530E-002  in event            1 local:           1
 Added good helicity          224   8.0470437807714748E-002  in event            1 local:           1
 Added good helicity          225   4.8953764038510368       in event            1 local:           1
 Added good helicity          226   3.4138224780772636E-002  in event            1 local:           1
 Added good helicity          227   5.1386524571437657E-002  in event            1 local:           1
 Added good helicity          228  0.11019884687570243       in event            1 local:           1
 Added good helicity          229   8.7292804907830742E-004  in event            1 local:           1
 Added good helicity          230   4.7971995385674600E-005  in event            1 local:           1
 Added good helicity          231   7.0032722275821302E-005  in event            1 local:           1
 Added good helicity          232   3.8535591467219850E-005  in event            1 local:           1
 Added good helicity          233   2.2416833592620636E-003  in event            1 local:           1
 Added good helicity          234   4.6468120516135445E-005  in event            1 local:           1
 Added good helicity          235   6.9937273898220447E-005  in event            1 local:           1
 Added good helicity          236   3.0671975837759534E-005  in event            1 local:           1
 Added good helicity          237   2.5077087817889807       in event            1 local:           1
 Added good helicity          238   3.2183906034222616E-002  in event            1 local:           1
 Added good helicity          239   4.4943223867792030E-002  in event            1 local:           1
 Added good helicity          240  0.12996919841942861       in event            1 local:           1
 Added good helicity          241   5.2620957091318283       in event            1 local:           1
 Added good helicity          242   3.6695565635150244E-002  in event            1 local:           1
 Added good helicity          243   5.5235959024896142E-002  in event            1 local:           1
 Added good helicity          244  0.11845399239162462       in event            1 local:           1
 Added good helicity          245   9.3832027662311566E-004  in event            1 local:           1
 Added good helicity          246   5.1565642813261332E-005  in event            1 local:           1
 Added good helicity          247   7.5278968762548690E-005  in event            1 local:           1
 Added good helicity          248   4.1422345041536695E-005  in event            1 local:           1
 Added good helicity          249   2.4096109089232903E-003  in event            1 local:           1
 Added good helicity          250   4.9949110631619865E-005  in event            1 local:           1
 Added good helicity          251   7.5176370217149444E-005  in event            1 local:           1
 Added good helicity          252   3.2969655268898714E-005  in event            1 local:           1
 Added good helicity          253   2.6955646577091161       in event            1 local:           1
 Added good helicity          254   3.4594846212960995E-002  in event            1 local:           1
 Added good helicity          255   4.8309981901129409E-002  in event            1 local:           1
 Added good helicity          256  0.13970536786183968       in event            1 local:           1
 Added good helicity            1   6.7763531618919108       in event            1 local:           1
 Added good helicity            2   4.7255338170233953E-002  in event            1 local:           1
 Added good helicity            3   7.1131044792463405E-002  in event            1 local:           1
 Added good helicity            4  0.15254114144840211       in event            1 local:           1
 Added good helicity            5   1.2083378799682464E-003  in event            1 local:           1
 Added good helicity            6   6.6404532725666663E-005  in event            1 local:           1
 Added good helicity            7   9.6941771148860594E-005  in event            1 local:           1
 Added good helicity            8   5.3342328667280158E-005  in event            1 local:           1
 Added good helicity            9   3.1030173915832372E-003  in event            1 local:           1
 Added good helicity           10   6.4322815940972406E-005  in event            1 local:           1
 Added good helicity           11   9.6809648128689242E-005  in event            1 local:           1
 Added good helicity           12   4.2457233786184520E-005  in event            1 local:           1
 Added good helicity           13   3.4712591904499841       in event            1 local:           1
 Added good helicity           14   4.4550101039313589E-002  in event            1 local:           1
 Added good helicity           15   6.2212000066541692E-002  in event            1 local:           1
 Added good helicity           16  0.17990796130920994       in event            1 local:           1
 Added good helicity           17  0.15001478393796228       in event            1 local:           1
 Added good helicity           18   1.0461378231272401E-003  in event            1 local:           1
 Added good helicity           19   1.5746977852086634E-003  in event            1 local:           1
 Added good helicity           20   3.3769530349630258E-003  in event            1 local:           1
 Added good helicity           21   2.6750162167888381E-005  in event            1 local:           1
 Added good helicity           22   1.4700623464201208E-006  in event            1 local:           1
 Added good helicity           23   2.1460951792246167E-006  in event            1 local:           1
 Added good helicity           24   1.1808915088386070E-006  in event            1 local:           1
 Added good helicity           25   6.8694542983963202E-005  in event            1 local:           1
 Added good helicity           26   1.4239773378299340E-006  in event            1 local:           1
 Added good helicity           27   2.1431702421897971E-006  in event            1 local:           1
 Added good helicity           28   9.3991747491209319E-007  in event            1 local:           1
 Added good helicity           29   7.6846673277966085E-002  in event            1 local:           1
 Added good helicity           30   9.8624933237114907E-004  in event            1 local:           1
 Added good helicity           31   1.3772481341165991E-003  in event            1 local:           1
 Added good helicity           32   3.9827991988813823E-003  in event            1 local:           1
 Added good helicity           33  0.15992287293380869       in event            1 local:           1
 Added good helicity           34   1.1152325242051828E-003  in event            1 local:           1
 Added good helicity           35   1.6787025065290759E-003  in event            1 local:           1
 Added good helicity           36   3.5999920603636453E-003  in event            1 local:           1
 Added good helicity           37   2.8516941284287801E-005  in event            1 local:           1
 Added good helicity           38   1.5671561672784491E-006  in event            1 local:           1
 Added good helicity           39   2.2878392225190954E-006  in event            1 local:           1
 Added good helicity           40   1.2588863427934449E-006  in event            1 local:           1
 Added good helicity           41   7.3231640112307348E-005  in event            1 local:           1
 Added good helicity           42   1.5180273629069415E-006  in event            1 local:           1
 Added good helicity           43   2.2847211009481422E-006  in event            1 local:           1
 Added good helicity           44   1.0019965963540948E-006  in event            1 local:           1
 Added good helicity           45   8.1922197555544515E-002  in event            1 local:           1
 Added good helicity           46   1.0513885533246553E-003  in event            1 local:           1
 Added good helicity           47   1.4682118159883395E-003  in event            1 local:           1
 Added good helicity           48   4.2458527985280792E-003  in event            1 local:           1
 Added good helicity           49  0.11950231463429387       in event            1 local:           1
 Added good helicity           50   8.3335713993286267E-004  in event            1 local:           1
 Added good helicity           51   1.2544099004252276E-003  in event            1 local:           1
 Added good helicity           52   2.6900928928196327E-003  in event            1 local:           1
 Added good helicity           53   2.1309275072697901E-005  in event            1 local:           1
 Added good helicity           54   1.1710569348056738E-006  in event            1 local:           1
 Added good helicity           55   1.7095871127535012E-006  in event            1 local:           1
 Added good helicity           56   9.4070240901427558E-007  in event            1 local:           1
 Added good helicity           57   5.4722319186377242E-005  in event            1 local:           1
 Added good helicity           58   1.1343454517644670E-006  in event            1 local:           1
 Added good helicity           59   1.7072570974267111E-006  in event            1 local:           1
 Added good helicity           60   7.4874162978274309E-007  in event            1 local:           1
 Added good helicity           61   6.1216335401049531E-002  in event            1 local:           1
 Added good helicity           62   7.8564975351775505E-004  in event            1 local:           1
 Added good helicity           63   1.0971208005789534E-003  in event            1 local:           1
 Added good helicity           64   3.1727121187386702E-003  in event            1 local:           1
 Added good helicity           65  0.12792520404117549       in event            1 local:           1
 Added good helicity           66   8.9209470537308293E-004  in event            1 local:           1
 Added good helicity           67   1.3428245549406050E-003  in event            1 local:           1
 Added good helicity           68   2.8796988849696427E-003  in event            1 local:           1
 Added good helicity           69   2.2811218092190228E-005  in event            1 local:           1
 Added good helicity           70   1.2535966168295340E-006  in event            1 local:           1
 Added good helicity           71   1.8300840522999795E-006  in event            1 local:           1
 Added good helicity           72   1.0070059980297855E-006  in event            1 local:           1
 Added good helicity           73   5.8579315965104533E-005  in event            1 local:           1
 Added good helicity           74   1.2142975959438514E-006  in event            1 local:           1
 Added good helicity           75   1.8275898103515222E-006  in event            1 local:           1
 Added good helicity           76   8.0151523472326668E-007  in event            1 local:           1
 Added good helicity           77   6.5531050346576122E-002  in event            1 local:           1
 Added good helicity           78   8.4102475614155129E-004  in event            1 local:           1
 Added good helicity           79   1.1744492372502047E-003  in event            1 local:           1
 Added good helicity           80   3.3963345931467093E-003  in event            1 local:           1
 Added good helicity           81   3.4629592447624432E-003  in event            1 local:           1
 Added good helicity           82   2.4149170840337234E-005  in event            1 local:           1
 Added good helicity           83   3.6350512328507434E-005  in event            1 local:           1
 Added good helicity           84   7.7953988430832819E-005  in event            1 local:           1
 Added good helicity           85   6.1750394825414074E-007  in event            1 local:           1
 Added good helicity           86   3.3935095323791420E-008  in event            1 local:           1
 Added good helicity           87   4.9540718227540733E-008  in event            1 local:           1
 Added good helicity           88   2.7259841065299695E-008  in event            1 local:           1
 Added good helicity           89   1.5857530601078810E-006  in event            1 local:           1
 Added good helicity           90   3.2871263464337186E-008  in event            1 local:           1
 Added good helicity           91   4.9473198630610437E-008  in event            1 local:           1
 Added good helicity           92   2.1697167596539344E-008  in event            1 local:           1
 Added good helicity           93   1.7739378124706864E-003  in event            1 local:           1
 Added good helicity           94   2.2766697744855954E-005  in event            1 local:           1
 Added good helicity           95   3.1792560927483237E-005  in event            1 local:           1
 Added good helicity           96   9.1939413861386122E-005  in event            1 local:           1
 Added good helicity           97   4.6962618805153865E-003  in event            1 local:           1
 Added good helicity           98   3.2749686741204892E-005  in event            1 local:           1
 Added good helicity           99   4.9296429244371571E-005  in event            1 local:           1
 Added good helicity          100   1.0571661934963699E-004  in event            1 local:           1
 Added good helicity          101   8.3742257655492629E-007  in event            1 local:           1
 Added good helicity          102   4.6020782607191832E-008  in event            1 local:           1
 Added good helicity          103   6.7184211566230394E-008  in event            1 local:           1
 Added good helicity          104   3.6968194949882195E-008  in event            1 local:           1
 Added good helicity          105   2.1505051378697727E-006  in event            1 local:           1
 Added good helicity          106   4.4578076339022795E-008  in event            1 local:           1
 Added good helicity          107   6.7092645455618149E-008  in event            1 local:           1
 Added good helicity          108   2.9424423996006712E-008  in event            1 local:           1
 Added good helicity          109   2.4057102432582704E-003  in event            1 local:           1
 Added good helicity          110   3.0874857948759104E-005  in event            1 local:           1
 Added good helicity          111   4.3115203331809556E-005  in event            1 local:           1
 Added good helicity          112   1.2468283168136864E-004  in event            1 local:           1
 Added good helicity          113   3.1728634048465332E-003  in event            1 local:           1
 Added good helicity          114   2.2126168690139820E-005  in event            1 local:           1
 Added good helicity          115   3.3305390610352400E-005  in event            1 local:           1
 Added good helicity          116   7.1423698539942439E-005  in event            1 local:           1
 Added good helicity          117   5.6577497489382581E-007  in event            1 local:           1
 Added good helicity          118   3.1092315699552139E-008  in event            1 local:           1
 Added good helicity          119   4.5390638700618170E-008  in event            1 local:           1
 Added good helicity          120   2.4976254707252665E-008  in event            1 local:           1
 Added good helicity          121   1.4529128118239944E-006  in event            1 local:           1
 Added good helicity          122   3.0117602185127373E-008  in event            1 local:           1
 Added good helicity          123   4.5328775293321620E-008  in event            1 local:           1
 Added good helicity          124   1.9879572409060850E-008  in event            1 local:           1
 Added good helicity          125   1.6253331240252179E-003  in event            1 local:           1
 Added good helicity          126   2.0859506860529278E-005  in event            1 local:           1
 Added good helicity          127   2.9129263726026079E-005  in event            1 local:           1
 Added good helicity          128   8.4237549761820337E-005  in event            1 local:           1
 Added good helicity          129  0.15504545540301598       in event            1 local:           1
 Added good helicity          130   1.0812195367901815E-003  in event            1 local:           1
 Added good helicity          131   1.6275044953620338E-003  in event            1 local:           1
 Added good helicity          132   3.4901974821159166E-003  in event            1 local:           1
 Added good helicity          133   2.7647215604696373E-005  in event            1 local:           1
 Added good helicity          134   1.5193601589680086E-006  in event            1 local:           1
 Added good helicity          135   2.2180634179275381E-006  in event            1 local:           1
 Added good helicity          136   1.2204921205976144E-006  in event            1 local:           1
 Added good helicity          137   7.0998180453035829E-005  in event            1 local:           1
 Added good helicity          138   1.4717297124443355E-006  in event            1 local:           1
 Added good helicity          139   2.2150403945782107E-006  in event            1 local:           1
 Added good helicity          140   9.7143714181706373E-007  in event            1 local:           1
 Added good helicity          141   7.9423688398046768E-002  in event            1 local:           1
 Added good helicity          142   1.0193227151641384E-003  in event            1 local:           1
 Added good helicity          143   1.4234334680331816E-003  in event            1 local:           1
 Added good helicity          144   4.1163603970172744E-003  in event            1 local:           1
 Added good helicity          145   4.0965327025807331E-003  in event            1 local:           1
 Added good helicity          146   2.8567436430929451E-005  in event            1 local:           1
 Added good helicity          147   4.3001101654463815E-005  in event            1 local:           1
 Added good helicity          148   9.2216234824736912E-005  in event            1 local:           1
 Added good helicity          149   7.3048076491854363E-007  in event            1 local:           1
 Added good helicity          150   4.0143766626581383E-008  in event            1 local:           1
 Added good helicity          151   5.8604551189969333E-008  in event            1 local:           1
 Added good helicity          152   3.2247226287762434E-008  in event            1 local:           1
 Added good helicity          153   1.8758780597185559E-006  in event            1 local:           1
 Added good helicity          154   3.8885299028704577E-008  in event            1 local:           1
 Added good helicity          155   5.8524678394091535E-008  in event            1 local:           1
 Added good helicity          156   2.5666821446723591E-008  in event            1 local:           1
 Added good helicity          157   2.0984925745579212E-003  in event            1 local:           1
 Added good helicity          158   2.6932029876652875E-005  in event            1 local:           1
 Added good helicity          159   3.7609240055367713E-005  in event            1 local:           1
 Added good helicity          160   1.0876039506064393E-004  in event            1 local:           1
 Added good helicity          161   5.7162328577889396E-003  in event            1 local:           1
 Added good helicity          162   3.9862520488705283E-005  in event            1 local:           1
 Added good helicity          163   6.0003014267045019E-005  in event            1 local:           1
 Added good helicity          164   1.2867698363414997E-004  in event            1 local:           1
 Added good helicity          165   1.0193005777250676E-006  in event            1 local:           1
 Added good helicity          166   5.6015937009782330E-008  in event            1 local:           1
 Added good helicity          167   8.1775805406614908E-008  in event            1 local:           1
 Added good helicity          168   4.4997237386274733E-008  in event            1 local:           1
 Added good helicity          169   2.6175687052158316E-006  in event            1 local:           1
 Added good helicity          170   5.4259892482439867E-008  in event            1 local:           1
 Added good helicity          171   8.1664352250155923E-008  in event            1 local:           1
 Added good helicity          172   3.5815051108058799E-008  in event            1 local:           1
 Added good helicity          173   2.9282012563837667E-003  in event            1 local:           1
 Added good helicity          174   3.7580501679113002E-005  in event            1 local:           1
 Added good helicity          175   5.2479301245545921E-005  in event            1 local:           1
 Added good helicity          176   1.5176242666880218E-004  in event            1 local:           1
 Added good helicity          177   3.8404484493875300E-003  in event            1 local:           1
 Added good helicity          178   2.6781616286139637E-005  in event            1 local:           1
 Added good helicity          179   4.0312997883991973E-005  in event            1 local:           1
 Added good helicity          180   8.6451573013907160E-005  in event            1 local:           1
 Added good helicity          181   6.8481663021303447E-007  in event            1 local:           1
 Added good helicity          182   3.7634281839494471E-008  in event            1 local:           1
 Added good helicity          183   5.4941037722652979E-008  in event            1 local:           1
 Added good helicity          184   3.0231373501758407E-008  in event            1 local:           1
 Added good helicity          185   1.7586123457888411E-006  in event            1 local:           1
 Added good helicity          186   3.6454484121334994E-008  in event            1 local:           1
 Added good helicity          187   5.4866157970104224E-008  in event            1 local:           1
 Added good helicity          188   2.4062325820974824E-008  in event            1 local:           1
 Added good helicity          189   1.9673106842123108E-003  in event            1 local:           1
 Added good helicity          190   2.5248442985330153E-005  in event            1 local:           1
 Added good helicity          191   3.5258194707511602E-005  in event            1 local:           1
 Added good helicity          192   1.0196151743211751E-004  in event            1 local:           1
 Added good helicity          193   139.77475211624130       in event            1 local:           1
 Added good helicity          194  0.97472829722905185       in event            1 local:           1
 Added good helicity          195   1.4672086764232335       in event            1 local:           1
 Added good helicity          196   3.1464417104739733       in event            1 local:           1
 Added good helicity          197   2.4924192055844924E-002  in event            1 local:           1
 Added good helicity          198   1.3697156684988215E-003  in event            1 local:           1
 Added good helicity          199   1.9996023979745340E-003  in event            1 local:           1
 Added good helicity          200   1.1002836759898911E-003  in event            1 local:           1
 Added good helicity          201   6.4005443098812731E-002  in event            1 local:           1
 Added good helicity          202   1.3267764295593302E-003  in event            1 local:           1
 Added good helicity          203   1.9968771175837246E-003  in event            1 local:           1
 Added good helicity          204   8.7575856603500698E-004  in event            1 local:           1
 Added good helicity          205   71.601107747003482       in event            1 local:           1
 Added good helicity          206  0.91892780390227324       in event            1 local:           1
 Added good helicity          207   1.2832369683531490       in event            1 local:           1
 Added good helicity          208   3.7109327236882663       in event            1 local:           1
 Added good helicity          209   3.0309726246073678       in event            1 local:           1
 Added good helicity          210   2.1136684133586971E-002  in event            1 local:           1
 Added good helicity          211   3.1815970091128500E-002  in event            1 local:           1
 Added good helicity          212   6.8229623340260309E-002  in event            1 local:           1
 Added good helicity          213   5.4047345939055628E-004  in event            1 local:           1
 Added good helicity          214   2.9701864119659652E-005  in event            1 local:           1
 Added good helicity          215   4.3360764634515310E-005  in event            1 local:           1
 Added good helicity          216   2.3859314008686525E-005  in event            1 local:           1
 Added good helicity          217   1.3879384003273368E-003  in event            1 local:           1
 Added good helicity          218   2.8770739894600470E-005  in event            1 local:           1
 Added good helicity          219   4.3301667765203380E-005  in event            1 local:           1
 Added good helicity          220   1.8990555870991797E-005  in event            1 local:           1
 Added good helicity          221   1.5526480583006026       in event            1 local:           1
 Added good helicity          222   1.9926667552249051E-002  in event            1 local:           1
 Added good helicity          223   2.7826600033802575E-002  in event            1 local:           1
 Added good helicity          224   8.0470437807715109E-002  in event            1 local:           1
 Added good helicity          225   4.8953764038510315       in event            1 local:           1
 Added good helicity          226   3.4138224780772483E-002  in event            1 local:           1
 Added good helicity          227   5.1386524571437400E-002  in event            1 local:           1
 Added good helicity          228  0.11019884687570262       in event            1 local:           1
 Added good helicity          229   8.7292804907830850E-004  in event            1 local:           1
 Added good helicity          230   4.7971995385674837E-005  in event            1 local:           1
 Added good helicity          231   7.0032722275821193E-005  in event            1 local:           1
 Added good helicity          232   3.8535591467219755E-005  in event            1 local:           1
 Added good helicity          233   2.2416833592620615E-003  in event            1 local:           1
 Added good helicity          234   4.6468120516135492E-005  in event            1 local:           1
 Added good helicity          235   6.9937273898220434E-005  in event            1 local:           1
 Added good helicity          236   3.0671975837759602E-005  in event            1 local:           1
 Added good helicity          237   2.5077087817889807       in event            1 local:           1
 Added good helicity          238   3.2183906034222408E-002  in event            1 local:           1
 Added good helicity          239   4.4943223867791815E-002  in event            1 local:           1
 Added good helicity          240  0.12996919841942839       in event            1 local:           1
 Added good helicity          241   5.2620957091318221       in event            1 local:           1
 Added good helicity          242   3.6695565635150043E-002  in event            1 local:           1
 Added good helicity          243   5.5235959024895850E-002  in event            1 local:           1
 Added good helicity          244  0.11845399239162480       in event            1 local:           1
 Added good helicity          245   9.3832027662311675E-004  in event            1 local:           1
 Added good helicity          246   5.1565642813261562E-005  in event            1 local:           1
 Added good helicity          247   7.5278968762548554E-005  in event            1 local:           1
 Added good helicity          248   4.1422345041536600E-005  in event            1 local:           1
 Added good helicity          249   2.4096109089232890E-003  in event            1 local:           1
 Added good helicity          250   4.9949110631619946E-005  in event            1 local:           1
 Added good helicity          251   7.5176370217149417E-005  in event            1 local:           1
 Added good helicity          252   3.2969655268898755E-005  in event            1 local:           1
 Added good helicity          253   2.6955646577091148       in event            1 local:           1
 Added good helicity          254   3.4594846212960814E-002  in event            1 local:           1
 Added good helicity          255   4.8309981901129215E-002  in event            1 local:           1
 Added good helicity          256  0.13970536786183929       in event            1 local:           1
 RESET CUMULATIVE VARIABLE
 RESET CUMULATIVE VARIABLE
 RESET CUMULATIVE VARIABLE
 No points passed cuts!
 Loosen cuts or increase max_events      500000
 Deleting file events.lhe

ls status:
events.lhe
grid_information
input_app.txt
results.dat
run1_app.log
