 A PDF is used, so alpha_s(MZ) is going to be modified
 Old value of alpha_s from param_card:   0.11799999999999999     
  ****************************************
 
       NNPDFDriver version 1.0.3
   Grid: NNPDF23nlo_as_0119_qed_mem0.grid
  ****************************************
 New value of alpha_s from PDF nn23nlo:  0.11899999999999999     
 *****************************************************
 *               MadGraph/MadEvent                   *
 *        --------------------------------           *
 *          http://madgraph.hep.uiuc.edu             *
 *          http://madgraph.phys.ucl.ac.be           *
 *          http://madgraph.roma2.infn.it            *
 *        --------------------------------           *
 *                                                   *
 *          PARAMETER AND COUPLING VALUES            *
 *                                                   *
 *****************************************************

  External Params
  ---------------------------------
  
 MU_R =    91.188000000000002     
 aEWM1 =    132.50700000000001     
 mdl_Gf =    1.1663900000000000E-005
 aS =   0.11799999999999999     
 mdl_ymb =    4.7000000000000002     
 mdl_ymt =    173.00000000000000     
 mdl_ymtau =    1.7769999999999999     
 mdl_MT =    173.00000000000000     
 mdl_MB =    4.7000000000000002     
 mdl_MZ =    91.188000000000002     
 mdl_MTA =    1.7769999999999999     
 mdl_WT =    1.4915000000000000     
 mdl_WZ =    2.4414039999999999     
 mdl_WW =    2.0476000000000001     
 mdl_MX0 =    300.00000000000000     
 mdl_WX0 =    1.0604700000000000     
 mdl_Lambda =    5000.0000000000000     
 mdl_cosa =    1.0000000000000000     
 mdl_kSM =    5.0000000000000003E-002
 mdl_kHtt =    0.0000000000000000     
 mdl_kAtt =    0.0000000000000000     
 mdl_kHbb =    0.0000000000000000     
 mdl_kAbb =    0.0000000000000000     
 mdl_kHll =    0.0000000000000000     
 mdl_kAll =    0.0000000000000000     
 mdl_kHaa =    0.0000000000000000     
 mdl_kAaa =    0.0000000000000000     
 mdl_kHza =    0.0000000000000000     
 mdl_kAza =    0.0000000000000000     
 mdl_kHzz =    8.1561199999999996     
 mdl_kAzz =    0.0000000000000000     
 mdl_kHww =    10.496200000000000     
 mdl_kAww =    0.0000000000000000     
 mdl_kHda =    0.0000000000000000     
 mdl_kHdz =    0.0000000000000000     
 mdl_kHdwR =    0.0000000000000000     
 mdl_kHdwI =    0.0000000000000000     
  Internal Params
  ---------------------------------
  
 mdl_CKM11 =    1.0000000000000000     
 mdl_conjg__CKM3x3 =    1.0000000000000000     
 mdl_conjg__CKM11 =    1.0000000000000000     
 mdl_lhv =    1.0000000000000000     
 mdl_CKM3x3 =    1.0000000000000000     
 mdl_conjg__CKM33 =    1.0000000000000000     
 mdl_Ncol =    3.0000000000000000     
 mdl_CA =    3.0000000000000000     
 mdl_TF =   0.50000000000000000     
 mdl_CF =    1.3333333333333333     
 mdl_complexi =  (  0.0000000000000000     ,  1.0000000000000000     )
 mdl_MZ__exp__2 =    8315.2513440000002     
 mdl_MZ__exp__4 =    69143404.913893804     
 mdl_sqrt__2 =    1.4142135623730951     
 mdl_MX0__exp__2 =    90000.000000000000     
 mdl_cosa__exp__2 =    1.0000000000000000     
 mdl_sina =    0.0000000000000000     
 mdl_kHdw =  (  0.0000000000000000     ,  0.0000000000000000     )
 mdl_nb__2__exp__0_75 =    1.6817928305074290     
 mdl_Ncol__exp__2 =    9.0000000000000000     
 mdl_MB__exp__2 =    22.090000000000003     
 mdl_MT__exp__2 =    29929.000000000000     
 mdl_conjg__kHdw =  (  0.0000000000000000     , -0.0000000000000000     )
 mdl_aEW =    7.5467711139788835E-003
 mdl_MW =    80.419002445756163     
 mdl_sqrt__aEW =    8.6872153846781555E-002
 mdl_ee =   0.30795376724436879     
 mdl_MW__exp__2 =    6467.2159543705357     
 mdl_sw2 =   0.22224648578577766     
 mdl_cw =   0.88190334743339216     
 mdl_sqrt__sw2 =   0.47143025548407230     
 mdl_sw =   0.47143025548407230     
 mdl_g1 =   0.34919219678733299     
 mdl_gw =   0.65323293034757990     
 mdl_vev =    246.21845810181637     
 mdl_vev__exp__2 =    60623.529110035903     
 mdl_lam =   0.74228605065735920     
 mdl_yb =    2.6995554250465490E-002
 mdl_yt =   0.99366614581500623     
 mdl_ytau =    1.0206617000654717E-002
 mdl_muH =    212.13203435596427     
 mdl_AxialZUp =  -0.18517701861793787     
 mdl_AxialZDown =   0.18517701861793787     
 mdl_VectorZUp =    7.5430507588273299E-002
 mdl_VectorZDown =  -0.13030376310310560     
 mdl_VectorAUp =   0.20530251149624587     
 mdl_VectorADown =  -0.10265125574812294     
 mdl_VectorWmDxU =   0.23095271737156670     
 mdl_AxialWmDxU =  -0.23095271737156670     
 mdl_VectorWpUxD =   0.23095271737156670     
 mdl_AxialWpUxD =  -0.23095271737156670     
 mdl_I1x33 =  (  2.6995554250465490E-002,  0.0000000000000000     )
 mdl_I2x33 =  ( 0.99366614581500623     ,  0.0000000000000000     )
 mdl_I3x33 =  ( 0.99366614581500623     ,  0.0000000000000000     )
 mdl_I4x33 =  (  2.6995554250465490E-002,  0.0000000000000000     )
 mdl_Vector_tbGp =  (-0.96667059156454072     ,  0.0000000000000000     )
 mdl_Axial_tbGp =  ( -1.0206617000654716     , -0.0000000000000000     )
 mdl_Vector_tbGm =  ( 0.96667059156454072     ,  0.0000000000000000     )
 mdl_Axial_tbGm =  ( -1.0206617000654716     , -0.0000000000000000     )
 mdl_ee__exp__2 =    9.4835522759998875E-002
 mdl_gAaa =    1.3008566310666950E-005
 mdl_cw__exp__2 =   0.77775351421422245     
 mdl_gAza =    4.7794971072590281E-006
 mdl_gHaa =    2.5475109025056106E-005
 mdl_gHza =    3.9182129211851395E-005
 mdl_gw__exp__2 =   0.42671326129048615     
 mdl_sw__exp__2 =   0.22224648578577769     
  Internal Params evaluated point by point
  ----------------------------------------
  
 mdl_sqrt__aS =   0.34351128074635334     
 mdl_G__exp__2 =    1.4828317324943823     
 mdl_G__exp__4 =    2.1987899468922913     
 mdl_R2MixedFactor_FIN_ =   -2.5040377713124864E-002
 mdl_GWcft_UV_b_1EPS_ =   -3.1300472141406080E-003
 mdl_GWcft_UV_t_1EPS_ =   -3.1300472141406080E-003
 mdl_bWcft_UV_1EPS_ =   -1.8780283284843650E-002
 mdl_tWcft_UV_1EPS_ =   -1.8780283284843650E-002
 mdl_G__exp__3 =    1.8056676068262196     
 mdl_MU_R__exp__2 =    8315.2513440000002     
 mdl_GWcft_UV_b_FIN_ =   -1.8563438626678915E-002
 mdl_GWcft_UV_t_FIN_ =    4.0087659331150384E-003
 mdl_bWcft_UV_FIN_ =  -0.13642100947319838     
 mdl_tWcft_UV_FIN_ =   -9.8778211443463623E-004
 mdl_gAgg =    7.6274879753643885E-005
 mdl_gHgg =   -5.0849919835762592E-005
  Couplings of HC_NLO_X0_UFO
  ---------------------------------
  
      R2_dxuW =  -0.00000E+00  -0.11566E-01
         GC_5 =   0.00000E+00   0.12177E+01
     GC_3005a =  -0.00000E+00  -0.00000E+00
    GC_3005h2 =  -0.00000E+00  -0.00000E+00
    GC_3005h3 =  -0.00000E+00  -0.20992E-02
    GC_3005h4 =  -0.00000E+00  -0.00000E+00
     GC_3007a =  -0.00000E+00  -0.00000E+00
    GC_3007h2 =  -0.00000E+00  -0.16312E-02
    GC_3007h3 =  -0.00000E+00  -0.00000E+00
        GC_22 =   0.00000E+00   0.28804E+00
        GC_24 =   0.00000E+00   0.82310E-01
        GC_47 =   0.00000E+00   0.46191E+00
    GC_3005h1 =   0.00000E+00   0.26266E+01
    GC_3007h1 =   0.00000E+00   0.33772E+01

 Collider parameters:
 --------------------

 Running at P P   machine @    13000.000000000000       GeV
 PDF set = nn23nlo
 alpha_s(Mz)= 0.1190 running at 2 loops.
 alpha_s(Mz)= 0.1190 running at 2 loops.
 Renormalization scale set on event-by-event basis
 Factorization   scale set on event-by-event basis


 ===============================================================
 INFO: MadFKS read these parameters from FKS_params.dat
 ===============================================================
  > IRPoleCheckThreshold      =    1.0000000000000001E-005
  > PrecisionVirtualAtRunTime =    1.0000000000000000E-003
  > NHelForMCoverHels         =            4
  > VirtualFraction           =    1.0000000000000000     
  > MinVirtualFraction        =    5.0000000000000001E-003
 ===============================================================
  Insert the number of points to test
 Insert the relative tolerance
  A negative number will mean use the default one:    1.0000000000000001E-005
Using random seed offsets:     1 ,      3 ,      0

  +----------------------------------------------------------------+
  |                                                                |
  |  Ninja - version 1.2.0                                         |
  |                                                                |
  |  Author: Tiziano Peraro                                        |
  |                                                                |
  |  Based on:                                                     |
  |                                                                |
  |      P. Mastrolia, E. Mirabella and T. Peraro,                 |
  |      "Integrand reduction of one-loop scattering amplitudes    |
  |      through Laurent series expansion,"                        |
  |      JHEP 1206 (2012) 095  [arXiv:1203.0291 [hep-ph]].         |
  |                                                                |
  |      T. Peraro,                                                |
  |      "Ninja: Automated Integrand Reduction via Laurent         |
  |      Expansion for One-Loop Amplitudes,"                       |
  |      Comput.Phys.Commun. 185 (2014) [arXiv:1403.1229 [hep-ph]] |
  |                                                                |
  +----------------------------------------------------------------+


  with seed                   33
 Ranmar initialization seeds       11949        9410
  ========================================================================================== 
 {                                                                                          }
 {       [32m                                                                            [0m       }
 {       [32m                               ,,                                           [0m       }
 {       [32m`7MMM.     ,MMF'             `7MM  `7MMF'                                   [0m       }
 {       [32m  MMMb    dPMM                 MM    MM                                     [0m       }
 {       [32m  M YM   ,M MM   ,6"Yb.   ,M""bMM    MM         ,pW"Wq.   ,pW"Wq.`7MMpdMAo. [0m       }
 {       [32m  M  Mb  M' MM  8)   MM ,AP    MM    MM        6W'   `Wb 6W'   `Wb MM   `Wb [0m       }
 {       [32m  M  YM.P'  MM   ,pm9MM 8MI    MM    MM      , 8M     M8 8M     M8 MM    M8 [0m       }
 {       [32m  M  `YM'   MM  8M   MM `Mb    MM    MM     ,M YA.   ,A9 YA.   ,A9 MM   ,AP [0m       }
 {       [32m.JML. `'  .JMML.`Moo9^Yo.`Wbmd"MML..JMMmmmmMMM  `Ybmd9'   `Ybmd9'  MMbmmd'  [0m       }
 {       [32m                                                                   MM       [0m       }
 {       [32m                                                                 .JMML.     [0m       }
 {       [32m[0mv2.6.6 (2018-06-28), Ref: arXiv:1103.0621v2, arXiv:1405.0301[32m                [0m       }
 {       [32m                                                                            [0m       }
 {                                                                                          }
  ========================================================================================== 
 ===============================================================
 INFO: MadLoop read these parameters from ./MadLoop5_resources/MadLoopParams.dat                                                                                                                                                                                                                                                                                                                                                                                                                                                                                          
 ===============================================================
  > MLReductionLib            = 6|7|1
  > CTModeRun                 =           -1
  > MLStabThres               =    1.0000000000000000E-003
  > NRotations_DP             =            0
  > NRotations_QP             =            0
  > CTStabThres               =    1.0000000000000000E-002
  > CTLoopLibrary             =            2
  > CTModeInit                =            1
  > CheckCycle                =            3
  > MaxAttempts               =           10
  > UseLoopFilter             =  F
  > HelicityFilterLevel       =            2
  > ImprovePSPoint            =            2
  > DoubleCheckHelicityFilter =  T
  > LoopInitStartOver         =  F
  > HelInitStartOver          =  F
  > ZeroThres                 =    1.0000000000000001E-009
  > OSThres                   =    1.0000000000000000E-008
  > WriteOutFilters           =  T
  > UseQPIntegrandForNinja    =  T
  > UseQPIntegrandForCutTools =  T
  > IREGIMODE                 =            2
  > IREGIRECY                 =  T
  > COLLIERMode               =            1
  > COLLIERRequiredAccuracy   =    1.0000000000000000E-008
  > COLLIERCanOutput          =  F
  > COLLIERComputeUVpoles     =  T
  > COLLIERComputeIRpoles     =  T
  > COLLIERGlobalCache        =           -1
  > COLLIERUseCacheForPoles   =  F
  > COLLIERUseInternalStabilityTest =  T
 ===============================================================
  
------------------------------------------------------------------------
|              You are using CutTools - Version 1.9.3                  |
|              Authors: G. Ossola, C. Papadopoulos, R. Pittau          |
|              Published in JHEP 0803:042,2008                         |
|              http://www.ugr.es/~pittau/CutTools                      |
|                                                                      |
|              Compiler with  34  significant digits detetected        |
 ---------------------------------------------------------------------- 
   
########################################################################
#                                                                      #
#                      You are using OneLOop-3.6                       #
#                                                                      #
# for the evaluation of 1-loop scalar 1-, 2-, 3- and 4-point functions #
#                                                                      #
# author: Andreas van Hameren <hamerenREMOVETHIS@ifj.edu.pl>           #
#   date: 18-02-2015                                                   #
#                                                                      #
# Please cite                                                          #
#    A. van Hameren,                                                   #
#      Comput.Phys.Commun. 182 (2011) 2427-2438, arXiv:1007.4716       #
#    A. van Hameren, C.G. Papadopoulos and R. Pittau,                  #
#      JHEP 0909:106,2009, arXiv:0903.4665                             #
# in publications with results obtained with the help of this program. #
#                                                                      #
########################################################################
########################################################################
#                                                                      #
#                      You are using OneLOop-3.6                       #
#                                                                      #
# for the evaluation of 1-loop scalar 1-, 2-, 3- and 4-point functions #
#                                                                      #
# author: Andreas van Hameren <hamerenREMOVETHIS@ifj.edu.pl>           #
#   date: 18-02-2015                                                   #
#                                                                      #
# Please cite                                                          #
#    A. van Hameren,                                                   #
#      Comput.Phys.Commun. 182 (2011) 2427-2438, arXiv:1007.4716       #
#    A. van Hameren, C.G. Papadopoulos and R. Pittau,                  #
#      JHEP 0909:106,2009, arXiv:0903.4665                             #
# in publications with results obtained with the help of this program. #
#                                                                      #
########################################################################
 PASSED   1.0000000000000001E-005
 MU_R    =    325.00000000000000     
 ALPHA_S =   0.11799999999999999     
 BORN                    3.1011309234637461E-013
 SINGLE POLE (MadFKS)   -1.7659279306435248E-015
 DOUBLE POLE (MadFKS)   -1.5530697932276785E-014
 SINGLE POLE (MadLoop)  -1.7659279306434974E-015
 DOUBLE POLE (MadLoop)  -1.5530697932276732E-014
 FINITE PART (MadLoop)   3.1889767795113304E-014
   325.00000000000000        0.0000000000000000        0.0000000000000000        325.00000000000000        0.0000000000000000     
   325.00000000000000        0.0000000000000000        0.0000000000000000       -325.00000000000000        0.0000000000000000     
   248.32469325262474        4.7680259372337295       -234.81429453710993       -6.1196678292935980        80.419002445756163     
   95.024815228594548        40.046079609033896        53.363879317841793       -67.663309121903580        0.0000000000000000     
   213.02819879071933       -37.572665500408682        188.15521119313391        92.557683571272335        0.0000000000000000     
   93.622292728061453       -7.2414400458589121       -6.7047959738657692       -18.774706620075108        91.188000000000002     

 PASSED   1.0000000000000001E-005
 MU_R    =    325.00000000000000     
 ALPHA_S =   0.11799999999999999     
 BORN                    3.5654497061216877E-014
 SINGLE POLE (MadFKS)   -2.0303326034079452E-016
 DOUBLE POLE (MadFKS)   -1.7856041471687424E-015
 SINGLE POLE (MadLoop)  -2.0303326034079498E-016
 DOUBLE POLE (MadLoop)  -1.7856041471687535E-015
 FINITE PART (MadLoop)   3.6664483383494251E-015
   325.00000000000000        0.0000000000000000        0.0000000000000000        325.00000000000000        0.0000000000000000     
   325.00000000000000        0.0000000000000000        0.0000000000000000       -325.00000000000000        0.0000000000000000     
   169.56215868056074        118.96808749668607        81.053969171980867       -39.508960260801054        80.419002445756163     
   150.49746414152420       -23.377103870828130        148.54196261547665       -6.1873314105693318        0.0000000000000000     
   31.785719676732700        12.706752998495393        26.220768274408737       -12.702035848745693        0.0000000000000000     
   298.15465750118233       -108.29773662435335       -255.81670006186638        58.398327520115984        91.188000000000002     

 PASSED   1.0000000000000001E-005
 MU_R    =    325.00000000000000     
 ALPHA_S =   0.11799999999999999     
 BORN                    1.2154685122900117E-014
 SINGLE POLE (MadFKS)   -6.9214420404839263E-017
 DOUBLE POLE (MadFKS)   -6.0871581292303694E-016
 SINGLE POLE (MadLoop)  -6.9214420404837833E-017
 DOUBLE POLE (MadLoop)  -6.0871581292303802E-016
 FINITE PART (MadLoop)   1.2498991360192945E-015
   325.00000000000000        0.0000000000000000        0.0000000000000000        325.00000000000000        0.0000000000000000     
   325.00000000000000        0.0000000000000000        0.0000000000000000       -325.00000000000000        0.0000000000000000     
   179.35540506367985        94.459728249990988        125.80207100145050        30.860071967997914        80.419002445756163     
   125.16052488947979       -20.113107955929912       -69.211087555401406       -102.32519356620712        0.0000000000000000     
   173.12942170658448        43.060851004407020       -141.97679723740151        89.230873678578362        0.0000000000000000     
   172.35464834025586       -117.40747129846810        85.385813791352390       -17.765752080369168        91.188000000000002     

 PASSED   1.0000000000000001E-005
 MU_R    =    325.00000000000000     
 ALPHA_S =   0.11799999999999999     
 BORN                    3.8710847398506437E-012
 SINGLE POLE (MadFKS)   -2.2043753819831638E-014
 DOUBLE POLE (MadFKS)   -1.9386684809074768E-013
 SINGLE POLE (MadLoop)  -2.2043753819830691E-014
 DOUBLE POLE (MadLoop)  -1.9386684809074450E-013
 FINITE PART (MadLoop)   3.9807411075427721E-013
   325.00000000000000        0.0000000000000000        0.0000000000000000        325.00000000000000        0.0000000000000000     
   325.00000000000000        0.0000000000000000        0.0000000000000000       -325.00000000000000        0.0000000000000000     
   255.66219568502001        232.22847992654067        55.377903481260027       -43.579390371407065        80.419002445756163     
   169.77218461890118       -127.92809595637561       -15.221145307878652        110.56814039662181        0.0000000000000000     
   69.640853022424864        2.0537974734492437       -69.198822333723854       -7.5599810353436379        0.0000000000000000     
   154.92476667365401       -106.35418144361431        29.042064160342470       -59.428768989871074        91.188000000000002     

 PASSED   1.0000000000000001E-005
 MU_R    =    325.00000000000000     
 ALPHA_S =   0.11799999999999999     
 BORN                    9.5738464449299825E-016
 SINGLE POLE (MadFKS)   -5.4517926711428491E-018
 DOUBLE POLE (MadFKS)   -4.7946546229700896E-017
 SINGLE POLE (MadLoop)  -5.4517926711427243E-018
 DOUBLE POLE (MadLoop)  -4.7946546229700841E-017
 FINITE PART (MadLoop)   9.8450451648097948E-017
   325.00000000000000        0.0000000000000000        0.0000000000000000        325.00000000000000        0.0000000000000000     
   325.00000000000000        0.0000000000000000        0.0000000000000000       -325.00000000000000        0.0000000000000000     
   175.39905372639174        114.34695330330915        104.91444714680640       -14.674642887441420        80.419002445756163     
   202.26070800688569       -167.85883472035363        38.684419402427082        106.00151558005581        0.0000000000000000     
   178.74955518319211        71.535567918316744       -133.36530960741749       -95.119715065335626        0.0000000000000000     
   93.590683083530507       -18.023686501272238       -10.233556941815969        3.7928423727212306        91.188000000000002     

 PASSED   1.0000000000000001E-005
 MU_R    =    325.00000000000000     
 ALPHA_S =   0.11799999999999999     
 BORN                    1.5224738864416872E-015
 SINGLE POLE (MadFKS)   -8.6696731808401859E-018
 DOUBLE POLE (MadFKS)   -7.6246642349738041E-017
 SINGLE POLE (MadLoop)  -8.6696731808401089E-018
 DOUBLE POLE (MadLoop)  -7.6246642349738127E-017
 FINITE PART (MadLoop)   1.5656010633217924E-016
   325.00000000000000        0.0000000000000000        0.0000000000000000        325.00000000000000        0.0000000000000000     
   325.00000000000000        0.0000000000000000        0.0000000000000000       -325.00000000000000        0.0000000000000000     
   109.05788991904528        61.143270065766828        36.587397403015963        18.688774067941168        80.419002445756163     
   96.645615004327908        37.572012901821147       -72.985602619203092        51.008044036033496        0.0000000000000000     
   262.60085838476698       -225.12664865732316        126.88429838893371       -46.664523045742698        0.0000000000000000     
   181.69563669185985        126.41136568973511       -90.486093172746550       -23.032295058231970        91.188000000000002     

 PASSED   1.0000000000000001E-005
 MU_R    =    325.00000000000000     
 ALPHA_S =   0.11799999999999999     
 BORN                    1.4145738785178245E-015
 SINGLE POLE (MadFKS)   -8.0552404386824223E-018
 DOUBLE POLE (MadFKS)   -7.0842928442412679E-017
 SINGLE POLE (MadLoop)  -8.0552404386823437E-018
 DOUBLE POLE (MadLoop)  -7.0842928442412531E-017
 FINITE PART (MadLoop)   1.4546445676850381E-016
   325.00000000000000        0.0000000000000000        0.0000000000000000        325.00000000000000        0.0000000000000000     
   325.00000000000000        0.0000000000000000        0.0000000000000000       -325.00000000000000        0.0000000000000000     
   117.35152783819177       -76.746930568013042       -31.417410735324950       -20.664464248168560        80.419002445756163     
   217.43435178093713        184.93707430657338       -26.707391708903767       -111.18763919352035        0.0000000000000000     
   114.80911517246703       -108.91582120688884       -25.615129453297730       -25.736005140748460        0.0000000000000000     
   200.40500520840402       0.72567746832850444        83.739931897526432        157.58810858243734        91.188000000000002     

 PASSED   1.0000000000000001E-005
 MU_R    =    325.00000000000000     
 ALPHA_S =   0.11799999999999999     
 BORN                    3.5167173455637659E-015
 SINGLE POLE (MadFKS)   -2.0025821347049477E-017
 DOUBLE POLE (MadFKS)   -1.7611986128642912E-016
 SINGLE POLE (MadLoop)  -2.0025821347049810E-017
 DOUBLE POLE (MadLoop)  -1.7611986128643223E-016
 FINITE PART (MadLoop)   3.6163355343223428E-016
   325.00000000000000        0.0000000000000000        0.0000000000000000        325.00000000000000        0.0000000000000000     
   325.00000000000000        0.0000000000000000        0.0000000000000000       -325.00000000000000        0.0000000000000000     
   313.68066053979896       -171.88183247979651        41.022682838370358        246.37799414404634        80.419002445756163     
   27.479880477148665       -9.3765152310319095       -14.960186814157421       -21.057483317009133        0.0000000000000000     
   62.617821317085770        40.520395662048806        4.0483428664917636       -47.567846303199666        0.0000000000000000     
   246.22163766596654        140.73795204877953       -30.110838890704837       -177.75266452383775        91.188000000000002     

 PASSED   1.0000000000000001E-005
 MU_R    =    325.00000000000000     
 ALPHA_S =   0.11799999999999999     
 BORN                    3.0681559877309596E-015
 SINGLE POLE (MadFKS)   -1.7471504712395677E-017
 DOUBLE POLE (MadFKS)   -1.5365556963113786E-016
 SINGLE POLE (MadLoop)  -1.7471504712395653E-017
 DOUBLE POLE (MadLoop)  -1.5365556963113776E-016
 FINITE PART (MadLoop)   3.1550677614940393E-016
   325.00000000000000        0.0000000000000000        0.0000000000000000        325.00000000000000        0.0000000000000000     
   325.00000000000000        0.0000000000000000        0.0000000000000000       -325.00000000000000        0.0000000000000000     
   124.95093019351211       -82.818100474856109        10.774950830706706       -46.589501716437091        80.419002445756163     
   228.61129949526310        192.03766941179569        93.823308373813049       -81.128580596428193        0.0000000000000000     
   101.83662912388608       -3.6348377976381361       -101.46347326744731       -7.9152118106081097        0.0000000000000000     
   194.60114118733870       -105.58473113930147       -3.1347859370723374        135.63329412347352        91.188000000000002     

 PASSED   1.0000000000000001E-005
 MU_R    =    325.00000000000000     
 ALPHA_S =   0.11799999999999999     
 BORN                    1.3771745373534890E-014
 SINGLE POLE (MadFKS)   -7.8422712259024643E-017
 DOUBLE POLE (MadFKS)   -6.8969941184458710E-016
 SINGLE POLE (MadLoop)  -7.8422712259023681E-017
 DOUBLE POLE (MadLoop)  -6.8969941184458690E-016
 FINITE PART (MadLoop)   1.4161858139317902E-015
   325.00000000000000        0.0000000000000000        0.0000000000000000        325.00000000000000        0.0000000000000000     
   325.00000000000000        0.0000000000000000        0.0000000000000000       -325.00000000000000        0.0000000000000000     
   147.58380227352112       -89.298798373115090        22.461950799282295       -82.673745013441831        80.419002445756163     
   209.92555022002051        93.062811837397845        184.64711749946360        36.242125865279043        0.0000000000000000     
   58.468142016695047       -55.554887316033870       -7.6077205488076567       -16.562026272121681        0.0000000000000000     
   234.02250548976335        51.790873851751144       -199.50134774993822        62.993645420284466        91.188000000000002     

 PASSED   1.0000000000000001E-005
 MU_R    =    325.00000000000000     
 ALPHA_S =   0.11799999999999999     
 BORN                    2.8983327016849591E-013
 SINGLE POLE (MadFKS)   -1.6504452074168630E-015
 DOUBLE POLE (MadFKS)   -1.4515069117698608E-014
 SINGLE POLE (MadLoop)  -1.6504452074168599E-015
 DOUBLE POLE (MadLoop)  -1.4515069117698592E-014
 FINITE PART (MadLoop)   2.9804338846320711E-014
   325.00000000000000        0.0000000000000000        0.0000000000000000        325.00000000000000        0.0000000000000000     
   325.00000000000000        0.0000000000000000        0.0000000000000000       -325.00000000000000        0.0000000000000000     
   275.17424349017142        206.15524712275854       -118.05845184016070       -113.20717450266295        80.419002445756163     
   4.7743750753723218       -3.7926218190191805       -1.8723454596005760        2.2147233637972090        0.0000000000000000     
   235.26638331544697       -146.42339244851618        176.70194188577824        51.835171418581147        0.0000000000000000     
   134.78499811900932       -55.939232855223203       -56.771144586017066        59.157279720284620        91.188000000000002     

 PASSED   1.0000000000000001E-005
 MU_R    =    325.00000000000000     
 ALPHA_S =   0.11799999999999999     
 BORN                    1.8922199901059713E-012
 SINGLE POLE (MadFKS)   -1.0775179165018658E-014
 DOUBLE POLE (MadFKS)   -9.4763806537157833E-014
 SINGLE POLE (MadLoop)  -1.0775179165018090E-014
 DOUBLE POLE (MadLoop)  -9.4763806537155107E-014
 FINITE PART (MadLoop)   1.9458209792171953E-013
   325.00000000000000        0.0000000000000000        0.0000000000000000        325.00000000000000        0.0000000000000000     
   325.00000000000000        0.0000000000000000        0.0000000000000000       -325.00000000000000        0.0000000000000000     
   123.42862435087824       0.30030919795521122        25.498662936500093        90.095157237312449        80.419002445756163     
   155.84376267820147        131.27880227010834       -36.119109840576805       -75.819287417844549        0.0000000000000000     
   130.96646045090296        68.008894041275667        16.360329674244152       -110.72192062672373        0.0000000000000000     
   239.76115252001745       -199.58800550933921       -5.7398827701674460        96.446050807255773        91.188000000000002     

 PASSED   1.0000000000000001E-005
 MU_R    =    325.00000000000000     
 ALPHA_S =   0.11799999999999999     
 BORN                    1.6201220755543039E-011
 SINGLE POLE (MadFKS)   -9.2257273068560313E-014
 DOUBLE POLE (MadFKS)   -8.1136937426503180E-013
 SINGLE POLE (MadLoop)  -9.2257273068551882E-014
 DOUBLE POLE (MadLoop)  -8.1136937426497354E-013
 FINITE PART (MadLoop)   1.6660153364777541E-012
   325.00000000000000        0.0000000000000000        0.0000000000000000        325.00000000000000        0.0000000000000000     
   325.00000000000000        0.0000000000000000        0.0000000000000000       -325.00000000000000        0.0000000000000000     
   234.18025133221059        66.780336959538189       -187.59121422435362       -93.397521921355064        80.419002445756163     
   253.95063027780128       -171.43258325056595        157.17418480827143        101.97091569847589        0.0000000000000000     
   28.453481050629424        12.966327218064013        14.992052969102243        20.413556528548693        0.0000000000000000     
   133.41563733935871        91.685919072963685        15.424976446979940       -28.986950305669573        91.188000000000002     

 PASSED   1.0000000000000001E-005
 MU_R    =    325.00000000000000     
 ALPHA_S =   0.11799999999999999     
 BORN                    4.8608016584473306E-012
 SINGLE POLE (MadFKS)   -2.7679661471315749E-014
 DOUBLE POLE (MadFKS)   -2.4343261903220985E-013
 SINGLE POLE (MadLoop)  -2.7679661471315657E-014
 DOUBLE POLE (MadLoop)  -2.4343261903221313E-013
 FINITE PART (MadLoop)   4.9984937757111703E-013
   325.00000000000000        0.0000000000000000        0.0000000000000000        325.00000000000000        0.0000000000000000     
   325.00000000000000        0.0000000000000000        0.0000000000000000       -325.00000000000000        0.0000000000000000     
   222.51225019836656        105.79646271140388        5.3835501028646258        178.38893295273235        80.419002445756163     
   70.082439012709784        4.8496190558708969       -54.594604046862550        43.674462354440294        0.0000000000000000     
   92.540527148255109       -38.893183880433206       -80.861700878557954       -22.637463275428274        0.0000000000000000     
   264.86478364066858       -71.752897886841538        130.07275482255585       -199.42593203174440        91.188000000000002     

 PASSED   1.0000000000000001E-005
 MU_R    =    325.00000000000000     
 ALPHA_S =   0.11799999999999999     
 BORN                    9.1143125304779120E-016
 SINGLE POLE (MadFKS)   -5.1901127244921412E-018
 DOUBLE POLE (MadFKS)   -4.5645165671726766E-017
 SINGLE POLE (MadLoop)  -5.1901127244921096E-018
 DOUBLE POLE (MadLoop)  -4.5645165671726784E-017
 FINITE PART (MadLoop)   9.3724940153250179E-017
   325.00000000000000        0.0000000000000000        0.0000000000000000        325.00000000000000        0.0000000000000000     
   325.00000000000000        0.0000000000000000        0.0000000000000000       -325.00000000000000        0.0000000000000000     
   86.450093069382078        20.269326941803232        6.1180346180206389       -23.624704761610872        80.419002445756163     
   258.64645219776389       -240.04689796042894        18.900773623737930       -94.436405959194531        0.0000000000000000     
   106.77245264413375        85.639411989176239       -62.854765886799278        10.748309779103735        0.0000000000000000     
   198.13100208872018        134.13815902944938        37.835957645040693        107.31280094170168        91.188000000000002     

 PASSED   1.0000000000000001E-005
 MU_R    =    325.00000000000000     
 ALPHA_S =   0.11799999999999999     
 BORN                    5.4250062748286909E-014
 SINGLE POLE (MadFKS)   -3.0892504512308866E-016
 DOUBLE POLE (MadFKS)   -2.7168841243556581E-015
 SINGLE POLE (MadLoop)  -3.0892504512308378E-016
 DOUBLE POLE (MadLoop)  -2.7168841243556566E-015
 FINITE PART (MadLoop)   5.5786806381618003E-015
   325.00000000000000        0.0000000000000000        0.0000000000000000        325.00000000000000        0.0000000000000000     
   325.00000000000000        0.0000000000000000        0.0000000000000000       -325.00000000000000        0.0000000000000000     
   177.25892222847520       -135.52796089790499        59.550234923149262        55.131215211382319        80.419002445756163     
   214.17115075944807        202.66146430169911        11.268784116140861       -68.341987162074787        0.0000000000000000     
   71.321030770053000        14.335762177682868        69.441233888660449       -7.6870273128250037        0.0000000000000000     
   187.24889624202373       -81.469265581476961       -140.26025292795052        20.897799263517481        91.188000000000002     

 PASSED   1.0000000000000001E-005
 MU_R    =    325.00000000000000     
 ALPHA_S =   0.11799999999999999     
 BORN                    4.2123069444534493E-015
 SINGLE POLE (MadFKS)   -2.3986831479354578E-017
 DOUBLE POLE (MadFKS)   -2.1095551386546651E-016
 SINGLE POLE (MadLoop)  -2.3986831479362568E-017
 DOUBLE POLE (MadLoop)  -2.1095551386553731E-016
 FINITE PART (MadLoop)   4.3316291267823207E-016
   325.00000000000000        0.0000000000000000        0.0000000000000000        325.00000000000000        0.0000000000000000     
   325.00000000000000        0.0000000000000000        0.0000000000000000       -325.00000000000000        0.0000000000000000     
   169.83613783634942        76.714866483776731       -78.182599171084036       -101.87938068140605        80.419002445756163     
   200.18257704726616       -58.265838638728425        180.22240874837868        64.792280295901151        0.0000000000000000     
   141.70794443034808       -113.90127988936347       -84.306809162288374       -4.3394849902232510E-002   0.0000000000000000     
   138.27334068603633        95.452252044315145       -17.733000415006252        37.130495235407153        91.188000000000002     

 PASSED   1.0000000000000001E-005
 MU_R    =    325.00000000000000     
 ALPHA_S =   0.11799999999999999     
 BORN                    5.9022478859211683E-015
 SINGLE POLE (MadFKS)   -3.3610139825016395E-017
 DOUBLE POLE (MadFKS)   -2.9558903283991756E-016
 SINGLE POLE (MadLoop)  -3.3610139825016592E-017
 DOUBLE POLE (MadLoop)  -2.9558903283991830E-016
 FINITE PART (MadLoop)   6.0694410908971053E-016
   325.00000000000000        0.0000000000000000        0.0000000000000000        325.00000000000000        0.0000000000000000     
   325.00000000000000        0.0000000000000000        0.0000000000000000       -325.00000000000000        0.0000000000000000     
   164.84434553286323        14.703286672964436       -134.70892563140129       -48.412405600565791        80.419002445756163     
   140.87509987663066        62.292346478376125        73.537266360271630        102.75080433615628        0.0000000000000000     
   138.36927042883704       -90.054239536070952       -97.477669493788341        39.171327404727407        0.0000000000000000     
   205.91128416166902        13.058606384730401        158.64932876491801       -93.509726140317909        91.188000000000002     

 PASSED   1.0000000000000001E-005
 MU_R    =    325.00000000000000     
 ALPHA_S =   0.11799999999999999     
 BORN                    5.0709401555235207E-015
 SINGLE POLE (MadFKS)   -2.8876287639151911E-017
 DOUBLE POLE (MadFKS)   -2.5395651370992224E-016
 SINGLE POLE (MadLoop)  -2.8876287639151911E-017
 DOUBLE POLE (MadLoop)  -2.5395651370992239E-016
 FINITE PART (MadLoop)   5.2145848741510552E-016
   325.00000000000000        0.0000000000000000        0.0000000000000000        325.00000000000000        0.0000000000000000     
   325.00000000000000        0.0000000000000000        0.0000000000000000       -325.00000000000000        0.0000000000000000     
   176.15089852235968        2.3327765038758503       -156.69866400642985        1.4177264358979422        80.419002445756163     
   137.12652761195190        85.970754317029105        96.585241951992046        45.650903760468736        0.0000000000000000     
   177.99438535948238       -50.698789942347460        30.552461483890269       -167.86357858438808        0.0000000000000000     
   158.72818850620604       -37.604740878557486        29.560960570547500        120.79494838802140        91.188000000000002     

 PASSED   1.0000000000000001E-005
 MU_R    =    325.00000000000000     
 ALPHA_S =   0.11799999999999999     
 BORN                    1.3405951838700223E-012
 SINGLE POLE (MadFKS)   -7.6339714036905605E-015
 DOUBLE POLE (MadFKS)   -6.7138019529002880E-014
 SINGLE POLE (MadLoop)  -7.6339714036905116E-015
 DOUBLE POLE (MadLoop)  -6.7138019529003397E-014
 FINITE PART (MadLoop)   1.3785702756822834E-013
   325.00000000000000        0.0000000000000000        0.0000000000000000        325.00000000000000        0.0000000000000000     
   325.00000000000000        0.0000000000000000        0.0000000000000000       -325.00000000000000        0.0000000000000000     
   246.97005467800386        92.056540747839776        61.205570174628789       -205.68535056835142        80.419002445756163     
   138.98663786953261        14.751266867390878       -114.55811090524784        77.305399927201336        0.0000000000000000     
   44.452793265441642        26.564168589856187        30.429311767618099       -18.559438611630700        0.0000000000000000     
   219.59051418702194       -133.37197620508692        22.923228963000902        146.93938925278081        91.188000000000002     

 NUMBER OF POINTS PASSING THE CHECK          20
 NUMBER OF POINTS FAILING THE CHECK           0
 TOLERANCE    1.0000000000000001E-005
