 Process in group number            1
 A PDF is used, so alpha_s(MZ) is going to be modified
 Old value of alpha_s from param_card:   0.11839999999999999     
  ****************************************
 
       NNPDFDriver version 1.0.3
   Grid: NNPDF23_lo_as_0130_qed_mem0.grid
  ****************************************
 New value of alpha_s from PDF nn23lo1:  0.13000000000000000     
 Define smin to   167.80611599999997     
 Define smin to   167.80611599999997     
 Warning: pt or E min of a jet should in general be >0
 Warning: pt or E min of a jet should in general be >0
 Warning: pt or E min of a jet should in general be >0
 Warning: pt or E min of a jet should in general be >0
 *****************************************************
 *               MadGraph/MadEvent                   *
 *        --------------------------------           *
 *          http://madgraph.hep.uiuc.edu             *
 *          http://madgraph.phys.ucl.ac.be           *
 *          http://madgraph.roma2.infn.it            *
 *        --------------------------------           *
 *                                                   *
 *          PARAMETER AND COUPLING VALUES            *
 *                                                   *
 *****************************************************

  External Params
  ---------------------------------
  
 mdl_cabi =   0.22773599999999999     
 aEWM1 =    127.90000000000001     
 mdl_Gf =    1.1663700000000000E-005
 aS =   0.11839999999999999     
 mdl_ymb =    4.7000000000000002     
 mdl_ymt =    172.00000000000000     
 mdl_ymtau =    1.7769999999999999     
 mdl_Lambda =    5000.0000000000000     
 mdl_ca =    1.0000000000000000     
 mdl_kSM =    5.0000000000000003E-002
 mdl_kHtt =    0.0000000000000000     
 mdl_kAtt =    0.0000000000000000     
 mdl_kHbb =    0.0000000000000000     
 mdl_kAbb =    0.0000000000000000     
 mdl_kHll =    0.0000000000000000     
 mdl_kAll =    0.0000000000000000     
 mdl_kHaa =    0.0000000000000000     
 mdl_kAaa =    0.0000000000000000     
 mdl_kHza =    0.0000000000000000     
 mdl_kAza =    0.0000000000000000     
 mdl_kHgg =    0.0000000000000000     
 mdl_kAgg =    0.0000000000000000     
 mdl_kHzz =  -0.52481000000000000     
 mdl_kAzz =    0.0000000000000000     
 mdl_kHww =  -0.52481000000000000     
 mdl_kAww =    0.0000000000000000     
 mdl_kHda =    0.0000000000000000     
 mdl_kHdz =  -0.26240500000000000     
 mdl_kHdwR =  -0.26240500000000000     
 mdl_kHdwI =    0.0000000000000000     
 mdl_kHHgg =    1.0000000000000000     
 mdl_kAAgg =    1.0000000000000000     
 mdl_kqa =    1.0000000000000000     
 mdl_kqb =    1.0000000000000000     
 mdl_kla =    1.0000000000000000     
 mdl_klb =    1.0000000000000000     
 mdl_kw1 =    1.0000000000000000     
 mdl_kw2 =    1.0000000000000000     
 mdl_kw3 =    0.0000000000000000     
 mdl_kw4 =    0.0000000000000000     
 mdl_kw5 =    0.0000000000000000     
 mdl_kz1 =    0.0000000000000000     
 mdl_kz3 =    1.0000000000000000     
 mdl_kz5 =    0.0000000000000000     
 mdl_kq =    1.0000000000000000     
 mdl_kq3 =    1.0000000000000000     
 mdl_kl =    1.0000000000000000     
 mdl_kg =    1.0000000000000000     
 mdl_ka =    1.0000000000000000     
 mdl_kz =    1.0000000000000000     
 mdl_kw =    1.0000000000000000     
 mdl_kza =    0.0000000000000000     
 mdl_MZ =    91.187600000000003     
 mdl_MTA =    1.7769999999999999     
 mdl_MT =    172.00000000000000     
 mdl_MB =    4.7000000000000002     
 mdl_MX0 =    600.00000000000000     
 mdl_MX1 =    125.00000000000000     
 mdl_MX2 =    125.00000000000000     
 mdl_WZ =    2.4952000000000001     
 mdl_WW =    2.0850000000000000     
 mdl_WT =    1.5083359999999999     
 mdl_WX0 =   0.15059000000000000     
 mdl_WX1 =    4.0699999999999998E-003
 mdl_WX2 =    4.0699999999999998E-003
  Internal Params
  ---------------------------------
  
 mdl_cos__cabi =   0.97418004031982097     
 mdl_CKM1x1 =  ( 0.97418004031982097     ,  0.0000000000000000     )
 mdl_sin__cabi =   0.22577256042856930     
 mdl_CKM1x2 =  ( 0.22577256042856930     ,  0.0000000000000000     )
 mdl_CKM2x1 =  (-0.22577256042856930     ,  0.0000000000000000     )
 mdl_CKM2x2 =  ( 0.97418004031982097     ,  0.0000000000000000     )
 mdl_ca__exp__2 =    1.0000000000000000     
 mdl_sa =    0.0000000000000000     
 mdl_complexi =  (  0.0000000000000000     ,  1.0000000000000000     )
 mdl_kHdw =  (-0.26240500000000000     ,  0.0000000000000000     )
 mdl_MZ__exp__2 =    8315.1783937600012     
 mdl_MZ__exp__4 =    69142191.720053151     
 mdl_sqrt__2 =    1.4142135623730951     
 mdl_nb__2__exp__0_75 =    1.6817928305074290     
 mdl_MX0__exp__2 =    360000.00000000000     
 mdl_ca__exp__4 =    1.0000000000000000     
 mdl_ca__exp__3 =    1.0000000000000000     
 mdl_conjg__CKM1x1 =  ( 0.97418004031982097     , -0.0000000000000000     )
 mdl_conjg__CKM1x2 =  ( 0.22577256042856930     , -0.0000000000000000     )
 mdl_conjg__CKM2x1 =  (-0.22577256042856930     , -0.0000000000000000     )
 mdl_conjg__CKM2x2 =  ( 0.97418004031982097     , -0.0000000000000000     )
 mdl_conjg__kHdw =  (-0.26240500000000000     , -0.0000000000000000     )
 mdl_aEW =    7.8186082877247844E-003
 mdl_MW =    79.824359746197842     
 mdl_sqrt__aEW =    8.8422894590285753E-002
 mdl_ee =   0.31345100004952897     
 mdl_MW__exp__2 =    6371.9284088904105     
 mdl_sw2 =   0.23369913342182447     
 mdl_cw =   0.87538612427783857     
 mdl_sqrt__sw2 =   0.48342438232036300     
 mdl_sw =   0.48342438232036300     
 mdl_ad =  -0.12747442148678401     
 mdl_al =   -1.2074027013887732E-002
 mdl_an =   0.18517461872323218     
 mdl_au =    6.9774224250335873E-002
 mdl_bd =  -0.18517461872323218     
 mdl_bl =  -0.18517461872323218     
 mdl_bn =   0.18517461872323218     
 mdl_bu =   0.18517461872323218     
 mdl_gwwz =  -0.56759788318358417     
 mdl_g1 =   0.35807170271074895     
 mdl_gw =   0.64839716719502682     
 mdl_vev =    246.22056907348590     
 mdl_ee__exp__2 =    9.8251529432049817E-002
 mdl_gAaa =    1.3477023594718659E-005
 mdl_vev__exp__2 =    60624.568634871241     
 mdl_cw__exp__2 =   0.76630086657817542     
 mdl_gAza =    4.4999802188047602E-006
 mdl_gHaa =    2.6392504539657372E-005
 mdl_gHza =    3.9166441035016922E-005
 mdl_lam =    2.9690932909411916     
 mdl_yb =    2.6995322804122722E-002
 mdl_yt =   0.98791394091683138     
 mdl_ytau =    1.0206529494239589E-002
 mdl_muH =    424.26406871192853     
 mdl_sw__exp__2 =   0.23369913342182450     
  Internal Params evaluated point by point
  ----------------------------------------
  
 mdl_sqrt__aS =   0.34409301068170506     
 mdl_G__exp__2 =    1.4878582807401259     
 mdl_gAAgg =    3.1083017473614446E-007
 mdl_gAgg =    7.6532782508744533E-005
 mdl_gHgg =   -5.1021855005829691E-005
 mdl_gHHgg =    2.0722011649076294E-007
  Couplings of HC_UFO
  ---------------------------------
  
        GC_10 =  -0.00000E+00   0.00000E+00
        GC_13 =  -0.00000E+00  -0.20722E-06
        GC_62 =   0.00000E+00   0.00000E+00
        GC_64 =   0.00000E+00   0.00000E+00
         GC_1 =  -0.00000E+00  -0.10448E+00
         GC_2 =   0.00000E+00   0.20897E+00
         GC_3 =  -0.00000E+00  -0.31345E+00
         GC_9 =  -0.00000E+00  -0.00000E+00
        GC_16 =  -0.00000E+00  -0.00000E+00
        GC_17 =   0.00000E+00  -0.12074E-01
        GC_19 =  -0.00000E+00   0.18517E+00
        GC_21 =   0.00000E+00  -0.12747E+00
        GC_22 =   0.00000E+00   0.69774E-01
        GC_23 =  -0.00000E+00   0.18517E+00
        GC_24 =  -0.00000E+00  -0.18517E+00
        GC_61 =   0.00000E+00   0.00000E+00
        GC_66 =   0.00000E+00   0.00000E+00
        GC_77 =  -0.00000E+00  -0.28380E+00
        GC_78 =   0.00000E+00   0.28380E+00
        GC_89 =  -0.00000E+00  -0.28850E-01
        GC_90 =   0.00000E+00   0.86550E-01
        GC_98 =  -0.00000E+00  -0.21932E+03
       GC_100 =   0.00000E+00   0.33771E+01
       GC_101 =  -0.00000E+00  -0.00000E+00
       GC_102 =   0.00000E+00   0.00000E+00
       GC_105 =  -0.00000E+00  -0.00000E+00
       GC_106 =   0.00000E+00   0.00000E+00
        GC_35 =  -0.00000E+00  -0.20000E-03
        GC_38 =  -0.00000E+00  -0.00000E+00
        GC_40 =   0.00000E+00   0.52481E-04
        GC_42 =   0.00000E+00   0.10496E-03
        GC_43 =   0.00000E+00   0.50000E-04
        GC_45 =   0.00000E+00   0.50000E-04
        GC_49 =   0.00000E+00   0.50000E-04
        GC_56 =  -0.00000E+00  -0.94000E-03
        GC_58 =  -0.00000E+00  -0.35540E-03
        GC_68 =   0.00000E+00   0.00000E+00

 Collider parameters:
 --------------------

 Running at P P   machine @    13000.000000000000       GeV
 PDF set = nn23lo1
 alpha_s(Mz)= 0.1300 running at 2 loops.
 alpha_s(Mz)= 0.1300 running at 2 loops.
 Renormalization scale set on event-by-event basis
 Factorization   scale set on event-by-event basis


 getting user params
Enter number of events and max and min iterations: 
 Number of events and iterations         1000           5           3
Enter desired fractional accuracy: 
 Desired fractional accuracy:   0.10000000000000001     
Enter 0 for fixed, 2 for adjustable grid: 
Suppress amplitude (0 no, 1 yes)? 
 Using suppressed amplitude.
Exact helicity sum (0 yes, n = number/event)? 
 Explicitly summing over helicities
Enter Configuration Number: 
Running Configuration Number:    7
 Not subdividing B.W.
 Attempting mappinvarients           1           8
 Completed mapping           8
 about to integrate           16        1000           5           3          16           1
 Using non-zero grid deformation.
 16 dimensions   1000 events 16 invarients  5 iterations  1 config(s),  (0.99)
 Using h-tuple random number sequence.
 Error opening grid
 Using Uniform Grid!          32
 Using uniform alpha   1.0000000000000000     
 Grid defined OK
 Set CM energy to      13000.00
 Mapping Graph           7  to config           7
 Setting BW          -1           1   125.00000000000000     
Setting grid   2    0.18685E-07   1
 Setting BW          -3           3   600.00000000000000     
 Setting BW          -4           4   91.187600000000003     
Setting grid   5    0.25116E-02   1
 Transforming s_hat 1/s           15   2.5115575576956360E-003   167.80611599999997        168999999.99999997     
   7   1   2   3   4   5   6   7   8   9  10  11  12  13  14
  15  16
 Masses: 0.470E+01 0.470E+01 0.470E+01 0.470E+01 0.178E+01 0.178E+01 0.000E+00 0.000E+00
Using random seed offsets     7 :     19
  with seed                   24
 Ranmar initialization seeds       31065        9416
 
 ********************************************
 * You are using the DiscreteSampler module *
 *      part of the MG5_aMC framework       *
 *         Author: Valentin Hirschi         *
 ********************************************
 
  Particle       3       4       5       6       7       8
      Et >     0.0     0.0     0.0     0.0     0.0     0.0
       E >     0.0     0.0     0.0     0.0     0.0     0.0
     Eta <    -1.0    -1.0    -1.0    -1.0    -1.0    -1.0
   xqcut:      0.0     0.0     0.0     0.0     0.0     0.0
d R # 3  >    -0.0     0.0     0.0     0.0     0.0     0.0
d R # 4  >    -0.0    -0.0     0.0     0.0     0.0     0.0
d R # 5  >    -0.0    -0.0    -0.0     0.0     0.0     0.0
d R # 6  >    -0.0    -0.0    -0.0    -0.0     0.0     0.0
d R # 7  >    -0.0    -0.0    -0.0    -0.0    -0.0     0.0
s min # 3>     0.0    88.4    42.0    42.0    22.1     0.0
s min # 4>     0.0     0.0    42.0    42.0    22.1     0.0
s min # 5>     0.0     0.0     0.0    12.6     3.2     0.0
s min # 6>     0.0     0.0     0.0     0.0     3.2     0.0
s min # 7>     0.0     0.0     0.0     0.0     0.0     0.0
xqcutij # 3>     0.0     0.0     0.0     0.0     0.0     0.0
xqcutij # 4>     0.0     0.0     0.0     0.0     0.0     0.0
xqcutij # 5>     0.0     0.0     0.0     0.0     0.0     0.0
xqcutij # 6>     0.0     0.0     0.0     0.0     0.0     0.0
xqcutij # 7>     0.0     0.0     0.0     0.0     0.0     0.0
 No cut BW           -1           1
 No cut BW           -3           2
 No cut BW           -4           3
 alpha_s for scale    297.59529826798689       is   0.10864488907216735     
 Added good helicity            1   23.839397837081325       in event            1 local:           1
 Added good helicity            4  0.58719764558424947       in event            1 local:           1
 Added good helicity            5   3.9158392242635863E-002  in event            1 local:           1
 Added good helicity            8   5.1133128264610793E-003  in event            1 local:           1
 Added good helicity            9   2.2960595382372214E-002  in event            1 local:           1
 Added good helicity           12   8.1901232345575736E-003  in event            1 local:           1
 Added good helicity           13   2.2063971049207951       in event            1 local:           1
 Added good helicity           16   3.7619397935823136       in event            1 local:           1
 Added good helicity           17   4.5891362056517011E-002  in event            1 local:           1
 Added good helicity           20   1.1303683061291744E-003  in event            1 local:           1
 Added good helicity           21   7.5380761218837882E-005  in event            1 local:           1
 Added good helicity           24   9.8432389874528358E-006  in event            1 local:           1
 Added good helicity           25   4.4199648117229401E-005  in event            1 local:           1
 Added good helicity           28   1.5766166293845869E-005  in event            1 local:           1
 Added good helicity           29   4.2473626672261530E-003  in event            1 local:           1
 Added good helicity           32   7.2418163529939803E-003  in event            1 local:           1
 Added good helicity           33   4.8153698648815579E-002  in event            1 local:           1
 Added good helicity           36   1.1860928143401376E-003  in event            1 local:           1
 Added good helicity           37   7.9096856074568686E-005  in event            1 local:           1
 Added good helicity           40   1.0328487599612788E-005  in event            1 local:           1
 Added good helicity           41   4.6378587177246538E-005  in event            1 local:           1
 Added good helicity           44   1.6543401340452351E-005  in event            1 local:           1
 Added good helicity           45   4.4567476920374669E-003  in event            1 local:           1
 Added good helicity           48   7.5988209263145009E-003  in event            1 local:           1
 Added good helicity           49  0.16281533908234450       in event            1 local:           1
 Added good helicity           52   4.0103690717155655E-003  in event            1 local:           1
 Added good helicity           53   2.6743909198021805E-004  in event            1 local:           1
 Added good helicity           56   3.4922264705000149E-005  in event            1 local:           1
 Added good helicity           57   1.5681340394003556E-004  in event            1 local:           1
 Added good helicity           60   5.5935879784954231E-005  in event            1 local:           1
 Added good helicity           61   1.5068975116024315E-002  in event            1 local:           1
 Added good helicity           64   2.5692826105982638E-002  in event            1 local:           1
 Added good helicity           65  0.96153403504843304       in event            1 local:           1
 Added good helicity           68   2.3683925466075815E-002  in event            1 local:           1
 Added good helicity           69   1.5794076325411363E-003  in event            1 local:           1
 Added good helicity           72   2.0623945068127495E-004  in event            1 local:           1
 Added good helicity           73   9.2608857304215023E-004  in event            1 local:           1
 Added good helicity           76   3.3033897479653007E-004  in event            1 local:           1
 Added good helicity           77   8.8992428655799136E-002  in event            1 local:           1
 Added good helicity           80  0.15173341097173162       in event            1 local:           1
 Added good helicity           81   1.8735164406222908E-003  in event            1 local:           1
 Added good helicity           84   4.6147325130234134E-005  in event            1 local:           1
 Added good helicity           85   3.0774221797162897E-006  in event            1 local:           1
 Added good helicity           88   4.0185057155758000E-007  in event            1 local:           1
 Added good helicity           89   1.8044521606346574E-006  in event            1 local:           1
 Added good helicity           92   6.4365428336443396E-007  in event            1 local:           1
 Added good helicity           93   1.7339872755429574E-004  in event            1 local:           1
 Added good helicity           96   2.9564740267661830E-004  in event            1 local:           1
 Added good helicity           97   2.6112777363660649E-003  in event            1 local:           1
 Added good helicity          100   6.4319415668111915E-005  in event            1 local:           1
 Added good helicity          101   4.2892626128346697E-006  in event            1 local:           1
 Added good helicity          104   5.6009300377729564E-007  in event            1 local:           1
 Added good helicity          105   2.5150170296012196E-006  in event            1 local:           1
 Added good helicity          108   8.9711521266818202E-007  in event            1 local:           1
 Added good helicity          109   2.4168041814799469E-004  in event            1 local:           1
 Added good helicity          112   4.1206869802940205E-004  in event            1 local:           1
 Added good helicity          113   3.1241272785837947E-002  in event            1 local:           1
 Added good helicity          116   7.6951615767595685E-004  in event            1 local:           1
 Added good helicity          117   5.1316649114523242E-005  in event            1 local:           1
 Added good helicity          120   6.7009411035674225E-006  in event            1 local:           1
 Added good helicity          121   3.0089611682648237E-005  in event            1 local:           1
 Added good helicity          124   1.0733067834559395E-005  in event            1 local:           1
 Added good helicity          125   2.8914595200678485E-003  in event            1 local:           1
 Added good helicity          128   4.9299813736231896E-003  in event            1 local:           1
 Added good helicity          129  0.92285486596970689       in event            1 local:           1
 Added good helicity          132   2.2731203540320846E-002  in event            1 local:           1
 Added good helicity          133   1.5158735582010521E-003  in event            1 local:           1
 Added good helicity          136   1.9794315508191781E-004  in event            1 local:           1
 Added good helicity          137   8.8883525158611992E-004  in event            1 local:           1
 Added good helicity          140   3.1705058708095176E-004  in event            1 local:           1
 Added good helicity          141   8.5412572853263022E-002  in event            1 local:           1
 Added good helicity          144  0.14562970372483017       in event            1 local:           1
 Added good helicity          145   1.5430591141227369E-003  in event            1 local:           1
 Added good helicity          148   3.8007699900909978E-005  in event            1 local:           1
 Added good helicity          149   2.5346157842294768E-006  in event            1 local:           1
 Added good helicity          152   3.3097077426841014E-007  in event            1 local:           1
 Added good helicity          153   1.4861766313301962E-006  in event            1 local:           1
 Added good helicity          156   5.3012430889570314E-007  in event            1 local:           1
 Added good helicity          157   1.4281405870186540E-004  in event            1 local:           1
 Added good helicity          160   2.4350008859027860E-004  in event            1 local:           1
 Added good helicity          161   2.8347093377029237E-003  in event            1 local:           1
 Added good helicity          164   6.9822847891976529E-005  in event            1 local:           1
 Added good helicity          165   4.6562694619313304E-006  in event            1 local:           1
 Added good helicity          168   6.0801685155064074E-007  in event            1 local:           1
 Added good helicity          169   2.7302121712314915E-006  in event            1 local:           1
 Added good helicity          172   9.7387605880822156E-007  in event            1 local:           1
 Added good helicity          173   2.6235958302063458E-004  in event            1 local:           1
 Added good helicity          176   4.4732698089196325E-004  in event            1 local:           1
 Added good helicity          177   2.9961073371091107E-002  in event            1 local:           1
 Added good helicity          180   7.3798305909037159E-004  in event            1 local:           1
 Added good helicity          181   4.9213804438074548E-005  in event            1 local:           1
 Added good helicity          184   6.4263511104564905E-006  in event            1 local:           1
 Added good helicity          185   2.8856604835259218E-005  in event            1 local:           1
 Added good helicity          188   1.0293250057145733E-005  in event            1 local:           1
 Added good helicity          189   2.7729737973276082E-003  in event            1 local:           1
 Added good helicity          192   4.7279614587339945E-003  in event            1 local:           1
 Added good helicity          193   150.13044473417770       in event            1 local:           1
 Added good helicity          196   3.6979224173733769       in event            1 local:           1
 Added good helicity          197  0.24660299235066777       in event            1 local:           1
 Added good helicity          200   3.2201481511731113E-002  in event            1 local:           1
 Added good helicity          201  0.14459611856282834       in event            1 local:           1
 Added good helicity          204   5.1577932128775136E-002  in event            1 local:           1
 Added good helicity          205   13.894955773871006       in event            1 local:           1
 Added good helicity          208   23.691105712209545       in event            1 local:           1
 Added good helicity          209  0.35715679510688880       in event            1 local:           1
 Added good helicity          212   8.7972704102855653E-003  in event            1 local:           1
 Added good helicity          213   5.8666271566490836E-004  in event            1 local:           1
 Added good helicity          216   7.6606566741258556E-005  in event            1 local:           1
 Added good helicity          217   3.4399076338071153E-004  in event            1 local:           1
 Added good helicity          220   1.2270268678662126E-004  in event            1 local:           1
 Added good helicity          221   3.3055772805673685E-002  in event            1 local:           1
 Added good helicity          224   5.6360582982973001E-002  in event            1 local:           1
 Added good helicity          225  0.77927426550763090       in event            1 local:           1
 Added good helicity          228   1.9194612930143493E-002  in event            1 local:           1
 Added good helicity          229   1.2800292843754037E-003  in event            1 local:           1
 Added good helicity          232   1.6714654977371900E-004  in event            1 local:           1
 Added good helicity          233   7.5054752743732088E-004  in event            1 local:           1
 Added good helicity          236   2.6772288090680342E-004  in event            1 local:           1
 Added good helicity          237   7.2123821881141165E-002  in event            1 local:           1
 Added good helicity          240  0.12297218619204432       in event            1 local:           1
 Added good helicity          241   22.971705977997537       in event            1 local:           1
 Added good helicity          244  0.56582518390427761       in event            1 local:           1
 Added good helicity          245   3.7733128970637644E-002  in event            1 local:           1
 Added good helicity          248   4.9272015856155664E-003  in event            1 local:           1
 Added good helicity          249   2.2124889638915377E-002  in event            1 local:           1
 Added good helicity          252   7.8920241255077284E-003  in event            1 local:           1
 Added good helicity          253   2.1260900091237729       in event            1 local:           1
 Added good helicity          256   3.6250150039730138       in event            1 local:           1
 Added good helicity            1   23.839397837081290       in event            1 local:           1
 Added good helicity            4  0.58719764558425358       in event            1 local:           1
 Added good helicity            5   3.9158392242636030E-002  in event            1 local:           1
 Added good helicity            8   5.1133128264611140E-003  in event            1 local:           1
 Added good helicity            9   2.2960595382372318E-002  in event            1 local:           1
 Added good helicity           12   8.1901232345575926E-003  in event            1 local:           1
 Added good helicity           13   2.2063971049208120       in event            1 local:           1
 Added good helicity           16   3.7619397935823100       in event            1 local:           1
 Added good helicity           17   4.5891362056516984E-002  in event            1 local:           1
 Added good helicity           20   1.1303683061291842E-003  in event            1 local:           1
 Added good helicity           21   7.5380761218838329E-005  in event            1 local:           1
 Added good helicity           24   9.8432389874529120E-006  in event            1 local:           1
 Added good helicity           25   4.4199648117229686E-005  in event            1 local:           1
 Added good helicity           28   1.5766166293845913E-005  in event            1 local:           1
 Added good helicity           29   4.2473626672261903E-003  in event            1 local:           1
 Added good helicity           32   7.2418163529939751E-003  in event            1 local:           1
 Added good helicity           33   4.8153698648815579E-002  in event            1 local:           1
 Added good helicity           36   1.1860928143401464E-003  in event            1 local:           1
 Added good helicity           37   7.9096856074569079E-005  in event            1 local:           1
 Added good helicity           40   1.0328487599612852E-005  in event            1 local:           1
 Added good helicity           41   4.6378587177246748E-005  in event            1 local:           1
 Added good helicity           44   1.6543401340452399E-005  in event            1 local:           1
 Added good helicity           45   4.4567476920375024E-003  in event            1 local:           1
 Added good helicity           48   7.5988209263145035E-003  in event            1 local:           1
 Added good helicity           49  0.16281533908234416       in event            1 local:           1
 Added good helicity           52   4.0103690717155950E-003  in event            1 local:           1
 Added good helicity           53   2.6743909198021941E-004  in event            1 local:           1
 Added good helicity           56   3.4922264705000380E-005  in event            1 local:           1
 Added good helicity           57   1.5681340394003632E-004  in event            1 local:           1
 Added good helicity           60   5.5935879784954326E-005  in event            1 local:           1
 Added good helicity           61   1.5068975116024426E-002  in event            1 local:           1
 Added good helicity           64   2.5692826105982631E-002  in event            1 local:           1
 Added good helicity           65  0.96153403504843049       in event            1 local:           1
 Added good helicity           68   2.3683925466075971E-002  in event            1 local:           1
 Added good helicity           69   1.5794076325411424E-003  in event            1 local:           1
 Added good helicity           72   2.0623945068127649E-004  in event            1 local:           1
 Added good helicity           73   9.2608857304215446E-004  in event            1 local:           1
 Added good helicity           76   3.3033897479653072E-004  in event            1 local:           1
 Added good helicity           77   8.8992428655799788E-002  in event            1 local:           1
 Added good helicity           80  0.15173341097173132       in event            1 local:           1
 Added good helicity           81   1.8735164406222949E-003  in event            1 local:           1
 Added good helicity           84   4.6147325130234656E-005  in event            1 local:           1
 Added good helicity           85   3.0774221797163159E-006  in event            1 local:           1
 Added good helicity           88   4.0185057155758423E-007  in event            1 local:           1
 Added good helicity           89   1.8044521606346724E-006  in event            1 local:           1
 Added good helicity           92   6.4365428336443820E-007  in event            1 local:           1
 Added good helicity           93   1.7339872755429788E-004  in event            1 local:           1
 Added good helicity           96   2.9564740267661916E-004  in event            1 local:           1
 Added good helicity           97   2.6112777363660588E-003  in event            1 local:           1
 Added good helicity          100   6.4319415668112308E-005  in event            1 local:           1
 Added good helicity          101   4.2892626128346867E-006  in event            1 local:           1
 Added good helicity          104   5.6009300377729924E-007  in event            1 local:           1
 Added good helicity          105   2.5150170296012298E-006  in event            1 local:           1
 Added good helicity          108   8.9711521266818265E-007  in event            1 local:           1
 Added good helicity          109   2.4168041814799635E-004  in event            1 local:           1
 Added good helicity          112   4.1206869802940129E-004  in event            1 local:           1
 Added good helicity          113   3.1241272785837847E-002  in event            1 local:           1
 Added good helicity          116   7.6951615767596032E-004  in event            1 local:           1
 Added good helicity          117   5.1316649114523411E-005  in event            1 local:           1
 Added good helicity          120   6.7009411035674581E-006  in event            1 local:           1
 Added good helicity          121   3.0089611682648336E-005  in event            1 local:           1
 Added good helicity          124   1.0733067834559398E-005  in event            1 local:           1
 Added good helicity          125   2.8914595200678654E-003  in event            1 local:           1
 Added good helicity          128   4.9299813736231775E-003  in event            1 local:           1
 Added good helicity          129  0.92285486596970423       in event            1 local:           1
 Added good helicity          132   2.2731203540320974E-002  in event            1 local:           1
 Added good helicity          133   1.5158735582010560E-003  in event            1 local:           1
 Added good helicity          136   1.9794315508191892E-004  in event            1 local:           1
 Added good helicity          137   8.8883525158612274E-004  in event            1 local:           1
 Added good helicity          140   3.1705058708095198E-004  in event            1 local:           1
 Added good helicity          141   8.5412572853263563E-002  in event            1 local:           1
 Added good helicity          144  0.14562970372482983       in event            1 local:           1
 Added good helicity          145   1.5430591141227380E-003  in event            1 local:           1
 Added good helicity          148   3.8007699900910303E-005  in event            1 local:           1
 Added good helicity          149   2.5346157842294925E-006  in event            1 local:           1
 Added good helicity          152   3.3097077426841278E-007  in event            1 local:           1
 Added good helicity          153   1.4861766313302051E-006  in event            1 local:           1
 Added good helicity          156   5.3012430889570515E-007  in event            1 local:           1
 Added good helicity          157   1.4281405870186675E-004  in event            1 local:           1
 Added good helicity          160   2.4350008859027870E-004  in event            1 local:           1
 Added good helicity          161   2.8347093377029094E-003  in event            1 local:           1
 Added good helicity          164   6.9822847891976841E-005  in event            1 local:           1
 Added good helicity          165   4.6562694619313388E-006  in event            1 local:           1
 Added good helicity          168   6.0801685155064392E-007  in event            1 local:           1
 Added good helicity          169   2.7302121712314978E-006  in event            1 local:           1
 Added good helicity          172   9.7387605880822156E-007  in event            1 local:           1
 Added good helicity          173   2.6235958302063593E-004  in event            1 local:           1
 Added good helicity          176   4.4732698089196185E-004  in event            1 local:           1
 Added good helicity          177   2.9961073371090965E-002  in event            1 local:           1
 Added good helicity          180   7.3798305909037333E-004  in event            1 local:           1
 Added good helicity          181   4.9213804438074568E-005  in event            1 local:           1
 Added good helicity          184   6.4263511104565032E-006  in event            1 local:           1
 Added good helicity          185   2.8856604835259269E-005  in event            1 local:           1
 Added good helicity          188   1.0293250057145715E-005  in event            1 local:           1
 Added good helicity          189   2.7729737973276191E-003  in event            1 local:           1
 Added good helicity          192   4.7279614587339685E-003  in event            1 local:           1
 Added good helicity          193   150.13044473417756       in event            1 local:           1
 Added good helicity          196   3.6979224173734044       in event            1 local:           1
 Added good helicity          197  0.24660299235066913       in event            1 local:           1
 Added good helicity          200   3.2201481511731328E-002  in event            1 local:           1
 Added good helicity          201  0.14459611856282925       in event            1 local:           1
 Added good helicity          204   5.1577932128775303E-002  in event            1 local:           1
 Added good helicity          205   13.894955773871120       in event            1 local:           1
 Added good helicity          208   23.691105712209531       in event            1 local:           1
 Added good helicity          209  0.35715679510688836       in event            1 local:           1
 Added good helicity          212   8.7972704102856365E-003  in event            1 local:           1
 Added good helicity          213   5.8666271566491118E-004  in event            1 local:           1
 Added good helicity          216   7.6606566741259071E-005  in event            1 local:           1
 Added good helicity          217   3.4399076338071342E-004  in event            1 local:           1
 Added good helicity          220   1.2270268678662161E-004  in event            1 local:           1
 Added good helicity          221   3.3055772805673948E-002  in event            1 local:           1
 Added good helicity          224   5.6360582982972987E-002  in event            1 local:           1
 Added good helicity          225  0.77927426550763013       in event            1 local:           1
 Added good helicity          228   1.9194612930143639E-002  in event            1 local:           1
 Added good helicity          229   1.2800292843754100E-003  in event            1 local:           1
 Added good helicity          232   1.6714654977372035E-004  in event            1 local:           1
 Added good helicity          233   7.5054752743732456E-004  in event            1 local:           1
 Added good helicity          236   2.6772288090680412E-004  in event            1 local:           1
 Added good helicity          237   7.2123821881141761E-002  in event            1 local:           1
 Added good helicity          240  0.12297218619204434       in event            1 local:           1
 Added good helicity          241   22.971705977997505       in event            1 local:           1
 Added good helicity          244  0.56582518390428160       in event            1 local:           1
 Added good helicity          245   3.7733128970637825E-002  in event            1 local:           1
 Added good helicity          248   4.9272015856155994E-003  in event            1 local:           1
 Added good helicity          249   2.2124889638915474E-002  in event            1 local:           1
 Added good helicity          252   7.8920241255077458E-003  in event            1 local:           1
 Added good helicity          253   2.1260900091237893       in event            1 local:           1
 Added good helicity          256   3.6250150039730107       in event            1 local:           1
 RESET CUMULATIVE VARIABLE
 RESET CUMULATIVE VARIABLE
 RESET CUMULATIVE VARIABLE
 No points passed cuts!
 Loosen cuts or increase max_events      500000
 Deleting file events.lhe

ls status:
events.lhe
grid_information
input_app.txt
results.dat
run1_app.log
