 Process in group number            1
 A PDF is used, so alpha_s(MZ) is going to be modified
 Old value of alpha_s from param_card:   0.11839999999999999     
  ****************************************
 
       NNPDFDriver version 1.0.3
   Grid: NNPDF23_lo_as_0130_qed_mem0.grid
  ****************************************
 New value of alpha_s from PDF nn23lo1:  0.13000000000000000     
 Define smin to   88.360000000000014     
 Define smin to   88.360000000000014     
 Warning: pt or E min of a jet should in general be >0
 Warning: pt or E min of a jet should in general be >0
 Warning: pt or E min of a jet should in general be >0
 Warning: pt or E min of a jet should in general be >0
 *****************************************************
 *               MadGraph/MadEvent                   *
 *        --------------------------------           *
 *          http://madgraph.hep.uiuc.edu             *
 *          http://madgraph.phys.ucl.ac.be           *
 *          http://madgraph.roma2.infn.it            *
 *        --------------------------------           *
 *                                                   *
 *          PARAMETER AND COUPLING VALUES            *
 *                                                   *
 *****************************************************

  External Params
  ---------------------------------
  
 mdl_cabi =   0.22773599999999999     
 aEWM1 =    127.90000000000001     
 mdl_Gf =    1.1663700000000000E-005
 aS =   0.11839999999999999     
 mdl_ymb =    4.7000000000000002     
 mdl_ymt =    172.00000000000000     
 mdl_ymtau =    1.7769999999999999     
 mdl_Lambda =    5000.0000000000000     
 mdl_ca =    1.0000000000000000     
 mdl_kSM =    5.0000000000000003E-002
 mdl_kHtt =    0.0000000000000000     
 mdl_kAtt =    0.0000000000000000     
 mdl_kHbb =    0.0000000000000000     
 mdl_kAbb =    0.0000000000000000     
 mdl_kHll =    0.0000000000000000     
 mdl_kAll =    0.0000000000000000     
 mdl_kHaa =    0.0000000000000000     
 mdl_kAaa =    0.0000000000000000     
 mdl_kHza =    0.0000000000000000     
 mdl_kAza =    0.0000000000000000     
 mdl_kHgg =    0.0000000000000000     
 mdl_kAgg =    0.0000000000000000     
 mdl_kHzz =  -0.52481000000000000     
 mdl_kAzz =    0.0000000000000000     
 mdl_kHww =  -0.52481000000000000     
 mdl_kAww =    0.0000000000000000     
 mdl_kHda =    0.0000000000000000     
 mdl_kHdz =  -0.26240500000000000     
 mdl_kHdwR =  -0.26240500000000000     
 mdl_kHdwI =    0.0000000000000000     
 mdl_kHHgg =    1.0000000000000000     
 mdl_kAAgg =    1.0000000000000000     
 mdl_kqa =    1.0000000000000000     
 mdl_kqb =    1.0000000000000000     
 mdl_kla =    1.0000000000000000     
 mdl_klb =    1.0000000000000000     
 mdl_kw1 =    1.0000000000000000     
 mdl_kw2 =    1.0000000000000000     
 mdl_kw3 =    0.0000000000000000     
 mdl_kw4 =    0.0000000000000000     
 mdl_kw5 =    0.0000000000000000     
 mdl_kz1 =    0.0000000000000000     
 mdl_kz3 =    1.0000000000000000     
 mdl_kz5 =    0.0000000000000000     
 mdl_kq =    1.0000000000000000     
 mdl_kq3 =    1.0000000000000000     
 mdl_kl =    1.0000000000000000     
 mdl_kg =    1.0000000000000000     
 mdl_ka =    1.0000000000000000     
 mdl_kz =    1.0000000000000000     
 mdl_kw =    1.0000000000000000     
 mdl_kza =    0.0000000000000000     
 mdl_MZ =    91.187600000000003     
 mdl_MTA =    1.7769999999999999     
 mdl_MT =    172.00000000000000     
 mdl_MB =    4.7000000000000002     
 mdl_MX0 =    600.00000000000000     
 mdl_MX1 =    125.00000000000000     
 mdl_MX2 =    125.00000000000000     
 mdl_WZ =    2.4952000000000001     
 mdl_WW =    2.0850000000000000     
 mdl_WT =    1.5083359999999999     
 mdl_WX0 =   0.15059000000000000     
 mdl_WX1 =    4.0699999999999998E-003
 mdl_WX2 =    4.0699999999999998E-003
  Internal Params
  ---------------------------------
  
 mdl_cos__cabi =   0.97418004031982097     
 mdl_CKM1x1 =  ( 0.97418004031982097     ,  0.0000000000000000     )
 mdl_sin__cabi =   0.22577256042856930     
 mdl_CKM1x2 =  ( 0.22577256042856930     ,  0.0000000000000000     )
 mdl_CKM2x1 =  (-0.22577256042856930     ,  0.0000000000000000     )
 mdl_CKM2x2 =  ( 0.97418004031982097     ,  0.0000000000000000     )
 mdl_ca__exp__2 =    1.0000000000000000     
 mdl_sa =    0.0000000000000000     
 mdl_complexi =  (  0.0000000000000000     ,  1.0000000000000000     )
 mdl_kHdw =  (-0.26240500000000000     ,  0.0000000000000000     )
 mdl_MZ__exp__2 =    8315.1783937600012     
 mdl_MZ__exp__4 =    69142191.720053151     
 mdl_sqrt__2 =    1.4142135623730951     
 mdl_nb__2__exp__0_75 =    1.6817928305074290     
 mdl_MX0__exp__2 =    360000.00000000000     
 mdl_ca__exp__4 =    1.0000000000000000     
 mdl_ca__exp__3 =    1.0000000000000000     
 mdl_conjg__CKM1x1 =  ( 0.97418004031982097     , -0.0000000000000000     )
 mdl_conjg__CKM1x2 =  ( 0.22577256042856930     , -0.0000000000000000     )
 mdl_conjg__CKM2x1 =  (-0.22577256042856930     , -0.0000000000000000     )
 mdl_conjg__CKM2x2 =  ( 0.97418004031982097     , -0.0000000000000000     )
 mdl_conjg__kHdw =  (-0.26240500000000000     , -0.0000000000000000     )
 mdl_aEW =    7.8186082877247844E-003
 mdl_MW =    79.824359746197842     
 mdl_sqrt__aEW =    8.8422894590285753E-002
 mdl_ee =   0.31345100004952897     
 mdl_MW__exp__2 =    6371.9284088904105     
 mdl_sw2 =   0.23369913342182447     
 mdl_cw =   0.87538612427783857     
 mdl_sqrt__sw2 =   0.48342438232036300     
 mdl_sw =   0.48342438232036300     
 mdl_ad =  -0.12747442148678401     
 mdl_al =   -1.2074027013887732E-002
 mdl_an =   0.18517461872323218     
 mdl_au =    6.9774224250335873E-002
 mdl_bd =  -0.18517461872323218     
 mdl_bl =  -0.18517461872323218     
 mdl_bn =   0.18517461872323218     
 mdl_bu =   0.18517461872323218     
 mdl_gwwz =  -0.56759788318358417     
 mdl_g1 =   0.35807170271074895     
 mdl_gw =   0.64839716719502682     
 mdl_vev =    246.22056907348590     
 mdl_ee__exp__2 =    9.8251529432049817E-002
 mdl_gAaa =    1.3477023594718659E-005
 mdl_vev__exp__2 =    60624.568634871241     
 mdl_cw__exp__2 =   0.76630086657817542     
 mdl_gAza =    4.4999802188047602E-006
 mdl_gHaa =    2.6392504539657372E-005
 mdl_gHza =    3.9166441035016922E-005
 mdl_lam =    2.9690932909411916     
 mdl_yb =    2.6995322804122722E-002
 mdl_yt =   0.98791394091683138     
 mdl_ytau =    1.0206529494239589E-002
 mdl_muH =    424.26406871192853     
 mdl_sw__exp__2 =   0.23369913342182450     
  Internal Params evaluated point by point
  ----------------------------------------
  
 mdl_sqrt__aS =   0.34409301068170506     
 mdl_G__exp__2 =    1.4878582807401259     
 mdl_gAAgg =    3.1083017473614446E-007
 mdl_gAgg =    7.6532782508744533E-005
 mdl_gHgg =   -5.1021855005829691E-005
 mdl_gHHgg =    2.0722011649076294E-007
  Couplings of HC_UFO
  ---------------------------------
  
        GC_10 =  -0.00000E+00   0.00000E+00
        GC_13 =  -0.00000E+00  -0.20722E-06
        GC_62 =   0.00000E+00   0.00000E+00
        GC_64 =   0.00000E+00   0.00000E+00
         GC_1 =  -0.00000E+00  -0.10448E+00
         GC_2 =   0.00000E+00   0.20897E+00
         GC_3 =  -0.00000E+00  -0.31345E+00
         GC_9 =  -0.00000E+00  -0.00000E+00
        GC_16 =  -0.00000E+00  -0.00000E+00
        GC_17 =   0.00000E+00  -0.12074E-01
        GC_19 =  -0.00000E+00   0.18517E+00
        GC_21 =   0.00000E+00  -0.12747E+00
        GC_22 =   0.00000E+00   0.69774E-01
        GC_23 =  -0.00000E+00   0.18517E+00
        GC_24 =  -0.00000E+00  -0.18517E+00
        GC_61 =   0.00000E+00   0.00000E+00
        GC_66 =   0.00000E+00   0.00000E+00
        GC_77 =  -0.00000E+00  -0.28380E+00
        GC_78 =   0.00000E+00   0.28380E+00
        GC_89 =  -0.00000E+00  -0.28850E-01
        GC_90 =   0.00000E+00   0.86550E-01
        GC_98 =  -0.00000E+00  -0.21932E+03
       GC_100 =   0.00000E+00   0.33771E+01
       GC_101 =  -0.00000E+00  -0.00000E+00
       GC_102 =   0.00000E+00   0.00000E+00
       GC_105 =  -0.00000E+00  -0.00000E+00
       GC_106 =   0.00000E+00   0.00000E+00
        GC_35 =  -0.00000E+00  -0.20000E-03
        GC_38 =  -0.00000E+00  -0.00000E+00
        GC_40 =   0.00000E+00   0.52481E-04
        GC_42 =   0.00000E+00   0.10496E-03
        GC_43 =   0.00000E+00   0.50000E-04
        GC_45 =   0.00000E+00   0.50000E-04
        GC_49 =   0.00000E+00   0.50000E-04
        GC_56 =  -0.00000E+00  -0.94000E-03
        GC_58 =  -0.00000E+00  -0.35540E-03
        GC_68 =   0.00000E+00   0.00000E+00

 Collider parameters:
 --------------------

 Running at P P   machine @    13000.000000000000       GeV
 PDF set = nn23lo1
 alpha_s(Mz)= 0.1300 running at 2 loops.
 alpha_s(Mz)= 0.1300 running at 2 loops.
 Renormalization scale set on event-by-event basis
 Factorization   scale set on event-by-event basis


 getting user params
Enter number of events and max and min iterations: 
 Number of events and iterations         1000           5           3
Enter desired fractional accuracy: 
 Desired fractional accuracy:   0.10000000000000001     
Enter 0 for fixed, 2 for adjustable grid: 
Suppress amplitude (0 no, 1 yes)? 
 Using suppressed amplitude.
Exact helicity sum (0 yes, n = number/event)? 
 Explicitly summing over helicities
Enter Configuration Number: 
Running Configuration Number:    6
 Using dconfig=          68
 BW Setting            2           1           1           2           0           0
 Attempting mappinvarients           1           8
 Completed mapping           8
 about to integrate           16        1000           5           3          16           1
 Using non-zero grid deformation.
 16 dimensions   1000 events 16 invarients  5 iterations  1 config(s),  (0.99)
 Using h-tuple random number sequence.
 Error opening grid
 Using Uniform Grid!          32
 Using uniform alpha   1.0000000000000000     
 Grid defined OK
 Set CM energy to      13000.00
 Mapping Graph           6  to config           6
Setting grid   1    0.59172E-08   1
Setting grid   2    0.59172E-08   1
 Setting BW          -3           2   600.00000000000000     
 Setting BW          -4           3   91.187600000000003     
Setting grid   5    0.25116E-02   1
 Transforming s_hat 1/s           15   2.5115575576956360E-003   88.360000000000014        168999999.99999997     
   6   1   2   3   4   5   6   7   8   9  10  11  12  13  14
  15  16
 Masses: 0.470E+01 0.470E+01 0.470E+01 0.470E+01 0.000E+00 0.000E+00 0.000E+00 0.000E+00
Using random seed offsets     6 :     16
  with seed                   24
 Ranmar initialization seeds       31064        9413
 
 ********************************************
 * You are using the DiscreteSampler module *
 *      part of the MG5_aMC framework       *
 *         Author: Valentin Hirschi         *
 ********************************************
 
  Particle       3       4       5       6       7       8
      Et >     0.0     0.0     0.0     0.0     0.0     0.0
       E >     0.0     0.0     0.0     0.0     0.0     0.0
     Eta <    -1.0    -1.0    -1.0    -1.0    -1.0    -1.0
   xqcut:      0.0     0.0     0.0     0.0     0.0     0.0
d R # 3  >    -0.0     0.0     0.0     0.0     0.0     0.0
d R # 4  >    -0.0    -0.0     0.0     0.0     0.0     0.0
d R # 5  >    -0.0    -0.0    -0.0     0.0     0.0     0.0
d R # 6  >    -0.0    -0.0    -0.0    -0.0     0.0     0.0
d R # 7  >    -0.0    -0.0    -0.0    -0.0    -0.0     0.0
s min # 3>     0.0    88.4    22.1    22.1    22.1     0.0
s min # 4>     0.0     0.0    22.1    22.1    22.1     0.0
s min # 5>     0.0     0.0     0.0     0.0     0.0     0.0
s min # 6>     0.0     0.0     0.0     0.0     0.0     0.0
s min # 7>     0.0     0.0     0.0     0.0     0.0     0.0
xqcutij # 3>     0.0     0.0     0.0     0.0     0.0     0.0
xqcutij # 4>     0.0     0.0     0.0     0.0     0.0     0.0
xqcutij # 5>     0.0     0.0     0.0     0.0     0.0     0.0
xqcutij # 6>     0.0     0.0     0.0     0.0     0.0     0.0
xqcutij # 7>     0.0     0.0     0.0     0.0     0.0     0.0
 Excluding BW           -1           1
 Requiring BW           -3           2
 Requiring BW           -4           3
 Excluding BW           -5           4
 alpha_s for scale    354.54453931783769       is   0.10607650682294560     
 Added good helicity            1   1.6568861644694819       in event            1 local:           1
 Added good helicity            4  0.34303369750576729       in event            1 local:           1
 Added good helicity           13   1.2894287019164823       in event            1 local:           1
 Added good helicity           16  0.26143890271000270       in event            1 local:           1
 Added good helicity           17   4.9336484284456354E-003  in event            1 local:           1
 Added good helicity           20   1.0214387076767680E-003  in event            1 local:           1
 Added good helicity           29   3.8394839821961238E-003  in event            1 local:           1
 Added good helicity           32   7.7847691600632825E-004  in event            1 local:           1
 Added good helicity           33   8.4930672614578970E-003  in event            1 local:           1
 Added good helicity           36   1.7583635667547063E-003  in event            1 local:           1
 Added good helicity           45   6.6095094093187078E-003  in event            1 local:           1
 Added good helicity           48   1.3401151105566476E-003  in event            1 local:           1
 Added good helicity           49  0.12708424306164620       in event            1 local:           1
 Added good helicity           52   2.6310907005561570E-002  in event            1 local:           1
 Added good helicity           61   9.8900017441744661E-002  in event            1 local:           1
 Added good helicity           64   2.0052533342510160E-002  in event            1 local:           1
 Added good helicity           65  0.34951364064084645       in event            1 local:           1
 Added good helicity           68   7.2361613639353853E-002  in event            1 local:           1
 Added good helicity           77  0.27199992951714413       in event            1 local:           1
 Added good helicity           80   5.5149511566220881E-002  in event            1 local:           1
 Added good helicity           81   1.1760032520516045E-003  in event            1 local:           1
 Added good helicity           84   2.4347402524133943E-004  in event            1 local:           1
 Added good helicity           93   9.1519404245130466E-004  in event            1 local:           1
 Added good helicity           96   1.8556072613365660E-004  in event            1 local:           1
 Added good helicity           97   1.1982711425176553E-003  in event            1 local:           1
 Added good helicity          100   2.4808426157864902E-004  in event            1 local:           1
 Added good helicity          109   9.3252345090058802E-004  in event            1 local:           1
 Added good helicity          112   1.8907436091071737E-004  in event            1 local:           1
 Added good helicity          113   1.1282006334084603E-002  in event            1 local:           1
 Added good helicity          116   2.3357720228798550E-003  in event            1 local:           1
 Added good helicity          125   8.7799289379847986E-003  in event            1 local:           1
 Added good helicity          128   1.7801798455446671E-003  in event            1 local:           1
 Added good helicity          129  0.47438134536692933       in event            1 local:           1
 Added good helicity          132   9.8213619268818164E-002  in event            1 local:           1
 Added good helicity          141  0.36917498346407401       in event            1 local:           1
 Added good helicity          144   7.4852298883511595E-002  in event            1 local:           1
 Added good helicity          145   1.6281447147737012E-003  in event            1 local:           1
 Added good helicity          148   3.3708320677668530E-004  in event            1 local:           1
 Added good helicity          157   1.2670614138268414E-003  in event            1 local:           1
 Added good helicity          160   2.5690380957452119E-004  in event            1 local:           1
 Added good helicity          161   1.5907885594103903E-003  in event            1 local:           1
 Added good helicity          164   3.2934916905359322E-004  in event            1 local:           1
 Added good helicity          173   1.2379899543918911E-003  in event            1 local:           1
 Added good helicity          176   2.5100940808992948E-004  in event            1 local:           1
 Added good helicity          177   1.5312938651318504E-002  in event            1 local:           1
 Added good helicity          180   3.1703167531262929E-003  in event            1 local:           1
 Added good helicity          189   1.1916897509985839E-002  in event            1 local:           1
 Added good helicity          192   2.4162178211851663E-003  in event            1 local:           1
 Added good helicity          193   114.55527305228604       in event            1 local:           1
 Added good helicity          196   23.716969654635719       in event            1 local:           1
 Added good helicity          205   89.149671351618096       in event            1 local:           1
 Added good helicity          208   18.075595975553227       in event            1 local:           1
 Added good helicity          209  0.27293942132280502       in event            1 local:           1
 Added good helicity          212   5.6508057644035430E-002  in event            1 local:           1
 Added good helicity          221  0.21240802855686017       in event            1 local:           1
 Added good helicity          224   4.3066919349758127E-002  in event            1 local:           1
 Added good helicity          225  0.42391116262941564       in event            1 local:           1
 Added good helicity          228   8.7764516747774093E-002  in event            1 local:           1
 Added good helicity          237  0.32989787221270611       in event            1 local:           1
 Added good helicity          240   6.6888644241797704E-002  in event            1 local:           1
 Added good helicity          241   1.5503934246727835       in event            1 local:           1
 Added good helicity          244  0.32098595573970701       in event            1 local:           1
 Added good helicity          253   1.2065534880459181       in event            1 local:           1
 Added good helicity          256  0.24463548818698660       in event            1 local:           1
 Added good helicity            1   1.6568861644694794       in event            1 local:           1
 Added good helicity            4  0.34303369750576684       in event            1 local:           1
 Added good helicity           13   1.2894287019164845       in event            1 local:           1
 Added good helicity           16  0.26143890271000386       in event            1 local:           1
 Added good helicity           17   4.9336484284456259E-003  in event            1 local:           1
 Added good helicity           20   1.0214387076767663E-003  in event            1 local:           1
 Added good helicity           29   3.8394839821961307E-003  in event            1 local:           1
 Added good helicity           32   7.7847691600633107E-004  in event            1 local:           1
 Added good helicity           33   8.4930672614578866E-003  in event            1 local:           1
 Added good helicity           36   1.7583635667547056E-003  in event            1 local:           1
 Added good helicity           45   6.6095094093187269E-003  in event            1 local:           1
 Added good helicity           48   1.3401151105566541E-003  in event            1 local:           1
 Added good helicity           49  0.12708424306164584       in event            1 local:           1
 Added good helicity           52   2.6310907005561514E-002  in event            1 local:           1
 Added good helicity           61   9.8900017441744689E-002  in event            1 local:           1
 Added good helicity           64   2.0052533342510219E-002  in event            1 local:           1
 Added good helicity           65  0.34951364064084661       in event            1 local:           1
 Added good helicity           68   7.2361613639353922E-002  in event            1 local:           1
 Added good helicity           77  0.27199992951714524       in event            1 local:           1
 Added good helicity           80   5.5149511566221242E-002  in event            1 local:           1
 Added good helicity           81   1.1760032520515989E-003  in event            1 local:           1
 Added good helicity           84   2.4347402524133854E-004  in event            1 local:           1
 Added good helicity           93   9.1519404245130325E-004  in event            1 local:           1
 Added good helicity           96   1.8556072613365682E-004  in event            1 local:           1
 Added good helicity           97   1.1982711425176536E-003  in event            1 local:           1
 Added good helicity          100   2.4808426157864902E-004  in event            1 local:           1
 Added good helicity          109   9.3252345090058953E-004  in event            1 local:           1
 Added good helicity          112   1.8907436091071829E-004  in event            1 local:           1
 Added good helicity          113   1.1282006334084549E-002  in event            1 local:           1
 Added good helicity          116   2.3357720228798472E-003  in event            1 local:           1
 Added good helicity          125   8.7799289379847812E-003  in event            1 local:           1
 Added good helicity          128   1.7801798455446699E-003  in event            1 local:           1
 Added good helicity          129  0.47438134536692966       in event            1 local:           1
 Added good helicity          132   9.8213619268818303E-002  in event            1 local:           1
 Added good helicity          141  0.36917498346407551       in event            1 local:           1
 Added good helicity          144   7.4852298883512081E-002  in event            1 local:           1
 Added good helicity          145   1.6281447147736936E-003  in event            1 local:           1
 Added good helicity          148   3.3708320677668422E-004  in event            1 local:           1
 Added good helicity          157   1.2670614138268399E-003  in event            1 local:           1
 Added good helicity          160   2.5690380957452152E-004  in event            1 local:           1
 Added good helicity          161   1.5907885594103912E-003  in event            1 local:           1
 Added good helicity          164   3.2934916905359349E-004  in event            1 local:           1
 Added good helicity          173   1.2379899543918957E-003  in event            1 local:           1
 Added good helicity          176   2.5100940808993111E-004  in event            1 local:           1
 Added good helicity          177   1.5312938651318494E-002  in event            1 local:           1
 Added good helicity          180   3.1703167531262916E-003  in event            1 local:           1
 Added good helicity          189   1.1916897509985864E-002  in event            1 local:           1
 Added good helicity          192   2.4162178211851776E-003  in event            1 local:           1
 Added good helicity          193   114.55527305228588       in event            1 local:           1
 Added good helicity          196   23.716969654635687       in event            1 local:           1
 Added good helicity          205   89.149671351618267       in event            1 local:           1
 Added good helicity          208   18.075595975553316       in event            1 local:           1
 Added good helicity          209  0.27293942132280430       in event            1 local:           1
 Added good helicity          212   5.6508057644035298E-002  in event            1 local:           1
 Added good helicity          221  0.21240802855686036       in event            1 local:           1
 Added good helicity          224   4.3066919349758245E-002  in event            1 local:           1
 Added good helicity          225  0.42391116262941475       in event            1 local:           1
 Added good helicity          228   8.7764516747773968E-002  in event            1 local:           1
 Added good helicity          237  0.32989787221270683       in event            1 local:           1
 Added good helicity          240   6.6888644241797954E-002  in event            1 local:           1
 Added good helicity          241   1.5503934246727793       in event            1 local:           1
 Added good helicity          244  0.32098595573970651       in event            1 local:           1
 Added good helicity          253   1.2065534880459192       in event            1 local:           1
 Added good helicity          256  0.24463548818698733       in event            1 local:           1
 RESET CUMULATIVE VARIABLE
 RESET CUMULATIVE VARIABLE
 RESET CUMULATIVE VARIABLE
 No points passed cuts!
 Loosen cuts or increase max_events      500000
 Deleting file events.lhe

ls status:
events.lhe
grid_information
input_app.txt
results.dat
run1_app.log
