 Process in group number            7
 A PDF is used, so alpha_s(MZ) is going to be modified
 Old value of alpha_s from param_card:   0.11839999999999999     
  ****************************************
 
       NNPDFDriver version 1.0.3
   Grid: NNPDF23_lo_as_0130_qed_mem0.grid
  ****************************************
 New value of alpha_s from PDF nn23lo1:  0.13000000000000000     
 Define smin to   0.0000000000000000     
 Define smin to   0.0000000000000000     
 Define smin to   0.0000000000000000     
 Define smin to   0.0000000000000000     
 Define smin to   0.0000000000000000     
 Define smin to   0.0000000000000000     
 Define smin to   0.0000000000000000     
 Define smin to   0.0000000000000000     
 Define smin to   0.0000000000000000     
 Define smin to   0.0000000000000000     
 Define smin to   0.0000000000000000     
 Define smin to   0.0000000000000000     
 Define smin to   0.0000000000000000     
 Define smin to   0.0000000000000000     
 Define smin to   0.0000000000000000     
 Define smin to   0.0000000000000000     
 Define smin to   0.0000000000000000     
 Define smin to   0.0000000000000000     
 Define smin to   0.0000000000000000     
 Define smin to   0.0000000000000000     
 Define smin to   0.0000000000000000     
 Define smin to   0.0000000000000000     
 Define smin to   0.0000000000000000     
 Define smin to   0.0000000000000000     
 Define smin to   0.0000000000000000     
 Define smin to   0.0000000000000000     
 Define smin to   0.0000000000000000     
 Define smin to   0.0000000000000000     
 Define smin to   0.0000000000000000     
 Define smin to   0.0000000000000000     
 Define smin to   0.0000000000000000     
 Define smin to   0.0000000000000000     
 Define smin to   0.0000000000000000     
 Define smin to   0.0000000000000000     
 Define smin to   0.0000000000000000     
 Define smin to   0.0000000000000000     
 Define smin to   0.0000000000000000     
 Define smin to   0.0000000000000000     
 Define smin to   0.0000000000000000     
 Define smin to   0.0000000000000000     
 Define smin to   0.0000000000000000     
 Define smin to   0.0000000000000000     
 Define smin to   0.0000000000000000     
 Define smin to   0.0000000000000000     
 Define smin to   0.0000000000000000     
 Define smin to   0.0000000000000000     
 Define smin to   0.0000000000000000     
 Define smin to   0.0000000000000000     
 Define smin to   0.0000000000000000     
 Define smin to   0.0000000000000000     
 Define smin to   0.0000000000000000     
 Define smin to   0.0000000000000000     
 Define smin to   0.0000000000000000     
 Define smin to   0.0000000000000000     
 Define smin to   0.0000000000000000     
 Define smin to   0.0000000000000000     
 Define smin to   0.0000000000000000     
 Define smin to   0.0000000000000000     
 Define smin to   0.0000000000000000     
 Define smin to   0.0000000000000000     
 Define smin to   0.0000000000000000     
 Define smin to   0.0000000000000000     
 Define smin to   0.0000000000000000     
 Define smin to   0.0000000000000000     
 Warning: pt or E min of a jet should in general be >0
 Warning: pt or E min of a jet should in general be >0
 Warning: pt or E min of a jet should in general be >0
 Warning: pt or E min of a jet should in general be >0
 *****************************************************
 *               MadGraph/MadEvent                   *
 *        --------------------------------           *
 *          http://madgraph.hep.uiuc.edu             *
 *          http://madgraph.phys.ucl.ac.be           *
 *          http://madgraph.roma2.infn.it            *
 *        --------------------------------           *
 *                                                   *
 *          PARAMETER AND COUPLING VALUES            *
 *                                                   *
 *****************************************************

  External Params
  ---------------------------------
  
 mdl_cabi =   0.22773599999999999     
 mdl_rhoH =    5.0000000000000003E-002
 mdl_Lambda =    5000.0000000000000     
 mdl_fW =   -300.00000000000000     
 mdl_fWW =    4600.0000000000000     
 mdl_fB =    0.0000000000000000     
 mdl_fBB =    0.0000000000000000     
 aEWM1 =    127.90000000000001     
 mdl_Gf =    1.1663700000000000E-005
 aS =   0.11839999999999999     
 mdl_ymb =    4.7000000000000002     
 mdl_ymt =    172.00000000000000     
 mdl_ymtau =    1.7769999999999999     
 mdl_MZ =    91.187600000000003     
 mdl_MTA =    1.7769999999999999     
 mdl_MT =    172.00000000000000     
 mdl_MB =    4.7000000000000002     
 mdl_MH =    125.00000000000000     
 mdl_MHH =    900.00000000000000     
 mdl_WZ =    2.4952000000000001     
 mdl_WW =    2.0850000000000000     
 mdl_WT =    1.5083359999999999     
 mdl_WH =    4.0699999999999998E-003
 mdl_WHH =    9.8597999999999999     
  Internal Params
  ---------------------------------
  
 mdl_cos__cabi =   0.97418004031982097     
 mdl_CKM1x1 =  ( 0.97418004031982097     ,  0.0000000000000000     )
 mdl_sin__cabi =   0.22577256042856930     
 mdl_CKM1x2 =  ( 0.22577256042856930     ,  0.0000000000000000     )
 mdl_CKM2x1 =  (-0.22577256042856930     ,  0.0000000000000000     )
 mdl_CKM2x2 =  ( 0.97418004031982097     ,  0.0000000000000000     )
 mdl_MZ__exp__2 =    8315.1783937600012     
 mdl_MZ__exp__4 =    69142191.720053151     
 mdl_sqrt__2 =    1.4142135623730951     
 mdl_Lambda__exp__2 =    25000000.000000000     
 mdl_MH__exp__2 =    15625.000000000000     
 mdl_complexi =  (  0.0000000000000000     ,  1.0000000000000000     )
 mdl_conjg__CKM1x1 =  ( 0.97418004031982097     , -0.0000000000000000     )
 mdl_conjg__CKM1x2 =  ( 0.22577256042856930     , -0.0000000000000000     )
 mdl_conjg__CKM2x1 =  (-0.22577256042856930     , -0.0000000000000000     )
 mdl_conjg__CKM2x2 =  ( 0.97418004031982097     , -0.0000000000000000     )
 mdl_aEW =    7.8186082877247844E-003
 mdl_MW =    79.824359746197842     
 mdl_sqrt__aEW =    8.8422894590285753E-002
 mdl_ee =   0.31345100004952897     
 mdl_MW__exp__2 =    6371.9284088904105     
 mdl_sw2 =   0.23369913342182447     
 mdl_cw =   0.87538612427783857     
 mdl_sqrt__sw2 =   0.48342438232036300     
 mdl_sw =   0.48342438232036300     
 mdl_g1 =   0.35807170271074895     
 mdl_gw =   0.64839716719502682     
 mdl_vev =    246.22056907348590     
 mdl_gHWW =    2.5878944366295706     
 mdl_gHWW1 =   -1.5527366619777423E-005
 mdl_gHWW2 =   -4.7617257633984105E-004
 mdl_cw__exp__2 =   0.76630086657817542     
 mdl_gHZZ =    1.6885629062286611     
 mdl_sw__exp__2 =   0.23369913342182450     
 mdl_gHZZ1 =   -1.5527366619777423E-005
 mdl_cw__exp__4 =   0.58721701811846261     
 mdl_sw__exp__4 =    5.4615284962111724E-002
 mdl_gHZZ2 =   -1.8244572894499127E-004
 mdl_vev__exp__2 =    60624.568634871241     
 mdl_lam =   0.12886689630821144     
 mdl_yb =    2.6995322804122722E-002
 mdl_yt =   0.98791394091683138     
 mdl_ytau =    1.0206529494239589E-002
 mdl_muH =    88.388347648318444     
 mdl_I1a33 =  (  2.6995322804122722E-002,  0.0000000000000000     )
 mdl_I2a33 =  ( 0.98791394091683138     ,  0.0000000000000000     )
 mdl_I3a33 =  ( 0.98791394091683138     ,  0.0000000000000000     )
 mdl_I4a33 =  (  2.6995322804122722E-002,  0.0000000000000000     )
 mdl_ee__exp__2 =    9.8251529432049817E-002
  Internal Params evaluated point by point
  ----------------------------------------
  
 mdl_sqrt__aS =   0.34409301068170506     
 mdl_G__exp__2 =    1.4878582807401259     
  Couplings of SMwithHeavyScalarDim4Dim6_NoDecay_UFO
  ---------------------------------
  
        GC_13 =   0.00000E+00   0.25879E+01
        GC_14 =   0.00000E+00   0.15527E-04
        GC_15 =  -0.00000E+00  -0.95235E-03
        GC_16 =   0.00000E+00   0.33771E+01
        GC_17 =   0.00000E+00   0.15527E-04
        GC_18 =  -0.00000E+00  -0.72978E-03
        GC_33 =   0.00000E+00   0.44665E+00
        GC_34 =   0.00000E+00   0.10351E+00
        GC_35 =  -0.00000E+00  -0.10351E+00
        GC_36 =   0.00000E+00   0.44665E+00
        GC_37 =  -0.00000E+00  -0.28380E+00
        GC_38 =   0.00000E+00   0.28380E+00
        GC_45 =  -0.00000E+00  -0.28850E-01
        GC_46 =   0.00000E+00   0.86550E-01
        GC_77 =   0.00000E+00   0.44665E+00
        GC_78 =   0.00000E+00   0.10351E+00
        GC_79 =   0.00000E+00  -0.10351E+00
        GC_80 =   0.00000E+00   0.44665E+00

 Collider parameters:
 --------------------

 Running at P P   machine @    13000.000000000000       GeV
 PDF set = nn23lo1
 alpha_s(Mz)= 0.1300 running at 2 loops.
 alpha_s(Mz)= 0.1300 running at 2 loops.
 Renormalization scale set on event-by-event basis
 Factorization   scale set on event-by-event basis


 getting user params
Enter number of events and max and min iterations: 
 Number of events and iterations         1000           5           3
Enter desired fractional accuracy: 
 Desired fractional accuracy:   0.10000000000000001     
Enter 0 for fixed, 2 for adjustable grid: 
Suppress amplitude (0 no, 1 yes)? 
 Using suppressed amplitude.
Exact helicity sum (0 yes, n = number/event)? 
 Explicitly summing over helicities
Enter Configuration Number: 
Running Configuration Number:    1
 Using dconfig=         206
 BW Setting            2           2           1           1           2           0
 Attempting mappinvarients           1           8
 Completed mapping           8
 about to integrate           16        1000           5           3          16           1
 Using non-zero grid deformation.
 16 dimensions   1000 events 16 invarients  5 iterations  1 config(s),  (0.99)
 Using h-tuple random number sequence.
 Error opening grid
 Using Uniform Grid!          32
 Using uniform alpha   1.0000000000000000     
 Grid defined OK
 Set CM energy to      13000.00
 Mapping Graph           1  to config           1
Setting grid   1    0.59172E-08   1
Setting grid   2    0.59172E-08   1
 Setting BW          -3           3   900.00000000000000     
 Setting BW          -4           4   79.824359746197842     
Setting grid   5    0.37932E-02   1
 Transforming s_hat 1/s           15   3.7931609536518062E-003   0.0000000000000000        168999999.99999997     
   1   1   2   3   4   5   6   7   8   9  10  11  12  13  14
  15  16
 Masses: 0.000E+00 0.000E+00 0.000E+00 0.000E+00 0.000E+00 0.000E+00 0.000E+00 0.000E+00
 Got moffset           1
Using random seed offsets     1 :      7
  with seed                  213
 Ranmar initialization seeds       20802       12758
 
 ********************************************
 * You are using the DiscreteSampler module *
 *      part of the MG5_aMC framework       *
 *         Author: Valentin Hirschi         *
 ********************************************
 
  Particle       3       4       5       6       7       8
      Et >     0.0     0.0     0.0     0.0     0.0     0.0
       E >     0.0     0.0     0.0     0.0     0.0     0.0
     Eta <    -1.0    -1.0    -1.0    -1.0    -1.0    -1.0
   xqcut:      0.0     0.0     0.0     0.0     0.0     0.0
d R # 3  >    -0.0     0.0     0.0     0.0     0.0     0.0
d R # 4  >    -0.0    -0.0     0.0     0.0     0.0     0.0
d R # 5  >    -0.0    -0.0    -0.0     0.0     0.0     0.0
d R # 6  >    -0.0    -0.0    -0.0    -0.0     0.0     0.0
d R # 7  >    -0.0    -0.0    -0.0    -0.0    -0.0     0.0
s min # 3>     0.0     0.0     0.0     0.0     0.0     0.0
s min # 4>     0.0     0.0     0.0     0.0     0.0     0.0
s min # 5>     0.0     0.0     0.0     0.0     0.0     0.0
s min # 6>     0.0     0.0     0.0     0.0     0.0     0.0
s min # 7>     0.0     0.0     0.0     0.0     0.0     0.0
xqcutij # 3>     0.0     0.0     0.0     0.0     0.0     0.0
xqcutij # 4>     0.0     0.0     0.0     0.0     0.0     0.0
xqcutij # 5>     0.0     0.0     0.0     0.0     0.0     0.0
xqcutij # 6>     0.0     0.0     0.0     0.0     0.0     0.0
xqcutij # 7>     0.0     0.0     0.0     0.0     0.0     0.0
 Excluding BW           -1           1
 Excluding BW           -2           2
 Requiring BW           -3           3
 Requiring BW           -4           4
 Excluding BW           -5           5
 alpha_s for scale    1928.4591647947582       is    8.6408185496584078E-002
 Added good helicity          193   85.809457846333174       in event            1 local:           1
 Added good helicity          196   32.917437186518768       in event            1 local:           1
 Added good helicity          205   123.73329095785623       in event            1 local:           1
 Added good helicity          208   13.539814009291858       in event            1 local:           1
 Added good helicity          193   85.809457846336542       in event            1 local:           1
 Added good helicity          196   32.917437186517944       in event            1 local:           1
 Added good helicity          205   123.73329095785310       in event            1 local:           1
 Added good helicity          208   13.539814009292412       in event            1 local:           1
 RESET CUMULATIVE VARIABLE
 RESET CUMULATIVE VARIABLE
 RESET CUMULATIVE VARIABLE
 Iteration  1   Mean: 0.5064E-07 Abs mean: 0.5064E-07   Fluctuation:  0.190E-07   0.134E-04    54.3%
  1    0.5064E-07 0.5064E-07 +- 0.1901E-07     11.87
 Writing out events   1.8635400292180410E-011   11.869799227360911     
 Relative summed weights:
  0.6857E-02  0.2263E+00  0.5425E-03  0.1029E+00  0.3887E-01  0.8797E-02  0.7420E-02  0.1700E-01  0.3767E-06  0.1602E-02  0.1384E-05  0.1815E-12  0.8233E-03  0.2477E-02  0.3083E-06  0.2538E-05  0.1794E-09  0.9559E-14  0.1460E-03  0.1368E-02  0.1250E-06  0.6797E-06  0.3374E-07  0.1426E-05  0.1360E-01  0.4149E-02  0.3633E-01  0.1568E-01  0.3115E+00  0.1641E+00  0.2134E-01  0.1014E-01  0.0000E+00  0.0000E+00  0.2444E-12  0.0000E+00  0.7386E-02  0.8144E-06  0.5378E-09  0.5820E-06  0.0000E+00  0.0000E+00  0.0000E+00  0.0000E+00  0.0000E+00  0.0000E+00  0.0000E+00  0.0000E+00  0.0000E+00  0.0000E+00  0.0000E+00  0.0000E+00  0.0000E+00  0.0000E+00  0.0000E+00  0.0000E+00  0.9654E-04  0.0000E+00  0.0000E+00  0.1032E-08  0.8106E-11  0.1644E-12  0.3713E-04  0.4564E-05  0.0000E+00  0.0000E+00  0.0000E+00  0.0000E+00  0.0000E+00  0.8797E-15  0.0000E+00  0.0000E+00  0.0000E+00  0.0000E+00  0.0000E+00  0.0000E+00  0.0000E+00  0.0000E+00  0.0000E+00  0.0000E+00  0.0000E+00  0.0000E+00  0.0000E+00  0.0000E+00  0.0000E+00  0.0000E+00  0.0000E+00  0.0000E+00  0.2956E-18  0.0000E+00  0.0000E+00  0.0000E+00  0.0000E+00  0.8516E-13  0.0000E+00  0.0000E+00  0.2953E-06  0.2020E-07  0.1479E-06  0.1719E-03  0.3003E-03  0.3691E-07  0.1065E-04  0.1037E-03  0.0000E+00  0.0000E+00  0.0000E+00  0.0000E+00  0.0000E+00  0.0000E+00  0.2780E-11  0.0000E+00  0.0000E+00  0.0000E+00  0.0000E+00  0.0000E+00  0.0000E+00  0.0000E+00  0.0000E+00  0.0000E+00  0.0000E+00  0.1624E-05  0.4393E-05  0.2731E-06  0.9982E-08  0.5360E-10  0.1904E-08  0.5427E-07
 Relative number of events:
  0.3766E-01  0.5055E-01  0.3469E-01  0.5154E-01  0.5847E-01  0.6244E-01  0.5352E-01  0.6244E-01  0.4955E-02  0.2973E-02  0.2973E-02  0.9911E-03  0.3964E-02  0.3964E-02  0.1982E-02  0.4955E-02  0.9911E-03  0.1982E-02  0.2973E-02  0.2973E-02  0.2973E-02  0.3964E-02  0.3964E-02  0.3964E-02  0.4955E-01  0.4856E-01  0.4856E-01  0.4460E-01  0.7334E-01  0.5352E-01  0.6145E-01  0.5847E-01  0.0000E+00  0.0000E+00  0.9911E-03  0.0000E+00  0.5946E-02  0.2973E-02  0.9911E-03  0.2973E-02  0.0000E+00  0.0000E+00  0.0000E+00  0.0000E+00  0.0000E+00  0.0000E+00  0.0000E+00  0.0000E+00  0.0000E+00  0.0000E+00  0.0000E+00  0.0000E+00  0.0000E+00  0.0000E+00  0.0000E+00  0.0000E+00  0.1982E-02  0.0000E+00  0.0000E+00  0.9911E-03  0.2973E-02  0.9911E-03  0.3964E-02  0.1982E-02  0.0000E+00  0.0000E+00  0.0000E+00  0.0000E+00  0.0000E+00  0.9911E-03  0.0000E+00  0.0000E+00  0.0000E+00  0.0000E+00  0.0000E+00  0.0000E+00  0.0000E+00  0.0000E+00  0.0000E+00  0.0000E+00  0.0000E+00  0.0000E+00  0.0000E+00  0.0000E+00  0.0000E+00  0.0000E+00  0.0000E+00  0.0000E+00  0.9911E-03  0.0000E+00  0.0000E+00  0.0000E+00  0.0000E+00  0.9911E-03  0.0000E+00  0.0000E+00  0.6938E-02  0.1982E-02  0.3964E-02  0.9911E-03  0.8920E-02  0.6938E-02  0.6938E-02  0.4955E-02  0.0000E+00  0.0000E+00  0.0000E+00  0.0000E+00  0.0000E+00  0.0000E+00  0.9911E-03  0.0000E+00  0.0000E+00  0.0000E+00  0.0000E+00  0.0000E+00  0.0000E+00  0.0000E+00  0.0000E+00  0.0000E+00  0.0000E+00  0.6938E-02  0.5946E-02  0.1982E-02  0.3964E-02  0.4955E-02  0.1982E-02  0.1982E-02
 Events:
          38          51          35          52          59          63          54          63           5           3           3           1           4           4           2           5           1           2           3           3           3           4           4           4          50          49          49          45          74          54          62          59           0           0           1           0           6           3           1           3           0           0           0           0           0           0           0           0           0           0           0           0           0           0           0           0           2           0           0           1           3           1           4           2           0           0           0           0           0           1           0           0           0           0           0           0           0           0           0           0           0           0           0           0           0           0           0           0           1           0           0           0           0           1           0           0           7           2           4           1           9           7           7           5           0           0           0           0           0           0           1           0           0           0           0           0           0           0           0           0           0           7           6           2           4           5           2           2
 Iteration  2   Mean: 0.9098E-07 Abs mean: 0.9098E-07   Fluctuation:  0.285E-07   0.484E-04    74.7%
  2    0.9098E-07 0.9098E-07 +- 0.2847E-07     14.00
 Relative summed weights:
  0.3439E-01  0.3507E-01  0.1401E-01  0.7270E-01  0.2777E+00  0.4215E-01  0.1011E+00  0.6109E-01  0.3259E-04  0.9974E-04  0.6622E-04  0.1004E-07  0.1187E-02  0.2226E-03  0.8783E-03  0.3451E-05  0.1859E-03  0.3191E-04  0.5313E-03  0.5680E-03  0.4045E-03  0.1486E-02  0.2021E-03  0.3521E-04  0.1949E-01  0.4190E-01  0.1534E-01  0.1107E+00  0.2187E-01  0.3185E-01  0.1922E-01  0.5977E-01  0.1133E-04  0.8529E-04  0.1099E-03  0.1319E-04  0.1895E-04  0.1086E-05  0.1640E-06  0.5489E-02  0.0000E+00  0.0000E+00  0.0000E+00  0.0000E+00  0.1625E-04  0.0000E+00  0.0000E+00  0.0000E+00  0.0000E+00  0.0000E+00  0.0000E+00  0.0000E+00  0.0000E+00  0.0000E+00  0.9098E-06  0.0000E+00  0.2598E-10  0.3281E-03  0.9007E-03  0.1181E-04  0.1573E-06  0.0000E+00  0.2003E-10  0.3884E-04  0.6519E-05  0.0000E+00  0.0000E+00  0.0000E+00  0.0000E+00  0.0000E+00  0.0000E+00  0.0000E+00  0.0000E+00  0.0000E+00  0.0000E+00  0.0000E+00  0.0000E+00  0.0000E+00  0.0000E+00  0.0000E+00  0.0000E+00  0.0000E+00  0.0000E+00  0.0000E+00  0.0000E+00  0.0000E+00  0.0000E+00  0.0000E+00  0.7329E-08  0.0000E+00  0.0000E+00  0.0000E+00  0.0000E+00  0.2172E-06  0.1789E-07  0.0000E+00  0.3798E-03  0.2409E-02  0.2307E-03  0.0000E+00  0.4892E-04  0.1887E-03  0.9202E-03  0.5615E-06  0.0000E+00  0.0000E+00  0.1757E-04  0.0000E+00  0.0000E+00  0.1554E-05  0.3168E-07  0.0000E+00  0.0000E+00  0.0000E+00  0.0000E+00  0.0000E+00  0.0000E+00  0.0000E+00  0.0000E+00  0.0000E+00  0.8035E-05  0.2986E-04  0.5766E-08  0.1849E-06  0.2402E-01  0.2593E-03  0.1452E-03  0.8074E-05
 Relative number of events:
  0.4200E-01  0.5200E-01  0.5100E-01  0.4800E-01  0.6550E-01  0.5850E-01  0.6050E-01  0.6250E-01  0.4000E-02  0.1000E-02  0.2000E-02  0.1000E-02  0.5000E-02  0.3500E-02  0.6000E-02  0.3500E-02  0.3000E-02  0.4000E-02  0.3500E-02  0.3000E-02  0.4000E-02  0.1000E-02  0.3000E-02  0.5000E-02  0.5500E-01  0.4150E-01  0.5450E-01  0.4650E-01  0.6250E-01  0.6000E-01  0.6650E-01  0.6000E-01  0.3500E-02  0.1500E-02  0.2000E-02  0.3000E-02  0.2500E-02  0.1000E-02  0.5000E-03  0.3500E-02  0.0000E+00  0.0000E+00  0.0000E+00  0.0000E+00  0.5000E-03  0.0000E+00  0.0000E+00  0.0000E+00  0.0000E+00  0.0000E+00  0.0000E+00  0.0000E+00  0.0000E+00  0.0000E+00  0.5000E-03  0.0000E+00  0.5000E-03  0.5000E-03  0.2000E-02  0.1500E-02  0.1500E-02  0.0000E+00  0.5000E-03  0.3500E-02  0.1000E-02  0.0000E+00  0.0000E+00  0.0000E+00  0.0000E+00  0.0000E+00  0.0000E+00  0.0000E+00  0.0000E+00  0.0000E+00  0.0000E+00  0.0000E+00  0.0000E+00  0.0000E+00  0.0000E+00  0.0000E+00  0.0000E+00  0.0000E+00  0.0000E+00  0.0000E+00  0.0000E+00  0.0000E+00  0.0000E+00  0.0000E+00  0.5000E-03  0.0000E+00  0.0000E+00  0.0000E+00  0.0000E+00  0.5000E-03  0.1000E-02  0.0000E+00  0.1500E-02  0.1000E-02  0.2500E-02  0.0000E+00  0.2500E-02  0.1500E-02  0.1500E-02  0.1500E-02  0.0000E+00  0.0000E+00  0.5000E-03  0.0000E+00  0.0000E+00  0.5000E-03  0.1000E-02  0.0000E+00  0.0000E+00  0.0000E+00  0.0000E+00  0.0000E+00  0.0000E+00  0.0000E+00  0.0000E+00  0.0000E+00  0.1500E-02  0.5000E-03  0.1000E-02  0.5000E-03  0.3500E-02  0.1500E-02  0.4500E-02  0.2500E-02
 Events:
          84         104         102          96         131         117         121         125           8           2           4           2          10           7          12           7           6           8           7           6           8           2           6          10         110          83         109          93         125         120         133         120           7           3           4           6           5           2           1           7           0           0           0           0           1           0           0           0           0           0           0           0           0           0           1           0           1           1           4           3           3           0           1           7           2           0           0           0           0           0           0           0           0           0           0           0           0           0           0           0           0           0           0           0           0           0           0           0           1           0           0           0           0           1           2           0           3           2           5           0           5           3           3           3           0           0           1           0           0           1           2           0           0           0           0           0           0           0           0           0           3           1           2           1           7           3           9           5
 Iteration  3   Mean: 0.9087E-07 Abs mean: 0.9087E-07   Fluctuation:  0.150E-07   0.399E-04    88.1%
  3    0.9087E-07 0.9087E-07 +- 0.1504E-07     10.47
 Relative summed weights:
  0.8144E-01  0.2583E-01  0.5711E-01  0.3695E-01  0.8330E-01  0.1611E+00  0.3243E-01  0.1072E+00  0.4635E-02  0.2202E-02  0.3712E-02  0.2737E-02  0.2859E-03  0.9061E-03  0.4263E-03  0.1506E-02  0.9712E-03  0.1113E-02  0.9979E-03  0.2136E-02  0.3434E-03  0.5057E-03  0.6512E-03  0.6510E-03  0.2585E-01  0.7650E-01  0.2924E-01  0.3092E-01  0.7182E-01  0.4784E-01  0.2763E-01  0.4960E-01  0.2385E-03  0.1549E-03  0.7076E-03  0.2400E-03  0.5842E-04  0.4017E-05  0.7210E-04  0.7410E-03  0.0000E+00  0.0000E+00  0.0000E+00  0.2121E-06  0.3204E-04  0.0000E+00  0.7629E-03  0.0000E+00  0.0000E+00  0.0000E+00  0.0000E+00  0.0000E+00  0.0000E+00  0.5274E-04  0.1780E-02  0.0000E+00  0.8417E-04  0.3313E-02  0.2672E-02  0.2160E-03  0.7681E-02  0.4620E-04  0.8776E-03  0.2878E-03  0.0000E+00  0.6504E-07  0.0000E+00  0.0000E+00  0.0000E+00  0.2316E-04  0.0000E+00  0.0000E+00  0.0000E+00  0.0000E+00  0.0000E+00  0.0000E+00  0.0000E+00  0.0000E+00  0.0000E+00  0.0000E+00  0.5965E-03  0.0000E+00  0.0000E+00  0.0000E+00  0.0000E+00  0.0000E+00  0.0000E+00  0.0000E+00  0.0000E+00  0.2260E-03  0.0000E+00  0.5197E-09  0.3461E-04  0.0000E+00  0.0000E+00  0.3525E-06  0.1035E-04  0.1471E-04  0.3607E-02  0.1056E-02  0.3316E-03  0.2492E-02  0.1473E-03  0.8190E-03  0.0000E+00  0.0000E+00  0.0000E+00  0.4820E-03  0.0000E+00  0.0000E+00  0.5141E-04  0.0000E+00  0.0000E+00  0.2807E-08  0.0000E+00  0.0000E+00  0.5309E-04  0.0000E+00  0.0000E+00  0.0000E+00  0.7698E-03  0.5683E-04  0.3087E-03  0.3439E-04  0.4108E-06  0.6795E-04  0.1313E-03  0.1277E-03
 Relative number of events:
  0.4800E-01  0.4175E-01  0.5525E-01  0.4650E-01  0.5925E-01  0.5800E-01  0.6650E-01  0.6750E-01  0.1750E-02  0.2500E-02  0.2000E-02  0.2750E-02  0.2500E-02  0.3750E-02  0.3000E-02  0.3750E-02  0.1750E-02  0.1500E-02  0.2750E-02  0.2500E-02  0.3250E-02  0.3750E-02  0.4750E-02  0.3250E-02  0.5050E-01  0.4650E-01  0.4625E-01  0.5125E-01  0.6725E-01  0.6625E-01  0.6375E-01  0.6325E-01  0.1500E-02  0.2000E-02  0.3000E-02  0.2250E-02  0.1000E-02  0.1000E-02  0.1500E-02  0.1500E-02  0.0000E+00  0.0000E+00  0.0000E+00  0.2500E-03  0.2500E-03  0.0000E+00  0.2500E-03  0.0000E+00  0.0000E+00  0.0000E+00  0.0000E+00  0.0000E+00  0.0000E+00  0.5000E-03  0.5000E-03  0.0000E+00  0.1250E-02  0.2500E-02  0.1500E-02  0.5000E-03  0.2750E-02  0.2500E-02  0.2500E-02  0.1750E-02  0.0000E+00  0.2500E-03  0.0000E+00  0.0000E+00  0.0000E+00  0.5000E-03  0.0000E+00  0.0000E+00  0.0000E+00  0.0000E+00  0.0000E+00  0.0000E+00  0.0000E+00  0.0000E+00  0.0000E+00  0.0000E+00  0.2500E-03  0.0000E+00  0.0000E+00  0.0000E+00  0.0000E+00  0.0000E+00  0.0000E+00  0.0000E+00  0.0000E+00  0.5000E-03  0.0000E+00  0.2500E-03  0.2500E-03  0.0000E+00  0.0000E+00  0.2500E-03  0.7500E-03  0.1000E-02  0.2500E-02  0.1000E-02  0.7500E-03  0.2500E-02  0.2250E-02  0.1500E-02  0.0000E+00  0.0000E+00  0.0000E+00  0.2500E-03  0.0000E+00  0.0000E+00  0.2500E-03  0.0000E+00  0.0000E+00  0.2500E-03  0.0000E+00  0.0000E+00  0.2500E-03  0.0000E+00  0.0000E+00  0.0000E+00  0.1750E-02  0.1000E-02  0.7500E-03  0.1000E-02  0.7500E-03  0.1750E-02  0.1500E-02  0.2000E-02
 Events:
         192         167         221         186         237         232         266         270           7          10           8          11          10          15          12          15           7           6          11          10          13          15          19          13         202         186         185         205         269         265         255         253           6           8          12           9           4           4           6           6           0           0           0           1           1           0           1           0           0           0           0           0           0           2           2           0           5          10           6           2          11          10          10           7           0           1           0           0           0           2           0           0           0           0           0           0           0           0           0           0           1           0           0           0           0           0           0           0           0           2           0           1           1           0           0           1           3           4          10           4           3          10           9           6           0           0           0           1           0           0           1           0           0           1           0           0           1           0           0           0           7           4           3           4           3           7           6           8
 Accuracy:    0.113   0.100   0.136   0.682
 Found          220  events.
 Wrote            9  events.
 Actual xsec    8.5582792787784348E-008
 Correct abs xsec    8.5582792787784348E-008
 Event xsec    8.5582792787784335E-008
 Events wgts > 1:            1
 % Cross section > 1:    5.2251718653950404E-016   6.1054000403464934E-007
 Iteration  4   Mean: 0.8375E-07 Abs mean: 0.8375E-07   Fluctuation:  0.392E-08   0.820E-05    88.6%
  4    0.8375E-07 0.8375E-07 +- 0.3919E-08      4.19
 Relative summed weights:
  0.5788E-01  0.5163E-01  0.4849E-01  0.4823E-01  0.7691E-01  0.5365E-01  0.5340E-01  0.4532E-01  0.4196E-03  0.3512E-02  0.2994E-02  0.5218E-03  0.1425E-02  0.4101E-02  0.8305E-03  0.2393E-02  0.1921E-02  0.5255E-02  0.2053E-02  0.3069E-02  0.1225E-01  0.2466E-02  0.2480E-02  0.1992E-02  0.4169E-01  0.5891E-01  0.4077E-01  0.6333E-01  0.6934E-01  0.7059E-01  0.5987E-01  0.6442E-01  0.9675E-02  0.8702E-03  0.8926E-03  0.2906E-03  0.1520E-02  0.1383E-02  0.5675E-03  0.5463E-03  0.0000E+00  0.1673E-05  0.3832E-04  0.4045E-04  0.3317E-03  0.2572E-05  0.4907E-06  0.0000E+00  0.0000E+00  0.0000E+00  0.8077E-03  0.0000E+00  0.0000E+00  0.1148E-04  0.0000E+00  0.0000E+00  0.2030E-03  0.1723E-02  0.4064E-03  0.5271E-03  0.1086E-02  0.3657E-02  0.5281E-02  0.1869E-02  0.0000E+00  0.0000E+00  0.0000E+00  0.2778E-04  0.0000E+00  0.1324E-03  0.0000E+00  0.0000E+00  0.0000E+00  0.0000E+00  0.0000E+00  0.0000E+00  0.0000E+00  0.0000E+00  0.0000E+00  0.0000E+00  0.0000E+00  0.0000E+00  0.0000E+00  0.0000E+00  0.0000E+00  0.0000E+00  0.0000E+00  0.0000E+00  0.2430E-04  0.1902E-04  0.0000E+00  0.1080E-02  0.0000E+00  0.2039E-05  0.1136E-04  0.4780E-04  0.1950E-03  0.1419E-03  0.7328E-03  0.6669E-04  0.1468E-03  0.6467E-03  0.1877E-02  0.1499E-03  0.1168E-04  0.0000E+00  0.0000E+00  0.3027E-03  0.0000E+00  0.3800E-05  0.0000E+00  0.0000E+00  0.5325E-06  0.3537E-04  0.3524E-06  0.6680E-03  0.0000E+00  0.0000E+00  0.0000E+00  0.0000E+00  0.4866E-03  0.6792E-02  0.1777E-03  0.2714E-03  0.6438E-03  0.6877E-03  0.4533E-03  0.3303E-03
 Relative number of events:
  0.4925E-01  0.4988E-01  0.4462E-01  0.4850E-01  0.6363E-01  0.6388E-01  0.6112E-01  0.6488E-01  0.2250E-02  0.3500E-02  0.2875E-02  0.2000E-02  0.2250E-02  0.3125E-02  0.2125E-02  0.3250E-02  0.3000E-02  0.3375E-02  0.2875E-02  0.2875E-02  0.3000E-02  0.3250E-02  0.2375E-02  0.2875E-02  0.5237E-01  0.5125E-01  0.4575E-01  0.5013E-01  0.6475E-01  0.6488E-01  0.6137E-01  0.6863E-01  0.1750E-02  0.1375E-02  0.1125E-02  0.8750E-03  0.1500E-02  0.2125E-02  0.2000E-02  0.1500E-02  0.0000E+00  0.1250E-03  0.3750E-03  0.1250E-03  0.2500E-03  0.1250E-03  0.1250E-03  0.0000E+00  0.0000E+00  0.0000E+00  0.1250E-03  0.0000E+00  0.0000E+00  0.2500E-03  0.0000E+00  0.0000E+00  0.1375E-02  0.1500E-02  0.1375E-02  0.1500E-02  0.2500E-02  0.2375E-02  0.2250E-02  0.1750E-02  0.0000E+00  0.0000E+00  0.0000E+00  0.2500E-03  0.0000E+00  0.2500E-03  0.0000E+00  0.0000E+00  0.0000E+00  0.0000E+00  0.0000E+00  0.0000E+00  0.0000E+00  0.0000E+00  0.0000E+00  0.0000E+00  0.0000E+00  0.0000E+00  0.0000E+00  0.0000E+00  0.0000E+00  0.0000E+00  0.0000E+00  0.0000E+00  0.2500E-03  0.1250E-03  0.0000E+00  0.1250E-03  0.0000E+00  0.2500E-03  0.2500E-03  0.2500E-03  0.1125E-02  0.3750E-03  0.1000E-02  0.3750E-03  0.8750E-03  0.1875E-02  0.1875E-02  0.1375E-02  0.1250E-03  0.0000E+00  0.0000E+00  0.2500E-03  0.0000E+00  0.1250E-03  0.0000E+00  0.0000E+00  0.1250E-03  0.1250E-03  0.1250E-03  0.2500E-03  0.0000E+00  0.0000E+00  0.0000E+00  0.0000E+00  0.1500E-02  0.7500E-03  0.7500E-03  0.1375E-02  0.1875E-02  0.1250E-02  0.1250E-02  0.1250E-02
 Events:
         394         399         357         388         509         511         489         519          18          28          23          16          18          25          17          26          24          27          23          23          24          26          19          23         419         410         366         401         518         519         491         549          14          11           9           7          12          17          16          12           0           1           3           1           2           1           1           0           0           0           1           0           0           2           0           0          11          12          11          12          20          19          18          14           0           0           0           2           0           2           0           0           0           0           0           0           0           0           0           0           0           0           0           0           0           0           0           0           2           1           0           1           0           2           2           2           9           3           8           3           7          15          15          11           1           0           0           2           0           1           0           0           1           1           1           2           0           0           0           0          12           6           6          11          15          10          10          10
 Accuracy:    0.031   0.100   0.044   0.480
 Finished due to accuracy    3.0664688627956349E-002  0.10000000000000001     

 -------------------------------------------------------------------------------
 Accumulated results:   Integral =  0.8394E-07
                        Std dev  =  0.3716E-08
                       Cross sec =  0.8394E-07
             Chi**2 per DoF.     =      0.4799
 -------------------------------------------------------------------------------
 Found          621  events.
 Wrote           91  events.
 Actual xsec    8.4412413353367287E-008
 Correct abs xsec    8.4412413353367287E-008
 Event xsec    8.4412413353367472E-008
 Events wgts > 1:            3
 % Cross section > 1:    2.4124172818600909E-010  0.28578939826790917     
-------------------------------------------------
---------------------------
 Results Last   3 iters: Integral =   0.8441E-07
                     Abs integral =   0.8441E-07
                          Std dev =   0.3763E-08
                  Chi**2 per DoF. =      0.1330
-------------------------------------------------
---------------------------
 Status  0.10000000000000001                5           5

ls status:
events.lhe
ftn26
input_app.txt
input_sg.txt
moffset.dat
results.dat
run1_app.log
run_01_log.txt
run_02_log.txt
run_03_log.txt
run_04_log.txt
run_05_log.txt
run_06_log.txt
run_07_log.txt
run_08_log.txt
run_09_log.txt
run_10_log.txt
run_11_log.txt
run_13_log.txt
run_14_log.txt
run_15_log.txt
run_16_log.txt
run_17_log.txt
run_18_log.txt
run_19_log.txt
