 Process in group number            1
 A PDF is used, so alpha_s(MZ) is going to be modified
 Old value of alpha_s from param_card:   0.11839999999999999     
  ****************************************
 
       NNPDFDriver version 1.0.3
   Grid: NNPDF23_lo_as_0130_qed_mem0.grid
  ****************************************
 New value of alpha_s from PDF nn23lo1:  0.13000000000000000     
 Define smin to   499.70131599999996     
 Warning: pt or E min of a jet should in general be >0
 Warning: pt or E min of a jet should in general be >0
 Warning: pt or E min of a jet should in general be >0
 Warning: pt or E min of a jet should in general be >0
 *****************************************************
 *               MadGraph/MadEvent                   *
 *        --------------------------------           *
 *          http://madgraph.hep.uiuc.edu             *
 *          http://madgraph.phys.ucl.ac.be           *
 *          http://madgraph.roma2.infn.it            *
 *        --------------------------------           *
 *                                                   *
 *          PARAMETER AND COUPLING VALUES            *
 *                                                   *
 *****************************************************

  External Params
  ---------------------------------
  
 mdl_cabi =   0.22773599999999999     
 aEWM1 =    127.90000000000001     
 mdl_Gf =    1.1663700000000000E-005
 aS =   0.11839999999999999     
 mdl_ymb =    4.7000000000000002     
 mdl_ymt =    172.00000000000000     
 mdl_ymtau =    1.7769999999999999     
 mdl_Lambda =    5000.0000000000000     
 mdl_ca =    1.0000000000000000     
 mdl_kSM =    5.0000000000000003E-002
 mdl_kHtt =    0.0000000000000000     
 mdl_kAtt =    0.0000000000000000     
 mdl_kHbb =    0.0000000000000000     
 mdl_kAbb =    0.0000000000000000     
 mdl_kHll =    0.0000000000000000     
 mdl_kAll =    0.0000000000000000     
 mdl_kHaa =    0.0000000000000000     
 mdl_kAaa =    0.0000000000000000     
 mdl_kHza =    0.0000000000000000     
 mdl_kAza =    0.0000000000000000     
 mdl_kHgg =    0.0000000000000000     
 mdl_kAgg =    0.0000000000000000     
 mdl_kHzz =  -0.52481000000000000     
 mdl_kAzz =    0.0000000000000000     
 mdl_kHww =  -0.52481000000000000     
 mdl_kAww =    0.0000000000000000     
 mdl_kHda =    0.0000000000000000     
 mdl_kHdz =  -0.26240500000000000     
 mdl_kHdwR =  -0.26240500000000000     
 mdl_kHdwI =    0.0000000000000000     
 mdl_kHHgg =    1.0000000000000000     
 mdl_kAAgg =    1.0000000000000000     
 mdl_kqa =    1.0000000000000000     
 mdl_kqb =    1.0000000000000000     
 mdl_kla =    1.0000000000000000     
 mdl_klb =    1.0000000000000000     
 mdl_kw1 =    1.0000000000000000     
 mdl_kw2 =    1.0000000000000000     
 mdl_kw3 =    0.0000000000000000     
 mdl_kw4 =    0.0000000000000000     
 mdl_kw5 =    0.0000000000000000     
 mdl_kz1 =    0.0000000000000000     
 mdl_kz3 =    1.0000000000000000     
 mdl_kz5 =    0.0000000000000000     
 mdl_kq =    1.0000000000000000     
 mdl_kq3 =    1.0000000000000000     
 mdl_kl =    1.0000000000000000     
 mdl_kg =    1.0000000000000000     
 mdl_ka =    1.0000000000000000     
 mdl_kz =    1.0000000000000000     
 mdl_kw =    1.0000000000000000     
 mdl_kza =    0.0000000000000000     
 mdl_MZ =    91.187600000000003     
 mdl_MTA =    1.7769999999999999     
 mdl_MT =    172.00000000000000     
 mdl_MB =    4.7000000000000002     
 mdl_MX0 =    600.00000000000000     
 mdl_MX1 =    125.00000000000000     
 mdl_MX2 =    125.00000000000000     
 mdl_WZ =    2.4952000000000001     
 mdl_WW =    2.0850000000000000     
 mdl_WT =    1.5083359999999999     
 mdl_WX0 =   0.15059000000000000     
 mdl_WX1 =    4.0699999999999998E-003
 mdl_WX2 =    4.0699999999999998E-003
  Internal Params
  ---------------------------------
  
 mdl_cos__cabi =   0.97418004031982097     
 mdl_CKM1x1 =  ( 0.97418004031982097     ,  0.0000000000000000     )
 mdl_sin__cabi =   0.22577256042856930     
 mdl_CKM1x2 =  ( 0.22577256042856930     ,  0.0000000000000000     )
 mdl_CKM2x1 =  (-0.22577256042856930     ,  0.0000000000000000     )
 mdl_CKM2x2 =  ( 0.97418004031982097     ,  0.0000000000000000     )
 mdl_ca__exp__2 =    1.0000000000000000     
 mdl_sa =    0.0000000000000000     
 mdl_complexi =  (  0.0000000000000000     ,  1.0000000000000000     )
 mdl_kHdw =  (-0.26240500000000000     ,  0.0000000000000000     )
 mdl_MZ__exp__2 =    8315.1783937600012     
 mdl_MZ__exp__4 =    69142191.720053151     
 mdl_sqrt__2 =    1.4142135623730951     
 mdl_nb__2__exp__0_75 =    1.6817928305074290     
 mdl_MX0__exp__2 =    360000.00000000000     
 mdl_ca__exp__4 =    1.0000000000000000     
 mdl_ca__exp__3 =    1.0000000000000000     
 mdl_conjg__CKM1x1 =  ( 0.97418004031982097     , -0.0000000000000000     )
 mdl_conjg__CKM1x2 =  ( 0.22577256042856930     , -0.0000000000000000     )
 mdl_conjg__CKM2x1 =  (-0.22577256042856930     , -0.0000000000000000     )
 mdl_conjg__CKM2x2 =  ( 0.97418004031982097     , -0.0000000000000000     )
 mdl_conjg__kHdw =  (-0.26240500000000000     , -0.0000000000000000     )
 mdl_aEW =    7.8186082877247844E-003
 mdl_MW =    79.824359746197842     
 mdl_sqrt__aEW =    8.8422894590285753E-002
 mdl_ee =   0.31345100004952897     
 mdl_MW__exp__2 =    6371.9284088904105     
 mdl_sw2 =   0.23369913342182447     
 mdl_cw =   0.87538612427783857     
 mdl_sqrt__sw2 =   0.48342438232036300     
 mdl_sw =   0.48342438232036300     
 mdl_ad =  -0.12747442148678401     
 mdl_al =   -1.2074027013887732E-002
 mdl_an =   0.18517461872323218     
 mdl_au =    6.9774224250335873E-002
 mdl_bd =  -0.18517461872323218     
 mdl_bl =  -0.18517461872323218     
 mdl_bn =   0.18517461872323218     
 mdl_bu =   0.18517461872323218     
 mdl_gwwz =  -0.56759788318358417     
 mdl_g1 =   0.35807170271074895     
 mdl_gw =   0.64839716719502682     
 mdl_vev =    246.22056907348590     
 mdl_ee__exp__2 =    9.8251529432049817E-002
 mdl_gAaa =    1.3477023594718659E-005
 mdl_vev__exp__2 =    60624.568634871241     
 mdl_cw__exp__2 =   0.76630086657817542     
 mdl_gAza =    4.4999802188047602E-006
 mdl_gHaa =    2.6392504539657372E-005
 mdl_gHza =    3.9166441035016922E-005
 mdl_lam =    2.9690932909411916     
 mdl_yb =    2.6995322804122722E-002
 mdl_yt =   0.98791394091683138     
 mdl_ytau =    1.0206529494239589E-002
 mdl_muH =    424.26406871192853     
 mdl_sw__exp__2 =   0.23369913342182450     
  Internal Params evaluated point by point
  ----------------------------------------
  
 mdl_sqrt__aS =   0.34409301068170506     
 mdl_G__exp__2 =    1.4878582807401259     
 mdl_gAAgg =    3.1083017473614446E-007
 mdl_gAgg =    7.6532782508744533E-005
 mdl_gHgg =   -5.1021855005829691E-005
 mdl_gHHgg =    2.0722011649076294E-007
  Couplings of HC_UFO
  ---------------------------------
  
        GC_10 =  -0.00000E+00   0.00000E+00
        GC_13 =  -0.00000E+00  -0.20722E-06
        GC_62 =   0.00000E+00   0.00000E+00
        GC_64 =   0.00000E+00   0.00000E+00
         GC_1 =  -0.00000E+00  -0.10448E+00
         GC_2 =   0.00000E+00   0.20897E+00
         GC_3 =  -0.00000E+00  -0.31345E+00
         GC_9 =  -0.00000E+00  -0.00000E+00
        GC_16 =  -0.00000E+00  -0.00000E+00
        GC_17 =   0.00000E+00  -0.12074E-01
        GC_19 =  -0.00000E+00   0.18517E+00
        GC_21 =   0.00000E+00  -0.12747E+00
        GC_22 =   0.00000E+00   0.69774E-01
        GC_23 =  -0.00000E+00   0.18517E+00
        GC_24 =  -0.00000E+00  -0.18517E+00
        GC_61 =   0.00000E+00   0.00000E+00
        GC_66 =   0.00000E+00   0.00000E+00
        GC_77 =  -0.00000E+00  -0.28380E+00
        GC_78 =   0.00000E+00   0.28380E+00
        GC_89 =  -0.00000E+00  -0.28850E-01
        GC_90 =   0.00000E+00   0.86550E-01
        GC_98 =  -0.00000E+00  -0.21932E+03
       GC_100 =   0.00000E+00   0.33771E+01
       GC_101 =  -0.00000E+00  -0.00000E+00
       GC_102 =   0.00000E+00   0.00000E+00
       GC_105 =  -0.00000E+00  -0.00000E+00
       GC_106 =   0.00000E+00   0.00000E+00
        GC_35 =  -0.00000E+00  -0.20000E-03
        GC_38 =  -0.00000E+00  -0.00000E+00
        GC_40 =   0.00000E+00   0.52481E-04
        GC_42 =   0.00000E+00   0.10496E-03
        GC_43 =   0.00000E+00   0.50000E-04
        GC_45 =   0.00000E+00   0.50000E-04
        GC_49 =   0.00000E+00   0.50000E-04
        GC_56 =  -0.00000E+00  -0.94000E-03
        GC_58 =  -0.00000E+00  -0.35540E-03
        GC_68 =   0.00000E+00   0.00000E+00

 Collider parameters:
 --------------------

 Running at P P   machine @    13000.000000000000       GeV
 PDF set = nn23lo1
 alpha_s(Mz)= 0.1300 running at 2 loops.
 alpha_s(Mz)= 0.1300 running at 2 loops.
 Renormalization scale set on event-by-event basis
 Factorization   scale set on event-by-event basis


 getting user params
Enter number of events and max and min iterations: 
 Number of events and iterations         1000           5           3
Enter desired fractional accuracy: 
 Desired fractional accuracy:   0.10000000000000001     
Enter 0 for fixed, 2 for adjustable grid: 
Suppress amplitude (0 no, 1 yes)? 
 Using suppressed amplitude.
Exact helicity sum (0 yes, n = number/event)? 
 Explicitly summing over helicities
Enter Configuration Number: 
Running Configuration Number:   39
 Using dconfig=          68
 BW Setting            2           1           1           2           0           0
 Attempting mappinvarients           1           8
 Completed mapping           8
 about to integrate           16        1000           5           3          16           1
 Using non-zero grid deformation.
 16 dimensions   1000 events 16 invarients  5 iterations  1 config(s),  (0.99)
 Using h-tuple random number sequence.
 Error opening grid
 Using Uniform Grid!          32
 Using uniform alpha   1.0000000000000000     
 Grid defined OK
 Set CM energy to      13000.00
 Mapping Graph          39  to config          39
Setting grid   1    0.74739E-07   1
Setting grid   2    0.52284E-06   1
 Setting BW          -3           2   600.00000000000000     
 Setting BW          -4           3   91.187600000000003     
Setting grid   5    0.25116E-02   1
 Transforming s_hat 1/s           15   2.5115575576956360E-003   499.70131599999996        168999999.99999997     
  39   1   2   3   4   5   6   7   8   9  10  11  12  13  14
  15  16
 Masses: 0.470E+01 0.470E+01 0.470E+01 0.470E+01 0.178E+01 0.178E+01 0.470E+01 0.470E+01
Using random seed offsets    39 :     20
  with seed                   24
 Ranmar initialization seeds       31097        9417
 
 ********************************************
 * You are using the DiscreteSampler module *
 *      part of the MG5_aMC framework       *
 *         Author: Valentin Hirschi         *
 ********************************************
 
  Particle       3       4       5       6       7       8
      Et >     0.0     0.0     0.0     0.0     0.0     0.0
       E >     0.0     0.0     0.0     0.0     0.0     0.0
     Eta <    -1.0    -1.0    -1.0    -1.0    -1.0    -1.0
   xqcut:      0.0     0.0     0.0     0.0     0.0     0.0
d R # 3  >    -0.0     0.0     0.0     0.0     0.0     0.0
d R # 4  >    -0.0    -0.0     0.0     0.0     0.0     0.0
d R # 5  >    -0.0    -0.0    -0.0     0.0     0.0     0.0
d R # 6  >    -0.0    -0.0    -0.0    -0.0     0.0     0.0
d R # 7  >    -0.0    -0.0    -0.0    -0.0    -0.0     0.0
s min # 3>     0.0    88.4    42.0    42.0    88.4     0.0
s min # 4>     0.0     0.0    42.0    42.0    88.4     0.0
s min # 5>     0.0     0.0     0.0    12.6    42.0     0.0
s min # 6>     0.0     0.0     0.0     0.0    42.0     0.0
s min # 7>     0.0     0.0     0.0     0.0     0.0     0.0
xqcutij # 3>     0.0     0.0     0.0     0.0     0.0     0.0
xqcutij # 4>     0.0     0.0     0.0     0.0     0.0     0.0
xqcutij # 5>     0.0     0.0     0.0     0.0     0.0     0.0
xqcutij # 6>     0.0     0.0     0.0     0.0     0.0     0.0
xqcutij # 7>     0.0     0.0     0.0     0.0     0.0     0.0
 Excluding BW           -1           1
 Requiring BW           -3           2
 Requiring BW           -4           3
 Excluding BW           -5           4
 alpha_s for scale    229.77757092621795       is   0.11267963964209493     
 Added good helicity            1   13.500076903713229       in event            1 local:           1
 Added good helicity            2   8.5309676746810517E-002  in event            1 local:           1
 Added good helicity            3   4.9051241562662867E-003  in event            1 local:           1
 Added good helicity            4   5.6057868500283374E-002  in event            1 local:           1
 Added good helicity            5  0.17555724527039618       in event            1 local:           1
 Added good helicity            6   4.8156755334687224E-005  in event            1 local:           1
 Added good helicity            7   2.0336074319648200E-005  in event            1 local:           1
 Added good helicity            8   5.8158922877498557E-003  in event            1 local:           1
 Added good helicity            9  0.17488144925327825       in event            1 local:           1
 Added good helicity           10   4.9867949026267676E-005  in event            1 local:           1
 Added good helicity           11   2.2607017055830569E-005  in event            1 local:           1
 Added good helicity           12   5.5620300863067750E-003  in event            1 local:           1
 Added good helicity           13   1.1494691193079181       in event            1 local:           1
 Added good helicity           14   3.1639945422453127E-003  in event            1 local:           1
 Added good helicity           15  0.38150826353420619       in event            1 local:           1
 Added good helicity           16  0.33471081489022991       in event            1 local:           1
 Added good helicity           17   6.6601642982245773E-002  in event            1 local:           1
 Added good helicity           18   4.2086905683174942E-004  in event            1 local:           1
 Added good helicity           19   2.4199071617835021E-005  in event            1 local:           1
 Added good helicity           20   2.7655739821560830E-004  in event            1 local:           1
 Added good helicity           21   8.6609884194285304E-004  in event            1 local:           1
 Added good helicity           22   2.3757783373085967E-007  in event            1 local:           1
 Added good helicity           23   1.0032653674180868E-007  in event            1 local:           1
 Added good helicity           24   2.8692279646597551E-005  in event            1 local:           1
 Added good helicity           25   8.6276485167139532E-004  in event            1 local:           1
 Added good helicity           26   2.4601988277494793E-007  in event            1 local:           1
 Added good helicity           27   1.1153006679775521E-007  in event            1 local:           1
 Added good helicity           28   2.7439869024955190E-005  in event            1 local:           1
 Added good helicity           29   5.6708219108148501E-003  in event            1 local:           1
 Added good helicity           30   1.5609335887741180E-005  in event            1 local:           1
 Added good helicity           31   1.8821431421396511E-003  in event            1 local:           1
 Added good helicity           32   1.6512713486457327E-003  in event            1 local:           1
 Added good helicity           33   3.4602928960501440E-002  in event            1 local:           1
 Added good helicity           34   2.1866280504678328E-004  in event            1 local:           1
 Added good helicity           35   1.2572644136200202E-005  in event            1 local:           1
 Added good helicity           36   1.4368558455092210E-004  in event            1 local:           1
 Added good helicity           37   4.4998224305833092E-004  in event            1 local:           1
 Added good helicity           38   1.2343372528167557E-007  in event            1 local:           1
 Added good helicity           39   5.2124720476571066E-008  in event            1 local:           1
 Added good helicity           40   1.4907093426970267E-005  in event            1 local:           1
 Added good helicity           41   4.4825006614268028E-004  in event            1 local:           1
 Added good helicity           42   1.2781979761072499E-007  in event            1 local:           1
 Added good helicity           43   5.7945522145624559E-008  in event            1 local:           1
 Added good helicity           44   1.4256402635729271E-005  in event            1 local:           1
 Added good helicity           45   2.9462793850279366E-003  in event            1 local:           1
 Added good helicity           46   8.1098410888767043E-006  in event            1 local:           1
 Added good helicity           47   9.7786875105039983E-004  in event            1 local:           1
 Added good helicity           48   8.5791915353997214E-004  in event            1 local:           1
 Added good helicity           49  0.20268554632003263       in event            1 local:           1
 Added good helicity           50   1.2808103658325644E-003  in event            1 local:           1
 Added good helicity           51   7.3643859695863325E-005  in event            1 local:           1
 Added good helicity           52   8.4163370205626864E-004  in event            1 local:           1
 Added good helicity           53   2.6357565532299345E-003  in event            1 local:           1
 Added good helicity           54   7.2300908606872723E-007  in event            1 local:           1
 Added good helicity           55   3.0531887802424054E-007  in event            1 local:           1
 Added good helicity           56   8.7317821527136213E-005  in event            1 local:           1
 Added good helicity           57   2.6256103825149537E-003  in event            1 local:           1
 Added good helicity           58   7.4870036403040867E-007  in event            1 local:           1
 Added good helicity           59   3.3941403706870700E-007  in event            1 local:           1
 Added good helicity           60   8.3506421091680537E-005  in event            1 local:           1
 Added good helicity           61   1.7257736980805679E-002  in event            1 local:           1
 Added good helicity           62   4.7503134013422086E-005  in event            1 local:           1
 Added good helicity           63   5.7278348391310895E-003  in event            1 local:           1
 Added good helicity           64   5.0252339197112139E-003  in event            1 local:           1
 Added good helicity           65  0.86096566293280763       in event            1 local:           1
 Added good helicity           66   5.4406136290008110E-003  in event            1 local:           1
 Added good helicity           67   3.1282366027159060E-004  in event            1 local:           1
 Added good helicity           68   3.5750833317602440E-003  in event            1 local:           1
 Added good helicity           69   1.1196140669043914E-002  in event            1 local:           1
 Added good helicity           70   3.0711908589215503E-006  in event            1 local:           1
 Added good helicity           71   1.2969305162440192E-006  in event            1 local:           1
 Added good helicity           72   3.7090778036168745E-004  in event            1 local:           1
 Added good helicity           73   1.1153041865234484E-002  in event            1 local:           1
 Added good helicity           74   3.1803220158464974E-006  in event            1 local:           1
 Added good helicity           75   1.4417595962770307E-006  in event            1 local:           1
 Added good helicity           76   3.5471775121460105E-004  in event            1 local:           1
 Added good helicity           77   7.3307244794548226E-002  in event            1 local:           1
 Added good helicity           78   2.0178334375493478E-004  in event            1 local:           1
 Added good helicity           79   2.4330640289739892E-002  in event            1 local:           1
 Added good helicity           80   2.1346139039658662E-002  in event            1 local:           1
 Added good helicity           81   1.0061756798896292E-003  in event            1 local:           1
 Added good helicity           82   6.3582246689481505E-006  in event            1 local:           1
 Added good helicity           83   3.6558433467269935E-007  in event            1 local:           1
 Added good helicity           84   4.1780550106290125E-006  in event            1 local:           1
 Added good helicity           85   1.3084475879608188E-005  in event            1 local:           1
 Added good helicity           88   4.3346489198013457E-007  in event            1 local:           1
 Added good helicity           89   1.3034108054162449E-005  in event            1 local:           1
 Added good helicity           92   4.1454426101209817E-007  in event            1 local:           1
 Added good helicity           93   8.5671206236881671E-005  in event            1 local:           1
 Added good helicity           94   2.3581601663581030E-007  in event            1 local:           1
 Added good helicity           95   2.8434233314586464E-005  in event            1 local:           1
 Added good helicity           96   2.4946367649650769E-005  in event            1 local:           1
 Added good helicity           97   4.7688095034689217E-003  in event            1 local:           1
 Added good helicity           98   3.0135057756312027E-005  in event            1 local:           1
 Added good helicity           99   1.7327014400683703E-006  in event            1 local:           1
 Added good helicity          100   1.9802057273824356E-005  in event            1 local:           1
 Added good helicity          101   6.2014391889724454E-005  in event            1 local:           1
 Added good helicity          102   1.7011043280288162E-008  in event            1 local:           1
 Added good helicity          104   2.0544240311212293E-006  in event            1 local:           1
 Added good helicity          105   6.1775671585253349E-005  in event            1 local:           1
 Added good helicity          106   1.7615510706428561E-008  in event            1 local:           1
 Added good helicity          108   1.9647489509385145E-006  in event            1 local:           1
 Added good helicity          109   4.0604207658935114E-004  in event            1 local:           1
 Added good helicity          110   1.1176593548021303E-006  in event            1 local:           1
 Added good helicity          111   1.3476517547047719E-004  in event            1 local:           1
 Added good helicity          112   1.1823429794857883E-004  in event            1 local:           1
 Added good helicity          113   2.7326522013290052E-002  in event            1 local:           1
 Added good helicity          114   1.7268173923714250E-004  in event            1 local:           1
 Added good helicity          115   9.9288310866779931E-006  in event            1 local:           1
 Added good helicity          116   1.1347095194470859E-004  in event            1 local:           1
 Added good helicity          117   3.5535863696854302E-004  in event            1 local:           1
 Added good helicity          118   9.7477713951392210E-008  in event            1 local:           1
 Added good helicity          119   4.1163779030541589E-008  in event            1 local:           1
 Added good helicity          120   1.1772385428738322E-005  in event            1 local:           1
 Added good helicity          121   3.5399070737303199E-004  in event            1 local:           1
 Added good helicity          122   1.0094146992963512E-007  in event            1 local:           1
 Added good helicity          123   4.5760565190636682E-008  in event            1 local:           1
 Added good helicity          124   1.1258523834796699E-005  in event            1 local:           1
 Added good helicity          125   2.3267269821052147E-003  in event            1 local:           1
 Added good helicity          126   6.4044795540990525E-006  in event            1 local:           1
 Added good helicity          127   7.7223959804644134E-004  in event            1 local:           1
 Added good helicity          128   6.7751335910304030E-004  in event            1 local:           1
 Added good helicity          129   1.1424960325214115       in event            1 local:           1
 Added good helicity          130   7.2196601481660447E-003  in event            1 local:           1
 Added good helicity          131   4.1511503434604546E-004  in event            1 local:           1
 Added good helicity          132   4.7441131491306439E-003  in event            1 local:           1
 Added good helicity          133   1.4857208416838562E-002  in event            1 local:           1
 Added good helicity          134   4.0754509993829317E-006  in event            1 local:           1
 Added good helicity          135   1.7210186573728422E-006  in event            1 local:           1
 Added good helicity          136   4.9219229725265285E-004  in event            1 local:           1
 Added good helicity          137   1.4800016574609979E-002  in event            1 local:           1
 Added good helicity          138   4.2202673598711149E-006  in event            1 local:           1
 Added good helicity          139   1.9132059378362621E-006  in event            1 local:           1
 Added good helicity          140   4.7070823015996115E-004  in event            1 local:           1
 Added good helicity          141   9.7278253870832582E-002  in event            1 local:           1
 Added good helicity          142   2.6776523105882468E-004  in event            1 local:           1
 Added good helicity          143   3.2286607000148008E-002  in event            1 local:           1
 Added good helicity          144   2.8326192567756051E-002  in event            1 local:           1
 Added good helicity          145   1.3289247844167041E-003  in event            1 local:           1
 Added good helicity          146   8.3977405897762903E-006  in event            1 local:           1
 Added good helicity          147   4.8285214287263844E-007  in event            1 local:           1
 Added good helicity          148   5.5182419583927394E-006  in event            1 local:           1
 Added good helicity          149   1.7281558911681560E-005  in event            1 local:           1
 Added good helicity          152   5.7250662050398440E-007  in event            1 local:           1
 Added good helicity          153   1.7215034692392778E-005  in event            1 local:           1
 Added good helicity          156   5.4751685387298793E-007  in event            1 local:           1
 Added good helicity          157   1.1315179998343392E-004  in event            1 local:           1
 Added good helicity          158   3.1145828241855934E-007  in event            1 local:           1
 Added good helicity          159   3.7555029536975163E-005  in event            1 local:           1
 Added good helicity          160   3.2948367679119949E-005  in event            1 local:           1
 Added good helicity          161   6.3106757242643516E-003  in event            1 local:           1
 Added good helicity          162   3.9878417725373043E-005  in event            1 local:           1
 Added good helicity          163   2.2929238224515731E-006  in event            1 local:           1
 Added good helicity          164   2.6204519605472637E-005  in event            1 local:           1
 Added good helicity          165   8.2065076654628955E-005  in event            1 local:           1
 Added good helicity          166   2.2511106345354215E-008  in event            1 local:           1
 Added good helicity          168   2.7186667555311681E-006  in event            1 local:           1
 Added good helicity          169   8.1749172563845083E-005  in event            1 local:           1
 Added good helicity          170   2.3311012047076609E-008  in event            1 local:           1
 Added good helicity          171   1.0567758594991383E-008  in event            1 local:           1
 Added good helicity          172   2.5999976513933606E-006  in event            1 local:           1
 Added good helicity          173   5.3732485516529182E-004  in event            1 local:           1
 Added good helicity          174   1.4790244301467985E-006  in event            1 local:           1
 Added good helicity          175   1.7833786832942804E-004  in event            1 local:           1
 Added good helicity          176   1.5646217641882736E-004  in event            1 local:           1
 Added good helicity          177   3.6264656112011441E-002  in event            1 local:           1
 Added good helicity          178   2.2916359012732778E-004  in event            1 local:           1
 Added good helicity          179   1.3176416844321088E-005  in event            1 local:           1
 Added good helicity          180   1.5058575873563919E-004  in event            1 local:           1
 Added good helicity          181   4.7159161930046735E-004  in event            1 local:           1
 Added good helicity          182   1.2936134987515194E-007  in event            1 local:           1
 Added good helicity          183   5.4627891909823373E-008  in event            1 local:           1
 Added good helicity          184   1.5622972765565230E-005  in event            1 local:           1
 Added good helicity          185   4.6977625851864051E-004  in event            1 local:           1
 Added good helicity          186   1.3395805337608826E-007  in event            1 local:           1
 Added good helicity          187   6.0728224372008948E-008  in event            1 local:           1
 Added good helicity          188   1.4941034025450402E-005  in event            1 local:           1
 Added good helicity          189   3.0877677675756597E-003  in event            1 local:           1
 Added good helicity          190   8.4992978064626849E-006  in event            1 local:           1
 Added good helicity          191   1.0248286790983533E-003  in event            1 local:           1
 Added good helicity          192   8.9911877432540237E-004  in event            1 local:           1
 Added good helicity          193   187.44700950993030       in event            1 local:           1
 Added good helicity          194   1.1845150144330006       in event            1 local:           1
 Added good helicity          195   6.8107082716998363E-002  in event            1 local:           1
 Added good helicity          196  0.77835703343207097       in event            1 local:           1
 Added good helicity          197   2.4375920862114344       in event            1 local:           1
 Added good helicity          198   6.6865098914404382E-004  in event            1 local:           1
 Added good helicity          199   2.8236404455898081E-004  in event            1 local:           1
 Added good helicity          200   8.0752993093744840E-002  in event            1 local:           1
 Added good helicity          201   2.4282087365200971       in event            1 local:           1
 Added good helicity          202   6.9241071603054656E-004  in event            1 local:           1
 Added good helicity          203   3.1389582231860212E-004  in event            1 local:           1
 Added good helicity          204   7.7228145729725403E-002  in event            1 local:           1
 Added good helicity          205   15.960246039710981       in event            1 local:           1
 Added good helicity          206   4.3931699002877328E-002  in event            1 local:           1
 Added good helicity          207   5.2971982021186621       in event            1 local:           1
 Added good helicity          208   4.6474210294719551       in event            1 local:           1
 Added good helicity          209  0.32711152586037379       in event            1 local:           1
 Added good helicity          210   2.0670829307371506E-003  in event            1 local:           1
 Added good helicity          211   1.1885285237519769E-004  in event            1 local:           1
 Added good helicity          212   1.3583015143094641E-003  in event            1 local:           1
 Added good helicity          213   4.2538126846112896E-003  in event            1 local:           1
 Added good helicity          214   1.1668548135219467E-006  in event            1 local:           1
 Added good helicity          215   4.9275010417758450E-007  in event            1 local:           1
 Added good helicity          216   1.4092107875045992E-004  in event            1 local:           1
 Added good helicity          217   4.2374379137187614E-003  in event            1 local:           1
 Added good helicity          218   1.2083176276590698E-006  in event            1 local:           1
 Added good helicity          219   5.4777583098435707E-007  in event            1 local:           1
 Added good helicity          220   1.3476990993382306E-004  in event            1 local:           1
 Added good helicity          221   2.7852033749731650E-002  in event            1 local:           1
 Added good helicity          222   7.6664680498456057E-005  in event            1 local:           1
 Added good helicity          223   9.2440769858644634E-003  in event            1 local:           1
 Added good helicity          224   8.1101586429183602E-003  in event            1 local:           1
 Added good helicity          225   1.0331413404918592       in event            1 local:           1
 Added good helicity          226   6.5286260530030577E-003  in event            1 local:           1
 Added good helicity          227   3.7538205020817860E-004  in event            1 local:           1
 Added good helicity          228   4.2900275176631980E-003  in event            1 local:           1
 Added good helicity          229   1.3435141814771992E-002  in event            1 local:           1
 Added good helicity          230   3.6853667660613589E-006  in event            1 local:           1
 Added good helicity          231   1.5562903258102596E-006  in event            1 local:           1
 Added good helicity          232   4.4508181673168570E-004  in event            1 local:           1
 Added good helicity          233   1.3383424123976298E-002  in event            1 local:           1
 Added good helicity          234   3.8163219418703468E-006  in event            1 local:           1
 Added good helicity          235   1.7300822856171230E-006  in event            1 local:           1
 Added good helicity          236   4.2565410998825350E-004  in event            1 local:           1
 Added good helicity          237   8.7967207538583503E-002  in event            1 local:           1
 Added good helicity          238   2.4213592159502031E-004  in event            1 local:           1
 Added good helicity          239   2.9196275073665595E-002  in event            1 local:           1
 Added good helicity          240   2.5614934080686658E-002  in event            1 local:           1
 Added good helicity          241   12.980722442850634       in event            1 local:           1
 Added good helicity          242   8.2027772392546147E-002  in event            1 local:           1
 Added good helicity          243   4.7164216673981647E-003  in event            1 local:           1
 Added good helicity          244   5.3901295298536461E-002  in event            1 local:           1
 Added good helicity          245  0.16880347348685548       in event            1 local:           1
 Added good helicity          246   4.6304141762029791E-005  in event            1 local:           1
 Added good helicity          247   1.9553735745603680E-005  in event            1 local:           1
 Added good helicity          248   5.5921521101877274E-003  in event            1 local:           1
 Added good helicity          249  0.16815367566801653       in event            1 local:           1
 Added good helicity          250   4.7949505008090519E-005  in event            1 local:           1
 Added good helicity          251   2.1737314220914667E-005  in event            1 local:           1
 Added good helicity          252   5.3480561099081055E-003  in event            1 local:           1
 Added good helicity          253   1.1052484886408329       in event            1 local:           1
 Added good helicity          254   3.0422741482520046E-003  in event            1 local:           1
 Added good helicity          255  0.36683145688076174       in event            1 local:           1
 Added good helicity          256  0.32183432862633504       in event            1 local:           1
 Added good helicity            1   13.500076903713222       in event            1 local:           1
 Added good helicity            2   8.5309676746810545E-002  in event            1 local:           1
 Added good helicity            3   4.9051241562662745E-003  in event            1 local:           1
 Added good helicity            4   5.6057868500283194E-002  in event            1 local:           1
 Added good helicity            5  0.17555724527039601       in event            1 local:           1
 Added good helicity            6   4.8156755334687332E-005  in event            1 local:           1
 Added good helicity            7   2.0336074319648112E-005  in event            1 local:           1
 Added good helicity            8   5.8158922877498513E-003  in event            1 local:           1
 Added good helicity            9  0.17488144925327814       in event            1 local:           1
 Added good helicity           10   4.9867949026267852E-005  in event            1 local:           1
 Added good helicity           11   2.2607017055830549E-005  in event            1 local:           1
 Added good helicity           12   5.5620300863067759E-003  in event            1 local:           1
 Added good helicity           13   1.1494691193079172       in event            1 local:           1
 Added good helicity           14   3.1639945422453292E-003  in event            1 local:           1
 Added good helicity           15  0.38150826353420569       in event            1 local:           1
 Added good helicity           16  0.33471081489022975       in event            1 local:           1
 Added good helicity           17   6.6601642982245690E-002  in event            1 local:           1
 Added good helicity           18   4.2086905683174925E-004  in event            1 local:           1
 Added good helicity           19   2.4199071617834974E-005  in event            1 local:           1
 Added good helicity           20   2.7655739821560744E-004  in event            1 local:           1
 Added good helicity           21   8.6609884194285185E-004  in event            1 local:           1
 Added good helicity           22   2.3757783373086009E-007  in event            1 local:           1
 Added good helicity           23   1.0032653674180813E-007  in event            1 local:           1
 Added good helicity           24   2.8692279646597490E-005  in event            1 local:           1
 Added good helicity           25   8.6276485167139467E-004  in event            1 local:           1
 Added good helicity           26   2.4601988277494877E-007  in event            1 local:           1
 Added good helicity           27   1.1153006679775504E-007  in event            1 local:           1
 Added good helicity           28   2.7439869024955207E-005  in event            1 local:           1
 Added good helicity           29   5.6708219108148467E-003  in event            1 local:           1
 Added good helicity           30   1.5609335887741251E-005  in event            1 local:           1
 Added good helicity           31   1.8821431421396496E-003  in event            1 local:           1
 Added good helicity           32   1.6512713486457322E-003  in event            1 local:           1
 Added good helicity           33   3.4602928960501482E-002  in event            1 local:           1
 Added good helicity           34   2.1866280504678369E-004  in event            1 local:           1
 Added good helicity           35   1.2572644136200202E-005  in event            1 local:           1
 Added good helicity           36   1.4368558455092189E-004  in event            1 local:           1
 Added good helicity           37   4.4998224305833141E-004  in event            1 local:           1
 Added good helicity           38   1.2343372528167610E-007  in event            1 local:           1
 Added good helicity           39   5.2124720476570894E-008  in event            1 local:           1
 Added good helicity           40   1.4907093426970277E-005  in event            1 local:           1
 Added good helicity           41   4.4825006614268082E-004  in event            1 local:           1
 Added good helicity           42   1.2781979761072570E-007  in event            1 local:           1
 Added good helicity           43   5.7945522145624612E-008  in event            1 local:           1
 Added good helicity           44   1.4256402635729293E-005  in event            1 local:           1
 Added good helicity           45   2.9462793850279397E-003  in event            1 local:           1
 Added good helicity           46   8.1098410888767551E-006  in event            1 local:           1
 Added good helicity           47   9.7786875105040113E-004  in event            1 local:           1
 Added good helicity           48   8.5791915353997268E-004  in event            1 local:           1
 Added good helicity           49  0.20268554632003266       in event            1 local:           1
 Added good helicity           50   1.2808103658325646E-003  in event            1 local:           1
 Added good helicity           51   7.3643859695863217E-005  in event            1 local:           1
 Added good helicity           52   8.4163370205626604E-004  in event            1 local:           1
 Added good helicity           53   2.6357565532299358E-003  in event            1 local:           1
 Added good helicity           54   7.2300908606872945E-007  in event            1 local:           1
 Added good helicity           55   3.0531887802423921E-007  in event            1 local:           1
 Added good helicity           56   8.7317821527136105E-005  in event            1 local:           1
 Added good helicity           57   2.6256103825149537E-003  in event            1 local:           1
 Added good helicity           58   7.4870036403041152E-007  in event            1 local:           1
 Added good helicity           59   3.3941403706870663E-007  in event            1 local:           1
 Added good helicity           60   8.3506421091680605E-005  in event            1 local:           1
 Added good helicity           61   1.7257736980805672E-002  in event            1 local:           1
 Added good helicity           62   4.7503134013422317E-005  in event            1 local:           1
 Added good helicity           63   5.7278348391310912E-003  in event            1 local:           1
 Added good helicity           64   5.0252339197112087E-003  in event            1 local:           1
 Added good helicity           65  0.86096566293280652       in event            1 local:           1
 Added good helicity           66   5.4406136290008093E-003  in event            1 local:           1
 Added good helicity           67   3.1282366027158935E-004  in event            1 local:           1
 Added good helicity           68   3.5750833317602314E-003  in event            1 local:           1
 Added good helicity           69   1.1196140669043895E-002  in event            1 local:           1
 Added good helicity           70   3.0711908589215528E-006  in event            1 local:           1
 Added good helicity           71   1.2969305162440128E-006  in event            1 local:           1
 Added good helicity           72   3.7090778036168696E-004  in event            1 local:           1
 Added good helicity           73   1.1153041865234470E-002  in event            1 local:           1
 Added good helicity           74   3.1803220158465071E-006  in event            1 local:           1
 Added good helicity           75   1.4417595962770284E-006  in event            1 local:           1
 Added good helicity           76   3.5471775121460083E-004  in event            1 local:           1
 Added good helicity           77   7.3307244794548088E-002  in event            1 local:           1
 Added good helicity           78   2.0178334375493562E-004  in event            1 local:           1
 Added good helicity           79   2.4330640289739847E-002  in event            1 local:           1
 Added good helicity           80   2.1346139039658610E-002  in event            1 local:           1
 Added good helicity           81   1.0061756798896248E-003  in event            1 local:           1
 Added good helicity           82   6.3582246689481234E-006  in event            1 local:           1
 Added good helicity           83   3.6558433467269718E-007  in event            1 local:           1
 Added good helicity           84   4.1780550106289829E-006  in event            1 local:           1
 Added good helicity           85   1.3084475879608120E-005  in event            1 local:           1
 Added good helicity           88   4.3346489198013234E-007  in event            1 local:           1
 Added good helicity           89   1.3034108054162378E-005  in event            1 local:           1
 Added good helicity           92   4.1454426101209632E-007  in event            1 local:           1
 Added good helicity           93   8.5671206236881224E-005  in event            1 local:           1
 Added good helicity           94   2.3581601663581028E-007  in event            1 local:           1
 Added good helicity           95   2.8434233314586312E-005  in event            1 local:           1
 Added good helicity           96   2.4946367649650623E-005  in event            1 local:           1
 Added good helicity           97   4.7688095034689329E-003  in event            1 local:           1
 Added good helicity           98   3.0135057756312091E-005  in event            1 local:           1
 Added good helicity           99   1.7327014400683711E-006  in event            1 local:           1
 Added good helicity          100   1.9802057273824343E-005  in event            1 local:           1
 Added good helicity          101   6.2014391889724576E-005  in event            1 local:           1
 Added good helicity          102   1.7011043280288238E-008  in event            1 local:           1
 Added good helicity          104   2.0544240311212322E-006  in event            1 local:           1
 Added good helicity          105   6.1775671585253443E-005  in event            1 local:           1
 Added good helicity          106   1.7615510706428654E-008  in event            1 local:           1
 Added good helicity          108   1.9647489509385188E-006  in event            1 local:           1
 Added good helicity          109   4.0604207658935174E-004  in event            1 local:           1
 Added good helicity          110   1.1176593548021388E-006  in event            1 local:           1
 Added good helicity          111   1.3476517547047746E-004  in event            1 local:           1
 Added good helicity          112   1.1823429794857896E-004  in event            1 local:           1
 Added good helicity          113   2.7326522013290194E-002  in event            1 local:           1
 Added good helicity          114   1.7268173923714342E-004  in event            1 local:           1
 Added good helicity          115   9.9288310866780253E-006  in event            1 local:           1
 Added good helicity          116   1.1347095194470875E-004  in event            1 local:           1
 Added good helicity          117   3.5535863696854476E-004  in event            1 local:           1
 Added good helicity          118   9.7477713951392964E-008  in event            1 local:           1
 Added good helicity          119   4.1163779030541609E-008  in event            1 local:           1
 Added good helicity          120   1.1772385428738372E-005  in event            1 local:           1
 Added good helicity          121   3.5399070737303373E-004  in event            1 local:           1
 Added good helicity          122   1.0094146992963603E-007  in event            1 local:           1
 Added good helicity          123   4.5760565190636874E-008  in event            1 local:           1
 Added good helicity          124   1.1258523834796755E-005  in event            1 local:           1
 Added good helicity          125   2.3267269821052247E-003  in event            1 local:           1
 Added good helicity          126   6.4044795540991168E-006  in event            1 local:           1
 Added good helicity          127   7.7223959804644524E-004  in event            1 local:           1
 Added good helicity          128   6.7751335910304366E-004  in event            1 local:           1
 Added good helicity          129   1.1424960325214104       in event            1 local:           1
 Added good helicity          130   7.2196601481660403E-003  in event            1 local:           1
 Added good helicity          131   4.1511503434604437E-004  in event            1 local:           1
 Added good helicity          132   4.7441131491306205E-003  in event            1 local:           1
 Added good helicity          133   1.4857208416838541E-002  in event            1 local:           1
 Added good helicity          134   4.0754509993829394E-006  in event            1 local:           1
 Added good helicity          135   1.7210186573728325E-006  in event            1 local:           1
 Added good helicity          136   4.9219229725265133E-004  in event            1 local:           1
 Added good helicity          137   1.4800016574609956E-002  in event            1 local:           1
 Added good helicity          138   4.2202673598711250E-006  in event            1 local:           1
 Added good helicity          139   1.9132059378362570E-006  in event            1 local:           1
 Added good helicity          140   4.7070823015996045E-004  in event            1 local:           1
 Added good helicity          141   9.7278253870832387E-002  in event            1 local:           1
 Added good helicity          142   2.6776523105882571E-004  in event            1 local:           1
 Added good helicity          143   3.2286607000147953E-002  in event            1 local:           1
 Added good helicity          144   2.8326192567755981E-002  in event            1 local:           1
 Added good helicity          145   1.3289247844167030E-003  in event            1 local:           1
 Added good helicity          146   8.3977405897762818E-006  in event            1 local:           1
 Added good helicity          147   4.8285214287263674E-007  in event            1 local:           1
 Added good helicity          148   5.5182419583927174E-006  in event            1 local:           1
 Added good helicity          149   1.7281558911681530E-005  in event            1 local:           1
 Added good helicity          152   5.7250662050398302E-007  in event            1 local:           1
 Added good helicity          153   1.7215034692392751E-005  in event            1 local:           1
 Added good helicity          156   5.4751685387298782E-007  in event            1 local:           1
 Added good helicity          157   1.1315179998343369E-004  in event            1 local:           1
 Added good helicity          158   3.1145828241856056E-007  in event            1 local:           1
 Added good helicity          159   3.7555029536975095E-005  in event            1 local:           1
 Added good helicity          160   3.2948367679119854E-005  in event            1 local:           1
 Added good helicity          161   6.3106757242643420E-003  in event            1 local:           1
 Added good helicity          162   3.9878417725372989E-005  in event            1 local:           1
 Added good helicity          163   2.2929238224515650E-006  in event            1 local:           1
 Added good helicity          164   2.6204519605472535E-005  in event            1 local:           1
 Added good helicity          165   8.2065076654628819E-005  in event            1 local:           1
 Added good helicity          166   2.2511106345354258E-008  in event            1 local:           1
 Added good helicity          168   2.7186667555311618E-006  in event            1 local:           1
 Added good helicity          169   8.1749172563844906E-005  in event            1 local:           1
 Added good helicity          170   2.3311012047076662E-008  in event            1 local:           1
 Added good helicity          171   1.0567758594991360E-008  in event            1 local:           1
 Added good helicity          172   2.5999976513933584E-006  in event            1 local:           1
 Added good helicity          173   5.3732485516529030E-004  in event            1 local:           1
 Added good helicity          174   1.4790244301468029E-006  in event            1 local:           1
 Added good helicity          175   1.7833786832942785E-004  in event            1 local:           1
 Added good helicity          176   1.5646217641882693E-004  in event            1 local:           1
 Added good helicity          177   3.6264656112011462E-002  in event            1 local:           1
 Added good helicity          178   2.2916359012732824E-004  in event            1 local:           1
 Added good helicity          179   1.3176416844321082E-005  in event            1 local:           1
 Added good helicity          180   1.5058575873563897E-004  in event            1 local:           1
 Added good helicity          181   4.7159161930046821E-004  in event            1 local:           1
 Added good helicity          182   1.2936134987515255E-007  in event            1 local:           1
 Added good helicity          183   5.4627891909823234E-008  in event            1 local:           1
 Added good helicity          184   1.5622972765565250E-005  in event            1 local:           1
 Added good helicity          185   4.6977625851864126E-004  in event            1 local:           1
 Added good helicity          186   1.3395805337608895E-007  in event            1 local:           1
 Added good helicity          187   6.0728224372009000E-008  in event            1 local:           1
 Added good helicity          188   1.4941034025450438E-005  in event            1 local:           1
 Added good helicity          189   3.0877677675756627E-003  in event            1 local:           1
 Added good helicity          190   8.4992978064627408E-006  in event            1 local:           1
 Added good helicity          191   1.0248286790983548E-003  in event            1 local:           1
 Added good helicity          192   8.9911877432540302E-004  in event            1 local:           1
 Added good helicity          193   187.44700950993030       in event            1 local:           1
 Added good helicity          194   1.1845150144330006       in event            1 local:           1
 Added good helicity          195   6.8107082716998224E-002  in event            1 local:           1
 Added good helicity          196  0.77835703343206886       in event            1 local:           1
 Added good helicity          197   2.4375920862114344       in event            1 local:           1
 Added good helicity          198   6.6865098914404555E-004  in event            1 local:           1
 Added good helicity          199   2.8236404455897945E-004  in event            1 local:           1
 Added good helicity          200   8.0752993093744757E-002  in event            1 local:           1
 Added good helicity          201   2.4282087365200971       in event            1 local:           1
 Added good helicity          202   6.9241071603054895E-004  in event            1 local:           1
 Added good helicity          203   3.1389582231860185E-004  in event            1 local:           1
 Added good helicity          204   7.7228145729725431E-002  in event            1 local:           1
 Added good helicity          205   15.960246039710967       in event            1 local:           1
 Added good helicity          206   4.3931699002877508E-002  in event            1 local:           1
 Added good helicity          207   5.2971982021186612       in event            1 local:           1
 Added good helicity          208   4.6474210294719498       in event            1 local:           1
 Added good helicity          209  0.32711152586037423       in event            1 local:           1
 Added good helicity          210   2.0670829307371540E-003  in event            1 local:           1
 Added good helicity          211   1.1885285237519768E-004  in event            1 local:           1
 Added good helicity          212   1.3583015143094612E-003  in event            1 local:           1
 Added good helicity          213   4.2538126846112930E-003  in event            1 local:           1
 Added good helicity          214   1.1668548135219522E-006  in event            1 local:           1
 Added good helicity          215   4.9275010417758291E-007  in event            1 local:           1
 Added good helicity          216   1.4092107875045997E-004  in event            1 local:           1
 Added good helicity          217   4.2374379137187640E-003  in event            1 local:           1
 Added good helicity          218   1.2083176276590766E-006  in event            1 local:           1
 Added good helicity          219   5.4777583098435685E-007  in event            1 local:           1
 Added good helicity          220   1.3476990993382335E-004  in event            1 local:           1
 Added good helicity          221   2.7852033749731674E-002  in event            1 local:           1
 Added good helicity          222   7.6664680498456504E-005  in event            1 local:           1
 Added good helicity          223   9.2440769858644772E-003  in event            1 local:           1
 Added good helicity          224   8.1101586429183602E-003  in event            1 local:           1
 Added good helicity          225   1.0331413404918608       in event            1 local:           1
 Added good helicity          226   6.5286260530030690E-003  in event            1 local:           1
 Added good helicity          227   3.7538205020817839E-004  in event            1 local:           1
 Added good helicity          228   4.2900275176631928E-003  in event            1 local:           1
 Added good helicity          229   1.3435141814772011E-002  in event            1 local:           1
 Added good helicity          230   3.6853667660613771E-006  in event            1 local:           1
 Added good helicity          231   1.5562903258102552E-006  in event            1 local:           1
 Added good helicity          232   4.4508181673168603E-004  in event            1 local:           1
 Added good helicity          233   1.3383424123976317E-002  in event            1 local:           1
 Added good helicity          234   3.8163219418703671E-006  in event            1 local:           1
 Added good helicity          235   1.7300822856171245E-006  in event            1 local:           1
 Added good helicity          236   4.2565410998825443E-004  in event            1 local:           1
 Added good helicity          237   8.7967207538583642E-002  in event            1 local:           1
 Added good helicity          238   2.4213592159502199E-004  in event            1 local:           1
 Added good helicity          239   2.9196275073665651E-002  in event            1 local:           1
 Added good helicity          240   2.5614934080686668E-002  in event            1 local:           1
 Added good helicity          241   12.980722442850636       in event            1 local:           1
 Added good helicity          242   8.2027772392546189E-002  in event            1 local:           1
 Added good helicity          243   4.7164216673981569E-003  in event            1 local:           1
 Added good helicity          244   5.3901295298536371E-002  in event            1 local:           1
 Added good helicity          245  0.16880347348685559       in event            1 local:           1
 Added good helicity          246   4.6304141762029967E-005  in event            1 local:           1
 Added good helicity          247   1.9553735745603609E-005  in event            1 local:           1
 Added good helicity          248   5.5921521101877231E-003  in event            1 local:           1
 Added good helicity          249  0.16815367566801651       in event            1 local:           1
 Added good helicity          250   4.7949505008090722E-005  in event            1 local:           1
 Added good helicity          251   2.1737314220914650E-005  in event            1 local:           1
 Added good helicity          252   5.3480561099081116E-003  in event            1 local:           1
 Added good helicity          253   1.1052484886408331       in event            1 local:           1
 Added good helicity          254   3.0422741482520211E-003  in event            1 local:           1
 Added good helicity          255  0.36683145688076180       in event            1 local:           1
 Added good helicity          256  0.32183432862633454       in event            1 local:           1
 Added good helicity           86   2.3085508533969950E-007  in event            2 local:           2
 Added good helicity           87   1.3985701018527738E-007  in event            2 local:           2
 Added good helicity           90   2.8371744793753927E-007  in event            2 local:           2
 Added good helicity           91   1.5242303980721475E-007  in event            2 local:           2
 Added good helicity          103   1.3457679766143242E-007  in event            2 local:           2
 Added good helicity          107   1.4666840482219406E-007  in event            2 local:           2
 Added good helicity          150   1.5780542118794414E-007  in event            2 local:           2
 Added good helicity          151   9.5601941650530908E-008  in event            2 local:           2
 Added good helicity          154   1.9394050299680647E-007  in event            2 local:           2
 Added good helicity          155   1.0419169220435594E-007  in event            2 local:           2
 Added good helicity          167   9.1814837002500835E-008  in event            2 local:           2
 Added good helicity           86   2.3085508533970545E-007  in event            2 local:           2
 Added good helicity           87   1.3985701018527998E-007  in event            2 local:           2
 Added good helicity           90   2.8371744793754832E-007  in event            2 local:           2
 Added good helicity           91   1.5242303980721816E-007  in event            2 local:           2
 Added good helicity          103   1.3457679766143070E-007  in event            2 local:           2
 Added good helicity          107   1.4666840482219290E-007  in event            2 local:           2
 Added good helicity          150   1.5780542118794668E-007  in event            2 local:           2
 Added good helicity          151   9.5601941650531755E-008  in event            2 local:           2
 Added good helicity          154   1.9394050299681074E-007  in event            2 local:           2
 Added good helicity          155   1.0419169220435734E-007  in event            2 local:           2
 Added good helicity          167   9.1814837002499352E-008  in event            2 local:           2
 RESET CUMULATIVE VARIABLE
 RESET CUMULATIVE VARIABLE
 RESET CUMULATIVE VARIABLE
 No points passed cuts!
 Loosen cuts or increase max_events      500000
 Deleting file events.lhe

ls status:
events.lhe
grid_information
input_app.txt
results.dat
run1_app.log
