 Process in group number            1
 A PDF is used, so alpha_s(MZ) is going to be modified
 Old value of alpha_s from param_card:   0.11839999999999999     
  ****************************************
 
       NNPDFDriver version 1.0.3
   Grid: NNPDF23_lo_as_0130_qed_mem0.grid
  ****************************************
 New value of alpha_s from PDF nn23lo1:  0.13000000000000000     
 Define smin to   88.360000000000014     
 Define smin to   88.360000000000014     
 Warning: pt or E min of a jet should in general be >0
 Warning: pt or E min of a jet should in general be >0
 Warning: pt or E min of a jet should in general be >0
 Warning: pt or E min of a jet should in general be >0
 *****************************************************
 *               MadGraph/MadEvent                   *
 *        --------------------------------           *
 *          http://madgraph.hep.uiuc.edu             *
 *          http://madgraph.phys.ucl.ac.be           *
 *          http://madgraph.roma2.infn.it            *
 *        --------------------------------           *
 *                                                   *
 *          PARAMETER AND COUPLING VALUES            *
 *                                                   *
 *****************************************************

  External Params
  ---------------------------------
  
 mdl_cabi =   0.22773599999999999     
 aEWM1 =    127.90000000000001     
 mdl_Gf =    1.1663700000000000E-005
 aS =   0.11839999999999999     
 mdl_ymb =    4.7000000000000002     
 mdl_ymt =    172.00000000000000     
 mdl_ymtau =    1.7769999999999999     
 mdl_Lambda =    5000.0000000000000     
 mdl_ca =    1.0000000000000000     
 mdl_kSM =    5.0000000000000003E-002
 mdl_kHtt =    0.0000000000000000     
 mdl_kAtt =    0.0000000000000000     
 mdl_kHbb =    0.0000000000000000     
 mdl_kAbb =    0.0000000000000000     
 mdl_kHll =    0.0000000000000000     
 mdl_kAll =    0.0000000000000000     
 mdl_kHaa =    0.0000000000000000     
 mdl_kAaa =    0.0000000000000000     
 mdl_kHza =    0.0000000000000000     
 mdl_kAza =    0.0000000000000000     
 mdl_kHgg =    0.0000000000000000     
 mdl_kAgg =    0.0000000000000000     
 mdl_kHzz =  -0.52481000000000000     
 mdl_kAzz =    0.0000000000000000     
 mdl_kHww =  -0.52481000000000000     
 mdl_kAww =    0.0000000000000000     
 mdl_kHda =    0.0000000000000000     
 mdl_kHdz =  -0.26240500000000000     
 mdl_kHdwR =  -0.26240500000000000     
 mdl_kHdwI =    0.0000000000000000     
 mdl_kHHgg =    1.0000000000000000     
 mdl_kAAgg =    1.0000000000000000     
 mdl_kqa =    1.0000000000000000     
 mdl_kqb =    1.0000000000000000     
 mdl_kla =    1.0000000000000000     
 mdl_klb =    1.0000000000000000     
 mdl_kw1 =    1.0000000000000000     
 mdl_kw2 =    1.0000000000000000     
 mdl_kw3 =    0.0000000000000000     
 mdl_kw4 =    0.0000000000000000     
 mdl_kw5 =    0.0000000000000000     
 mdl_kz1 =    0.0000000000000000     
 mdl_kz3 =    1.0000000000000000     
 mdl_kz5 =    0.0000000000000000     
 mdl_kq =    1.0000000000000000     
 mdl_kq3 =    1.0000000000000000     
 mdl_kl =    1.0000000000000000     
 mdl_kg =    1.0000000000000000     
 mdl_ka =    1.0000000000000000     
 mdl_kz =    1.0000000000000000     
 mdl_kw =    1.0000000000000000     
 mdl_kza =    0.0000000000000000     
 mdl_MZ =    91.187600000000003     
 mdl_MTA =    1.7769999999999999     
 mdl_MT =    172.00000000000000     
 mdl_MB =    4.7000000000000002     
 mdl_MX0 =    600.00000000000000     
 mdl_MX1 =    125.00000000000000     
 mdl_MX2 =    125.00000000000000     
 mdl_WZ =    2.4952000000000001     
 mdl_WW =    2.0850000000000000     
 mdl_WT =    1.5083359999999999     
 mdl_WX0 =   0.15059000000000000     
 mdl_WX1 =    4.0699999999999998E-003
 mdl_WX2 =    4.0699999999999998E-003
  Internal Params
  ---------------------------------
  
 mdl_cos__cabi =   0.97418004031982097     
 mdl_CKM1x1 =  ( 0.97418004031982097     ,  0.0000000000000000     )
 mdl_sin__cabi =   0.22577256042856930     
 mdl_CKM1x2 =  ( 0.22577256042856930     ,  0.0000000000000000     )
 mdl_CKM2x1 =  (-0.22577256042856930     ,  0.0000000000000000     )
 mdl_CKM2x2 =  ( 0.97418004031982097     ,  0.0000000000000000     )
 mdl_ca__exp__2 =    1.0000000000000000     
 mdl_sa =    0.0000000000000000     
 mdl_complexi =  (  0.0000000000000000     ,  1.0000000000000000     )
 mdl_kHdw =  (-0.26240500000000000     ,  0.0000000000000000     )
 mdl_MZ__exp__2 =    8315.1783937600012     
 mdl_MZ__exp__4 =    69142191.720053151     
 mdl_sqrt__2 =    1.4142135623730951     
 mdl_nb__2__exp__0_75 =    1.6817928305074290     
 mdl_MX0__exp__2 =    360000.00000000000     
 mdl_ca__exp__4 =    1.0000000000000000     
 mdl_ca__exp__3 =    1.0000000000000000     
 mdl_conjg__CKM1x1 =  ( 0.97418004031982097     , -0.0000000000000000     )
 mdl_conjg__CKM1x2 =  ( 0.22577256042856930     , -0.0000000000000000     )
 mdl_conjg__CKM2x1 =  (-0.22577256042856930     , -0.0000000000000000     )
 mdl_conjg__CKM2x2 =  ( 0.97418004031982097     , -0.0000000000000000     )
 mdl_conjg__kHdw =  (-0.26240500000000000     , -0.0000000000000000     )
 mdl_aEW =    7.8186082877247844E-003
 mdl_MW =    79.824359746197842     
 mdl_sqrt__aEW =    8.8422894590285753E-002
 mdl_ee =   0.31345100004952897     
 mdl_MW__exp__2 =    6371.9284088904105     
 mdl_sw2 =   0.23369913342182447     
 mdl_cw =   0.87538612427783857     
 mdl_sqrt__sw2 =   0.48342438232036300     
 mdl_sw =   0.48342438232036300     
 mdl_ad =  -0.12747442148678401     
 mdl_al =   -1.2074027013887732E-002
 mdl_an =   0.18517461872323218     
 mdl_au =    6.9774224250335873E-002
 mdl_bd =  -0.18517461872323218     
 mdl_bl =  -0.18517461872323218     
 mdl_bn =   0.18517461872323218     
 mdl_bu =   0.18517461872323218     
 mdl_gwwz =  -0.56759788318358417     
 mdl_g1 =   0.35807170271074895     
 mdl_gw =   0.64839716719502682     
 mdl_vev =    246.22056907348590     
 mdl_ee__exp__2 =    9.8251529432049817E-002
 mdl_gAaa =    1.3477023594718659E-005
 mdl_vev__exp__2 =    60624.568634871241     
 mdl_cw__exp__2 =   0.76630086657817542     
 mdl_gAza =    4.4999802188047602E-006
 mdl_gHaa =    2.6392504539657372E-005
 mdl_gHza =    3.9166441035016922E-005
 mdl_lam =    2.9690932909411916     
 mdl_yb =    2.6995322804122722E-002
 mdl_yt =   0.98791394091683138     
 mdl_ytau =    1.0206529494239589E-002
 mdl_muH =    424.26406871192853     
 mdl_sw__exp__2 =   0.23369913342182450     
  Internal Params evaluated point by point
  ----------------------------------------
  
 mdl_sqrt__aS =   0.34409301068170506     
 mdl_G__exp__2 =    1.4878582807401259     
 mdl_gAAgg =    3.1083017473614446E-007
 mdl_gAgg =    7.6532782508744533E-005
 mdl_gHgg =   -5.1021855005829691E-005
 mdl_gHHgg =    2.0722011649076294E-007
  Couplings of HC_UFO
  ---------------------------------
  
        GC_10 =  -0.00000E+00   0.00000E+00
        GC_13 =  -0.00000E+00  -0.20722E-06
        GC_62 =   0.00000E+00   0.00000E+00
        GC_64 =   0.00000E+00   0.00000E+00
         GC_1 =  -0.00000E+00  -0.10448E+00
         GC_2 =   0.00000E+00   0.20897E+00
         GC_3 =  -0.00000E+00  -0.31345E+00
         GC_9 =  -0.00000E+00  -0.00000E+00
        GC_16 =  -0.00000E+00  -0.00000E+00
        GC_17 =   0.00000E+00  -0.12074E-01
        GC_19 =  -0.00000E+00   0.18517E+00
        GC_21 =   0.00000E+00  -0.12747E+00
        GC_22 =   0.00000E+00   0.69774E-01
        GC_23 =  -0.00000E+00   0.18517E+00
        GC_24 =  -0.00000E+00  -0.18517E+00
        GC_61 =   0.00000E+00   0.00000E+00
        GC_66 =   0.00000E+00   0.00000E+00
        GC_77 =  -0.00000E+00  -0.28380E+00
        GC_78 =   0.00000E+00   0.28380E+00
        GC_89 =  -0.00000E+00  -0.28850E-01
        GC_90 =   0.00000E+00   0.86550E-01
        GC_98 =  -0.00000E+00  -0.21932E+03
       GC_100 =   0.00000E+00   0.33771E+01
       GC_101 =  -0.00000E+00  -0.00000E+00
       GC_102 =   0.00000E+00   0.00000E+00
       GC_105 =  -0.00000E+00  -0.00000E+00
       GC_106 =   0.00000E+00   0.00000E+00
        GC_35 =  -0.00000E+00  -0.20000E-03
        GC_38 =  -0.00000E+00  -0.00000E+00
        GC_40 =   0.00000E+00   0.52481E-04
        GC_42 =   0.00000E+00   0.10496E-03
        GC_43 =   0.00000E+00   0.50000E-04
        GC_45 =   0.00000E+00   0.50000E-04
        GC_49 =   0.00000E+00   0.50000E-04
        GC_56 =  -0.00000E+00  -0.94000E-03
        GC_58 =  -0.00000E+00  -0.35540E-03
        GC_68 =   0.00000E+00   0.00000E+00

 Collider parameters:
 --------------------

 Running at P P   machine @    13000.000000000000       GeV
 PDF set = nn23lo1
 alpha_s(Mz)= 0.1300 running at 2 loops.
 alpha_s(Mz)= 0.1300 running at 2 loops.
 Renormalization scale set on event-by-event basis
 Factorization   scale set on event-by-event basis


 getting user params
Enter number of events and max and min iterations: 
 Number of events and iterations         1000           5           3
Enter desired fractional accuracy: 
 Desired fractional accuracy:   0.10000000000000001     
Enter 0 for fixed, 2 for adjustable grid: 
Suppress amplitude (0 no, 1 yes)? 
 Using suppressed amplitude.
Exact helicity sum (0 yes, n = number/event)? 
 Explicitly summing over helicities
Enter Configuration Number: 
Running Configuration Number:   11
 Not subdividing B.W.
 Attempting mappinvarients           1           8
 Completed mapping           8
 about to integrate           16        1000           5           3          16           1
 Using non-zero grid deformation.
 16 dimensions   1000 events 16 invarients  5 iterations  1 config(s),  (0.99)
 Using h-tuple random number sequence.
 Error opening grid
 Using Uniform Grid!          32
 Using uniform alpha   1.0000000000000000     
 Grid defined OK
 Set CM energy to      13000.00
 Mapping Graph          11  to config          11
 Setting BW          -1           1   91.187600000000003     
Setting grid   2    0.59172E-08   1
 Setting BW          -3           2   600.00000000000000     
 Setting BW          -4           3   91.187600000000003     
Setting grid   5    0.17101E-04   1
 Transforming s_hat 1/s           15   2.5115575576956360E-003   88.360000000000014        168999999.99999997     
  11   1   2   3   4   5   6   7   8   9  10  11  12  13  14
  15  16
 Masses: 0.470E+01 0.470E+01 0.470E+01 0.470E+01 0.000E+00 0.000E+00 0.000E+00 0.000E+00
Using random seed offsets    11 :     16
  with seed                   24
 Ranmar initialization seeds       31069        9413
 
 ********************************************
 * You are using the DiscreteSampler module *
 *      part of the MG5_aMC framework       *
 *         Author: Valentin Hirschi         *
 ********************************************
 
  Particle       3       4       5       6       7       8
      Et >     0.0     0.0     0.0     0.0     0.0     0.0
       E >     0.0     0.0     0.0     0.0     0.0     0.0
     Eta <    -1.0    -1.0    -1.0    -1.0    -1.0    -1.0
   xqcut:      0.0     0.0     0.0     0.0     0.0     0.0
d R # 3  >    -0.0     0.0     0.0     0.0     0.0     0.0
d R # 4  >    -0.0    -0.0     0.0     0.0     0.0     0.0
d R # 5  >    -0.0    -0.0    -0.0     0.0     0.0     0.0
d R # 6  >    -0.0    -0.0    -0.0    -0.0     0.0     0.0
d R # 7  >    -0.0    -0.0    -0.0    -0.0    -0.0     0.0
s min # 3>     0.0    88.4    22.1    22.1    22.1     0.0
s min # 4>     0.0     0.0    22.1    22.1    22.1     0.0
s min # 5>     0.0     0.0     0.0     0.0     0.0     0.0
s min # 6>     0.0     0.0     0.0     0.0     0.0     0.0
s min # 7>     0.0     0.0     0.0     0.0     0.0     0.0
xqcutij # 3>     0.0     0.0     0.0     0.0     0.0     0.0
xqcutij # 4>     0.0     0.0     0.0     0.0     0.0     0.0
xqcutij # 5>     0.0     0.0     0.0     0.0     0.0     0.0
xqcutij # 6>     0.0     0.0     0.0     0.0     0.0     0.0
xqcutij # 7>     0.0     0.0     0.0     0.0     0.0     0.0
 No cut BW           -1           1
 No cut BW           -3           2
 No cut BW           -4           3
 alpha_s for scale    292.79048492604545       is   0.10889011196632205     
 Added good helicity            1   34.382020600880118       in event            1 local:           1
 Added good helicity            4   7.9980770272753132E-002  in event            1 local:           1
 Added good helicity           13  0.30063956264630182       in event            1 local:           1
 Added good helicity           16   5.4251148519457875       in event            1 local:           1
 Added good helicity           17   2.3808009603550180E-002  in event            1 local:           1
 Added good helicity           20   5.5383101791996180E-005  in event            1 local:           1
 Added good helicity           29   2.0817943418098751E-004  in event            1 local:           1
 Added good helicity           32   3.7566490926999735E-003  in event            1 local:           1
 Added good helicity           33   2.7811375529996872E-002  in event            1 local:           1
 Added good helicity           36   6.4695884603623672E-005  in event            1 local:           1
 Added good helicity           45   2.4318523547497061E-004  in event            1 local:           1
 Added good helicity           48   4.3883373869238358E-003  in event            1 local:           1
 Added good helicity           49  0.16794654618446270       in event            1 local:           1
 Added good helicity           52   3.9068367401705361E-004  in event            1 local:           1
 Added good helicity           61   1.4685401064404391E-003  in event            1 local:           1
 Added good helicity           64   2.6500167416425930E-002  in event            1 local:           1
 Added good helicity           65   9.2139957258502922E-002  in event            1 local:           1
 Added good helicity           68   2.1433948981593553E-004  in event            1 local:           1
 Added good helicity           77   8.0568029360485465E-004  in event            1 local:           1
 Added good helicity           80   1.4538699059704450E-002  in event            1 local:           1
 Added good helicity           81   4.0605674966216743E-006  in event            1 local:           1
 Added good helicity           93   3.5505977105047633E-008  in event            1 local:           1
 Added good helicity           96   6.4071408975558169E-007  in event            1 local:           1
 Added good helicity           97   6.7099433047731832E-005  in event            1 local:           1
 Added good helicity          100   1.5608926544256820E-007  in event            1 local:           1
 Added good helicity          109   5.8672363789952772E-007  in event            1 local:           1
 Added good helicity          112   1.0587572353879452E-005  in event            1 local:           1
 Added good helicity          113   3.0541713044747146E-003  in event            1 local:           1
 Added good helicity          116   7.1047300073624624E-006  in event            1 local:           1
 Added good helicity          125   2.6705955879761675E-005  in event            1 local:           1
 Added good helicity          128   4.8191554233052508E-004  in event            1 local:           1
 Added good helicity          129   7.3548466886416738E-002  in event            1 local:           1
 Added good helicity          132   1.7109125441583603E-004  in event            1 local:           1
 Added good helicity          141   6.4311458522808124E-004  in event            1 local:           1
 Added good helicity          144   1.1605160868094207E-002  in event            1 local:           1
 Added good helicity          145   4.8093471473099184E-005  in event            1 local:           1
 Added good helicity          148   1.1187687129158107E-007  in event            1 local:           1
 Added good helicity          157   4.2053375505931749E-007  in event            1 local:           1
 Added good helicity          160   7.5886350426903847E-006  in event            1 local:           1
 Added good helicity          161   1.4359641512257254E-005  in event            1 local:           1
 Added good helicity          164   3.3403946857083213E-008  in event            1 local:           1
 Added good helicity          173   1.2556203121733285E-007  in event            1 local:           1
 Added good helicity          176   2.2657977360053691E-006  in event            1 local:           1
 Added good helicity          177   2.4388130898274026E-003  in event            1 local:           1
 Added good helicity          180   5.6732602117827729E-006  in event            1 local:           1
 Added good helicity          189   2.1325206834499326E-005  in event            1 local:           1
 Added good helicity          192   3.8481860238324012E-004  in event            1 local:           1
 Added good helicity          193   149.43493191153055       in event            1 local:           1
 Added good helicity          196  0.34762124945136880       in event            1 local:           1
 Added good helicity          205   1.3066728420496723       in event            1 local:           1
 Added good helicity          208   23.579232818329491       in event            1 local:           1
 Added good helicity          209  0.72616187868605631       in event            1 local:           1
 Added good helicity          212   1.6892255133642039E-003  in event            1 local:           1
 Added good helicity          221   6.3496265141846815E-003  in event            1 local:           1
 Added good helicity          224  0.11458057217485750       in event            1 local:           1
 Added good helicity          225  0.70085960186376151       in event            1 local:           1
 Added good helicity          228   1.6303663900627185E-003  in event            1 local:           1
 Added good helicity          237   6.1283810694764363E-003  in event            1 local:           1
 Added good helicity          240  0.11058814370853400       in event            1 local:           1
 Added good helicity          241   33.382034694554804       in event            1 local:           1
 Added good helicity          244   7.7654564841774423E-002  in event            1 local:           1
 Added good helicity          253  0.29189559355210570       in event            1 local:           1
 Added good helicity          256   5.2673277790125894       in event            1 local:           1
 Added good helicity            1   34.382020600880111       in event            1 local:           1
 Added good helicity            4   7.9980770272752563E-002  in event            1 local:           1
 Added good helicity           13  0.30063956264629593       in event            1 local:           1
 Added good helicity           16   5.4251148519457857       in event            1 local:           1
 Added good helicity           17   2.3808009603550177E-002  in event            1 local:           1
 Added good helicity           20   5.5383101791995610E-005  in event            1 local:           1
 Added good helicity           29   2.0817943418098325E-004  in event            1 local:           1
 Added good helicity           32   3.7566490926999692E-003  in event            1 local:           1
 Added good helicity           33   2.7811375529996903E-002  in event            1 local:           1
 Added good helicity           36   6.4695884603623184E-005  in event            1 local:           1
 Added good helicity           45   2.4318523547496576E-004  in event            1 local:           1
 Added good helicity           48   4.3883373869238367E-003  in event            1 local:           1
 Added good helicity           49  0.16794654618446297       in event            1 local:           1
 Added good helicity           52   3.9068367401705009E-004  in event            1 local:           1
 Added good helicity           61   1.4685401064404098E-003  in event            1 local:           1
 Added good helicity           64   2.6500167416425944E-002  in event            1 local:           1
 Added good helicity           65   9.2139957258502950E-002  in event            1 local:           1
 Added good helicity           68   2.1433948981593358E-004  in event            1 local:           1
 Added good helicity           77   8.0568029360483903E-004  in event            1 local:           1
 Added good helicity           80   1.4538699059704431E-002  in event            1 local:           1
 Added good helicity           81   4.0605674966216158E-006  in event            1 local:           1
 Added good helicity           93   3.5505977105046409E-008  in event            1 local:           1
 Added good helicity           96   6.4071408975557290E-007  in event            1 local:           1
 Added good helicity           97   6.7099433047731872E-005  in event            1 local:           1
 Added good helicity          100   1.5608926544256693E-007  in event            1 local:           1
 Added good helicity          109   5.8672363789951629E-007  in event            1 local:           1
 Added good helicity          112   1.0587572353879451E-005  in event            1 local:           1
 Added good helicity          113   3.0541713044747085E-003  in event            1 local:           1
 Added good helicity          116   7.1047300073623861E-006  in event            1 local:           1
 Added good helicity          125   2.6705955879761140E-005  in event            1 local:           1
 Added good helicity          128   4.8191554233052361E-004  in event            1 local:           1
 Added good helicity          129   7.3548466886416697E-002  in event            1 local:           1
 Added good helicity          132   1.7109125441583446E-004  in event            1 local:           1
 Added good helicity          141   6.4311458522806661E-004  in event            1 local:           1
 Added good helicity          144   1.1605160868094183E-002  in event            1 local:           1
 Added good helicity          145   4.8093471473099008E-005  in event            1 local:           1
 Added good helicity          148   1.1187687129157988E-007  in event            1 local:           1
 Added good helicity          157   4.2053375505930738E-007  in event            1 local:           1
 Added good helicity          160   7.5886350426903517E-006  in event            1 local:           1
 Added good helicity          161   1.4359641512257215E-005  in event            1 local:           1
 Added good helicity          164   3.3403946857082704E-008  in event            1 local:           1
 Added good helicity          173   1.2556203121733010E-007  in event            1 local:           1
 Added good helicity          176   2.2657977360053611E-006  in event            1 local:           1
 Added good helicity          177   2.4388130898274018E-003  in event            1 local:           1
 Added good helicity          180   5.6732602117827120E-006  in event            1 local:           1
 Added good helicity          189   2.1325206834498947E-005  in event            1 local:           1
 Added good helicity          192   3.8481860238323952E-004  in event            1 local:           1
 Added good helicity          193   149.43493191153064       in event            1 local:           1
 Added good helicity          196  0.34762124945136641       in event            1 local:           1
 Added good helicity          205   1.3066728420496510       in event            1 local:           1
 Added good helicity          208   23.579232818329459       in event            1 local:           1
 Added good helicity          209  0.72616187868605719       in event            1 local:           1
 Added good helicity          212   1.6892255133641944E-003  in event            1 local:           1
 Added good helicity          221   6.3496265141845584E-003  in event            1 local:           1
 Added good helicity          224  0.11458057217485754       in event            1 local:           1
 Added good helicity          225  0.70085960186376173       in event            1 local:           1
 Added good helicity          228   1.6303663900626962E-003  in event            1 local:           1
 Added good helicity          237   6.1283810694763010E-003  in event            1 local:           1
 Added good helicity          240  0.11058814370853388       in event            1 local:           1
 Added good helicity          241   33.382034694554818       in event            1 local:           1
 Added good helicity          244   7.7654564841773868E-002  in event            1 local:           1
 Added good helicity          253  0.29189559355209965       in event            1 local:           1
 Added good helicity          256   5.2673277790125859       in event            1 local:           1
 Added good helicity           84   3.8779854850219241E-004  in event            3 local:           2
 Added good helicity           84   3.8779854850218228E-004  in event            3 local:           2
 RESET CUMULATIVE VARIABLE
 RESET CUMULATIVE VARIABLE
 RESET CUMULATIVE VARIABLE
 No points passed cuts!
 Loosen cuts or increase max_events      500000
 Deleting file events.lhe

ls status:
events.lhe
grid_information
input_app.txt
results.dat
run1_app.log
