 Process in group number            1
 A PDF is used, so alpha_s(MZ) is going to be modified
 Old value of alpha_s from param_card:   0.11839999999999999     
  ****************************************
 
       NNPDFDriver version 1.0.3
   Grid: NNPDF23_lo_as_0130_qed_mem0.grid
  ****************************************
 New value of alpha_s from PDF nn23lo1:  0.13000000000000000     
 Define smin to   167.80611599999997     
 Define smin to   167.80611599999997     
 Warning: pt or E min of a jet should in general be >0
 Warning: pt or E min of a jet should in general be >0
 Warning: pt or E min of a jet should in general be >0
 Warning: pt or E min of a jet should in general be >0
 *****************************************************
 *               MadGraph/MadEvent                   *
 *        --------------------------------           *
 *          http://madgraph.hep.uiuc.edu             *
 *          http://madgraph.phys.ucl.ac.be           *
 *          http://madgraph.roma2.infn.it            *
 *        --------------------------------           *
 *                                                   *
 *          PARAMETER AND COUPLING VALUES            *
 *                                                   *
 *****************************************************

  External Params
  ---------------------------------
  
 mdl_cabi =   0.22773599999999999     
 aEWM1 =    127.90000000000001     
 mdl_Gf =    1.1663700000000000E-005
 aS =   0.11839999999999999     
 mdl_ymb =    4.7000000000000002     
 mdl_ymt =    172.00000000000000     
 mdl_ymtau =    1.7769999999999999     
 mdl_Lambda =    5000.0000000000000     
 mdl_ca =    1.0000000000000000     
 mdl_kSM =    5.0000000000000003E-002
 mdl_kHtt =    0.0000000000000000     
 mdl_kAtt =    0.0000000000000000     
 mdl_kHbb =    0.0000000000000000     
 mdl_kAbb =    0.0000000000000000     
 mdl_kHll =    0.0000000000000000     
 mdl_kAll =    0.0000000000000000     
 mdl_kHaa =    0.0000000000000000     
 mdl_kAaa =    0.0000000000000000     
 mdl_kHza =    0.0000000000000000     
 mdl_kAza =    0.0000000000000000     
 mdl_kHgg =    0.0000000000000000     
 mdl_kAgg =    0.0000000000000000     
 mdl_kHzz =  -0.52481000000000000     
 mdl_kAzz =    0.0000000000000000     
 mdl_kHww =  -0.52481000000000000     
 mdl_kAww =    0.0000000000000000     
 mdl_kHda =    0.0000000000000000     
 mdl_kHdz =  -0.26240500000000000     
 mdl_kHdwR =  -0.26240500000000000     
 mdl_kHdwI =    0.0000000000000000     
 mdl_kHHgg =    1.0000000000000000     
 mdl_kAAgg =    1.0000000000000000     
 mdl_kqa =    1.0000000000000000     
 mdl_kqb =    1.0000000000000000     
 mdl_kla =    1.0000000000000000     
 mdl_klb =    1.0000000000000000     
 mdl_kw1 =    1.0000000000000000     
 mdl_kw2 =    1.0000000000000000     
 mdl_kw3 =    0.0000000000000000     
 mdl_kw4 =    0.0000000000000000     
 mdl_kw5 =    0.0000000000000000     
 mdl_kz1 =    0.0000000000000000     
 mdl_kz3 =    1.0000000000000000     
 mdl_kz5 =    0.0000000000000000     
 mdl_kq =    1.0000000000000000     
 mdl_kq3 =    1.0000000000000000     
 mdl_kl =    1.0000000000000000     
 mdl_kg =    1.0000000000000000     
 mdl_ka =    1.0000000000000000     
 mdl_kz =    1.0000000000000000     
 mdl_kw =    1.0000000000000000     
 mdl_kza =    0.0000000000000000     
 mdl_MZ =    91.187600000000003     
 mdl_MTA =    1.7769999999999999     
 mdl_MT =    172.00000000000000     
 mdl_MB =    4.7000000000000002     
 mdl_MX0 =    600.00000000000000     
 mdl_MX1 =    125.00000000000000     
 mdl_MX2 =    125.00000000000000     
 mdl_WZ =    2.4952000000000001     
 mdl_WW =    2.0850000000000000     
 mdl_WT =    1.5083359999999999     
 mdl_WX0 =   0.15059000000000000     
 mdl_WX1 =    4.0699999999999998E-003
 mdl_WX2 =    4.0699999999999998E-003
  Internal Params
  ---------------------------------
  
 mdl_cos__cabi =   0.97418004031982097     
 mdl_CKM1x1 =  ( 0.97418004031982097     ,  0.0000000000000000     )
 mdl_sin__cabi =   0.22577256042856930     
 mdl_CKM1x2 =  ( 0.22577256042856930     ,  0.0000000000000000     )
 mdl_CKM2x1 =  (-0.22577256042856930     ,  0.0000000000000000     )
 mdl_CKM2x2 =  ( 0.97418004031982097     ,  0.0000000000000000     )
 mdl_ca__exp__2 =    1.0000000000000000     
 mdl_sa =    0.0000000000000000     
 mdl_complexi =  (  0.0000000000000000     ,  1.0000000000000000     )
 mdl_kHdw =  (-0.26240500000000000     ,  0.0000000000000000     )
 mdl_MZ__exp__2 =    8315.1783937600012     
 mdl_MZ__exp__4 =    69142191.720053151     
 mdl_sqrt__2 =    1.4142135623730951     
 mdl_nb__2__exp__0_75 =    1.6817928305074290     
 mdl_MX0__exp__2 =    360000.00000000000     
 mdl_ca__exp__4 =    1.0000000000000000     
 mdl_ca__exp__3 =    1.0000000000000000     
 mdl_conjg__CKM1x1 =  ( 0.97418004031982097     , -0.0000000000000000     )
 mdl_conjg__CKM1x2 =  ( 0.22577256042856930     , -0.0000000000000000     )
 mdl_conjg__CKM2x1 =  (-0.22577256042856930     , -0.0000000000000000     )
 mdl_conjg__CKM2x2 =  ( 0.97418004031982097     , -0.0000000000000000     )
 mdl_conjg__kHdw =  (-0.26240500000000000     , -0.0000000000000000     )
 mdl_aEW =    7.8186082877247844E-003
 mdl_MW =    79.824359746197842     
 mdl_sqrt__aEW =    8.8422894590285753E-002
 mdl_ee =   0.31345100004952897     
 mdl_MW__exp__2 =    6371.9284088904105     
 mdl_sw2 =   0.23369913342182447     
 mdl_cw =   0.87538612427783857     
 mdl_sqrt__sw2 =   0.48342438232036300     
 mdl_sw =   0.48342438232036300     
 mdl_ad =  -0.12747442148678401     
 mdl_al =   -1.2074027013887732E-002
 mdl_an =   0.18517461872323218     
 mdl_au =    6.9774224250335873E-002
 mdl_bd =  -0.18517461872323218     
 mdl_bl =  -0.18517461872323218     
 mdl_bn =   0.18517461872323218     
 mdl_bu =   0.18517461872323218     
 mdl_gwwz =  -0.56759788318358417     
 mdl_g1 =   0.35807170271074895     
 mdl_gw =   0.64839716719502682     
 mdl_vev =    246.22056907348590     
 mdl_ee__exp__2 =    9.8251529432049817E-002
 mdl_gAaa =    1.3477023594718659E-005
 mdl_vev__exp__2 =    60624.568634871241     
 mdl_cw__exp__2 =   0.76630086657817542     
 mdl_gAza =    4.4999802188047602E-006
 mdl_gHaa =    2.6392504539657372E-005
 mdl_gHza =    3.9166441035016922E-005
 mdl_lam =    2.9690932909411916     
 mdl_yb =    2.6995322804122722E-002
 mdl_yt =   0.98791394091683138     
 mdl_ytau =    1.0206529494239589E-002
 mdl_muH =    424.26406871192853     
 mdl_sw__exp__2 =   0.23369913342182450     
  Internal Params evaluated point by point
  ----------------------------------------
  
 mdl_sqrt__aS =   0.34409301068170506     
 mdl_G__exp__2 =    1.4878582807401259     
 mdl_gAAgg =    3.1083017473614446E-007
 mdl_gAgg =    7.6532782508744533E-005
 mdl_gHgg =   -5.1021855005829691E-005
 mdl_gHHgg =    2.0722011649076294E-007
  Couplings of HC_UFO
  ---------------------------------
  
        GC_10 =  -0.00000E+00   0.00000E+00
        GC_13 =  -0.00000E+00  -0.20722E-06
        GC_62 =   0.00000E+00   0.00000E+00
        GC_64 =   0.00000E+00   0.00000E+00
         GC_1 =  -0.00000E+00  -0.10448E+00
         GC_2 =   0.00000E+00   0.20897E+00
         GC_3 =  -0.00000E+00  -0.31345E+00
         GC_9 =  -0.00000E+00  -0.00000E+00
        GC_16 =  -0.00000E+00  -0.00000E+00
        GC_17 =   0.00000E+00  -0.12074E-01
        GC_19 =  -0.00000E+00   0.18517E+00
        GC_21 =   0.00000E+00  -0.12747E+00
        GC_22 =   0.00000E+00   0.69774E-01
        GC_23 =  -0.00000E+00   0.18517E+00
        GC_24 =  -0.00000E+00  -0.18517E+00
        GC_61 =   0.00000E+00   0.00000E+00
        GC_66 =   0.00000E+00   0.00000E+00
        GC_77 =  -0.00000E+00  -0.28380E+00
        GC_78 =   0.00000E+00   0.28380E+00
        GC_89 =  -0.00000E+00  -0.28850E-01
        GC_90 =   0.00000E+00   0.86550E-01
        GC_98 =  -0.00000E+00  -0.21932E+03
       GC_100 =   0.00000E+00   0.33771E+01
       GC_101 =  -0.00000E+00  -0.00000E+00
       GC_102 =   0.00000E+00   0.00000E+00
       GC_105 =  -0.00000E+00  -0.00000E+00
       GC_106 =   0.00000E+00   0.00000E+00
        GC_35 =  -0.00000E+00  -0.20000E-03
        GC_38 =  -0.00000E+00  -0.00000E+00
        GC_40 =   0.00000E+00   0.52481E-04
        GC_42 =   0.00000E+00   0.10496E-03
        GC_43 =   0.00000E+00   0.50000E-04
        GC_45 =   0.00000E+00   0.50000E-04
        GC_49 =   0.00000E+00   0.50000E-04
        GC_56 =  -0.00000E+00  -0.94000E-03
        GC_58 =  -0.00000E+00  -0.35540E-03
        GC_68 =   0.00000E+00   0.00000E+00

 Collider parameters:
 --------------------

 Running at P P   machine @    13000.000000000000       GeV
 PDF set = nn23lo1
 alpha_s(Mz)= 0.1300 running at 2 loops.
 alpha_s(Mz)= 0.1300 running at 2 loops.
 Renormalization scale set on event-by-event basis
 Factorization   scale set on event-by-event basis


 getting user params
Enter number of events and max and min iterations: 
 Number of events and iterations         1000           5           3
Enter desired fractional accuracy: 
 Desired fractional accuracy:   0.10000000000000001     
Enter 0 for fixed, 2 for adjustable grid: 
Suppress amplitude (0 no, 1 yes)? 
 Using suppressed amplitude.
Exact helicity sum (0 yes, n = number/event)? 
 Explicitly summing over helicities
Enter Configuration Number: 
Running Configuration Number:   28
 Not subdividing B.W.
 Attempting mappinvarients           1           8
 Completed mapping           8
 about to integrate           16        1000           5           3          16           1
 Using non-zero grid deformation.
 16 dimensions   1000 events 16 invarients  5 iterations  1 config(s),  (0.99)
 Using h-tuple random number sequence.
 Error opening grid
 Using Uniform Grid!          32
 Using uniform alpha   1.0000000000000000     
 Grid defined OK
 Set CM energy to      13000.00
 Mapping Graph          28  to config          28
 Setting BW          -1           1   91.187600000000003     
 Setting BW          -2           2   91.187600000000003     
 Setting BW          -3           3   600.00000000000000     
 Setting BW          -4           4   91.187600000000003     
Setting grid   5    0.17101E-04   1
 Transforming s_hat 1/s           15   2.5115575576956360E-003   167.80611599999997        168999999.99999997     
  28   1   2   3   4   5   6   7   8   9  10  11  12  13  14
  15  16
 Masses: 0.470E+01 0.470E+01 0.470E+01 0.470E+01 0.178E+01 0.178E+01 0.000E+00 0.000E+00
Using random seed offsets    28 :     19
  with seed                   24
 Ranmar initialization seeds       31086        9416
 
 ********************************************
 * You are using the DiscreteSampler module *
 *      part of the MG5_aMC framework       *
 *         Author: Valentin Hirschi         *
 ********************************************
 
  Particle       3       4       5       6       7       8
      Et >     0.0     0.0     0.0     0.0     0.0     0.0
       E >     0.0     0.0     0.0     0.0     0.0     0.0
     Eta <    -1.0    -1.0    -1.0    -1.0    -1.0    -1.0
   xqcut:      0.0     0.0     0.0     0.0     0.0     0.0
d R # 3  >    -0.0     0.0     0.0     0.0     0.0     0.0
d R # 4  >    -0.0    -0.0     0.0     0.0     0.0     0.0
d R # 5  >    -0.0    -0.0    -0.0     0.0     0.0     0.0
d R # 6  >    -0.0    -0.0    -0.0    -0.0     0.0     0.0
d R # 7  >    -0.0    -0.0    -0.0    -0.0    -0.0     0.0
s min # 3>     0.0    88.4    42.0    42.0    22.1     0.0
s min # 4>     0.0     0.0    42.0    42.0    22.1     0.0
s min # 5>     0.0     0.0     0.0    12.6     3.2     0.0
s min # 6>     0.0     0.0     0.0     0.0     3.2     0.0
s min # 7>     0.0     0.0     0.0     0.0     0.0     0.0
xqcutij # 3>     0.0     0.0     0.0     0.0     0.0     0.0
xqcutij # 4>     0.0     0.0     0.0     0.0     0.0     0.0
xqcutij # 5>     0.0     0.0     0.0     0.0     0.0     0.0
xqcutij # 6>     0.0     0.0     0.0     0.0     0.0     0.0
xqcutij # 7>     0.0     0.0     0.0     0.0     0.0     0.0
 No cut BW           -1           1
 No cut BW           -2           2
 No cut BW           -3           3
 No cut BW           -4           4
 alpha_s for scale    122.07971220803638       is   0.12397050601247817     
 Added good helicity            1  0.12410232166530938       in event            1 local:           1
 Added good helicity            4   6.1207914158455988E-003  in event            1 local:           1
 Added good helicity            5   1.8124528056395671E-004  in event            1 local:           1
 Added good helicity            8   1.5679955543497324E-005  in event            1 local:           1
 Added good helicity            9   8.5056170105106101E-005  in event            1 local:           1
 Added good helicity           12   3.4472702891782577E-005  in event            1 local:           1
 Added good helicity           13   2.2988797981697284E-002  in event            1 local:           1
 Added good helicity           16   1.9573977915910225E-002  in event            1 local:           1
 Added good helicity           17   1.8024875890971280E-003  in event            1 local:           1
 Added good helicity           20   8.8899630679495286E-005  in event            1 local:           1
 Added good helicity           21   2.6324436514573284E-006  in event            1 local:           1
 Added good helicity           24   2.2773889227447912E-007  in event            1 local:           1
 Added good helicity           25   1.2353732704860742E-006  in event            1 local:           1
 Added good helicity           28   5.0068861155270351E-007  in event            1 local:           1
 Added good helicity           29   3.3389401982359101E-004  in event            1 local:           1
 Added good helicity           32   2.8429647237253797E-004  in event            1 local:           1
 Added good helicity           33   1.4877260047370102E-003  in event            1 local:           1
 Added good helicity           36   7.3375424703839298E-005  in event            1 local:           1
 Added good helicity           37   2.1727499817292123E-006  in event            1 local:           1
 Added good helicity           40   1.8796971162306634E-007  in event            1 local:           1
 Added good helicity           41   1.0196447127715032E-006  in event            1 local:           1
 Added good helicity           44   4.1325525467597864E-007  in event            1 local:           1
 Added good helicity           45   2.7558737109893293E-004  in event            1 local:           1
 Added good helicity           48   2.3465085560754479E-004  in event            1 local:           1
 Added good helicity           49  0.20558230204956052       in event            1 local:           1
 Added good helicity           52   1.0139426666233501E-002  in event            1 local:           1
 Added good helicity           53   3.0024274738747536E-004  in event            1 local:           1
 Added good helicity           56   2.5974706302114470E-005  in event            1 local:           1
 Added good helicity           57   1.4090021056080418E-004  in event            1 local:           1
 Added good helicity           60   5.7105922945390364E-005  in event            1 local:           1
 Added good helicity           61   3.8082204643804962E-002  in event            1 local:           1
 Added good helicity           64   3.2425367923998638E-002  in event            1 local:           1
 Added good helicity           65   3.1802480876886703E-002  in event            1 local:           1
 Added good helicity           68   1.5685149910314266E-003  in event            1 local:           1
 Added good helicity           69   4.6445944699618276E-005  in event            1 local:           1
 Added good helicity           72   4.0181479252849400E-006  in event            1 local:           1
 Added good helicity           73   2.1796507808483610E-005  in event            1 local:           1
 Added good helicity           76   8.8339803782814218E-006  in event            1 local:           1
 Added good helicity           77   5.8911130620685707E-003  in event            1 local:           1
 Added good helicity           80   5.0160307236971425E-003  in event            1 local:           1
 Added good helicity           81   3.6797376857143686E-004  in event            1 local:           1
 Added good helicity           84   1.8148658733416691E-005  in event            1 local:           1
 Added good helicity           85   5.3740742340640319E-007  in event            1 local:           1
 Added good helicity           88   4.6492380279023862E-008  in event            1 local:           1
 Added good helicity           89   2.5219866182872566E-007  in event            1 local:           1
 Added good helicity           92   1.0221444873644607E-007  in event            1 local:           1
 Added good helicity           93   6.8163709709366665E-005  in event            1 local:           1
 Added good helicity           96   5.8038482463498964E-005  in event            1 local:           1
 Added good helicity           97   1.6569980336098491E-004  in event            1 local:           1
 Added good helicity          100   8.1724009705027647E-006  in event            1 local:           1
 Added good helicity          101   2.4199633775223061E-007  in event            1 local:           1
 Added good helicity          104   2.0935672398405789E-008  in event            1 local:           1
 Added good helicity          105   1.1356589040343673E-007  in event            1 local:           1
 Added good helicity          108   4.6027503868098502E-008  in event            1 local:           1
 Added good helicity          109   3.0694343618693593E-005  in event            1 local:           1
 Added good helicity          112   2.6134920347466977E-005  in event            1 local:           1
 Added good helicity          113   1.0403438432189216E-003  in event            1 local:           1
 Added good helicity          116   5.1310302495994143E-005  in event            1 local:           1
 Added good helicity          117   1.5193705421218271E-006  in event            1 local:           1
 Added good helicity          120   1.3144431943519178E-007  in event            1 local:           1
 Added good helicity          121   7.1302181707180461E-007  in event            1 local:           1
 Added good helicity          124   2.8898302409926733E-007  in event            1 local:           1
 Added good helicity          125   1.9271399698518048E-004  in event            1 local:           1
 Added good helicity          128   1.6408772325016580E-004  in event            1 local:           1
 Added good helicity          129   2.1101774544128992E-002  in event            1 local:           1
 Added good helicity          132   1.0407505577304454E-003  in event            1 local:           1
 Added good helicity          133   3.0818094265492834E-005  in event            1 local:           1
 Added good helicity          136   2.6661458246782870E-006  in event            1 local:           1
 Added good helicity          137   1.4462550748933722E-005  in event            1 local:           1
 Added good helicity          140   5.8615761138696021E-006  in event            1 local:           1
 Added good helicity          141   3.9089069853066767E-003  in event            1 local:           1
 Added good helicity          144   3.3282670571404532E-003  in event            1 local:           1
 Added good helicity          145   2.5047382105261731E-004  in event            1 local:           1
 Added good helicity          148   1.2353499863826128E-005  in event            1 local:           1
 Added good helicity          149   3.6580458255276862E-007  in event            1 local:           1
 Added good helicity          152   3.1646614875640825E-008  in event            1 local:           1
 Added good helicity          153   1.7166756950593447E-007  in event            1 local:           1
 Added good helicity          156   6.9575729925526614E-008  in event            1 local:           1
 Added good helicity          157   4.6397939979006777E-005  in event            1 local:           1
 Added good helicity          160   3.9505860776882324E-005  in event            1 local:           1
 Added good helicity          161   8.4114336047915638E-005  in event            1 local:           1
 Added good helicity          164   4.1485630496109425E-006  in event            1 local:           1
 Added good helicity          165   1.2284481250536481E-007  in event            1 local:           1
 Added good helicity          168   1.0627593683211407E-008  in event            1 local:           1
 Added good helicity          169   5.7649552233715157E-008  in event            1 local:           1
 Added good helicity          172   2.3364982029420798E-008  in event            1 local:           1
 Added good helicity          173   1.5581396486562730E-005  in event            1 local:           1
 Added good helicity          176   1.3266892465184137E-005  in event            1 local:           1
 Added good helicity          177   6.9170009069664221E-004  in event            1 local:           1
 Added good helicity          180   3.4115010264623401E-005  in event            1 local:           1
 Added good helicity          181   1.0101936476460899E-006  in event            1 local:           1
 Added good helicity          184   8.7394228617305384E-008  in event            1 local:           1
 Added good helicity          185   4.7407139356085697E-007  in event            1 local:           1
 Added good helicity          188   1.9213799868395056E-007  in event            1 local:           1
 Added good helicity          189   1.2813099251947151E-004  in event            1 local:           1
 Added good helicity          192   1.0909805810275872E-004  in event            1 local:           1
 Added good helicity          193   182.80139901996313       in event            1 local:           1
 Added good helicity          196   9.0158606133371197       in event            1 local:           1
 Added good helicity          197  0.26697236931803875       in event            1 local:           1
 Added good helicity          200   2.3096407637338886E-002  in event            1 local:           1
 Added good helicity          201  0.12528683333117407       in event            1 local:           1
 Added good helicity          204   5.0777924474388808E-002  in event            1 local:           1
 Added good helicity          205   33.862254762444692       in event            1 local:           1
 Added good helicity          208   28.832261148700663       in event            1 local:           1
 Added good helicity          209  0.18569566648613994       in event            1 local:           1
 Added good helicity          212   9.1586073986060675E-003  in event            1 local:           1
 Added good helicity          213   2.7119930328587430E-004  in event            1 local:           1
 Added good helicity          216   2.3462089637414882E-005  in event            1 local:           1
 Added good helicity          217   1.2727048120036308E-004  in event            1 local:           1
 Added good helicity          220   5.1581883829153669E-005  in event            1 local:           1
 Added good helicity          221   3.4398390824946244E-002  in event            1 local:           1
 Added good helicity          224   2.9288758067577539E-002  in event            1 local:           1
 Added good helicity          225   4.0253483848688744E-002  in event            1 local:           1
 Added good helicity          228   1.9853228778701029E-003  in event            1 local:           1
 Added good helicity          229   5.8788215046517452E-005  in event            1 local:           1
 Added good helicity          232   5.0859067642629024E-006  in event            1 local:           1
 Added good helicity          233   2.7588582740545747E-005  in event            1 local:           1
 Added good helicity          236   1.1181470019693493E-005  in event            1 local:           1
 Added good helicity          237   7.4565825670261654E-003  in event            1 local:           1
 Added good helicity          240   6.3489610292514912E-003  in event            1 local:           1
 Added good helicity          241  0.11833944251292429       in event            1 local:           1
 Added good helicity          244   5.8365632017949127E-003  in event            1 local:           1
 Added good helicity          245   1.7282888162142041E-004  in event            1 local:           1
 Added good helicity          248   1.4951833074075345E-005  in event            1 local:           1
 Added good helicity          249   8.1106458102115804E-005  in event            1 local:           1
 Added good helicity          252   3.2871910753846679E-005  in event            1 local:           1
 Added good helicity          253   2.1921278350723702E-002  in event            1 local:           1
 Added good helicity          256   1.8665030623489207E-002  in event            1 local:           1
 Added good helicity            1  0.12410232166530898       in event            1 local:           1
 Added good helicity            4   6.1207914158455572E-003  in event            1 local:           1
 Added good helicity            5   1.8124528056395596E-004  in event            1 local:           1
 Added good helicity            8   1.5679955543497338E-005  in event            1 local:           1
 Added good helicity            9   8.5056170105105505E-005  in event            1 local:           1
 Added good helicity           12   3.4472702891782367E-005  in event            1 local:           1
 Added good helicity           13   2.2988797981697312E-002  in event            1 local:           1
 Added good helicity           16   1.9573977915910167E-002  in event            1 local:           1
 Added good helicity           17   1.8024875890971224E-003  in event            1 local:           1
 Added good helicity           20   8.8899630679494662E-005  in event            1 local:           1
 Added good helicity           21   2.6324436514573161E-006  in event            1 local:           1
 Added good helicity           24   2.2773889227447931E-007  in event            1 local:           1
 Added good helicity           25   1.2353732704860644E-006  in event            1 local:           1
 Added good helicity           28   5.0068861155270044E-007  in event            1 local:           1
 Added good helicity           29   3.3389401982359139E-004  in event            1 local:           1
 Added good helicity           32   2.8429647237253704E-004  in event            1 local:           1
 Added good helicity           33   1.4877260047370076E-003  in event            1 local:           1
 Added good helicity           36   7.3375424703838973E-005  in event            1 local:           1
 Added good helicity           37   2.1727499817292068E-006  in event            1 local:           1
 Added good helicity           40   1.8796971162306679E-007  in event            1 local:           1
 Added good helicity           41   1.0196447127714972E-006  in event            1 local:           1
 Added good helicity           44   4.1325525467597689E-007  in event            1 local:           1
 Added good helicity           45   2.7558737109893347E-004  in event            1 local:           1
 Added good helicity           48   2.3465085560754446E-004  in event            1 local:           1
 Added good helicity           49  0.20558230204956038       in event            1 local:           1
 Added good helicity           52   1.0139426666233456E-002  in event            1 local:           1
 Added good helicity           53   3.0024274738747454E-004  in event            1 local:           1
 Added good helicity           56   2.5974706302114545E-005  in event            1 local:           1
 Added good helicity           57   1.4090021056080337E-004  in event            1 local:           1
 Added good helicity           60   5.7105922945390120E-005  in event            1 local:           1
 Added good helicity           61   3.8082204643805073E-002  in event            1 local:           1
 Added good helicity           64   3.2425367923998603E-002  in event            1 local:           1
 Added good helicity           65   3.1802480876886662E-002  in event            1 local:           1
 Added good helicity           68   1.5685149910314178E-003  in event            1 local:           1
 Added good helicity           69   4.6445944699618134E-005  in event            1 local:           1
 Added good helicity           72   4.0181479252849518E-006  in event            1 local:           1
 Added good helicity           73   2.1796507808483481E-005  in event            1 local:           1
 Added good helicity           76   8.8339803782813863E-006  in event            1 local:           1
 Added good helicity           77   5.8911130620685846E-003  in event            1 local:           1
 Added good helicity           80   5.0160307236971364E-003  in event            1 local:           1
 Added good helicity           81   3.6797376857143529E-004  in event            1 local:           1
 Added good helicity           84   1.8148658733416542E-005  in event            1 local:           1
 Added good helicity           85   5.3740742340640012E-007  in event            1 local:           1
 Added good helicity           88   4.6492380279023829E-008  in event            1 local:           1
 Added good helicity           89   2.5219866182872333E-007  in event            1 local:           1
 Added good helicity           92   1.0221444873644528E-007  in event            1 local:           1
 Added good helicity           93   6.8163709709366597E-005  in event            1 local:           1
 Added good helicity           96   5.8038482463498693E-005  in event            1 local:           1
 Added good helicity           97   1.6569980336098453E-004  in event            1 local:           1
 Added good helicity          100   8.1724009705027105E-006  in event            1 local:           1
 Added good helicity          101   2.4199633775222965E-007  in event            1 local:           1
 Added good helicity          104   2.0935672398405806E-008  in event            1 local:           1
 Added good helicity          105   1.1356589040343594E-007  in event            1 local:           1
 Added good helicity          108   4.6027503868098237E-008  in event            1 local:           1
 Added good helicity          109   3.0694343618693633E-005  in event            1 local:           1
 Added good helicity          112   2.6134920347466919E-005  in event            1 local:           1
 Added good helicity          113   1.0403438432189192E-003  in event            1 local:           1
 Added good helicity          116   5.1310302495993818E-005  in event            1 local:           1
 Added good helicity          117   1.5193705421218206E-006  in event            1 local:           1
 Added good helicity          120   1.3144431943519188E-007  in event            1 local:           1
 Added good helicity          121   7.1302181707179964E-007  in event            1 local:           1
 Added good helicity          124   2.8898302409926559E-007  in event            1 local:           1
 Added good helicity          125   1.9271399698518095E-004  in event            1 local:           1
 Added good helicity          128   1.6408772325016531E-004  in event            1 local:           1
 Added good helicity          129   2.1101774544128878E-002  in event            1 local:           1
 Added good helicity          132   1.0407505577304358E-003  in event            1 local:           1
 Added good helicity          133   3.0818094265492624E-005  in event            1 local:           1
 Added good helicity          136   2.6661458246782819E-006  in event            1 local:           1
 Added good helicity          137   1.4462550748933580E-005  in event            1 local:           1
 Added good helicity          140   5.8615761138695505E-006  in event            1 local:           1
 Added good helicity          141   3.9089069853066698E-003  in event            1 local:           1
 Added good helicity          144   3.3282670571404371E-003  in event            1 local:           1
 Added good helicity          145   2.5047382105261606E-004  in event            1 local:           1
 Added good helicity          148   1.2353499863826016E-005  in event            1 local:           1
 Added good helicity          149   3.6580458255276629E-007  in event            1 local:           1
 Added good helicity          152   3.1646614875640812E-008  in event            1 local:           1
 Added good helicity          153   1.7166756950593283E-007  in event            1 local:           1
 Added good helicity          156   6.9575729925526018E-008  in event            1 local:           1
 Added good helicity          157   4.6397939979006723E-005  in event            1 local:           1
 Added good helicity          160   3.9505860776882154E-005  in event            1 local:           1
 Added good helicity          161   8.4114336047915231E-005  in event            1 local:           1
 Added good helicity          164   4.1485630496109027E-006  in event            1 local:           1
 Added good helicity          165   1.2284481250536402E-007  in event            1 local:           1
 Added good helicity          168   1.0627593683211399E-008  in event            1 local:           1
 Added good helicity          169   5.7649552233714608E-008  in event            1 local:           1
 Added good helicity          172   2.3364982029420613E-008  in event            1 local:           1
 Added good helicity          173   1.5581396486562710E-005  in event            1 local:           1
 Added good helicity          176   1.3266892465184076E-005  in event            1 local:           1
 Added good helicity          177   6.9170009069663971E-004  in event            1 local:           1
 Added good helicity          180   3.4115010264623137E-005  in event            1 local:           1
 Added good helicity          181   1.0101936476460846E-006  in event            1 local:           1
 Added good helicity          184   8.7394228617305490E-008  in event            1 local:           1
 Added good helicity          185   4.7407139356085311E-007  in event            1 local:           1
 Added good helicity          188   1.9213799868394910E-007  in event            1 local:           1
 Added good helicity          189   1.2813099251947146E-004  in event            1 local:           1
 Added good helicity          192   1.0909805810275827E-004  in event            1 local:           1
 Added good helicity          193   182.80139901996301       in event            1 local:           1
 Added good helicity          196   9.0158606133370789       in event            1 local:           1
 Added good helicity          197  0.26697236931803831       in event            1 local:           1
 Added good helicity          200   2.3096407637338980E-002  in event            1 local:           1
 Added good helicity          201  0.12528683333117349       in event            1 local:           1
 Added good helicity          204   5.0777924474388621E-002  in event            1 local:           1
 Added good helicity          205   33.862254762444877       in event            1 local:           1
 Added good helicity          208   28.832261148700660       in event            1 local:           1
 Added good helicity          209  0.18569566648613978       in event            1 local:           1
 Added good helicity          212   9.1586073986060224E-003  in event            1 local:           1
 Added good helicity          213   2.7119930328587359E-004  in event            1 local:           1
 Added good helicity          216   2.3462089637414929E-005  in event            1 local:           1
 Added good helicity          217   1.2727048120036245E-004  in event            1 local:           1
 Added good helicity          220   5.1581883829153466E-005  in event            1 local:           1
 Added good helicity          221   3.4398390824946327E-002  in event            1 local:           1
 Added good helicity          224   2.9288758067577515E-002  in event            1 local:           1
 Added good helicity          225   4.0253483848688654E-002  in event            1 local:           1
 Added good helicity          228   1.9853228778700920E-003  in event            1 local:           1
 Added good helicity          229   5.8788215046517269E-005  in event            1 local:           1
 Added good helicity          232   5.0859067642629117E-006  in event            1 local:           1
 Added good helicity          233   2.7588582740545588E-005  in event            1 local:           1
 Added good helicity          236   1.1181470019693444E-005  in event            1 local:           1
 Added good helicity          237   7.4565825670261879E-003  in event            1 local:           1
 Added good helicity          240   6.3489610292514790E-003  in event            1 local:           1
 Added good helicity          241  0.11833944251292414       in event            1 local:           1
 Added good helicity          244   5.8365632017948867E-003  in event            1 local:           1
 Added good helicity          245   1.7282888162141997E-004  in event            1 local:           1
 Added good helicity          248   1.4951833074075393E-005  in event            1 local:           1
 Added good helicity          249   8.1106458102115411E-005  in event            1 local:           1
 Added good helicity          252   3.2871910753846530E-005  in event            1 local:           1
 Added good helicity          253   2.1921278350723768E-002  in event            1 local:           1
 Added good helicity          256   1.8665030623489183E-002  in event            1 local:           1
 RESET CUMULATIVE VARIABLE
 RESET CUMULATIVE VARIABLE
 RESET CUMULATIVE VARIABLE
 No points passed cuts!
 Loosen cuts or increase max_events      500000
 Deleting file events.lhe

ls status:
events.lhe
grid_information
input_app.txt
results.dat
run1_app.log
