 Process in group number            1
 A PDF is used, so alpha_s(MZ) is going to be modified
 Old value of alpha_s from param_card:   0.11839999999999999     
  ****************************************
 
       NNPDFDriver version 1.0.3
   Grid: NNPDF23_lo_as_0130_qed_mem0.grid
  ****************************************
 New value of alpha_s from PDF nn23lo1:  0.13000000000000000     
 Define smin to   167.80611600000000     
 Define smin to   167.80611600000000     
 Define smin to   167.80611600000000     
 Define smin to   167.80611600000000     
 Warning: pt or E min of a jet should in general be >0
 Warning: pt or E min of a jet should in general be >0
 Warning: pt or E min of a jet should in general be >0
 Warning: pt or E min of a jet should in general be >0
 *****************************************************
 *               MadGraph/MadEvent                   *
 *        --------------------------------           *
 *          http://madgraph.hep.uiuc.edu             *
 *          http://madgraph.phys.ucl.ac.be           *
 *          http://madgraph.roma2.infn.it            *
 *        --------------------------------           *
 *                                                   *
 *          PARAMETER AND COUPLING VALUES            *
 *                                                   *
 *****************************************************

  External Params
  ---------------------------------
  
 mdl_cabi =   0.22773599999999999     
 aEWM1 =    127.90000000000001     
 mdl_Gf =    1.1663700000000000E-005
 aS =   0.11839999999999999     
 mdl_ymb =    4.7000000000000002     
 mdl_ymt =    172.00000000000000     
 mdl_ymtau =    1.7769999999999999     
 mdl_Lambda =    5000.0000000000000     
 mdl_ca =    1.0000000000000000     
 mdl_kSM =    5.0000000000000003E-002
 mdl_kHtt =    0.0000000000000000     
 mdl_kAtt =    0.0000000000000000     
 mdl_kHbb =    0.0000000000000000     
 mdl_kAbb =    0.0000000000000000     
 mdl_kHll =    0.0000000000000000     
 mdl_kAll =    0.0000000000000000     
 mdl_kHaa =    0.0000000000000000     
 mdl_kAaa =    0.0000000000000000     
 mdl_kHza =    0.0000000000000000     
 mdl_kAza =    0.0000000000000000     
 mdl_kHgg =    0.0000000000000000     
 mdl_kAgg =    0.0000000000000000     
 mdl_kHzz =  -0.52481000000000000     
 mdl_kAzz =    0.0000000000000000     
 mdl_kHww =  -0.52481000000000000     
 mdl_kAww =    0.0000000000000000     
 mdl_kHda =    0.0000000000000000     
 mdl_kHdz =  -0.26240500000000000     
 mdl_kHdwR =  -0.26240500000000000     
 mdl_kHdwI =    0.0000000000000000     
 mdl_kHHgg =    1.0000000000000000     
 mdl_kAAgg =    1.0000000000000000     
 mdl_kqa =    1.0000000000000000     
 mdl_kqb =    1.0000000000000000     
 mdl_kla =    1.0000000000000000     
 mdl_klb =    1.0000000000000000     
 mdl_kw1 =    1.0000000000000000     
 mdl_kw2 =    1.0000000000000000     
 mdl_kw3 =    0.0000000000000000     
 mdl_kw4 =    0.0000000000000000     
 mdl_kw5 =    0.0000000000000000     
 mdl_kz1 =    0.0000000000000000     
 mdl_kz3 =    1.0000000000000000     
 mdl_kz5 =    0.0000000000000000     
 mdl_kq =    1.0000000000000000     
 mdl_kq3 =    1.0000000000000000     
 mdl_kl =    1.0000000000000000     
 mdl_kg =    1.0000000000000000     
 mdl_ka =    1.0000000000000000     
 mdl_kz =    1.0000000000000000     
 mdl_kw =    1.0000000000000000     
 mdl_kza =    0.0000000000000000     
 mdl_MZ =    91.187600000000003     
 mdl_MTA =    1.7769999999999999     
 mdl_MT =    172.00000000000000     
 mdl_MB =    4.7000000000000002     
 mdl_MX0 =    600.00000000000000     
 mdl_MX1 =    125.00000000000000     
 mdl_MX2 =    125.00000000000000     
 mdl_WZ =    2.4952000000000001     
 mdl_WW =    2.0850000000000000     
 mdl_WT =    1.5083359999999999     
 mdl_WX0 =   0.15059000000000000     
 mdl_WX1 =    4.0699999999999998E-003
 mdl_WX2 =    4.0699999999999998E-003
  Internal Params
  ---------------------------------
  
 mdl_cos__cabi =   0.97418004031982097     
 mdl_CKM1x1 =  ( 0.97418004031982097     ,  0.0000000000000000     )
 mdl_sin__cabi =   0.22577256042856930     
 mdl_CKM1x2 =  ( 0.22577256042856930     ,  0.0000000000000000     )
 mdl_CKM2x1 =  (-0.22577256042856930     ,  0.0000000000000000     )
 mdl_CKM2x2 =  ( 0.97418004031982097     ,  0.0000000000000000     )
 mdl_ca__exp__2 =    1.0000000000000000     
 mdl_sa =    0.0000000000000000     
 mdl_complexi =  (  0.0000000000000000     ,  1.0000000000000000     )
 mdl_kHdw =  (-0.26240500000000000     ,  0.0000000000000000     )
 mdl_MZ__exp__2 =    8315.1783937600012     
 mdl_MZ__exp__4 =    69142191.720053151     
 mdl_sqrt__2 =    1.4142135623730951     
 mdl_nb__2__exp__0_75 =    1.6817928305074290     
 mdl_MX0__exp__2 =    360000.00000000000     
 mdl_ca__exp__4 =    1.0000000000000000     
 mdl_ca__exp__3 =    1.0000000000000000     
 mdl_conjg__CKM1x1 =  ( 0.97418004031982097     , -0.0000000000000000     )
 mdl_conjg__CKM1x2 =  ( 0.22577256042856930     , -0.0000000000000000     )
 mdl_conjg__CKM2x1 =  (-0.22577256042856930     , -0.0000000000000000     )
 mdl_conjg__CKM2x2 =  ( 0.97418004031982097     , -0.0000000000000000     )
 mdl_conjg__kHdw =  (-0.26240500000000000     , -0.0000000000000000     )
 mdl_aEW =    7.8186082877247844E-003
 mdl_MW =    79.824359746197842     
 mdl_sqrt__aEW =    8.8422894590285753E-002
 mdl_ee =   0.31345100004952897     
 mdl_MW__exp__2 =    6371.9284088904105     
 mdl_sw2 =   0.23369913342182447     
 mdl_cw =   0.87538612427783857     
 mdl_sqrt__sw2 =   0.48342438232036300     
 mdl_sw =   0.48342438232036300     
 mdl_ad =  -0.12747442148678401     
 mdl_al =   -1.2074027013887732E-002
 mdl_an =   0.18517461872323218     
 mdl_au =    6.9774224250335873E-002
 mdl_bd =  -0.18517461872323218     
 mdl_bl =  -0.18517461872323218     
 mdl_bn =   0.18517461872323218     
 mdl_bu =   0.18517461872323218     
 mdl_gwwz =  -0.56759788318358417     
 mdl_g1 =   0.35807170271074895     
 mdl_gw =   0.64839716719502682     
 mdl_vev =    246.22056907348590     
 mdl_ee__exp__2 =    9.8251529432049817E-002
 mdl_gAaa =    1.3477023594718659E-005
 mdl_vev__exp__2 =    60624.568634871241     
 mdl_cw__exp__2 =   0.76630086657817542     
 mdl_gAza =    4.4999802188047602E-006
 mdl_gHaa =    2.6392504539657372E-005
 mdl_gHza =    3.9166441035016922E-005
 mdl_lam =    2.9690932909411916     
 mdl_yb =    2.6995322804122722E-002
 mdl_yt =   0.98791394091683138     
 mdl_ytau =    1.0206529494239589E-002
 mdl_muH =    424.26406871192853     
 mdl_sw__exp__2 =   0.23369913342182450     
  Internal Params evaluated point by point
  ----------------------------------------
  
 mdl_sqrt__aS =   0.34409301068170506     
 mdl_G__exp__2 =    1.4878582807401259     
 mdl_gAAgg =    3.1083017473614446E-007
 mdl_gAgg =    7.6532782508744533E-005
 mdl_gHgg =   -5.1021855005829691E-005
 mdl_gHHgg =    2.0722011649076294E-007
  Couplings of HC_UFO
  ---------------------------------
  
        GC_10 =  -0.00000E+00   0.00000E+00
        GC_13 =  -0.00000E+00  -0.20722E-06
        GC_62 =   0.00000E+00   0.00000E+00
        GC_64 =   0.00000E+00   0.00000E+00
         GC_1 =  -0.00000E+00  -0.10448E+00
         GC_2 =   0.00000E+00   0.20897E+00
         GC_3 =  -0.00000E+00  -0.31345E+00
         GC_9 =  -0.00000E+00  -0.00000E+00
        GC_16 =  -0.00000E+00  -0.00000E+00
        GC_17 =   0.00000E+00  -0.12074E-01
        GC_19 =  -0.00000E+00   0.18517E+00
        GC_21 =   0.00000E+00  -0.12747E+00
        GC_22 =   0.00000E+00   0.69774E-01
        GC_23 =  -0.00000E+00   0.18517E+00
        GC_24 =  -0.00000E+00  -0.18517E+00
        GC_61 =   0.00000E+00   0.00000E+00
        GC_66 =   0.00000E+00   0.00000E+00
        GC_77 =  -0.00000E+00  -0.28380E+00
        GC_78 =   0.00000E+00   0.28380E+00
        GC_89 =  -0.00000E+00  -0.28850E-01
        GC_90 =   0.00000E+00   0.86550E-01
        GC_98 =  -0.00000E+00  -0.21932E+03
       GC_100 =   0.00000E+00   0.33771E+01
       GC_101 =  -0.00000E+00  -0.00000E+00
       GC_102 =   0.00000E+00   0.00000E+00
       GC_105 =  -0.00000E+00  -0.00000E+00
       GC_106 =   0.00000E+00   0.00000E+00
        GC_35 =  -0.00000E+00  -0.20000E-03
        GC_38 =  -0.00000E+00  -0.00000E+00
        GC_40 =   0.00000E+00   0.52481E-04
        GC_42 =   0.00000E+00   0.10496E-03
        GC_43 =   0.00000E+00   0.50000E-04
        GC_45 =   0.00000E+00   0.50000E-04
        GC_49 =   0.00000E+00   0.50000E-04
        GC_56 =  -0.00000E+00  -0.94000E-03
        GC_58 =  -0.00000E+00  -0.35540E-03
        GC_68 =   0.00000E+00   0.00000E+00

 Collider parameters:
 --------------------

 Running at P P   machine @    13000.000000000000       GeV
 PDF set = nn23lo1
 alpha_s(Mz)= 0.1300 running at 2 loops.
 alpha_s(Mz)= 0.1300 running at 2 loops.
 Renormalization scale set on event-by-event basis
 Factorization   scale set on event-by-event basis


 getting user params
Enter number of events and max and min iterations: 
 Number of events and iterations         1000           5           3
Enter desired fractional accuracy: 
 Desired fractional accuracy:   0.10000000000000001     
Enter 0 for fixed, 2 for adjustable grid: 
Suppress amplitude (0 no, 1 yes)? 
 Using suppressed amplitude.
Exact helicity sum (0 yes, n = number/event)? 
 Explicitly summing over helicities
Enter Configuration Number: 
Running Configuration Number:   13
 Not subdividing B.W.
 Attempting mappinvarients           1           8
 Completed mapping           8
 about to integrate           16        1000           5           3          16           1
 Using non-zero grid deformation.
 16 dimensions   1000 events 16 invarients  5 iterations  1 config(s),  (0.99)
 Using h-tuple random number sequence.
 Error opening grid
 Using Uniform Grid!          32
 Using uniform alpha   1.0000000000000000     
 Grid defined OK
 Set CM energy to      13000.00
 Mapping Graph          13  to config          13
 Setting BW          -1           1   91.187600000000003     
Setting grid   2    0.74739E-07   1
 Setting BW          -3           2   600.00000000000000     
 Setting BW          -4           3   91.187600000000003     
Setting grid   5    0.25116E-02   1
 Transforming s_hat 1/s           15   2.5115575576956360E-003   167.80611600000000        168999999.99999997     
  13   1   2   3   4   5   6   7   8   9  10  11  12  13  14
  15  16
 Masses: 0.000E+00 0.000E+00 0.000E+00 0.000E+00 0.178E+01 0.178E+01 0.470E+01 0.470E+01
Using random seed offsets    13 :      5
  with seed                   24
 Ranmar initialization seeds       31071        9402
 
 ********************************************
 * You are using the DiscreteSampler module *
 *      part of the MG5_aMC framework       *
 *         Author: Valentin Hirschi         *
 ********************************************
 
  Particle       3       4       5       6       7       8
      Et >     0.0     0.0     0.0     0.0     0.0     0.0
       E >     0.0     0.0     0.0     0.0     0.0     0.0
     Eta <    -1.0    -1.0    -1.0    -1.0    -1.0    -1.0
   xqcut:      0.0     0.0     0.0     0.0     0.0     0.0
d R # 3  >    -0.0     0.0     0.0     0.0     0.0     0.0
d R # 4  >    -0.0    -0.0     0.0     0.0     0.0     0.0
d R # 5  >    -0.0    -0.0    -0.0     0.0     0.0     0.0
d R # 6  >    -0.0    -0.0    -0.0    -0.0     0.0     0.0
d R # 7  >    -0.0    -0.0    -0.0    -0.0    -0.0     0.0
s min # 3>     0.0     0.0     3.2     3.2    22.1     0.0
s min # 4>     0.0     0.0     3.2     3.2    22.1     0.0
s min # 5>     0.0     0.0     0.0    12.6    42.0     0.0
s min # 6>     0.0     0.0     0.0     0.0    42.0     0.0
s min # 7>     0.0     0.0     0.0     0.0     0.0     0.0
xqcutij # 3>     0.0     0.0     0.0     0.0     0.0     0.0
xqcutij # 4>     0.0     0.0     0.0     0.0     0.0     0.0
xqcutij # 5>     0.0     0.0     0.0     0.0     0.0     0.0
xqcutij # 6>     0.0     0.0     0.0     0.0     0.0     0.0
xqcutij # 7>     0.0     0.0     0.0     0.0     0.0     0.0
 No cut BW           -1           1
 No cut BW           -3           2
 No cut BW           -4           3
 alpha_s for scale    398.34482737916358       is   0.10443542959051694     
 Added good helicity            1   21.906416540645463       in event            1 local:           1
 Added good helicity            2   9.8582181387720846E-002  in event            1 local:           1
 Added good helicity            3   8.8324433098591809E-002  in event            1 local:           1
 Added good helicity            4  0.60433610995894860       in event            1 local:           1
 Added good helicity            5   1.0602902851551727E-003  in event            1 local:           1
 Added good helicity            6   4.9160405690353375E-006  in event            1 local:           1
 Added good helicity            7   4.1756901302333788E-006  in event            1 local:           1
 Added good helicity            8   4.4665276451598369E-005  in event            1 local:           1
 Added good helicity            9   2.0356129353426328E-003  in event            1 local:           1
 Added good helicity           10   5.6175484124577720E-006  in event            1 local:           1
 Added good helicity           11   1.5753862712009130E-005  in event            1 local:           1
 Added good helicity           12   3.6563186391262378E-005  in event            1 local:           1
 Added good helicity           13   14.979764005960233       in event            1 local:           1
 Added good helicity           14   7.5167549590184304E-002  in event            1 local:           1
 Added good helicity           15   5.2574719230088121E-002  in event            1 local:           1
 Added good helicity           16  0.52691995817086679       in event            1 local:           1
 Added good helicity           49   4.1284089998563518       in event            1 local:           1
 Added good helicity           50   1.8578463716847890E-002  in event            1 local:           1
 Added good helicity           51   1.6645323247409256E-002  in event            1 local:           1
 Added good helicity           52  0.11389113462092458       in event            1 local:           1
 Added good helicity           53   1.9981871282202408E-004  in event            1 local:           1
 Added good helicity           54   9.2646034056770632E-007  in event            1 local:           1
 Added good helicity           55   7.8693640661316913E-007  in event            1 local:           1
 Added good helicity           56   8.4174665875506742E-006  in event            1 local:           1
 Added good helicity           57   3.8362471319304666E-004  in event            1 local:           1
 Added good helicity           58   1.0586641306710075E-006  in event            1 local:           1
 Added good helicity           59   2.9689195620875177E-006  in event            1 local:           1
 Added good helicity           60   6.8905741603626622E-006  in event            1 local:           1
 Added good helicity           61   2.8230355440921540       in event            1 local:           1
 Added good helicity           62   1.4165821582434042E-002  in event            1 local:           1
 Added good helicity           63   9.9080533610642861E-003  in event            1 local:           1
 Added good helicity           64   9.9301549090896765E-002  in event            1 local:           1
 Added good helicity          193   98.348043377548834       in event            1 local:           1
 Added good helicity          194  0.44258104164978568       in event            1 local:           1
 Added good helicity          195  0.39652926171474029       in event            1 local:           1
 Added good helicity          196   2.7131445184831926       in event            1 local:           1
 Added good helicity          197   4.7601338522782451E-003  in event            1 local:           1
 Added good helicity          198   2.2070381535575042E-005  in event            1 local:           1
 Added good helicity          199   1.8746605739803694E-005  in event            1 local:           1
 Added good helicity          200   2.0052309960333549E-004  in event            1 local:           1
 Added good helicity          201   9.1388086633669933E-003  in event            1 local:           1
 Added good helicity          202   2.5219774942141168E-005  in event            1 local:           1
 Added good helicity          203   7.0726381491464680E-005  in event            1 local:           1
 Added good helicity          204   1.6414906721769673E-004  in event            1 local:           1
 Added good helicity          205   67.251094103418026       in event            1 local:           1
 Added good helicity          206  0.33746192189686541       in event            1 local:           1
 Added good helicity          207  0.23603224917272600       in event            1 local:           1
 Added good helicity          208   2.3655875805398945       in event            1 local:           1
 Added good helicity          241   21.906416540645459       in event            1 local:           1
 Added good helicity          242   9.8582181387720902E-002  in event            1 local:           1
 Added good helicity          243   8.8324433098591823E-002  in event            1 local:           1
 Added good helicity          244  0.60433610995894838       in event            1 local:           1
 Added good helicity          245   1.0602902851551722E-003  in event            1 local:           1
 Added good helicity          246   4.9160405690353375E-006  in event            1 local:           1
 Added good helicity          247   4.1756901302333780E-006  in event            1 local:           1
 Added good helicity          248   4.4665276451598335E-005  in event            1 local:           1
 Added good helicity          249   2.0356129353426319E-003  in event            1 local:           1
 Added good helicity          250   5.6175484124577695E-006  in event            1 local:           1
 Added good helicity          251   1.5753862712009130E-005  in event            1 local:           1
 Added good helicity          252   3.6563186391262365E-005  in event            1 local:           1
 Added good helicity          253   14.979764005960218       in event            1 local:           1
 Added good helicity          254   7.5167549590184290E-002  in event            1 local:           1
 Added good helicity          255   5.2574719230088100E-002  in event            1 local:           1
 Added good helicity          256  0.52691995817086634       in event            1 local:           1
 Added good helicity            1   21.906416540645480       in event            1 local:           1
 Added good helicity            2   9.8582181387721166E-002  in event            1 local:           1
 Added good helicity            3   8.8324433098591504E-002  in event            1 local:           1
 Added good helicity            4  0.60433610995894727       in event            1 local:           1
 Added good helicity            5   1.0602902851551707E-003  in event            1 local:           1
 Added good helicity            6   4.9160405690353494E-006  in event            1 local:           1
 Added good helicity            7   4.1756901302333441E-006  in event            1 local:           1
 Added good helicity            8   4.4665276451598172E-005  in event            1 local:           1
 Added good helicity            9   2.0356129353426280E-003  in event            1 local:           1
 Added good helicity           10   5.6175484124577712E-006  in event            1 local:           1
 Added good helicity           11   1.5753862712009073E-005  in event            1 local:           1
 Added good helicity           12   3.6563186391262114E-005  in event            1 local:           1
 Added good helicity           13   14.979764005960201       in event            1 local:           1
 Added good helicity           14   7.5167549590184374E-002  in event            1 local:           1
 Added good helicity           15   5.2574719230087857E-002  in event            1 local:           1
 Added good helicity           16  0.52691995817086679       in event            1 local:           1
 Added good helicity           49   4.1284089998563598       in event            1 local:           1
 Added good helicity           50   1.8578463716847966E-002  in event            1 local:           1
 Added good helicity           51   1.6645323247409218E-002  in event            1 local:           1
 Added good helicity           52  0.11389113462092437       in event            1 local:           1
 Added good helicity           53   1.9981871282202376E-004  in event            1 local:           1
 Added good helicity           54   9.2646034056770929E-007  in event            1 local:           1
 Added good helicity           55   7.8693640661316288E-007  in event            1 local:           1
 Added good helicity           56   8.4174665875506522E-006  in event            1 local:           1
 Added good helicity           57   3.8362471319304618E-004  in event            1 local:           1
 Added good helicity           58   1.0586641306710085E-006  in event            1 local:           1
 Added good helicity           59   2.9689195620875105E-006  in event            1 local:           1
 Added good helicity           60   6.8905741603626207E-006  in event            1 local:           1
 Added good helicity           61   2.8230355440921517       in event            1 local:           1
 Added good helicity           62   1.4165821582434061E-002  in event            1 local:           1
 Added good helicity           63   9.9080533610642375E-003  in event            1 local:           1
 Added good helicity           64   9.9301549090896807E-002  in event            1 local:           1
 Added good helicity          193   98.348043377548919       in event            1 local:           1
 Added good helicity          194  0.44258104164978701       in event            1 local:           1
 Added good helicity          195  0.39652926171473873       in event            1 local:           1
 Added good helicity          196   2.7131445184831864       in event            1 local:           1
 Added good helicity          197   4.7601338522782356E-003  in event            1 local:           1
 Added good helicity          198   2.2070381535575110E-005  in event            1 local:           1
 Added good helicity          199   1.8746605739803551E-005  in event            1 local:           1
 Added good helicity          200   2.0052309960333478E-004  in event            1 local:           1
 Added good helicity          201   9.1388086633669725E-003  in event            1 local:           1
 Added good helicity          202   2.5219774942141165E-005  in event            1 local:           1
 Added good helicity          203   7.0726381491464463E-005  in event            1 local:           1
 Added good helicity          204   1.6414906721769559E-004  in event            1 local:           1
 Added good helicity          205   67.251094103417927       in event            1 local:           1
 Added good helicity          206  0.33746192189686575       in event            1 local:           1
 Added good helicity          207  0.23603224917272486       in event            1 local:           1
 Added good helicity          208   2.3655875805398936       in event            1 local:           1
 Added good helicity          241   21.906416540645480       in event            1 local:           1
 Added good helicity          242   9.8582181387721249E-002  in event            1 local:           1
 Added good helicity          243   8.8324433098591518E-002  in event            1 local:           1
 Added good helicity          244  0.60433610995894715       in event            1 local:           1
 Added good helicity          245   1.0602902851551712E-003  in event            1 local:           1
 Added good helicity          246   4.9160405690353519E-006  in event            1 local:           1
 Added good helicity          247   4.1756901302333441E-006  in event            1 local:           1
 Added good helicity          248   4.4665276451598193E-005  in event            1 local:           1
 Added good helicity          249   2.0356129353426284E-003  in event            1 local:           1
 Added good helicity          250   5.6175484124577695E-006  in event            1 local:           1
 Added good helicity          251   1.5753862712009076E-005  in event            1 local:           1
 Added good helicity          252   3.6563186391262100E-005  in event            1 local:           1
 Added good helicity          253   14.979764005960206       in event            1 local:           1
 Added good helicity          254   7.5167549590184346E-002  in event            1 local:           1
 Added good helicity          255   5.2574719230087830E-002  in event            1 local:           1
 Added good helicity          256  0.52691995817086668       in event            1 local:           1
 RESET CUMULATIVE VARIABLE
 RESET CUMULATIVE VARIABLE
 RESET CUMULATIVE VARIABLE
 No points passed cuts!
 Loosen cuts or increase max_events      500000
 Deleting file events.lhe

ls status:
events.lhe
grid_information
input_app.txt
results.dat
run1_app.log
