 Process in group number            1
 A PDF is used, so alpha_s(MZ) is going to be modified
 Old value of alpha_s from param_card:   0.11839999999999999     
  ****************************************
 
       NNPDFDriver version 1.0.3
   Grid: NNPDF23_lo_as_0130_qed_mem0.grid
  ****************************************
 New value of alpha_s from PDF nn23lo1:  0.13000000000000000     
 Define smin to   167.80611600000000     
 Define smin to   167.80611600000000     
 Define smin to   167.80611600000000     
 Define smin to   167.80611600000000     
 Warning: pt or E min of a jet should in general be >0
 Warning: pt or E min of a jet should in general be >0
 Warning: pt or E min of a jet should in general be >0
 Warning: pt or E min of a jet should in general be >0
 *****************************************************
 *               MadGraph/MadEvent                   *
 *        --------------------------------           *
 *          http://madgraph.hep.uiuc.edu             *
 *          http://madgraph.phys.ucl.ac.be           *
 *          http://madgraph.roma2.infn.it            *
 *        --------------------------------           *
 *                                                   *
 *          PARAMETER AND COUPLING VALUES            *
 *                                                   *
 *****************************************************

  External Params
  ---------------------------------
  
 mdl_cabi =   0.22773599999999999     
 aEWM1 =    127.90000000000001     
 mdl_Gf =    1.1663700000000000E-005
 aS =   0.11839999999999999     
 mdl_ymb =    4.7000000000000002     
 mdl_ymt =    172.00000000000000     
 mdl_ymtau =    1.7769999999999999     
 mdl_Lambda =    5000.0000000000000     
 mdl_ca =    1.0000000000000000     
 mdl_kSM =    5.0000000000000003E-002
 mdl_kHtt =    0.0000000000000000     
 mdl_kAtt =    0.0000000000000000     
 mdl_kHbb =    0.0000000000000000     
 mdl_kAbb =    0.0000000000000000     
 mdl_kHll =    0.0000000000000000     
 mdl_kAll =    0.0000000000000000     
 mdl_kHaa =    0.0000000000000000     
 mdl_kAaa =    0.0000000000000000     
 mdl_kHza =    0.0000000000000000     
 mdl_kAza =    0.0000000000000000     
 mdl_kHgg =    0.0000000000000000     
 mdl_kAgg =    0.0000000000000000     
 mdl_kHzz =  -0.52481000000000000     
 mdl_kAzz =    0.0000000000000000     
 mdl_kHww =  -0.52481000000000000     
 mdl_kAww =    0.0000000000000000     
 mdl_kHda =    0.0000000000000000     
 mdl_kHdz =  -0.26240500000000000     
 mdl_kHdwR =  -0.26240500000000000     
 mdl_kHdwI =    0.0000000000000000     
 mdl_kHHgg =    1.0000000000000000     
 mdl_kAAgg =    1.0000000000000000     
 mdl_kqa =    1.0000000000000000     
 mdl_kqb =    1.0000000000000000     
 mdl_kla =    1.0000000000000000     
 mdl_klb =    1.0000000000000000     
 mdl_kw1 =    1.0000000000000000     
 mdl_kw2 =    1.0000000000000000     
 mdl_kw3 =    0.0000000000000000     
 mdl_kw4 =    0.0000000000000000     
 mdl_kw5 =    0.0000000000000000     
 mdl_kz1 =    0.0000000000000000     
 mdl_kz3 =    1.0000000000000000     
 mdl_kz5 =    0.0000000000000000     
 mdl_kq =    1.0000000000000000     
 mdl_kq3 =    1.0000000000000000     
 mdl_kl =    1.0000000000000000     
 mdl_kg =    1.0000000000000000     
 mdl_ka =    1.0000000000000000     
 mdl_kz =    1.0000000000000000     
 mdl_kw =    1.0000000000000000     
 mdl_kza =    0.0000000000000000     
 mdl_MZ =    91.187600000000003     
 mdl_MTA =    1.7769999999999999     
 mdl_MT =    172.00000000000000     
 mdl_MB =    4.7000000000000002     
 mdl_MX0 =    600.00000000000000     
 mdl_MX1 =    125.00000000000000     
 mdl_MX2 =    125.00000000000000     
 mdl_WZ =    2.4952000000000001     
 mdl_WW =    2.0850000000000000     
 mdl_WT =    1.5083359999999999     
 mdl_WX0 =   0.15059000000000000     
 mdl_WX1 =    4.0699999999999998E-003
 mdl_WX2 =    4.0699999999999998E-003
  Internal Params
  ---------------------------------
  
 mdl_cos__cabi =   0.97418004031982097     
 mdl_CKM1x1 =  ( 0.97418004031982097     ,  0.0000000000000000     )
 mdl_sin__cabi =   0.22577256042856930     
 mdl_CKM1x2 =  ( 0.22577256042856930     ,  0.0000000000000000     )
 mdl_CKM2x1 =  (-0.22577256042856930     ,  0.0000000000000000     )
 mdl_CKM2x2 =  ( 0.97418004031982097     ,  0.0000000000000000     )
 mdl_ca__exp__2 =    1.0000000000000000     
 mdl_sa =    0.0000000000000000     
 mdl_complexi =  (  0.0000000000000000     ,  1.0000000000000000     )
 mdl_kHdw =  (-0.26240500000000000     ,  0.0000000000000000     )
 mdl_MZ__exp__2 =    8315.1783937600012     
 mdl_MZ__exp__4 =    69142191.720053151     
 mdl_sqrt__2 =    1.4142135623730951     
 mdl_nb__2__exp__0_75 =    1.6817928305074290     
 mdl_MX0__exp__2 =    360000.00000000000     
 mdl_ca__exp__4 =    1.0000000000000000     
 mdl_ca__exp__3 =    1.0000000000000000     
 mdl_conjg__CKM1x1 =  ( 0.97418004031982097     , -0.0000000000000000     )
 mdl_conjg__CKM1x2 =  ( 0.22577256042856930     , -0.0000000000000000     )
 mdl_conjg__CKM2x1 =  (-0.22577256042856930     , -0.0000000000000000     )
 mdl_conjg__CKM2x2 =  ( 0.97418004031982097     , -0.0000000000000000     )
 mdl_conjg__kHdw =  (-0.26240500000000000     , -0.0000000000000000     )
 mdl_aEW =    7.8186082877247844E-003
 mdl_MW =    79.824359746197842     
 mdl_sqrt__aEW =    8.8422894590285753E-002
 mdl_ee =   0.31345100004952897     
 mdl_MW__exp__2 =    6371.9284088904105     
 mdl_sw2 =   0.23369913342182447     
 mdl_cw =   0.87538612427783857     
 mdl_sqrt__sw2 =   0.48342438232036300     
 mdl_sw =   0.48342438232036300     
 mdl_ad =  -0.12747442148678401     
 mdl_al =   -1.2074027013887732E-002
 mdl_an =   0.18517461872323218     
 mdl_au =    6.9774224250335873E-002
 mdl_bd =  -0.18517461872323218     
 mdl_bl =  -0.18517461872323218     
 mdl_bn =   0.18517461872323218     
 mdl_bu =   0.18517461872323218     
 mdl_gwwz =  -0.56759788318358417     
 mdl_g1 =   0.35807170271074895     
 mdl_gw =   0.64839716719502682     
 mdl_vev =    246.22056907348590     
 mdl_ee__exp__2 =    9.8251529432049817E-002
 mdl_gAaa =    1.3477023594718659E-005
 mdl_vev__exp__2 =    60624.568634871241     
 mdl_cw__exp__2 =   0.76630086657817542     
 mdl_gAza =    4.4999802188047602E-006
 mdl_gHaa =    2.6392504539657372E-005
 mdl_gHza =    3.9166441035016922E-005
 mdl_lam =    2.9690932909411916     
 mdl_yb =    2.6995322804122722E-002
 mdl_yt =   0.98791394091683138     
 mdl_ytau =    1.0206529494239589E-002
 mdl_muH =    424.26406871192853     
 mdl_sw__exp__2 =   0.23369913342182450     
  Internal Params evaluated point by point
  ----------------------------------------
  
 mdl_sqrt__aS =   0.34409301068170506     
 mdl_G__exp__2 =    1.4878582807401259     
 mdl_gAAgg =    3.1083017473614446E-007
 mdl_gAgg =    7.6532782508744533E-005
 mdl_gHgg =   -5.1021855005829691E-005
 mdl_gHHgg =    2.0722011649076294E-007
  Couplings of HC_UFO
  ---------------------------------
  
        GC_10 =  -0.00000E+00   0.00000E+00
        GC_13 =  -0.00000E+00  -0.20722E-06
        GC_62 =   0.00000E+00   0.00000E+00
        GC_64 =   0.00000E+00   0.00000E+00
         GC_1 =  -0.00000E+00  -0.10448E+00
         GC_2 =   0.00000E+00   0.20897E+00
         GC_3 =  -0.00000E+00  -0.31345E+00
         GC_9 =  -0.00000E+00  -0.00000E+00
        GC_16 =  -0.00000E+00  -0.00000E+00
        GC_17 =   0.00000E+00  -0.12074E-01
        GC_19 =  -0.00000E+00   0.18517E+00
        GC_21 =   0.00000E+00  -0.12747E+00
        GC_22 =   0.00000E+00   0.69774E-01
        GC_23 =  -0.00000E+00   0.18517E+00
        GC_24 =  -0.00000E+00  -0.18517E+00
        GC_61 =   0.00000E+00   0.00000E+00
        GC_66 =   0.00000E+00   0.00000E+00
        GC_77 =  -0.00000E+00  -0.28380E+00
        GC_78 =   0.00000E+00   0.28380E+00
        GC_89 =  -0.00000E+00  -0.28850E-01
        GC_90 =   0.00000E+00   0.86550E-01
        GC_98 =  -0.00000E+00  -0.21932E+03
       GC_100 =   0.00000E+00   0.33771E+01
       GC_101 =  -0.00000E+00  -0.00000E+00
       GC_102 =   0.00000E+00   0.00000E+00
       GC_105 =  -0.00000E+00  -0.00000E+00
       GC_106 =   0.00000E+00   0.00000E+00
        GC_35 =  -0.00000E+00  -0.20000E-03
        GC_38 =  -0.00000E+00  -0.00000E+00
        GC_40 =   0.00000E+00   0.52481E-04
        GC_42 =   0.00000E+00   0.10496E-03
        GC_43 =   0.00000E+00   0.50000E-04
        GC_45 =   0.00000E+00   0.50000E-04
        GC_49 =   0.00000E+00   0.50000E-04
        GC_56 =  -0.00000E+00  -0.94000E-03
        GC_58 =  -0.00000E+00  -0.35540E-03
        GC_68 =   0.00000E+00   0.00000E+00

 Collider parameters:
 --------------------

 Running at P P   machine @    13000.000000000000       GeV
 PDF set = nn23lo1
 alpha_s(Mz)= 0.1300 running at 2 loops.
 alpha_s(Mz)= 0.1300 running at 2 loops.
 Renormalization scale set on event-by-event basis
 Factorization   scale set on event-by-event basis


 getting user params
Enter number of events and max and min iterations: 
 Number of events and iterations         1000           5           3
Enter desired fractional accuracy: 
 Desired fractional accuracy:   0.10000000000000001     
Enter 0 for fixed, 2 for adjustable grid: 
Suppress amplitude (0 no, 1 yes)? 
 Using suppressed amplitude.
Exact helicity sum (0 yes, n = number/event)? 
 Explicitly summing over helicities
Enter Configuration Number: 
Running Configuration Number:    3
 Not subdividing B.W.
 Attempting mappinvarients           1           8
 Completed mapping           8
 about to integrate           16        1000           5           3          16           1
 Using non-zero grid deformation.
 16 dimensions   1000 events 16 invarients  5 iterations  1 config(s),  (0.99)
 Using h-tuple random number sequence.
 Error opening grid
 Using Uniform Grid!          32
 Using uniform alpha   1.0000000000000000     
 Grid defined OK
 Set CM energy to      13000.00
 Mapping Graph           3  to config           3
 Setting BW          -1           1   125.00000000000000     
Setting grid   2    0.40313E-06   1
 Setting BW          -3           3   600.00000000000000     
 Setting BW          -4           4   91.187600000000003     
Setting grid   5    0.25116E-02   1
 Transforming s_hat 1/s           15   2.5115575576956360E-003   167.80611600000000        168999999.99999997     
   3   1   2   3   4   5   6   7   8   9  10  11  12  13  14
  15  16
 Masses: 0.000E+00 0.000E+00 0.000E+00 0.000E+00 0.178E+01 0.178E+01 0.470E+01 0.470E+01
Using random seed offsets     3 :      5
  with seed                   24
 Ranmar initialization seeds       31061        9402
 
 ********************************************
 * You are using the DiscreteSampler module *
 *      part of the MG5_aMC framework       *
 *         Author: Valentin Hirschi         *
 ********************************************
 
  Particle       3       4       5       6       7       8
      Et >     0.0     0.0     0.0     0.0     0.0     0.0
       E >     0.0     0.0     0.0     0.0     0.0     0.0
     Eta <    -1.0    -1.0    -1.0    -1.0    -1.0    -1.0
   xqcut:      0.0     0.0     0.0     0.0     0.0     0.0
d R # 3  >    -0.0     0.0     0.0     0.0     0.0     0.0
d R # 4  >    -0.0    -0.0     0.0     0.0     0.0     0.0
d R # 5  >    -0.0    -0.0    -0.0     0.0     0.0     0.0
d R # 6  >    -0.0    -0.0    -0.0    -0.0     0.0     0.0
d R # 7  >    -0.0    -0.0    -0.0    -0.0    -0.0     0.0
s min # 3>     0.0     0.0     3.2     3.2    22.1     0.0
s min # 4>     0.0     0.0     3.2     3.2    22.1     0.0
s min # 5>     0.0     0.0     0.0    12.6    42.0     0.0
s min # 6>     0.0     0.0     0.0     0.0    42.0     0.0
s min # 7>     0.0     0.0     0.0     0.0     0.0     0.0
xqcutij # 3>     0.0     0.0     0.0     0.0     0.0     0.0
xqcutij # 4>     0.0     0.0     0.0     0.0     0.0     0.0
xqcutij # 5>     0.0     0.0     0.0     0.0     0.0     0.0
xqcutij # 6>     0.0     0.0     0.0     0.0     0.0     0.0
xqcutij # 7>     0.0     0.0     0.0     0.0     0.0     0.0
 No cut BW           -1           1
 No cut BW           -3           2
 No cut BW           -4           3
 alpha_s for scale    380.88889074554811       is   0.10506056892593146     
 Added good helicity            1   5.3729497775797777       in event            1 local:           1
 Added good helicity            2   3.1729714144178800E-002  in event            1 local:           1
 Added good helicity            3   1.4403854934501628E-002  in event            1 local:           1
 Added good helicity            4  0.68338878305250039       in event            1 local:           1
 Added good helicity            5   2.4164303996834359E-003  in event            1 local:           1
 Added good helicity            6   2.0962246224623919E-004  in event            1 local:           1
 Added good helicity            7   1.4845556744354268E-004  in event            1 local:           1
 Added good helicity            8   1.1304001595386367E-004  in event            1 local:           1
 Added good helicity            9   2.9847000213323246E-003  in event            1 local:           1
 Added good helicity           10   1.8749629428229606E-004  in event            1 local:           1
 Added good helicity           11   1.3184886624850311E-004  in event            1 local:           1
 Added good helicity           12   1.8166901296141102E-004  in event            1 local:           1
 Added good helicity           13   15.480639853943423       in event            1 local:           1
 Added good helicity           14   2.9968893007684631E-002  in event            1 local:           1
 Added good helicity           15   1.2678882566661663E-002  in event            1 local:           1
 Added good helicity           16  0.14156442794222610       in event            1 local:           1
 Added good helicity           49   2.1120358798300409       in event            1 local:           1
 Added good helicity           50   1.2472533245870512E-002  in event            1 local:           1
 Added good helicity           51   5.6619659012032775E-003  in event            1 local:           1
 Added good helicity           52  0.26863114107320313       in event            1 local:           1
 Added good helicity           53   9.4986700351075122E-004  in event            1 local:           1
 Added good helicity           54   8.2399832458847415E-005  in event            1 local:           1
 Added good helicity           55   5.8355930723500067E-005  in event            1 local:           1
 Added good helicity           56   4.4434543301959108E-005  in event            1 local:           1
 Added good helicity           57   1.1732463165555344E-003  in event            1 local:           1
 Added good helicity           58   7.3702326887886449E-005  in event            1 local:           1
 Added good helicity           59   5.1828054934320648E-005  in event            1 local:           1
 Added good helicity           60   7.1411699254825535E-005  in event            1 local:           1
 Added good helicity           61   6.0852358886151761       in event            1 local:           1
 Added good helicity           62   1.1780377619596643E-002  in event            1 local:           1
 Added good helicity           63   4.9839019543196214E-003  in event            1 local:           1
 Added good helicity           64   5.5647114434089144E-002  in event            1 local:           1
 Added good helicity          193   50.313473382044158       in event            1 local:           1
 Added good helicity          194  0.29712396245998723       in event            1 local:           1
 Added good helicity          195  0.13488083861679320       in event            1 local:           1
 Added good helicity          196   6.3994015892676952       in event            1 local:           1
 Added good helicity          197   2.2627981207149803E-002  in event            1 local:           1
 Added good helicity          198   1.9629504482834553E-003  in event            1 local:           1
 Added good helicity          199   1.3901703068498565E-003  in event            1 local:           1
 Added good helicity          200   1.0585313597259135E-003  in event            1 local:           1
 Added good helicity          201   2.7949381865306461E-002  in event            1 local:           1
 Added good helicity          202   1.7557561864748252E-003  in event            1 local:           1
 Added good helicity          203   1.2346615354805947E-003  in event            1 local:           1
 Added good helicity          204   1.7011882534464051E-003  in event            1 local:           1
 Added good helicity          205   144.96408741405361       in event            1 local:           1
 Added good helicity          206  0.28063524936030021       in event            1 local:           1
 Added good helicity          207  0.11872782120422937       in event            1 local:           1
 Added good helicity          208   1.3256401738271686       in event            1 local:           1
 Added good helicity          241   5.3729497775797750       in event            1 local:           1
 Added good helicity          242   3.1729714144178786E-002  in event            1 local:           1
 Added good helicity          243   1.4403854934501623E-002  in event            1 local:           1
 Added good helicity          244  0.68338878305250028       in event            1 local:           1
 Added good helicity          245   2.4164303996834359E-003  in event            1 local:           1
 Added good helicity          246   2.0962246224623919E-004  in event            1 local:           1
 Added good helicity          247   1.4845556744354257E-004  in event            1 local:           1
 Added good helicity          248   1.1304001595386363E-004  in event            1 local:           1
 Added good helicity          249   2.9847000213323242E-003  in event            1 local:           1
 Added good helicity          250   1.8749629428229612E-004  in event            1 local:           1
 Added good helicity          251   1.3184886624850313E-004  in event            1 local:           1
 Added good helicity          252   1.8166901296141100E-004  in event            1 local:           1
 Added good helicity          253   15.480639853943421       in event            1 local:           1
 Added good helicity          254   2.9968893007684620E-002  in event            1 local:           1
 Added good helicity          255   1.2678882566661659E-002  in event            1 local:           1
 Added good helicity          256  0.14156442794222610       in event            1 local:           1
 Added good helicity            1   5.3729497775797839       in event            1 local:           1
 Added good helicity            2   3.1729714144178897E-002  in event            1 local:           1
 Added good helicity            3   1.4403854934501642E-002  in event            1 local:           1
 Added good helicity            4  0.68338878305249995       in event            1 local:           1
 Added good helicity            5   2.4164303996834159E-003  in event            1 local:           1
 Added good helicity            6   2.0962246224623979E-004  in event            1 local:           1
 Added good helicity            7   1.4845556744354284E-004  in event            1 local:           1
 Added good helicity            8   1.1304001595386455E-004  in event            1 local:           1
 Added good helicity            9   2.9847000213323459E-003  in event            1 local:           1
 Added good helicity           10   1.8749629428229614E-004  in event            1 local:           1
 Added good helicity           11   1.3184886624850303E-004  in event            1 local:           1
 Added good helicity           12   1.8166901296141018E-004  in event            1 local:           1
 Added good helicity           13   15.480639853943439       in event            1 local:           1
 Added good helicity           14   2.9968893007684554E-002  in event            1 local:           1
 Added good helicity           15   1.2678882566661566E-002  in event            1 local:           1
 Added good helicity           16  0.14156442794222626       in event            1 local:           1
 Added good helicity           49   2.1120358798300414       in event            1 local:           1
 Added good helicity           50   1.2472533245870538E-002  in event            1 local:           1
 Added good helicity           51   5.6619659012032766E-003  in event            1 local:           1
 Added good helicity           52  0.26863114107320279       in event            1 local:           1
 Added good helicity           53   9.4986700351074298E-004  in event            1 local:           1
 Added good helicity           54   8.2399832458847618E-005  in event            1 local:           1
 Added good helicity           55   5.8355930723500087E-005  in event            1 local:           1
 Added good helicity           56   4.4434543301959426E-005  in event            1 local:           1
 Added good helicity           57   1.1732463165555422E-003  in event            1 local:           1
 Added good helicity           58   7.3702326887886395E-005  in event            1 local:           1
 Added good helicity           59   5.1828054934320567E-005  in event            1 local:           1
 Added good helicity           60   7.1411699254825129E-005  in event            1 local:           1
 Added good helicity           61   6.0852358886151761       in event            1 local:           1
 Added good helicity           62   1.1780377619596596E-002  in event            1 local:           1
 Added good helicity           63   4.9839019543195797E-003  in event            1 local:           1
 Added good helicity           64   5.5647114434089200E-002  in event            1 local:           1
 Added good helicity          193   50.313473382044208       in event            1 local:           1
 Added good helicity          194  0.29712396245998784       in event            1 local:           1
 Added good helicity          195  0.13488083861679342       in event            1 local:           1
 Added good helicity          196   6.3994015892676854       in event            1 local:           1
 Added good helicity          197   2.2627981207149588E-002  in event            1 local:           1
 Added good helicity          198   1.9629504482834592E-003  in event            1 local:           1
 Added good helicity          199   1.3901703068498574E-003  in event            1 local:           1
 Added good helicity          200   1.0585313597259217E-003  in event            1 local:           1
 Added good helicity          201   2.7949381865306613E-002  in event            1 local:           1
 Added good helicity          202   1.7557561864748232E-003  in event            1 local:           1
 Added good helicity          203   1.2346615354805917E-003  in event            1 local:           1
 Added good helicity          204   1.7011882534463953E-003  in event            1 local:           1
 Added good helicity          205   144.96408741405355       in event            1 local:           1
 Added good helicity          206  0.28063524936029915       in event            1 local:           1
 Added good helicity          207  0.11872782120422830       in event            1 local:           1
 Added good helicity          208   1.3256401738271693       in event            1 local:           1
 Added good helicity          241   5.3729497775797839       in event            1 local:           1
 Added good helicity          242   3.1729714144178876E-002  in event            1 local:           1
 Added good helicity          243   1.4403854934501645E-002  in event            1 local:           1
 Added good helicity          244  0.68338878305249995       in event            1 local:           1
 Added good helicity          245   2.4164303996834159E-003  in event            1 local:           1
 Added good helicity          246   2.0962246224623987E-004  in event            1 local:           1
 Added good helicity          247   1.4845556744354287E-004  in event            1 local:           1
 Added good helicity          248   1.1304001595386459E-004  in event            1 local:           1
 Added good helicity          249   2.9847000213323455E-003  in event            1 local:           1
 Added good helicity          250   1.8749629428229617E-004  in event            1 local:           1
 Added good helicity          251   1.3184886624850297E-004  in event            1 local:           1
 Added good helicity          252   1.8166901296141016E-004  in event            1 local:           1
 Added good helicity          253   15.480639853943437       in event            1 local:           1
 Added good helicity          254   2.9968893007684551E-002  in event            1 local:           1
 Added good helicity          255   1.2678882566661569E-002  in event            1 local:           1
 Added good helicity          256  0.14156442794222629       in event            1 local:           1
 RESET CUMULATIVE VARIABLE
 RESET CUMULATIVE VARIABLE
 RESET CUMULATIVE VARIABLE
 No points passed cuts!
 Loosen cuts or increase max_events      500000
 Deleting file events.lhe

ls status:
events.lhe
grid_information
input_app.txt
results.dat
run1_app.log
