 Process in group number            1
 A PDF is used, so alpha_s(MZ) is going to be modified
 Old value of alpha_s from param_card:   0.11839999999999999     
  ****************************************
 
       NNPDFDriver version 1.0.3
   Grid: NNPDF23_lo_as_0130_qed_mem0.grid
  ****************************************
 New value of alpha_s from PDF nn23lo1:  0.13000000000000000     
 Define smin to   167.80611599999997     
 Define smin to   167.80611599999997     
 Warning: pt or E min of a jet should in general be >0
 Warning: pt or E min of a jet should in general be >0
 Warning: pt or E min of a jet should in general be >0
 Warning: pt or E min of a jet should in general be >0
 *****************************************************
 *               MadGraph/MadEvent                   *
 *        --------------------------------           *
 *          http://madgraph.hep.uiuc.edu             *
 *          http://madgraph.phys.ucl.ac.be           *
 *          http://madgraph.roma2.infn.it            *
 *        --------------------------------           *
 *                                                   *
 *          PARAMETER AND COUPLING VALUES            *
 *                                                   *
 *****************************************************

  External Params
  ---------------------------------
  
 mdl_cabi =   0.22773599999999999     
 aEWM1 =    127.90000000000001     
 mdl_Gf =    1.1663700000000000E-005
 aS =   0.11839999999999999     
 mdl_ymb =    4.7000000000000002     
 mdl_ymt =    172.00000000000000     
 mdl_ymtau =    1.7769999999999999     
 mdl_Lambda =    5000.0000000000000     
 mdl_ca =    1.0000000000000000     
 mdl_kSM =    5.0000000000000003E-002
 mdl_kHtt =    0.0000000000000000     
 mdl_kAtt =    0.0000000000000000     
 mdl_kHbb =    0.0000000000000000     
 mdl_kAbb =    0.0000000000000000     
 mdl_kHll =    0.0000000000000000     
 mdl_kAll =    0.0000000000000000     
 mdl_kHaa =    0.0000000000000000     
 mdl_kAaa =    0.0000000000000000     
 mdl_kHza =    0.0000000000000000     
 mdl_kAza =    0.0000000000000000     
 mdl_kHgg =    0.0000000000000000     
 mdl_kAgg =    0.0000000000000000     
 mdl_kHzz =  -0.52481000000000000     
 mdl_kAzz =    0.0000000000000000     
 mdl_kHww =  -0.52481000000000000     
 mdl_kAww =    0.0000000000000000     
 mdl_kHda =    0.0000000000000000     
 mdl_kHdz =  -0.26240500000000000     
 mdl_kHdwR =  -0.26240500000000000     
 mdl_kHdwI =    0.0000000000000000     
 mdl_kHHgg =    1.0000000000000000     
 mdl_kAAgg =    1.0000000000000000     
 mdl_kqa =    1.0000000000000000     
 mdl_kqb =    1.0000000000000000     
 mdl_kla =    1.0000000000000000     
 mdl_klb =    1.0000000000000000     
 mdl_kw1 =    1.0000000000000000     
 mdl_kw2 =    1.0000000000000000     
 mdl_kw3 =    0.0000000000000000     
 mdl_kw4 =    0.0000000000000000     
 mdl_kw5 =    0.0000000000000000     
 mdl_kz1 =    0.0000000000000000     
 mdl_kz3 =    1.0000000000000000     
 mdl_kz5 =    0.0000000000000000     
 mdl_kq =    1.0000000000000000     
 mdl_kq3 =    1.0000000000000000     
 mdl_kl =    1.0000000000000000     
 mdl_kg =    1.0000000000000000     
 mdl_ka =    1.0000000000000000     
 mdl_kz =    1.0000000000000000     
 mdl_kw =    1.0000000000000000     
 mdl_kza =    0.0000000000000000     
 mdl_MZ =    91.187600000000003     
 mdl_MTA =    1.7769999999999999     
 mdl_MT =    172.00000000000000     
 mdl_MB =    4.7000000000000002     
 mdl_MX0 =    600.00000000000000     
 mdl_MX1 =    125.00000000000000     
 mdl_MX2 =    125.00000000000000     
 mdl_WZ =    2.4952000000000001     
 mdl_WW =    2.0850000000000000     
 mdl_WT =    1.5083359999999999     
 mdl_WX0 =   0.15059000000000000     
 mdl_WX1 =    4.0699999999999998E-003
 mdl_WX2 =    4.0699999999999998E-003
  Internal Params
  ---------------------------------
  
 mdl_cos__cabi =   0.97418004031982097     
 mdl_CKM1x1 =  ( 0.97418004031982097     ,  0.0000000000000000     )
 mdl_sin__cabi =   0.22577256042856930     
 mdl_CKM1x2 =  ( 0.22577256042856930     ,  0.0000000000000000     )
 mdl_CKM2x1 =  (-0.22577256042856930     ,  0.0000000000000000     )
 mdl_CKM2x2 =  ( 0.97418004031982097     ,  0.0000000000000000     )
 mdl_ca__exp__2 =    1.0000000000000000     
 mdl_sa =    0.0000000000000000     
 mdl_complexi =  (  0.0000000000000000     ,  1.0000000000000000     )
 mdl_kHdw =  (-0.26240500000000000     ,  0.0000000000000000     )
 mdl_MZ__exp__2 =    8315.1783937600012     
 mdl_MZ__exp__4 =    69142191.720053151     
 mdl_sqrt__2 =    1.4142135623730951     
 mdl_nb__2__exp__0_75 =    1.6817928305074290     
 mdl_MX0__exp__2 =    360000.00000000000     
 mdl_ca__exp__4 =    1.0000000000000000     
 mdl_ca__exp__3 =    1.0000000000000000     
 mdl_conjg__CKM1x1 =  ( 0.97418004031982097     , -0.0000000000000000     )
 mdl_conjg__CKM1x2 =  ( 0.22577256042856930     , -0.0000000000000000     )
 mdl_conjg__CKM2x1 =  (-0.22577256042856930     , -0.0000000000000000     )
 mdl_conjg__CKM2x2 =  ( 0.97418004031982097     , -0.0000000000000000     )
 mdl_conjg__kHdw =  (-0.26240500000000000     , -0.0000000000000000     )
 mdl_aEW =    7.8186082877247844E-003
 mdl_MW =    79.824359746197842     
 mdl_sqrt__aEW =    8.8422894590285753E-002
 mdl_ee =   0.31345100004952897     
 mdl_MW__exp__2 =    6371.9284088904105     
 mdl_sw2 =   0.23369913342182447     
 mdl_cw =   0.87538612427783857     
 mdl_sqrt__sw2 =   0.48342438232036300     
 mdl_sw =   0.48342438232036300     
 mdl_ad =  -0.12747442148678401     
 mdl_al =   -1.2074027013887732E-002
 mdl_an =   0.18517461872323218     
 mdl_au =    6.9774224250335873E-002
 mdl_bd =  -0.18517461872323218     
 mdl_bl =  -0.18517461872323218     
 mdl_bn =   0.18517461872323218     
 mdl_bu =   0.18517461872323218     
 mdl_gwwz =  -0.56759788318358417     
 mdl_g1 =   0.35807170271074895     
 mdl_gw =   0.64839716719502682     
 mdl_vev =    246.22056907348590     
 mdl_ee__exp__2 =    9.8251529432049817E-002
 mdl_gAaa =    1.3477023594718659E-005
 mdl_vev__exp__2 =    60624.568634871241     
 mdl_cw__exp__2 =   0.76630086657817542     
 mdl_gAza =    4.4999802188047602E-006
 mdl_gHaa =    2.6392504539657372E-005
 mdl_gHza =    3.9166441035016922E-005
 mdl_lam =    2.9690932909411916     
 mdl_yb =    2.6995322804122722E-002
 mdl_yt =   0.98791394091683138     
 mdl_ytau =    1.0206529494239589E-002
 mdl_muH =    424.26406871192853     
 mdl_sw__exp__2 =   0.23369913342182450     
  Internal Params evaluated point by point
  ----------------------------------------
  
 mdl_sqrt__aS =   0.34409301068170506     
 mdl_G__exp__2 =    1.4878582807401259     
 mdl_gAAgg =    3.1083017473614446E-007
 mdl_gAgg =    7.6532782508744533E-005
 mdl_gHgg =   -5.1021855005829691E-005
 mdl_gHHgg =    2.0722011649076294E-007
  Couplings of HC_UFO
  ---------------------------------
  
        GC_10 =  -0.00000E+00   0.00000E+00
        GC_13 =  -0.00000E+00  -0.20722E-06
        GC_62 =   0.00000E+00   0.00000E+00
        GC_64 =   0.00000E+00   0.00000E+00
         GC_1 =  -0.00000E+00  -0.10448E+00
         GC_2 =   0.00000E+00   0.20897E+00
         GC_3 =  -0.00000E+00  -0.31345E+00
         GC_9 =  -0.00000E+00  -0.00000E+00
        GC_16 =  -0.00000E+00  -0.00000E+00
        GC_17 =   0.00000E+00  -0.12074E-01
        GC_19 =  -0.00000E+00   0.18517E+00
        GC_21 =   0.00000E+00  -0.12747E+00
        GC_22 =   0.00000E+00   0.69774E-01
        GC_23 =  -0.00000E+00   0.18517E+00
        GC_24 =  -0.00000E+00  -0.18517E+00
        GC_61 =   0.00000E+00   0.00000E+00
        GC_66 =   0.00000E+00   0.00000E+00
        GC_77 =  -0.00000E+00  -0.28380E+00
        GC_78 =   0.00000E+00   0.28380E+00
        GC_89 =  -0.00000E+00  -0.28850E-01
        GC_90 =   0.00000E+00   0.86550E-01
        GC_98 =  -0.00000E+00  -0.21932E+03
       GC_100 =   0.00000E+00   0.33771E+01
       GC_101 =  -0.00000E+00  -0.00000E+00
       GC_102 =   0.00000E+00   0.00000E+00
       GC_105 =  -0.00000E+00  -0.00000E+00
       GC_106 =   0.00000E+00   0.00000E+00
        GC_35 =  -0.00000E+00  -0.20000E-03
        GC_38 =  -0.00000E+00  -0.00000E+00
        GC_40 =   0.00000E+00   0.52481E-04
        GC_42 =   0.00000E+00   0.10496E-03
        GC_43 =   0.00000E+00   0.50000E-04
        GC_45 =   0.00000E+00   0.50000E-04
        GC_49 =   0.00000E+00   0.50000E-04
        GC_56 =  -0.00000E+00  -0.94000E-03
        GC_58 =  -0.00000E+00  -0.35540E-03
        GC_68 =   0.00000E+00   0.00000E+00

 Collider parameters:
 --------------------

 Running at P P   machine @    13000.000000000000       GeV
 PDF set = nn23lo1
 alpha_s(Mz)= 0.1300 running at 2 loops.
 alpha_s(Mz)= 0.1300 running at 2 loops.
 Renormalization scale set on event-by-event basis
 Factorization   scale set on event-by-event basis


 getting user params
Enter number of events and max and min iterations: 
 Number of events and iterations         1000           5           3
Enter desired fractional accuracy: 
 Desired fractional accuracy:   0.10000000000000001     
Enter 0 for fixed, 2 for adjustable grid: 
Suppress amplitude (0 no, 1 yes)? 
 Using suppressed amplitude.
Exact helicity sum (0 yes, n = number/event)? 
 Explicitly summing over helicities
Enter Configuration Number: 
Running Configuration Number:   31
 Not subdividing B.W.
 Attempting mappinvarients           1           8
 Completed mapping           8
 about to integrate           16        1000           5           3          16           1
 Using non-zero grid deformation.
 16 dimensions   1000 events 16 invarients  5 iterations  1 config(s),  (0.99)
 Using h-tuple random number sequence.
 Error opening grid
 Using Uniform Grid!          32
 Using uniform alpha   1.0000000000000000     
 Grid defined OK
 Set CM energy to      13000.00
 Mapping Graph          31  to config          31
 Setting BW          -1           1   125.00000000000000     
Setting grid   2    0.18685E-07   1
 Setting BW          -3           3   600.00000000000000     
 Setting BW          -4           4   91.187600000000003     
Setting grid   5    0.17101E-04   1
 Transforming s_hat 1/s           15   2.5115575576956360E-003   167.80611599999997        168999999.99999997     
  31   1   2   3   4   5   6   7   8   9  10  11  12  13  14
  15  16
 Masses: 0.470E+01 0.470E+01 0.470E+01 0.470E+01 0.178E+01 0.178E+01 0.000E+00 0.000E+00
Using random seed offsets    31 :     19
  with seed                   24
 Ranmar initialization seeds       31089        9416
 
 ********************************************
 * You are using the DiscreteSampler module *
 *      part of the MG5_aMC framework       *
 *         Author: Valentin Hirschi         *
 ********************************************
 
  Particle       3       4       5       6       7       8
      Et >     0.0     0.0     0.0     0.0     0.0     0.0
       E >     0.0     0.0     0.0     0.0     0.0     0.0
     Eta <    -1.0    -1.0    -1.0    -1.0    -1.0    -1.0
   xqcut:      0.0     0.0     0.0     0.0     0.0     0.0
d R # 3  >    -0.0     0.0     0.0     0.0     0.0     0.0
d R # 4  >    -0.0    -0.0     0.0     0.0     0.0     0.0
d R # 5  >    -0.0    -0.0    -0.0     0.0     0.0     0.0
d R # 6  >    -0.0    -0.0    -0.0    -0.0     0.0     0.0
d R # 7  >    -0.0    -0.0    -0.0    -0.0    -0.0     0.0
s min # 3>     0.0    88.4    42.0    42.0    22.1     0.0
s min # 4>     0.0     0.0    42.0    42.0    22.1     0.0
s min # 5>     0.0     0.0     0.0    12.6     3.2     0.0
s min # 6>     0.0     0.0     0.0     0.0     3.2     0.0
s min # 7>     0.0     0.0     0.0     0.0     0.0     0.0
xqcutij # 3>     0.0     0.0     0.0     0.0     0.0     0.0
xqcutij # 4>     0.0     0.0     0.0     0.0     0.0     0.0
xqcutij # 5>     0.0     0.0     0.0     0.0     0.0     0.0
xqcutij # 6>     0.0     0.0     0.0     0.0     0.0     0.0
xqcutij # 7>     0.0     0.0     0.0     0.0     0.0     0.0
 No cut BW           -1           1
 No cut BW           -3           2
 No cut BW           -4           3
 alpha_s for scale    319.84450498507090       is   0.10757208707698075     
 Added good helicity            1   3.6790167847622302       in event            1 local:           1
 Added good helicity            4   1.4545700615510049       in event            1 local:           1
 Added good helicity            5   4.6518588622565318E-003  in event            1 local:           1
 Added good helicity            8   6.7715656546684950E-004  in event            1 local:           1
 Added good helicity            9   3.2939416261461916E-003  in event            1 local:           1
 Added good helicity           12   7.4505587432803380E-004  in event            1 local:           1
 Added good helicity           13   5.4679756698881050       in event            1 local:           1
 Added good helicity           16  0.58043358358702246       in event            1 local:           1
 Added good helicity           17   1.1847832951020359E-002  in event            1 local:           1
 Added good helicity           20   4.6842686818362759E-003  in event            1 local:           1
 Added good helicity           21   1.4980754352633638E-005  in event            1 local:           1
 Added good helicity           24   2.1807016218482450E-006  in event            1 local:           1
 Added good helicity           25   1.0607744519848566E-005  in event            1 local:           1
 Added good helicity           28   2.3993632143174523E-006  in event            1 local:           1
 Added good helicity           29   1.7608960792296256E-002  in event            1 local:           1
 Added good helicity           32   1.8692168423867621E-003  in event            1 local:           1
 Added good helicity           33   1.5041360113991141E-002  in event            1 local:           1
 Added good helicity           36   5.9468910817249551E-003  in event            1 local:           1
 Added good helicity           37   1.9018745616074616E-005  in event            1 local:           1
 Added good helicity           40   2.7684993982430463E-006  in event            1 local:           1
 Added good helicity           41   1.3467011729475571E-005  in event            1 local:           1
 Added good helicity           44   3.0461001855790030E-006  in event            1 local:           1
 Added good helicity           45   2.2355372632703121E-002  in event            1 local:           1
 Added good helicity           48   2.3730553742366319E-003  in event            1 local:           1
 Added good helicity           49   7.2109984142874825E-002  in event            1 local:           1
 Added good helicity           52   2.8510069458658978E-002  in event            1 local:           1
 Added good helicity           53   9.1178020764014897E-005  in event            1 local:           1
 Added good helicity           56   1.3272499707068846E-005  in event            1 local:           1
 Added good helicity           57   6.4562379658810950E-005  in event            1 local:           1
 Added good helicity           60   1.4603349325796158E-005  in event            1 local:           1
 Added good helicity           61  0.10717418862625258       in event            1 local:           1
 Added good helicity           64   1.1376696263471171E-002  in event            1 local:           1
 Added good helicity           65   5.5405763378348221       in event            1 local:           1
 Added good helicity           68   2.1905734429187418       in event            1 local:           1
 Added good helicity           69   7.0056704405145826E-003  in event            1 local:           1
 Added good helicity           72   1.0197935652738797E-003  in event            1 local:           1
 Added good helicity           73   4.9606555500437124E-003  in event            1 local:           1
 Added good helicity           76   1.1220495010417649E-003  in event            1 local:           1
 Added good helicity           77   8.2347372640205343       in event            1 local:           1
 Added good helicity           80  0.87412935766607802       in event            1 local:           1
 Added good helicity           81   2.1349915864086359E-002  in event            1 local:           1
 Added good helicity           84   8.4410999594120972E-003  in event            1 local:           1
 Added good helicity           85   2.6995472195759559E-005  in event            1 local:           1
 Added good helicity           88   3.9296465728044445E-006  in event            1 local:           1
 Added good helicity           89   1.9115263858188143E-005  in event            1 local:           1
 Added good helicity           92   4.3236769934918573E-006  in event            1 local:           1
 Added good helicity           93   3.1731527016266976E-002  in event            1 local:           1
 Added good helicity           96   3.3683478220591931E-003  in event            1 local:           1
 Added good helicity           97   2.2009566177591360E-002  in event            1 local:           1
 Added good helicity          100   8.7019054009885490E-003  in event            1 local:           1
 Added good helicity          101   2.7829553782334003E-005  in event            1 local:           1
 Added good helicity          104   4.0510612242820493E-006  in event            1 local:           1
 Added good helicity          105   1.9705869923198220E-005  in event            1 local:           1
 Added good helicity          108   4.4572660391071969E-006  in event            1 local:           1
 Added good helicity          109   3.2711938924094811E-002  in event            1 local:           1
 Added good helicity          112   3.4724199744255073E-003  in event            1 local:           1
 Added good helicity          113  0.17721718836736133       in event            1 local:           1
 Added good helicity          116   7.0066224666074345E-002  in event            1 local:           1
 Added good helicity          117   2.2407871354796619E-004  in event            1 local:           1
 Added good helicity          120   3.2618438468007628E-005  in event            1 local:           1
 Added good helicity          121   1.5866822789436350E-004  in event            1 local:           1
 Added good helicity          124   3.5889128794375340E-005  in event            1 local:           1
 Added good helicity          125  0.26339082721562945       in event            1 local:           1
 Added good helicity          128   2.7959320039887190E-002  in event            1 local:           1
 Added good helicity          129   3.7495971949562819       in event            1 local:           1
 Added good helicity          132   1.4824753845235654       in event            1 local:           1
 Added good helicity          133   4.7411028439700116E-003  in event            1 local:           1
 Added good helicity          136   6.9014753314989988E-004  in event            1 local:           1
 Added good helicity          137   3.3571345292314858E-003  in event            1 local:           1
 Added good helicity          140   7.5934946207282595E-004  in event            1 local:           1
 Added good helicity          141   5.5728765138609457       in event            1 local:           1
 Added good helicity          144  0.59156896100352507       in event            1 local:           1
 Added good helicity          145   1.4411886507081062E-002  in event            1 local:           1
 Added good helicity          148   5.6980165816301982E-003  in event            1 local:           1
 Added good helicity          149   1.8222820359905820E-005  in event            1 local:           1
 Added good helicity          152   2.6526390446092390E-006  in event            1 local:           1
 Added good helicity          153   1.2903423836930657E-005  in event            1 local:           1
 Added good helicity          156   2.9186223739785493E-006  in event            1 local:           1
 Added good helicity          157   2.1419811158323088E-002  in event            1 local:           1
 Added good helicity          160   2.2737441607228615E-003  in event            1 local:           1
 Added good helicity          161   1.4876952545106603E-002  in event            1 local:           1
 Added good helicity          164   5.8818893865485878E-003  in event            1 local:           1
 Added good helicity          165   1.8810863768537190E-005  in event            1 local:           1
 Added good helicity          168   2.7382386869726550E-006  in event            1 local:           1
 Added good helicity          169   1.3319812364404638E-005  in event            1 local:           1
 Added good helicity          172   3.0128051961435716E-006  in event            1 local:           1
 Added good helicity          173   2.2111020231178464E-002  in event            1 local:           1
 Added good helicity          176   2.3471170108206973E-003  in event            1 local:           1
 Added good helicity          177  0.11993797703645519       in event            1 local:           1
 Added good helicity          180   4.7419786548077589E-002  in event            1 local:           1
 Added good helicity          181   1.5165316551667032E-004  in event            1 local:           1
 Added good helicity          184   2.2075677647199633E-005  in event            1 local:           1
 Added good helicity          185   1.0738431440499076E-004  in event            1 local:           1
 Added good helicity          188   2.4289232578700250E-005  in event            1 local:           1
 Added good helicity          189  0.17825902372808020       in event            1 local:           1
 Added good helicity          192   1.8922455072176825E-002  in event            1 local:           1
 Added good helicity          193   66.643307357157553       in event            1 local:           1
 Added good helicity          196   26.348713625324798       in event            1 local:           1
 Added good helicity          197   8.4265791127537723E-002  in event            1 local:           1
 Added good helicity          200   1.2266308027795783E-002  in event            1 local:           1
 Added good helicity          201   5.9667888745982778E-002  in event            1 local:           1
 Added good helicity          204   1.3496265588336510E-002  in event            1 local:           1
 Added good helicity          205   99.049285314245594       in event            1 local:           1
 Added good helicity          208   10.514225939827101       in event            1 local:           1
 Added good helicity          209  0.24045480871397076       in event            1 local:           1
 Added good helicity          212   9.5068434414310524E-002  in event            1 local:           1
 Added good helicity          213   3.0403825215507299E-004  in event            1 local:           1
 Added good helicity          216   4.4257898766086762E-005  in event            1 local:           1
 Added good helicity          217   2.1528689592025270E-004  in event            1 local:           1
 Added good helicity          220   4.8695691872019021E-005  in event            1 local:           1
 Added good helicity          221  0.35737837598383371       in event            1 local:           1
 Added good helicity          224   3.7936235270968531E-002  in event            1 local:           1
 Added good helicity          225  0.35959411232736310       in event            1 local:           1
 Added good helicity          228  0.14217245005996784       in event            1 local:           1
 Added good helicity          229   4.5468155110725452E-004  in event            1 local:           1
 Added good helicity          232   6.6186573291601548E-005  in event            1 local:           1
 Added good helicity          233   3.2195613241507487E-004  in event            1 local:           1
 Added good helicity          236   7.2823181148001185E-005  in event            1 local:           1
 Added good helicity          237  0.53445036331034557       in event            1 local:           1
 Added good helicity          240   5.6732684699739716E-002  in event            1 local:           1
 Added good helicity          241   3.4753529453205356       in event            1 local:           1
 Added good helicity          244   1.3740476446108578       in event            1 local:           1
 Added good helicity          245   4.3943402120693231E-003  in event            1 local:           1
 Added good helicity          248   6.3967037986494208E-004  in event            1 local:           1
 Added good helicity          249   3.1115948640285749E-003  in event            1 local:           1
 Added good helicity          252   7.0381090349976299E-004  in event            1 local:           1
 Added good helicity          253   5.1652782417286005       in event            1 local:           1
 Added good helicity          256  0.54830181059162553       in event            1 local:           1
 Added good helicity            1   3.6790167847622350       in event            1 local:           1
 Added good helicity            4   1.4545700615510007       in event            1 local:           1
 Added good helicity            5   4.6518588622565535E-003  in event            1 local:           1
 Added good helicity            8   6.7715656546684831E-004  in event            1 local:           1
 Added good helicity            9   3.2939416261461925E-003  in event            1 local:           1
 Added good helicity           12   7.4505587432803272E-004  in event            1 local:           1
 Added good helicity           13   5.4679756698880970       in event            1 local:           1
 Added good helicity           16  0.58043358358702324       in event            1 local:           1
 Added good helicity           17   1.1847832951020378E-002  in event            1 local:           1
 Added good helicity           20   4.6842686818362655E-003  in event            1 local:           1
 Added good helicity           21   1.4980754352633709E-005  in event            1 local:           1
 Added good helicity           24   2.1807016218482433E-006  in event            1 local:           1
 Added good helicity           25   1.0607744519848574E-005  in event            1 local:           1
 Added good helicity           28   2.3993632143174502E-006  in event            1 local:           1
 Added good helicity           29   1.7608960792296222E-002  in event            1 local:           1
 Added good helicity           32   1.8692168423867657E-003  in event            1 local:           1
 Added good helicity           33   1.5041360113991197E-002  in event            1 local:           1
 Added good helicity           36   5.9468910817249507E-003  in event            1 local:           1
 Added good helicity           37   1.9018745616074748E-005  in event            1 local:           1
 Added good helicity           40   2.7684993982430472E-006  in event            1 local:           1
 Added good helicity           41   1.3467011729475598E-005  in event            1 local:           1
 Added good helicity           44   3.0461001855790039E-006  in event            1 local:           1
 Added good helicity           45   2.2355372632703142E-002  in event            1 local:           1
 Added good helicity           48   2.3730553742366406E-003  in event            1 local:           1
 Added good helicity           49   7.2109984142874908E-002  in event            1 local:           1
 Added good helicity           52   2.8510069458658905E-002  in event            1 local:           1
 Added good helicity           53   9.1178020764015304E-005  in event            1 local:           1
 Added good helicity           56   1.3272499707068828E-005  in event            1 local:           1
 Added good helicity           57   6.4562379658811032E-005  in event            1 local:           1
 Added good helicity           60   1.4603349325796136E-005  in event            1 local:           1
 Added good helicity           61  0.10717418862625244       in event            1 local:           1
 Added good helicity           64   1.1376696263471193E-002  in event            1 local:           1
 Added good helicity           65   5.5405763378348478       in event            1 local:           1
 Added good helicity           68   2.1905734429187445       in event            1 local:           1
 Added good helicity           69   7.0056704405146346E-003  in event            1 local:           1
 Added good helicity           72   1.0197935652738830E-003  in event            1 local:           1
 Added good helicity           73   4.9606555500437358E-003  in event            1 local:           1
 Added good helicity           76   1.1220495010417673E-003  in event            1 local:           1
 Added good helicity           77   8.2347372640205503       in event            1 local:           1
 Added good helicity           80  0.87412935766608235       in event            1 local:           1
 Added good helicity           81   2.1349915864086366E-002  in event            1 local:           1
 Added good helicity           84   8.4410999594120607E-003  in event            1 local:           1
 Added good helicity           85   2.6995472195759630E-005  in event            1 local:           1
 Added good helicity           88   3.9296465728044335E-006  in event            1 local:           1
 Added good helicity           89   1.9115263858188133E-005  in event            1 local:           1
 Added good helicity           92   4.3236769934918437E-006  in event            1 local:           1
 Added good helicity           93   3.1731527016266900E-002  in event            1 local:           1
 Added good helicity           96   3.3683478220591940E-003  in event            1 local:           1
 Added good helicity           97   2.2009566177591890E-002  in event            1 local:           1
 Added good helicity          100   8.7019054009887242E-003  in event            1 local:           1
 Added good helicity          101   2.7829553782334758E-005  in event            1 local:           1
 Added good helicity          104   4.0510612242821399E-006  in event            1 local:           1
 Added good helicity          105   1.9705869923198701E-005  in event            1 local:           1
 Added good helicity          108   4.4572660391072994E-006  in event            1 local:           1
 Added good helicity          109   3.2711938924095525E-002  in event            1 local:           1
 Added good helicity          112   3.4724199744255932E-003  in event            1 local:           1
 Added good helicity          113  0.17721718836736305       in event            1 local:           1
 Added good helicity          116   7.0066224666074720E-002  in event            1 local:           1
 Added good helicity          117   2.2407871354796890E-004  in event            1 local:           1
 Added good helicity          120   3.2618438468007845E-005  in event            1 local:           1
 Added good helicity          121   1.5866822789436494E-004  in event            1 local:           1
 Added good helicity          124   3.5889128794375557E-005  in event            1 local:           1
 Added good helicity          125  0.26339082721563128       in event            1 local:           1
 Added good helicity          128   2.7959320039887468E-002  in event            1 local:           1
 Added good helicity          129   3.7495971949562836       in event            1 local:           1
 Added good helicity          132   1.4824753845235601       in event            1 local:           1
 Added good helicity          133   4.7411028439700298E-003  in event            1 local:           1
 Added good helicity          136   6.9014753314989837E-004  in event            1 local:           1
 Added good helicity          137   3.3571345292314884E-003  in event            1 local:           1
 Added good helicity          140   7.5934946207282421E-004  in event            1 local:           1
 Added good helicity          141   5.5728765138609342       in event            1 local:           1
 Added good helicity          144  0.59156896100352563       in event            1 local:           1
 Added good helicity          145   1.4411886507080971E-002  in event            1 local:           1
 Added good helicity          148   5.6980165816301375E-003  in event            1 local:           1
 Added good helicity          149   1.8222820359905765E-005  in event            1 local:           1
 Added good helicity          152   2.6526390446092149E-006  in event            1 local:           1
 Added good helicity          153   1.2903423836930574E-005  in event            1 local:           1
 Added good helicity          156   2.9186223739785251E-006  in event            1 local:           1
 Added good helicity          157   2.1419811158322893E-002  in event            1 local:           1
 Added good helicity          160   2.2737441607228494E-003  in event            1 local:           1
 Added good helicity          161   1.4876952545106478E-002  in event            1 local:           1
 Added good helicity          164   5.8818893865485227E-003  in event            1 local:           1
 Added good helicity          165   1.8810863768537091E-005  in event            1 local:           1
 Added good helicity          168   2.7382386869726240E-006  in event            1 local:           1
 Added good helicity          169   1.3319812364404516E-005  in event            1 local:           1
 Added good helicity          172   3.0128051961435407E-006  in event            1 local:           1
 Added good helicity          173   2.2111020231178218E-002  in event            1 local:           1
 Added good helicity          176   2.3471170108206791E-003  in event            1 local:           1
 Added good helicity          177  0.11993797703645497       in event            1 local:           1
 Added good helicity          180   4.7419786548077277E-002  in event            1 local:           1
 Added good helicity          181   1.5165316551667043E-004  in event            1 local:           1
 Added good helicity          184   2.2075677647199528E-005  in event            1 local:           1
 Added good helicity          185   1.0738431440499051E-004  in event            1 local:           1
 Added good helicity          188   2.4289232578700128E-005  in event            1 local:           1
 Added good helicity          189  0.17825902372807922       in event            1 local:           1
 Added good helicity          192   1.8922455072176783E-002  in event            1 local:           1
 Added good helicity          193   66.643307357157667       in event            1 local:           1
 Added good helicity          196   26.348713625324748       in event            1 local:           1
 Added good helicity          197   8.4265791127538084E-002  in event            1 local:           1
 Added good helicity          200   1.2266308027795785E-002  in event            1 local:           1
 Added good helicity          201   5.9667888745982778E-002  in event            1 local:           1
 Added good helicity          204   1.3496265588336496E-002  in event            1 local:           1
 Added good helicity          205   99.049285314245523       in event            1 local:           1
 Added good helicity          208   10.514225939827123       in event            1 local:           1
 Added good helicity          209  0.24045480871397146       in event            1 local:           1
 Added good helicity          212   9.5068434414310329E-002  in event            1 local:           1
 Added good helicity          213   3.0403825215507429E-004  in event            1 local:           1
 Added good helicity          216   4.4257898766086721E-005  in event            1 local:           1
 Added good helicity          217   2.1528689592025286E-004  in event            1 local:           1
 Added good helicity          220   4.8695691872019014E-005  in event            1 local:           1
 Added good helicity          221  0.35737837598383332       in event            1 local:           1
 Added good helicity          224   3.7936235270968628E-002  in event            1 local:           1
 Added good helicity          225  0.35959411232736449       in event            1 local:           1
 Added good helicity          228  0.14217245005996784       in event            1 local:           1
 Added good helicity          229   4.5468155110725745E-004  in event            1 local:           1
 Added good helicity          232   6.6186573291601602E-005  in event            1 local:           1
 Added good helicity          233   3.2195613241507552E-004  in event            1 local:           1
 Added good helicity          236   7.2823181148001266E-005  in event            1 local:           1
 Added good helicity          237  0.53445036331034568       in event            1 local:           1
 Added good helicity          240   5.6732684699739903E-002  in event            1 local:           1
 Added good helicity          241   3.4753529453205401       in event            1 local:           1
 Added good helicity          244   1.3740476446108549       in event            1 local:           1
 Added good helicity          245   4.3943402120693482E-003  in event            1 local:           1
 Added good helicity          248   6.3967037986494045E-004  in event            1 local:           1
 Added good helicity          249   3.1115948640285758E-003  in event            1 local:           1
 Added good helicity          252   7.0381090349976169E-004  in event            1 local:           1
 Added good helicity          253   5.1652782417285943       in event            1 local:           1
 Added good helicity          256  0.54830181059162664       in event            1 local:           1
 RESET CUMULATIVE VARIABLE
 RESET CUMULATIVE VARIABLE
 RESET CUMULATIVE VARIABLE
 No points passed cuts!
 Loosen cuts or increase max_events      500000
 Deleting file events.lhe

ls status:
events.lhe
grid_information
input_app.txt
results.dat
run1_app.log
