 Process in group number            1
 A PDF is used, so alpha_s(MZ) is going to be modified
 Old value of alpha_s from param_card:   0.11839999999999999     
  ****************************************
 
       NNPDFDriver version 1.0.3
   Grid: NNPDF23_lo_as_0130_qed_mem0.grid
  ****************************************
 New value of alpha_s from PDF nn23lo1:  0.13000000000000000     
 Define smin to   167.80611599999997     
 Define smin to   167.80611599999997     
 Define smin to   167.80611599999997     
 Define smin to   167.80611599999997     
 Warning: pt or E min of a jet should in general be >0
 Warning: pt or E min of a jet should in general be >0
 Warning: pt or E min of a jet should in general be >0
 Warning: pt or E min of a jet should in general be >0
 *****************************************************
 *               MadGraph/MadEvent                   *
 *        --------------------------------           *
 *          http://madgraph.hep.uiuc.edu             *
 *          http://madgraph.phys.ucl.ac.be           *
 *          http://madgraph.roma2.infn.it            *
 *        --------------------------------           *
 *                                                   *
 *          PARAMETER AND COUPLING VALUES            *
 *                                                   *
 *****************************************************

  External Params
  ---------------------------------
  
 mdl_cabi =   0.22773599999999999     
 aEWM1 =    127.90000000000001     
 mdl_Gf =    1.1663700000000000E-005
 aS =   0.11839999999999999     
 mdl_ymb =    4.7000000000000002     
 mdl_ymt =    172.00000000000000     
 mdl_ymtau =    1.7769999999999999     
 mdl_Lambda =    5000.0000000000000     
 mdl_ca =    1.0000000000000000     
 mdl_kSM =    5.0000000000000003E-002
 mdl_kHtt =    0.0000000000000000     
 mdl_kAtt =    0.0000000000000000     
 mdl_kHbb =    0.0000000000000000     
 mdl_kAbb =    0.0000000000000000     
 mdl_kHll =    0.0000000000000000     
 mdl_kAll =    0.0000000000000000     
 mdl_kHaa =    0.0000000000000000     
 mdl_kAaa =    0.0000000000000000     
 mdl_kHza =    0.0000000000000000     
 mdl_kAza =    0.0000000000000000     
 mdl_kHgg =    0.0000000000000000     
 mdl_kAgg =    0.0000000000000000     
 mdl_kHzz =  -0.52481000000000000     
 mdl_kAzz =    0.0000000000000000     
 mdl_kHww =  -0.52481000000000000     
 mdl_kAww =    0.0000000000000000     
 mdl_kHda =    0.0000000000000000     
 mdl_kHdz =  -0.26240500000000000     
 mdl_kHdwR =  -0.26240500000000000     
 mdl_kHdwI =    0.0000000000000000     
 mdl_kHHgg =    1.0000000000000000     
 mdl_kAAgg =    1.0000000000000000     
 mdl_kqa =    1.0000000000000000     
 mdl_kqb =    1.0000000000000000     
 mdl_kla =    1.0000000000000000     
 mdl_klb =    1.0000000000000000     
 mdl_kw1 =    1.0000000000000000     
 mdl_kw2 =    1.0000000000000000     
 mdl_kw3 =    0.0000000000000000     
 mdl_kw4 =    0.0000000000000000     
 mdl_kw5 =    0.0000000000000000     
 mdl_kz1 =    0.0000000000000000     
 mdl_kz3 =    1.0000000000000000     
 mdl_kz5 =    0.0000000000000000     
 mdl_kq =    1.0000000000000000     
 mdl_kq3 =    1.0000000000000000     
 mdl_kl =    1.0000000000000000     
 mdl_kg =    1.0000000000000000     
 mdl_ka =    1.0000000000000000     
 mdl_kz =    1.0000000000000000     
 mdl_kw =    1.0000000000000000     
 mdl_kza =    0.0000000000000000     
 mdl_MZ =    91.187600000000003     
 mdl_MTA =    1.7769999999999999     
 mdl_MT =    172.00000000000000     
 mdl_MB =    4.7000000000000002     
 mdl_MX0 =    600.00000000000000     
 mdl_MX1 =    125.00000000000000     
 mdl_MX2 =    125.00000000000000     
 mdl_WZ =    2.4952000000000001     
 mdl_WW =    2.0850000000000000     
 mdl_WT =    1.5083359999999999     
 mdl_WX0 =   0.15059000000000000     
 mdl_WX1 =    4.0699999999999998E-003
 mdl_WX2 =    4.0699999999999998E-003
  Internal Params
  ---------------------------------
  
 mdl_cos__cabi =   0.97418004031982097     
 mdl_CKM1x1 =  ( 0.97418004031982097     ,  0.0000000000000000     )
 mdl_sin__cabi =   0.22577256042856930     
 mdl_CKM1x2 =  ( 0.22577256042856930     ,  0.0000000000000000     )
 mdl_CKM2x1 =  (-0.22577256042856930     ,  0.0000000000000000     )
 mdl_CKM2x2 =  ( 0.97418004031982097     ,  0.0000000000000000     )
 mdl_ca__exp__2 =    1.0000000000000000     
 mdl_sa =    0.0000000000000000     
 mdl_complexi =  (  0.0000000000000000     ,  1.0000000000000000     )
 mdl_kHdw =  (-0.26240500000000000     ,  0.0000000000000000     )
 mdl_MZ__exp__2 =    8315.1783937600012     
 mdl_MZ__exp__4 =    69142191.720053151     
 mdl_sqrt__2 =    1.4142135623730951     
 mdl_nb__2__exp__0_75 =    1.6817928305074290     
 mdl_MX0__exp__2 =    360000.00000000000     
 mdl_ca__exp__4 =    1.0000000000000000     
 mdl_ca__exp__3 =    1.0000000000000000     
 mdl_conjg__CKM1x1 =  ( 0.97418004031982097     , -0.0000000000000000     )
 mdl_conjg__CKM1x2 =  ( 0.22577256042856930     , -0.0000000000000000     )
 mdl_conjg__CKM2x1 =  (-0.22577256042856930     , -0.0000000000000000     )
 mdl_conjg__CKM2x2 =  ( 0.97418004031982097     , -0.0000000000000000     )
 mdl_conjg__kHdw =  (-0.26240500000000000     , -0.0000000000000000     )
 mdl_aEW =    7.8186082877247844E-003
 mdl_MW =    79.824359746197842     
 mdl_sqrt__aEW =    8.8422894590285753E-002
 mdl_ee =   0.31345100004952897     
 mdl_MW__exp__2 =    6371.9284088904105     
 mdl_sw2 =   0.23369913342182447     
 mdl_cw =   0.87538612427783857     
 mdl_sqrt__sw2 =   0.48342438232036300     
 mdl_sw =   0.48342438232036300     
 mdl_ad =  -0.12747442148678401     
 mdl_al =   -1.2074027013887732E-002
 mdl_an =   0.18517461872323218     
 mdl_au =    6.9774224250335873E-002
 mdl_bd =  -0.18517461872323218     
 mdl_bl =  -0.18517461872323218     
 mdl_bn =   0.18517461872323218     
 mdl_bu =   0.18517461872323218     
 mdl_gwwz =  -0.56759788318358417     
 mdl_g1 =   0.35807170271074895     
 mdl_gw =   0.64839716719502682     
 mdl_vev =    246.22056907348590     
 mdl_ee__exp__2 =    9.8251529432049817E-002
 mdl_gAaa =    1.3477023594718659E-005
 mdl_vev__exp__2 =    60624.568634871241     
 mdl_cw__exp__2 =   0.76630086657817542     
 mdl_gAza =    4.4999802188047602E-006
 mdl_gHaa =    2.6392504539657372E-005
 mdl_gHza =    3.9166441035016922E-005
 mdl_lam =    2.9690932909411916     
 mdl_yb =    2.6995322804122722E-002
 mdl_yt =   0.98791394091683138     
 mdl_ytau =    1.0206529494239589E-002
 mdl_muH =    424.26406871192853     
 mdl_sw__exp__2 =   0.23369913342182450     
  Internal Params evaluated point by point
  ----------------------------------------
  
 mdl_sqrt__aS =   0.34409301068170506     
 mdl_G__exp__2 =    1.4878582807401259     
 mdl_gAAgg =    3.1083017473614446E-007
 mdl_gAgg =    7.6532782508744533E-005
 mdl_gHgg =   -5.1021855005829691E-005
 mdl_gHHgg =    2.0722011649076294E-007
  Couplings of HC_UFO
  ---------------------------------
  
        GC_10 =  -0.00000E+00   0.00000E+00
        GC_13 =  -0.00000E+00  -0.20722E-06
        GC_62 =   0.00000E+00   0.00000E+00
        GC_64 =   0.00000E+00   0.00000E+00
         GC_1 =  -0.00000E+00  -0.10448E+00
         GC_2 =   0.00000E+00   0.20897E+00
         GC_3 =  -0.00000E+00  -0.31345E+00
         GC_9 =  -0.00000E+00  -0.00000E+00
        GC_16 =  -0.00000E+00  -0.00000E+00
        GC_17 =   0.00000E+00  -0.12074E-01
        GC_19 =  -0.00000E+00   0.18517E+00
        GC_21 =   0.00000E+00  -0.12747E+00
        GC_22 =   0.00000E+00   0.69774E-01
        GC_23 =  -0.00000E+00   0.18517E+00
        GC_24 =  -0.00000E+00  -0.18517E+00
        GC_61 =   0.00000E+00   0.00000E+00
        GC_66 =   0.00000E+00   0.00000E+00
        GC_77 =  -0.00000E+00  -0.28380E+00
        GC_78 =   0.00000E+00   0.28380E+00
        GC_89 =  -0.00000E+00  -0.28850E-01
        GC_90 =   0.00000E+00   0.86550E-01
        GC_98 =  -0.00000E+00  -0.21932E+03
       GC_100 =   0.00000E+00   0.33771E+01
       GC_101 =  -0.00000E+00  -0.00000E+00
       GC_102 =   0.00000E+00   0.00000E+00
       GC_105 =  -0.00000E+00  -0.00000E+00
       GC_106 =   0.00000E+00   0.00000E+00
        GC_35 =  -0.00000E+00  -0.20000E-03
        GC_38 =  -0.00000E+00  -0.00000E+00
        GC_40 =   0.00000E+00   0.52481E-04
        GC_42 =   0.00000E+00   0.10496E-03
        GC_43 =   0.00000E+00   0.50000E-04
        GC_45 =   0.00000E+00   0.50000E-04
        GC_49 =   0.00000E+00   0.50000E-04
        GC_56 =  -0.00000E+00  -0.94000E-03
        GC_58 =  -0.00000E+00  -0.35540E-03
        GC_68 =   0.00000E+00   0.00000E+00

 Collider parameters:
 --------------------

 Running at P P   machine @    13000.000000000000       GeV
 PDF set = nn23lo1
 alpha_s(Mz)= 0.1300 running at 2 loops.
 alpha_s(Mz)= 0.1300 running at 2 loops.
 Renormalization scale set on event-by-event basis
 Factorization   scale set on event-by-event basis


 getting user params
Enter number of events and max and min iterations: 
 Number of events and iterations         1000           5           3
Enter desired fractional accuracy: 
 Desired fractional accuracy:   0.10000000000000001     
Enter 0 for fixed, 2 for adjustable grid: 
Suppress amplitude (0 no, 1 yes)? 
 Using suppressed amplitude.
Exact helicity sum (0 yes, n = number/event)? 
 Explicitly summing over helicities
Enter Configuration Number: 
Running Configuration Number:   16
 Using dconfig=         203
 BW Setting            2           1           1           1           2           0
 Attempting mappinvarients           1           8
 Completed mapping           8
 about to integrate           16        1000           5           3          16           1
 Using non-zero grid deformation.
 16 dimensions   1000 events 16 invarients  5 iterations  1 config(s),  (0.99)
 Using h-tuple random number sequence.
 Error opening grid
 Using Uniform Grid!          32
 Using uniform alpha   1.0000000000000000     
 Grid defined OK
 Set CM energy to      13000.00
 Mapping Graph          16  to config          16
Setting grid   1    0.59172E-08   1
 Setting BW          -2           2   91.187600000000003     
 Setting BW          -3           3   600.00000000000000     
 Setting BW          -4           4   91.187600000000003     
Setting grid   5    0.25116E-02   1
 Transforming s_hat 1/s           15   2.5115575576956360E-003   167.80611599999997        168999999.99999997     
  16   1   2   3   4   5   6   7   8   9  10  11  12  13  14
  15  16
 Masses: 0.000E+00 0.000E+00 0.470E+01 0.470E+01 0.178E+01 0.178E+01 0.000E+00 0.000E+00
Using random seed offsets    16 :      9
  with seed                   24
 Ranmar initialization seeds       31074        9406
 
 ********************************************
 * You are using the DiscreteSampler module *
 *      part of the MG5_aMC framework       *
 *         Author: Valentin Hirschi         *
 ********************************************
 
  Particle       3       4       5       6       7       8
      Et >     0.0     0.0     0.0     0.0     0.0     0.0
       E >     0.0     0.0     0.0     0.0     0.0     0.0
     Eta <    -1.0    -1.0    -1.0    -1.0    -1.0    -1.0
   xqcut:      0.0     0.0     0.0     0.0     0.0     0.0
d R # 3  >    -0.0     0.0     0.0     0.0     0.0     0.0
d R # 4  >    -0.0    -0.0     0.0     0.0     0.0     0.0
d R # 5  >    -0.0    -0.0    -0.0     0.0     0.0     0.0
d R # 6  >    -0.0    -0.0    -0.0    -0.0     0.0     0.0
d R # 7  >    -0.0    -0.0    -0.0    -0.0    -0.0     0.0
s min # 3>     0.0    88.4    42.0    42.0    22.1     0.0
s min # 4>     0.0     0.0    42.0    42.0    22.1     0.0
s min # 5>     0.0     0.0     0.0    12.6     3.2     0.0
s min # 6>     0.0     0.0     0.0     0.0     3.2     0.0
s min # 7>     0.0     0.0     0.0     0.0     0.0     0.0
xqcutij # 3>     0.0     0.0     0.0     0.0     0.0     0.0
xqcutij # 4>     0.0     0.0     0.0     0.0     0.0     0.0
xqcutij # 5>     0.0     0.0     0.0     0.0     0.0     0.0
xqcutij # 6>     0.0     0.0     0.0     0.0     0.0     0.0
xqcutij # 7>     0.0     0.0     0.0     0.0     0.0     0.0
 Excluding BW           -1           1
 Requiring BW           -2           2
 Requiring BW           -3           3
 Requiring BW           -4           4
 Excluding BW           -5           5
 alpha_s for scale    329.06913297913991       is   0.10715494738737046     
 Added good helicity            1   3.9683808028583405       in event            1 local:           1
 Added good helicity            4   2.0952139975930075       in event            1 local:           1
 Added good helicity            5   6.5060810187997746E-003  in event            1 local:           1
 Added good helicity            8   1.9346811558238414E-003  in event            1 local:           1
 Added good helicity            9   8.3298308037999882E-003  in event            1 local:           1
 Added good helicity           12   1.3424809264401269E-003  in event            1 local:           1
 Added good helicity           13   7.8732479824845649       in event            1 local:           1
 Added good helicity           16  0.62586280602139244       in event            1 local:           1
 Added good helicity           17   1.8720478630225985E-002  in event            1 local:           1
 Added good helicity           20   9.8839831196236155E-003  in event            1 local:           1
 Added good helicity           21   3.0691850588338765E-005  in event            1 local:           1
 Added good helicity           24   9.1266839129485603E-006  in event            1 local:           1
 Added good helicity           25   3.9295225761503692E-005  in event            1 local:           1
 Added good helicity           28   6.3330327262964299E-006  in event            1 local:           1
 Added good helicity           29   3.7141337469531521E-002  in event            1 local:           1
 Added good helicity           32   2.9524513567693983E-003  in event            1 local:           1
 Added good helicity           33   4.7602075527413266E-002  in event            1 local:           1
 Added good helicity           36   2.5132803507082201E-002  in event            1 local:           1
 Added good helicity           37   7.8042651506958255E-005  in event            1 local:           1
 Added good helicity           40   2.3207157547646556E-005  in event            1 local:           1
 Added good helicity           41   9.9919149585507911E-005  in event            1 local:           1
 Added good helicity           44   1.6103514664843974E-005  in event            1 local:           1
 Added good helicity           45   9.4442283572770042E-002  in event            1 local:           1
 Added good helicity           48   7.5074369225277722E-003  in event            1 local:           1
 Added good helicity           49  0.42190534168732474       in event            1 local:           1
 Added good helicity           52  0.22275633853631940       in event            1 local:           1
 Added good helicity           53   6.9170537598231747E-004  in event            1 local:           1
 Added good helicity           56   2.0568900885619562E-004  in event            1 local:           1
 Added good helicity           57   8.8560052224410728E-004  in event            1 local:           1
 Added good helicity           60   1.4272820631791998E-004  in event            1 local:           1
 Added good helicity           61  0.83705812150048542       in event            1 local:           1
 Added good helicity           64   6.6539698214861401E-002  in event            1 local:           1
 Added good helicity          193   63.826262577708960       in event            1 local:           1
 Added good helicity          196   33.698801957347385       in event            1 local:           1
 Added good helicity          197  0.10464188193800868       in event            1 local:           1
 Added good helicity          200   3.1116839232468659E-002  in event            1 local:           1
 Added good helicity          201  0.13397453382706642       in event            1 local:           1
 Added good helicity          204   2.1592065976837709E-002  in event            1 local:           1
 Added good helicity          205   126.63099083321902       in event            1 local:           1
 Added good helicity          208   10.066192177416672       in event            1 local:           1
 Added good helicity          209  0.58257357891883443       in event            1 local:           1
 Added good helicity          212  0.30758548078334885       in event            1 local:           1
 Added good helicity          213   9.5511773999310435E-004  in event            1 local:           1
 Added good helicity          216   2.8401864160901595E-004  in event            1 local:           1
 Added good helicity          217   1.2228512293131707E-003  in event            1 local:           1
 Added good helicity          220   1.9708136814470303E-004  in event            1 local:           1
 Added good helicity          221   1.1558231134390595       in event            1 local:           1
 Added good helicity          224   9.1879069305406583E-002  in event            1 local:           1
 Added good helicity          225  0.22633386743149830       in event            1 local:           1
 Added good helicity          228  0.11949908809917288       in event            1 local:           1
 Added good helicity          229   3.7106985240604237E-004  in event            1 local:           1
 Added good helicity          232   1.1034320797264535E-004  in event            1 local:           1
 Added good helicity          233   4.7508616600405880E-004  in event            1 local:           1
 Added good helicity          236   7.6567475534444342E-005  in event            1 local:           1
 Added good helicity          237  0.44904527908194919       in event            1 local:           1
 Added good helicity          240   3.5695654324887645E-002  in event            1 local:           1
 Added good helicity          241  0.58232593634553187       in event            1 local:           1
 Added good helicity          244  0.30745473118754174       in event            1 local:           1
 Added good helicity          245   9.5471173494327411E-004  in event            1 local:           1
 Added good helicity          248   2.8389790989405476E-004  in event            1 local:           1
 Added good helicity          249   1.2223314151023114E-003  in event            1 local:           1
 Added good helicity          252   1.9699759205371061E-004  in event            1 local:           1
 Added good helicity          253   1.1553317917924004       in event            1 local:           1
 Added good helicity          256   9.1840013004230628E-002  in event            1 local:           1
 Added good helicity            1   3.9683808028583356       in event            1 local:           1
 Added good helicity            4   2.0952139975930066       in event            1 local:           1
 Added good helicity            5   6.5060810187997607E-003  in event            1 local:           1
 Added good helicity            8   1.9346811558238353E-003  in event            1 local:           1
 Added good helicity            9   8.3298308037999536E-003  in event            1 local:           1
 Added good helicity           12   1.3424809264401271E-003  in event            1 local:           1
 Added good helicity           13   7.8732479824845667       in event            1 local:           1
 Added good helicity           16  0.62586280602139632       in event            1 local:           1
 Added good helicity           17   1.8720478630225953E-002  in event            1 local:           1
 Added good helicity           20   9.8839831196236103E-003  in event            1 local:           1
 Added good helicity           21   3.0691850588338697E-005  in event            1 local:           1
 Added good helicity           24   9.1266839129485332E-006  in event            1 local:           1
 Added good helicity           25   3.9295225761503509E-005  in event            1 local:           1
 Added good helicity           28   6.3330327262964324E-006  in event            1 local:           1
 Added good helicity           29   3.7141337469531549E-002  in event            1 local:           1
 Added good helicity           32   2.9524513567694148E-003  in event            1 local:           1
 Added good helicity           33   4.7602075527413225E-002  in event            1 local:           1
 Added good helicity           36   2.5132803507082194E-002  in event            1 local:           1
 Added good helicity           37   7.8042651506958052E-005  in event            1 local:           1
 Added good helicity           40   2.3207157547646495E-005  in event            1 local:           1
 Added good helicity           41   9.9919149585507504E-005  in event            1 local:           1
 Added good helicity           44   1.6103514664843995E-005  in event            1 local:           1
 Added good helicity           45   9.4442283572770083E-002  in event            1 local:           1
 Added good helicity           48   7.5074369225278173E-003  in event            1 local:           1
 Added good helicity           49  0.42190534168732452       in event            1 local:           1
 Added good helicity           52  0.22275633853631935       in event            1 local:           1
 Added good helicity           53   6.9170537598231563E-004  in event            1 local:           1
 Added good helicity           56   2.0568900885619518E-004  in event            1 local:           1
 Added good helicity           57   8.8560052224410349E-004  in event            1 local:           1
 Added good helicity           60   1.4272820631792014E-004  in event            1 local:           1
 Added good helicity           61  0.83705812150048586       in event            1 local:           1
 Added good helicity           64   6.6539698214861845E-002  in event            1 local:           1
 Added good helicity          193   63.826262577708874       in event            1 local:           1
 Added good helicity          196   33.698801957347371       in event            1 local:           1
 Added good helicity          197  0.10464188193800840       in event            1 local:           1
 Added good helicity          200   3.1116839232468579E-002  in event            1 local:           1
 Added good helicity          201  0.13397453382706601       in event            1 local:           1
 Added good helicity          204   2.1592065976837715E-002  in event            1 local:           1
 Added good helicity          205   126.63099083321906       in event            1 local:           1
 Added good helicity          208   10.066192177416720       in event            1 local:           1
 Added good helicity          209  0.58257357891883399       in event            1 local:           1
 Added good helicity          212  0.30758548078334924       in event            1 local:           1
 Added good helicity          213   9.5511773999310305E-004  in event            1 local:           1
 Added good helicity          216   2.8401864160901519E-004  in event            1 local:           1
 Added good helicity          217   1.2228512293131666E-003  in event            1 local:           1
 Added good helicity          220   1.9708136814470319E-004  in event            1 local:           1
 Added good helicity          221   1.1558231134390606       in event            1 local:           1
 Added good helicity          224   9.1879069305407290E-002  in event            1 local:           1
 Added good helicity          225  0.22633386743149822       in event            1 local:           1
 Added good helicity          228  0.11949908809917301       in event            1 local:           1
 Added good helicity          229   3.7106985240604209E-004  in event            1 local:           1
 Added good helicity          232   1.1034320797264517E-004  in event            1 local:           1
 Added good helicity          233   4.7508616600405739E-004  in event            1 local:           1
 Added good helicity          236   7.6567475534444518E-005  in event            1 local:           1
 Added good helicity          237  0.44904527908194997       in event            1 local:           1
 Added good helicity          240   3.5695654324887909E-002  in event            1 local:           1
 Added good helicity          241  0.58232593634553087       in event            1 local:           1
 Added good helicity          244  0.30745473118754180       in event            1 local:           1
 Added good helicity          245   9.5471173494327216E-004  in event            1 local:           1
 Added good helicity          248   2.8389790989405384E-004  in event            1 local:           1
 Added good helicity          249   1.2223314151023064E-003  in event            1 local:           1
 Added good helicity          252   1.9699759205371072E-004  in event            1 local:           1
 Added good helicity          253   1.1553317917924009       in event            1 local:           1
 Added good helicity          256   9.1840013004231169E-002  in event            1 local:           1
 RESET CUMULATIVE VARIABLE
 RESET CUMULATIVE VARIABLE
 RESET CUMULATIVE VARIABLE
 Iteration  1   Mean: 0.3423E-06 Abs mean: 0.3423E-06   Fluctuation:  0.212E-06   0.206E-03    73.9%
  1    0.3423E-06 0.3423E-06 +- 0.2117E-06     19.55
 Writing out events   9.2631240098474623E-011   19.553880425163296     
 Relative summed weights:
  0.2993E-01  0.7017E-01  0.6998E-02  0.6368E+00  0.6696E-01  0.3732E-01  0.1342E+00  0.1763E-01
 Relative number of events:
  0.1179E+00  0.1130E+00  0.1407E+00  0.1705E+00  0.9019E-01  0.1031E+00  0.1447E+00  0.1199E+00
 Events:
         119         114         142         172          91         104         146         121
 Iteration  2   Mean: 0.3143E-06 Abs mean: 0.3143E-06   Fluctuation:  0.154E-06   0.302E-03    80.1%
  2    0.3143E-06 0.3143E-06 +- 0.1542E-06     21.95
 Relative summed weights:
  0.3014E-01  0.6047E-01  0.5282E+00  0.1168E+00  0.6240E-01  0.8877E-01  0.3276E-01  0.8047E-01
 Relative number of events:
  0.1225E+00  0.1245E+00  0.1670E+00  0.1625E+00  0.9850E-01  0.9300E-01  0.1115E+00  0.1205E+00
 Events:
         245         249         334         325         197         186         223         241
 Iteration  3   Mean: 0.1715E-06 Abs mean: 0.1715E-06   Fluctuation:  0.267E-07   0.628E-04    89.1%
  3    0.1715E-06 0.1715E-06 +- 0.2667E-07      9.83
 Relative summed weights:
  0.7254E-01  0.2566E+00  0.2538E+00  0.1329E+00  0.5845E-01  0.5533E-01  0.5810E-01  0.1123E+00
 Relative number of events:
  0.1260E+00  0.1363E+00  0.1628E+00  0.1678E+00  0.8450E-01  0.8675E-01  0.1195E+00  0.1165E+00
 Events:
         504         545         651         671         338         347         478         466
 Accuracy:    0.196   0.100   0.144   1.855
 Found          135  events.
 Wrote           13  events.
 Actual xsec    1.9313682449521690E-007
 Correct abs xsec    1.9313682449521690E-007
 Event xsec    1.9313682449521687E-007
 Events wgts > 1:            1
 % Cross section > 1:    1.1167058182174204E-009  0.57819414870056329     
 Iteration  4   Mean: 0.1773E-06 Abs mean: 0.1773E-06   Fluctuation:  0.773E-08   0.185E-04    93.4%
  4    0.1773E-06 0.1773E-06 +- 0.7727E-08      3.90
 Relative summed weights:
  0.1233E+00  0.1112E+00  0.1792E+00  0.1558E+00  0.9410E-01  0.9477E-01  0.1118E+00  0.1299E+00
 Relative number of events:
  0.1232E+00  0.1172E+00  0.1691E+00  0.1658E+00  0.9137E-01  0.9738E-01  0.1190E+00  0.1169E+00
 Events:
         986         938        1353        1326         731         779         952         935
 Accuracy:    0.052   0.100   0.042   1.560
 Finished due to accuracy    5.2093144167216200E-002  0.10000000000000001     

 -------------------------------------------------------------------------------
 Accumulated results:   Integral =  0.1787E-06
                        Std dev  =  0.7452E-08
                       Cross sec =  0.1787E-06
             Chi**2 per DoF.     =      1.5599
 -------------------------------------------------------------------------------
 Found          680  events.
 Wrote          106  events.
 Actual xsec    1.7791514129093408E-007
 Correct abs xsec    1.7791514129093408E-007
 Event xsec    1.7791514129093416E-007
 Events wgts > 1:            5
 % Cross section > 1:    1.8480001500550126E-009   1.0386975142453372     
-------------------------------------------------
---------------------------
 Results Last   3 iters: Integral =   0.1779E-06
                     Abs integral =   0.1779E-06
                          Std dev =   0.7438E-08
                  Chi**2 per DoF. =      0.4219
-------------------------------------------------
---------------------------
 Status  0.10000000000000001                5           5

ls status:
events.lhe
ftn26
input_app.txt
results.dat
run1_app.log
