 Process in group number            1
 A PDF is used, so alpha_s(MZ) is going to be modified
 Old value of alpha_s from param_card:   0.11839999999999999     
  ****************************************
 
       NNPDFDriver version 1.0.3
   Grid: NNPDF23_lo_as_0130_qed_mem0.grid
  ****************************************
 New value of alpha_s from PDF nn23lo1:  0.13000000000000000     
 Define smin to   0.0000000000000000     
 Define smin to   0.0000000000000000     
 Define smin to   0.0000000000000000     
 Define smin to   0.0000000000000000     
 Define smin to   0.0000000000000000     
 Define smin to   0.0000000000000000     
 Define smin to   0.0000000000000000     
 Define smin to   0.0000000000000000     
 Define smin to   0.0000000000000000     
 Define smin to   0.0000000000000000     
 Define smin to   0.0000000000000000     
 Define smin to   0.0000000000000000     
 Define smin to   0.0000000000000000     
 Define smin to   0.0000000000000000     
 Define smin to   0.0000000000000000     
 Define smin to   0.0000000000000000     
 Define smin to   0.0000000000000000     
 Define smin to   0.0000000000000000     
 Define smin to   0.0000000000000000     
 Define smin to   0.0000000000000000     
 Define smin to   0.0000000000000000     
 Define smin to   0.0000000000000000     
 Define smin to   0.0000000000000000     
 Define smin to   0.0000000000000000     
 Define smin to   0.0000000000000000     
 Define smin to   0.0000000000000000     
 Define smin to   0.0000000000000000     
 Define smin to   0.0000000000000000     
 Define smin to   0.0000000000000000     
 Define smin to   0.0000000000000000     
 Define smin to   0.0000000000000000     
 Define smin to   0.0000000000000000     
 Define smin to   0.0000000000000000     
 Define smin to   0.0000000000000000     
 Define smin to   0.0000000000000000     
 Define smin to   0.0000000000000000     
 Define smin to   0.0000000000000000     
 Define smin to   0.0000000000000000     
 Define smin to   0.0000000000000000     
 Define smin to   0.0000000000000000     
 Warning: pt or E min of a jet should in general be >0
 Warning: pt or E min of a jet should in general be >0
 Warning: pt or E min of a jet should in general be >0
 Warning: pt or E min of a jet should in general be >0
 *****************************************************
 *               MadGraph/MadEvent                   *
 *        --------------------------------           *
 *          http://madgraph.hep.uiuc.edu             *
 *          http://madgraph.phys.ucl.ac.be           *
 *          http://madgraph.roma2.infn.it            *
 *        --------------------------------           *
 *                                                   *
 *          PARAMETER AND COUPLING VALUES            *
 *                                                   *
 *****************************************************

  External Params
  ---------------------------------
  
 mdl_cabi =   0.22773599999999999     
 mdl_rhoH =    5.0000000000000003E-002
 mdl_Lambda =    5000.0000000000000     
 mdl_fW =    1000.0000000000000     
 mdl_fWW =    2410.0000000000000     
 mdl_fB =    0.0000000000000000     
 mdl_fBB =    0.0000000000000000     
 aEWM1 =    127.90000000000001     
 mdl_Gf =    1.1663700000000000E-005
 aS =   0.11839999999999999     
 mdl_ymb =    4.7000000000000002     
 mdl_ymt =    172.00000000000000     
 mdl_ymtau =    1.7769999999999999     
 mdl_MZ =    91.187600000000003     
 mdl_MTA =    1.7769999999999999     
 mdl_MT =    172.00000000000000     
 mdl_MB =    4.7000000000000002     
 mdl_MH =    125.00000000000000     
 mdl_MHH =    900.00000000000000     
 mdl_WZ =    2.4952000000000001     
 mdl_WW =    2.0850000000000000     
 mdl_WT =    1.5083359999999999     
 mdl_WH =    4.0699999999999998E-003
 mdl_WHH =    1.8766600000000000     
  Internal Params
  ---------------------------------
  
 mdl_cos__cabi =   0.97418004031982097     
 mdl_CKM1x1 =  ( 0.97418004031982097     ,  0.0000000000000000     )
 mdl_sin__cabi =   0.22577256042856930     
 mdl_CKM1x2 =  ( 0.22577256042856930     ,  0.0000000000000000     )
 mdl_CKM2x1 =  (-0.22577256042856930     ,  0.0000000000000000     )
 mdl_CKM2x2 =  ( 0.97418004031982097     ,  0.0000000000000000     )
 mdl_MZ__exp__2 =    8315.1783937600012     
 mdl_MZ__exp__4 =    69142191.720053151     
 mdl_sqrt__2 =    1.4142135623730951     
 mdl_Lambda__exp__2 =    25000000.000000000     
 mdl_MH__exp__2 =    15625.000000000000     
 mdl_complexi =  (  0.0000000000000000     ,  1.0000000000000000     )
 mdl_conjg__CKM1x1 =  ( 0.97418004031982097     , -0.0000000000000000     )
 mdl_conjg__CKM1x2 =  ( 0.22577256042856930     , -0.0000000000000000     )
 mdl_conjg__CKM2x1 =  (-0.22577256042856930     , -0.0000000000000000     )
 mdl_conjg__CKM2x2 =  ( 0.97418004031982097     , -0.0000000000000000     )
 mdl_aEW =    7.8186082877247844E-003
 mdl_MW =    79.824359746197842     
 mdl_sqrt__aEW =    8.8422894590285753E-002
 mdl_ee =   0.31345100004952897     
 mdl_MW__exp__2 =    6371.9284088904105     
 mdl_sw2 =   0.23369913342182447     
 mdl_cw =   0.87538612427783857     
 mdl_sqrt__sw2 =   0.48342438232036300     
 mdl_sw =   0.48342438232036300     
 mdl_g1 =   0.35807170271074895     
 mdl_gw =   0.64839716719502682     
 mdl_vev =    246.22056907348590     
 mdl_gHWW =    2.5878944366295706     
 mdl_gHWW1 =    5.1757888732591419E-005
 mdl_gHWW2 =   -2.4947302369109059E-004
 mdl_cw__exp__2 =   0.76630086657817542     
 mdl_gHZZ =    1.6885629062286611     
 mdl_sw__exp__2 =   0.23369913342182450     
 mdl_gHZZ1 =    5.1757888732591412E-005
 mdl_cw__exp__4 =   0.58721701811846261     
 mdl_sw__exp__4 =    5.4615284962111724E-002
 mdl_gHZZ2 =   -9.5585697121180213E-005
 mdl_vev__exp__2 =    60624.568634871241     
 mdl_lam =   0.12886689630821144     
 mdl_yb =    2.6995322804122722E-002
 mdl_yt =   0.98791394091683138     
 mdl_ytau =    1.0206529494239589E-002
 mdl_muH =    88.388347648318444     
 mdl_I1a33 =  (  2.6995322804122722E-002,  0.0000000000000000     )
 mdl_I2a33 =  ( 0.98791394091683138     ,  0.0000000000000000     )
 mdl_I3a33 =  ( 0.98791394091683138     ,  0.0000000000000000     )
 mdl_I4a33 =  (  2.6995322804122722E-002,  0.0000000000000000     )
 mdl_ee__exp__2 =    9.8251529432049817E-002
  Internal Params evaluated point by point
  ----------------------------------------
  
 mdl_sqrt__aS =   0.34409301068170506     
 mdl_G__exp__2 =    1.4878582807401259     
  Couplings of SMwithHeavyScalarDim4Dim6_NoDecay_UFO
  ---------------------------------
  
        GC_13 =   0.00000E+00   0.25879E+01
        GC_14 =  -0.00000E+00  -0.51758E-04
        GC_15 =  -0.00000E+00  -0.49895E-03
        GC_16 =   0.00000E+00   0.33771E+01
        GC_17 =  -0.00000E+00  -0.51758E-04
        GC_18 =  -0.00000E+00  -0.38234E-03
        GC_33 =   0.00000E+00   0.44665E+00
        GC_34 =   0.00000E+00   0.10351E+00
        GC_35 =  -0.00000E+00  -0.10351E+00
        GC_36 =   0.00000E+00   0.44665E+00
        GC_37 =  -0.00000E+00  -0.28380E+00
        GC_38 =   0.00000E+00   0.28380E+00
        GC_45 =  -0.00000E+00  -0.28850E-01
        GC_46 =   0.00000E+00   0.86550E-01
        GC_77 =   0.00000E+00   0.44665E+00
        GC_78 =   0.00000E+00   0.10351E+00
        GC_79 =   0.00000E+00  -0.10351E+00
        GC_80 =   0.00000E+00   0.44665E+00

 Collider parameters:
 --------------------

 Running at P P   machine @    13000.000000000000       GeV
 PDF set = nn23lo1
 alpha_s(Mz)= 0.1300 running at 2 loops.
 alpha_s(Mz)= 0.1300 running at 2 loops.
 Renormalization scale set on event-by-event basis
 Factorization   scale set on event-by-event basis


 getting user params
Enter number of events and max and min iterations: 
 Number of events and iterations         1000           5           3
Enter desired fractional accuracy: 
 Desired fractional accuracy:   0.10000000000000001     
Enter 0 for fixed, 2 for adjustable grid: 
Suppress amplitude (0 no, 1 yes)? 
 Using suppressed amplitude.
Exact helicity sum (0 yes, n = number/event)? 
 Explicitly summing over helicities
Enter Configuration Number: 
Running Configuration Number:    1
 Using dconfig=         205
 BW Setting            1           2           1           1           2           0
 Attempting mappinvarients           1           8
 Completed mapping           8
 about to integrate           16        1000           5           3          16           1
 Using non-zero grid deformation.
 16 dimensions   1000 events 16 invarients  5 iterations  1 config(s),  (0.99)
 Using h-tuple random number sequence.
 Error opening grid
 Using Uniform Grid!          32
 Using uniform alpha   1.0000000000000000     
 Grid defined OK
 Set CM energy to      13000.00
 Mapping Graph           1  to config           1
 Setting BW          -1           1   91.187600000000003     
Setting grid   2    0.59172E-08   1
 Setting BW          -3           3   900.00000000000000     
 Setting BW          -4           4   91.187600000000003     
Setting grid   5    0.50695E-02   1
 Transforming s_hat 1/s           15   5.0695462528644389E-003   0.0000000000000000        168999999.99999997     
   1   1   2   3   4   5   6   7   8   9  10  11  12  13  14
  15  16
 Masses: 0.000E+00 0.000E+00 0.000E+00 0.000E+00 0.000E+00 0.000E+00 0.000E+00 0.000E+00
 Got moffset           1
Using random seed offsets     1 :      1
  with seed                  303
 Ranmar initialization seeds       10188       12846
 
 ********************************************
 * You are using the DiscreteSampler module *
 *      part of the MG5_aMC framework       *
 *         Author: Valentin Hirschi         *
 ********************************************
 
  Particle       3       4       5       6       7       8
      Et >     0.0     0.0     0.0     0.0     0.0     0.0
       E >     0.0     0.0     0.0     0.0     0.0     0.0
     Eta <    -1.0    -1.0    -1.0    -1.0    -1.0    -1.0
   xqcut:      0.0     0.0     0.0     0.0     0.0     0.0
d R # 3  >    -0.0     0.0     0.0     0.0     0.0     0.0
d R # 4  >    -0.0    -0.0     0.0     0.0     0.0     0.0
d R # 5  >    -0.0    -0.0    -0.0     0.0     0.0     0.0
d R # 6  >    -0.0    -0.0    -0.0    -0.0     0.0     0.0
d R # 7  >    -0.0    -0.0    -0.0    -0.0    -0.0     0.0
s min # 3>     0.0     0.0     0.0     0.0     0.0     0.0
s min # 4>     0.0     0.0     0.0     0.0     0.0     0.0
s min # 5>     0.0     0.0     0.0     0.0     0.0     0.0
s min # 6>     0.0     0.0     0.0     0.0     0.0     0.0
s min # 7>     0.0     0.0     0.0     0.0     0.0     0.0
xqcutij # 3>     0.0     0.0     0.0     0.0     0.0     0.0
xqcutij # 4>     0.0     0.0     0.0     0.0     0.0     0.0
xqcutij # 5>     0.0     0.0     0.0     0.0     0.0     0.0
xqcutij # 6>     0.0     0.0     0.0     0.0     0.0     0.0
xqcutij # 7>     0.0     0.0     0.0     0.0     0.0     0.0
 Requiring BW           -1           1
 Excluding BW           -2           2
 Requiring BW           -3           3
 Requiring BW           -4           4
 Excluding BW           -5           5
 alpha_s for scale    1061.9526412706468       is    9.2430898006261836E-002
 Added good helicity            1   2.0513295962045271E-002  in event            1 local:           1
 Added good helicity            6   2.6218873388127565E-002  in event            1 local:           1
 Added good helicity            7   1.8651344547179303E-006  in event            1 local:           1
 Added good helicity           10   1.8651344547179356E-006  in event            1 local:           1
 Added good helicity           11   2.6218873388127610E-002  in event            1 local:           1
 Added good helicity           16   8.5913688229767343E-004  in event            1 local:           1
 Added good helicity           49   9.6825306542407432       in event            1 local:           1
 Added good helicity           54   12.375634114084646       in event            1 local:           1
 Added good helicity           55   8.8036664441935907E-004  in event            1 local:           1
 Added good helicity           58   8.8036664441935831E-004  in event            1 local:           1
 Added good helicity           59   12.375634114084654       in event            1 local:           1
 Added good helicity           64  0.40552328667355914       in event            1 local:           1
 Added good helicity          193   61.363672015783756       in event            1 local:           1
 Added good helicity          198   78.431391532070975       in event            1 local:           1
 Added good helicity          199   5.5793812538176635E-003  in event            1 local:           1
 Added good helicity          202   5.5793812538176618E-003  in event            1 local:           1
 Added good helicity          203   78.431391532070990       in event            1 local:           1
 Added good helicity          208   2.5700303822224515       in event            1 local:           1
 Added good helicity          241   7.7107388506413271E-002  in event            1 local:           1
 Added good helicity          246   9.8554072455221658E-002  in event            1 local:           1
 Added good helicity          247   7.0108502935231700E-006  in event            1 local:           1
 Added good helicity          250   7.0108502935231666E-006  in event            1 local:           1
 Added good helicity          251   9.8554072455221742E-002  in event            1 local:           1
 Added good helicity          256   3.2294079647700973E-003  in event            1 local:           1
 Added good helicity            1   2.0513295962045694E-002  in event            1 local:           1
 Added good helicity            6   2.6218873388128321E-002  in event            1 local:           1
 Added good helicity            7   1.8651344547179781E-006  in event            1 local:           1
 Added good helicity           10   1.8651344547179756E-006  in event            1 local:           1
 Added good helicity           11   2.6218873388128366E-002  in event            1 local:           1
 Added good helicity           16   8.5913688229769718E-004  in event            1 local:           1
 Added good helicity           49   9.6825306542406882       in event            1 local:           1
 Added good helicity           54   12.375634114084670       in event            1 local:           1
 Added good helicity           55   8.8036664441935473E-004  in event            1 local:           1
 Added good helicity           58   8.8036664441935495E-004  in event            1 local:           1
 Added good helicity           59   12.375634114084670       in event            1 local:           1
 Added good helicity           64  0.40552328667355952       in event            1 local:           1
 Added good helicity          193   61.363672015783436       in event            1 local:           1
 Added good helicity          198   78.431391532071117       in event            1 local:           1
 Added good helicity          199   5.5793812538176392E-003  in event            1 local:           1
 Added good helicity          202   5.5793812538176392E-003  in event            1 local:           1
 Added good helicity          203   78.431391532071160       in event            1 local:           1
 Added good helicity          208   2.5700303822224542       in event            1 local:           1
 Added good helicity          241   7.7107388506415159E-002  in event            1 local:           1
 Added good helicity          246   9.8554072455224712E-002  in event            1 local:           1
 Added good helicity          247   7.0108502935233648E-006  in event            1 local:           1
 Added good helicity          250   7.0108502935233690E-006  in event            1 local:           1
 Added good helicity          251   9.8554072455224989E-002  in event            1 local:           1
 Added good helicity          256   3.2294079647702009E-003  in event            1 local:           1
 RESET CUMULATIVE VARIABLE
 RESET CUMULATIVE VARIABLE
 RESET CUMULATIVE VARIABLE
 Iteration  1   Mean: 0.6149E-06 Abs mean: 0.6149E-06   Fluctuation:  0.152E-06   0.116E-03    74.7%
  1    0.6149E-06 0.6149E-06 +- 0.1519E-06      7.81
 Writing out events   1.6455432536516547E-010   7.8119764623975820     
 Relative summed weights:
  0.3821E-01  0.3115E-01  0.2334E-02  0.1153E-01  0.4506E-01  0.3891E-01  0.0000E+00  0.0000E+00  0.0000E+00  0.0000E+00  0.0000E+00  0.0000E+00  0.0000E+00  0.0000E+00  0.5950E-02  0.2290E-01  0.0000E+00  0.0000E+00  0.0000E+00  0.0000E+00  0.0000E+00  0.0000E+00  0.0000E+00  0.0000E+00  0.2988E-02  0.4829E-02  0.0000E+00  0.0000E+00  0.0000E+00  0.0000E+00  0.0000E+00  0.0000E+00  0.0000E+00  0.0000E+00  0.8414E-02  0.6154E-01  0.9304E-02  0.2018E+00  0.4227E-01  0.5791E-02  0.1125E-02  0.1268E-02  0.3383E-03  0.7407E-01  0.2819E-01  0.5052E-01  0.0000E+00  0.0000E+00  0.0000E+00  0.0000E+00  0.0000E+00  0.0000E+00  0.0000E+00  0.0000E+00  0.6399E-01  0.2727E-02  0.0000E+00  0.0000E+00  0.0000E+00  0.0000E+00  0.0000E+00  0.0000E+00  0.0000E+00  0.0000E+00  0.1362E-02  0.4572E-02  0.0000E+00  0.0000E+00  0.0000E+00  0.0000E+00  0.0000E+00  0.0000E+00  0.0000E+00  0.0000E+00  0.1120E+00  0.1617E-01  0.1243E-02  0.7811E-04  0.5128E-03  0.5545E-01
  0.9952E-03  0.2312E-03  0.0000E+00  0.0000E+00  0.0000E+00  0.0000E+00  0.0000E+00  0.0000E+00  0.0000E+00  0.0000E+00  0.0000E+00  0.0000E+00  0.0000E+00  0.0000E+00  0.0000E+00  0.0000E+00  0.0000E+00  0.0000E+00  0.0000E+00  0.0000E+00  0.0000E+00  0.0000E+00  0.0000E+00  0.0000E+00  0.0000E+00  0.0000E+00  0.0000E+00  0.0000E+00  0.0000E+00  0.0000E+00  0.0000E+00  0.0000E+00  0.0000E+00  0.0000E+00  0.0000E+00  0.0000E+00  0.2661E-01  0.9171E-03  0.0000E+00  0.0000E+00  0.3488E-03  0.5133E-04  0.0000E+00  0.0000E+00  0.0000E+00  0.0000E+00  0.0000E+00  0.0000E+00  0.0000E+00  0.0000E+00  0.0000E+00  0.0000E+00  0.0000E+00  0.0000E+00  0.0000E+00  0.0000E+00  0.0000E+00  0.0000E+00  0.0000E+00  0.0000E+00  0.0000E+00  0.0000E+00  0.0000E+00  0.0000E+00  0.0000E+00  0.0000E+00  0.0000E+00  0.0000E+00  0.0000E+00  0.0000E+00  0.0000E+00  0.0000E+00  0.0000E+00  0.0000E+00  0.0000E+00  0.0000E+00  0.8401E-02  0.1582E-01  0.0000E+00  0.0000E+00
 Relative number of events:
  0.1586E-01  0.1487E-01  0.2577E-01  0.2081E-01  0.3271E-01  0.2973E-01  0.0000E+00  0.0000E+00  0.0000E+00  0.0000E+00  0.0000E+00  0.0000E+00  0.0000E+00  0.0000E+00  0.3171E-01  0.3171E-01  0.0000E+00  0.0000E+00  0.0000E+00  0.0000E+00  0.0000E+00  0.0000E+00  0.0000E+00  0.0000E+00  0.3469E-01  0.3072E-01  0.0000E+00  0.0000E+00  0.0000E+00  0.0000E+00  0.0000E+00  0.0000E+00  0.0000E+00  0.0000E+00  0.3469E-01  0.2973E-01  0.2478E-01  0.2379E-01  0.4361E-01  0.4955E-01  0.1189E-01  0.1189E-01  0.1982E-01  0.2081E-01  0.3171E-01  0.3271E-01  0.0000E+00  0.0000E+00  0.0000E+00  0.0000E+00  0.0000E+00  0.0000E+00  0.0000E+00  0.0000E+00  0.2676E-01  0.1982E-01  0.0000E+00  0.0000E+00  0.0000E+00  0.0000E+00  0.0000E+00  0.0000E+00  0.0000E+00  0.0000E+00  0.2775E-01  0.3271E-01  0.0000E+00  0.0000E+00  0.0000E+00  0.0000E+00  0.0000E+00  0.0000E+00  0.0000E+00  0.0000E+00  0.3072E-01  0.2775E-01  0.1883E-01  0.1586E-01  0.3072E-01  0.3568E-01
  0.1883E-01  0.7929E-02  0.0000E+00  0.0000E+00  0.0000E+00  0.0000E+00  0.0000E+00  0.0000E+00  0.0000E+00  0.0000E+00  0.0000E+00  0.0000E+00  0.0000E+00  0.0000E+00  0.0000E+00  0.0000E+00  0.0000E+00  0.0000E+00  0.0000E+00  0.0000E+00  0.0000E+00  0.0000E+00  0.0000E+00  0.0000E+00  0.0000E+00  0.0000E+00  0.0000E+00  0.0000E+00  0.0000E+00  0.0000E+00  0.0000E+00  0.0000E+00  0.0000E+00  0.0000E+00  0.0000E+00  0.0000E+00  0.1388E-01  0.2478E-01  0.0000E+00  0.0000E+00  0.9911E-02  0.1288E-01  0.0000E+00  0.0000E+00  0.0000E+00  0.0000E+00  0.0000E+00  0.0000E+00  0.0000E+00  0.0000E+00  0.0000E+00  0.0000E+00  0.0000E+00  0.0000E+00  0.0000E+00  0.0000E+00  0.0000E+00  0.0000E+00  0.0000E+00  0.0000E+00  0.0000E+00  0.0000E+00  0.0000E+00  0.0000E+00  0.0000E+00  0.0000E+00  0.0000E+00  0.0000E+00  0.0000E+00  0.0000E+00  0.0000E+00  0.0000E+00  0.0000E+00  0.0000E+00  0.0000E+00  0.0000E+00  0.1982E-01  0.2180E-01  0.0000E+00  0.0000E+00
 Events:
          16          15          26          21          33          30           0           0           0           0           0           0           0           0          32          32           0           0           0           0           0           0           0           0          35          31           0           0           0           0           0           0           0           0          35          30          25          24          44          50          12          12          20          21          32          33           0           0           0           0           0           0           0           0          27          20           0           0           0           0           0           0           0           0          28          33           0           0           0           0           0           0           0           0          31          28          19          16          31          36
          19           8           0           0           0           0           0           0           0           0           0           0           0           0           0           0           0           0           0           0           0           0           0           0           0           0           0           0           0           0           0           0           0           0           0           0          14          25           0           0          10          13           0           0           0           0           0           0           0           0           0           0           0           0           0           0           0           0           0           0           0           0           0           0           0           0           0           0           0           0           0           0           0           0           0           0          20          22           0           0
 Iteration  2   Mean: 0.3719E-06 Abs mean: 0.3719E-06   Fluctuation:  0.326E-07   0.317E-04    86.4%
  2    0.3719E-06 0.3719E-06 +- 0.3264E-07      3.93
 Relative summed weights:
  0.2587E-01  0.1644E-01  0.7014E-01  0.2026E-01  0.4100E-01  0.2659E-01  0.0000E+00  0.0000E+00  0.0000E+00  0.0000E+00  0.0000E+00  0.0000E+00  0.0000E+00  0.0000E+00  0.4188E-01  0.1691E-01  0.0000E+00  0.0000E+00  0.0000E+00  0.0000E+00  0.0000E+00  0.0000E+00  0.0000E+00  0.0000E+00  0.4389E-01  0.2779E-01  0.0000E+00  0.0000E+00  0.0000E+00  0.0000E+00  0.0000E+00  0.0000E+00  0.0000E+00  0.0000E+00  0.3950E-01  0.3579E-01  0.1006E-01  0.2458E-01  0.4555E-01  0.5789E-01  0.6691E-02  0.8318E-02  0.6753E-01  0.1576E-01  0.2264E-01  0.9268E-02  0.0000E+00  0.0000E+00  0.0000E+00  0.0000E+00  0.0000E+00  0.0000E+00  0.0000E+00  0.0000E+00  0.3360E-01  0.1417E-01  0.0000E+00  0.0000E+00  0.0000E+00  0.0000E+00  0.0000E+00  0.0000E+00  0.0000E+00  0.0000E+00  0.1152E-01  0.1981E-01  0.0000E+00  0.0000E+00  0.0000E+00  0.0000E+00  0.0000E+00  0.0000E+00  0.0000E+00  0.0000E+00  0.3043E-01  0.2232E-01  0.1513E-01  0.1444E-01  0.1230E-01  0.4032E-01
  0.4682E-02  0.1666E-01  0.0000E+00  0.0000E+00  0.0000E+00  0.0000E+00  0.0000E+00  0.0000E+00  0.0000E+00  0.0000E+00  0.0000E+00  0.0000E+00  0.0000E+00  0.0000E+00  0.0000E+00  0.0000E+00  0.0000E+00  0.0000E+00  0.0000E+00  0.0000E+00  0.0000E+00  0.0000E+00  0.0000E+00  0.0000E+00  0.0000E+00  0.0000E+00  0.0000E+00  0.0000E+00  0.0000E+00  0.0000E+00  0.0000E+00  0.0000E+00  0.0000E+00  0.0000E+00  0.0000E+00  0.0000E+00  0.2841E-01  0.1624E-01  0.0000E+00  0.0000E+00  0.1692E-02  0.6126E-02  0.0000E+00  0.0000E+00  0.0000E+00  0.0000E+00  0.0000E+00  0.0000E+00  0.0000E+00  0.0000E+00  0.0000E+00  0.0000E+00  0.0000E+00  0.0000E+00  0.0000E+00  0.0000E+00  0.0000E+00  0.0000E+00  0.0000E+00  0.0000E+00  0.0000E+00  0.0000E+00  0.0000E+00  0.0000E+00  0.0000E+00  0.0000E+00  0.0000E+00  0.0000E+00  0.0000E+00  0.0000E+00  0.0000E+00  0.0000E+00  0.0000E+00  0.0000E+00  0.0000E+00  0.0000E+00  0.2048E-01  0.1734E-01  0.0000E+00  0.0000E+00
 Relative number of events:
  0.1500E-01  0.1500E-01  0.2900E-01  0.2250E-01  0.3750E-01  0.2750E-01  0.0000E+00  0.0000E+00  0.0000E+00  0.0000E+00  0.0000E+00  0.0000E+00  0.0000E+00  0.0000E+00  0.3300E-01  0.3800E-01  0.0000E+00  0.0000E+00  0.0000E+00  0.0000E+00  0.0000E+00  0.0000E+00  0.0000E+00  0.0000E+00  0.3550E-01  0.3200E-01  0.0000E+00  0.0000E+00  0.0000E+00  0.0000E+00  0.0000E+00  0.0000E+00  0.0000E+00  0.0000E+00  0.2950E-01  0.3450E-01  0.2450E-01  0.2050E-01  0.4800E-01  0.5650E-01  0.6000E-02  0.1200E-01  0.2400E-01  0.1850E-01  0.2450E-01  0.2700E-01  0.0000E+00  0.0000E+00  0.0000E+00  0.0000E+00  0.0000E+00  0.0000E+00  0.0000E+00  0.0000E+00  0.2650E-01  0.3050E-01  0.0000E+00  0.0000E+00  0.0000E+00  0.0000E+00  0.0000E+00  0.0000E+00  0.0000E+00  0.0000E+00  0.2400E-01  0.2200E-01  0.0000E+00  0.0000E+00  0.0000E+00  0.0000E+00  0.0000E+00  0.0000E+00  0.0000E+00  0.0000E+00  0.3050E-01  0.2050E-01  0.1900E-01  0.1750E-01  0.3000E-01  0.3850E-01
  0.1450E-01  0.9500E-02  0.0000E+00  0.0000E+00  0.0000E+00  0.0000E+00  0.0000E+00  0.0000E+00  0.0000E+00  0.0000E+00  0.0000E+00  0.0000E+00  0.0000E+00  0.0000E+00  0.0000E+00  0.0000E+00  0.0000E+00  0.0000E+00  0.0000E+00  0.0000E+00  0.0000E+00  0.0000E+00  0.0000E+00  0.0000E+00  0.0000E+00  0.0000E+00  0.0000E+00  0.0000E+00  0.0000E+00  0.0000E+00  0.0000E+00  0.0000E+00  0.0000E+00  0.0000E+00  0.0000E+00  0.0000E+00  0.2850E-01  0.2250E-01  0.0000E+00  0.0000E+00  0.1000E-01  0.9500E-02  0.0000E+00  0.0000E+00  0.0000E+00  0.0000E+00  0.0000E+00  0.0000E+00  0.0000E+00  0.0000E+00  0.0000E+00  0.0000E+00  0.0000E+00  0.0000E+00  0.0000E+00  0.0000E+00  0.0000E+00  0.0000E+00  0.0000E+00  0.0000E+00  0.0000E+00  0.0000E+00  0.0000E+00  0.0000E+00  0.0000E+00  0.0000E+00  0.0000E+00  0.0000E+00  0.0000E+00  0.0000E+00  0.0000E+00  0.0000E+00  0.0000E+00  0.0000E+00  0.0000E+00  0.0000E+00  0.2000E-01  0.1600E-01  0.0000E+00  0.0000E+00
 Events:
          30          30          58          45          75          55           0           0           0           0           0           0           0           0          66          76           0           0           0           0           0           0           0           0          71          64           0           0           0           0           0           0           0           0          59          69          49          41          96         113          12          24          48          37          49          54           0           0           0           0           0           0           0           0          53          61           0           0           0           0           0           0           0           0          48          44           0           0           0           0           0           0           0           0          61          41          38          35          60          77
          29          19           0           0           0           0           0           0           0           0           0           0           0           0           0           0           0           0           0           0           0           0           0           0           0           0           0           0           0           0           0           0           0           0           0           0          57          45           0           0          20          19           0           0           0           0           0           0           0           0           0           0           0           0           0           0           0           0           0           0           0           0           0           0           0           0           0           0           0           0           0           0           0           0           0           0          40          32           0           0
 Iteration  3   Mean: 0.3573E-06 Abs mean: 0.3573E-06   Fluctuation:  0.163E-07   0.235E-04    90.5%
  3    0.3573E-06 0.3573E-06 +- 0.1628E-07      2.88
 Relative summed weights:
  0.1178E-01  0.1014E-01  0.2395E-01  0.2101E-01  0.3456E-01  0.2624E-01  0.0000E+00  0.0000E+00  0.0000E+00  0.0000E+00  0.0000E+00  0.0000E+00  0.0000E+00  0.0000E+00  0.3235E-01  0.3076E-01  0.0000E+00  0.0000E+00  0.0000E+00  0.0000E+00  0.0000E+00  0.0000E+00  0.0000E+00  0.0000E+00  0.3827E-01  0.3560E-01  0.0000E+00  0.0000E+00  0.0000E+00  0.0000E+00  0.0000E+00  0.0000E+00  0.0000E+00  0.0000E+00  0.2293E-01  0.2847E-01  0.3549E-01  0.3779E-01  0.5057E-01  0.4083E-01  0.1197E-01  0.1433E-01  0.2374E-01  0.1819E-01  0.3111E-01  0.4037E-01  0.0000E+00  0.0000E+00  0.0000E+00  0.0000E+00  0.0000E+00  0.0000E+00  0.0000E+00  0.0000E+00  0.2416E-01  0.2591E-01  0.0000E+00  0.0000E+00  0.0000E+00  0.0000E+00  0.0000E+00  0.0000E+00  0.0000E+00  0.0000E+00  0.1761E-01  0.2488E-01  0.0000E+00  0.0000E+00  0.0000E+00  0.0000E+00  0.0000E+00  0.0000E+00  0.0000E+00  0.0000E+00  0.2785E-01  0.2985E-01  0.2063E-01  0.1400E-01  0.2418E-01  0.4748E-01
  0.1399E-01  0.5936E-02  0.0000E+00  0.0000E+00  0.0000E+00  0.0000E+00  0.0000E+00  0.0000E+00  0.0000E+00  0.0000E+00  0.0000E+00  0.0000E+00  0.0000E+00  0.0000E+00  0.0000E+00  0.0000E+00  0.0000E+00  0.0000E+00  0.0000E+00  0.0000E+00  0.0000E+00  0.0000E+00  0.0000E+00  0.0000E+00  0.0000E+00  0.0000E+00  0.0000E+00  0.0000E+00  0.0000E+00  0.0000E+00  0.0000E+00  0.0000E+00  0.0000E+00  0.0000E+00  0.0000E+00  0.0000E+00  0.1385E-01  0.1464E-01  0.0000E+00  0.0000E+00  0.5617E-02  0.1174E-01  0.0000E+00  0.0000E+00  0.0000E+00  0.0000E+00  0.0000E+00  0.0000E+00  0.0000E+00  0.0000E+00  0.0000E+00  0.0000E+00  0.0000E+00  0.0000E+00  0.0000E+00  0.0000E+00  0.0000E+00  0.0000E+00  0.0000E+00  0.0000E+00  0.0000E+00  0.0000E+00  0.0000E+00  0.0000E+00  0.0000E+00  0.0000E+00  0.0000E+00  0.0000E+00  0.0000E+00  0.0000E+00  0.0000E+00  0.0000E+00  0.0000E+00  0.0000E+00  0.0000E+00  0.0000E+00  0.2953E-01  0.2771E-01  0.0000E+00  0.0000E+00
 Relative number of events:
  0.1325E-01  0.1550E-01  0.2875E-01  0.2525E-01  0.3625E-01  0.4100E-01  0.0000E+00  0.0000E+00  0.0000E+00  0.0000E+00  0.0000E+00  0.0000E+00  0.0000E+00  0.0000E+00  0.4050E-01  0.3575E-01  0.0000E+00  0.0000E+00  0.0000E+00  0.0000E+00  0.0000E+00  0.0000E+00  0.0000E+00  0.0000E+00  0.3950E-01  0.3450E-01  0.0000E+00  0.0000E+00  0.0000E+00  0.0000E+00  0.0000E+00  0.0000E+00  0.0000E+00  0.0000E+00  0.3325E-01  0.3575E-01  0.2575E-01  0.2375E-01  0.4075E-01  0.4650E-01  0.1200E-01  0.9750E-02  0.2525E-01  0.1800E-01  0.2775E-01  0.2475E-01  0.0000E+00  0.0000E+00  0.0000E+00  0.0000E+00  0.0000E+00  0.0000E+00  0.0000E+00  0.0000E+00  0.2225E-01  0.2575E-01  0.0000E+00  0.0000E+00  0.0000E+00  0.0000E+00  0.0000E+00  0.0000E+00  0.0000E+00  0.0000E+00  0.2200E-01  0.2650E-01  0.0000E+00  0.0000E+00  0.0000E+00  0.0000E+00  0.0000E+00  0.0000E+00  0.0000E+00  0.0000E+00  0.2875E-01  0.2325E-01  0.1450E-01  0.1500E-01  0.3300E-01  0.3300E-01
  0.1275E-01  0.9500E-02  0.0000E+00  0.0000E+00  0.0000E+00  0.0000E+00  0.0000E+00  0.0000E+00  0.0000E+00  0.0000E+00  0.0000E+00  0.0000E+00  0.0000E+00  0.0000E+00  0.0000E+00  0.0000E+00  0.0000E+00  0.0000E+00  0.0000E+00  0.0000E+00  0.0000E+00  0.0000E+00  0.0000E+00  0.0000E+00  0.0000E+00  0.0000E+00  0.0000E+00  0.0000E+00  0.0000E+00  0.0000E+00  0.0000E+00  0.0000E+00  0.0000E+00  0.0000E+00  0.0000E+00  0.0000E+00  0.1950E-01  0.2575E-01  0.0000E+00  0.0000E+00  0.1025E-01  0.9500E-02  0.0000E+00  0.0000E+00  0.0000E+00  0.0000E+00  0.0000E+00  0.0000E+00  0.0000E+00  0.0000E+00  0.0000E+00  0.0000E+00  0.0000E+00  0.0000E+00  0.0000E+00  0.0000E+00  0.0000E+00  0.0000E+00  0.0000E+00  0.0000E+00  0.0000E+00  0.0000E+00  0.0000E+00  0.0000E+00  0.0000E+00  0.0000E+00  0.0000E+00  0.0000E+00  0.0000E+00  0.0000E+00  0.0000E+00  0.0000E+00  0.0000E+00  0.0000E+00  0.0000E+00  0.0000E+00  0.1550E-01  0.1975E-01  0.0000E+00  0.0000E+00
 Events:
          53          62         115         101         145         164           0           0           0           0           0           0           0           0         162         143           0           0           0           0           0           0           0           0         158         138           0           0           0           0           0           0           0           0         133         143         103          95         163         186          48          39         101          72         111          99           0           0           0           0           0           0           0           0          89         103           0           0           0           0           0           0           0           0          88         106           0           0           0           0           0           0           0           0         115          93          58          60         132         132
          51          38           0           0           0           0           0           0           0           0           0           0           0           0           0           0           0           0           0           0           0           0           0           0           0           0           0           0           0           0           0           0           0           0           0           0          78         103           0           0          41          38           0           0           0           0           0           0           0           0           0           0           0           0           0           0           0           0           0           0           0           0           0           0           0           0           0           0           0           0           0           0           0           0           0           0          62          79           0           0
 Accuracy:    0.079   0.100   0.040   3.920
 Finished due to accuracy    7.9025366623040147E-002  0.10000000000000001     

 -------------------------------------------------------------------------------
 Accumulated results:   Integral =  0.3670E-06
                        Std dev  =  0.1465E-07
                       Cross sec =  0.3670E-06
             Chi**2 per DoF.     =      3.9200
 -------------------------------------------------------------------------------
 Found          380  events.
 Wrote           88  events.
 Actual xsec    3.6700478232746122E-007
 Correct abs xsec    3.6700478232746122E-007
 Event xsec    3.6700478232746132E-007
 Events wgts > 1:            2
 % Cross section > 1:    2.2889532304403407E-009  0.62368485116850980     
-------------------------------------------------
---------------------------
 Results Last   3 iters: Integral =   0.3670E-06
                     Abs integral =   0.3670E-06
                          Std dev =   0.1465E-07
                  Chi**2 per DoF. =      1.5221
-------------------------------------------------
---------------------------
 Status  0.10000000000000001                4           5

ls status:
events.lhe
ftn26
input_app.txt
input_sg.txt
moffset.dat
results.dat
run1_app.log
run_01_log.txt
run_03_log.txt
run_05_log.txt
run_09_log.txt
run_12_log.txt
run_13_log.txt
run_14_log.txt
run_15_log.txt
run_18_log.txt
run_19_log.txt
run_20_log.txt
run_22_log.txt
run_24_log.txt
run_25_log.txt
