 A PDF is used, so alpha_s(MZ) is going to be modified
 Old value of alpha_s from param_card:   0.11799999999999999     
  ****************************************
 
       NNPDFDriver version 1.0.3
   Grid: NNPDF23nlo_as_0119_qed_mem0.grid
  ****************************************
 New value of alpha_s from PDF nn23nlo:  0.11899999999999999     
 Enter event file name
 Enter 1 to save all cross sections on tape
       0 otherwise
 Including scale uncertainties for dynamical_scale_choice          -1
   - renormalisation scale variation:   1.0000000000000000        2.0000000000000000       0.50000000000000000     
   - factorisation scale variation:   1.0000000000000000        2.0000000000000000       0.50000000000000000     
   
 The events appear to be unweighted
  Will store the ratios of recomputed weights
  over reference weights
 ================================
 process combination map (specified per FKS dir):
  1 map         1   2   3   4
  1 inv. map    1   2   3   4
  2 map         1   2   3   4
  2 inv. map    1   2   3   4
  3 map         1   2   3   4
  3 inv. map    1   2   3   4
  4 map         1   2   3   4
  4 inv. map    1   2   3   4
 ================================
