 Process in group number            1
 A PDF is used, so alpha_s(MZ) is going to be modified
 Old value of alpha_s from param_card:   0.11839999999999999     
  ****************************************
 
       NNPDFDriver version 1.0.3
   Grid: NNPDF23_lo_as_0130_qed_mem0.grid
  ****************************************
 New value of alpha_s from PDF nn23lo1:  0.13000000000000000     
 Define smin to   0.0000000000000000     
 Define smin to   0.0000000000000000     
 Define smin to   0.0000000000000000     
 Define smin to   0.0000000000000000     
 Define smin to   0.0000000000000000     
 Define smin to   0.0000000000000000     
 Define smin to   0.0000000000000000     
 Define smin to   0.0000000000000000     
 Define smin to   0.0000000000000000     
 Define smin to   0.0000000000000000     
 Define smin to   0.0000000000000000     
 Define smin to   0.0000000000000000     
 Define smin to   0.0000000000000000     
 Define smin to   0.0000000000000000     
 Define smin to   0.0000000000000000     
 Define smin to   0.0000000000000000     
 Define smin to   0.0000000000000000     
 Define smin to   0.0000000000000000     
 Define smin to   0.0000000000000000     
 Define smin to   0.0000000000000000     
 Define smin to   0.0000000000000000     
 Define smin to   0.0000000000000000     
 Define smin to   0.0000000000000000     
 Define smin to   0.0000000000000000     
 Define smin to   0.0000000000000000     
 Define smin to   0.0000000000000000     
 Define smin to   0.0000000000000000     
 Define smin to   0.0000000000000000     
 Define smin to   0.0000000000000000     
 Define smin to   0.0000000000000000     
 Define smin to   0.0000000000000000     
 Define smin to   0.0000000000000000     
 Define smin to   0.0000000000000000     
 Define smin to   0.0000000000000000     
 Define smin to   0.0000000000000000     
 Define smin to   0.0000000000000000     
 Define smin to   0.0000000000000000     
 Define smin to   0.0000000000000000     
 Define smin to   0.0000000000000000     
 Define smin to   0.0000000000000000     
 Warning: pt or E min of a jet should in general be >0
 Warning: pt or E min of a jet should in general be >0
 Warning: pt or E min of a jet should in general be >0
 Warning: pt or E min of a jet should in general be >0
 *****************************************************
 *               MadGraph/MadEvent                   *
 *        --------------------------------           *
 *          http://madgraph.hep.uiuc.edu             *
 *          http://madgraph.phys.ucl.ac.be           *
 *          http://madgraph.roma2.infn.it            *
 *        --------------------------------           *
 *                                                   *
 *          PARAMETER AND COUPLING VALUES            *
 *                                                   *
 *****************************************************

  External Params
  ---------------------------------
  
 mdl_cabi =   0.22773599999999999     
 mdl_rhoH =    5.0000000000000003E-002
 mdl_Lambda =    5000.0000000000000     
 mdl_fW =    0.0000000000000000     
 mdl_fWW =   -4520.4600000000000     
 mdl_fB =    0.0000000000000000     
 mdl_fBB =    0.0000000000000000     
 aEWM1 =    127.90000000000001     
 mdl_Gf =    1.1663700000000000E-005
 aS =   0.11839999999999999     
 mdl_ymb =    4.7000000000000002     
 mdl_ymt =    172.00000000000000     
 mdl_ymtau =    1.7769999999999999     
 mdl_MZ =    91.187600000000003     
 mdl_MTA =    1.7769999999999999     
 mdl_MT =    172.00000000000000     
 mdl_MB =    4.7000000000000002     
 mdl_MH =    125.00000000000000     
 mdl_MHH =    600.00000000000000     
 mdl_WZ =    2.4952000000000001     
 mdl_WW =    2.0850000000000000     
 mdl_WT =    1.5083359999999999     
 mdl_WH =    4.0699999999999998E-003
 mdl_WHH =    0.0000000000000000     
  Internal Params
  ---------------------------------
  
 mdl_cos__cabi =   0.97418004031982097     
 mdl_CKM1x1 =  ( 0.97418004031982097     ,  0.0000000000000000     )
 mdl_sin__cabi =   0.22577256042856930     
 mdl_CKM1x2 =  ( 0.22577256042856930     ,  0.0000000000000000     )
 mdl_CKM2x1 =  (-0.22577256042856930     ,  0.0000000000000000     )
 mdl_CKM2x2 =  ( 0.97418004031982097     ,  0.0000000000000000     )
 mdl_MZ__exp__2 =    8315.1783937600012     
 mdl_MZ__exp__4 =    69142191.720053151     
 mdl_sqrt__2 =    1.4142135623730951     
 mdl_Lambda__exp__2 =    25000000.000000000     
 mdl_MH__exp__2 =    15625.000000000000     
 mdl_complexi =  (  0.0000000000000000     ,  1.0000000000000000     )
 mdl_conjg__CKM1x1 =  ( 0.97418004031982097     , -0.0000000000000000     )
 mdl_conjg__CKM1x2 =  ( 0.22577256042856930     , -0.0000000000000000     )
 mdl_conjg__CKM2x1 =  (-0.22577256042856930     , -0.0000000000000000     )
 mdl_conjg__CKM2x2 =  ( 0.97418004031982097     , -0.0000000000000000     )
 mdl_aEW =    7.8186082877247844E-003
 mdl_MW =    79.824359746197842     
 mdl_sqrt__aEW =    8.8422894590285753E-002
 mdl_ee =   0.31345100004952897     
 mdl_MW__exp__2 =    6371.9284088904105     
 mdl_sw2 =   0.23369913342182447     
 mdl_cw =   0.87538612427783857     
 mdl_sqrt__sw2 =   0.48342438232036300     
 mdl_sw =   0.48342438232036300     
 mdl_g1 =   0.35807170271074895     
 mdl_gw =   0.64839716719502682     
 mdl_vev =    246.22056907348590     
 mdl_gHWW =    2.5878944366295706     
 mdl_gHWW1 =    0.0000000000000000     
 mdl_gHWW2 =    4.6793893140026040E-004
 mdl_cw__exp__2 =   0.76630086657817542     
 mdl_gHZZ =    1.6885629062286611     
 mdl_sw__exp__2 =   0.23369913342182450     
 mdl_gHZZ1 =    0.0000000000000000     
 mdl_cw__exp__4 =   0.58721701811846261     
 mdl_sw__exp__4 =    5.4615284962111724E-002
 mdl_gHZZ2 =    1.7929100431884245E-004
 mdl_vev__exp__2 =    60624.568634871241     
 mdl_lam =   0.12886689630821144     
 mdl_yb =    2.6995322804122722E-002
 mdl_yt =   0.98791394091683138     
 mdl_ytau =    1.0206529494239589E-002
 mdl_muH =    88.388347648318444     
 mdl_I1a33 =  (  2.6995322804122722E-002,  0.0000000000000000     )
 mdl_I2a33 =  ( 0.98791394091683138     ,  0.0000000000000000     )
 mdl_I3a33 =  ( 0.98791394091683138     ,  0.0000000000000000     )
 mdl_I4a33 =  (  2.6995322804122722E-002,  0.0000000000000000     )
 mdl_ee__exp__2 =    9.8251529432049817E-002
  Internal Params evaluated point by point
  ----------------------------------------
  
 mdl_sqrt__aS =   0.34409301068170506     
 mdl_G__exp__2 =    1.4878582807401259     
  Couplings of SMwithHeavyScalarDim4Dim6_NoDecay_UFO
  ---------------------------------
  
        GC_13 =   0.00000E+00   0.25879E+01
        GC_14 =  -0.00000E+00  -0.00000E+00
        GC_15 =   0.00000E+00   0.93588E-03
        GC_16 =   0.00000E+00   0.33771E+01
        GC_17 =  -0.00000E+00  -0.00000E+00
        GC_18 =   0.00000E+00   0.71716E-03
        GC_33 =   0.00000E+00   0.44665E+00
        GC_34 =   0.00000E+00   0.10351E+00
        GC_35 =  -0.00000E+00  -0.10351E+00
        GC_36 =   0.00000E+00   0.44665E+00
        GC_37 =  -0.00000E+00  -0.28380E+00
        GC_38 =   0.00000E+00   0.28380E+00
        GC_45 =  -0.00000E+00  -0.28850E-01
        GC_46 =   0.00000E+00   0.86550E-01
        GC_77 =   0.00000E+00   0.44665E+00
        GC_78 =   0.00000E+00   0.10351E+00
        GC_79 =   0.00000E+00  -0.10351E+00
        GC_80 =   0.00000E+00   0.44665E+00

 Collider parameters:
 --------------------

 Running at P P   machine @    13000.000000000000       GeV
 PDF set = nn23lo1
 alpha_s(Mz)= 0.1300 running at 2 loops.
 alpha_s(Mz)= 0.1300 running at 2 loops.
 Renormalization scale set on event-by-event basis
 Factorization   scale set on event-by-event basis


 getting user params
Enter number of events and max and min iterations: 
 Number of events and iterations         1000           5           3
Enter desired fractional accuracy: 
 Desired fractional accuracy:   0.10000000000000001     
Enter 0 for fixed, 2 for adjustable grid: 
Suppress amplitude (0 no, 1 yes)? 
 Using suppressed amplitude.
Exact helicity sum (0 yes, n = number/event)? 
 Explicitly summing over helicities
Enter Configuration Number: 
Running Configuration Number:    3
 Using dconfig=          67
 BW Setting            1           1           1           2           0           0
 Attempting mappinvarients           1           8
 Completed mapping           8
 about to integrate           16        1000           5           3          16           1
 Using non-zero grid deformation.
 16 dimensions   1000 events 16 invarients  5 iterations  1 config(s),  (0.99)
 Using h-tuple random number sequence.
 fail to read data
 Error opening grid
 Using Uniform Grid!          32
 Using uniform alpha   1.0000000000000000     
 Grid defined OK
 Set CM energy to      13000.00
 Mapping Graph           3  to config           3
 Setting BW          -1           1   79.824359746197842     
 Setting BW          -2           2   79.824359746197842     
Setting grid   3    0.11399E-03   1
 Setting BW          -4           3   91.187600000000003     
Setting grid   5    0.21940E-03   1
 Transforming s_hat 1/s           15   2.1940062961973696E-004   0.0000000000000000        168999999.99999997     
 Masses: 0.000E+00 0.000E+00 0.000E+00 0.000E+00 0.000E+00 0.000E+00 0.000E+00 0.000E+00
   3   1   2   3   4   5   6   7   8   9  10  11  12  13  14
  15  16
Using random seed offsets     3 :      1
  with seed                   75
 Ranmar initialization seeds        2987        9452
 
 ********************************************
 * You are using the DiscreteSampler module *
 *      part of the MG5_aMC framework       *
 *         Author: Valentin Hirschi         *
 ********************************************
 
  Particle       3       4       5       6       7       8
      Et >     0.0     0.0     0.0     0.0     0.0     0.0
       E >     0.0     0.0     0.0     0.0     0.0     0.0
     Eta <    -1.0    -1.0    -1.0    -1.0    -1.0    -1.0
   xqcut:      0.0     0.0     0.0     0.0     0.0     0.0
d R # 3  >    -0.0     0.0     0.0     0.0     0.0     0.0
d R # 4  >    -0.0    -0.0     0.0     0.0     0.0     0.0
d R # 5  >    -0.0    -0.0    -0.0     0.0     0.0     0.0
d R # 6  >    -0.0    -0.0    -0.0    -0.0     0.0     0.0
d R # 7  >    -0.0    -0.0    -0.0    -0.0    -0.0     0.0
s min # 3>     0.0     0.0     0.0     0.0     0.0     0.0
s min # 4>     0.0     0.0     0.0     0.0     0.0     0.0
s min # 5>     0.0     0.0     0.0     0.0     0.0     0.0
s min # 6>     0.0     0.0     0.0     0.0     0.0     0.0
s min # 7>     0.0     0.0     0.0     0.0     0.0     0.0
xqcutij # 3>     0.0     0.0     0.0     0.0     0.0     0.0
xqcutij # 4>     0.0     0.0     0.0     0.0     0.0     0.0
xqcutij # 5>     0.0     0.0     0.0     0.0     0.0     0.0
xqcutij # 6>     0.0     0.0     0.0     0.0     0.0     0.0
xqcutij # 7>     0.0     0.0     0.0     0.0     0.0     0.0
 Requiring BW           -1           1
 Requiring BW           -2           2
 Requiring BW           -4           3
 Excluding BW           -5           4
 alpha_s for scale    380.13223774088681       is   0.10508848735247625     
 Added good helicity            1   45.833928387549662       in event            1 local:           1
 Added good helicity            6   1.4072143830766789E-005  in event            1 local:           1
 Added good helicity           11   8.4650273488334543E-005  in event            1 local:           1
 Added good helicity           16   3.2368986918348927E-006  in event            1 local:           1
 Added good helicity           49   5.1625348352427896       in event            1 local:           1
 Added good helicity           54   1.5850252266967933E-006  in event            1 local:           1
 Added good helicity           59   9.5346395360487057E-006  in event            1 local:           1
 Added good helicity           64   3.6459022481015877E-007  in event            1 local:           1
 Added good helicity          193   32.717902551761952       in event            1 local:           1
 Added good helicity          198   1.0045201158765881E-005  in event            1 local:           1
 Added good helicity          203   6.0426402370599737E-005  in event            1 local:           1
 Added good helicity          208   2.3106144224405515E-006  in event            1 local:           1
 Added good helicity          241   172.28506474498099       in event            1 local:           1
 Added good helicity          246   5.2895754221296726E-005  in event            1 local:           1
 Added good helicity          251   3.1819174924965988E-004  in event            1 local:           1
 Added good helicity          256   1.2167172230587230E-005  in event            1 local:           1
 Added good helicity            1   45.833928387549705       in event            1 local:           1
 Added good helicity            6   1.4072143830766787E-005  in event            1 local:           1
 Added good helicity           11   8.4650273488334854E-005  in event            1 local:           1
 Added good helicity           16   3.2368986918349194E-006  in event            1 local:           1
 Added good helicity           49   5.1625348352427780       in event            1 local:           1
 Added good helicity           54   1.5850252266967863E-006  in event            1 local:           1
 Added good helicity           59   9.5346395360487124E-006  in event            1 local:           1
 Added good helicity           64   3.6459022481016079E-007  in event            1 local:           1
 Added good helicity          193   32.717902551761902       in event            1 local:           1
 Added good helicity          198   1.0045201158765842E-005  in event            1 local:           1
 Added good helicity          203   6.0426402370599805E-005  in event            1 local:           1
 Added good helicity          208   2.3106144224405672E-006  in event            1 local:           1
 Added good helicity          241   172.28506474498101       in event            1 local:           1
 Added good helicity          246   5.2895754221296631E-005  in event            1 local:           1
 Added good helicity          251   3.1819174924966096E-004  in event            1 local:           1
 Added good helicity          256   1.2167172230587342E-005  in event            1 local:           1
 RESET CUMULATIVE VARIABLE
 RESET CUMULATIVE VARIABLE
 RESET CUMULATIVE VARIABLE
 Iteration  1   Mean: 0.1955E-04 Abs mean: 0.1955E-04   Fluctuation:  0.190E-04   0.190E-01    40.2%
  1    0.1955E-04 0.1955E-04 +- 0.1899E-04     30.72
 Writing out events   9.7206476078790161E-009   30.721644727283760     
 Relative summed weights:
  0.0000E+00  0.0000E+00  0.0000E+00  0.0000E+00  0.1695E-03  0.5348E-02  0.5219E-05  0.7314E-08  0.6163E-05  0.4899E-08  0.0000E+00  0.0000E+00  0.1575E-06  0.1589E-05  0.0000E+00  0.0000E+00  0.9973E-03  0.3062E-03  0.4068E-10  0.1530E-09  0.0000E+00  0.4255E-10  0.1270E-02  0.5802E-03  0.0000E+00  0.0000E+00  0.1776E-07  0.8520E-07  0.0000E+00  0.4853E-08  0.2620E-06  0.3376E-05  0.4706E-08  0.1678E-04  0.1917E-02  0.1909E-03  0.0000E+00  0.0000E+00  0.0000E+00  0.0000E+00  0.0000E+00  0.0000E+00  0.0000E+00  0.0000E+00  0.1070E-01  0.6610E-05  0.4492E-08  0.5200E-05  0.1343E-07  0.8664E-10  0.0000E+00  0.0000E+00  0.1976E-06  0.5301E-06  0.4179E-10  0.0000E+00  0.4409E-03  0.4638E-03  0.4968E-11  0.4076E-09  0.2015E-09  0.1348E-10  0.1334E-03  0.9720E+00  0.7862E-11  0.0000E+00  0.2121E-10  0.6001E-07  0.0000E+00  0.3291E-11  0.1850E-11  0.2101E-07  0.2934E-07  0.6306E-03  0.3809E-02  0.1051E-02  0.0000E+00  0.0000E+00  0.0000E+00  0.0000E+00
 Relative number of events:
  0.0000E+00  0.0000E+00  0.0000E+00  0.0000E+00  0.6244E-01  0.5946E-01  0.4955E-02  0.1982E-02  0.5946E-02  0.3964E-02  0.0000E+00  0.0000E+00  0.4955E-02  0.6938E-02  0.0000E+00  0.0000E+00  0.6838E-01  0.4063E-01  0.1982E-02  0.1982E-02  0.0000E+00  0.1982E-02  0.5550E-01  0.5847E-01  0.0000E+00  0.0000E+00  0.2973E-02  0.2973E-02  0.0000E+00  0.9911E-03  0.2973E-02  0.1982E-02  0.1982E-02  0.1982E-02  0.6244E-01  0.6442E-01  0.0000E+00  0.0000E+00  0.0000E+00  0.0000E+00  0.0000E+00  0.0000E+00  0.0000E+00  0.0000E+00  0.3469E-01  0.5649E-01  0.2973E-02  0.3964E-02  0.2973E-02  0.1982E-02  0.0000E+00  0.0000E+00  0.2973E-02  0.3964E-02  0.9911E-03  0.0000E+00  0.3964E-01  0.5352E-01  0.9911E-03  0.1982E-02  0.2973E-02  0.9911E-03  0.6739E-01  0.6145E-01  0.9911E-03  0.0000E+00  0.1982E-02  0.3964E-02  0.0000E+00  0.9911E-03  0.9911E-03  0.9911E-03  0.2973E-02  0.5946E-02  0.7235E-01  0.4658E-01  0.0000E+00  0.0000E+00  0.0000E+00  0.0000E+00
 Events:
           0           0           0           0          63          60           5           2           6           4           0           0           5           7           0           0          69          41           2           2           0           2          56          59           0           0           3           3           0           1           3           2           2           2          63          65           0           0           0           0           0           0           0           0          35          57           3           4           3           2           0           0           3           4           1           0          40          54           1           2           3           1          68          62           1           0           2           4           0           1           1           1           3           6          73          47           0           0           0           0
 Iteration  2   Mean: 0.1029E-04 Abs mean: 0.1029E-04   Fluctuation:  0.535E-05   0.975E-02    79.7%
  2    0.1029E-04 0.1029E-04 +- 0.5353E-05     23.27
 Relative summed weights:
  0.0000E+00  0.0000E+00  0.0000E+00  0.0000E+00  0.1084E+00  0.2432E-01  0.7725E-04  0.9246E-05  0.4710E-05  0.9995E-07  0.2499E-05  0.0000E+00  0.2757E-04  0.4501E-03  0.0000E+00  0.1470E-10  0.3289E-02  0.3406E-02  0.2397E-04  0.3455E-04  0.1963E-05  0.1058E-04  0.6922E-01  0.4877E+00  0.1954E-08  0.0000E+00  0.4880E-05  0.2544E-05  0.0000E+00  0.0000E+00  0.1531E-03  0.6912E-05  0.8804E-06  0.4699E-04  0.8538E-02  0.4901E-02  0.0000E+00  0.0000E+00  0.0000E+00  0.0000E+00  0.0000E+00  0.0000E+00  0.0000E+00  0.0000E+00  0.1784E-02  0.1428E-01  0.7760E-04  0.1072E-06  0.5795E-06  0.3282E-07  0.0000E+00  0.0000E+00  0.7758E-06  0.6162E-04  0.0000E+00  0.0000E+00  0.3251E-02  0.3893E-01  0.3463E-03  0.1865E-06  0.6104E-06  0.1839E-02  0.1850E+00  0.3899E-02  0.1006E-06  0.0000E+00  0.1230E-03  0.6804E-09  0.0000E+00  0.0000E+00  0.8990E-06  0.1558E-05  0.1343E-02  0.5345E-09  0.8906E-02  0.2951E-01  0.0000E+00  0.0000E+00  0.0000E+00  0.0000E+00
 Relative number of events:
  0.0000E+00  0.0000E+00  0.0000E+00  0.0000E+00  0.5500E-01  0.5100E-01  0.3000E-02  0.4000E-02  0.4500E-02  0.3500E-02  0.5000E-03  0.0000E+00  0.4000E-02  0.3500E-02  0.0000E+00  0.5000E-03  0.5000E-01  0.5950E-01  0.2500E-02  0.2500E-02  0.2000E-02  0.3500E-02  0.6300E-01  0.5450E-01  0.5000E-03  0.0000E+00  0.3500E-02  0.2500E-02  0.0000E+00  0.0000E+00  0.3000E-02  0.3000E-02  0.2000E-02  0.5000E-02  0.5650E-01  0.6400E-01  0.0000E+00  0.0000E+00  0.0000E+00  0.0000E+00  0.0000E+00  0.0000E+00  0.0000E+00  0.0000E+00  0.5650E-01  0.5050E-01  0.1500E-02  0.2000E-02  0.3000E-02  0.1500E-02  0.0000E+00  0.0000E+00  0.2000E-02  0.2500E-02  0.0000E+00  0.0000E+00  0.6350E-01  0.5500E-01  0.2500E-02  0.3500E-02  0.3000E-02  0.2500E-02  0.5500E-01  0.6100E-01  0.5000E-03  0.0000E+00  0.4000E-02  0.2000E-02  0.0000E+00  0.0000E+00  0.2000E-02  0.3500E-02  0.2500E-02  0.2500E-02  0.5650E-01  0.5400E-01  0.0000E+00  0.0000E+00  0.0000E+00  0.0000E+00
 Events:
           0           0           0           0         110         102           6           8           9           7           1           0           8           7           0           1         100         119           5           5           4           7         126         109           1           0           7           5           0           0           6           6           4          10         113         128           0           0           0           0           0           0           0           0         113         101           3           4           6           3           0           0           4           5           0           0         127         110           5           7           6           5         110         122           1           0           8           4           0           0           4           7           5           5         113         108           0           0           0           0
 Iteration  3   Mean: 0.4414E-02 Abs mean: 0.4414E-02   Fluctuation:  0.323E-02   0.125E+02    91.1%
  3    0.4414E-02 0.4414E-02 +- 0.3230E-02     46.28
 Relative summed weights:
  0.0000E+00  0.0000E+00  0.0000E+00  0.0000E+00  0.1194E-02  0.7065E+00  0.8524E-05  0.7451E-07  0.1604E-06  0.3606E-06  0.0000E+00  0.2454E-11  0.1084E-06  0.1185E-07  0.2353E-08  0.1747E-11  0.1826E+00  0.1983E-02  0.9883E-07  0.4074E-08  0.2587E-06  0.2881E-02  0.3897E-04  0.5105E-01  0.5090E-11  0.2013E-11  0.6207E-04  0.4044E-05  0.0000E+00  0.0000E+00  0.4694E-07  0.6651E-02  0.4857E-04  0.2244E-05  0.2373E-01  0.9806E-04  0.0000E+00  0.0000E+00  0.0000E+00  0.0000E+00  0.0000E+00  0.0000E+00  0.0000E+00  0.0000E+00  0.6587E-03  0.1618E-03  0.1405E-06  0.5422E-04  0.2780E-06  0.8029E-04  0.0000E+00  0.0000E+00  0.4605E-06  0.3100E-05  0.1239E-11  0.0000E+00  0.3756E-03  0.9205E-04  0.2838E-06  0.1615E-06  0.3750E-08  0.7628E-08  0.1007E-03  0.3242E-02  0.0000E+00  0.1214E-08  0.2089E-07  0.9101E-03  0.0000E+00  0.0000E+00  0.4076E-04  0.2255E-05  0.3435E-06  0.1417E-03  0.1016E-01  0.7141E-02  0.0000E+00  0.0000E+00  0.0000E+00  0.0000E+00
 Relative number of events:
  0.0000E+00  0.0000E+00  0.0000E+00  0.0000E+00  0.5825E-01  0.5775E-01  0.3750E-02  0.4250E-02  0.3750E-02  0.4750E-02  0.0000E+00  0.2500E-03  0.3250E-02  0.2750E-02  0.5000E-03  0.2500E-03  0.5825E-01  0.5525E-01  0.3500E-02  0.1750E-02  0.2500E-02  0.2750E-02  0.6375E-01  0.6675E-01  0.2500E-03  0.2500E-03  0.2750E-02  0.3000E-02  0.0000E+00  0.0000E+00  0.1750E-02  0.3750E-02  0.4250E-02  0.2750E-02  0.6200E-01  0.5600E-01  0.0000E+00  0.0000E+00  0.0000E+00  0.0000E+00  0.0000E+00  0.0000E+00  0.0000E+00  0.0000E+00  0.4900E-01  0.5175E-01  0.2250E-02  0.1500E-02  0.3750E-02  0.1750E-02  0.0000E+00  0.0000E+00  0.2000E-02  0.3000E-02  0.2500E-03  0.0000E+00  0.5300E-01  0.5425E-01  0.3000E-02  0.3500E-02  0.1250E-02  0.2250E-02  0.5475E-01  0.4375E-01  0.0000E+00  0.5000E-03  0.3250E-02  0.2750E-02  0.0000E+00  0.0000E+00  0.3500E-02  0.3250E-02  0.2250E-02  0.3500E-02  0.5775E-01  0.6150E-01  0.0000E+00  0.0000E+00  0.0000E+00  0.0000E+00
 Events:
           0           0           0           0         233         231          15          17          15          19           0           1          13          11           2           1         233         221          14           7          10          11         255         267           1           1          11          12           0           0           7          15          17          11         248         224           0           0           0           0           0           0           0           0         196         207           9           6          15           7           0           0           8          12           1           0         212         217          12          14           5           9         219         175           0           2          13          11           0           0          14          13           9          14         231         246           0           0           0           0
 Accuracy:    1.117   0.100   0.389   8.259
 Found          165  events.
 Wrote            1  events.
 Actual xsec    1.2540325504458529E-003
 Correct abs xsec    1.2540325504458529E-003
 Event xsec    1.2540325504458529E-003
 Events wgts > 1:            1
 % Cross section > 1:    2.2371901770359970E-010   1.7839968956472434E-005
 Iteration  4   Mean: 0.5220E+00 Abs mean: 0.5220E+00   Fluctuation:  0.520E+00   0.416E+04    94.0%
  4    0.5220E+00 0.5220E+00 +- 0.5201E+00     89.10
 Relative summed weights:
  0.0000E+00  0.0000E+00  0.0000E+00  0.0000E+00  0.4712E-04  0.4373E-04  0.9962E+00  0.2820E-04  0.3388E-06  0.3129E-09  0.0000E+00  0.3743E-11  0.5216E-06  0.8629E-07  0.2575E-12  0.1617E-13  0.1218E-04  0.1204E-02  0.3120E-07  0.2277E-06  0.5016E-06  0.1821E-07  0.4271E-04  0.1028E-02  0.0000E+00  0.9155E-14  0.4741E-07  0.1244E-04  0.8355E-13  0.3196E-08  0.8594E-06  0.1356E-05  0.4531E-07  0.3033E-07  0.5281E-03  0.2549E-05  0.0000E+00  0.0000E+00  0.0000E+00  0.0000E+00  0.0000E+00  0.0000E+00  0.0000E+00  0.0000E+00  0.8806E-04  0.2192E-05  0.5871E-08  0.1968E-06  0.2931E-07  0.1249E-08  0.3671E-11  0.3375E-12  0.2571E-07  0.1899E-06  0.0000E+00  0.0000E+00  0.6235E-04  0.7234E-04  0.2239E-06  0.3472E-08  0.7557E-07  0.9422E-07  0.2039E-03  0.1938E-04  0.4132E-10  0.0000E+00  0.6654E-08  0.5743E-06  0.4132E-13  0.2789E-09  0.9166E-05  0.4820E-07  0.3422E-03  0.1429E-05  0.2334E-04  0.1763E-04  0.0000E+00  0.0000E+00  0.0000E+00  0.0000E+00
 Relative number of events:
  0.0000E+00  0.0000E+00  0.0000E+00  0.0000E+00  0.6500E-01  0.5950E-01  0.3000E-02  0.4375E-02  0.3750E-02  0.3125E-02  0.0000E+00  0.2500E-03  0.3750E-02  0.3500E-02  0.2500E-03  0.2500E-03  0.5987E-01  0.7025E-01  0.2625E-02  0.3875E-02  0.3250E-02  0.3500E-02  0.6075E-01  0.5912E-01  0.0000E+00  0.1250E-03  0.3750E-02  0.3250E-02  0.1250E-03  0.1250E-03  0.3500E-02  0.3750E-02  0.2750E-02  0.2750E-02  0.5713E-01  0.5862E-01  0.0000E+00  0.0000E+00  0.0000E+00  0.0000E+00  0.0000E+00  0.0000E+00  0.0000E+00  0.0000E+00  0.5375E-01  0.4825E-01  0.2750E-02  0.3875E-02  0.1625E-02  0.2000E-02  0.1250E-03  0.2500E-03  0.3875E-02  0.2875E-02  0.0000E+00  0.0000E+00  0.5275E-01  0.5187E-01  0.2375E-02  0.2875E-02  0.3125E-02  0.2750E-02  0.4838E-01  0.5200E-01  0.3750E-03  0.0000E+00  0.2375E-02  0.2750E-02  0.1250E-03  0.3750E-03  0.3250E-02  0.2500E-02  0.3750E-02  0.3875E-02  0.5000E-01  0.4925E-01  0.0000E+00  0.0000E+00  0.0000E+00  0.0000E+00
 Events:
           0           0           0           0         520         476          24          35          30          25           0           2          30          28           2           2         479         562          21          31          26          28         486         473           0           1          30          26           1           1          28          30          22          22         457         469           0           0           0           0           0           0           0           0         430         386          22          31          13          16           1           2          31          23           0           0         422         415          19          23          25          22         387         416           3           0          19          22           1           3          26          20          30          31         400         394           0           0           0           0
 Accuracy:    1.453   0.100   0.362  16.115
 Found           43  events.
 Wrote            1  events.
 Actual xsec    8.1343338981908431E-002
 Correct abs xsec    8.1343338981908431E-002
 Event xsec    8.1343338981908431E-002
 Events wgts > 1:            0
 % Cross section > 1:    0.0000000000000000        0.0000000000000000     
 Iteration  5   Mean: 0.1458E-01 Abs mean: 0.1458E-01   Fluctuation:  0.103E-01   0.161E+03    95.3%
  5    0.1458E-01 0.1458E-01 +- 0.1028E-01     89.17
 Relative summed weights:
  0.0000E+00  0.0000E+00  0.0000E+00  0.0000E+00  0.1329E+00  0.1871E-02  0.4083E-04  0.1074E-01  0.1019E-05  0.1475E-03  0.2361E-07  0.9009E-04  0.9764E-07  0.5330E-06  0.6527E-09  0.5564E-10  0.4447E-02  0.3390E-01  0.2274E-01  0.1127E-03  0.1297E-03  0.8173E-05  0.7784E-02  0.7654E-02  0.0000E+00  0.9157E-10  0.1133E-02  0.3251E-06  0.3446E-07  0.1340E-13  0.1655E-02  0.1213E-06  0.3191E-06  0.1149E-04  0.7440E-02  0.1709E-01  0.0000E+00  0.0000E+00  0.0000E+00  0.0000E+00  0.0000E+00  0.0000E+00  0.0000E+00  0.0000E+00  0.1725E-02  0.5262E-02  0.5186E-05  0.2011E-06  0.8151E-02  0.1977E-05  0.6211E-08  0.4101E-06  0.3183E-06  0.2315E-05  0.4461E-10  0.1059E-09  0.5559E-02  0.8921E-02  0.9254E-05  0.9073E-06  0.2222E-05  0.4590E-05  0.2311E-02  0.6938E+00  0.4946E-15  0.5322E-10  0.2374E-05  0.4967E-05  0.0000E+00  0.2676E-09  0.7302E-06  0.2480E-05  0.1164E-05  0.5346E-04  0.3744E-02  0.2056E-01  0.0000E+00  0.0000E+00  0.0000E+00  0.0000E+00
 Relative number of events:
  0.0000E+00  0.0000E+00  0.0000E+00  0.0000E+00  0.5663E-01  0.5931E-01  0.4000E-02  0.3563E-02  0.3063E-02  0.2812E-02  0.3750E-03  0.1875E-03  0.3000E-02  0.3063E-02  0.1250E-03  0.1250E-03  0.5969E-01  0.5750E-01  0.3563E-02  0.3812E-02  0.2687E-02  0.2875E-02  0.6081E-01  0.5681E-01  0.0000E+00  0.6250E-04  0.3187E-02  0.3438E-02  0.1250E-03  0.1250E-03  0.3563E-02  0.2625E-02  0.2687E-02  0.2687E-02  0.6031E-01  0.5669E-01  0.0000E+00  0.0000E+00  0.0000E+00  0.0000E+00  0.0000E+00  0.0000E+00  0.0000E+00  0.0000E+00  0.5688E-01  0.5419E-01  0.2812E-02  0.2875E-02  0.2750E-02  0.2563E-02  0.2500E-03  0.3750E-03  0.3438E-02  0.2812E-02  0.1250E-03  0.6250E-04  0.5269E-01  0.5337E-01  0.3187E-02  0.3438E-02  0.2875E-02  0.2750E-02  0.5469E-01  0.5337E-01  0.6250E-04  0.6250E-04  0.2625E-02  0.2563E-02  0.0000E+00  0.1250E-03  0.2875E-02  0.2938E-02  0.2000E-02  0.2812E-02  0.5506E-01  0.5387E-01  0.0000E+00  0.0000E+00  0.0000E+00  0.0000E+00
 Events:
           0           0           0           0         906         949          64          57          49          45           6           3          48          49           2           2         955         920          57          61          43          46         973         909           0           1          51          55           2           2          57          42          43          43         965         907           0           0           0           0           0           0           0           0         910         867          45          46          44          41           4           6          55          45           2           1         843         854          51          55          46          44         875         854           1           1          42          41           0           2          46          47          32          45         881         862           0           0           0           0
 Accuracy:    1.355   0.100   0.322  17.705
 Found           19  events.
 Wrote            2  events.
 Actual xsec   0.11531493173646895     
 Correct abs xsec   0.11531493173646895     
 Event xsec   0.11531493173646895     
 Events wgts > 1:            0
 % Cross section > 1:    0.0000000000000000        0.0000000000000000     

 -------------------------------------------------------------------------------
 Accumulated results:   Integral =  0.5847E-01
                        Std dev  =  0.1883E-01
                       Cross sec =  0.5847E-01
             Chi**2 per DoF.     =     17.7053
 -------------------------------------------------------------------------------
-------------------------------------------------
---------------------------
 Results Last   3 iters: Integral =   0.1153E+00
                     Abs integral =   0.1153E+00
                          Std dev =   0.5216E-01
                  Chi**2 per DoF. =    637.7239
-------------------------------------------------
---------------------------
 Status  0.10000000000000001                6           5

ls status:
events.lhe
ftn25
ftn26
input_app.txt
results.dat
run1_app.log
