 Process in group number            1
 A PDF is used, so alpha_s(MZ) is going to be modified
 Old value of alpha_s from param_card:   0.11839999999999999     
  ****************************************
 
       NNPDFDriver version 1.0.3
   Grid: NNPDF23_lo_as_0130_qed_mem0.grid
  ****************************************
 New value of alpha_s from PDF nn23lo1:  0.13000000000000000     
 Define smin to   167.80611599999997     
 Define smin to   167.80611599999997     
 Warning: pt or E min of a jet should in general be >0
 Warning: pt or E min of a jet should in general be >0
 Warning: pt or E min of a jet should in general be >0
 Warning: pt or E min of a jet should in general be >0
 *****************************************************
 *               MadGraph/MadEvent                   *
 *        --------------------------------           *
 *          http://madgraph.hep.uiuc.edu             *
 *          http://madgraph.phys.ucl.ac.be           *
 *          http://madgraph.roma2.infn.it            *
 *        --------------------------------           *
 *                                                   *
 *          PARAMETER AND COUPLING VALUES            *
 *                                                   *
 *****************************************************

  External Params
  ---------------------------------
  
 mdl_cabi =   0.22773599999999999     
 aEWM1 =    127.90000000000001     
 mdl_Gf =    1.1663700000000000E-005
 aS =   0.11839999999999999     
 mdl_ymb =    4.7000000000000002     
 mdl_ymt =    172.00000000000000     
 mdl_ymtau =    1.7769999999999999     
 mdl_Lambda =    5000.0000000000000     
 mdl_ca =    1.0000000000000000     
 mdl_kSM =    5.0000000000000003E-002
 mdl_kHtt =    0.0000000000000000     
 mdl_kAtt =    0.0000000000000000     
 mdl_kHbb =    0.0000000000000000     
 mdl_kAbb =    0.0000000000000000     
 mdl_kHll =    0.0000000000000000     
 mdl_kAll =    0.0000000000000000     
 mdl_kHaa =    0.0000000000000000     
 mdl_kAaa =    0.0000000000000000     
 mdl_kHza =    0.0000000000000000     
 mdl_kAza =    0.0000000000000000     
 mdl_kHgg =    0.0000000000000000     
 mdl_kAgg =    0.0000000000000000     
 mdl_kHzz =  -0.52481000000000000     
 mdl_kAzz =    0.0000000000000000     
 mdl_kHww =  -0.52481000000000000     
 mdl_kAww =    0.0000000000000000     
 mdl_kHda =    0.0000000000000000     
 mdl_kHdz =  -0.26240500000000000     
 mdl_kHdwR =  -0.26240500000000000     
 mdl_kHdwI =    0.0000000000000000     
 mdl_kHHgg =    1.0000000000000000     
 mdl_kAAgg =    1.0000000000000000     
 mdl_kqa =    1.0000000000000000     
 mdl_kqb =    1.0000000000000000     
 mdl_kla =    1.0000000000000000     
 mdl_klb =    1.0000000000000000     
 mdl_kw1 =    1.0000000000000000     
 mdl_kw2 =    1.0000000000000000     
 mdl_kw3 =    0.0000000000000000     
 mdl_kw4 =    0.0000000000000000     
 mdl_kw5 =    0.0000000000000000     
 mdl_kz1 =    0.0000000000000000     
 mdl_kz3 =    1.0000000000000000     
 mdl_kz5 =    0.0000000000000000     
 mdl_kq =    1.0000000000000000     
 mdl_kq3 =    1.0000000000000000     
 mdl_kl =    1.0000000000000000     
 mdl_kg =    1.0000000000000000     
 mdl_ka =    1.0000000000000000     
 mdl_kz =    1.0000000000000000     
 mdl_kw =    1.0000000000000000     
 mdl_kza =    0.0000000000000000     
 mdl_MZ =    91.187600000000003     
 mdl_MTA =    1.7769999999999999     
 mdl_MT =    172.00000000000000     
 mdl_MB =    4.7000000000000002     
 mdl_MX0 =    600.00000000000000     
 mdl_MX1 =    125.00000000000000     
 mdl_MX2 =    125.00000000000000     
 mdl_WZ =    2.4952000000000001     
 mdl_WW =    2.0850000000000000     
 mdl_WT =    1.5083359999999999     
 mdl_WX0 =   0.15059000000000000     
 mdl_WX1 =    4.0699999999999998E-003
 mdl_WX2 =    4.0699999999999998E-003
  Internal Params
  ---------------------------------
  
 mdl_cos__cabi =   0.97418004031982097     
 mdl_CKM1x1 =  ( 0.97418004031982097     ,  0.0000000000000000     )
 mdl_sin__cabi =   0.22577256042856930     
 mdl_CKM1x2 =  ( 0.22577256042856930     ,  0.0000000000000000     )
 mdl_CKM2x1 =  (-0.22577256042856930     ,  0.0000000000000000     )
 mdl_CKM2x2 =  ( 0.97418004031982097     ,  0.0000000000000000     )
 mdl_ca__exp__2 =    1.0000000000000000     
 mdl_sa =    0.0000000000000000     
 mdl_complexi =  (  0.0000000000000000     ,  1.0000000000000000     )
 mdl_kHdw =  (-0.26240500000000000     ,  0.0000000000000000     )
 mdl_MZ__exp__2 =    8315.1783937600012     
 mdl_MZ__exp__4 =    69142191.720053151     
 mdl_sqrt__2 =    1.4142135623730951     
 mdl_nb__2__exp__0_75 =    1.6817928305074290     
 mdl_MX0__exp__2 =    360000.00000000000     
 mdl_ca__exp__4 =    1.0000000000000000     
 mdl_ca__exp__3 =    1.0000000000000000     
 mdl_conjg__CKM1x1 =  ( 0.97418004031982097     , -0.0000000000000000     )
 mdl_conjg__CKM1x2 =  ( 0.22577256042856930     , -0.0000000000000000     )
 mdl_conjg__CKM2x1 =  (-0.22577256042856930     , -0.0000000000000000     )
 mdl_conjg__CKM2x2 =  ( 0.97418004031982097     , -0.0000000000000000     )
 mdl_conjg__kHdw =  (-0.26240500000000000     , -0.0000000000000000     )
 mdl_aEW =    7.8186082877247844E-003
 mdl_MW =    79.824359746197842     
 mdl_sqrt__aEW =    8.8422894590285753E-002
 mdl_ee =   0.31345100004952897     
 mdl_MW__exp__2 =    6371.9284088904105     
 mdl_sw2 =   0.23369913342182447     
 mdl_cw =   0.87538612427783857     
 mdl_sqrt__sw2 =   0.48342438232036300     
 mdl_sw =   0.48342438232036300     
 mdl_ad =  -0.12747442148678401     
 mdl_al =   -1.2074027013887732E-002
 mdl_an =   0.18517461872323218     
 mdl_au =    6.9774224250335873E-002
 mdl_bd =  -0.18517461872323218     
 mdl_bl =  -0.18517461872323218     
 mdl_bn =   0.18517461872323218     
 mdl_bu =   0.18517461872323218     
 mdl_gwwz =  -0.56759788318358417     
 mdl_g1 =   0.35807170271074895     
 mdl_gw =   0.64839716719502682     
 mdl_vev =    246.22056907348590     
 mdl_ee__exp__2 =    9.8251529432049817E-002
 mdl_gAaa =    1.3477023594718659E-005
 mdl_vev__exp__2 =    60624.568634871241     
 mdl_cw__exp__2 =   0.76630086657817542     
 mdl_gAza =    4.4999802188047602E-006
 mdl_gHaa =    2.6392504539657372E-005
 mdl_gHza =    3.9166441035016922E-005
 mdl_lam =    2.9690932909411916     
 mdl_yb =    2.6995322804122722E-002
 mdl_yt =   0.98791394091683138     
 mdl_ytau =    1.0206529494239589E-002
 mdl_muH =    424.26406871192853     
 mdl_sw__exp__2 =   0.23369913342182450     
  Internal Params evaluated point by point
  ----------------------------------------
  
 mdl_sqrt__aS =   0.34409301068170506     
 mdl_G__exp__2 =    1.4878582807401259     
 mdl_gAAgg =    3.1083017473614446E-007
 mdl_gAgg =    7.6532782508744533E-005
 mdl_gHgg =   -5.1021855005829691E-005
 mdl_gHHgg =    2.0722011649076294E-007
  Couplings of HC_UFO
  ---------------------------------
  
        GC_10 =  -0.00000E+00   0.00000E+00
        GC_13 =  -0.00000E+00  -0.20722E-06
        GC_62 =   0.00000E+00   0.00000E+00
        GC_64 =   0.00000E+00   0.00000E+00
         GC_1 =  -0.00000E+00  -0.10448E+00
         GC_2 =   0.00000E+00   0.20897E+00
         GC_3 =  -0.00000E+00  -0.31345E+00
         GC_9 =  -0.00000E+00  -0.00000E+00
        GC_16 =  -0.00000E+00  -0.00000E+00
        GC_17 =   0.00000E+00  -0.12074E-01
        GC_19 =  -0.00000E+00   0.18517E+00
        GC_21 =   0.00000E+00  -0.12747E+00
        GC_22 =   0.00000E+00   0.69774E-01
        GC_23 =  -0.00000E+00   0.18517E+00
        GC_24 =  -0.00000E+00  -0.18517E+00
        GC_61 =   0.00000E+00   0.00000E+00
        GC_66 =   0.00000E+00   0.00000E+00
        GC_77 =  -0.00000E+00  -0.28380E+00
        GC_78 =   0.00000E+00   0.28380E+00
        GC_89 =  -0.00000E+00  -0.28850E-01
        GC_90 =   0.00000E+00   0.86550E-01
        GC_98 =  -0.00000E+00  -0.21932E+03
       GC_100 =   0.00000E+00   0.33771E+01
       GC_101 =  -0.00000E+00  -0.00000E+00
       GC_102 =   0.00000E+00   0.00000E+00
       GC_105 =  -0.00000E+00  -0.00000E+00
       GC_106 =   0.00000E+00   0.00000E+00
        GC_35 =  -0.00000E+00  -0.20000E-03
        GC_38 =  -0.00000E+00  -0.00000E+00
        GC_40 =   0.00000E+00   0.52481E-04
        GC_42 =   0.00000E+00   0.10496E-03
        GC_43 =   0.00000E+00   0.50000E-04
        GC_45 =   0.00000E+00   0.50000E-04
        GC_49 =   0.00000E+00   0.50000E-04
        GC_56 =  -0.00000E+00  -0.94000E-03
        GC_58 =  -0.00000E+00  -0.35540E-03
        GC_68 =   0.00000E+00   0.00000E+00

 Collider parameters:
 --------------------

 Running at P P   machine @    13000.000000000000       GeV
 PDF set = nn23lo1
 alpha_s(Mz)= 0.1300 running at 2 loops.
 alpha_s(Mz)= 0.1300 running at 2 loops.
 Renormalization scale set on event-by-event basis
 Factorization   scale set on event-by-event basis


 getting user params
Enter number of events and max and min iterations: 
 Number of events and iterations         1000           5           3
Enter desired fractional accuracy: 
 Desired fractional accuracy:   0.10000000000000001     
Enter 0 for fixed, 2 for adjustable grid: 
Suppress amplitude (0 no, 1 yes)? 
 Using suppressed amplitude.
Exact helicity sum (0 yes, n = number/event)? 
 Explicitly summing over helicities
Enter Configuration Number: 
Running Configuration Number:   26
 Not subdividing B.W.
 Attempting mappinvarients           1           8
 Completed mapping           8
 about to integrate           16        1000           5           3          16           1
 Using non-zero grid deformation.
 16 dimensions   1000 events 16 invarients  5 iterations  1 config(s),  (0.99)
 Using h-tuple random number sequence.
 Error opening grid
 Using Uniform Grid!          32
 Using uniform alpha   1.0000000000000000     
 Grid defined OK
 Set CM energy to      13000.00
 Mapping Graph          26  to config          26
 Setting BW          -1           1   91.187600000000003     
Setting grid   2    0.74739E-07   1
 Setting BW          -3           2   600.00000000000000     
 Setting BW          -4           3   91.187600000000003     
Setting grid   5    0.17101E-04   1
 Transforming s_hat 1/s           15   2.5115575576956360E-003   167.80611599999997        168999999.99999997     
  26   1   2   3   4   5   6   7   8   9  10  11  12  13  14
  15  16
 Masses: 0.470E+01 0.470E+01 0.470E+01 0.470E+01 0.178E+01 0.178E+01 0.000E+00 0.000E+00
Using random seed offsets    26 :     19
  with seed                   24
 Ranmar initialization seeds       31084        9416
 
 ********************************************
 * You are using the DiscreteSampler module *
 *      part of the MG5_aMC framework       *
 *         Author: Valentin Hirschi         *
 ********************************************
 
  Particle       3       4       5       6       7       8
      Et >     0.0     0.0     0.0     0.0     0.0     0.0
       E >     0.0     0.0     0.0     0.0     0.0     0.0
     Eta <    -1.0    -1.0    -1.0    -1.0    -1.0    -1.0
   xqcut:      0.0     0.0     0.0     0.0     0.0     0.0
d R # 3  >    -0.0     0.0     0.0     0.0     0.0     0.0
d R # 4  >    -0.0    -0.0     0.0     0.0     0.0     0.0
d R # 5  >    -0.0    -0.0    -0.0     0.0     0.0     0.0
d R # 6  >    -0.0    -0.0    -0.0    -0.0     0.0     0.0
d R # 7  >    -0.0    -0.0    -0.0    -0.0    -0.0     0.0
s min # 3>     0.0    88.4    42.0    42.0    22.1     0.0
s min # 4>     0.0     0.0    42.0    42.0    22.1     0.0
s min # 5>     0.0     0.0     0.0    12.6     3.2     0.0
s min # 6>     0.0     0.0     0.0     0.0     3.2     0.0
s min # 7>     0.0     0.0     0.0     0.0     0.0     0.0
xqcutij # 3>     0.0     0.0     0.0     0.0     0.0     0.0
xqcutij # 4>     0.0     0.0     0.0     0.0     0.0     0.0
xqcutij # 5>     0.0     0.0     0.0     0.0     0.0     0.0
xqcutij # 6>     0.0     0.0     0.0     0.0     0.0     0.0
xqcutij # 7>     0.0     0.0     0.0     0.0     0.0     0.0
 No cut BW           -1           1
 No cut BW           -3           2
 No cut BW           -4           3
 alpha_s for scale    229.21367633671980       is   0.11271944186120890     
 Added good helicity            1   6.6304842013179006E-003  in event            1 local:           1
 Added good helicity            4  0.64204030249754351       in event            1 local:           1
 Added good helicity            5   1.2921844924848110E-003  in event            1 local:           1
 Added good helicity            8   2.0633284386892118E-004  in event            1 local:           1
 Added good helicity            9   1.0791666403312155E-003  in event            1 local:           1
 Added good helicity           12   2.6688868342945432E-004  in event            1 local:           1
 Added good helicity           13   2.4134116438933542       in event            1 local:           1
 Added good helicity           16   1.0464445036612209E-003  in event            1 local:           1
 Added good helicity           17   4.4338672819530749E-005  in event            1 local:           1
 Added good helicity           20   4.2933840191841273E-003  in event            1 local:           1
 Added good helicity           21   8.6409594978549873E-006  in event            1 local:           1
 Added good helicity           24   1.3797671751346610E-006  in event            1 local:           1
 Added good helicity           25   7.2164890422161511E-006  in event            1 local:           1
 Added good helicity           28   1.7847097820490707E-006  in event            1 local:           1
 Added good helicity           29   1.6138711142115982E-002  in event            1 local:           1
 Added good helicity           32   6.9976730300343478E-006  in event            1 local:           1
 Added good helicity           33   1.8690812765980588E-005  in event            1 local:           1
 Added good helicity           36   1.8098610475249918E-003  in event            1 local:           1
 Added good helicity           37   3.6425663156450494E-006  in event            1 local:           1
 Added good helicity           40   5.8163603669544606E-007  in event            1 local:           1
 Added good helicity           41   3.0420857670867978E-006  in event            1 local:           1
 Added good helicity           44   7.5233817921585384E-007  in event            1 local:           1
 Added good helicity           45   6.8032173508960556E-003  in event            1 local:           1
 Added good helicity           48   2.9498446409138188E-006  in event            1 local:           1
 Added good helicity           49   5.7977307337944608E-004  in event            1 local:           1
 Added good helicity           52   5.6140346332245648E-002  in event            1 local:           1
 Added good helicity           53   1.1298930090690356E-004  in event            1 local:           1
 Added good helicity           56   1.8041853867207529E-005  in event            1 local:           1
 Added good helicity           57   9.4362906351400306E-005  in event            1 local:           1
 Added good helicity           60   2.3336888761658329E-005  in event            1 local:           1
 Added good helicity           61  0.21103000077003045       in event            1 local:           1
 Added good helicity           64   9.1501665276286321E-005  in event            1 local:           1
 Added good helicity           65   7.7521839953141446E-003  in event            1 local:           1
 Added good helicity           68  0.75065627279208647       in event            1 local:           1
 Added good helicity           69   1.5107873931202215E-003  in event            1 local:           1
 Added good helicity           72   2.4123881776693976E-004  in event            1 local:           1
 Added good helicity           73   1.2617326432645369E-003  in event            1 local:           1
 Added good helicity           76   3.1203907850365482E-004  in event            1 local:           1
 Added good helicity           77   2.8216960559496003       in event            1 local:           1
 Added good helicity           80   1.2234748001744061E-003  in event            1 local:           1
 Added good helicity           81   2.9167122475779068E-005  in event            1 local:           1
 Added good helicity           84   2.8242987342628691E-003  in event            1 local:           1
 Added good helicity           85   5.6842460081747350E-006  in event            1 local:           1
 Added good helicity           88   9.0764643202142578E-007  in event            1 local:           1
 Added good helicity           89   4.7471926053393267E-006  in event            1 local:           1
 Added good helicity           92   1.1740281223261296E-006  in event            1 local:           1
 Added good helicity           93   1.0616460406906232E-002  in event            1 local:           1
 Added good helicity           96   4.6032497892576313E-006  in event            1 local:           1
 Added good helicity           97   2.8930730748655254E-005  in event            1 local:           1
 Added good helicity          100   2.8014085483605584E-003  in event            1 local:           1
 Added good helicity          101   5.6381767144902081E-006  in event            1 local:           1
 Added good helicity          104   9.0029020043356504E-007  in event            1 local:           1
 Added good helicity          105   4.7087178788764226E-006  in event            1 local:           1
 Added good helicity          108   1.1645129383802646E-006  in event            1 local:           1
 Added good helicity          109   1.0530416834606135E-002  in event            1 local:           1
 Added good helicity          112   4.5659416808225708E-006  in event            1 local:           1
 Added good helicity          113   2.4969791893831916E-004  in event            1 local:           1
 Added good helicity          116   2.4178645562008948E-002  in event            1 local:           1
 Added good helicity          117   4.8662476051702672E-005  in event            1 local:           1
 Added good helicity          120   7.7703045748083115E-006  in event            1 local:           1
 Added good helicity          121   4.0640420231270867E-005  in event            1 local:           1
 Added good helicity          124   1.0050781634812832E-005  in event            1 local:           1
 Added good helicity          125   9.0886856332739352E-002  in event            1 local:           1
 Added good helicity          128   3.9408134747793130E-005  in event            1 local:           1
 Added good helicity          129   5.3160664513511174E-003  in event            1 local:           1
 Added good helicity          132  0.51476314683686397       in event            1 local:           1
 Added good helicity          133   1.0360236780428940E-003  in event            1 local:           1
 Added good helicity          136   1.6542971460295749E-004  in event            1 local:           1
 Added good helicity          137   8.6523418168190107E-004  in event            1 local:           1
 Added good helicity          140   2.1398105072667012E-004  in event            1 local:           1
 Added good helicity          141   1.9349803549568065       in event            1 local:           1
 Added good helicity          144   8.3899883480733836E-004  in event            1 local:           1
 Added good helicity          145   2.0145649048661165E-005  in event            1 local:           1
 Added good helicity          148   1.9507351524404345E-003  in event            1 local:           1
 Added good helicity          149   3.9260926504503469E-006  in event            1 local:           1
 Added good helicity          152   6.2690882499490437E-007  in event            1 local:           1
 Added good helicity          153   3.2788725138375536E-006  in event            1 local:           1
 Added good helicity          156   8.1089790551952931E-007  in event            1 local:           1
 Added good helicity          157   7.3327591939913008E-003  in event            1 local:           1
 Added good helicity          160   3.1794516176464424E-006  in event            1 local:           1
 Added good helicity          161   1.9806930128201581E-005  in event            1 local:           1
 Added good helicity          164   1.9179364620958779E-003  in event            1 local:           1
 Added good helicity          165   3.8600812818926667E-006  in event            1 local:           1
 Added good helicity          168   6.1636829190431345E-007  in event            1 local:           1
 Added good helicity          169   3.2237431826589470E-006  in event            1 local:           1
 Added good helicity          172   7.9726387156524731E-007  in event            1 local:           1
 Added good helicity          173   7.2094698290182868E-003  in event            1 local:           1
 Added good helicity          176   3.1259938999535891E-006  in event            1 local:           1
 Added good helicity          177   1.7121508551667540E-004  in event            1 local:           1
 Added good helicity          180   1.6579028312203748E-002  in event            1 local:           1
 Added good helicity          181   3.3367318534615311E-005  in event            1 local:           1
 Added good helicity          184   5.3280114144445675E-006  in event            1 local:           1
 Added good helicity          185   2.7866684091386095E-005  in event            1 local:           1
 Added good helicity          188   6.8917091677443958E-006  in event            1 local:           1
 Added good helicity          189   6.2320106413044349E-002  in event            1 local:           1
 Added good helicity          192   2.7021719642616603E-005  in event            1 local:           1
 Added good helicity          193  0.52317465807137931       in event            1 local:           1
 Added good helicity          196   50.659832001474712       in event            1 local:           1
 Added good helicity          197  0.10195909672577264       in event            1 local:           1
 Added good helicity          200   1.6280577973258999E-002  in event            1 local:           1
 Added good helicity          201   8.5151041902053221E-002  in event            1 local:           1
 Added good helicity          204   2.1058702721676332E-002  in event            1 local:           1
 Added good helicity          205   190.42889979715565       in event            1 local:           1
 Added good helicity          208   8.2569119957304968E-002  in event            1 local:           1
 Added good helicity          209   2.1411640122603326E-003  in event            1 local:           1
 Added good helicity          212  0.20733230762471835       in event            1 local:           1
 Added good helicity          213   4.1728158132997692E-004  in event            1 local:           1
 Added good helicity          216   6.6630497325014602E-005  in event            1 local:           1
 Added good helicity          217   3.4849231268054486E-004  in event            1 local:           1
 Added good helicity          220   8.6185627910116144E-005  in event            1 local:           1
 Added good helicity          221  0.77935637907822553       in event            1 local:           1
 Added good helicity          224   3.3792544315567160E-004  in event            1 local:           1
 Added good helicity          225   1.2918962125358423E-003  in event            1 local:           1
 Added good helicity          228  0.12509635946754513       in event            1 local:           1
 Added good helicity          229   2.5177169585998966E-004  in event            1 local:           1
 Added good helicity          232   4.0202285598241222E-005  in event            1 local:           1
 Added good helicity          233   2.1026689047261675E-004  in event            1 local:           1
 Added good helicity          236   5.2001101099472827E-005  in event            1 local:           1
 Added good helicity          237  0.47023373668788832       in event            1 local:           1
 Added good helicity          240   2.0389124683234638E-004  in event            1 local:           1
 Added good helicity          241   6.1582179685740748E-003  in event            1 local:           1
 Added good helicity          244  0.59631001407155615       in event            1 local:           1
 Added good helicity          245   1.2001467040297087E-003  in event            1 local:           1
 Added good helicity          248   1.9163647601603835E-004  in event            1 local:           1
 Added good helicity          249   1.0023013695217721E-003  in event            1 local:           1
 Added good helicity          252   2.4787913461548754E-004  in event            1 local:           1
 Added good helicity          253   2.2415127613207884       in event            1 local:           1
 Added good helicity          256   9.7190991636496641E-004  in event            1 local:           1
 Added good helicity            1   6.6304842013178589E-003  in event            1 local:           1
 Added good helicity            4  0.64204030249754240       in event            1 local:           1
 Added good helicity            5   1.2921844924848054E-003  in event            1 local:           1
 Added good helicity            8   2.0633284386891983E-004  in event            1 local:           1
 Added good helicity            9   1.0791666403312100E-003  in event            1 local:           1
 Added good helicity           12   2.6688868342945301E-004  in event            1 local:           1
 Added good helicity           13   2.4134116438933506       in event            1 local:           1
 Added good helicity           16   1.0464445036612229E-003  in event            1 local:           1
 Added good helicity           17   4.4338672819530532E-005  in event            1 local:           1
 Added good helicity           20   4.2933840191841308E-003  in event            1 local:           1
 Added good helicity           21   8.6409594978549788E-006  in event            1 local:           1
 Added good helicity           24   1.3797671751346568E-006  in event            1 local:           1
 Added good helicity           25   7.2164890422161341E-006  in event            1 local:           1
 Added good helicity           28   1.7847097820490675E-006  in event            1 local:           1
 Added good helicity           29   1.6138711142116000E-002  in event            1 local:           1
 Added good helicity           32   6.9976730300343757E-006  in event            1 local:           1
 Added good helicity           33   1.8690812765980429E-005  in event            1 local:           1
 Added good helicity           36   1.8098610475249836E-003  in event            1 local:           1
 Added good helicity           37   3.6425663156450257E-006  in event            1 local:           1
 Added good helicity           40   5.8163603669544055E-007  in event            1 local:           1
 Added good helicity           41   3.0420857670867758E-006  in event            1 local:           1
 Added good helicity           44   7.5233817921584844E-007  in event            1 local:           1
 Added good helicity           45   6.8032173508960243E-003  in event            1 local:           1
 Added good helicity           48   2.9498446409138201E-006  in event            1 local:           1
 Added good helicity           49   5.7977307337944283E-004  in event            1 local:           1
 Added good helicity           52   5.6140346332245607E-002  in event            1 local:           1
 Added good helicity           53   1.1298930090690323E-004  in event            1 local:           1
 Added good helicity           56   1.8041853867207431E-005  in event            1 local:           1
 Added good helicity           57   9.4362906351399940E-005  in event            1 local:           1
 Added good helicity           60   2.3336888761658254E-005  in event            1 local:           1
 Added good helicity           61  0.21103000077003026       in event            1 local:           1
 Added good helicity           64   9.1501665276286524E-005  in event            1 local:           1
 Added good helicity           65   7.7521839953141117E-003  in event            1 local:           1
 Added good helicity           68  0.75065627279208624       in event            1 local:           1
 Added good helicity           69   1.5107873931202173E-003  in event            1 local:           1
 Added good helicity           72   2.4123881776693873E-004  in event            1 local:           1
 Added good helicity           73   1.2617326432645326E-003  in event            1 local:           1
 Added good helicity           76   3.1203907850365389E-004  in event            1 local:           1
 Added good helicity           77   2.8216960559496007       in event            1 local:           1
 Added good helicity           80   1.2234748001744096E-003  in event            1 local:           1
 Added good helicity           81   2.9167122475779098E-005  in event            1 local:           1
 Added good helicity           84   2.8242987342628856E-003  in event            1 local:           1
 Added good helicity           85   5.6842460081747537E-006  in event            1 local:           1
 Added good helicity           88   9.0764643202142727E-007  in event            1 local:           1
 Added good helicity           89   4.7471926053393436E-006  in event            1 local:           1
 Added good helicity           92   1.1740281223261334E-006  in event            1 local:           1
 Added good helicity           93   1.0616460406906295E-002  in event            1 local:           1
 Added good helicity           96   4.6032497892576745E-006  in event            1 local:           1
 Added good helicity           97   2.8930730748654708E-005  in event            1 local:           1
 Added good helicity          100   2.8014085483605185E-003  in event            1 local:           1
 Added good helicity          101   5.6381767144901141E-006  in event            1 local:           1
 Added good helicity          104   9.0029020043354779E-007  in event            1 local:           1
 Added good helicity          105   4.7087178788763439E-006  in event            1 local:           1
 Added good helicity          108   1.1645129383802441E-006  in event            1 local:           1
 Added good helicity          109   1.0530416834605989E-002  in event            1 local:           1
 Added good helicity          112   4.5659416808225225E-006  in event            1 local:           1
 Added good helicity          113   2.4969791893831911E-004  in event            1 local:           1
 Added good helicity          116   2.4178645562009084E-002  in event            1 local:           1
 Added good helicity          117   4.8662476051702828E-005  in event            1 local:           1
 Added good helicity          120   7.7703045748083149E-006  in event            1 local:           1
 Added good helicity          121   4.0640420231270989E-005  in event            1 local:           1
 Added good helicity          124   1.0050781634812852E-005  in event            1 local:           1
 Added good helicity          125   9.0886856332739796E-002  in event            1 local:           1
 Added good helicity          128   3.9408134747793448E-005  in event            1 local:           1
 Added good helicity          129   5.3160664513510732E-003  in event            1 local:           1
 Added good helicity          132  0.51476314683686220       in event            1 local:           1
 Added good helicity          133   1.0360236780428877E-003  in event            1 local:           1
 Added good helicity          136   1.6542971460295616E-004  in event            1 local:           1
 Added good helicity          137   8.6523418168189575E-004  in event            1 local:           1
 Added good helicity          140   2.1398105072666879E-004  in event            1 local:           1
 Added good helicity          141   1.9349803549567997       in event            1 local:           1
 Added good helicity          144   8.3899883480733869E-004  in event            1 local:           1
 Added good helicity          145   2.0145649048661182E-005  in event            1 local:           1
 Added good helicity          148   1.9507351524404434E-003  in event            1 local:           1
 Added good helicity          149   3.9260926504503579E-006  in event            1 local:           1
 Added good helicity          152   6.2690882499490480E-007  in event            1 local:           1
 Added good helicity          153   3.2788725138375616E-006  in event            1 local:           1
 Added good helicity          156   8.1089790551953132E-007  in event            1 local:           1
 Added good helicity          157   7.3327591939913398E-003  in event            1 local:           1
 Added good helicity          160   3.1794516176464720E-006  in event            1 local:           1
 Added good helicity          161   1.9806930128201269E-005  in event            1 local:           1
 Added good helicity          164   1.9179364620958536E-003  in event            1 local:           1
 Added good helicity          165   3.8600812818926150E-006  in event            1 local:           1
 Added good helicity          168   6.1636829190430317E-007  in event            1 local:           1
 Added good helicity          169   3.2237431826588988E-006  in event            1 local:           1
 Added good helicity          172   7.9726387156523482E-007  in event            1 local:           1
 Added good helicity          173   7.2094698290182035E-003  in event            1 local:           1
 Added good helicity          176   3.1259938999535641E-006  in event            1 local:           1
 Added good helicity          177   1.7121508551667413E-004  in event            1 local:           1
 Added good helicity          180   1.6579028312203689E-002  in event            1 local:           1
 Added good helicity          181   3.3367318534615122E-005  in event            1 local:           1
 Added good helicity          184   5.3280114144445311E-006  in event            1 local:           1
 Added good helicity          185   2.7866684091385929E-005  in event            1 local:           1
 Added good helicity          188   6.8917091677443509E-006  in event            1 local:           1
 Added good helicity          189   6.2320106413044182E-002  in event            1 local:           1
 Added good helicity          192   2.7021719642616620E-005  in event            1 local:           1
 Added good helicity          193  0.52317465807137564       in event            1 local:           1
 Added good helicity          196   50.659832001474683       in event            1 local:           1
 Added good helicity          197  0.10195909672577239       in event            1 local:           1
 Added good helicity          200   1.6280577973258919E-002  in event            1 local:           1
 Added good helicity          201   8.5151041902052874E-002  in event            1 local:           1
 Added good helicity          204   2.1058702721676266E-002  in event            1 local:           1
 Added good helicity          205   190.42889979715571       in event            1 local:           1
 Added good helicity          208   8.2569119957305204E-002  in event            1 local:           1
 Added good helicity          209   2.1411640122603239E-003  in event            1 local:           1
 Added good helicity          212  0.20733230762471863       in event            1 local:           1
 Added good helicity          213   4.1728158132997632E-004  in event            1 local:           1
 Added good helicity          216   6.6630497325014440E-005  in event            1 local:           1
 Added good helicity          217   3.4849231268054438E-004  in event            1 local:           1
 Added good helicity          220   8.6185627910115967E-005  in event            1 local:           1
 Added good helicity          221  0.77935637907822630       in event            1 local:           1
 Added good helicity          224   3.3792544315567349E-004  in event            1 local:           1
 Added good helicity          225   1.2918962125358332E-003  in event            1 local:           1
 Added good helicity          228  0.12509635946754480       in event            1 local:           1
 Added good helicity          229   2.5177169585998847E-004  in event            1 local:           1
 Added good helicity          232   4.0202285598240911E-005  in event            1 local:           1
 Added good helicity          233   2.1026689047261564E-004  in event            1 local:           1
 Added good helicity          236   5.2001101099472536E-005  in event            1 local:           1
 Added good helicity          237  0.47023373668788732       in event            1 local:           1
 Added good helicity          240   2.0389124683234633E-004  in event            1 local:           1
 Added good helicity          241   6.1582179685740340E-003  in event            1 local:           1
 Added good helicity          244  0.59631001407155426       in event            1 local:           1
 Added good helicity          245   1.2001467040297031E-003  in event            1 local:           1
 Added good helicity          248   1.9163647601603713E-004  in event            1 local:           1
 Added good helicity          249   1.0023013695217677E-003  in event            1 local:           1
 Added good helicity          252   2.4787913461548630E-004  in event            1 local:           1
 Added good helicity          253   2.2415127613207830       in event            1 local:           1
 Added good helicity          256   9.7190991636496706E-004  in event            1 local:           1
 RESET CUMULATIVE VARIABLE
 RESET CUMULATIVE VARIABLE
 RESET CUMULATIVE VARIABLE
 No points passed cuts!
 Loosen cuts or increase max_events      500000
 Deleting file events.lhe

ls status:
events.lhe
grid_information
input_app.txt
results.dat
run1_app.log
