 Process in group number            1
 A PDF is used, so alpha_s(MZ) is going to be modified
 Old value of alpha_s from param_card:   0.11839999999999999     
  ****************************************
 
       NNPDFDriver version 1.0.3
   Grid: NNPDF23_lo_as_0130_qed_mem0.grid
  ****************************************
 New value of alpha_s from PDF nn23lo1:  0.13000000000000000     
 Define smin to   0.0000000000000000     
 Define smin to   0.0000000000000000     
 Define smin to   0.0000000000000000     
 Define smin to   0.0000000000000000     
 Define smin to   0.0000000000000000     
 Define smin to   0.0000000000000000     
 Define smin to   0.0000000000000000     
 Define smin to   0.0000000000000000     
 Define smin to   0.0000000000000000     
 Define smin to   0.0000000000000000     
 Define smin to   0.0000000000000000     
 Define smin to   0.0000000000000000     
 Define smin to   0.0000000000000000     
 Define smin to   0.0000000000000000     
 Define smin to   0.0000000000000000     
 Define smin to   0.0000000000000000     
 Define smin to   0.0000000000000000     
 Define smin to   0.0000000000000000     
 Define smin to   0.0000000000000000     
 Define smin to   0.0000000000000000     
 Define smin to   0.0000000000000000     
 Define smin to   0.0000000000000000     
 Define smin to   0.0000000000000000     
 Define smin to   0.0000000000000000     
 Define smin to   0.0000000000000000     
 Define smin to   0.0000000000000000     
 Define smin to   0.0000000000000000     
 Define smin to   0.0000000000000000     
 Define smin to   0.0000000000000000     
 Define smin to   0.0000000000000000     
 Define smin to   0.0000000000000000     
 Define smin to   0.0000000000000000     
 Define smin to   0.0000000000000000     
 Define smin to   0.0000000000000000     
 Define smin to   0.0000000000000000     
 Define smin to   0.0000000000000000     
 Define smin to   0.0000000000000000     
 Define smin to   0.0000000000000000     
 Define smin to   0.0000000000000000     
 Define smin to   0.0000000000000000     
 Warning: pt or E min of a jet should in general be >0
 Warning: pt or E min of a jet should in general be >0
 Warning: pt or E min of a jet should in general be >0
 Warning: pt or E min of a jet should in general be >0
 *****************************************************
 *               MadGraph/MadEvent                   *
 *        --------------------------------           *
 *          http://madgraph.hep.uiuc.edu             *
 *          http://madgraph.phys.ucl.ac.be           *
 *          http://madgraph.roma2.infn.it            *
 *        --------------------------------           *
 *                                                   *
 *          PARAMETER AND COUPLING VALUES            *
 *                                                   *
 *****************************************************

  External Params
  ---------------------------------
  
 mdl_cabi =   0.22773599999999999     
 mdl_rhoH =    5.0000000000000003E-002
 mdl_Lambda =    5000.0000000000000     
 mdl_fW =    0.0000000000000000     
 mdl_fWW =   -4520.4600000000000     
 mdl_fB =    0.0000000000000000     
 mdl_fBB =    0.0000000000000000     
 aEWM1 =    127.90000000000001     
 mdl_Gf =    1.1663700000000000E-005
 aS =   0.11839999999999999     
 mdl_ymb =    4.7000000000000002     
 mdl_ymt =    172.00000000000000     
 mdl_ymtau =    1.7769999999999999     
 mdl_MZ =    91.187600000000003     
 mdl_MTA =    1.7769999999999999     
 mdl_MT =    172.00000000000000     
 mdl_MB =    4.7000000000000002     
 mdl_MH =    125.00000000000000     
 mdl_MHH =    600.00000000000000     
 mdl_WZ =    2.4952000000000001     
 mdl_WW =    2.0850000000000000     
 mdl_WT =    1.5083359999999999     
 mdl_WH =    4.0699999999999998E-003
 mdl_WHH =    0.0000000000000000     
  Internal Params
  ---------------------------------
  
 mdl_cos__cabi =   0.97418004031982097     
 mdl_CKM1x1 =  ( 0.97418004031982097     ,  0.0000000000000000     )
 mdl_sin__cabi =   0.22577256042856930     
 mdl_CKM1x2 =  ( 0.22577256042856930     ,  0.0000000000000000     )
 mdl_CKM2x1 =  (-0.22577256042856930     ,  0.0000000000000000     )
 mdl_CKM2x2 =  ( 0.97418004031982097     ,  0.0000000000000000     )
 mdl_MZ__exp__2 =    8315.1783937600012     
 mdl_MZ__exp__4 =    69142191.720053151     
 mdl_sqrt__2 =    1.4142135623730951     
 mdl_Lambda__exp__2 =    25000000.000000000     
 mdl_MH__exp__2 =    15625.000000000000     
 mdl_complexi =  (  0.0000000000000000     ,  1.0000000000000000     )
 mdl_conjg__CKM1x1 =  ( 0.97418004031982097     , -0.0000000000000000     )
 mdl_conjg__CKM1x2 =  ( 0.22577256042856930     , -0.0000000000000000     )
 mdl_conjg__CKM2x1 =  (-0.22577256042856930     , -0.0000000000000000     )
 mdl_conjg__CKM2x2 =  ( 0.97418004031982097     , -0.0000000000000000     )
 mdl_aEW =    7.8186082877247844E-003
 mdl_MW =    79.824359746197842     
 mdl_sqrt__aEW =    8.8422894590285753E-002
 mdl_ee =   0.31345100004952897     
 mdl_MW__exp__2 =    6371.9284088904105     
 mdl_sw2 =   0.23369913342182447     
 mdl_cw =   0.87538612427783857     
 mdl_sqrt__sw2 =   0.48342438232036300     
 mdl_sw =   0.48342438232036300     
 mdl_g1 =   0.35807170271074895     
 mdl_gw =   0.64839716719502682     
 mdl_vev =    246.22056907348590     
 mdl_gHWW =    2.5878944366295706     
 mdl_gHWW1 =    0.0000000000000000     
 mdl_gHWW2 =    4.6793893140026040E-004
 mdl_cw__exp__2 =   0.76630086657817542     
 mdl_gHZZ =    1.6885629062286611     
 mdl_sw__exp__2 =   0.23369913342182450     
 mdl_gHZZ1 =    0.0000000000000000     
 mdl_cw__exp__4 =   0.58721701811846261     
 mdl_sw__exp__4 =    5.4615284962111724E-002
 mdl_gHZZ2 =    1.7929100431884245E-004
 mdl_vev__exp__2 =    60624.568634871241     
 mdl_lam =   0.12886689630821144     
 mdl_yb =    2.6995322804122722E-002
 mdl_yt =   0.98791394091683138     
 mdl_ytau =    1.0206529494239589E-002
 mdl_muH =    88.388347648318444     
 mdl_I1a33 =  (  2.6995322804122722E-002,  0.0000000000000000     )
 mdl_I2a33 =  ( 0.98791394091683138     ,  0.0000000000000000     )
 mdl_I3a33 =  ( 0.98791394091683138     ,  0.0000000000000000     )
 mdl_I4a33 =  (  2.6995322804122722E-002,  0.0000000000000000     )
 mdl_ee__exp__2 =    9.8251529432049817E-002
  Internal Params evaluated point by point
  ----------------------------------------
  
 mdl_sqrt__aS =   0.34409301068170506     
 mdl_G__exp__2 =    1.4878582807401259     
  Couplings of SMwithHeavyScalarDim4Dim6_NoDecay_UFO
  ---------------------------------
  
        GC_13 =   0.00000E+00   0.25879E+01
        GC_14 =  -0.00000E+00  -0.00000E+00
        GC_15 =   0.00000E+00   0.93588E-03
        GC_16 =   0.00000E+00   0.33771E+01
        GC_17 =  -0.00000E+00  -0.00000E+00
        GC_18 =   0.00000E+00   0.71716E-03
        GC_33 =   0.00000E+00   0.44665E+00
        GC_34 =   0.00000E+00   0.10351E+00
        GC_35 =  -0.00000E+00  -0.10351E+00
        GC_36 =   0.00000E+00   0.44665E+00
        GC_37 =  -0.00000E+00  -0.28380E+00
        GC_38 =   0.00000E+00   0.28380E+00
        GC_45 =  -0.00000E+00  -0.28850E-01
        GC_46 =   0.00000E+00   0.86550E-01
        GC_77 =   0.00000E+00   0.44665E+00
        GC_78 =   0.00000E+00   0.10351E+00
        GC_79 =   0.00000E+00  -0.10351E+00
        GC_80 =   0.00000E+00   0.44665E+00

 Collider parameters:
 --------------------

 Running at P P   machine @    13000.000000000000       GeV
 PDF set = nn23lo1
 alpha_s(Mz)= 0.1300 running at 2 loops.
 alpha_s(Mz)= 0.1300 running at 2 loops.
 Renormalization scale set on event-by-event basis
 Factorization   scale set on event-by-event basis


 getting user params
Enter number of events and max and min iterations: 
 Number of events and iterations         1000           5           3
Enter desired fractional accuracy: 
 Desired fractional accuracy:   0.10000000000000001     
Enter 0 for fixed, 2 for adjustable grid: 
Suppress amplitude (0 no, 1 yes)? 
 Using suppressed amplitude.
Exact helicity sum (0 yes, n = number/event)? 
 Explicitly summing over helicities
Enter Configuration Number: 
Running Configuration Number:    3
 Using dconfig=          70
 BW Setting            1           2           1           2           0           0
 Attempting mappinvarients           1           8
 Completed mapping           8
 about to integrate           16        1000           5           3          16           1
 Using non-zero grid deformation.
 16 dimensions   1000 events 16 invarients  5 iterations  1 config(s),  (0.99)
 Using h-tuple random number sequence.
 fail to read data
 Error opening grid
 Using Uniform Grid!          32
 Using uniform alpha   1.0000000000000000     
 Grid defined OK
 Set CM energy to      13000.00
 Mapping Graph           3  to config           3
 Setting BW          -1           1   79.824359746197842     
Setting grid   2    0.59172E-08   1
Setting grid   3    0.28499E-04   1
 Setting BW          -4           3   91.187600000000003     
Setting grid   5    0.89752E-04   1
 Transforming s_hat 1/s           15   8.9752244767843679E-005   0.0000000000000000        168999999.99999997     
 Masses: 0.000E+00 0.000E+00 0.000E+00 0.000E+00 0.000E+00 0.000E+00 0.000E+00 0.000E+00
   3   1   2   3   4   5   6   7   8   9  10  11  12  13  14
  15  16
Using random seed offsets     3 :      1
  with seed                   75
 Ranmar initialization seeds        2987        9452
 
 ********************************************
 * You are using the DiscreteSampler module *
 *      part of the MG5_aMC framework       *
 *         Author: Valentin Hirschi         *
 ********************************************
 
  Particle       3       4       5       6       7       8
      Et >     0.0     0.0     0.0     0.0     0.0     0.0
       E >     0.0     0.0     0.0     0.0     0.0     0.0
     Eta <    -1.0    -1.0    -1.0    -1.0    -1.0    -1.0
   xqcut:      0.0     0.0     0.0     0.0     0.0     0.0
d R # 3  >    -0.0     0.0     0.0     0.0     0.0     0.0
d R # 4  >    -0.0    -0.0     0.0     0.0     0.0     0.0
d R # 5  >    -0.0    -0.0    -0.0     0.0     0.0     0.0
d R # 6  >    -0.0    -0.0    -0.0    -0.0     0.0     0.0
d R # 7  >    -0.0    -0.0    -0.0    -0.0    -0.0     0.0
s min # 3>     0.0     0.0     0.0     0.0     0.0     0.0
s min # 4>     0.0     0.0     0.0     0.0     0.0     0.0
s min # 5>     0.0     0.0     0.0     0.0     0.0     0.0
s min # 6>     0.0     0.0     0.0     0.0     0.0     0.0
s min # 7>     0.0     0.0     0.0     0.0     0.0     0.0
xqcutij # 3>     0.0     0.0     0.0     0.0     0.0     0.0
xqcutij # 4>     0.0     0.0     0.0     0.0     0.0     0.0
xqcutij # 5>     0.0     0.0     0.0     0.0     0.0     0.0
xqcutij # 6>     0.0     0.0     0.0     0.0     0.0     0.0
xqcutij # 7>     0.0     0.0     0.0     0.0     0.0     0.0
 Requiring BW           -1           1
 Excluding BW           -2           2
 Requiring BW           -4           3
 Excluding BW           -5           4
 alpha_s for scale    243.19137595769965       is   0.11176848849285474     
 Added good helicity            1   42.775132235337828       in event            1 local:           1
 Added good helicity            6   2.7660455540762192E-002  in event            1 local:           1
 Added good helicity           11  0.16639007918737730       in event            1 local:           1
 Added good helicity           16   3.0969822453060267E-003  in event            1 local:           1
 Added good helicity           49   6.9863817269199471       in event            1 local:           1
 Added good helicity           54   4.5177300700105314E-003  in event            1 local:           1
 Added good helicity           59   2.7176178027454659E-002  in event            1 local:           1
 Added good helicity           64   5.0582427304168094E-004  in event            1 local:           1
 Added good helicity          193   44.276651649950111       in event            1 local:           1
 Added good helicity          198   2.8631410131456887E-002  in event            1 local:           1
 Added good helicity          203  0.17223080769580540       in event            1 local:           1
 Added good helicity          208   3.2056944508569631E-003  in event            1 local:           1
 Added good helicity          241   160.78736180602297       in event            1 local:           1
 Added good helicity          246  0.10397283281985434       in event            1 local:           1
 Added good helicity          251  0.62544334675678270       in event            1 local:           1
 Added good helicity          256   1.1641240570414256E-002  in event            1 local:           1
 Added good helicity            1   42.775132235337800       in event            1 local:           1
 Added good helicity            6   2.7660455540762140E-002  in event            1 local:           1
 Added good helicity           11  0.16639007918737719       in event            1 local:           1
 Added good helicity           16   3.0969822453060245E-003  in event            1 local:           1
 Added good helicity           49   6.9863817269199568       in event            1 local:           1
 Added good helicity           54   4.5177300700105357E-003  in event            1 local:           1
 Added good helicity           59   2.7176178027454694E-002  in event            1 local:           1
 Added good helicity           64   5.0582427304168213E-004  in event            1 local:           1
 Added good helicity          193   44.276651649950125       in event            1 local:           1
 Added good helicity          198   2.8631410131456887E-002  in event            1 local:           1
 Added good helicity          203  0.17223080769580543       in event            1 local:           1
 Added good helicity          208   3.2056944508569631E-003  in event            1 local:           1
 Added good helicity          241   160.78736180602297       in event            1 local:           1
 Added good helicity          246  0.10397283281985427       in event            1 local:           1
 Added good helicity          251  0.62544334675678248       in event            1 local:           1
 Added good helicity          256   1.1641240570414255E-002  in event            1 local:           1
 RESET CUMULATIVE VARIABLE
 RESET CUMULATIVE VARIABLE
 RESET CUMULATIVE VARIABLE
 Iteration  1   Mean: 0.1784E-06 Abs mean: 0.1784E-06   Fluctuation:  0.160E-06   0.160E-03    29.5%
  1    0.1784E-06 0.1784E-06 +- 0.1602E-06     28.40
 Writing out events   1.2113288548871069E-010   28.404538230129766     
 Relative summed weights:
  0.0000E+00  0.0000E+00  0.0000E+00  0.0000E+00  0.8428E-03  0.3145E-01  0.2343E-06  0.2069E-07  0.2519E-15  0.1959E-11  0.2080E-13  0.0000E+00  0.1839E-04  0.4523E-06  0.0000E+00  0.0000E+00  0.7336E-05  0.4953E-03  0.1908E-08  0.2088E-08  0.4175E-09  0.5174E-20  0.8985E+00  0.5350E-01  0.0000E+00  0.7132E-09  0.8514E-10  0.7179E-14  0.0000E+00  0.0000E+00  0.9739E-10  0.4279E-13  0.1418E-07  0.3774E-13  0.2854E-03  0.2921E-04  0.0000E+00  0.0000E+00  0.0000E+00  0.0000E+00  0.0000E+00  0.0000E+00  0.0000E+00  0.0000E+00  0.3270E-05  0.1705E-04  0.7880E-14  0.1914E-13  0.3562E-10  0.5419E-04  0.0000E+00  0.0000E+00  0.1980E-04  0.3638E-09  0.0000E+00  0.0000E+00  0.6718E-02  0.4839E-03  0.3681E-18  0.4073E-15  0.2461E-16  0.3177E-07  0.1159E-04  0.4665E-02  0.0000E+00  0.0000E+00  0.6457E-13  0.3686E-05  0.0000E+00  0.0000E+00  0.1087E-13  0.7196E-10  0.4586E-13  0.1263E-02  0.1612E-02  0.1751E-06  0.0000E+00  0.0000E+00  0.0000E+00  0.0000E+00
 Relative number of events:
  0.0000E+00  0.0000E+00  0.0000E+00  0.0000E+00  0.5253E-01  0.5649E-01  0.2973E-02  0.9911E-03  0.9911E-03  0.3964E-02  0.9911E-03  0.0000E+00  0.2973E-02  0.4955E-02  0.0000E+00  0.0000E+00  0.5550E-01  0.5847E-01  0.3964E-02  0.4955E-02  0.1982E-02  0.9911E-03  0.5055E-01  0.6343E-01  0.0000E+00  0.9911E-03  0.1982E-02  0.2973E-02  0.0000E+00  0.0000E+00  0.1982E-02  0.2973E-02  0.9911E-03  0.2973E-02  0.5253E-01  0.6343E-01  0.0000E+00  0.0000E+00  0.0000E+00  0.0000E+00  0.0000E+00  0.0000E+00  0.0000E+00  0.0000E+00  0.5253E-01  0.6343E-01  0.3964E-02  0.2973E-02  0.2973E-02  0.6938E-02  0.0000E+00  0.0000E+00  0.3964E-02  0.2973E-02  0.0000E+00  0.0000E+00  0.5253E-01  0.6145E-01  0.9911E-03  0.2973E-02  0.1982E-02  0.1982E-02  0.6541E-01  0.5055E-01  0.0000E+00  0.0000E+00  0.1982E-02  0.2973E-02  0.0000E+00  0.0000E+00  0.1982E-02  0.3964E-02  0.9911E-03  0.3964E-02  0.5550E-01  0.5352E-01  0.0000E+00  0.0000E+00  0.0000E+00  0.0000E+00
 Events:
           0           0           0           0          53          57           3           1           1           4           1           0           3           5           0           0          56          59           4           5           2           1          51          64           0           1           2           3           0           0           2           3           1           3          53          64           0           0           0           0           0           0           0           0          53          64           4           3           3           7           0           0           4           3           0           0          53          62           1           3           2           2          66          51           0           0           2           3           0           0           2           4           1           4          56          54           0           0           0           0
 Iteration  2   Mean: 0.5541E-06 Abs mean: 0.5541E-06   Fluctuation:  0.399E-06   0.767E-03    68.1%
  2    0.5541E-06 0.5541E-06 +- 0.3994E-06     32.24
 Relative summed weights:
  0.0000E+00  0.0000E+00  0.0000E+00  0.0000E+00  0.1565E-01  0.7330E-03  0.4791E-03  0.4337E-03  0.6924E+00  0.3753E-08  0.0000E+00  0.5489E-11  0.9304E-05  0.1032E-07  0.9919E-14  0.0000E+00  0.7571E-02  0.2247E-03  0.6189E-06  0.3079E-04  0.6148E-05  0.3871E-08  0.4464E-02  0.5236E-03  0.0000E+00  0.3764E-08  0.1001E-05  0.5931E-04  0.1384E-11  0.0000E+00  0.1236E-07  0.1876E-02  0.5342E-06  0.6775E-06  0.1359E-01  0.2005E+00  0.0000E+00  0.0000E+00  0.0000E+00  0.0000E+00  0.0000E+00  0.0000E+00  0.0000E+00  0.0000E+00  0.2550E-02  0.1821E-02  0.4219E-05  0.1370E-05  0.5207E-04  0.3315E-05  0.1528E-04  0.0000E+00  0.1396E-06  0.4842E-05  0.0000E+00  0.0000E+00  0.2342E-01  0.2908E-02  0.2289E-07  0.2519E-06  0.7079E-07  0.2655E-07  0.6106E-02  0.3789E-02  0.0000E+00  0.9086E-12  0.2352E-05  0.4876E-12  0.1333E-05  0.0000E+00  0.6063E-04  0.6052E-02  0.1070E-06  0.1131E-07  0.1302E-01  0.1618E-02  0.0000E+00  0.0000E+00  0.0000E+00  0.0000E+00
 Relative number of events:
  0.0000E+00  0.0000E+00  0.0000E+00  0.0000E+00  0.6700E-01  0.5550E-01  0.2000E-02  0.3500E-02  0.3500E-02  0.3000E-02  0.0000E+00  0.5000E-03  0.2500E-02  0.1500E-02  0.5000E-03  0.0000E+00  0.5350E-01  0.4700E-01  0.5000E-02  0.2000E-02  0.3000E-02  0.1000E-02  0.5300E-01  0.5400E-01  0.0000E+00  0.5000E-03  0.5000E-02  0.1500E-02  0.5000E-03  0.0000E+00  0.3000E-02  0.4500E-02  0.1000E-02  0.4000E-02  0.4950E-01  0.5350E-01  0.0000E+00  0.0000E+00  0.0000E+00  0.0000E+00  0.0000E+00  0.0000E+00  0.0000E+00  0.0000E+00  0.6300E-01  0.5500E-01  0.5000E-02  0.3500E-02  0.2000E-02  0.2000E-02  0.1000E-02  0.0000E+00  0.5500E-02  0.2500E-02  0.0000E+00  0.0000E+00  0.6200E-01  0.6050E-01  0.3500E-02  0.3500E-02  0.3500E-02  0.4000E-02  0.5900E-01  0.5050E-01  0.0000E+00  0.5000E-03  0.5500E-02  0.5000E-03  0.1000E-02  0.0000E+00  0.3000E-02  0.2000E-02  0.4000E-02  0.2500E-02  0.5000E-01  0.6400E-01  0.0000E+00  0.0000E+00  0.0000E+00  0.0000E+00
 Events:
           0           0           0           0         134         111           4           7           7           6           0           1           5           3           1           0         107          94          10           4           6           2         106         108           0           1          10           3           1           0           6           9           2           8          99         107           0           0           0           0           0           0           0           0         126         110          10           7           4           4           2           0          11           5           0           0         124         121           7           7           7           8         118         101           0           1          11           1           2           0           6           4           8           5         100         128           0           0           0           0
 Iteration  3   Mean: 0.1460E-03 Abs mean: 0.1460E-03   Fluctuation:  0.143E-03   0.571E+00    86.3%
  3    0.1460E-03 0.1460E-03 +- 0.1428E-03     61.85
 Relative summed weights:
  0.0000E+00  0.0000E+00  0.0000E+00  0.0000E+00  0.1591E-03  0.1375E-03  0.7450E-08  0.9386E-07  0.1581E-08  0.1020E-07  0.1120E-09  0.0000E+00  0.7491E-07  0.1118E-04  0.3746E-10  0.0000E+00  0.1694E-04  0.1033E-03  0.3583E-06  0.4258E-08  0.1821E-07  0.4169E-08  0.1324E-03  0.2349E-03  0.2081E-11  0.0000E+00  0.9782E-07  0.3115E-04  0.1102E-10  0.0000E+00  0.1589E-08  0.3154E-04  0.1684E-09  0.4765E-05  0.6911E-04  0.1918E-01  0.0000E+00  0.0000E+00  0.0000E+00  0.0000E+00  0.0000E+00  0.0000E+00  0.0000E+00  0.0000E+00  0.1389E-04  0.4808E-04  0.4537E-09  0.3275E-06  0.1663E-06  0.7695E-09  0.0000E+00  0.0000E+00  0.4461E-07  0.7469E-08  0.1141E-11  0.5550E-10  0.1166E-03  0.3337E-04  0.2619E-06  0.1827E-08  0.1944E-05  0.1802E-06  0.1393E-03  0.1293E-03  0.0000E+00  0.5213E-10  0.1501E-02  0.5490E-05  0.0000E+00  0.2762E-14  0.6395E-07  0.8737E-08  0.2552E-04  0.1001E-05  0.7741E-04  0.9778E+00  0.0000E+00  0.0000E+00  0.0000E+00  0.0000E+00
 Relative number of events:
  0.0000E+00  0.0000E+00  0.0000E+00  0.0000E+00  0.5575E-01  0.5725E-01  0.3000E-02  0.3000E-02  0.3250E-02  0.2750E-02  0.2500E-03  0.0000E+00  0.3000E-02  0.3250E-02  0.7500E-03  0.0000E+00  0.5875E-01  0.5275E-01  0.2250E-02  0.3500E-02  0.3000E-02  0.2750E-02  0.5675E-01  0.5925E-01  0.2500E-03  0.0000E+00  0.3000E-02  0.5500E-02  0.5000E-03  0.0000E+00  0.2750E-02  0.2500E-02  0.1250E-02  0.4750E-02  0.5875E-01  0.5850E-01  0.0000E+00  0.0000E+00  0.0000E+00  0.0000E+00  0.0000E+00  0.0000E+00  0.0000E+00  0.0000E+00  0.5500E-01  0.5075E-01  0.3750E-02  0.4500E-02  0.3000E-02  0.2250E-02  0.0000E+00  0.0000E+00  0.3000E-02  0.2250E-02  0.2500E-03  0.5000E-03  0.5525E-01  0.5575E-01  0.2000E-02  0.2250E-02  0.3250E-02  0.2750E-02  0.5400E-01  0.5975E-01  0.0000E+00  0.2500E-03  0.2500E-02  0.4000E-02  0.0000E+00  0.2500E-03  0.3250E-02  0.3250E-02  0.3250E-02  0.3500E-02  0.5625E-01  0.5425E-01  0.0000E+00  0.0000E+00  0.0000E+00  0.0000E+00
 Events:
           0           0           0           0         223         229          12          12          13          11           1           0          12          13           3           0         235         211           9          14          12          11         227         237           1           0          12          22           2           0          11          10           5          19         235         234           0           0           0           0           0           0           0           0         220         203          15          18          12           9           0           0          12           9           1           2         221         223           8           9          13          11         216         239           0           1          10          16           0           1          13          13          13          14         225         217           0           0           0           0
 Accuracy:    1.216   0.100   0.487   6.228
 Found           86  events.
 Wrote            1  events.
 Actual xsec    3.6568560362228359E-005
 Correct abs xsec    3.6568560362228359E-005
 Event xsec    3.6568560362228359E-005
 Events wgts > 1:            0
 % Cross section > 1:    0.0000000000000000        0.0000000000000000     
 Iteration  4   Mean: 0.5921E-03 Abs mean: 0.5921E-03   Fluctuation:  0.503E-03   0.398E+01    93.1%
  4    0.5921E-03 0.5921E-03 +- 0.5033E-03     76.02
 Relative summed weights:
  0.0000E+00  0.0000E+00  0.0000E+00  0.0000E+00  0.8003E-04  0.3012E-03  0.8057E-06  0.4957E-08  0.3336E-08  0.7198E-08  0.0000E+00  0.2265E-17  0.1700E-08  0.4475E-07  0.1511E-09  0.0000E+00  0.2746E-04  0.1162E-01  0.4345E-08  0.1843E-08  0.3051E-08  0.4744E-07  0.9851E-04  0.1188E-03  0.6609E-15  0.0000E+00  0.3924E-09  0.6444E-06  0.0000E+00  0.1156E-10  0.1340E-06  0.4453E-06  0.6389E-07  0.1112E-08  0.1883E-03  0.3266E-02  0.0000E+00  0.0000E+00  0.0000E+00  0.0000E+00  0.0000E+00  0.0000E+00  0.0000E+00  0.0000E+00  0.2669E-03  0.1086E-02  0.8369E-08  0.2785E-08  0.5772E-08  0.4186E-09  0.3231E-04  0.1188E-11  0.1440E-06  0.1540E-05  0.0000E+00  0.6486E-18  0.7024E-02  0.8430E+00  0.7113E-06  0.1723E-06  0.2652E-04  0.2754E-05  0.1327E+00  0.2102E-04  0.8503E-12  0.4800E-12  0.2099E-06  0.6742E-08  0.1519E-12  0.1553E-12  0.6857E-04  0.5863E-10  0.4040E-05  0.5097E-08  0.7941E-04  0.3022E-05  0.0000E+00  0.0000E+00  0.0000E+00  0.0000E+00
 Relative number of events:
  0.0000E+00  0.0000E+00  0.0000E+00  0.0000E+00  0.5788E-01  0.5788E-01  0.2500E-02  0.2750E-02  0.3750E-02  0.3250E-02  0.0000E+00  0.1250E-03  0.2750E-02  0.2250E-02  0.1250E-03  0.0000E+00  0.5100E-01  0.5212E-01  0.3250E-02  0.3375E-02  0.3625E-02  0.3250E-02  0.5300E-01  0.5588E-01  0.1250E-03  0.0000E+00  0.2375E-02  0.2125E-02  0.0000E+00  0.3750E-03  0.2875E-02  0.3250E-02  0.3000E-02  0.3250E-02  0.5450E-01  0.5775E-01  0.0000E+00  0.0000E+00  0.0000E+00  0.0000E+00  0.0000E+00  0.0000E+00  0.0000E+00  0.0000E+00  0.5937E-01  0.5513E-01  0.3375E-02  0.3375E-02  0.2500E-02  0.3875E-02  0.2500E-03  0.2500E-03  0.3000E-02  0.3500E-02  0.0000E+00  0.1250E-03  0.5775E-01  0.5975E-01  0.2000E-02  0.3750E-02  0.3875E-02  0.2875E-02  0.5550E-01  0.5738E-01  0.2500E-03  0.2500E-03  0.3375E-02  0.3375E-02  0.2500E-03  0.2500E-03  0.4500E-02  0.3250E-02  0.3000E-02  0.1875E-02  0.5588E-01  0.5775E-01  0.0000E+00  0.0000E+00  0.0000E+00  0.0000E+00
 Events:
           0           0           0           0         463         463          20          22          30          26           0           1          22          18           1           0         408         417          26          27          29          26         424         447           1           0          19          17           0           3          23          26          24          26         436         462           0           0           0           0           0           0           0           0         475         441          27          27          20          31           2           2          24          28           0           1         462         478          16          30          31          23         444         459           2           2          27          27           2           2          36          26          24          15         447         462           0           0           0           0
 Accuracy:    0.816   0.100   0.423   3.722
 Found           21  events.
 Wrote            2  events.
 Actual xsec    2.2352289267248867E-004
 Correct abs xsec    2.2352289267248867E-004
 Event xsec    2.2352289267248867E-004
 Events wgts > 1:            0
 % Cross section > 1:    0.0000000000000000        0.0000000000000000     
 Iteration  5   Mean: 0.9917E-03 Abs mean: 0.9917E-03   Fluctuation:  0.568E-03   0.821E+01    92.8%
  5    0.9917E-03 0.9917E-03 +- 0.5677E-03     72.41
 Relative summed weights:
  0.0000E+00  0.0000E+00  0.0000E+00  0.0000E+00  0.7885E-03  0.1704E-02  0.2464E-05  0.5008E-06  0.7891E-06  0.2279E-06  0.1679E-10  0.7655E-11  0.7413E-05  0.6459E-07  0.1547E-15  0.0000E+00  0.2901E-02  0.4787E-01  0.1884E-06  0.2388E-05  0.4385E-04  0.4826E-07  0.3671E-01  0.2043E-02  0.1613E-11  0.7589E-12  0.1486E-02  0.8091E-03  0.2359E-09  0.6791E-12  0.4439E-06  0.5023E-06  0.5434E-05  0.3868E-08  0.1820E+00  0.3309E-02  0.0000E+00  0.0000E+00  0.0000E+00  0.0000E+00  0.0000E+00  0.0000E+00  0.0000E+00  0.0000E+00  0.2758E-02  0.2865E-02  0.2266E-05  0.1278E-04  0.5064E-08  0.1537E-05  0.1258E-10  0.2182E-07  0.1981E-04  0.3639E-06  0.2980E-10  0.1455E-09  0.4039E-01  0.1079E-02  0.1236E-05  0.6291E-07  0.1573E-04  0.3725E-05  0.4937E-03  0.2497E-02  0.2814E-15  0.8508E-10  0.1969E-03  0.2664E-06  0.4143E-12  0.3538E-13  0.4018E-07  0.6324E-04  0.3683E-05  0.9704E-07  0.6698E+00  0.9898E-04  0.0000E+00  0.0000E+00  0.0000E+00  0.0000E+00
 Relative number of events:
  0.0000E+00  0.0000E+00  0.0000E+00  0.0000E+00  0.5456E-01  0.5431E-01  0.3063E-02  0.2563E-02  0.2312E-02  0.2312E-02  0.6250E-04  0.1875E-03  0.2875E-02  0.3500E-02  0.6250E-04  0.0000E+00  0.5194E-01  0.5756E-01  0.2875E-02  0.2250E-02  0.2188E-02  0.3063E-02  0.5275E-01  0.5506E-01  0.1875E-03  0.1875E-03  0.3625E-02  0.3438E-02  0.2500E-03  0.1250E-03  0.3063E-02  0.2687E-02  0.3750E-02  0.3312E-02  0.5856E-01  0.5444E-01  0.0000E+00  0.0000E+00  0.0000E+00  0.0000E+00  0.0000E+00  0.0000E+00  0.0000E+00  0.0000E+00  0.5569E-01  0.5694E-01  0.3625E-02  0.3375E-02  0.2687E-02  0.3563E-02  0.1250E-03  0.1875E-03  0.3187E-02  0.3500E-02  0.1875E-03  0.3125E-03  0.5600E-01  0.5937E-01  0.3563E-02  0.2938E-02  0.3375E-02  0.4063E-02  0.5713E-01  0.5713E-01  0.6250E-04  0.1875E-03  0.3000E-02  0.3125E-02  0.2500E-03  0.1875E-03  0.3063E-02  0.3438E-02  0.3000E-02  0.3187E-02  0.5725E-01  0.5919E-01  0.0000E+00  0.0000E+00  0.0000E+00  0.0000E+00
 Events:
           0           0           0           0         873         869          49          41          37          37           1           3          46          56           1           0         831         921          46          36          35          49         844         881           3           3          58          55           4           2          49          43          60          53         937         871           0           0           0           0           0           0           0           0         891         911          58          54          43          57           2           3          51          56           3           5         896         950          57          47          54          65         914         914           1           3          48          50           4           3          49          55          48          51         916         947           0           0           0           0
 Accuracy:    0.473   0.100   0.340   1.937
 Found           50  events.
 Wrote            1  events.
 Actual xsec    7.2943169996536063E-004
 Correct abs xsec    7.2943169996536063E-004
 Event xsec    7.2943169996536063E-004
 Events wgts > 1:            1
 % Cross section > 1:    2.3195484270301103E-011   3.1799391596776798E-006

 -------------------------------------------------------------------------------
 Accumulated results:   Integral =  0.4626E-03
                        Std dev  =  0.1573E-03
                       Cross sec =  0.4626E-03
             Chi**2 per DoF.     =      1.9369
 -------------------------------------------------------------------------------
-------------------------------------------------
---------------------------
 Results Last   3 iters: Integral =   0.7294E-03
                     Abs integral =   0.7294E-03
                          Std dev =   0.3116E-03
                  Chi**2 per DoF. =      8.4942
-------------------------------------------------
---------------------------
 Status  0.10000000000000001                6           5

ls status:
events.lhe
ftn25
ftn26
input_app.txt
results.dat
run1_app.log
