 Process in group number            2
 A PDF is used, so alpha_s(MZ) is going to be modified
 Old value of alpha_s from param_card:   0.11839999999999999     
  ****************************************
 
       NNPDFDriver version 1.0.3
   Grid: NNPDF23_lo_as_0130_qed_mem0.grid
  ****************************************
 New value of alpha_s from PDF nn23lo1:  0.13000000000000000     
 Define smin to   217.00236099999995     
 Define smin to   217.00236099999995     
 Define smin to   217.00236099999995     
 Define smin to   217.00236099999995     
 *****************************************************
 *               MadGraph/MadEvent                   *
 *        --------------------------------           *
 *          http://madgraph.hep.uiuc.edu             *
 *          http://madgraph.phys.ucl.ac.be           *
 *          http://madgraph.roma2.infn.it            *
 *        --------------------------------           *
 *                                                   *
 *          PARAMETER AND COUPLING VALUES            *
 *                                                   *
 *****************************************************

  External Params
  ---------------------------------
  
 mdl_cabi =   0.22773599999999999     
 aEWM1 =    127.90000000000001     
 mdl_Gf =    1.1663700000000000E-005
 aS =   0.11839999999999999     
 mdl_ymb =    4.7000000000000002     
 mdl_ymt =    172.00000000000000     
 mdl_ymtau =    1.7769999999999999     
 mdl_Lambda =    5000.0000000000000     
 mdl_ca =    1.0000000000000000     
 mdl_kSM =    5.0000000000000003E-002
 mdl_kHtt =    0.0000000000000000     
 mdl_kAtt =    0.0000000000000000     
 mdl_kHbb =    0.0000000000000000     
 mdl_kAbb =    0.0000000000000000     
 mdl_kHll =    0.0000000000000000     
 mdl_kAll =    0.0000000000000000     
 mdl_kHaa =    0.0000000000000000     
 mdl_kAaa =    0.0000000000000000     
 mdl_kHza =    0.0000000000000000     
 mdl_kAza =    0.0000000000000000     
 mdl_kHgg =    0.0000000000000000     
 mdl_kAgg =    0.0000000000000000     
 mdl_kHzz =  -0.52481000000000000     
 mdl_kAzz =    0.0000000000000000     
 mdl_kHww =  -0.52481000000000000     
 mdl_kAww =    0.0000000000000000     
 mdl_kHda =    0.0000000000000000     
 mdl_kHdz =  -0.26240500000000000     
 mdl_kHdwR =  -0.26240500000000000     
 mdl_kHdwI =    0.0000000000000000     
 mdl_kHHgg =    1.0000000000000000     
 mdl_kAAgg =    1.0000000000000000     
 mdl_kqa =    1.0000000000000000     
 mdl_kqb =    1.0000000000000000     
 mdl_kla =    1.0000000000000000     
 mdl_klb =    1.0000000000000000     
 mdl_kw1 =    1.0000000000000000     
 mdl_kw2 =    1.0000000000000000     
 mdl_kw3 =    0.0000000000000000     
 mdl_kw4 =    0.0000000000000000     
 mdl_kw5 =    0.0000000000000000     
 mdl_kz1 =    0.0000000000000000     
 mdl_kz3 =    1.0000000000000000     
 mdl_kz5 =    0.0000000000000000     
 mdl_kq =    1.0000000000000000     
 mdl_kq3 =    1.0000000000000000     
 mdl_kl =    1.0000000000000000     
 mdl_kg =    1.0000000000000000     
 mdl_ka =    1.0000000000000000     
 mdl_kz =    1.0000000000000000     
 mdl_kw =    1.0000000000000000     
 mdl_kza =    0.0000000000000000     
 mdl_MZ =    91.187600000000003     
 mdl_MTA =    1.7769999999999999     
 mdl_MT =    172.00000000000000     
 mdl_MB =    4.7000000000000002     
 mdl_MX0 =    600.00000000000000     
 mdl_MX1 =    125.00000000000000     
 mdl_MX2 =    125.00000000000000     
 mdl_WZ =    2.4952000000000001     
 mdl_WW =    2.0850000000000000     
 mdl_WT =    1.5083359999999999     
 mdl_WX0 =   0.15059000000000000     
 mdl_WX1 =    4.0699999999999998E-003
 mdl_WX2 =    4.0699999999999998E-003
  Internal Params
  ---------------------------------
  
 mdl_cos__cabi =   0.97418004031982097     
 mdl_CKM1x1 =  ( 0.97418004031982097     ,  0.0000000000000000     )
 mdl_sin__cabi =   0.22577256042856930     
 mdl_CKM1x2 =  ( 0.22577256042856930     ,  0.0000000000000000     )
 mdl_CKM2x1 =  (-0.22577256042856930     ,  0.0000000000000000     )
 mdl_CKM2x2 =  ( 0.97418004031982097     ,  0.0000000000000000     )
 mdl_ca__exp__2 =    1.0000000000000000     
 mdl_sa =    0.0000000000000000     
 mdl_complexi =  (  0.0000000000000000     ,  1.0000000000000000     )
 mdl_kHdw =  (-0.26240500000000000     ,  0.0000000000000000     )
 mdl_MZ__exp__2 =    8315.1783937600012     
 mdl_MZ__exp__4 =    69142191.720053151     
 mdl_sqrt__2 =    1.4142135623730951     
 mdl_nb__2__exp__0_75 =    1.6817928305074290     
 mdl_MX0__exp__2 =    360000.00000000000     
 mdl_ca__exp__4 =    1.0000000000000000     
 mdl_ca__exp__3 =    1.0000000000000000     
 mdl_conjg__CKM1x1 =  ( 0.97418004031982097     , -0.0000000000000000     )
 mdl_conjg__CKM1x2 =  ( 0.22577256042856930     , -0.0000000000000000     )
 mdl_conjg__CKM2x1 =  (-0.22577256042856930     , -0.0000000000000000     )
 mdl_conjg__CKM2x2 =  ( 0.97418004031982097     , -0.0000000000000000     )
 mdl_conjg__kHdw =  (-0.26240500000000000     , -0.0000000000000000     )
 mdl_aEW =    7.8186082877247844E-003
 mdl_MW =    79.824359746197842     
 mdl_sqrt__aEW =    8.8422894590285753E-002
 mdl_ee =   0.31345100004952897     
 mdl_MW__exp__2 =    6371.9284088904105     
 mdl_sw2 =   0.23369913342182447     
 mdl_cw =   0.87538612427783857     
 mdl_sqrt__sw2 =   0.48342438232036300     
 mdl_sw =   0.48342438232036300     
 mdl_ad =  -0.12747442148678401     
 mdl_al =   -1.2074027013887732E-002
 mdl_an =   0.18517461872323218     
 mdl_au =    6.9774224250335873E-002
 mdl_bd =  -0.18517461872323218     
 mdl_bl =  -0.18517461872323218     
 mdl_bn =   0.18517461872323218     
 mdl_bu =   0.18517461872323218     
 mdl_gwwz =  -0.56759788318358417     
 mdl_g1 =   0.35807170271074895     
 mdl_gw =   0.64839716719502682     
 mdl_vev =    246.22056907348590     
 mdl_ee__exp__2 =    9.8251529432049817E-002
 mdl_gAaa =    1.3477023594718659E-005
 mdl_vev__exp__2 =    60624.568634871241     
 mdl_cw__exp__2 =   0.76630086657817542     
 mdl_gAza =    4.4999802188047602E-006
 mdl_gHaa =    2.6392504539657372E-005
 mdl_gHza =    3.9166441035016922E-005
 mdl_lam =    2.9690932909411916     
 mdl_yb =    2.6995322804122722E-002
 mdl_yt =   0.98791394091683138     
 mdl_ytau =    1.0206529494239589E-002
 mdl_muH =    424.26406871192853     
 mdl_sw__exp__2 =   0.23369913342182450     
  Internal Params evaluated point by point
  ----------------------------------------
  
 mdl_sqrt__aS =   0.34409301068170506     
 mdl_G__exp__2 =    1.4878582807401259     
 mdl_gAAgg =    3.1083017473614446E-007
 mdl_gAgg =    7.6532782508744533E-005
 mdl_gHgg =   -5.1021855005829691E-005
 mdl_gHHgg =    2.0722011649076294E-007
  Couplings of HC_UFO
  ---------------------------------
  
        GC_10 =  -0.00000E+00   0.00000E+00
        GC_13 =  -0.00000E+00  -0.20722E-06
        GC_62 =   0.00000E+00   0.00000E+00
        GC_64 =   0.00000E+00   0.00000E+00
         GC_1 =  -0.00000E+00  -0.10448E+00
         GC_2 =   0.00000E+00   0.20897E+00
         GC_3 =  -0.00000E+00  -0.31345E+00
         GC_9 =  -0.00000E+00  -0.00000E+00
        GC_16 =  -0.00000E+00  -0.00000E+00
        GC_17 =   0.00000E+00  -0.12074E-01
        GC_19 =  -0.00000E+00   0.18517E+00
        GC_21 =   0.00000E+00  -0.12747E+00
        GC_22 =   0.00000E+00   0.69774E-01
        GC_23 =  -0.00000E+00   0.18517E+00
        GC_24 =  -0.00000E+00  -0.18517E+00
        GC_61 =   0.00000E+00   0.00000E+00
        GC_66 =   0.00000E+00   0.00000E+00
        GC_72 =   0.00000E+00   0.45849E+00
        GC_73 =   0.00000E+00   0.44665E+00
        GC_74 =   0.00000E+00   0.10351E+00
        GC_75 =  -0.00000E+00  -0.10351E+00
        GC_76 =   0.00000E+00   0.44665E+00
        GC_77 =  -0.00000E+00  -0.28380E+00
        GC_78 =   0.00000E+00   0.28380E+00
        GC_89 =  -0.00000E+00  -0.28850E-01
        GC_90 =   0.00000E+00   0.86550E-01
        GC_98 =  -0.00000E+00  -0.21932E+03
        GC_99 =   0.00000E+00   0.25879E+01
       GC_100 =   0.00000E+00   0.33771E+01
       GC_101 =  -0.00000E+00  -0.00000E+00
       GC_102 =   0.00000E+00   0.00000E+00
       GC_105 =  -0.00000E+00  -0.00000E+00
       GC_106 =   0.00000E+00   0.00000E+00
       GC_107 =   0.00000E+00   0.44665E+00
       GC_108 =   0.00000E+00   0.10351E+00
       GC_109 =   0.00000E+00  -0.10351E+00
       GC_110 =   0.00000E+00   0.44665E+00
        GC_35 =  -0.00000E+00  -0.20000E-03
        GC_38 =  -0.00000E+00  -0.00000E+00
        GC_39 =   0.00000E+00   0.52481E-04
        GC_40 =   0.00000E+00   0.52481E-04
        GC_41 =   0.00000E+00   0.10496E-03
        GC_42 =   0.00000E+00   0.10496E-03
        GC_43 =   0.00000E+00   0.50000E-04
        GC_45 =   0.00000E+00   0.50000E-04
        GC_49 =   0.00000E+00   0.50000E-04
        GC_56 =  -0.00000E+00  -0.94000E-03
        GC_58 =  -0.00000E+00  -0.35540E-03
        GC_67 =   0.00000E+00   0.00000E+00
        GC_68 =   0.00000E+00   0.00000E+00
       GC_111 =  -0.00000E+00   0.52481E-04

 Collider parameters:
 --------------------

 Running at P P   machine @    13000.000000000000       GeV
 PDF set = nn23lo1
 alpha_s(Mz)= 0.1300 running at 2 loops.
 alpha_s(Mz)= 0.1300 running at 2 loops.
 Renormalization scale set on event-by-event basis
 Factorization   scale set on event-by-event basis


 getting user params
Enter number of events and max and min iterations: 
 Number of events and iterations         1000           5           3
Enter desired fractional accuracy: 
 Desired fractional accuracy:   0.10000000000000001     
Enter 0 for fixed, 2 for adjustable grid: 
Suppress amplitude (0 no, 1 yes)? 
 Using suppressed amplitude.
Exact helicity sum (0 yes, n = number/event)? 
 Explicitly summing over helicities
Enter Configuration Number: 
Running Configuration Number:   13
 Using dconfig=          68
 BW Setting            2           1           1           2           0           0
 Attempting mappinvarients           1           8
 Completed mapping           8
 about to integrate           16        1000           5           3          16           1
 Using non-zero grid deformation.
 16 dimensions   1000 events 16 invarients  5 iterations  1 config(s),  (0.99)
 Using h-tuple random number sequence.
 Error opening grid
 Using Uniform Grid!          32
 Using uniform alpha   1.0000000000000000     
 Grid defined OK
 Set CM energy to      13000.00
 Mapping Graph          13  to config          13
Setting grid   1    0.52284E-06   1
Setting grid   2    0.74739E-07   1
 Setting BW          -3           2   600.00000000000000     
 Setting BW          -4           3   79.824359746197842     
Setting grid   5    0.24715E-02   1
 Transforming s_hat 1/s           15   2.4715468815858007E-003   217.00236099999995        168999999.99999997     
  13   1   2   3   4   5   6   7   8   9  10  11  12  13  14
  15  16
 Masses: 0.000E+00 0.000E+00 0.178E+01 0.000E+00 0.178E+01 0.178E+01 0.470E+01 0.470E+01
Using random seed offsets    13 :     15
  with seed                   24
 Ranmar initialization seeds       31071        9412
 
 ********************************************
 * You are using the DiscreteSampler module *
 *      part of the MG5_aMC framework       *
 *         Author: Valentin Hirschi         *
 ********************************************
 
  Particle       3       4       5       6       7       8
      Et >     0.0     0.0     0.0     0.0     0.0     0.0
       E >     0.0     0.0     0.0     0.0     0.0     0.0
     Eta <    -1.0    -1.0    -1.0    -1.0    -1.0    -1.0
   xqcut:      0.0     0.0     0.0     0.0     0.0     0.0
d R # 3  >    -0.0     0.0     0.0     0.0     0.0     0.0
d R # 4  >    -0.0    -0.0     0.0     0.0     0.0     0.0
d R # 5  >    -0.0    -0.0    -0.0     0.0     0.0     0.0
d R # 6  >    -0.0    -0.0    -0.0    -0.0     0.0     0.0
d R # 7  >    -0.0    -0.0    -0.0    -0.0    -0.0     0.0
s min # 3>     0.0     3.2    12.6    12.6    42.0     0.0
s min # 4>     0.0     0.0     3.2     3.2    22.1     0.0
s min # 5>     0.0     0.0     0.0    12.6    42.0     0.0
s min # 6>     0.0     0.0     0.0     0.0    42.0     0.0
s min # 7>     0.0     0.0     0.0     0.0     0.0     0.0
xqcutij # 3>     0.0     0.0     0.0     0.0     0.0     0.0
xqcutij # 4>     0.0     0.0     0.0     0.0     0.0     0.0
xqcutij # 5>     0.0     0.0     0.0     0.0     0.0     0.0
xqcutij # 6>     0.0     0.0     0.0     0.0     0.0     0.0
xqcutij # 7>     0.0     0.0     0.0     0.0     0.0     0.0
 Excluding BW           -1           1
 Requiring BW           -3           2
 Requiring BW           -4           3
 Excluding BW           -5           4
 alpha_s for scale    343.92589675280271       is   0.10651360462178992     
 Added good helicity          193   101.23932463074732       in event            1 local:           1
 Added good helicity          194   2.4201252367953003       in event            1 local:           1
 Added good helicity          195   4.2928400204502637       in event            1 local:           1
 Added good helicity          196   3.2157284666495634       in event            1 local:           1
 Added good helicity          197   31.118364857889727       in event            1 local:           1
 Added good helicity          198   2.8717152238513994E-004  in event            1 local:           1
 Added good helicity          199   2.5975626538734588E-005  in event            1 local:           1
 Added good helicity          200   1.0105264746441971       in event            1 local:           1
 Added good helicity          201   31.101104292128461       in event            1 local:           1
 Added good helicity          202   2.2933146992764833E-004  in event            1 local:           1
 Added good helicity          203   2.1494843803516371E-004  in event            1 local:           1
 Added good helicity          204   1.0090732053331501       in event            1 local:           1
 Added good helicity          205   70.500119212578070       in event            1 local:           1
 Added good helicity          206   5.9155657264455357       in event            1 local:           1
 Added good helicity          207   1.0543527642818862       in event            1 local:           1
 Added good helicity          208   2.7246591550217931       in event            1 local:           1
 Added good helicity          225  0.15742579440824123       in event            1 local:           1
 Added good helicity          226   3.7632623425682440E-003  in event            1 local:           1
 Added good helicity          227   6.6753087592370764E-003  in event            1 local:           1
 Added good helicity          228   5.0004147134516969E-003  in event            1 local:           1
 Added good helicity          229   4.8388640741198384E-002  in event            1 local:           1
 Added good helicity          230   4.4654787265515340E-007  in event            1 local:           1
 Added good helicity          231   4.0391751505917737E-008  in event            1 local:           1
 Added good helicity          232   1.5713551391383662E-003  in event            1 local:           1
 Added good helicity          233   4.8361800792524140E-002  in event            1 local:           1
 Added good helicity          234   3.5660736544665772E-007  in event            1 local:           1
 Added good helicity          235   3.3424194341394502E-007  in event            1 local:           1
 Added good helicity          236   1.5690953248160648E-003  in event            1 local:           1
 Added good helicity          237  0.10962674151961974       in event            1 local:           1
 Added good helicity          238   9.1986255070000723E-003  in event            1 local:           1
 Added good helicity          239   1.6395044327783949E-003  in event            1 local:           1
 Added good helicity          240   4.2368085083088636E-003  in event            1 local:           1
 Added good helicity          193   101.23932463074766       in event            1 local:           1
 Added good helicity          194   2.4201252367953123       in event            1 local:           1
 Added good helicity          195   4.2928400204502886       in event            1 local:           1
 Added good helicity          196   3.2157284666494901       in event            1 local:           1
 Added good helicity          197   31.118364857889965       in event            1 local:           1
 Added good helicity          198   2.8717152238513582E-004  in event            1 local:           1
 Added good helicity          199   2.5975626538733717E-005  in event            1 local:           1
 Added good helicity          200   1.0105264746442046       in event            1 local:           1
 Added good helicity          201   31.101104292128731       in event            1 local:           1
 Added good helicity          202   2.2933146992764353E-004  in event            1 local:           1
 Added good helicity          203   2.1494843803516396E-004  in event            1 local:           1
 Added good helicity          204   1.0090732053331564       in event            1 local:           1
 Added good helicity          205   70.500119212577289       in event            1 local:           1
 Added good helicity          206   5.9155657264455694       in event            1 local:           1
 Added good helicity          207   1.0543527642818940       in event            1 local:           1
 Added good helicity          208   2.7246591550217545       in event            1 local:           1
 Added good helicity          225  0.15742579440824198       in event            1 local:           1
 Added good helicity          226   3.7632623425682792E-003  in event            1 local:           1
 Added good helicity          227   6.6753087592371346E-003  in event            1 local:           1
 Added good helicity          228   5.0004147134515937E-003  in event            1 local:           1
 Added good helicity          229   4.8388640741198904E-002  in event            1 local:           1
 Added good helicity          230   4.4654787265514885E-007  in event            1 local:           1
 Added good helicity          231   4.0391751505916579E-008  in event            1 local:           1
 Added good helicity          232   1.5713551391383837E-003  in event            1 local:           1
 Added good helicity          233   4.8361800792524764E-002  in event            1 local:           1
 Added good helicity          234   3.5660736544665179E-007  in event            1 local:           1
 Added good helicity          235   3.3424194341394682E-007  in event            1 local:           1
 Added good helicity          236   1.5690953248160809E-003  in event            1 local:           1
 Added good helicity          237  0.10962674151961850       in event            1 local:           1
 Added good helicity          238   9.1986255070001591E-003  in event            1 local:           1
 Added good helicity          239   1.6395044327784114E-003  in event            1 local:           1
 Added good helicity          240   4.2368085083088142E-003  in event            1 local:           1
 RESET CUMULATIVE VARIABLE
 RESET CUMULATIVE VARIABLE
 RESET CUMULATIVE VARIABLE
 No points passed cuts!
 Loosen cuts or increase max_events      500000
 Deleting file events.lhe

ls status:
events.lhe
grid_information
input_app.txt
results.dat
run1_app.log
