 Process in group number            1
 A PDF is used, so alpha_s(MZ) is going to be modified
 Old value of alpha_s from param_card:   0.11839999999999999     
  ****************************************
 
       NNPDFDriver version 1.0.3
   Grid: NNPDF23_lo_as_0130_qed_mem0.grid
  ****************************************
 New value of alpha_s from PDF nn23lo1:  0.13000000000000000     
 Define smin to   353.44000000000005     
 Define smin to   353.44000000000005     
 Warning: pt or E min of a jet should in general be >0
 Warning: pt or E min of a jet should in general be >0
 Warning: pt or E min of a jet should in general be >0
 Warning: pt or E min of a jet should in general be >0
 *****************************************************
 *               MadGraph/MadEvent                   *
 *        --------------------------------           *
 *          http://madgraph.hep.uiuc.edu             *
 *          http://madgraph.phys.ucl.ac.be           *
 *          http://madgraph.roma2.infn.it            *
 *        --------------------------------           *
 *                                                   *
 *          PARAMETER AND COUPLING VALUES            *
 *                                                   *
 *****************************************************

  External Params
  ---------------------------------
  
 mdl_cabi =   0.22773599999999999     
 aEWM1 =    127.90000000000001     
 mdl_Gf =    1.1663700000000000E-005
 aS =   0.11839999999999999     
 mdl_ymb =    4.7000000000000002     
 mdl_ymt =    172.00000000000000     
 mdl_ymtau =    1.7769999999999999     
 mdl_Lambda =    5000.0000000000000     
 mdl_ca =    1.0000000000000000     
 mdl_kSM =    5.0000000000000003E-002
 mdl_kHtt =    0.0000000000000000     
 mdl_kAtt =    0.0000000000000000     
 mdl_kHbb =    0.0000000000000000     
 mdl_kAbb =    0.0000000000000000     
 mdl_kHll =    0.0000000000000000     
 mdl_kAll =    0.0000000000000000     
 mdl_kHaa =    0.0000000000000000     
 mdl_kAaa =    0.0000000000000000     
 mdl_kHza =    0.0000000000000000     
 mdl_kAza =    0.0000000000000000     
 mdl_kHgg =    0.0000000000000000     
 mdl_kAgg =    0.0000000000000000     
 mdl_kHzz =  -0.52481000000000000     
 mdl_kAzz =    0.0000000000000000     
 mdl_kHww =  -0.52481000000000000     
 mdl_kAww =    0.0000000000000000     
 mdl_kHda =    0.0000000000000000     
 mdl_kHdz =  -0.26240500000000000     
 mdl_kHdwR =  -0.26240500000000000     
 mdl_kHdwI =    0.0000000000000000     
 mdl_kHHgg =    1.0000000000000000     
 mdl_kAAgg =    1.0000000000000000     
 mdl_kqa =    1.0000000000000000     
 mdl_kqb =    1.0000000000000000     
 mdl_kla =    1.0000000000000000     
 mdl_klb =    1.0000000000000000     
 mdl_kw1 =    1.0000000000000000     
 mdl_kw2 =    1.0000000000000000     
 mdl_kw3 =    0.0000000000000000     
 mdl_kw4 =    0.0000000000000000     
 mdl_kw5 =    0.0000000000000000     
 mdl_kz1 =    0.0000000000000000     
 mdl_kz3 =    1.0000000000000000     
 mdl_kz5 =    0.0000000000000000     
 mdl_kq =    1.0000000000000000     
 mdl_kq3 =    1.0000000000000000     
 mdl_kl =    1.0000000000000000     
 mdl_kg =    1.0000000000000000     
 mdl_ka =    1.0000000000000000     
 mdl_kz =    1.0000000000000000     
 mdl_kw =    1.0000000000000000     
 mdl_kza =    0.0000000000000000     
 mdl_MZ =    91.187600000000003     
 mdl_MTA =    1.7769999999999999     
 mdl_MT =    172.00000000000000     
 mdl_MB =    4.7000000000000002     
 mdl_MX0 =    600.00000000000000     
 mdl_MX1 =    125.00000000000000     
 mdl_MX2 =    125.00000000000000     
 mdl_WZ =    2.4952000000000001     
 mdl_WW =    2.0850000000000000     
 mdl_WT =    1.5083359999999999     
 mdl_WX0 =   0.15059000000000000     
 mdl_WX1 =    4.0699999999999998E-003
 mdl_WX2 =    4.0699999999999998E-003
  Internal Params
  ---------------------------------
  
 mdl_cos__cabi =   0.97418004031982097     
 mdl_CKM1x1 =  ( 0.97418004031982097     ,  0.0000000000000000     )
 mdl_sin__cabi =   0.22577256042856930     
 mdl_CKM1x2 =  ( 0.22577256042856930     ,  0.0000000000000000     )
 mdl_CKM2x1 =  (-0.22577256042856930     ,  0.0000000000000000     )
 mdl_CKM2x2 =  ( 0.97418004031982097     ,  0.0000000000000000     )
 mdl_ca__exp__2 =    1.0000000000000000     
 mdl_sa =    0.0000000000000000     
 mdl_complexi =  (  0.0000000000000000     ,  1.0000000000000000     )
 mdl_kHdw =  (-0.26240500000000000     ,  0.0000000000000000     )
 mdl_MZ__exp__2 =    8315.1783937600012     
 mdl_MZ__exp__4 =    69142191.720053151     
 mdl_sqrt__2 =    1.4142135623730951     
 mdl_nb__2__exp__0_75 =    1.6817928305074290     
 mdl_MX0__exp__2 =    360000.00000000000     
 mdl_ca__exp__4 =    1.0000000000000000     
 mdl_ca__exp__3 =    1.0000000000000000     
 mdl_conjg__CKM1x1 =  ( 0.97418004031982097     , -0.0000000000000000     )
 mdl_conjg__CKM1x2 =  ( 0.22577256042856930     , -0.0000000000000000     )
 mdl_conjg__CKM2x1 =  (-0.22577256042856930     , -0.0000000000000000     )
 mdl_conjg__CKM2x2 =  ( 0.97418004031982097     , -0.0000000000000000     )
 mdl_conjg__kHdw =  (-0.26240500000000000     , -0.0000000000000000     )
 mdl_aEW =    7.8186082877247844E-003
 mdl_MW =    79.824359746197842     
 mdl_sqrt__aEW =    8.8422894590285753E-002
 mdl_ee =   0.31345100004952897     
 mdl_MW__exp__2 =    6371.9284088904105     
 mdl_sw2 =   0.23369913342182447     
 mdl_cw =   0.87538612427783857     
 mdl_sqrt__sw2 =   0.48342438232036300     
 mdl_sw =   0.48342438232036300     
 mdl_ad =  -0.12747442148678401     
 mdl_al =   -1.2074027013887732E-002
 mdl_an =   0.18517461872323218     
 mdl_au =    6.9774224250335873E-002
 mdl_bd =  -0.18517461872323218     
 mdl_bl =  -0.18517461872323218     
 mdl_bn =   0.18517461872323218     
 mdl_bu =   0.18517461872323218     
 mdl_gwwz =  -0.56759788318358417     
 mdl_g1 =   0.35807170271074895     
 mdl_gw =   0.64839716719502682     
 mdl_vev =    246.22056907348590     
 mdl_ee__exp__2 =    9.8251529432049817E-002
 mdl_gAaa =    1.3477023594718659E-005
 mdl_vev__exp__2 =    60624.568634871241     
 mdl_cw__exp__2 =   0.76630086657817542     
 mdl_gAza =    4.4999802188047602E-006
 mdl_gHaa =    2.6392504539657372E-005
 mdl_gHza =    3.9166441035016922E-005
 mdl_lam =    2.9690932909411916     
 mdl_yb =    2.6995322804122722E-002
 mdl_yt =   0.98791394091683138     
 mdl_ytau =    1.0206529494239589E-002
 mdl_muH =    424.26406871192853     
 mdl_sw__exp__2 =   0.23369913342182450     
  Internal Params evaluated point by point
  ----------------------------------------
  
 mdl_sqrt__aS =   0.34409301068170506     
 mdl_G__exp__2 =    1.4878582807401259     
 mdl_gAAgg =    3.1083017473614446E-007
 mdl_gAgg =    7.6532782508744533E-005
 mdl_gHgg =   -5.1021855005829691E-005
 mdl_gHHgg =    2.0722011649076294E-007
  Couplings of HC_UFO
  ---------------------------------
  
        GC_10 =  -0.00000E+00   0.00000E+00
        GC_13 =  -0.00000E+00  -0.20722E-06
        GC_62 =   0.00000E+00   0.00000E+00
        GC_64 =   0.00000E+00   0.00000E+00
         GC_1 =  -0.00000E+00  -0.10448E+00
         GC_2 =   0.00000E+00   0.20897E+00
         GC_3 =  -0.00000E+00  -0.31345E+00
         GC_9 =  -0.00000E+00  -0.00000E+00
        GC_16 =  -0.00000E+00  -0.00000E+00
        GC_17 =   0.00000E+00  -0.12074E-01
        GC_19 =  -0.00000E+00   0.18517E+00
        GC_21 =   0.00000E+00  -0.12747E+00
        GC_22 =   0.00000E+00   0.69774E-01
        GC_23 =  -0.00000E+00   0.18517E+00
        GC_24 =  -0.00000E+00  -0.18517E+00
        GC_61 =   0.00000E+00   0.00000E+00
        GC_66 =   0.00000E+00   0.00000E+00
        GC_77 =  -0.00000E+00  -0.28380E+00
        GC_78 =   0.00000E+00   0.28380E+00
        GC_89 =  -0.00000E+00  -0.28850E-01
        GC_90 =   0.00000E+00   0.86550E-01
        GC_98 =  -0.00000E+00  -0.21932E+03
       GC_100 =   0.00000E+00   0.33771E+01
       GC_101 =  -0.00000E+00  -0.00000E+00
       GC_102 =   0.00000E+00   0.00000E+00
       GC_105 =  -0.00000E+00  -0.00000E+00
       GC_106 =   0.00000E+00   0.00000E+00
        GC_35 =  -0.00000E+00  -0.20000E-03
        GC_38 =  -0.00000E+00  -0.00000E+00
        GC_40 =   0.00000E+00   0.52481E-04
        GC_42 =   0.00000E+00   0.10496E-03
        GC_43 =   0.00000E+00   0.50000E-04
        GC_45 =   0.00000E+00   0.50000E-04
        GC_49 =   0.00000E+00   0.50000E-04
        GC_56 =  -0.00000E+00  -0.94000E-03
        GC_58 =  -0.00000E+00  -0.35540E-03
        GC_68 =   0.00000E+00   0.00000E+00

 Collider parameters:
 --------------------

 Running at P P   machine @    13000.000000000000       GeV
 PDF set = nn23lo1
 alpha_s(Mz)= 0.1300 running at 2 loops.
 alpha_s(Mz)= 0.1300 running at 2 loops.
 Renormalization scale set on event-by-event basis
 Factorization   scale set on event-by-event basis


 getting user params
Enter number of events and max and min iterations: 
 Number of events and iterations         1000           5           3
Enter desired fractional accuracy: 
 Desired fractional accuracy:   0.10000000000000001     
Enter 0 for fixed, 2 for adjustable grid: 
Suppress amplitude (0 no, 1 yes)? 
 Using suppressed amplitude.
Exact helicity sum (0 yes, n = number/event)? 
 Explicitly summing over helicities
Enter Configuration Number: 
Running Configuration Number:    9
 Not subdividing B.W.
 Attempting mappinvarients           1           8
 Completed mapping           8
 about to integrate           16        1000           5           3          16           1
 Using non-zero grid deformation.
 16 dimensions   1000 events 16 invarients  5 iterations  1 config(s),  (0.99)
 Using h-tuple random number sequence.
 Error opening grid
 Using Uniform Grid!          32
 Using uniform alpha   1.0000000000000000     
 Grid defined OK
 Set CM energy to      13000.00
 Mapping Graph           9  to config           9
Setting grid   1    0.52284E-06   1
Setting grid   2    0.59172E-08   1
 Setting BW          -3           1   600.00000000000000     
 Setting BW          -4           2   91.187600000000003     
Setting grid   5    0.25116E-02   1
 Transforming s_hat 1/s           15   2.5115575576956360E-003   353.44000000000005        168999999.99999997     
   9   1   2   3   4   5   6   7   8   9  10  11  12  13  14
  15  16
 Masses: 0.000E+00 0.000E+00 0.470E+01 0.470E+01 0.000E+00 0.000E+00 0.470E+01 0.470E+01
Using random seed offsets     9 :      7
  with seed                   24
 Ranmar initialization seeds       31067        9404
 
 ********************************************
 * You are using the DiscreteSampler module *
 *      part of the MG5_aMC framework       *
 *         Author: Valentin Hirschi         *
 ********************************************
 
  Particle       3       4       5       6       7       8
      Et >     0.0     0.0     0.0     0.0     0.0     0.0
       E >     0.0     0.0     0.0     0.0     0.0     0.0
     Eta <    -1.0    -1.0    -1.0    -1.0    -1.0    -1.0
   xqcut:      0.0     0.0     0.0     0.0     0.0     0.0
d R # 3  >    -0.0     0.0     0.0     0.0     0.0     0.0
d R # 4  >    -0.0    -0.0     0.0     0.0     0.0     0.0
d R # 5  >    -0.0    -0.0    -0.0     0.0     0.0     0.0
d R # 6  >    -0.0    -0.0    -0.0    -0.0     0.0     0.0
d R # 7  >    -0.0    -0.0    -0.0    -0.0    -0.0     0.0
s min # 3>     0.0    88.4    22.1    22.1    88.4     0.0
s min # 4>     0.0     0.0    22.1    22.1    88.4     0.0
s min # 5>     0.0     0.0     0.0     0.0    22.1     0.0
s min # 6>     0.0     0.0     0.0     0.0    22.1     0.0
s min # 7>     0.0     0.0     0.0     0.0     0.0     0.0
xqcutij # 3>     0.0     0.0     0.0     0.0     0.0     0.0
xqcutij # 4>     0.0     0.0     0.0     0.0     0.0     0.0
xqcutij # 5>     0.0     0.0     0.0     0.0     0.0     0.0
xqcutij # 6>     0.0     0.0     0.0     0.0     0.0     0.0
xqcutij # 7>     0.0     0.0     0.0     0.0     0.0     0.0
 No cut BW           -3           1
 No cut BW           -4           2
 alpha_s for scale    799.19982720850021       is    9.5611758836073812E-002
 Added good helicity            1   29.635282094671766       in event            1 local:           1
 Added good helicity            2   4.6026305143829091E-002  in event            1 local:           1
 Added good helicity            3   1.2974736158444368E-002  in event            1 local:           1
 Added good helicity            4  0.56479465632287840       in event            1 local:           1
 Added good helicity           13   12.777022720852386       in event            1 local:           1
 Added good helicity           14   6.2546245883375595E-002  in event            1 local:           1
 Added good helicity           15   4.3496492315528964E-003  in event            1 local:           1
 Added good helicity           16  0.77292053846064068       in event            1 local:           1
 Added good helicity           17  0.13599203617332109       in event            1 local:           1
 Added good helicity           18   2.1120807738723296E-004  in event            1 local:           1
 Added good helicity           19   5.9539193295403189E-005  in event            1 local:           1
 Added good helicity           20   2.5917612354015309E-003  in event            1 local:           1
 Added good helicity           29   5.8631914840247393E-002  in event            1 local:           1
 Added good helicity           30   2.8701570329262141E-004  in event            1 local:           1
 Added good helicity           31   1.9959913111302949E-005  in event            1 local:           1
 Added good helicity           32   3.5468208971204825E-003  in event            1 local:           1
 Added good helicity           33  0.13554600914736897       in event            1 local:           1
 Added good helicity           34   2.1051535659809774E-004  in event            1 local:           1
 Added good helicity           35   5.9343916497875927E-005  in event            1 local:           1
 Added good helicity           36   2.5832607703130408E-003  in event            1 local:           1
 Added good helicity           45   5.8439613736903803E-002  in event            1 local:           1
 Added good helicity           46   2.8607434845932822E-004  in event            1 local:           1
 Added good helicity           47   1.9894448537539582E-005  in event            1 local:           1
 Added good helicity           48   3.5351880249255914E-003  in event            1 local:           1
 Added good helicity           49  0.88439005089203437       in event            1 local:           1
 Added good helicity           50   1.3735386833331968E-003  in event            1 local:           1
 Added good helicity           51   3.8719818946958548E-004  in event            1 local:           1
 Added good helicity           52   1.6854868236221260E-002  in event            1 local:           1
 Added good helicity           61  0.38129793191254857       in event            1 local:           1
 Added good helicity           62   1.8665345382303472E-003  in event            1 local:           1
 Added good helicity           63   1.2980428169931925E-004  in event            1 local:           1
 Added good helicity           64   2.3065858869202576E-002  in event            1 local:           1
 Added good helicity          193   136.25580248835013       in event            1 local:           1
 Added good helicity          194  0.21161773061285130       in event            1 local:           1
 Added good helicity          195   5.9654673834243943E-002  in event            1 local:           1
 Added good helicity          196   2.5967881423420645       in event            1 local:           1
 Added good helicity          205   58.745635647404072       in event            1 local:           1
 Added good helicity          206  0.28757239084979935       in event            1 local:           1
 Added good helicity          207   1.9998626795411294E-002  in event            1 local:           1
 Added good helicity          208   3.5537002108246272       in event            1 local:           1
 Added good helicity          209  0.61951268718612917       in event            1 local:           1
 Added good helicity          210   9.6215989744295250E-004  in event            1 local:           1
 Added good helicity          211   2.7123121815986006E-004  in event            1 local:           1
 Added good helicity          212   1.1806786725673259E-002  in event            1 local:           1
 Added good helicity          221  0.26709810471001572       in event            1 local:           1
 Added good helicity          222   1.3075020759657652E-003  in event            1 local:           1
 Added good helicity          223   9.0927526019430222E-005  in event            1 local:           1
 Added good helicity          224   1.6157567801562887E-002  in event            1 local:           1
 Added good helicity          225  0.65240601849127899       in event            1 local:           1
 Added good helicity          226   1.0132462511686039E-003  in event            1 local:           1
 Added good helicity          227   2.8563237329964339E-004  in event            1 local:           1
 Added good helicity          228   1.2433673883030415E-002  in event            1 local:           1
 Added good helicity          237  0.28127981015516085       in event            1 local:           1
 Added good helicity          238   1.3769245427795735E-003  in event            1 local:           1
 Added good helicity          239   9.5755367805366127E-005  in event            1 local:           1
 Added good helicity          240   1.7015461823388690E-002  in event            1 local:           1
 Added good helicity          241   4.5921493213403668       in event            1 local:           1
 Added good helicity          242   7.1320281431719633E-003  in event            1 local:           1
 Added good helicity          243   2.0105064515408503E-003  in event            1 local:           1
 Added good helicity          244   8.7518026298662718E-002  in event            1 local:           1
 Added good helicity          253   1.9798696711870316       in event            1 local:           1
 Added good helicity          254   9.6918834674218097E-003  in event            1 local:           1
 Added good helicity          255   6.7400197855162301E-004  in event            1 local:           1
 Added good helicity          256  0.11976827198078925       in event            1 local:           1
 Added good helicity            1   29.635282094671769       in event            1 local:           1
 Added good helicity            2   4.6026305143829528E-002  in event            1 local:           1
 Added good helicity            3   1.2974736158444765E-002  in event            1 local:           1
 Added good helicity            4  0.56479465632287462       in event            1 local:           1
 Added good helicity           13   12.777022720852440       in event            1 local:           1
 Added good helicity           14   6.2546245883375276E-002  in event            1 local:           1
 Added good helicity           15   4.3496492315530690E-003  in event            1 local:           1
 Added good helicity           16  0.77292053846063558       in event            1 local:           1
 Added good helicity           17  0.13599203617332084       in event            1 local:           1
 Added good helicity           18   2.1120807738723451E-004  in event            1 local:           1
 Added good helicity           19   5.9539193295404849E-005  in event            1 local:           1
 Added good helicity           20   2.5917612354015062E-003  in event            1 local:           1
 Added good helicity           29   5.8631914840247504E-002  in event            1 local:           1
 Added good helicity           30   2.8701570329261929E-004  in event            1 local:           1
 Added good helicity           31   1.9959913111303657E-005  in event            1 local:           1
 Added good helicity           32   3.5468208971204500E-003  in event            1 local:           1
 Added good helicity           33  0.13554600914736872       in event            1 local:           1
 Added good helicity           34   2.1051535659809951E-004  in event            1 local:           1
 Added good helicity           35   5.9343916497877784E-005  in event            1 local:           1
 Added good helicity           36   2.5832607703130195E-003  in event            1 local:           1
 Added good helicity           45   5.8439613736903963E-002  in event            1 local:           1
 Added good helicity           46   2.8607434845932643E-004  in event            1 local:           1
 Added good helicity           47   1.9894448537540351E-005  in event            1 local:           1
 Added good helicity           48   3.5351880249255658E-003  in event            1 local:           1
 Added good helicity           49  0.88439005089203482       in event            1 local:           1
 Added good helicity           50   1.3735386833332111E-003  in event            1 local:           1
 Added good helicity           51   3.8719818946959778E-004  in event            1 local:           1
 Added good helicity           52   1.6854868236221156E-002  in event            1 local:           1
 Added good helicity           61  0.38129793191255029       in event            1 local:           1
 Added good helicity           62   1.8665345382303379E-003  in event            1 local:           1
 Added good helicity           63   1.2980428169932431E-004  in event            1 local:           1
 Added good helicity           64   2.3065858869202427E-002  in event            1 local:           1
 Added good helicity          193   136.25580248834993       in event            1 local:           1
 Added good helicity          194  0.21161773061285299       in event            1 local:           1
 Added good helicity          195   5.9654673834245581E-002  in event            1 local:           1
 Added good helicity          196   2.5967881423420445       in event            1 local:           1
 Added good helicity          205   58.745635647404242       in event            1 local:           1
 Added good helicity          206  0.28757239084979763       in event            1 local:           1
 Added good helicity          207   1.9998626795412044E-002  in event            1 local:           1
 Added good helicity          208   3.5537002108245987       in event            1 local:           1
 Added good helicity          209  0.61951268718612840       in event            1 local:           1
 Added good helicity          210   9.6215989744295901E-004  in event            1 local:           1
 Added good helicity          211   2.7123121815986781E-004  in event            1 local:           1
 Added good helicity          212   1.1806786725673158E-002  in event            1 local:           1
 Added good helicity          221  0.26709810471001638       in event            1 local:           1
 Added good helicity          222   1.3075020759657557E-003  in event            1 local:           1
 Added good helicity          223   9.0927526019433529E-005  in event            1 local:           1
 Added good helicity          224   1.6157567801562755E-002  in event            1 local:           1
 Added good helicity          225  0.65240601849127833       in event            1 local:           1
 Added good helicity          226   1.0132462511686119E-003  in event            1 local:           1
 Added good helicity          227   2.8563237329965195E-004  in event            1 local:           1
 Added good helicity          228   1.2433673883030327E-002  in event            1 local:           1
 Added good helicity          237  0.28127981015516174       in event            1 local:           1
 Added good helicity          238   1.3769245427795657E-003  in event            1 local:           1
 Added good helicity          239   9.5755367805369705E-005  in event            1 local:           1
 Added good helicity          240   1.7015461823388572E-002  in event            1 local:           1
 Added good helicity          241   4.5921493213403650       in event            1 local:           1
 Added good helicity          242   7.1320281431720336E-003  in event            1 local:           1
 Added good helicity          243   2.0105064515409119E-003  in event            1 local:           1
 Added good helicity          244   8.7518026298662094E-002  in event            1 local:           1
 Added good helicity          253   1.9798696711870394       in event            1 local:           1
 Added good helicity          254   9.6918834674217611E-003  in event            1 local:           1
 Added good helicity          255   6.7400197855165022E-004  in event            1 local:           1
 Added good helicity          256  0.11976827198078846       in event            1 local:           1
 RESET CUMULATIVE VARIABLE
 RESET CUMULATIVE VARIABLE
 RESET CUMULATIVE VARIABLE
 No points passed cuts!
 Loosen cuts or increase max_events      500000
 Deleting file events.lhe

ls status:
events.lhe
grid_information
input_app.txt
results.dat
run1_app.log
