 Process in group number            6
 A PDF is used, so alpha_s(MZ) is going to be modified
 Old value of alpha_s from param_card:   0.11839999999999999     
  ****************************************
 
       NNPDFDriver version 1.0.3
   Grid: NNPDF23_lo_as_0130_qed_mem0.grid
  ****************************************
 New value of alpha_s from PDF nn23lo1:  0.13000000000000000     
 Define smin to   0.0000000000000000     
 Define smin to   0.0000000000000000     
 Define smin to   0.0000000000000000     
 Define smin to   0.0000000000000000     
 Define smin to   0.0000000000000000     
 Define smin to   0.0000000000000000     
 Define smin to   0.0000000000000000     
 Define smin to   0.0000000000000000     
 Define smin to   0.0000000000000000     
 Define smin to   0.0000000000000000     
 Define smin to   0.0000000000000000     
 Define smin to   0.0000000000000000     
 Define smin to   0.0000000000000000     
 Define smin to   0.0000000000000000     
 Define smin to   0.0000000000000000     
 Define smin to   0.0000000000000000     
 Define smin to   0.0000000000000000     
 Define smin to   0.0000000000000000     
 Define smin to   0.0000000000000000     
 Define smin to   0.0000000000000000     
 Define smin to   0.0000000000000000     
 Define smin to   0.0000000000000000     
 Define smin to   0.0000000000000000     
 Define smin to   0.0000000000000000     
 Define smin to   0.0000000000000000     
 Define smin to   0.0000000000000000     
 Define smin to   0.0000000000000000     
 Define smin to   0.0000000000000000     
 Define smin to   0.0000000000000000     
 Define smin to   0.0000000000000000     
 Define smin to   0.0000000000000000     
 Define smin to   0.0000000000000000     
 Define smin to   0.0000000000000000     
 Define smin to   0.0000000000000000     
 Define smin to   0.0000000000000000     
 Define smin to   0.0000000000000000     
 Define smin to   0.0000000000000000     
 Define smin to   0.0000000000000000     
 Define smin to   0.0000000000000000     
 Define smin to   0.0000000000000000     
 Define smin to   0.0000000000000000     
 Define smin to   0.0000000000000000     
 Define smin to   0.0000000000000000     
 Define smin to   0.0000000000000000     
 Define smin to   0.0000000000000000     
 Define smin to   0.0000000000000000     
 Define smin to   0.0000000000000000     
 Define smin to   0.0000000000000000     
 Define smin to   0.0000000000000000     
 Define smin to   0.0000000000000000     
 Define smin to   0.0000000000000000     
 Define smin to   0.0000000000000000     
 Define smin to   0.0000000000000000     
 Define smin to   0.0000000000000000     
 Define smin to   0.0000000000000000     
 Define smin to   0.0000000000000000     
 Define smin to   0.0000000000000000     
 Define smin to   0.0000000000000000     
 Define smin to   0.0000000000000000     
 Define smin to   0.0000000000000000     
 Define smin to   0.0000000000000000     
 Define smin to   0.0000000000000000     
 Define smin to   0.0000000000000000     
 Define smin to   0.0000000000000000     
 Warning: pt or E min of a jet should in general be >0
 Warning: pt or E min of a jet should in general be >0
 Warning: pt or E min of a jet should in general be >0
 Warning: pt or E min of a jet should in general be >0
 *****************************************************
 *               MadGraph/MadEvent                   *
 *        --------------------------------           *
 *          http://madgraph.hep.uiuc.edu             *
 *          http://madgraph.phys.ucl.ac.be           *
 *          http://madgraph.roma2.infn.it            *
 *        --------------------------------           *
 *                                                   *
 *          PARAMETER AND COUPLING VALUES            *
 *                                                   *
 *****************************************************

  External Params
  ---------------------------------
  
 mdl_cabi =   0.22773599999999999     
 mdl_rhoH =    5.0000000000000003E-002
 mdl_Lambda =    5000.0000000000000     
 mdl_fW =    1000.0000000000000     
 mdl_fWW =    2410.0000000000000     
 mdl_fB =    0.0000000000000000     
 mdl_fBB =    0.0000000000000000     
 aEWM1 =    127.90000000000001     
 mdl_Gf =    1.1663700000000000E-005
 aS =   0.11839999999999999     
 mdl_ymb =    4.7000000000000002     
 mdl_ymt =    172.00000000000000     
 mdl_ymtau =    1.7769999999999999     
 mdl_MZ =    91.187600000000003     
 mdl_MTA =    1.7769999999999999     
 mdl_MT =    172.00000000000000     
 mdl_MB =    4.7000000000000002     
 mdl_MH =    125.00000000000000     
 mdl_MHH =    900.00000000000000     
 mdl_WZ =    2.4952000000000001     
 mdl_WW =    2.0850000000000000     
 mdl_WT =    1.5083359999999999     
 mdl_WH =    4.0699999999999998E-003
 mdl_WHH =    1.8766600000000000     
  Internal Params
  ---------------------------------
  
 mdl_cos__cabi =   0.97418004031982097     
 mdl_CKM1x1 =  ( 0.97418004031982097     ,  0.0000000000000000     )
 mdl_sin__cabi =   0.22577256042856930     
 mdl_CKM1x2 =  ( 0.22577256042856930     ,  0.0000000000000000     )
 mdl_CKM2x1 =  (-0.22577256042856930     ,  0.0000000000000000     )
 mdl_CKM2x2 =  ( 0.97418004031982097     ,  0.0000000000000000     )
 mdl_MZ__exp__2 =    8315.1783937600012     
 mdl_MZ__exp__4 =    69142191.720053151     
 mdl_sqrt__2 =    1.4142135623730951     
 mdl_Lambda__exp__2 =    25000000.000000000     
 mdl_MH__exp__2 =    15625.000000000000     
 mdl_complexi =  (  0.0000000000000000     ,  1.0000000000000000     )
 mdl_conjg__CKM1x1 =  ( 0.97418004031982097     , -0.0000000000000000     )
 mdl_conjg__CKM1x2 =  ( 0.22577256042856930     , -0.0000000000000000     )
 mdl_conjg__CKM2x1 =  (-0.22577256042856930     , -0.0000000000000000     )
 mdl_conjg__CKM2x2 =  ( 0.97418004031982097     , -0.0000000000000000     )
 mdl_aEW =    7.8186082877247844E-003
 mdl_MW =    79.824359746197842     
 mdl_sqrt__aEW =    8.8422894590285753E-002
 mdl_ee =   0.31345100004952897     
 mdl_MW__exp__2 =    6371.9284088904105     
 mdl_sw2 =   0.23369913342182447     
 mdl_cw =   0.87538612427783857     
 mdl_sqrt__sw2 =   0.48342438232036300     
 mdl_sw =   0.48342438232036300     
 mdl_g1 =   0.35807170271074895     
 mdl_gw =   0.64839716719502682     
 mdl_vev =    246.22056907348590     
 mdl_gHWW =    2.5878944366295706     
 mdl_gHWW1 =    5.1757888732591419E-005
 mdl_gHWW2 =   -2.4947302369109059E-004
 mdl_cw__exp__2 =   0.76630086657817542     
 mdl_gHZZ =    1.6885629062286611     
 mdl_sw__exp__2 =   0.23369913342182450     
 mdl_gHZZ1 =    5.1757888732591412E-005
 mdl_cw__exp__4 =   0.58721701811846261     
 mdl_sw__exp__4 =    5.4615284962111724E-002
 mdl_gHZZ2 =   -9.5585697121180213E-005
 mdl_vev__exp__2 =    60624.568634871241     
 mdl_lam =   0.12886689630821144     
 mdl_yb =    2.6995322804122722E-002
 mdl_yt =   0.98791394091683138     
 mdl_ytau =    1.0206529494239589E-002
 mdl_muH =    88.388347648318444     
 mdl_I1a33 =  (  2.6995322804122722E-002,  0.0000000000000000     )
 mdl_I2a33 =  ( 0.98791394091683138     ,  0.0000000000000000     )
 mdl_I3a33 =  ( 0.98791394091683138     ,  0.0000000000000000     )
 mdl_I4a33 =  (  2.6995322804122722E-002,  0.0000000000000000     )
 mdl_ee__exp__2 =    9.8251529432049817E-002
  Internal Params evaluated point by point
  ----------------------------------------
  
 mdl_sqrt__aS =   0.34409301068170506     
 mdl_G__exp__2 =    1.4878582807401259     
  Couplings of SMwithHeavyScalarDim4Dim6_NoDecay_UFO
  ---------------------------------
  
        GC_13 =   0.00000E+00   0.25879E+01
        GC_14 =  -0.00000E+00  -0.51758E-04
        GC_15 =  -0.00000E+00  -0.49895E-03
        GC_16 =   0.00000E+00   0.33771E+01
        GC_17 =  -0.00000E+00  -0.51758E-04
        GC_18 =  -0.00000E+00  -0.38234E-03
        GC_33 =   0.00000E+00   0.44665E+00
        GC_34 =   0.00000E+00   0.10351E+00
        GC_35 =  -0.00000E+00  -0.10351E+00
        GC_36 =   0.00000E+00   0.44665E+00
        GC_37 =  -0.00000E+00  -0.28380E+00
        GC_38 =   0.00000E+00   0.28380E+00
        GC_45 =  -0.00000E+00  -0.28850E-01
        GC_46 =   0.00000E+00   0.86550E-01
        GC_77 =   0.00000E+00   0.44665E+00
        GC_78 =   0.00000E+00   0.10351E+00
        GC_79 =   0.00000E+00  -0.10351E+00
        GC_80 =   0.00000E+00   0.44665E+00

 Collider parameters:
 --------------------

 Running at P P   machine @    13000.000000000000       GeV
 PDF set = nn23lo1
 alpha_s(Mz)= 0.1300 running at 2 loops.
 alpha_s(Mz)= 0.1300 running at 2 loops.
 Renormalization scale set on event-by-event basis
 Factorization   scale set on event-by-event basis


 getting user params
Enter number of events and max and min iterations: 
 Number of events and iterations         1000           5           3
Enter desired fractional accuracy: 
 Desired fractional accuracy:   0.10000000000000001     
Enter 0 for fixed, 2 for adjustable grid: 
Suppress amplitude (0 no, 1 yes)? 
 Using suppressed amplitude.
Exact helicity sum (0 yes, n = number/event)? 
 Explicitly summing over helicities
Enter Configuration Number: 
Running Configuration Number:    1
 Using dconfig=         205
 BW Setting            1           2           1           1           2           0
 Attempting mappinvarients           1           8
 Completed mapping           8
 about to integrate           16        1000           5           3          16           1
 Using non-zero grid deformation.
 16 dimensions   1000 events 16 invarients  5 iterations  1 config(s),  (0.99)
 Using h-tuple random number sequence.
 Error opening grid
 Using Uniform Grid!          32
 Using uniform alpha   1.0000000000000000     
 Grid defined OK
 Set CM energy to      13000.00
 Mapping Graph           1  to config           1
 Setting BW          -1           1   91.187600000000003     
Setting grid   2    0.59172E-08   1
 Setting BW          -3           3   900.00000000000000     
 Setting BW          -4           4   79.824359746197842     
Setting grid   5    0.50126E-02   1
 Transforming s_hat 1/s           15   5.0126341153910832E-003   0.0000000000000000        168999999.99999997     
   1   1   2   3   4   5   6   7   8   9  10  11  12  13  14
  15  16
 Masses: 0.000E+00 0.000E+00 0.000E+00 0.000E+00 0.000E+00 0.000E+00 0.000E+00 0.000E+00
 Got moffset           1
Using random seed offsets     1 :      6
  with seed                  303
 Ranmar initialization seeds       10188       12851
 
 ********************************************
 * You are using the DiscreteSampler module *
 *      part of the MG5_aMC framework       *
 *         Author: Valentin Hirschi         *
 ********************************************
 
  Particle       3       4       5       6       7       8
      Et >     0.0     0.0     0.0     0.0     0.0     0.0
       E >     0.0     0.0     0.0     0.0     0.0     0.0
     Eta <    -1.0    -1.0    -1.0    -1.0    -1.0    -1.0
   xqcut:      0.0     0.0     0.0     0.0     0.0     0.0
d R # 3  >    -0.0     0.0     0.0     0.0     0.0     0.0
d R # 4  >    -0.0    -0.0     0.0     0.0     0.0     0.0
d R # 5  >    -0.0    -0.0    -0.0     0.0     0.0     0.0
d R # 6  >    -0.0    -0.0    -0.0    -0.0     0.0     0.0
d R # 7  >    -0.0    -0.0    -0.0    -0.0    -0.0     0.0
s min # 3>     0.0     0.0     0.0     0.0     0.0     0.0
s min # 4>     0.0     0.0     0.0     0.0     0.0     0.0
s min # 5>     0.0     0.0     0.0     0.0     0.0     0.0
s min # 6>     0.0     0.0     0.0     0.0     0.0     0.0
s min # 7>     0.0     0.0     0.0     0.0     0.0     0.0
xqcutij # 3>     0.0     0.0     0.0     0.0     0.0     0.0
xqcutij # 4>     0.0     0.0     0.0     0.0     0.0     0.0
xqcutij # 5>     0.0     0.0     0.0     0.0     0.0     0.0
xqcutij # 6>     0.0     0.0     0.0     0.0     0.0     0.0
xqcutij # 7>     0.0     0.0     0.0     0.0     0.0     0.0
 Requiring BW           -1           1
 Excluding BW           -2           2
 Requiring BW           -3           3
 Requiring BW           -4           4
 Excluding BW           -5           5
 alpha_s for scale    1280.4742912522797       is    9.0451939800998235E-002
 Added good helicity          193   178.93099061391510       in event            1 local:           1
 Added good helicity          196   10.261958448532829       in event            1 local:           1
 Added good helicity          205   38.573655759257754       in event            1 local:           1
 Added good helicity          208   28.233395178294316       in event            1 local:           1
 Added good helicity          193   178.93099061391587       in event            1 local:           1
 Added good helicity          196   10.261958448532472       in event            1 local:           1
 Added good helicity          205   38.573655759256766       in event            1 local:           1
 Added good helicity          208   28.233395178294916       in event            1 local:           1
 RESET CUMULATIVE VARIABLE
 RESET CUMULATIVE VARIABLE
 RESET CUMULATIVE VARIABLE
 Iteration  1   Mean: 0.1206E-05 Abs mean: 0.1206E-05   Fluctuation:  0.337E-06   0.205E-03    75.9%
  1    0.1206E-05 0.1206E-05 +- 0.3368E-06      8.83
 Writing out events   3.1764748885316508E-010   8.8324260284863563     
 Relative summed weights:
  0.1763E-01  0.4857E-01  0.1008E-01  0.7074E-02  0.1226E+00  0.1337E-01  0.7862E-01  0.2777E-01  0.1426E-04  0.3662E-05  0.1365E-05  0.5040E-03  0.4123E-03  0.7213E-09  0.1813E-03  0.1131E-03  0.8662E-04  0.6762E-06  0.5841E-04  0.1868E-02  0.2381E-02  0.3105E-03  0.1900E-02  0.4190E-04  0.1342E-01  0.3355E+00  0.6697E-02  0.2571E-01  0.4394E-01  0.7183E-02  0.4127E-01  0.1036E-01  0.1565E-08  0.5036E-05  0.2163E-06  0.5989E-05  0.2778E-03  0.6523E-03  0.2521E-05  0.1024E-03  0.0000E+00  0.0000E+00  0.0000E+00  0.0000E+00  0.0000E+00  0.1332E-05  0.0000E+00  0.0000E+00  0.2777E-07  0.0000E+00  0.0000E+00  0.0000E+00  0.0000E+00  0.0000E+00  0.0000E+00  0.0000E+00  0.7507E-08  0.1580E-04  0.0000E+00  0.1401E-07  0.9616E-04  0.4218E-01  0.1364E+00  0.2117E-05  0.1842E-07  0.0000E+00  0.3032E-09  0.0000E+00  0.0000E+00  0.0000E+00  0.0000E+00  0.0000E+00  0.0000E+00  0.0000E+00  0.0000E+00  0.0000E+00  0.0000E+00  0.0000E+00  0.0000E+00  0.0000E+00  0.0000E+00  0.0000E+00  0.0000E+00  0.0000E+00  0.0000E+00  0.0000E+00  0.0000E+00  0.0000E+00  0.4854E-04  0.0000E+00  0.0000E+00  0.0000E+00  0.7251E-07  0.0000E+00  0.0000E+00  0.0000E+00  0.1167E-03  0.3539E-03  0.1698E-04  0.4098E-06  0.1676E-03  0.6603E-03  0.2580E-03  0.3622E-06  0.0000E+00  0.1104E-10  0.0000E+00  0.0000E+00  0.0000E+00  0.0000E+00  0.0000E+00  0.0000E+00  0.0000E+00  0.0000E+00  0.0000E+00  0.0000E+00  0.0000E+00  0.0000E+00  0.0000E+00  0.0000E+00  0.1414E-05  0.1361E-04  0.1220E-05  0.8571E-05  0.6955E-04  0.4051E-03  0.9173E-06  0.5013E-03
 Relative number of events:
  0.4063E-01  0.5253E-01  0.4856E-01  0.3964E-01  0.6640E-01  0.5946E-01  0.5649E-01  0.5352E-01  0.1982E-02  0.3964E-02  0.5946E-02  0.6938E-02  0.2973E-02  0.9911E-03  0.5946E-02  0.3964E-02  0.5946E-02  0.9911E-03  0.2973E-02  0.2973E-02  0.3964E-02  0.6938E-02  0.3964E-02  0.3964E-02  0.5253E-01  0.4559E-01  0.4262E-01  0.4757E-01  0.5550E-01  0.5550E-01  0.6541E-01  0.5550E-01  0.9911E-03  0.1982E-02  0.9911E-03  0.9911E-03  0.1982E-02  0.9911E-03  0.2973E-02  0.9911E-03  0.0000E+00  0.0000E+00  0.0000E+00  0.0000E+00  0.0000E+00  0.9911E-03  0.0000E+00  0.0000E+00  0.9911E-03  0.0000E+00  0.0000E+00  0.0000E+00  0.0000E+00  0.0000E+00  0.0000E+00  0.0000E+00  0.9911E-03  0.9911E-03  0.0000E+00  0.9911E-03  0.3964E-02  0.1982E-02  0.9911E-03  0.2973E-02  0.9911E-03  0.0000E+00  0.9911E-03  0.0000E+00  0.0000E+00  0.0000E+00  0.0000E+00  0.0000E+00  0.0000E+00  0.0000E+00  0.0000E+00  0.0000E+00  0.0000E+00  0.0000E+00  0.0000E+00  0.0000E+00  0.0000E+00  0.0000E+00  0.0000E+00  0.0000E+00  0.0000E+00  0.0000E+00  0.0000E+00  0.0000E+00  0.9911E-03  0.0000E+00  0.0000E+00  0.0000E+00  0.9911E-03  0.0000E+00  0.0000E+00  0.0000E+00  0.4955E-02  0.1982E-02  0.1982E-02  0.1982E-02  0.1982E-02  0.6938E-02  0.1982E-02  0.2973E-02  0.0000E+00  0.9911E-03  0.0000E+00  0.0000E+00  0.0000E+00  0.0000E+00  0.0000E+00  0.0000E+00  0.0000E+00  0.0000E+00  0.0000E+00  0.0000E+00  0.0000E+00  0.0000E+00  0.0000E+00  0.0000E+00  0.3964E-02  0.6938E-02  0.3964E-02  0.5946E-02  0.5946E-02  0.2973E-02  0.5946E-02  0.5946E-02
 Events:
          41          53          49          40          67          60          57          54           2           4           6           7           3           1           6           4           6           1           3           3           4           7           4           4          53          46          43          48          56          56          66          56           1           2           1           1           2           1           3           1           0           0           0           0           0           1           0           0           1           0           0           0           0           0           0           0           1           1           0           1           4           2           1           3           1           0           1           0           0           0           0           0           0           0           0           0           0           0           0           0           0           0           0           0           0           0           0           0           1           0           0           0           1           0           0           0           5           2           2           2           2           7           2           3           0           1           0           0           0           0           0           0           0           0           0           0           0           0           0           0           4           7           4           6           6           3           6           6
 Iteration  2   Mean: 0.1098E-05 Abs mean: 0.1098E-05   Fluctuation:  0.142E-06   0.165E-03    86.3%
  2    0.1098E-05 0.1098E-05 +- 0.1421E-06      5.79
 Relative summed weights:
  0.3679E-01  0.7124E-01  0.3435E-01  0.2883E-01  0.7282E-01  0.5946E-01  0.2523E-01  0.8285E-01  0.4166E-03  0.5904E-03  0.1166E-02  0.1889E-03  0.2183E-01  0.1274E-02  0.1258E-03  0.6631E-04  0.2956E-02  0.9268E-02  0.2532E-04  0.7329E-03  0.1549E-02  0.7210E-05  0.3699E-03  0.3454E-03  0.1672E-01  0.6889E-01  0.9278E-01  0.1291E+00  0.3656E-01  0.3505E-01  0.5705E-01  0.6616E-01  0.4877E-03  0.0000E+00  0.2047E-03  0.2602E-05  0.4976E-03  0.1906E-01  0.5344E-03  0.1505E-02  0.0000E+00  0.0000E+00  0.0000E+00  0.0000E+00  0.4216E-04  0.0000E+00  0.3837E-03  0.0000E+00  0.0000E+00  0.0000E+00  0.2654E-05  0.4554E-04  0.0000E+00  0.0000E+00  0.1549E-04  0.0000E+00  0.1021E-04  0.1257E-02  0.3644E-02  0.3468E-03  0.1704E-03  0.1919E-03  0.3052E-03  0.1640E-03  0.0000E+00  0.0000E+00  0.3120E-06  0.2384E-05  0.3421E-06  0.0000E+00  0.0000E+00  0.6234E-04  0.0000E+00  0.0000E+00  0.0000E+00  0.0000E+00  0.0000E+00  0.0000E+00  0.0000E+00  0.0000E+00  0.0000E+00  0.0000E+00  0.0000E+00  0.0000E+00  0.0000E+00  0.0000E+00  0.0000E+00  0.0000E+00  0.4354E-02  0.0000E+00  0.7865E-06  0.0000E+00  0.8906E-05  0.0000E+00  0.0000E+00  0.0000E+00  0.2106E-05  0.1350E-02  0.1993E-03  0.2743E-04  0.1030E-03  0.1454E-02  0.4404E-03  0.2673E-03  0.0000E+00  0.4643E-07  0.0000E+00  0.0000E+00  0.0000E+00  0.1003E-06  0.0000E+00  0.0000E+00  0.0000E+00  0.6562E-04  0.6929E-03  0.0000E+00  0.0000E+00  0.0000E+00  0.7168E-07  0.0000E+00  0.5628E-03  0.2617E-02  0.3571E-02  0.0000E+00  0.1739E-03  0.8922E-05  0.2142E-03  0.1525E-03
 Relative number of events:
  0.5100E-01  0.4800E-01  0.5650E-01  0.4900E-01  0.5950E-01  0.6400E-01  0.6700E-01  0.5700E-01  0.3000E-02  0.2500E-02  0.3000E-02  0.3000E-02  0.4500E-02  0.4500E-02  0.3000E-02  0.3500E-02  0.2500E-02  0.2000E-02  0.1500E-02  0.2500E-02  0.5000E-02  0.1000E-02  0.2500E-02  0.4500E-02  0.5300E-01  0.5200E-01  0.4150E-01  0.4850E-01  0.5900E-01  0.6050E-01  0.6550E-01  0.5350E-01  0.1000E-02  0.0000E+00  0.1000E-02  0.5000E-03  0.2500E-02  0.4000E-02  0.2500E-02  0.1000E-02  0.0000E+00  0.0000E+00  0.0000E+00  0.0000E+00  0.5000E-03  0.0000E+00  0.5000E-03  0.0000E+00  0.0000E+00  0.0000E+00  0.5000E-03  0.5000E-03  0.0000E+00  0.0000E+00  0.5000E-03  0.0000E+00  0.5000E-03  0.1000E-02  0.2000E-02  0.2500E-02  0.4500E-02  0.1000E-02  0.1500E-02  0.1000E-02  0.0000E+00  0.0000E+00  0.5000E-03  0.5000E-03  0.5000E-03  0.0000E+00  0.0000E+00  0.5000E-03  0.0000E+00  0.0000E+00  0.0000E+00  0.0000E+00  0.0000E+00  0.0000E+00  0.0000E+00  0.0000E+00  0.0000E+00  0.0000E+00  0.0000E+00  0.0000E+00  0.0000E+00  0.0000E+00  0.0000E+00  0.0000E+00  0.5000E-03  0.0000E+00  0.5000E-03  0.0000E+00  0.5000E-03  0.0000E+00  0.0000E+00  0.0000E+00  0.1000E-02  0.2000E-02  0.1000E-02  0.1000E-02  0.2500E-02  0.4000E-02  0.2000E-02  0.2000E-02  0.0000E+00  0.5000E-03  0.0000E+00  0.0000E+00  0.0000E+00  0.5000E-03  0.0000E+00  0.0000E+00  0.0000E+00  0.5000E-03  0.5000E-03  0.0000E+00  0.0000E+00  0.0000E+00  0.5000E-03  0.0000E+00  0.3000E-02  0.2500E-02  0.2500E-02  0.0000E+00  0.1500E-02  0.2500E-02  0.3000E-02  0.5000E-03
 Events:
         102          96         113          98         119         128         134         114           6           5           6           6           9           9           6           7           5           4           3           5          10           2           5           9         106         104          83          97         118         121         131         107           2           0           2           1           5           8           5           2           0           0           0           0           1           0           1           0           0           0           1           1           0           0           1           0           1           2           4           5           9           2           3           2           0           0           1           1           1           0           0           1           0           0           0           0           0           0           0           0           0           0           0           0           0           0           0           0           1           0           1           0           1           0           0           0           2           4           2           2           5           8           4           4           0           1           0           0           0           1           0           0           0           1           1           0           0           0           1           0           6           5           5           0           3           5           6           1
 Iteration  3   Mean: 0.1239E-05 Abs mean: 0.1239E-05   Fluctuation:  0.765E-07   0.146E-03    90.7%
  3    0.1239E-05 0.1239E-05 +- 0.7645E-07      3.90
 Relative summed weights:
  0.4934E-01  0.5503E-01  0.5441E-01  0.3953E-01  0.7705E-01  0.4710E-01  0.5300E-01  0.5313E-01  0.1811E-03  0.3032E-01  0.1905E-02  0.1828E-02  0.1558E-02  0.1296E-02  0.1672E-02  0.4844E-02  0.3448E-02  0.3438E-02  0.5956E-03  0.2782E-02  0.2104E-02  0.3155E-02  0.3516E-03  0.2022E-02  0.4326E-01  0.7141E-01  0.5927E-01  0.3862E-01  0.6793E-01  0.7568E-01  0.4532E-01  0.6133E-01  0.1304E-02  0.2629E-03  0.8600E-03  0.4149E-03  0.1294E-03  0.2343E-02  0.4997E-02  0.9819E-03  0.0000E+00  0.0000E+00  0.4464E-04  0.1495E-03  0.0000E+00  0.0000E+00  0.2726E-04  0.5499E-04  0.2152E-04  0.7359E-04  0.9886E-04  0.0000E+00  0.0000E+00  0.0000E+00  0.1512E-04  0.1561E-04  0.5322E-03  0.3420E-03  0.2005E-02  0.1998E-02  0.4712E-03  0.1641E-02  0.6405E-02  0.3470E-02  0.0000E+00  0.0000E+00  0.0000E+00  0.4131E-05  0.7380E-04  0.4168E-04  0.2738E-05  0.0000E+00  0.0000E+00  0.0000E+00  0.0000E+00  0.0000E+00  0.0000E+00  0.0000E+00  0.0000E+00  0.0000E+00  0.0000E+00  0.0000E+00  0.0000E+00  0.3847E-04  0.0000E+00  0.0000E+00  0.0000E+00  0.0000E+00  0.1464E-04  0.8736E-05  0.0000E+00  0.0000E+00  0.0000E+00  0.0000E+00  0.0000E+00  0.2040E-04  0.6508E-03  0.4016E-03  0.6584E-03  0.1014E-03  0.1381E-02  0.9603E-03  0.2745E-03  0.3775E-03  0.0000E+00  0.0000E+00  0.0000E+00  0.1195E-04  0.0000E+00  0.0000E+00  0.0000E+00  0.0000E+00  0.1272E-04  0.1634E-05  0.0000E+00  0.0000E+00  0.0000E+00  0.0000E+00  0.0000E+00  0.0000E+00  0.1579E-03  0.1103E-02  0.3144E-02  0.5117E-04  0.2812E-03  0.2949E-03  0.6955E-03  0.7656E-02
 Relative number of events:
  0.5575E-01  0.4975E-01  0.4775E-01  0.4625E-01  0.6150E-01  0.6750E-01  0.5500E-01  0.6450E-01  0.2250E-02  0.3000E-02  0.1750E-02  0.2000E-02  0.3750E-02  0.3500E-02  0.2750E-02  0.3000E-02  0.2000E-02  0.2750E-02  0.2000E-02  0.3500E-02  0.3500E-02  0.2500E-02  0.3250E-02  0.4000E-02  0.5375E-01  0.4700E-01  0.4950E-01  0.4750E-01  0.6225E-01  0.6300E-01  0.6300E-01  0.5950E-01  0.1500E-02  0.1500E-02  0.1750E-02  0.2000E-02  0.7500E-03  0.2750E-02  0.3250E-02  0.1000E-02  0.0000E+00  0.0000E+00  0.2500E-03  0.5000E-03  0.0000E+00  0.0000E+00  0.5000E-03  0.2500E-03  0.2500E-03  0.5000E-03  0.2500E-03  0.0000E+00  0.0000E+00  0.0000E+00  0.2500E-03  0.2500E-03  0.2250E-02  0.1250E-02  0.1500E-02  0.3250E-02  0.7500E-03  0.3500E-02  0.1000E-02  0.1250E-02  0.0000E+00  0.0000E+00  0.0000E+00  0.5000E-03  0.5000E-03  0.2500E-03  0.2500E-03  0.0000E+00  0.0000E+00  0.0000E+00  0.0000E+00  0.0000E+00  0.0000E+00  0.0000E+00  0.0000E+00  0.0000E+00  0.0000E+00  0.0000E+00  0.0000E+00  0.2500E-03  0.0000E+00  0.0000E+00  0.0000E+00  0.0000E+00  0.2500E-03  0.2500E-03  0.0000E+00  0.0000E+00  0.0000E+00  0.0000E+00  0.0000E+00  0.2500E-03  0.2000E-02  0.1250E-02  0.1750E-02  0.7500E-03  0.1750E-02  0.1750E-02  0.1750E-02  0.1500E-02  0.0000E+00  0.0000E+00  0.0000E+00  0.2500E-03  0.0000E+00  0.0000E+00  0.0000E+00  0.0000E+00  0.2500E-03  0.2500E-03  0.0000E+00  0.0000E+00  0.0000E+00  0.0000E+00  0.0000E+00  0.0000E+00  0.1250E-02  0.1750E-02  0.1250E-02  0.7500E-03  0.1500E-02  0.2500E-02  0.1250E-02  0.2750E-02
 Events:
         223         199         191         185         246         270         220         258           9          12           7           8          15          14          11          12           8          11           8          14          14          10          13          16         215         188         198         190         249         252         252         238           6           6           7           8           3          11          13           4           0           0           1           2           0           0           2           1           1           2           1           0           0           0           1           1           9           5           6          13           3          14           4           5           0           0           0           2           2           1           1           0           0           0           0           0           0           0           0           0           0           0           0           1           0           0           0           0           1           1           0           0           0           0           0           1           8           5           7           3           7           7           7           6           0           0           0           1           0           0           0           0           1           1           0           0           0           0           0           0           5           7           5           3           6          10           5          11
 Accuracy:    0.031   0.100   0.055   0.327
 Finished due to accuracy    3.1252367309767569E-002  0.10000000000000001     

 -------------------------------------------------------------------------------
 Accumulated results:   Integral =  0.1213E-05
                        Std dev  =  0.6624E-07
                       Cross sec =  0.1213E-05
             Chi**2 per DoF.     =      0.3274
 -------------------------------------------------------------------------------
 Found          377  events.
 Wrote           51  events.
 Actual xsec    1.2127207904231286E-006
 Correct abs xsec    1.2127207904231286E-006
 Event xsec    1.2127207904231288E-006
 Events wgts > 1:            1
 % Cross section > 1:    8.5129517645746662E-009  0.70197128900580841     
-------------------------------------------------
---------------------------
 Results Last   3 iters: Integral =   0.1213E-05
                     Abs integral =   0.1213E-05
                          Std dev =   0.6624E-07
                  Chi**2 per DoF. =      0.3829
-------------------------------------------------
---------------------------
 Status  0.10000000000000001                4           5

ls status:
events.lhe
ftn26
input_app.txt
input_sg.txt
moffset.dat
multijob.dat
results.dat
run1_app.log
run_15_log.txt
run_19_log.txt
run_23_log.txt
run_24_log.txt
