 Process in group number            1
 A PDF is used, so alpha_s(MZ) is going to be modified
 Old value of alpha_s from param_card:   0.11839999999999999     
  ****************************************
 
       NNPDFDriver version 1.0.3
   Grid: NNPDF23_lo_as_0130_qed_mem0.grid
  ****************************************
 New value of alpha_s from PDF nn23lo1:  0.13000000000000000     
 Define smin to   88.360000000000014     
 Define smin to   88.360000000000014     
 Warning: pt or E min of a jet should in general be >0
 Warning: pt or E min of a jet should in general be >0
 Warning: pt or E min of a jet should in general be >0
 Warning: pt or E min of a jet should in general be >0
 *****************************************************
 *               MadGraph/MadEvent                   *
 *        --------------------------------           *
 *          http://madgraph.hep.uiuc.edu             *
 *          http://madgraph.phys.ucl.ac.be           *
 *          http://madgraph.roma2.infn.it            *
 *        --------------------------------           *
 *                                                   *
 *          PARAMETER AND COUPLING VALUES            *
 *                                                   *
 *****************************************************

  External Params
  ---------------------------------
  
 mdl_cabi =   0.22773599999999999     
 aEWM1 =    127.90000000000001     
 mdl_Gf =    1.1663700000000000E-005
 aS =   0.11839999999999999     
 mdl_ymb =    4.7000000000000002     
 mdl_ymt =    172.00000000000000     
 mdl_ymtau =    1.7769999999999999     
 mdl_Lambda =    5000.0000000000000     
 mdl_ca =    1.0000000000000000     
 mdl_kSM =    5.0000000000000003E-002
 mdl_kHtt =    0.0000000000000000     
 mdl_kAtt =    0.0000000000000000     
 mdl_kHbb =    0.0000000000000000     
 mdl_kAbb =    0.0000000000000000     
 mdl_kHll =    0.0000000000000000     
 mdl_kAll =    0.0000000000000000     
 mdl_kHaa =    0.0000000000000000     
 mdl_kAaa =    0.0000000000000000     
 mdl_kHza =    0.0000000000000000     
 mdl_kAza =    0.0000000000000000     
 mdl_kHgg =    0.0000000000000000     
 mdl_kAgg =    0.0000000000000000     
 mdl_kHzz =  -0.52481000000000000     
 mdl_kAzz =    0.0000000000000000     
 mdl_kHww =  -0.52481000000000000     
 mdl_kAww =    0.0000000000000000     
 mdl_kHda =    0.0000000000000000     
 mdl_kHdz =  -0.26240500000000000     
 mdl_kHdwR =  -0.26240500000000000     
 mdl_kHdwI =    0.0000000000000000     
 mdl_kHHgg =    1.0000000000000000     
 mdl_kAAgg =    1.0000000000000000     
 mdl_kqa =    1.0000000000000000     
 mdl_kqb =    1.0000000000000000     
 mdl_kla =    1.0000000000000000     
 mdl_klb =    1.0000000000000000     
 mdl_kw1 =    1.0000000000000000     
 mdl_kw2 =    1.0000000000000000     
 mdl_kw3 =    0.0000000000000000     
 mdl_kw4 =    0.0000000000000000     
 mdl_kw5 =    0.0000000000000000     
 mdl_kz1 =    0.0000000000000000     
 mdl_kz3 =    1.0000000000000000     
 mdl_kz5 =    0.0000000000000000     
 mdl_kq =    1.0000000000000000     
 mdl_kq3 =    1.0000000000000000     
 mdl_kl =    1.0000000000000000     
 mdl_kg =    1.0000000000000000     
 mdl_ka =    1.0000000000000000     
 mdl_kz =    1.0000000000000000     
 mdl_kw =    1.0000000000000000     
 mdl_kza =    0.0000000000000000     
 mdl_MZ =    91.187600000000003     
 mdl_MTA =    1.7769999999999999     
 mdl_MT =    172.00000000000000     
 mdl_MB =    4.7000000000000002     
 mdl_MX0 =    600.00000000000000     
 mdl_MX1 =    125.00000000000000     
 mdl_MX2 =    125.00000000000000     
 mdl_WZ =    2.4952000000000001     
 mdl_WW =    2.0850000000000000     
 mdl_WT =    1.5083359999999999     
 mdl_WX0 =   0.15059000000000000     
 mdl_WX1 =    4.0699999999999998E-003
 mdl_WX2 =    4.0699999999999998E-003
  Internal Params
  ---------------------------------
  
 mdl_cos__cabi =   0.97418004031982097     
 mdl_CKM1x1 =  ( 0.97418004031982097     ,  0.0000000000000000     )
 mdl_sin__cabi =   0.22577256042856930     
 mdl_CKM1x2 =  ( 0.22577256042856930     ,  0.0000000000000000     )
 mdl_CKM2x1 =  (-0.22577256042856930     ,  0.0000000000000000     )
 mdl_CKM2x2 =  ( 0.97418004031982097     ,  0.0000000000000000     )
 mdl_ca__exp__2 =    1.0000000000000000     
 mdl_sa =    0.0000000000000000     
 mdl_complexi =  (  0.0000000000000000     ,  1.0000000000000000     )
 mdl_kHdw =  (-0.26240500000000000     ,  0.0000000000000000     )
 mdl_MZ__exp__2 =    8315.1783937600012     
 mdl_MZ__exp__4 =    69142191.720053151     
 mdl_sqrt__2 =    1.4142135623730951     
 mdl_nb__2__exp__0_75 =    1.6817928305074290     
 mdl_MX0__exp__2 =    360000.00000000000     
 mdl_ca__exp__4 =    1.0000000000000000     
 mdl_ca__exp__3 =    1.0000000000000000     
 mdl_conjg__CKM1x1 =  ( 0.97418004031982097     , -0.0000000000000000     )
 mdl_conjg__CKM1x2 =  ( 0.22577256042856930     , -0.0000000000000000     )
 mdl_conjg__CKM2x1 =  (-0.22577256042856930     , -0.0000000000000000     )
 mdl_conjg__CKM2x2 =  ( 0.97418004031982097     , -0.0000000000000000     )
 mdl_conjg__kHdw =  (-0.26240500000000000     , -0.0000000000000000     )
 mdl_aEW =    7.8186082877247844E-003
 mdl_MW =    79.824359746197842     
 mdl_sqrt__aEW =    8.8422894590285753E-002
 mdl_ee =   0.31345100004952897     
 mdl_MW__exp__2 =    6371.9284088904105     
 mdl_sw2 =   0.23369913342182447     
 mdl_cw =   0.87538612427783857     
 mdl_sqrt__sw2 =   0.48342438232036300     
 mdl_sw =   0.48342438232036300     
 mdl_ad =  -0.12747442148678401     
 mdl_al =   -1.2074027013887732E-002
 mdl_an =   0.18517461872323218     
 mdl_au =    6.9774224250335873E-002
 mdl_bd =  -0.18517461872323218     
 mdl_bl =  -0.18517461872323218     
 mdl_bn =   0.18517461872323218     
 mdl_bu =   0.18517461872323218     
 mdl_gwwz =  -0.56759788318358417     
 mdl_g1 =   0.35807170271074895     
 mdl_gw =   0.64839716719502682     
 mdl_vev =    246.22056907348590     
 mdl_ee__exp__2 =    9.8251529432049817E-002
 mdl_gAaa =    1.3477023594718659E-005
 mdl_vev__exp__2 =    60624.568634871241     
 mdl_cw__exp__2 =   0.76630086657817542     
 mdl_gAza =    4.4999802188047602E-006
 mdl_gHaa =    2.6392504539657372E-005
 mdl_gHza =    3.9166441035016922E-005
 mdl_lam =    2.9690932909411916     
 mdl_yb =    2.6995322804122722E-002
 mdl_yt =   0.98791394091683138     
 mdl_ytau =    1.0206529494239589E-002
 mdl_muH =    424.26406871192853     
 mdl_sw__exp__2 =   0.23369913342182450     
  Internal Params evaluated point by point
  ----------------------------------------
  
 mdl_sqrt__aS =   0.34409301068170506     
 mdl_G__exp__2 =    1.4878582807401259     
 mdl_gAAgg =    3.1083017473614446E-007
 mdl_gAgg =    7.6532782508744533E-005
 mdl_gHgg =   -5.1021855005829691E-005
 mdl_gHHgg =    2.0722011649076294E-007
  Couplings of HC_UFO
  ---------------------------------
  
        GC_10 =  -0.00000E+00   0.00000E+00
        GC_13 =  -0.00000E+00  -0.20722E-06
        GC_62 =   0.00000E+00   0.00000E+00
        GC_64 =   0.00000E+00   0.00000E+00
         GC_1 =  -0.00000E+00  -0.10448E+00
         GC_2 =   0.00000E+00   0.20897E+00
         GC_3 =  -0.00000E+00  -0.31345E+00
         GC_9 =  -0.00000E+00  -0.00000E+00
        GC_16 =  -0.00000E+00  -0.00000E+00
        GC_17 =   0.00000E+00  -0.12074E-01
        GC_19 =  -0.00000E+00   0.18517E+00
        GC_21 =   0.00000E+00  -0.12747E+00
        GC_22 =   0.00000E+00   0.69774E-01
        GC_23 =  -0.00000E+00   0.18517E+00
        GC_24 =  -0.00000E+00  -0.18517E+00
        GC_61 =   0.00000E+00   0.00000E+00
        GC_66 =   0.00000E+00   0.00000E+00
        GC_77 =  -0.00000E+00  -0.28380E+00
        GC_78 =   0.00000E+00   0.28380E+00
        GC_89 =  -0.00000E+00  -0.28850E-01
        GC_90 =   0.00000E+00   0.86550E-01
        GC_98 =  -0.00000E+00  -0.21932E+03
       GC_100 =   0.00000E+00   0.33771E+01
       GC_101 =  -0.00000E+00  -0.00000E+00
       GC_102 =   0.00000E+00   0.00000E+00
       GC_105 =  -0.00000E+00  -0.00000E+00
       GC_106 =   0.00000E+00   0.00000E+00
        GC_35 =  -0.00000E+00  -0.20000E-03
        GC_38 =  -0.00000E+00  -0.00000E+00
        GC_40 =   0.00000E+00   0.52481E-04
        GC_42 =   0.00000E+00   0.10496E-03
        GC_43 =   0.00000E+00   0.50000E-04
        GC_45 =   0.00000E+00   0.50000E-04
        GC_49 =   0.00000E+00   0.50000E-04
        GC_56 =  -0.00000E+00  -0.94000E-03
        GC_58 =  -0.00000E+00  -0.35540E-03
        GC_68 =   0.00000E+00   0.00000E+00

 Collider parameters:
 --------------------

 Running at P P   machine @    13000.000000000000       GeV
 PDF set = nn23lo1
 alpha_s(Mz)= 0.1300 running at 2 loops.
 alpha_s(Mz)= 0.1300 running at 2 loops.
 Renormalization scale set on event-by-event basis
 Factorization   scale set on event-by-event basis


 getting user params
Enter number of events and max and min iterations: 
 Number of events and iterations         1000           5           3
Enter desired fractional accuracy: 
 Desired fractional accuracy:   0.10000000000000001     
Enter 0 for fixed, 2 for adjustable grid: 
Suppress amplitude (0 no, 1 yes)? 
 Using suppressed amplitude.
Exact helicity sum (0 yes, n = number/event)? 
 Explicitly summing over helicities
Enter Configuration Number: 
Running Configuration Number:    9
 Not subdividing B.W.
 Attempting mappinvarients           1           8
 Completed mapping           8
 about to integrate           16        1000           5           3          16           1
 Using non-zero grid deformation.
 16 dimensions   1000 events 16 invarients  5 iterations  1 config(s),  (0.99)
 Using h-tuple random number sequence.
 Error opening grid
 Using Uniform Grid!          32
 Using uniform alpha   1.0000000000000000     
 Grid defined OK
 Set CM energy to      13000.00
 Mapping Graph           9  to config           9
Setting grid   1    0.52284E-06   1
Setting grid   2    0.59172E-08   1
 Setting BW          -3           1   600.00000000000000     
 Setting BW          -4           2   91.187600000000003     
Setting grid   5    0.25116E-02   1
 Transforming s_hat 1/s           15   2.5115575576956360E-003   88.360000000000014        168999999.99999997     
   9   1   2   3   4   5   6   7   8   9  10  11  12  13  14
  15  16
 Masses: 0.470E+01 0.470E+01 0.000E+00 0.000E+00 0.000E+00 0.000E+00 0.470E+01 0.470E+01
Using random seed offsets     9 :     12
  with seed                   24
 Ranmar initialization seeds       31067        9409
 
 ********************************************
 * You are using the DiscreteSampler module *
 *      part of the MG5_aMC framework       *
 *         Author: Valentin Hirschi         *
 ********************************************
 
  Particle       3       4       5       6       7       8
      Et >     0.0     0.0     0.0     0.0     0.0     0.0
       E >     0.0     0.0     0.0     0.0     0.0     0.0
     Eta <    -1.0    -1.0    -1.0    -1.0    -1.0    -1.0
   xqcut:      0.0     0.0     0.0     0.0     0.0     0.0
d R # 3  >    -0.0     0.0     0.0     0.0     0.0     0.0
d R # 4  >    -0.0    -0.0     0.0     0.0     0.0     0.0
d R # 5  >    -0.0    -0.0    -0.0     0.0     0.0     0.0
d R # 6  >    -0.0    -0.0    -0.0    -0.0     0.0     0.0
d R # 7  >    -0.0    -0.0    -0.0    -0.0    -0.0     0.0
s min # 3>     0.0     0.0     0.0     0.0    22.1     0.0
s min # 4>     0.0     0.0     0.0     0.0    22.1     0.0
s min # 5>     0.0     0.0     0.0     0.0    22.1     0.0
s min # 6>     0.0     0.0     0.0     0.0    22.1     0.0
s min # 7>     0.0     0.0     0.0     0.0     0.0     0.0
xqcutij # 3>     0.0     0.0     0.0     0.0     0.0     0.0
xqcutij # 4>     0.0     0.0     0.0     0.0     0.0     0.0
xqcutij # 5>     0.0     0.0     0.0     0.0     0.0     0.0
xqcutij # 6>     0.0     0.0     0.0     0.0     0.0     0.0
xqcutij # 7>     0.0     0.0     0.0     0.0     0.0     0.0
 No cut BW           -3           1
 No cut BW           -4           2
 alpha_s for scale    483.19516060230853       is   0.10182607117114026     
 Added good helicity            1   6.8829991922540561       in event            1 local:           1
 Added good helicity            2  0.12809026970429588       in event            1 local:           1
 Added good helicity            3  0.13790788598529163       in event            1 local:           1
 Added good helicity            4  0.10661484433840847       in event            1 local:           1
 Added good helicity           13   2.5955293931937251       in event            1 local:           1
 Added good helicity           14   9.4844521313515326E-002  in event            1 local:           1
 Added good helicity           15   9.5537375136960853E-002  in event            1 local:           1
 Added good helicity           16  0.17148800582937190       in event            1 local:           1
 Added good helicity           49  0.85685533916451495       in event            1 local:           1
 Added good helicity           50   1.5945785903137080E-002  in event            1 local:           1
 Added good helicity           51   1.7167967788281956E-002  in event            1 local:           1
 Added good helicity           52   1.3272338998436268E-002  in event            1 local:           1
 Added good helicity           61  0.32311397348692106       in event            1 local:           1
 Added good helicity           62   1.1807067269373668E-002  in event            1 local:           1
 Added good helicity           63   1.1893319712719586E-002  in event            1 local:           1
 Added good helicity           64   2.1348311875865916E-002  in event            1 local:           1
 Added good helicity           65  0.24802588378418913       in event            1 local:           1
 Added good helicity           66   4.6156771866711693E-003  in event            1 local:           1
 Added good helicity           67   4.9694507215407241E-003  in event            1 local:           1
 Added good helicity           68   3.8418195691939066E-003  in event            1 local:           1
 Added good helicity           77   9.3528773381112970E-002  in event            1 local:           1
 Added good helicity           78   3.4176810956691888E-003  in event            1 local:           1
 Added good helicity           79   3.4426477820065546E-003  in event            1 local:           1
 Added good helicity           80   6.1794957425077377E-003  in event            1 local:           1
 Added good helicity          113   5.0816588018800693E-002  in event            1 local:           1
 Added good helicity          114   9.4567938815181749E-004  in event            1 local:           1
 Added good helicity          115   1.0181620004466843E-003  in event            1 local:           1
 Added good helicity          116   7.8712817917086348E-004  in event            1 local:           1
 Added good helicity          125   1.9162569133096118E-002  in event            1 local:           1
 Added good helicity          126   7.0022890179228820E-004  in event            1 local:           1
 Added good helicity          127   7.0534418167535282E-004  in event            1 local:           1
 Added good helicity          128   1.2660811223403714E-003  in event            1 local:           1
 Added good helicity          129  0.22012093877244626       in event            1 local:           1
 Added good helicity          130   4.0963756681325408E-003  in event            1 local:           1
 Added good helicity          131   4.4103467804221443E-003  in event            1 local:           1
 Added good helicity          132   3.4095833759880635E-003  in event            1 local:           1
 Added good helicity          141   8.3006019713650403E-002  in event            1 local:           1
 Added good helicity          142   3.0331639574284674E-003  in event            1 local:           1
 Added good helicity          143   3.0553216868991562E-003  in event            1 local:           1
 Added good helicity          144   5.4842518177042341E-003  in event            1 local:           1
 Added good helicity          177   4.5099305319455815E-002  in event            1 local:           1
 Added good helicity          178   8.3928270518272309E-004  in event            1 local:           1
 Added good helicity          179   9.0361042944922824E-004  in event            1 local:           1
 Added good helicity          180   6.9856980686779948E-004  in event            1 local:           1
 Added good helicity          189   1.7006623028664309E-002  in event            1 local:           1
 Added good helicity          190   6.2144741051394544E-004  in event            1 local:           1
 Added good helicity          191   6.2598717947984748E-004  in event            1 local:           1
 Added good helicity          192   1.1236366179189867E-003  in event            1 local:           1
 Added good helicity          193   122.81320361114619       in event            1 local:           1
 Added good helicity          194   2.2855118727173140       in event            1 local:           1
 Added good helicity          195   2.4606873846730544       in event            1 local:           1
 Added good helicity          196   1.9023263289699230       in event            1 local:           1
 Added good helicity          205   46.311974030702387       in event            1 local:           1
 Added good helicity          206   1.6923087134147832       in event            1 local:           1
 Added good helicity          207   1.7046712889890099       in event            1 local:           1
 Added good helicity          208   3.0598567264824839       in event            1 local:           1
 Added good helicity          241   41.412577686338487       in event            1 local:           1
 Added good helicity          242  0.77067396011942024       in event            1 local:           1
 Added good helicity          243  0.82974309343981190       in event            1 local:           1
 Added good helicity          244  0.64146390263273145       in event            1 local:           1
 Added good helicity          253   15.616384606549680       in event            1 local:           1
 Added good helicity          254  0.57064602178650992       in event            1 local:           1
 Added good helicity          255  0.57481467879013259       in event            1 local:           1
 Added good helicity          256   1.0317828268345968       in event            1 local:           1
 Added good helicity            1   6.8829991922540739       in event            1 local:           1
 Added good helicity            2  0.12809026970429616       in event            1 local:           1
 Added good helicity            3  0.13790788598529261       in event            1 local:           1
 Added good helicity            4  0.10661484433840790       in event            1 local:           1
 Added good helicity           13   2.5955293931937113       in event            1 local:           1
 Added good helicity           14   9.4844521313515770E-002  in event            1 local:           1
 Added good helicity           15   9.5537375136961769E-002  in event            1 local:           1
 Added good helicity           16  0.17148800582937251       in event            1 local:           1
 Added good helicity           49  0.85685533916451651       in event            1 local:           1
 Added good helicity           50   1.5945785903137107E-002  in event            1 local:           1
 Added good helicity           51   1.7167967788282064E-002  in event            1 local:           1
 Added good helicity           52   1.3272338998436221E-002  in event            1 local:           1
 Added good helicity           61  0.32311397348691950       in event            1 local:           1
 Added good helicity           62   1.1807067269373710E-002  in event            1 local:           1
 Added good helicity           63   1.1893319712719688E-002  in event            1 local:           1
 Added good helicity           64   2.1348311875865982E-002  in event            1 local:           1
 Added good helicity           65  0.24802588378418849       in event            1 local:           1
 Added good helicity           66   4.6156771866711554E-003  in event            1 local:           1
 Added good helicity           67   4.9694507215407371E-003  in event            1 local:           1
 Added good helicity           68   3.8418195691938741E-003  in event            1 local:           1
 Added good helicity           77   9.3528773381112151E-002  in event            1 local:           1
 Added good helicity           78   3.4176810956691897E-003  in event            1 local:           1
 Added good helicity           79   3.4426477820065746E-003  in event            1 local:           1
 Added good helicity           80   6.1794957425077290E-003  in event            1 local:           1
 Added good helicity          113   5.0816588018800873E-002  in event            1 local:           1
 Added good helicity          114   9.4567938815182107E-004  in event            1 local:           1
 Added good helicity          115   1.0181620004466943E-003  in event            1 local:           1
 Added good helicity          116   7.8712817917086239E-004  in event            1 local:           1
 Added good helicity          125   1.9162569133096087E-002  in event            1 local:           1
 Added good helicity          126   7.0022890179229319E-004  in event            1 local:           1
 Added good helicity          127   7.0534418167536106E-004  in event            1 local:           1
 Added good helicity          128   1.2660811223403783E-003  in event            1 local:           1
 Added good helicity          129  0.22012093877244518       in event            1 local:           1
 Added good helicity          130   4.0963756681325191E-003  in event            1 local:           1
 Added good helicity          131   4.4103467804221417E-003  in event            1 local:           1
 Added good helicity          132   3.4095833759880236E-003  in event            1 local:           1
 Added good helicity          141   8.3006019713649556E-002  in event            1 local:           1
 Added good helicity          142   3.0331639574284622E-003  in event            1 local:           1
 Added good helicity          143   3.0553216868991644E-003  in event            1 local:           1
 Added good helicity          144   5.4842518177042141E-003  in event            1 local:           1
 Added good helicity          177   4.5099305319456627E-002  in event            1 local:           1
 Added good helicity          178   8.3928270518273925E-004  in event            1 local:           1
 Added good helicity          179   9.0361042944924863E-004  in event            1 local:           1
 Added good helicity          180   6.9856980686780837E-004  in event            1 local:           1
 Added good helicity          189   1.7006623028664535E-002  in event            1 local:           1
 Added good helicity          190   6.2144741051395889E-004  in event            1 local:           1
 Added good helicity          191   6.2598717947986407E-004  in event            1 local:           1
 Added good helicity          192   1.1236366179190095E-003  in event            1 local:           1
 Added good helicity          193   122.81320361114636       in event            1 local:           1
 Added good helicity          194   2.2855118727173154       in event            1 local:           1
 Added good helicity          195   2.4606873846730659       in event            1 local:           1
 Added good helicity          196   1.9023263289699146       in event            1 local:           1
 Added good helicity          205   46.311974030702160       in event            1 local:           1
 Added good helicity          206   1.6923087134147898       in event            1 local:           1
 Added good helicity          207   1.7046712889890245       in event            1 local:           1
 Added good helicity          208   3.0598567264824927       in event            1 local:           1
 Added good helicity          241   41.412577686338629       in event            1 local:           1
 Added good helicity          242  0.77067396011942180       in event            1 local:           1
 Added good helicity          243  0.82974309343981756       in event            1 local:           1
 Added good helicity          244  0.64146390263272901       in event            1 local:           1
 Added good helicity          253   15.616384606549614       in event            1 local:           1
 Added good helicity          254  0.57064602178651302       in event            1 local:           1
 Added good helicity          255  0.57481467879013803       in event            1 local:           1
 Added good helicity          256   1.0317828268346001       in event            1 local:           1
 RESET CUMULATIVE VARIABLE
 RESET CUMULATIVE VARIABLE
 RESET CUMULATIVE VARIABLE
 No points passed cuts!
 Loosen cuts or increase max_events      500000
 Deleting file events.lhe

ls status:
events.lhe
grid_information
input_app.txt
results.dat
run1_app.log
