 Process in group number            1
 A PDF is used, so alpha_s(MZ) is going to be modified
 Old value of alpha_s from param_card:   0.11839999999999999     
  ****************************************
 
       NNPDFDriver version 1.0.3
   Grid: NNPDF23_lo_as_0130_qed_mem0.grid
  ****************************************
 New value of alpha_s from PDF nn23lo1:  0.13000000000000000     
 Define smin to   167.80611600000000     
 Define smin to   167.80611600000000     
 Warning: pt or E min of a jet should in general be >0
 Warning: pt or E min of a jet should in general be >0
 Warning: pt or E min of a jet should in general be >0
 Warning: pt or E min of a jet should in general be >0
 *****************************************************
 *               MadGraph/MadEvent                   *
 *        --------------------------------           *
 *          http://madgraph.hep.uiuc.edu             *
 *          http://madgraph.phys.ucl.ac.be           *
 *          http://madgraph.roma2.infn.it            *
 *        --------------------------------           *
 *                                                   *
 *          PARAMETER AND COUPLING VALUES            *
 *                                                   *
 *****************************************************

  External Params
  ---------------------------------
  
 mdl_cabi =   0.22773599999999999     
 aEWM1 =    127.90000000000001     
 mdl_Gf =    1.1663700000000000E-005
 aS =   0.11839999999999999     
 mdl_ymb =    4.7000000000000002     
 mdl_ymt =    172.00000000000000     
 mdl_ymtau =    1.7769999999999999     
 mdl_Lambda =    5000.0000000000000     
 mdl_ca =    1.0000000000000000     
 mdl_kSM =    5.0000000000000003E-002
 mdl_kHtt =    0.0000000000000000     
 mdl_kAtt =    0.0000000000000000     
 mdl_kHbb =    0.0000000000000000     
 mdl_kAbb =    0.0000000000000000     
 mdl_kHll =    0.0000000000000000     
 mdl_kAll =    0.0000000000000000     
 mdl_kHaa =    0.0000000000000000     
 mdl_kAaa =    0.0000000000000000     
 mdl_kHza =    0.0000000000000000     
 mdl_kAza =    0.0000000000000000     
 mdl_kHgg =    0.0000000000000000     
 mdl_kAgg =    0.0000000000000000     
 mdl_kHzz =  -0.52481000000000000     
 mdl_kAzz =    0.0000000000000000     
 mdl_kHww =  -0.52481000000000000     
 mdl_kAww =    0.0000000000000000     
 mdl_kHda =    0.0000000000000000     
 mdl_kHdz =  -0.26240500000000000     
 mdl_kHdwR =  -0.26240500000000000     
 mdl_kHdwI =    0.0000000000000000     
 mdl_kHHgg =    1.0000000000000000     
 mdl_kAAgg =    1.0000000000000000     
 mdl_kqa =    1.0000000000000000     
 mdl_kqb =    1.0000000000000000     
 mdl_kla =    1.0000000000000000     
 mdl_klb =    1.0000000000000000     
 mdl_kw1 =    1.0000000000000000     
 mdl_kw2 =    1.0000000000000000     
 mdl_kw3 =    0.0000000000000000     
 mdl_kw4 =    0.0000000000000000     
 mdl_kw5 =    0.0000000000000000     
 mdl_kz1 =    0.0000000000000000     
 mdl_kz3 =    1.0000000000000000     
 mdl_kz5 =    0.0000000000000000     
 mdl_kq =    1.0000000000000000     
 mdl_kq3 =    1.0000000000000000     
 mdl_kl =    1.0000000000000000     
 mdl_kg =    1.0000000000000000     
 mdl_ka =    1.0000000000000000     
 mdl_kz =    1.0000000000000000     
 mdl_kw =    1.0000000000000000     
 mdl_kza =    0.0000000000000000     
 mdl_MZ =    91.187600000000003     
 mdl_MTA =    1.7769999999999999     
 mdl_MT =    172.00000000000000     
 mdl_MB =    4.7000000000000002     
 mdl_MX0 =    600.00000000000000     
 mdl_MX1 =    125.00000000000000     
 mdl_MX2 =    125.00000000000000     
 mdl_WZ =    2.4952000000000001     
 mdl_WW =    2.0850000000000000     
 mdl_WT =    1.5083359999999999     
 mdl_WX0 =   0.15059000000000000     
 mdl_WX1 =    4.0699999999999998E-003
 mdl_WX2 =    4.0699999999999998E-003
  Internal Params
  ---------------------------------
  
 mdl_cos__cabi =   0.97418004031982097     
 mdl_CKM1x1 =  ( 0.97418004031982097     ,  0.0000000000000000     )
 mdl_sin__cabi =   0.22577256042856930     
 mdl_CKM1x2 =  ( 0.22577256042856930     ,  0.0000000000000000     )
 mdl_CKM2x1 =  (-0.22577256042856930     ,  0.0000000000000000     )
 mdl_CKM2x2 =  ( 0.97418004031982097     ,  0.0000000000000000     )
 mdl_ca__exp__2 =    1.0000000000000000     
 mdl_sa =    0.0000000000000000     
 mdl_complexi =  (  0.0000000000000000     ,  1.0000000000000000     )
 mdl_kHdw =  (-0.26240500000000000     ,  0.0000000000000000     )
 mdl_MZ__exp__2 =    8315.1783937600012     
 mdl_MZ__exp__4 =    69142191.720053151     
 mdl_sqrt__2 =    1.4142135623730951     
 mdl_nb__2__exp__0_75 =    1.6817928305074290     
 mdl_MX0__exp__2 =    360000.00000000000     
 mdl_ca__exp__4 =    1.0000000000000000     
 mdl_ca__exp__3 =    1.0000000000000000     
 mdl_conjg__CKM1x1 =  ( 0.97418004031982097     , -0.0000000000000000     )
 mdl_conjg__CKM1x2 =  ( 0.22577256042856930     , -0.0000000000000000     )
 mdl_conjg__CKM2x1 =  (-0.22577256042856930     , -0.0000000000000000     )
 mdl_conjg__CKM2x2 =  ( 0.97418004031982097     , -0.0000000000000000     )
 mdl_conjg__kHdw =  (-0.26240500000000000     , -0.0000000000000000     )
 mdl_aEW =    7.8186082877247844E-003
 mdl_MW =    79.824359746197842     
 mdl_sqrt__aEW =    8.8422894590285753E-002
 mdl_ee =   0.31345100004952897     
 mdl_MW__exp__2 =    6371.9284088904105     
 mdl_sw2 =   0.23369913342182447     
 mdl_cw =   0.87538612427783857     
 mdl_sqrt__sw2 =   0.48342438232036300     
 mdl_sw =   0.48342438232036300     
 mdl_ad =  -0.12747442148678401     
 mdl_al =   -1.2074027013887732E-002
 mdl_an =   0.18517461872323218     
 mdl_au =    6.9774224250335873E-002
 mdl_bd =  -0.18517461872323218     
 mdl_bl =  -0.18517461872323218     
 mdl_bn =   0.18517461872323218     
 mdl_bu =   0.18517461872323218     
 mdl_gwwz =  -0.56759788318358417     
 mdl_g1 =   0.35807170271074895     
 mdl_gw =   0.64839716719502682     
 mdl_vev =    246.22056907348590     
 mdl_ee__exp__2 =    9.8251529432049817E-002
 mdl_gAaa =    1.3477023594718659E-005
 mdl_vev__exp__2 =    60624.568634871241     
 mdl_cw__exp__2 =   0.76630086657817542     
 mdl_gAza =    4.4999802188047602E-006
 mdl_gHaa =    2.6392504539657372E-005
 mdl_gHza =    3.9166441035016922E-005
 mdl_lam =    2.9690932909411916     
 mdl_yb =    2.6995322804122722E-002
 mdl_yt =   0.98791394091683138     
 mdl_ytau =    1.0206529494239589E-002
 mdl_muH =    424.26406871192853     
 mdl_sw__exp__2 =   0.23369913342182450     
  Internal Params evaluated point by point
  ----------------------------------------
  
 mdl_sqrt__aS =   0.34409301068170506     
 mdl_G__exp__2 =    1.4878582807401259     
 mdl_gAAgg =    3.1083017473614446E-007
 mdl_gAgg =    7.6532782508744533E-005
 mdl_gHgg =   -5.1021855005829691E-005
 mdl_gHHgg =    2.0722011649076294E-007
  Couplings of HC_UFO
  ---------------------------------
  
        GC_10 =  -0.00000E+00   0.00000E+00
        GC_13 =  -0.00000E+00  -0.20722E-06
        GC_62 =   0.00000E+00   0.00000E+00
        GC_64 =   0.00000E+00   0.00000E+00
         GC_1 =  -0.00000E+00  -0.10448E+00
         GC_2 =   0.00000E+00   0.20897E+00
         GC_3 =  -0.00000E+00  -0.31345E+00
         GC_9 =  -0.00000E+00  -0.00000E+00
        GC_16 =  -0.00000E+00  -0.00000E+00
        GC_17 =   0.00000E+00  -0.12074E-01
        GC_19 =  -0.00000E+00   0.18517E+00
        GC_21 =   0.00000E+00  -0.12747E+00
        GC_22 =   0.00000E+00   0.69774E-01
        GC_23 =  -0.00000E+00   0.18517E+00
        GC_24 =  -0.00000E+00  -0.18517E+00
        GC_61 =   0.00000E+00   0.00000E+00
        GC_66 =   0.00000E+00   0.00000E+00
        GC_77 =  -0.00000E+00  -0.28380E+00
        GC_78 =   0.00000E+00   0.28380E+00
        GC_89 =  -0.00000E+00  -0.28850E-01
        GC_90 =   0.00000E+00   0.86550E-01
        GC_98 =  -0.00000E+00  -0.21932E+03
       GC_100 =   0.00000E+00   0.33771E+01
       GC_101 =  -0.00000E+00  -0.00000E+00
       GC_102 =   0.00000E+00   0.00000E+00
       GC_105 =  -0.00000E+00  -0.00000E+00
       GC_106 =   0.00000E+00   0.00000E+00
        GC_35 =  -0.00000E+00  -0.20000E-03
        GC_38 =  -0.00000E+00  -0.00000E+00
        GC_40 =   0.00000E+00   0.52481E-04
        GC_42 =   0.00000E+00   0.10496E-03
        GC_43 =   0.00000E+00   0.50000E-04
        GC_45 =   0.00000E+00   0.50000E-04
        GC_49 =   0.00000E+00   0.50000E-04
        GC_56 =  -0.00000E+00  -0.94000E-03
        GC_58 =  -0.00000E+00  -0.35540E-03
        GC_68 =   0.00000E+00   0.00000E+00

 Collider parameters:
 --------------------

 Running at P P   machine @    13000.000000000000       GeV
 PDF set = nn23lo1
 alpha_s(Mz)= 0.1300 running at 2 loops.
 alpha_s(Mz)= 0.1300 running at 2 loops.
 Renormalization scale set on event-by-event basis
 Factorization   scale set on event-by-event basis


 getting user params
Enter number of events and max and min iterations: 
 Number of events and iterations         1000           5           3
Enter desired fractional accuracy: 
 Desired fractional accuracy:   0.10000000000000001     
Enter 0 for fixed, 2 for adjustable grid: 
Suppress amplitude (0 no, 1 yes)? 
 Using suppressed amplitude.
Exact helicity sum (0 yes, n = number/event)? 
 Explicitly summing over helicities
Enter Configuration Number: 
Running Configuration Number:    5
 Not subdividing B.W.
 Attempting mappinvarients           1           8
 Completed mapping           8
 about to integrate           16        1000           5           3          16           1
 Using non-zero grid deformation.
 16 dimensions   1000 events 16 invarients  5 iterations  1 config(s),  (0.99)
 Using h-tuple random number sequence.
 Error opening grid
 Using Uniform Grid!          32
 Using uniform alpha   1.0000000000000000     
 Grid defined OK
 Set CM energy to      13000.00
 Mapping Graph           5  to config           5
 Setting BW          -1           1   125.00000000000000     
Setting grid   2    0.40313E-06   1
 Setting BW          -3           3   600.00000000000000     
 Setting BW          -4           4   91.187600000000003     
Setting grid   5    0.25116E-02   1
 Transforming s_hat 1/s           15   2.5115575576956360E-003   167.80611600000000        168999999.99999997     
   5   1   2   3   4   5   6   7   8   9  10  11  12  13  14
  15  16
 Masses: 0.470E+01 0.470E+01 0.000E+00 0.000E+00 0.178E+01 0.178E+01 0.470E+01 0.470E+01
Using random seed offsets     5 :     15
  with seed                   24
 Ranmar initialization seeds       31063        9412
 
 ********************************************
 * You are using the DiscreteSampler module *
 *      part of the MG5_aMC framework       *
 *         Author: Valentin Hirschi         *
 ********************************************
 
  Particle       3       4       5       6       7       8
      Et >     0.0     0.0     0.0     0.0     0.0     0.0
       E >     0.0     0.0     0.0     0.0     0.0     0.0
     Eta <    -1.0    -1.0    -1.0    -1.0    -1.0    -1.0
   xqcut:      0.0     0.0     0.0     0.0     0.0     0.0
d R # 3  >    -0.0     0.0     0.0     0.0     0.0     0.0
d R # 4  >    -0.0    -0.0     0.0     0.0     0.0     0.0
d R # 5  >    -0.0    -0.0    -0.0     0.0     0.0     0.0
d R # 6  >    -0.0    -0.0    -0.0    -0.0     0.0     0.0
d R # 7  >    -0.0    -0.0    -0.0    -0.0    -0.0     0.0
s min # 3>     0.0     0.0     3.2     3.2    22.1     0.0
s min # 4>     0.0     0.0     3.2     3.2    22.1     0.0
s min # 5>     0.0     0.0     0.0    12.6    42.0     0.0
s min # 6>     0.0     0.0     0.0     0.0    42.0     0.0
s min # 7>     0.0     0.0     0.0     0.0     0.0     0.0
xqcutij # 3>     0.0     0.0     0.0     0.0     0.0     0.0
xqcutij # 4>     0.0     0.0     0.0     0.0     0.0     0.0
xqcutij # 5>     0.0     0.0     0.0     0.0     0.0     0.0
xqcutij # 6>     0.0     0.0     0.0     0.0     0.0     0.0
xqcutij # 7>     0.0     0.0     0.0     0.0     0.0     0.0
 No cut BW           -1           1
 No cut BW           -3           2
 No cut BW           -4           3
 alpha_s for scale    492.79873263739194       is   0.10156758080118697     
 Added good helicity            1   4.1096784701046225       in event            1 local:           1
 Added good helicity            2   1.9190825234657431E-002  in event            1 local:           1
 Added good helicity            3   1.6859472382774420E-002  in event            1 local:           1
 Added good helicity            4   7.4289147100601763E-002  in event            1 local:           1
 Added good helicity            5   1.0873516036494401E-002  in event            1 local:           1
 Added good helicity            6   5.9055844022546274E-005  in event            1 local:           1
 Added good helicity            7   3.6044402402548324E-005  in event            1 local:           1
 Added good helicity            8   3.3516863253494895E-004  in event            1 local:           1
 Added good helicity            9   1.0608537730268134E-002  in event            1 local:           1
 Added good helicity           10   5.7857832193682236E-005  in event            1 local:           1
 Added good helicity           11   3.5778282406932849E-005  in event            1 local:           1
 Added good helicity           12   3.4106898690235078E-004  in event            1 local:           1
 Added good helicity           13   1.7978752884091000       in event            1 local:           1
 Added good helicity           14   1.1983679018053783E-002  in event            1 local:           1
 Added good helicity           15   9.3542541999100705E-003  in event            1 local:           1
 Added good helicity           16  0.10207645511680596       in event            1 local:           1
 Added good helicity           49  0.97897765120301639       in event            1 local:           1
 Added good helicity           50   4.5714985124844171E-003  in event            1 local:           1
 Added good helicity           51   4.0161406284882550E-003  in event            1 local:           1
 Added good helicity           52   1.7696619155846288E-002  in event            1 local:           1
 Added good helicity           53   2.5902097371268635E-003  in event            1 local:           1
 Added good helicity           54   1.4067852726574069E-005  in event            1 local:           1
 Added good helicity           55   8.5862348258511814E-006  in event            1 local:           1
 Added good helicity           56   7.9841428720733471E-005  in event            1 local:           1
 Added good helicity           57   2.5270885363477325E-003  in event            1 local:           1
 Added good helicity           58   1.3782471080572725E-005  in event            1 local:           1
 Added good helicity           59   8.5228416601471126E-006  in event            1 local:           1
 Added good helicity           60   8.1246968132608086E-005  in event            1 local:           1
 Added good helicity           61  0.42827674714851305       in event            1 local:           1
 Added good helicity           62   2.8546646710214557E-003  in event            1 local:           1
 Added good helicity           63   2.2283022557603597E-003  in event            1 local:           1
 Added good helicity           64   2.4315909139927649E-002  in event            1 local:           1
 Added good helicity           65  0.20972728522037146       in event            1 local:           1
 Added good helicity           66   9.7935634305251155E-004  in event            1 local:           1
 Added good helicity           67   8.6038151130521216E-004  in event            1 local:           1
 Added good helicity           68   3.7911630450129618E-003  in event            1 local:           1
 Added good helicity           69   5.5490302117870813E-004  in event            1 local:           1
 Added good helicity           70   3.0137690657174523E-006  in event            1 local:           1
 Added good helicity           71   1.8394370066339153E-006  in event            1 local:           1
 Added good helicity           72   1.7104502920100612E-005  in event            1 local:           1
 Added good helicity           73   5.4138050811317518E-004  in event            1 local:           1
 Added good helicity           74   2.9526314924602563E-006  in event            1 local:           1
 Added good helicity           75   1.8258562302716547E-006  in event            1 local:           1
 Added good helicity           76   1.7405612924767689E-005  in event            1 local:           1
 Added good helicity           77   9.1750122581544399E-002  in event            1 local:           1
 Added good helicity           78   6.1155744559860086E-004  in event            1 local:           1
 Added good helicity           79   4.7737124762425843E-004  in event            1 local:           1
 Added good helicity           80   5.2092196438963297E-003  in event            1 local:           1
 Added good helicity          113   4.2969809790571932E-002  in event            1 local:           1
 Added good helicity          114   2.0065465365623714E-004  in event            1 local:           1
 Added good helicity          115   1.7627858887918663E-004  in event            1 local:           1
 Added good helicity          116   7.7674945707745659E-004  in event            1 local:           1
 Added good helicity          117   1.1369086882142476E-004  in event            1 local:           1
 Added good helicity          118   6.1747370338825928E-007  in event            1 local:           1
 Added good helicity          119   3.7687160358627889E-007  in event            1 local:           1
 Added good helicity          120   3.5044426206476942E-006  in event            1 local:           1
 Added good helicity          121   1.1092031937333594E-004  in event            1 local:           1
 Added good helicity          122   6.0494757980277339E-007  in event            1 local:           1
 Added good helicity          123   3.7408911690848953E-007  in event            1 local:           1
 Added good helicity          124   3.5661353069998174E-006  in event            1 local:           1
 Added good helicity          125   1.8798151663709604E-002  in event            1 local:           1
 Added good helicity          126   1.2529846598532799E-004  in event            1 local:           1
 Added good helicity          127   9.7805832409210736E-005  in event            1 local:           1
 Added good helicity          128   1.0672868674208821E-003  in event            1 local:           1
 Added good helicity          129  0.25364180971815042       in event            1 local:           1
 Added good helicity          130   1.1844224987214982E-003  in event            1 local:           1
 Added good helicity          131   1.0405356811164885E-003  in event            1 local:           1
 Added good helicity          132   4.5849897626017520E-003  in event            1 local:           1
 Added good helicity          133   6.7109344576670956E-004  in event            1 local:           1
 Added good helicity          134   3.6448182652912327E-006  in event            1 local:           1
 Added good helicity          135   2.2245943379991138E-006  in event            1 local:           1
 Added good helicity          136   2.0685992623349431E-005  in event            1 local:           1
 Added good helicity          137   6.5473947121220651E-004  in event            1 local:           1
 Added good helicity          138   3.5708791747888333E-006  in event            1 local:           1
 Added good helicity          139   2.2081699004716753E-006  in event            1 local:           1
 Added good helicity          140   2.1050151661729907E-005  in event            1 local:           1
 Added good helicity          141  0.11096156186350421       in event            1 local:           1
 Added good helicity          142   7.3961066670580962E-004  in event            1 local:           1
 Added good helicity          143   5.7732739460963174E-004  in event            1 local:           1
 Added good helicity          144   6.2999713952758690E-003  in event            1 local:           1
 Added good helicity          177   5.1967202584410371E-002  in event            1 local:           1
 Added good helicity          178   2.4266947158668316E-004  in event            1 local:           1
 Added good helicity          179   2.1318933419129635E-004  in event            1 local:           1
 Added good helicity          180   9.3939201942037876E-004  in event            1 local:           1
 Added good helicity          181   1.3749645252879222E-004  in event            1 local:           1
 Added good helicity          182   7.4676572204804969E-007  in event            1 local:           1
 Added good helicity          183   4.5578426032914225E-007  in event            1 local:           1
 Added good helicity          184   4.2382333200971963E-006  in event            1 local:           1
 Added good helicity          185   1.3414578132171258E-004  in event            1 local:           1
 Added good helicity          186   7.3161676967574601E-007  in event            1 local:           1
 Added good helicity          187   4.5241915237130247E-007  in event            1 local:           1
 Added good helicity          188   4.3128437581061834E-006  in event            1 local:           1
 Added good helicity          189   2.2734272282834422E-002  in event            1 local:           1
 Added good helicity          190   1.5153454942228001E-004  in event            1 local:           1
 Added good helicity          191   1.1828526892528963E-004  in event            1 local:           1
 Added good helicity          192   1.2907646816512355E-003  in event            1 local:           1
 Added good helicity          193   140.31710157270643       in event            1 local:           1
 Added good helicity          194  0.65523397835230979       in event            1 local:           1
 Added good helicity          195  0.57563439962634688       in event            1 local:           1
 Added good helicity          196   2.5364606684667241       in event            1 local:           1
 Added good helicity          197  0.37125538293179328       in event            1 local:           1
 Added good helicity          198   2.0163487057328314E-003  in event            1 local:           1
 Added good helicity          199   1.2306670971554423E-003  in event            1 local:           1
 Added good helicity          200   1.1443691129976471E-002  in event            1 local:           1
 Added good helicity          201  0.36220820608334059       in event            1 local:           1
 Added good helicity          202   1.9754448859574270E-003  in event            1 local:           1
 Added good helicity          203   1.2215809395090633E-003  in event            1 local:           1
 Added good helicity          204   1.1645147431024920E-002  in event            1 local:           1
 Added good helicity          205   61.385008898843665       in event            1 local:           1
 Added good helicity          206  0.40915977204128062       in event            1 local:           1
 Added good helicity          207  0.31938309681737276       in event            1 local:           1
 Added good helicity          208   3.4852050896434350       in event            1 local:           1
 Added good helicity          241   24.726501022033652       in event            1 local:           1
 Added good helicity          242  0.11546449758303019       in event            1 local:           1
 Added good helicity          243  0.10143756114648241       in event            1 local:           1
 Added good helicity          244  0.44697187020138723       in event            1 local:           1
 Added good helicity          245   6.5422150989499106E-002  in event            1 local:           1
 Added good helicity          246   3.5531840220662746E-004  in event            1 local:           1
 Added good helicity          247   2.1686658927906692E-004  in event            1 local:           1
 Added good helicity          248   2.0165926836407861E-003  in event            1 local:           1
 Added good helicity          249   6.3827869001897811E-002  in event            1 local:           1
 Added good helicity          250   3.4811038315445543E-004  in event            1 local:           1
 Added good helicity          251   2.1526543814487576E-004  in event            1 local:           1
 Added good helicity          252   2.0520930565670913E-003  in event            1 local:           1
 Added good helicity          253   10.817188127908446       in event            1 local:           1
 Added good helicity          254   7.2101614187858057E-002  in event            1 local:           1
 Added good helicity          255   5.6281282761410457E-002  in event            1 local:           1
 Added good helicity          256  0.61415840439386515       in event            1 local:           1
 Added good helicity            1   4.1096784701046083       in event            1 local:           1
 Added good helicity            2   1.9190825234657420E-002  in event            1 local:           1
 Added good helicity            3   1.6859472382774392E-002  in event            1 local:           1
 Added good helicity            4   7.4289147100602068E-002  in event            1 local:           1
 Added good helicity            5   1.0873516036494309E-002  in event            1 local:           1
 Added good helicity            6   5.9055844022545556E-005  in event            1 local:           1
 Added good helicity            7   3.6044402402548060E-005  in event            1 local:           1
 Added good helicity            8   3.3516863253494521E-004  in event            1 local:           1
 Added good helicity            9   1.0608537730268076E-002  in event            1 local:           1
 Added good helicity           10   5.7857832193681701E-005  in event            1 local:           1
 Added good helicity           11   3.5778282406932714E-005  in event            1 local:           1
 Added good helicity           12   3.4106898690234829E-004  in event            1 local:           1
 Added good helicity           13   1.7978752884091054       in event            1 local:           1
 Added good helicity           14   1.1983679018053755E-002  in event            1 local:           1
 Added good helicity           15   9.3542541999100722E-003  in event            1 local:           1
 Added good helicity           16  0.10207645511680546       in event            1 local:           1
 Added good helicity           49  0.97897765120301394       in event            1 local:           1
 Added good helicity           50   4.5714985124844119E-003  in event            1 local:           1
 Added good helicity           51   4.0161406284882489E-003  in event            1 local:           1
 Added good helicity           52   1.7696619155846346E-002  in event            1 local:           1
 Added good helicity           53   2.5902097371268405E-003  in event            1 local:           1
 Added good helicity           54   1.4067852726573907E-005  in event            1 local:           1
 Added good helicity           55   8.5862348258511221E-006  in event            1 local:           1
 Added good helicity           56   7.9841428720732672E-005  in event            1 local:           1
 Added good helicity           57   2.5270885363477182E-003  in event            1 local:           1
 Added good helicity           58   1.3782471080572604E-005  in event            1 local:           1
 Added good helicity           59   8.5228416601470855E-006  in event            1 local:           1
 Added good helicity           60   8.1246968132607557E-005  in event            1 local:           1
 Added good helicity           61  0.42827674714851455       in event            1 local:           1
 Added good helicity           62   2.8546646710214487E-003  in event            1 local:           1
 Added good helicity           63   2.2283022557603610E-003  in event            1 local:           1
 Added good helicity           64   2.4315909139927535E-002  in event            1 local:           1
 Added good helicity           65  0.20972728522037051       in event            1 local:           1
 Added good helicity           66   9.7935634305250938E-004  in event            1 local:           1
 Added good helicity           67   8.6038151130520977E-004  in event            1 local:           1
 Added good helicity           68   3.7911630450129670E-003  in event            1 local:           1
 Added good helicity           69   5.5490302117870293E-004  in event            1 local:           1
 Added good helicity           70   3.0137690657174134E-006  in event            1 local:           1
 Added good helicity           71   1.8394370066338992E-006  in event            1 local:           1
 Added good helicity           72   1.7104502920100409E-005  in event            1 local:           1
 Added good helicity           73   5.4138050811317192E-004  in event            1 local:           1
 Added good helicity           74   2.9526314924602254E-006  in event            1 local:           1
 Added good helicity           75   1.8258562302716462E-006  in event            1 local:           1
 Added good helicity           76   1.7405612924767540E-005  in event            1 local:           1
 Added good helicity           77   9.1750122581544524E-002  in event            1 local:           1
 Added good helicity           78   6.1155744559859859E-004  in event            1 local:           1
 Added good helicity           79   4.7737124762425821E-004  in event            1 local:           1
 Added good helicity           80   5.2092196438962984E-003  in event            1 local:           1
 Added good helicity          113   4.2969809790571696E-002  in event            1 local:           1
 Added good helicity          114   2.0065465365623668E-004  in event            1 local:           1
 Added good helicity          115   1.7627858887918598E-004  in event            1 local:           1
 Added good helicity          116   7.7674945707745799E-004  in event            1 local:           1
 Added good helicity          117   1.1369086882142360E-004  in event            1 local:           1
 Added good helicity          118   6.1747370338825113E-007  in event            1 local:           1
 Added good helicity          119   3.7687160358627545E-007  in event            1 local:           1
 Added good helicity          120   3.5044426206476527E-006  in event            1 local:           1
 Added good helicity          121   1.1092031937333509E-004  in event            1 local:           1
 Added good helicity          122   6.0494757980276661E-007  in event            1 local:           1
 Added good helicity          123   3.7408911690848752E-007  in event            1 local:           1
 Added good helicity          124   3.5661353069997831E-006  in event            1 local:           1
 Added good helicity          125   1.8798151663709607E-002  in event            1 local:           1
 Added good helicity          126   1.2529846598532751E-004  in event            1 local:           1
 Added good helicity          127   9.7805832409210601E-005  in event            1 local:           1
 Added good helicity          128   1.0672868674208751E-003  in event            1 local:           1
 Added good helicity          129  0.25364180971815103       in event            1 local:           1
 Added good helicity          130   1.1844224987215036E-003  in event            1 local:           1
 Added good helicity          131   1.0405356811164924E-003  in event            1 local:           1
 Added good helicity          132   4.5849897626017927E-003  in event            1 local:           1
 Added good helicity          133   6.7109344576670707E-004  in event            1 local:           1
 Added good helicity          134   3.6448182652912077E-006  in event            1 local:           1
 Added good helicity          135   2.2245943379991079E-006  in event            1 local:           1
 Added good helicity          136   2.0685992623349313E-005  in event            1 local:           1
 Added good helicity          137   6.5473947121220608E-004  in event            1 local:           1
 Added good helicity          138   3.5708791747888181E-006  in event            1 local:           1
 Added good helicity          139   2.2081699004716779E-006  in event            1 local:           1
 Added good helicity          140   2.1050151661729856E-005  in event            1 local:           1
 Added good helicity          141  0.11096156186350511       in event            1 local:           1
 Added good helicity          142   7.3961066670581136E-004  in event            1 local:           1
 Added good helicity          143   5.7732739460963499E-004  in event            1 local:           1
 Added good helicity          144   6.2999713952758734E-003  in event            1 local:           1
 Added good helicity          177   5.1967202584410253E-002  in event            1 local:           1
 Added good helicity          178   2.4266947158668332E-004  in event            1 local:           1
 Added good helicity          179   2.1318933419129624E-004  in event            1 local:           1
 Added good helicity          180   9.3939201942038332E-004  in event            1 local:           1
 Added good helicity          181   1.3749645252879116E-004  in event            1 local:           1
 Added good helicity          182   7.4676572204804143E-007  in event            1 local:           1
 Added good helicity          183   4.5578426032913934E-007  in event            1 local:           1
 Added good helicity          184   4.2382333200971590E-006  in event            1 local:           1
 Added good helicity          185   1.3414578132171198E-004  in event            1 local:           1
 Added good helicity          186   7.3161676967574040E-007  in event            1 local:           1
 Added good helicity          187   4.5241915237130136E-007  in event            1 local:           1
 Added good helicity          188   4.3128437581061512E-006  in event            1 local:           1
 Added good helicity          189   2.2734272282834523E-002  in event            1 local:           1
 Added good helicity          190   1.5153454942227980E-004  in event            1 local:           1
 Added good helicity          191   1.1828526892528975E-004  in event            1 local:           1
 Added good helicity          192   1.2907646816512305E-003  in event            1 local:           1
 Added good helicity          193   140.31710157270609       in event            1 local:           1
 Added good helicity          194  0.65523397835230957       in event            1 local:           1
 Added good helicity          195  0.57563439962634622       in event            1 local:           1
 Added good helicity          196   2.5364606684667321       in event            1 local:           1
 Added good helicity          197  0.37125538293179033       in event            1 local:           1
 Added good helicity          198   2.0163487057328080E-003  in event            1 local:           1
 Added good helicity          199   1.2306670971554340E-003  in event            1 local:           1
 Added good helicity          200   1.1443691129976358E-002  in event            1 local:           1
 Added good helicity          201  0.36220820608333842       in event            1 local:           1
 Added good helicity          202   1.9754448859574101E-003  in event            1 local:           1
 Added good helicity          203   1.2215809395090583E-003  in event            1 local:           1
 Added good helicity          204   1.1645147431024834E-002  in event            1 local:           1
 Added good helicity          205   61.385008898843907       in event            1 local:           1
 Added good helicity          206  0.40915977204127918       in event            1 local:           1
 Added good helicity          207  0.31938309681737320       in event            1 local:           1
 Added good helicity          208   3.4852050896434190       in event            1 local:           1
 Added good helicity          241   24.726501022033588       in event            1 local:           1
 Added good helicity          242  0.11546449758303012       in event            1 local:           1
 Added good helicity          243  0.10143756114648231       in event            1 local:           1
 Added good helicity          244  0.44697187020138907       in event            1 local:           1
 Added good helicity          245   6.5422150989498579E-002  in event            1 local:           1
 Added good helicity          246   3.5531840220662318E-004  in event            1 local:           1
 Added good helicity          247   2.1686658927906548E-004  in event            1 local:           1
 Added good helicity          248   2.0165926836407649E-003  in event            1 local:           1
 Added good helicity          249   6.3827869001897464E-002  in event            1 local:           1
 Added good helicity          250   3.4811038315445218E-004  in event            1 local:           1
 Added good helicity          251   2.1526543814487492E-004  in event            1 local:           1
 Added good helicity          252   2.0520930565670766E-003  in event            1 local:           1
 Added good helicity          253   10.817188127908477       in event            1 local:           1
 Added good helicity          254   7.2101614187857876E-002  in event            1 local:           1
 Added good helicity          255   5.6281282761410513E-002  in event            1 local:           1
 Added good helicity          256  0.61415840439386227       in event            1 local:           1
 RESET CUMULATIVE VARIABLE
 RESET CUMULATIVE VARIABLE
 RESET CUMULATIVE VARIABLE
 No points passed cuts!
 Loosen cuts or increase max_events      500000
 Deleting file events.lhe

ls status:
events.lhe
grid_information
input_app.txt
results.dat
run1_app.log
