 Process in group number            1
 A PDF is used, so alpha_s(MZ) is going to be modified
 Old value of alpha_s from param_card:   0.11839999999999999     
  ****************************************
 
       NNPDFDriver version 1.0.3
   Grid: NNPDF23_lo_as_0130_qed_mem0.grid
  ****************************************
 New value of alpha_s from PDF nn23lo1:  0.13000000000000000     
 Define smin to   12.630915999999999     
 Define smin to   12.630915999999999     
 Define smin to   12.630915999999999     
 Define smin to   12.630915999999999     
 Define smin to   12.630915999999999     
 Define smin to   12.630915999999999     
 Warning: pt or E min of a jet should in general be >0
 Warning: pt or E min of a jet should in general be >0
 Warning: pt or E min of a jet should in general be >0
 Warning: pt or E min of a jet should in general be >0
 *****************************************************
 *               MadGraph/MadEvent                   *
 *        --------------------------------           *
 *          http://madgraph.hep.uiuc.edu             *
 *          http://madgraph.phys.ucl.ac.be           *
 *          http://madgraph.roma2.infn.it            *
 *        --------------------------------           *
 *                                                   *
 *          PARAMETER AND COUPLING VALUES            *
 *                                                   *
 *****************************************************

  External Params
  ---------------------------------
  
 mdl_cabi =   0.22773599999999999     
 aEWM1 =    127.90000000000001     
 mdl_Gf =    1.1663700000000000E-005
 aS =   0.11839999999999999     
 mdl_ymb =    4.7000000000000002     
 mdl_ymt =    172.00000000000000     
 mdl_ymtau =    1.7769999999999999     
 mdl_Lambda =    5000.0000000000000     
 mdl_ca =    1.0000000000000000     
 mdl_kSM =    5.0000000000000003E-002
 mdl_kHtt =    0.0000000000000000     
 mdl_kAtt =    0.0000000000000000     
 mdl_kHbb =    0.0000000000000000     
 mdl_kAbb =    0.0000000000000000     
 mdl_kHll =    0.0000000000000000     
 mdl_kAll =    0.0000000000000000     
 mdl_kHaa =    0.0000000000000000     
 mdl_kAaa =    0.0000000000000000     
 mdl_kHza =    0.0000000000000000     
 mdl_kAza =    0.0000000000000000     
 mdl_kHgg =    0.0000000000000000     
 mdl_kAgg =    0.0000000000000000     
 mdl_kHzz =  -0.52481000000000000     
 mdl_kAzz =    0.0000000000000000     
 mdl_kHww =  -0.52481000000000000     
 mdl_kAww =    0.0000000000000000     
 mdl_kHda =    0.0000000000000000     
 mdl_kHdz =  -0.26240500000000000     
 mdl_kHdwR =  -0.26240500000000000     
 mdl_kHdwI =    0.0000000000000000     
 mdl_kHHgg =    1.0000000000000000     
 mdl_kAAgg =    1.0000000000000000     
 mdl_kqa =    1.0000000000000000     
 mdl_kqb =    1.0000000000000000     
 mdl_kla =    1.0000000000000000     
 mdl_klb =    1.0000000000000000     
 mdl_kw1 =    1.0000000000000000     
 mdl_kw2 =    1.0000000000000000     
 mdl_kw3 =    0.0000000000000000     
 mdl_kw4 =    0.0000000000000000     
 mdl_kw5 =    0.0000000000000000     
 mdl_kz1 =    0.0000000000000000     
 mdl_kz3 =    1.0000000000000000     
 mdl_kz5 =    0.0000000000000000     
 mdl_kq =    1.0000000000000000     
 mdl_kq3 =    1.0000000000000000     
 mdl_kl =    1.0000000000000000     
 mdl_kg =    1.0000000000000000     
 mdl_ka =    1.0000000000000000     
 mdl_kz =    1.0000000000000000     
 mdl_kw =    1.0000000000000000     
 mdl_kza =    0.0000000000000000     
 mdl_MZ =    91.187600000000003     
 mdl_MTA =    1.7769999999999999     
 mdl_MT =    172.00000000000000     
 mdl_MB =    4.7000000000000002     
 mdl_MX0 =    600.00000000000000     
 mdl_MX1 =    125.00000000000000     
 mdl_MX2 =    125.00000000000000     
 mdl_WZ =    2.4952000000000001     
 mdl_WW =    2.0850000000000000     
 mdl_WT =    1.5083359999999999     
 mdl_WX0 =   0.15059000000000000     
 mdl_WX1 =    4.0699999999999998E-003
 mdl_WX2 =    4.0699999999999998E-003
  Internal Params
  ---------------------------------
  
 mdl_cos__cabi =   0.97418004031982097     
 mdl_CKM1x1 =  ( 0.97418004031982097     ,  0.0000000000000000     )
 mdl_sin__cabi =   0.22577256042856930     
 mdl_CKM1x2 =  ( 0.22577256042856930     ,  0.0000000000000000     )
 mdl_CKM2x1 =  (-0.22577256042856930     ,  0.0000000000000000     )
 mdl_CKM2x2 =  ( 0.97418004031982097     ,  0.0000000000000000     )
 mdl_ca__exp__2 =    1.0000000000000000     
 mdl_sa =    0.0000000000000000     
 mdl_complexi =  (  0.0000000000000000     ,  1.0000000000000000     )
 mdl_kHdw =  (-0.26240500000000000     ,  0.0000000000000000     )
 mdl_MZ__exp__2 =    8315.1783937600012     
 mdl_MZ__exp__4 =    69142191.720053151     
 mdl_sqrt__2 =    1.4142135623730951     
 mdl_nb__2__exp__0_75 =    1.6817928305074290     
 mdl_MX0__exp__2 =    360000.00000000000     
 mdl_ca__exp__4 =    1.0000000000000000     
 mdl_ca__exp__3 =    1.0000000000000000     
 mdl_conjg__CKM1x1 =  ( 0.97418004031982097     , -0.0000000000000000     )
 mdl_conjg__CKM1x2 =  ( 0.22577256042856930     , -0.0000000000000000     )
 mdl_conjg__CKM2x1 =  (-0.22577256042856930     , -0.0000000000000000     )
 mdl_conjg__CKM2x2 =  ( 0.97418004031982097     , -0.0000000000000000     )
 mdl_conjg__kHdw =  (-0.26240500000000000     , -0.0000000000000000     )
 mdl_aEW =    7.8186082877247844E-003
 mdl_MW =    79.824359746197842     
 mdl_sqrt__aEW =    8.8422894590285753E-002
 mdl_ee =   0.31345100004952897     
 mdl_MW__exp__2 =    6371.9284088904105     
 mdl_sw2 =   0.23369913342182447     
 mdl_cw =   0.87538612427783857     
 mdl_sqrt__sw2 =   0.48342438232036300     
 mdl_sw =   0.48342438232036300     
 mdl_ad =  -0.12747442148678401     
 mdl_al =   -1.2074027013887732E-002
 mdl_an =   0.18517461872323218     
 mdl_au =    6.9774224250335873E-002
 mdl_bd =  -0.18517461872323218     
 mdl_bl =  -0.18517461872323218     
 mdl_bn =   0.18517461872323218     
 mdl_bu =   0.18517461872323218     
 mdl_gwwz =  -0.56759788318358417     
 mdl_g1 =   0.35807170271074895     
 mdl_gw =   0.64839716719502682     
 mdl_vev =    246.22056907348590     
 mdl_ee__exp__2 =    9.8251529432049817E-002
 mdl_gAaa =    1.3477023594718659E-005
 mdl_vev__exp__2 =    60624.568634871241     
 mdl_cw__exp__2 =   0.76630086657817542     
 mdl_gAza =    4.4999802188047602E-006
 mdl_gHaa =    2.6392504539657372E-005
 mdl_gHza =    3.9166441035016922E-005
 mdl_lam =    2.9690932909411916     
 mdl_yb =    2.6995322804122722E-002
 mdl_yt =   0.98791394091683138     
 mdl_ytau =    1.0206529494239589E-002
 mdl_muH =    424.26406871192853     
 mdl_sw__exp__2 =   0.23369913342182450     
  Internal Params evaluated point by point
  ----------------------------------------
  
 mdl_sqrt__aS =   0.34409301068170506     
 mdl_G__exp__2 =    1.4878582807401259     
 mdl_gAAgg =    3.1083017473614446E-007
 mdl_gAgg =    7.6532782508744533E-005
 mdl_gHgg =   -5.1021855005829691E-005
 mdl_gHHgg =    2.0722011649076294E-007
  Couplings of HC_UFO
  ---------------------------------
  
        GC_10 =  -0.00000E+00   0.00000E+00
        GC_13 =  -0.00000E+00  -0.20722E-06
        GC_62 =   0.00000E+00   0.00000E+00
        GC_64 =   0.00000E+00   0.00000E+00
         GC_1 =  -0.00000E+00  -0.10448E+00
         GC_2 =   0.00000E+00   0.20897E+00
         GC_3 =  -0.00000E+00  -0.31345E+00
         GC_9 =  -0.00000E+00  -0.00000E+00
        GC_16 =  -0.00000E+00  -0.00000E+00
        GC_17 =   0.00000E+00  -0.12074E-01
        GC_19 =  -0.00000E+00   0.18517E+00
        GC_21 =   0.00000E+00  -0.12747E+00
        GC_22 =   0.00000E+00   0.69774E-01
        GC_23 =  -0.00000E+00   0.18517E+00
        GC_24 =  -0.00000E+00  -0.18517E+00
        GC_61 =   0.00000E+00   0.00000E+00
        GC_66 =   0.00000E+00   0.00000E+00
        GC_77 =  -0.00000E+00  -0.28380E+00
        GC_78 =   0.00000E+00   0.28380E+00
        GC_89 =  -0.00000E+00  -0.28850E-01
        GC_90 =   0.00000E+00   0.86550E-01
        GC_98 =  -0.00000E+00  -0.21932E+03
       GC_100 =   0.00000E+00   0.33771E+01
       GC_101 =  -0.00000E+00  -0.00000E+00
       GC_102 =   0.00000E+00   0.00000E+00
       GC_105 =  -0.00000E+00  -0.00000E+00
       GC_106 =   0.00000E+00   0.00000E+00
        GC_35 =  -0.00000E+00  -0.20000E-03
        GC_38 =  -0.00000E+00  -0.00000E+00
        GC_40 =   0.00000E+00   0.52481E-04
        GC_42 =   0.00000E+00   0.10496E-03
        GC_43 =   0.00000E+00   0.50000E-04
        GC_45 =   0.00000E+00   0.50000E-04
        GC_49 =   0.00000E+00   0.50000E-04
        GC_56 =  -0.00000E+00  -0.94000E-03
        GC_58 =  -0.00000E+00  -0.35540E-03
        GC_68 =   0.00000E+00   0.00000E+00

 Collider parameters:
 --------------------

 Running at P P   machine @    13000.000000000000       GeV
 PDF set = nn23lo1
 alpha_s(Mz)= 0.1300 running at 2 loops.
 alpha_s(Mz)= 0.1300 running at 2 loops.
 Renormalization scale set on event-by-event basis
 Factorization   scale set on event-by-event basis


 getting user params
Enter number of events and max and min iterations: 
 Number of events and iterations         1000           5           3
Enter desired fractional accuracy: 
 Desired fractional accuracy:   0.10000000000000001     
Enter 0 for fixed, 2 for adjustable grid: 
Suppress amplitude (0 no, 1 yes)? 
 Using suppressed amplitude.
Exact helicity sum (0 yes, n = number/event)? 
 Explicitly summing over helicities
Enter Configuration Number: 
Running Configuration Number:   14
 Using dconfig=          68
 BW Setting            2           1           1           2           0           0
 Attempting mappinvarients           1           8
 Completed mapping           8
 about to integrate           16        1000           5           3          16           1
 Using non-zero grid deformation.
 16 dimensions   1000 events 16 invarients  5 iterations  1 config(s),  (0.99)
 Using h-tuple random number sequence.
 Error opening grid
 Using Uniform Grid!          32
 Using uniform alpha   1.0000000000000000     
 Grid defined OK
 Set CM energy to      13000.00
 Mapping Graph          14  to config          14
Setting grid   1    0.59172E-08   1
Setting grid   2    0.74739E-07   1
 Setting BW          -3           2   600.00000000000000     
 Setting BW          -4           3   91.187600000000003     
Setting grid   5    0.25116E-02   1
 Transforming s_hat 1/s           15   2.5115575576956360E-003   12.630915999999999        168999999.99999997     
  14   1   2   3   4   5   6   7   8   9  10  11  12  13  14
  15  16
 Masses: 0.470E+01 0.470E+01 0.000E+00 0.000E+00 0.178E+01 0.178E+01 0.000E+00 0.000E+00
Using random seed offsets    14 :     14
  with seed                   24
 Ranmar initialization seeds       31072        9411
 
 ********************************************
 * You are using the DiscreteSampler module *
 *      part of the MG5_aMC framework       *
 *         Author: Valentin Hirschi         *
 ********************************************
 
  Particle       3       4       5       6       7       8
      Et >     0.0     0.0     0.0     0.0     0.0     0.0
       E >     0.0     0.0     0.0     0.0     0.0     0.0
     Eta <    -1.0    -1.0    -1.0    -1.0    -1.0    -1.0
   xqcut:      0.0     0.0     0.0     0.0     0.0     0.0
d R # 3  >    -0.0     0.0     0.0     0.0     0.0     0.0
d R # 4  >    -0.0    -0.0     0.0     0.0     0.0     0.0
d R # 5  >    -0.0    -0.0    -0.0     0.0     0.0     0.0
d R # 6  >    -0.0    -0.0    -0.0    -0.0     0.0     0.0
d R # 7  >    -0.0    -0.0    -0.0    -0.0    -0.0     0.0
s min # 3>     0.0     0.0     3.2     3.2     0.0     0.0
s min # 4>     0.0     0.0     3.2     3.2     0.0     0.0
s min # 5>     0.0     0.0     0.0    12.6     3.2     0.0
s min # 6>     0.0     0.0     0.0     0.0     3.2     0.0
s min # 7>     0.0     0.0     0.0     0.0     0.0     0.0
xqcutij # 3>     0.0     0.0     0.0     0.0     0.0     0.0
xqcutij # 4>     0.0     0.0     0.0     0.0     0.0     0.0
xqcutij # 5>     0.0     0.0     0.0     0.0     0.0     0.0
xqcutij # 6>     0.0     0.0     0.0     0.0     0.0     0.0
xqcutij # 7>     0.0     0.0     0.0     0.0     0.0     0.0
 Excluding BW           -1           1
 Requiring BW           -3           2
 Requiring BW           -4           3
 Excluding BW           -5           4
 alpha_s for scale    334.29532744219279       is   0.10692519550064668     
 Added good helicity            1   4.2397949716839651       in event            1 local:           1
 Added good helicity            4  0.20749541802580104       in event            1 local:           1
 Added good helicity            5  0.32831931263141617       in event            1 local:           1
 Added good helicity            8   7.1602639006218799E-002  in event            1 local:           1
 Added good helicity            9  0.34533479385159793       in event            1 local:           1
 Added good helicity           12   6.7251466167258467E-002  in event            1 local:           1
 Added good helicity           13  0.77894871210418459       in event            1 local:           1
 Added good helicity           16  0.66949034997869983       in event            1 local:           1
 Added good helicity           49  0.89550797302331242       in event            1 local:           1
 Added good helicity           52   4.3826128963521296E-002  in event            1 local:           1
 Added good helicity           53   6.9345938688679373E-002  in event            1 local:           1
 Added good helicity           56   1.5123545961023568E-002  in event            1 local:           1
 Added good helicity           57   7.2939862262641542E-002  in event            1 local:           1
 Added good helicity           60   1.4204513320220232E-002  in event            1 local:           1
 Added good helicity           61  0.16452559308274403       in event            1 local:           1
 Added good helicity           64  0.14140635343740968       in event            1 local:           1
 Added good helicity           65   1.3608692126598103       in event            1 local:           1
 Added good helicity           68   6.6600891799052389E-002  in event            1 local:           1
 Added good helicity           69  0.10538237048388820       in event            1 local:           1
 Added good helicity           72   2.2982674308436101E-002  in event            1 local:           1
 Added good helicity           73  0.11084391866859668       in event            1 local:           1
 Added good helicity           76   2.1586055557989599E-002  in event            1 local:           1
 Added good helicity           77  0.25002325056359159       in event            1 local:           1
 Added good helicity           80  0.21488982640521115       in event            1 local:           1
 Added good helicity          113  0.27882061771978678       in event            1 local:           1
 Added good helicity          116   1.3645471305656246E-002  in event            1 local:           1
 Added good helicity          117   2.1591184047484370E-002  in event            1 local:           1
 Added good helicity          120   4.7087871398062871E-003  in event            1 local:           1
 Added good helicity          121   2.2710169049423318E-002  in event            1 local:           1
 Added good helicity          124   4.4226420061696465E-003  in event            1 local:           1
 Added good helicity          125   5.1225816939600412E-002  in event            1 local:           1
 Added good helicity          128   4.4027532978642279E-002  in event            1 local:           1
 Added good helicity          129  0.95940648066458489       in event            1 local:           1
 Added good helicity          132   4.6953319698639244E-002  in event            1 local:           1
 Added good helicity          133   7.4294082230305050E-002  in event            1 local:           1
 Added good helicity          136   1.6202678750752948E-002  in event            1 local:           1
 Added good helicity          137   7.8144448359633453E-002  in event            1 local:           1
 Added good helicity          140   1.5218069011822067E-002  in event            1 local:           1
 Added good helicity          141  0.17626523157115331       in event            1 local:           1
 Added good helicity          144  0.15149633055412834       in event            1 local:           1
 Added good helicity          177  0.19656724180013793       in event            1 local:           1
 Added good helicity          180   9.6199939572310291E-003  in event            1 local:           1
 Added good helicity          181   1.5221684573120262E-002  in event            1 local:           1
 Added good helicity          184   3.3196730853881778E-003  in event            1 local:           1
 Added good helicity          185   1.6010563807538684E-002  in event            1 local:           1
 Added good helicity          188   3.1179420938514803E-003  in event            1 local:           1
 Added good helicity          189   3.6113963261123122E-002  in event            1 local:           1
 Added good helicity          192   3.1039206467772421E-002  in event            1 local:           1
 Added good helicity          193   128.35795914010311       in event            1 local:           1
 Added good helicity          196   6.2818340430589199       in event            1 local:           1
 Added good helicity          197   9.9397251982946475       in event            1 local:           1
 Added good helicity          200   2.1677389291853841       in event            1 local:           1
 Added good helicity          201   10.454861533375917       in event            1 local:           1
 Added good helicity          204   2.0360090532822195       in event            1 local:           1
 Added good helicity          205   23.582335379013163       in event            1 local:           1
 Added good helicity          208   20.268530804244946       in event            1 local:           1
 Added good helicity          241   25.510278148012450       in event            1 local:           1
 Added good helicity          244   1.2484721227389688       in event            1 local:           1
 Added good helicity          245   1.9754533043528471       in event            1 local:           1
 Added good helicity          248  0.43082348306452956       in event            1 local:           1
 Added good helicity          249   2.0778331745230108       in event            1 local:           1
 Added good helicity          252  0.40464305921543336       in event            1 local:           1
 Added good helicity          253   4.6868300098297855       in event            1 local:           1
 Added good helicity          256   4.0282337139957072       in event            1 local:           1
 Added good helicity            1   4.2397949716840406       in event            1 local:           1
 Added good helicity            4  0.20749541802578958       in event            1 local:           1
 Added good helicity            5  0.32831931263141184       in event            1 local:           1
 Added good helicity            8   7.1602639006217925E-002  in event            1 local:           1
 Added good helicity            9  0.34533479385159338       in event            1 local:           1
 Added good helicity           12   6.7251466167257856E-002  in event            1 local:           1
 Added good helicity           13  0.77894871210413319       in event            1 local:           1
 Added good helicity           16  0.66949034997871182       in event            1 local:           1
 Added good helicity           49  0.89550797302332763       in event            1 local:           1
 Added good helicity           52   4.3826128963518847E-002  in event            1 local:           1
 Added good helicity           53   6.9345938688678346E-002  in event            1 local:           1
 Added good helicity           56   1.5123545961023360E-002  in event            1 local:           1
 Added good helicity           57   7.2939862262640431E-002  in event            1 local:           1
 Added good helicity           60   1.4204513320220073E-002  in event            1 local:           1
 Added good helicity           61  0.16452559308273229       in event            1 local:           1
 Added good helicity           64  0.14140635343741170       in event            1 local:           1
 Added good helicity           65   1.3608692126598285       in event            1 local:           1
 Added good helicity           68   6.6600891799048420E-002  in event            1 local:           1
 Added good helicity           69  0.10538237048388603       in event            1 local:           1
 Added good helicity           72   2.2982674308435654E-002  in event            1 local:           1
 Added good helicity           73  0.11084391866859440       in event            1 local:           1
 Added good helicity           76   2.1586055557989245E-002  in event            1 local:           1
 Added good helicity           77  0.25002325056357300       in event            1 local:           1
 Added good helicity           80  0.21488982640521309       in event            1 local:           1
 Added good helicity          113  0.27882061771979122       in event            1 local:           1
 Added good helicity          116   1.3645471305655483E-002  in event            1 local:           1
 Added good helicity          117   2.1591184047484027E-002  in event            1 local:           1
 Added good helicity          120   4.7087871398062203E-003  in event            1 local:           1
 Added good helicity          121   2.2710169049422951E-002  in event            1 local:           1
 Added good helicity          124   4.4226420061695944E-003  in event            1 local:           1
 Added good helicity          125   5.1225816939596880E-002  in event            1 local:           1
 Added good helicity          128   4.4027532978642953E-002  in event            1 local:           1
 Added good helicity          129  0.95940648066459078       in event            1 local:           1
 Added good helicity          132   4.6953319698636281E-002  in event            1 local:           1
 Added good helicity          133   7.4294082230303218E-002  in event            1 local:           1
 Added good helicity          136   1.6202678750752587E-002  in event            1 local:           1
 Added good helicity          137   7.8144448359631524E-002  in event            1 local:           1
 Added good helicity          140   1.5218069011821756E-002  in event            1 local:           1
 Added good helicity          141  0.17626523157113907       in event            1 local:           1
 Added good helicity          144  0.15149633055412934       in event            1 local:           1
 Added good helicity          177  0.19656724180014271       in event            1 local:           1
 Added good helicity          180   9.6199939572305625E-003  in event            1 local:           1
 Added good helicity          181   1.5221684573120141E-002  in event            1 local:           1
 Added good helicity          184   3.3196730853881566E-003  in event            1 local:           1
 Added good helicity          185   1.6010563807538569E-002  in event            1 local:           1
 Added good helicity          188   3.1179420938514716E-003  in event            1 local:           1
 Added good helicity          189   3.6113963261120888E-002  in event            1 local:           1
 Added good helicity          192   3.1039206467773167E-002  in event            1 local:           1
 Added good helicity          193   128.35795914010512       in event            1 local:           1
 Added good helicity          196   6.2818340430585717       in event            1 local:           1
 Added good helicity          197   9.9397251982944912       in event            1 local:           1
 Added good helicity          200   2.1677389291853539       in event            1 local:           1
 Added good helicity          201   10.454861533375754       in event            1 local:           1
 Added good helicity          204   2.0360090532821977       in event            1 local:           1
 Added good helicity          205   23.582335379011518       in event            1 local:           1
 Added good helicity          208   20.268530804245238       in event            1 local:           1
 Added good helicity          241   25.510278148012851       in event            1 local:           1
 Added good helicity          244   1.2484721227389071       in event            1 local:           1
 Added good helicity          245   1.9754533043528208       in event            1 local:           1
 Added good helicity          248  0.43082348306452423       in event            1 local:           1
 Added good helicity          249   2.0778331745229832       in event            1 local:           1
 Added good helicity          252  0.40464305921542926       in event            1 local:           1
 Added good helicity          253   4.6868300098294622       in event            1 local:           1
 Added good helicity          256   4.0282337139957756       in event            1 local:           1
 RESET CUMULATIVE VARIABLE
 RESET CUMULATIVE VARIABLE
 RESET CUMULATIVE VARIABLE
 No points passed cuts!
 Loosen cuts or increase max_events      500000
 Deleting file events.lhe

ls status:
events.lhe
grid_information
input_app.txt
results.dat
run1_app.log
